<?xml version="1.0" encoding="UTF-8"?>
<testsuite xmlns:xsi="http://www.w3.org/2001/XMLSchema-instance" xsi:noNamespaceSchemaLocation="https://maven.apache.org/surefire/maven-surefire-plugin/xsd/surefire-test-report.xsd" name="com.test.slack.test.TestSlack" time="73.669" tests="1" errors="0" skipped="0" failures="1">
  <properties>
    <property name="java.runtime.name" value="Java(TM) SE Runtime Environment"/>
    <property name="sun.boot.library.path" value="/Library/Java/JavaVirtualMachines/jdk1.8.0_191.jdk/Contents/Home/jre/lib"/>
    <property name="java.vm.version" value="25.191-b12"/>
    <property name="gopherProxySet" value="false"/>
    <property name="java.vm.vendor" value="Oracle Corporation"/>
    <property name="maven.multiModuleProjectDirectory" value="/Users/vikasthange/Desktop/Test Project/AppAutomation"/>
    <property name="java.vendor.url" value="http://java.oracle.com/"/>
    <property name="path.separator" value=":"/>
    <property name="guice.disable.misplaced.annotation.check" value="true"/>
    <property name="java.vm.name" value="Java HotSpot(TM) 64-Bit Server VM"/>
    <property name="file.encoding.pkg" value="sun.io"/>
    <property name="user.country" value="US"/>
    <property name="sun.java.launcher" value="SUN_STANDARD"/>
    <property name="sun.os.patch.level" value="unknown"/>
    <property name="test" value="com.test.slack.test.TestSlack#testLogin"/>
    <property name="java.vm.specification.name" value="Java Virtual Machine Specification"/>
    <property name="user.dir" value="/Users/vikasthange/Desktop/Test Project/AppAutomation"/>
    <property name="java.runtime.version" value="1.8.0_191-b12"/>
    <property name="java.awt.graphicsenv" value="sun.awt.CGraphicsEnvironment"/>
    <property name="java.endorsed.dirs" value="/Library/Java/JavaVirtualMachines/jdk1.8.0_191.jdk/Contents/Home/jre/lib/endorsed"/>
    <property name="os.arch" value="x86_64"/>
    <property name="java.io.tmpdir" value="/var/folders/wz/ktc9f4353h36mbhzh100028h0000gq/T/"/>
    <property name="line.separator" value="&#10;"/>
    <property name="java.vm.specification.vendor" value="Oracle Corporation"/>
    <property name="os.name" value="Mac OS X"/>
    <property name="classworlds.conf" value="/Applications/apache-maven-3.6.0/bin/m2.conf"/>
    <property name="sun.jnu.encoding" value="UTF-8"/>
    <property name="java.library.path" value="/Users/vikasthange/Library/Java/Extensions:/Library/Java/Extensions:/Network/Library/Java/Extensions:/System/Library/Java/Extensions:/usr/lib/java:."/>
    <property name="maven.conf" value="/Applications/apache-maven-3.6.0/conf"/>
    <property name="java.specification.name" value="Java Platform API Specification"/>
    <property name="java.class.version" value="52.0"/>
    <property name="sun.management.compiler" value="HotSpot 64-Bit Tiered Compilers"/>
    <property name="os.version" value="10.13.6"/>
    <property name="library.jansi.path" value="/Applications/apache-maven-3.6.0/lib/jansi-native"/>
    <property name="user.home" value="/Users/vikasthange"/>
    <property name="user.timezone" value="Asia/Kolkata"/>
    <property name="java.awt.printerjob" value="sun.lwawt.macosx.CPrinterJob"/>
    <property name="java.specification.version" value="1.8"/>
    <property name="file.encoding" value="UTF-8"/>
    <property name="user.name" value="vikasthange"/>
    <property name="java.class.path" value="/Applications/apache-maven-3.6.0/boot/plexus-classworlds-2.5.2.jar"/>
    <property name="java.vm.specification.version" value="1.8"/>
    <property name="sun.arch.data.model" value="64"/>
    <property name="java.home" value="/Library/Java/JavaVirtualMachines/jdk1.8.0_191.jdk/Contents/Home/jre"/>
    <property name="sun.java.command" value="org.codehaus.plexus.classworlds.launcher.Launcher clean install -U -Dtest=com.test.slack.test.TestSlack#testLogin"/>
    <property name="java.specification.vendor" value="Oracle Corporation"/>
    <property name="user.language" value="en"/>
    <property name="awt.toolkit" value="sun.lwawt.macosx.LWCToolkit"/>
    <property name="java.vm.info" value="mixed mode"/>
    <property name="java.version" value="1.8.0_191"/>
    <property name="java.ext.dirs" value="/Users/vikasthange/Library/Java/Extensions:/Library/Java/JavaVirtualMachines/jdk1.8.0_191.jdk/Contents/Home/jre/lib/ext:/Library/Java/Extensions:/Network/Library/Java/Extensions:/System/Library/Java/Extensions:/usr/lib/java"/>
    <property name="sun.boot.class.path" value="/Library/Java/JavaVirtualMachines/jdk1.8.0_191.jdk/Contents/Home/jre/lib/resources.jar:/Library/Java/JavaVirtualMachines/jdk1.8.0_191.jdk/Contents/Home/jre/lib/rt.jar:/Library/Java/JavaVirtualMachines/jdk1.8.0_191.jdk/Contents/Home/jre/lib/sunrsasign.jar:/Library/Java/JavaVirtualMachines/jdk1.8.0_191.jdk/Contents/Home/jre/lib/jsse.jar:/Library/Java/JavaVirtualMachines/jdk1.8.0_191.jdk/Contents/Home/jre/lib/jce.jar:/Library/Java/JavaVirtualMachines/jdk1.8.0_191.jdk/Contents/Home/jre/lib/charsets.jar:/Library/Java/JavaVirtualMachines/jdk1.8.0_191.jdk/Contents/Home/jre/lib/jfr.jar:/Library/Java/JavaVirtualMachines/jdk1.8.0_191.jdk/Contents/Home/jre/classes"/>
    <property name="java.vendor" value="Oracle Corporation"/>
    <property name="maven.home" value="/Applications/apache-maven-3.6.0"/>
    <property name="file.separator" value="/"/>
    <property name="java.vendor.url.bug" value="http://bugreport.sun.com/bugreport/"/>
    <property name="sun.cpu.endian" value="little"/>
    <property name="sun.io.unicode.encoding" value="UnicodeBig"/>
    <property name="sun.cpu.isalist" value=""/>
  </properties>
  <testcase name="testLogin" classname="com.test.slack.test.TestSlack" time="71.465">
    <failure message="An element could not be located on the page using the given search parameters. (WARNING: The server did not provide any stacktrace information)&#10;Command duration or timeout: 0 milliseconds&#10;For documentation on this error, please visit: http://seleniumhq.org/exceptions/no_such_element.html&#10;Build info: version: &apos;3.12.0&apos;, revision: &apos;7c6e0b3&apos;, time: &apos;2018-05-08T14:04:26.12Z&apos;&#10;System info: host: &apos;XIPL9137.local&apos;, ip: &apos;fe80:0:0:0:32:1ac4:3700:306%en0&apos;, os.name: &apos;Mac OS X&apos;, os.arch: &apos;x86_64&apos;, os.version: &apos;10.13.6&apos;, java.version: &apos;1.8.0_191&apos;&#10;Driver info: io.appium.java_client.android.AndroidDriver&#10;Capabilities {app: /Users/vikasthange/Desktop/..., appPackage: com.Slack, appWaitActivity: *, appWaitDuration: 30000, autoGrantPermissions: true, automationName: UiAutomator2, databaseEnabled: false, desired: {app: /Users/vikasthange/Desktop/..., appWaitActivity: *, appWaitDuration: 30000, autoGrantPermissions: true, automationName: UiAutomator2, deviceName: ANDROID, fullReset: true, maxTypingFrequency: 5, newCommandTimeout: 500, platformName: Android, systemPort: 8201, udid: emulator-5556}, deviceApiLevel: 28, deviceManufacturer: Google, deviceModel: Android SDK built for x86, deviceName: emulator-5556, deviceScreenDensity: 420, deviceScreenSize: 1080x1920, deviceUDID: emulator-5556, fullReset: true, javascriptEnabled: true, locationContextEnabled: false, maxTypingFrequency: 5, networkConnectionEnabled: true, newCommandTimeout: 500, pixelRatio: 2.625, platform: LINUX, platformName: Android, platformVersion: 9, statBarHeight: 63, systemPort: 8201, takesScreenshot: true, udid: emulator-5556, viewportRect: {height: 1731, left: 0, top: 63, width: 1080}, warnings: {}, webStorageEnabled: false}&#10;Session ID: 6c033502-fd88-4722-8b5b-92e91949d161&#10;*** Element info: {Using=id, value=com.Slack:id/next_button_url_entry}" type="org.openqa.selenium.NoSuchElementException">org.openqa.selenium.NoSuchElementException: 
An element could not be located on the page using the given search parameters. (WARNING: The server did not provide any stacktrace information)
Command duration or timeout: 0 milliseconds
For documentation on this error, please visit: http://seleniumhq.org/exceptions/no_such_element.html
Build info: version: '3.12.0', revision: '7c6e0b3', time: '2018-05-08T14:04:26.12Z'
System info: host: 'XIPL9137.local', ip: 'fe80:0:0:0:32:1ac4:3700:306%en0', os.name: 'Mac OS X', os.arch: 'x86_64', os.version: '10.13.6', java.version: '1.8.0_191'
Driver info: io.appium.java_client.android.AndroidDriver
Capabilities {app: /Users/vikasthange/Desktop/..., appPackage: com.Slack, appWaitActivity: *, appWaitDuration: 30000, autoGrantPermissions: true, automationName: UiAutomator2, databaseEnabled: false, desired: {app: /Users/vikasthange/Desktop/..., appWaitActivity: *, appWaitDuration: 30000, autoGrantPermissions: true, automationName: UiAutomator2, deviceName: ANDROID, fullReset: true, maxTypingFrequency: 5, newCommandTimeout: 500, platformName: Android, systemPort: 8201, udid: emulator-5556}, deviceApiLevel: 28, deviceManufacturer: Google, deviceModel: Android SDK built for x86, deviceName: emulator-5556, deviceScreenDensity: 420, deviceScreenSize: 1080x1920, deviceUDID: emulator-5556, fullReset: true, javascriptEnabled: true, locationContextEnabled: false, maxTypingFrequency: 5, networkConnectionEnabled: true, newCommandTimeout: 500, pixelRatio: 2.625, platform: LINUX, platformName: Android, platformVersion: 9, statBarHeight: 63, systemPort: 8201, takesScreenshot: true, udid: emulator-5556, viewportRect: {height: 1731, left: 0, top: 63, width: 1080}, warnings: {}, webStorageEnabled: false}
Session ID: 6c033502-fd88-4722-8b5b-92e91949d161
*** Element info: {Using=id, value=com.Slack:id/next_button_url_entry}
	at com.test.slack.test.TestSlack.testLogin(TestSlack.java:41)
</failure>
    <system-out><![CDATA[Altering appium session...
Setting adb port to 8201
Running appium on port: 4727
Starting Appium server via Local Service
Starting server at Tue Nov 13 02:56:17 IST 2018
&amp#27;[35m[Appium]&amp#27;[39m Appium support for versions of node < 8 has been deprecated and will be removed in a future version. Please upgrade!
&amp#27;[35m[Appium]&amp#27;[39m Welcome to Appium v1.9.0 (REV 040e6867586aa8c5dd2f87b668dd8cc3fe80db53)
&amp#27;[35m[Appium]&amp#27;[39m Non-default server args:
&amp#27;[35m[Appium]&amp#27;[39m   port: 4727
&amp#27;[35m[Appium]&amp#27;[39m   sessionOverride: true
&amp#27;[35m[Appium]&amp#27;[39m   log: /tmp/AppiumServerLogs.txt
&amp#27;[35m[Appium]&amp#27;[39m Appium REST http interface listener started on 0.0.0.0:4727
&amp#27;[35m[HTTP]&amp#27;[39m &amp#27;[37m-->&amp#27;[39m &amp#27;[37mGET&amp#27;[39m &amp#27;[37m/wd/hub/status&amp#27;[39m
&amp#27;[35m[HTTP]&amp#27;[39m &amp#27;[90m{}&amp#27;[39m
[debug] &amp#27;[35m[MJSONWP]&amp#27;[39m Calling AppiumDriver.getStatus() with args: []
[debug] &amp#27;[35m[MJSONWP]&amp#27;[39m Responding to client with driver.getStatus() result: {"build":{"version":"1.9.0","revision":"040e6867586aa8c5dd2f87b668dd8cc3fe80db53"}}
&amp#27;[35m[HTTP]&amp#27;[39m &amp#27;[37m<-- GET /wd/hub/status &amp#27;[39m&amp#27;[32m200&amp#27;[39m &amp#27;[90m21 ms - 121&amp#27;[39m
&amp#27;[35m[HTTP]&amp#27;[39m &amp#27;[90m&amp#27;[39m
Started appium server in 3 seconds
Running appium on port: 4727
&amp#27;[35m[HTTP]&amp#27;[39m &amp#27;[37m-->&amp#27;[39m &amp#27;[37mGET&amp#27;[39m &amp#27;[37m/wd/hub/status&amp#27;[39m
&amp#27;[35m[HTTP]&amp#27;[39m &amp#27;[90m{}&amp#27;[39m
[debug] &amp#27;[35m[MJSONWP]&amp#27;[39m Calling AppiumDriver.getStatus() with args: []
[debug] &amp#27;[35m[MJSONWP]&amp#27;[39m Responding to client with driver.getStatus() result: {"build":{"version":"1.9.0","revision":"040e6867586aa8c5dd2f87b668dd8cc3fe80db53"}}
&amp#27;[35m[HTTP]&amp#27;[39m &amp#27;[37m<-- GET /wd/hub/status &amp#27;[39m&amp#27;[32m200&amp#27;[39m &amp#27;[90m16 ms - 121&amp#27;[39m
&amp#27;[35m[HTTP]&amp#27;[39m &amp#27;[90m&amp#27;[39m
Running appium on port: 4727
&amp#27;[35m[HTTP]&amp#27;[39m &amp#27;[37m-->&amp#27;[39m &amp#27;[37mPOST&amp#27;[39m &amp#27;[37m/wd/hub/session&amp#27;[39m
&amp#27;[35m[HTTP]&amp#27;[39m &amp#27;[90m{"desiredCapabilities":{"app":"/Users/vikasthange/Desktop/slack.apk","appWaitActivity":"*","deviceName":"ANDROID","fullReset":"true","appWaitDuration":"30000","maxTypingFrequency":"5","newCommandTimeout":"500","automationName":"UiAutomator2","autoGrantPermissions":"true","platformName":"Android","udid":"emulator-5556","systemPort":"8201"},"capabilities":{"alwaysMatch":{"appium:app":"/Users/vikasthange/Desktop/slack.apk","appium:appWaitActivity":"*","appium:appWaitDuration":"30000","appium:autoGrantPermissions":"true","appium:automationName":"UiAutomator2","appium:deviceName":"ANDROID","appium:fullReset":"true","appium:maxTypingFrequency":"5","appium:newCommandTimeout":"500","platformName":"android","appium:systemPort":"8201","appium:udid":"emulator-5556"},"firstMatch":[{}]}}&amp#27;[39m
[debug] &amp#27;[35m[MJSONWP]&amp#27;[39m Calling AppiumDriver.createSession() with args: [{"app":"/Users/vikasthange/Desktop/slack.apk","appWaitActivity":"*","deviceName":"ANDROID","fullReset":"true","appWaitDuration":"30000","maxTypingFrequency":"5","newCommandTimeout":"500","automationName":"UiAutomator2","autoGrantPermissions":"true","platformName":"Android","udid":"emulator-5556","systemPort":"8201"},null,{"alwaysMatch":{"appium:app":"/Users/vikasthange/Desktop/slack.apk","appium:appWaitActivity":"*","appium:appWaitDuration":"30000","appium:autoGrantPermissions":"true","appium:automationName":"UiAutomator2","appium:deviceName":"ANDROID","appium:fullReset":"true","appium:maxTypingFrequency":"5","appium:newCommandTimeout":"500","platformName":"android","appium:systemPort":"8201","appium:udid":"emulator-5556"},"firstMatch":[{}]}]
[debug] &amp#27;[35m[BaseDriver]&amp#27;[39m Event 'newSessionRequested' logged at 1542057982005 (02:56:22 GMT+0530 (IST))
&amp#27;[35m[BaseDriver]&amp#27;[39m Boolean capability passed in as string. Functionality may be compromised.
&amp#27;[35m[Appium]&amp#27;[39m Could not parse W3C capabilities: 'newCommandTimeout' must be of type number
&amp#27;[35m[Appium]&amp#27;[39m Trying to fix W3C capabilities by merging them with JSONWP caps
&amp#27;[35m[BaseDriver]&amp#27;[39m The capabilities ["app","appWaitActivity","appWaitDuration","autoGrantPermissions","automationName","deviceName","fullReset","maxTypingFrequency","newCommandTimeout","systemPort","udid"] are not standard capabilities and should have an extension prefix
&amp#27;[35m[BaseDriver]&amp#27;[39m Boolean capability passed in as string. Functionality may be compromised.
&amp#27;[35m[Appium]&amp#27;[39m Could not parse fixed W3C capabilities: 'newCommandTimeout' must be of type number. Falling back to JSONWP protocol
&amp#27;[35m[Appium]&amp#27;[39m Creating new AndroidUiautomator2Driver (v1.16.0) session
&amp#27;[35m[Appium]&amp#27;[39m Capabilities:
&amp#27;[35m[Appium]&amp#27;[39m   app: /Users/vikasthange/Desktop/slack.apk
&amp#27;[35m[Appium]&amp#27;[39m   appWaitActivity: *
&amp#27;[35m[Appium]&amp#27;[39m   deviceName: ANDROID
&amp#27;[35m[Appium]&amp#27;[39m   fullReset: true
&amp#27;[35m[Appium]&amp#27;[39m   appWaitDuration: 30000
&amp#27;[35m[Appium]&amp#27;[39m   maxTypingFrequency: 5
&amp#27;[35m[Appium]&amp#27;[39m   newCommandTimeout: 500
&amp#27;[35m[Appium]&amp#27;[39m   automationName: UiAutomator2
&amp#27;[35m[Appium]&amp#27;[39m   autoGrantPermissions: true
&amp#27;[35m[Appium]&amp#27;[39m   platformName: Android
&amp#27;[35m[Appium]&amp#27;[39m   udid: emulator-5556
&amp#27;[35m[Appium]&amp#27;[39m   systemPort: 8201
[debug] &amp#27;[35m[BaseDriver]&amp#27;[39m Creating session with MJSONWP desired capabilities: {"app":"/Users/vikasthange/...
&amp#27;[35m[BaseDriver]&amp#27;[39m Capability 'fullReset' changed from string to boolean. This may cause unexpected behavior
&amp#27;[35m[BaseDriver]&amp#27;[39m Capability 'autoGrantPermissions' changed from string to boolean. This may cause unexpected behavior
&amp#27;[35m[BaseDriver]&amp#27;[39m Capability 'newCommandTimeout' changed from string ('500') to integer (500). This may cause unexpected behavior
&amp#27;[35m[BaseDriver]&amp#27;[39m Capability 'systemPort' changed from string ('8201') to integer (8201). This may cause unexpected behavior
&amp#27;[35m[BaseDriver]&amp#27;[39m Capability 'appWaitDuration' changed from string ('30000') to integer (30000). This may cause unexpected behavior
&amp#27;[35m[BaseDriver]&amp#27;[39m The following capabilities were provided, but are not recognized by appium: maxTypingFrequency.
&amp#27;[35m[BaseDriver]&amp#27;[39m Session created with session id: 6c033502-fd88-4722-8b5b-92e91949d161
&amp#27;[35m[BaseDriver]&amp#27;[39m Using local app '/Users/vikasthange/Desktop/slack.apk'
[debug] &amp#27;[35m[UiAutomator2]&amp#27;[39m Checking whether app is actually present
&amp#27;[35m[AndroidDriver]&amp#27;[39m Java version is: 1.8.0_191
&amp#27;[35m[ADB]&amp#27;[39m Checking whether adb is present
&amp#27;[35m[ADB]&amp#27;[39m Found 2 'build-tools' folders under '/Users/vikasthange/softwares/android-sdk-macosx' (newest first):
&amp#27;[35m[ADB]&amp#27;[39m     /Users/vikasthange/softwares/android-sdk-macosx/build-tools/28.0.3
&amp#27;[35m[ADB]&amp#27;[39m     /Users/vikasthange/softwares/android-sdk-macosx/build-tools/26.0.2
&amp#27;[35m[ADB]&amp#27;[39m Using adb from /Users/vikasthange/softwares/android-sdk-macosx/platform-tools/adb
&amp#27;[35m[AndroidDriver]&amp#27;[39m Retrieving device list
[debug] &amp#27;[35m[ADB]&amp#27;[39m Trying to find a connected android device
[debug] &amp#27;[35m[ADB]&amp#27;[39m Getting connected devices...
[debug] &amp#27;[35m[ADB]&amp#27;[39m 2 device(s) connected
&amp#27;[35m[AndroidDriver]&amp#27;[39m Using device: emulator-5556
[debug] &amp#27;[35m[ADB]&amp#27;[39m Setting device id to emulator-5556
[debug] &amp#27;[35m[ADB]&amp#27;[39m Running '/Users/vikasthange/softwares/android-sdk-macosx/platform-tools/adb -P 5037 -s emulator-5556 shell getprop ro.build.version.sdk'
[debug] &amp#27;[35m[ADB]&amp#27;[39m Current device property 'ro.build.version.sdk': 28
[debug] &amp#27;[35m[ADB]&amp#27;[39m Device API level: 28
[debug] &amp#27;[35m[AndroidDriver]&amp#27;[39m Parsing package and activity from app manifest
&amp#27;[35m[ADB]&amp#27;[39m Using apkanalyzer from /Users/vikasthange/softwares/android-sdk-macosx/tools/bin/apkanalyzer
[debug] &amp#27;[35m[ADB]&amp#27;[39m Starting '/Users/vikasthange/softwares/android-sdk-macosx/tools/bin/apkanalyzer' with args ["-h","manifest","print","/Users/vikasthange/Desktop/slack.apk"]
&amp#27;[35m[ADB]&amp#27;[39m Package name: 'com.Slack'
&amp#27;[35m[ADB]&amp#27;[39m Main activity name: 'com.Slack.ui.HomeActivity'
[debug] &amp#27;[35m[AndroidDriver]&amp#27;[39m Parsed package and activity are: com.Slack/com.Slack.ui.HomeActivity
&amp#27;[35m[ADB]&amp#27;[39m Getting device platform version
[debug] &amp#27;[35m[ADB]&amp#27;[39m Running '/Users/vikasthange/softwares/android-sdk-macosx/platform-tools/adb -P 5037 -s emulator-5556 shell getprop ro.build.version.release'
[debug] &amp#27;[35m[ADB]&amp#27;[39m Current device property 'ro.build.version.release': 9
[debug] &amp#27;[35m[ADB]&amp#27;[39m Running '/Users/vikasthange/softwares/android-sdk-macosx/platform-tools/adb -P 5037 -s emulator-5556 shell wm size'
[debug] &amp#27;[35m[ADB]&amp#27;[39m Running '/Users/vikasthange/softwares/android-sdk-macosx/platform-tools/adb -P 5037 -s emulator-5556 shell wm density'
[debug] &amp#27;[35m[ADB]&amp#27;[39m Running '/Users/vikasthange/softwares/android-sdk-macosx/platform-tools/adb -P 5037 -s emulator-5556 shell getprop ro.product.model'
[debug] &amp#27;[35m[ADB]&amp#27;[39m Current device property 'ro.product.model': Android SDK built for x86
[debug] &amp#27;[35m[ADB]&amp#27;[39m Running '/Users/vikasthange/softwares/android-sdk-macosx/platform-tools/adb -P 5037 -s emulator-5556 shell getprop ro.product.manufacturer'
[debug] &amp#27;[35m[ADB]&amp#27;[39m Current device property 'ro.product.manufacturer': Google
[debug] &amp#27;[35m[ADB]&amp#27;[39m Device API level: 28
[debug] &amp#27;[35m[ADB]&amp#27;[39m Running '/Users/vikasthange/softwares/android-sdk-macosx/platform-tools/adb -P 5037 -s emulator-5556 shell am force-stop io.appium.uiautomator2.server'
[debug] &amp#27;[35m[ADB]&amp#27;[39m Checking app cert for /usr/local/lib/node_modules/appium/node_modules/appium-uiautomator2-server/apks/appium-uiautomator2-server-v1.15.1.apk
&amp#27;[35m[ADB]&amp#27;[39m Using apksigner from /Users/vikasthange/softwares/android-sdk-macosx/build-tools/28.0.3/apksigner
[debug] &amp#27;[35m[ADB]&amp#27;[39m Starting '/Users/vikasthange/softwares/android-sdk-macosx/build-tools/28.0.3/apksigner' with args '["verify","--print-certs","/usr/local/lib/node_modules/appium/node_modules/appium-uiautomator2-server/apks/appium-uiautomator2-server-v1.15.1.apk"]'
[debug] &amp#27;[35m[ADB]&amp#27;[39m apksigner stdout: Signer #1 certificate DN: EMAILADDRESS=android@android.com, CN=Android, OU=Android, O=Android, L=Mountain View, ST=California, C=US
[debug] &amp#27;[35m[ADB]&amp#27;[39m Signer #1 certificate SHA-256 digest: a40da80a59d170caa950cf15c18c454d47a39b26989d8b640ecd745ba71bf5dc
[debug] &amp#27;[35m[ADB]&amp#27;[39m Signer #1 certificate SHA-1 digest: 61ed377e85d386a8dfee6b864bd85b0bfaa5af81
[debug] &amp#27;[35m[ADB]&amp#27;[39m Signer #1 certificate MD5 digest: e89b158e4bcf988ebd09eb83f5378e87
[debug] &amp#27;[35m[ADB]&amp#27;[39m WARNING: META-INF/INDEX.LIST not protected by signature. Unauthorized modifications to this JAR entry will not be detected. Delete or move the entry outside of META-INF/.
[debug] &amp#27;[35m[ADB]&amp#27;[39m WARNING: META-INF/io.netty.versions.properties not protected by signature. Unauthorized modifications to this JAR entry will not be detected. Delete or move the entry outside of META-INF/.
[debug] &amp#27;[35m[ADB]&amp#27;[39m 
[debug] &amp#27;[35m[ADB]&amp#27;[39m '/usr/local/lib/node_modules/appium/node_modules/appium-uiautomator2-server/apks/appium-uiautomator2-server-v1.15.1.apk' is already signed.
[debug] &amp#27;[35m[ADB]&amp#27;[39m Checking app cert for /usr/local/lib/node_modules/appium/node_modules/appium-uiautomator2-server/apks/appium-uiautomator2-server-debug-androidTest.apk
[debug] &amp#27;[35m[ADB]&amp#27;[39m Starting '/Users/vikasthange/softwares/android-sdk-macosx/build-tools/28.0.3/apksigner' with args '["verify","--print-certs","/usr/local/lib/node_modules/appium/node_modules/appium-uiautomator2-server/apks/appium-uiautomator2-server-debug-androidTest.apk"]'
[debug] &amp#27;[35m[ADB]&amp#27;[39m apksigner stdout: Signer #1 certificate DN: EMAILADDRESS=android@android.com, CN=Android, OU=Android, O=Android, L=Mountain View, ST=California, C=US
[debug] &amp#27;[35m[ADB]&amp#27;[39m Signer #1 certificate SHA-256 digest: a40da80a59d170caa950cf15c18c454d47a39b26989d8b640ecd745ba71bf5dc
[debug] &amp#27;[35m[ADB]&amp#27;[39m Signer #1 certificate SHA-1 digest: 61ed377e85d386a8dfee6b864bd85b0bfaa5af81
[debug] &amp#27;[35m[ADB]&amp#27;[39m Signer #1 certificate MD5 digest: e89b158e4bcf988ebd09eb83f5378e87
[debug] &amp#27;[35m[ADB]&amp#27;[39m 
[debug] &amp#27;[35m[ADB]&amp#27;[39m '/usr/local/lib/node_modules/appium/node_modules/appium-uiautomator2-server/apks/appium-uiautomator2-server-debug-androidTest.apk' is already signed.
[debug] &amp#27;[35m[ADB]&amp#27;[39m Getting install status for io.appium.uiautomator2.server
[debug] &amp#27;[35m[ADB]&amp#27;[39m Running '/Users/vikasthange/softwares/android-sdk-macosx/platform-tools/adb -P 5037 -s emulator-5556 shell pm list packages io.appium.uiautomator2.server'
[debug] &amp#27;[35m[ADB]&amp#27;[39m App is installed
[debug] &amp#27;[35m[ADB]&amp#27;[39m Getting package info for 'io.appium.uiautomator2.server'
[debug] &amp#27;[35m[ADB]&amp#27;[39m Running '/Users/vikasthange/softwares/android-sdk-macosx/platform-tools/adb -P 5037 -s emulator-5556 shell dumpsys package io.appium.uiautomator2.server'
&amp#27;[35m[ADB]&amp#27;[39m Checking whether aapt is present
&amp#27;[35m[ADB]&amp#27;[39m Using aapt from /Users/vikasthange/softwares/android-sdk-macosx/build-tools/28.0.3/aapt
[debug] &amp#27;[35m[ADB]&amp#27;[39m The installed 'io.appium.uiautomator2.server' package does not require upgrade ('1.15.1' >= '1.15.1')
[debug] &amp#27;[35m[ADB]&amp#27;[39m Getting install status for io.appium.uiautomator2.server.test
[debug] &amp#27;[35m[ADB]&amp#27;[39m Running '/Users/vikasthange/softwares/android-sdk-macosx/platform-tools/adb -P 5037 -s emulator-5556 shell pm list packages io.appium.uiautomator2.server.test'
[debug] &amp#27;[35m[ADB]&amp#27;[39m App is installed
[debug] &amp#27;[35m[ADB]&amp#27;[39m Getting package info for 'io.appium.uiautomator2.server.test'
[debug] &amp#27;[35m[ADB]&amp#27;[39m Running '/Users/vikasthange/softwares/android-sdk-macosx/platform-tools/adb -P 5037 -s emulator-5556 shell dumpsys package io.appium.uiautomator2.server.test'
&amp#27;[35m[ADB]&amp#27;[39m Cannot read version codes of '/usr/local/lib/node_modules/appium/node_modules/appium-uiautomator2-server/apks/appium-uiautomator2-server-debug-androidTest.apk' and/or 'io.appium.uiautomator2.server.test'
&amp#27;[35m[ADB]&amp#27;[39m Cannot read version names of '/usr/local/lib/node_modules/appium/node_modules/appium-uiautomator2-server/apks/appium-uiautomator2-server-debug-androidTest.apk' and/or 'io.appium.uiautomator2.server.test'. Assuming correct app version is already installed
[debug] &amp#27;[35m[UiAutomator2]&amp#27;[39m Waiting up to 20000ms for instrumentation 'io.appium.uiautomator2.server.test/android.support.test.runner.AndroidJUnitRunner' to be available
[debug] &amp#27;[35m[ADB]&amp#27;[39m Running '/Users/vikasthange/softwares/android-sdk-macosx/platform-tools/adb -P 5037 -s emulator-5556 shell pm list instrumentation'
[debug] &amp#27;[35m[UiAutomator2]&amp#27;[39m Instrumentation 'io.appium.uiautomator2.server.test/android.support.test.runner.AndroidJUnitRunner' available
[debug] &amp#27;[35m[ADB]&amp#27;[39m Running '/Users/vikasthange/softwares/android-sdk-macosx/platform-tools/adb -P 5037 -s emulator-5556 wait-for-device'
[debug] &amp#27;[35m[ADB]&amp#27;[39m Running '/Users/vikasthange/softwares/android-sdk-macosx/platform-tools/adb -P 5037 -s emulator-5556 shell echo ping'
[debug] &amp#27;[35m[AndroidDriver]&amp#27;[39m Pushing settings apk to device...
[debug] &amp#27;[35m[ADB]&amp#27;[39m Getting install status for io.appium.settings
[debug] &amp#27;[35m[ADB]&amp#27;[39m Running '/Users/vikasthange/softwares/android-sdk-macosx/platform-tools/adb -P 5037 -s emulator-5556 shell pm list packages io.appium.settings'
[debug] &amp#27;[35m[ADB]&amp#27;[39m App is installed
[debug] &amp#27;[35m[ADB]&amp#27;[39m Getting package info for 'io.appium.settings'
[debug] &amp#27;[35m[ADB]&amp#27;[39m Running '/Users/vikasthange/softwares/android-sdk-macosx/platform-tools/adb -P 5037 -s emulator-5556 shell dumpsys package io.appium.settings'
[debug] &amp#27;[35m[ADB]&amp#27;[39m The installed 'io.appium.settings' package does not require upgrade ('2.3.0' >= '2.3.0')
[debug] &amp#27;[35m[ADB]&amp#27;[39m Running '/Users/vikasthange/softwares/android-sdk-macosx/platform-tools/adb -P 5037 -s emulator-5556 shell ps'
[debug] &amp#27;[35m[ADB]&amp#27;[39m Device API level: 28
[debug] &amp#27;[35m[ADB]&amp#27;[39m Running '/Users/vikasthange/softwares/android-sdk-macosx/platform-tools/adb -P 5037 -s emulator-5556 shell am start -W -n io.appium.settings/.Settings -a android.intent.action.MAIN -c android.intent.category.LAUNCHER -f 0x10200000'
[debug] &amp#27;[35m[ADB]&amp#27;[39m Device API level: 28
[debug] &amp#27;[35m[ADB]&amp#27;[39m Running '/Users/vikasthange/softwares/android-sdk-macosx/platform-tools/adb -P 5037 -s emulator-5556 shell appops set io.appium.settings android\:mock_location allow'
&amp#27;[35m[AndroidDriver]&amp#27;[39m setDeviceLanguageCountry requires language or country.
&amp#27;[35m[AndroidDriver]&amp#27;[39m Got language: 'null' and country: 'null'
[debug] &amp#27;[35m[Logcat]&amp#27;[39m Starting logcat capture
[debug] &amp#27;[35m[AndroidDriver]&amp#27;[39m Pushing unlock helper app to device...
[debug] &amp#27;[35m[ADB]&amp#27;[39m Getting install status for io.appium.unlock
[debug] &amp#27;[35m[ADB]&amp#27;[39m Running '/Users/vikasthange/softwares/android-sdk-macosx/platform-tools/adb -P 5037 -s emulator-5556 shell pm list packages io.appium.unlock'
[debug] &amp#27;[35m[ADB]&amp#27;[39m App is installed
[debug] &amp#27;[35m[ADB]&amp#27;[39m Getting package info for 'io.appium.unlock'
[debug] &amp#27;[35m[ADB]&amp#27;[39m Running '/Users/vikasthange/softwares/android-sdk-macosx/platform-tools/adb -P 5037 -s emulator-5556 shell dumpsys package io.appium.unlock'
[debug] &amp#27;[35m[ADB]&amp#27;[39m The installed 'io.appium.unlock' package does not require upgrade ('2.0.0' >= '2.0.0')
[debug] &amp#27;[35m[UiAutomator2]&amp#27;[39m Forwarding UiAutomator2 Server port 6790 to 8201
[debug] &amp#27;[35m[ADB]&amp#27;[39m Forwarding system: 8201 to device: 6790
[debug] &amp#27;[35m[ADB]&amp#27;[39m Running '/Users/vikasthange/softwares/android-sdk-macosx/platform-tools/adb -P 5037 -s emulator-5556 forward tcp\:8201 tcp\:6790'
[debug] &amp#27;[35m[ADB]&amp#27;[39m Running '/Users/vikasthange/softwares/android-sdk-macosx/platform-tools/adb -P 5037 -s emulator-5556 shell rm -rf /data/local/tmp/strings.json'
[debug] &amp#27;[35m[AndroidDriver]&amp#27;[39m Extracting strings from apk
[debug] &amp#27;[35m[AndroidDriver]&amp#27;[39m /Users/vikasthange/Desktop/slack.apk
[debug] &amp#27;[35m[AndroidDriver]&amp#27;[39m null
[debug] &amp#27;[35m[AndroidDriver]&amp#27;[39m /var/folders/wz/ktc9f4353h36mbhzh100028h0000gq/T/com.Slack
[debug] &amp#27;[35m[ADB]&amp#27;[39m Extracting strings for language: default
&amp#27;[35m[ADB]&amp#27;[39m Successfully extracted 2862 strings from '/Users/vikasthange/Desktop/slack.apk' resources for '(default)' configuration
[debug] &amp#27;[35m[ADB]&amp#27;[39m Running '/Users/vikasthange/softwares/android-sdk-macosx/platform-tools/adb -P 5037 -s emulator-5556 push /var/folders/wz/ktc9f4353h36mbhzh100028h0000gq/T/com.Slack/strings.json /data/local/tmp'
[debug] &amp#27;[35m[ADB]&amp#27;[39m Uninstalling com.Slack
[debug] &amp#27;[35m[ADB]&amp#27;[39m Getting install status for com.Slack
[debug] &amp#27;[35m[ADB]&amp#27;[39m Running '/Users/vikasthange/softwares/android-sdk-macosx/platform-tools/adb -P 5037 -s emulator-5556 shell pm list packages com.Slack'
[debug] &amp#27;[35m[ADB]&amp#27;[39m App is installed
[debug] &amp#27;[35m[ADB]&amp#27;[39m Running '/Users/vikasthange/softwares/android-sdk-macosx/platform-tools/adb -P 5037 -s emulator-5556 shell am force-stop com.Slack'
[debug] &amp#27;[35m[ADB]&amp#27;[39m Running '/Users/vikasthange/softwares/android-sdk-macosx/platform-tools/adb -P 5037 -s emulator-5556 uninstall com.Slack'
[debug] &amp#27;[35m[ADB]&amp#27;[39m 'adb uninstall com.Slack' command output: Success
&amp#27;[35m[ADB]&amp#27;[39m com.Slack was successfully uninstalled
[debug] &amp#27;[35m[ADB]&amp#27;[39m Checking app cert for /Users/vikasthange/Desktop/slack.apk
[debug] &amp#27;[35m[ADB]&amp#27;[39m Starting '/Users/vikasthange/softwares/android-sdk-macosx/build-tools/28.0.3/apksigner' with args '["verify","--print-certs","/Users/vikasthange/Desktop/slack.apk"]'
[debug] &amp#27;[35m[ADB]&amp#27;[39m apksigner stdout: Signer #1 certificate DN: EMAILADDRESS=android@android.com, CN=Android, OU=Android, O=Android, L=Mountain View, ST=California, C=US
[debug] &amp#27;[35m[ADB]&amp#27;[39m Signer #1 certificate SHA-256 digest: a40da80a59d170caa950cf15c18c454d47a39b26989d8b640ecd745ba71bf5dc
[debug] &amp#27;[35m[ADB]&amp#27;[39m Signer #1 certificate SHA-1 digest: 61ed377e85d386a8dfee6b864bd85b0bfaa5af81
[debug] &amp#27;[35m[ADB]&amp#27;[39m Signer #1 certificate MD5 digest: e89b158e4bcf988ebd09eb83f5378e87
[debug] &amp#27;[35m[ADB]&amp#27;[39m WARNING: META-INF/RxJava2Interop-kotlin_main.kotlin_module not protected by signature. Unauthorized modifications to this JAR entry will not be detected. Delete or move the entry outside of META-INF/.
[debug] &amp#27;[35m[ADB]&amp#27;[39m WARNING: META-INF/android.arch.core_runtime.version not protected by signature. Unauthorized modifications to this JAR entry will not be detected. Delete or move the entry outside of META-INF/.
[debug] &amp#27;[35m[ADB]&amp#27;[39m WARNING: META-INF/android.arch.lifecycle_livedata-core.version not protected by signature. Unauthorized modifications to this JAR entry will not be detected. Delete or move the entry outside of META-INF/.
[debug] &amp#27;[35m[ADB]&amp#27;[39m WARNING: META-INF/android.arch.lifecycle_runtime.version not protected by signature. Unauthorized modifications to this JAR entry will not be detected. Delete or move the entry outside of META-INF/.
[debug] &amp#27;[35m[ADB]&amp#27;[39m WARNING: META-INF/android.arch.lifecycle_viewmodel.version not protected by signature. Unauthorized modifications to this JAR entry will not be detected. Delete or move the entry outside of META-INF/.
[debug] &amp#27;[35m[ADB]&amp#27;[39m WARNING: META-INF/app_externalRelease.kotlin_module not protected by signature. Unauthorized modifications to this JAR entry will not be detected. Delete or move the entry outside of META-INF/.
[debug] &amp#27;[35m[ADB]&amp#27;[39m WARNING: META-INF/atomicfu-common.kotlin_module not protected by signature. Unauthorized modifications to this JAR entry will not be detected. Delete or move the entry outside of META-INF/.
[debug] &amp#27;[35m[ADB]&amp#27;[39m WARNING: META-INF/com.android.support_animated-vector-drawable.version not protected by signature. Unauthorized modifications to this JAR entry will not be detected. Delete or move the entry outside of META-INF/.
[debug] &amp#27;[35m[ADB]&amp#27;[39m WARNING: META-INF/com.android.support_appcompat-v7.version not protected by signature. Unauthorized modifications to this JAR entry will not be detected. Delete or move the entry outside of META-INF/.
[debug] &amp#27;[35m[ADB]&amp#27;[39m WARNING: META-INF/com.android.support_cardview-v7.version not protected by signature. Unauthorized modifications to this JAR entry will not be detected. Delete or move the entry outside of META-INF/.
[debug] &amp#27;[35m[ADB]&amp#27;[39m WARNING: META-INF/com.android.support_customtabs.version not protected by signature. Unauthorized modifications to this JAR entry will not be detected. Delete or move the entry outside of META-INF/.
[debug] &amp#27;[35m[ADB]&amp#27;[39m WARNING: META-INF/com.android.support_design.version not protected by signature. Unauthorized modifications to this JAR entry will not be detected. Delete or move the entry outside of META-INF/.
[debug] &amp#27;[35m[ADB]&amp#27;[39m WARNING: META-INF/com.android.support_gridlayout-v7.version not protected by signature. Unauthorized modifications to this JAR entry will not be detected. Delete or move the entry outside of META-INF/.
[debug] &amp#27;[35m[ADB]&amp#27;[39m WARNING: META-INF/com.android.support_palette-v7.version not protected by signature. Unauthorized modifications to this JAR entry will not be detected. Delete or move the entry outside of META-INF/.
[debug] &amp#27;[35m[ADB]&amp#27;[39m WARNING: META-INF/com.android.support_recyclerview-v7.version not protected by signature. Unauthorized modifications to this JAR entry will not be detected. Delete or move the entry outside of META-INF/.
[debug] &amp#27;[35m[ADB]&amp#27;[39m WARNING: META-INF/com.android.support_support-compat.version not protected by signature. Unauthorized modifications to this JAR entry will not be detected. Delete or move the entry outside of META-INF/.
[debug] &amp#27;[35m[ADB]&amp#27;[39m WARNING: META-INF/com.android.support_support-core-ui.version not protected by signature. Unauthorized modifications to this JAR entry will not be detected. Delete or move the entry outside of META-INF/.
[debug] &amp#27;[35m[ADB]&amp#27;[39m WARNING: META-INF/com.android.support_support-core-utils.version not protected by signature. Unauthorized modifications to this JAR entry will not be detected. Delete or move the entry outside of META-INF/.
[debug] &amp#27;[35m[ADB]&amp#27;[39m WARNING: META-INF/com.android.support_support-fragment.version not protected by signature. Unauthorized modifications to this JAR entry will not be detected. Delete or move the entry outside of META-INF/.
[debug] &amp#27;[35m[ADB]&amp#27;[39m WARNING: META-INF/com.android.support_support-media-compat.version not protected by signature. Unauthorized modifications to this JAR entry will not be detected. Delete or move the entry outside of META-INF/.
[debug] &amp#27;[35m[ADB]&amp#27;[39m WARNING: META-INF/com.android.support_support-v13.version not protected by signature. Unauthorized modifications to this JAR entry will not be detected. Delete or move the entry outside of META-INF/.
[debug] &amp#27;[35m[ADB]&amp#27;[39m WARNING: META-INF/com.android.support_support-v4.version not protected by signature. Unauthorized modifications to this JAR entry will not be detected. Delete or move the entry outside of META-INF/.
[debug] &amp#27;[35m[ADB]&amp#27;[39m WARNING: META-INF/com.android.support_support-vector-drawable.version not protected by signature. Unauthorized modifications to this JAR entry will not be detected. Delete or move the entry outside of META-INF/.
[debug] &amp#27;[35m[ADB]&amp#27;[39m WARNING: META-INF/com.android.support_transition.version not protected by signature. Unauthorized modifications to this JAR entry will not be detected. Delete or move the entry outside of META-INF/.
[debug] &amp#27;[35m[ADB]&amp#27;[39m WARNING: META-INF/grapevine-api.kotlin_module not protected by signature. Unauthorized modifications to this JAR entry will not be detected. Delete or move the entry outside of META-INF/.
[debug] &amp#27;[35m[ADB]&amp#27;[39m WARNING: META-INF/jobqueue_release.kotlin_module not protected by signature. Unauthorized modifications to this JAR entry will not be detected. Delete or move the entry outside of META-INF/.
[debug] &amp#27;[35m[ADB]&amp#27;[39m WARNING: META-INF/kotlin-stdlib-common.kotlin_module not protected by signature. Unauthorized modifications to this JAR entry will not be detected. Delete or move the entry outside of META-INF/.
[debug] &amp#27;[35m[ADB]&amp#27;[39m WARNING: META-INF/kotlin-stdlib-jdk7.kotlin_module not protected by signature. Unauthorized modifications to this JAR entry will not be detected. Delete or move the entry outside of META-INF/.
[debug] &amp#27;[35m[ADB]&amp#27;[39m WARNING: META-INF/kotlin-stdlib.kotlin_module not protected by signature. Unauthorized modifications to this JAR entry will not be detected. Delete or move the entry outside of META-INF/.
[debug] &amp#27;[35m[ADB]&amp#27;[39m WARNING: META-INF/kotlinx-coroutines-android.kotlin_module not protected by signature. Unauthorized modifications to this JAR entry will not be detected. Delete or move the entry outside of META-INF/.
[debug] &amp#27;[35m[ADB]&amp#27;[39m WARNING: META-INF/kotlinx-coroutines-core-common.kotlin_module not protected by signature. Unauthorized modifications to this JAR entry will not be detected. Delete or move the entry outside of META-INF/.
[debug] &amp#27;[35m[ADB]&amp#27;[39m WARNING: META-INF/kotlinx-coroutines-core.kotlin_module not protected by signature. Unauthorized modifications to this JAR entry will not be detected. Delete or move the entry outside of META-INF/.
[debug] &amp#27;[35m[ADB]&amp#27;[39m WARNING: META-INF/kotlinx-coroutines-reactive.kotlin_module not protected by signature. Unauthorized modifications to this JAR entry will not be detected. Delete or move the entry outside of META-INF/.
[debug] &amp#27;[35m[ADB]&amp#27;[39m WARNING: META-INF/kotlinx-coroutines-rx2.kotlin_module not protected by signature. Unauthorized modifications to this JAR entry will not be detected. Delete or move the entry outside of META-INF/.
[debug] &amp#27;[35m[ADB]&amp#27;[39m WARNING: META-INF/model_externalRelease.kotlin_module not protected by signature. Unauthorized modifications to this JAR entry will not be detected. Delete or move the entry outside of META-INF/.
[debug] &amp#27;[35m[ADB]&amp#27;[39m WARNING: META-INF/rxbinding-kotlin_release.kotlin_module not protected by signature. Unauthorized modifications to this JAR entry will not be detected. Delete or move the entry outside of META-INF/.
[debug] &amp#27;[35m[ADB]&amp#27;[39m WARNING: META-INF/rxjava.properties not protected by signature. Unauthorized modifications to this JAR entry will not be detected. Delete or move the entry outside of META-INF/.
[debug] &amp#27;[35m[ADB]&amp#27;[39m WARNING: META-INF/services/kotlinx.coroutines.experimental.CoroutineExceptionHandler not protected by signature. Unauthorized modifications to this JAR entry will not be detected. Delete or move the entry outside of META-INF/.
[debug] &amp#27;[35m[ADB]&amp#27;[39m WARNING: META-INF/slack-api_externalRelease.kotlin_module not protected by signature. Unauthorized modifications to this JAR entry will not be detected. Delete or move the entry outside of META-INF/.
[debug] &amp#27;[35m[ADB]&amp#27;[39m WARNING: META-INF/slack-commons_release.kotlin_module not protected by signature. Unauthorized modifications to this JAR entry will not be detected. Delete or move the entry outside of META-INF/.
[debug] &amp#27;[35m[ADB]&amp#27;[39m WARNING: META-INF/slackb_externalRelease.kotlin_module not protected by signature. Unauthorized modifications to this JAR entry will not be detected. Delete or move the entry outside of META-INF/.
[debug] &amp#27;[35m[ADB]&amp#27;[39m WARNING: META-INF/task-manager_release.kotlin_module not protected by signature. Unauthorized modifications to this JAR entry will not be detected. Delete or move the entry outside of META-INF/.
[debug] &amp#27;[35m[ADB]&amp#27;[39m 
[debug] &amp#27;[35m[ADB]&amp#27;[39m '/Users/vikasthange/Desktop/slack.apk' is already signed.
[debug] &amp#27;[35m[ADB]&amp#27;[39m Getting install status for com.Slack
[debug] &amp#27;[35m[ADB]&amp#27;[39m Running '/Users/vikasthange/softwares/android-sdk-macosx/platform-tools/adb -P 5037 -s emulator-5556 shell pm list packages com.Slack'
[debug] &amp#27;[35m[ADB]&amp#27;[39m App is not installed
[debug] &amp#27;[35m[AndroidDriver]&amp#27;[39m Running full reset on 'com.Slack' (reinstall)
[debug] &amp#27;[35m[ADB]&amp#27;[39m Device API level: 28
[debug] &amp#27;[35m[ADB]&amp#27;[39m Running '/Users/vikasthange/softwares/android-sdk-macosx/platform-tools/adb -P 5037 -s emulator-5556 install -r -g /Users/vikasthange/Desktop/slack.apk'
[debug] &amp#27;[35m[ADB]&amp#27;[39m Install command stdout: Success
[debug] &amp#27;[35m[ADB]&amp#27;[39m Getting all processes with uiautomator
[debug] &amp#27;[35m[ADB]&amp#27;[39m Running '/Users/vikasthange/softwares/android-sdk-macosx/platform-tools/adb -P 5037 -s emulator-5556 shell ps'
[debug] &amp#27;[35m[ADB]&amp#27;[39m Running '/Users/vikasthange/softwares/android-sdk-macosx/platform-tools/adb -P 5037 -s emulator-5556 shell am force-stop io.appium.uiautomator2.server'
&amp#27;[35m[UiAutomator2]&amp#27;[39m Starting uiautomator2 server 1.15.1
&amp#27;[35m[UiAutomator2]&amp#27;[39m Using UIAutomator2 server from '/usr/local/lib/node_modules/appium/node_modules/appium-uiautomator2-server/apks/appium-uiautomator2-server-v1.15.1.apk' and test from '/usr/local/lib/node_modules/appium/node_modules/appium-uiautomator2-server/apks/appium-uiautomator2-server-debug-androidTest.apk'
&amp#27;[35m[UiAutomator2]&amp#27;[39m Running command: 'adb -s emulator-5556 shell am instrument -w io.appium.uiautomator2.server.test/android.support.test.runner.AndroidJUnitRunner'
&amp#27;[35m[UiAutomator2]&amp#27;[39m Waiting up to 20000ms for UiAutomator2 to be online...
[debug] &amp#27;[35m[JSONWP Proxy]&amp#27;[39m Matched '/status' to command name 'getStatus'
[debug] &amp#27;[35m[JSONWP Proxy]&amp#27;[39m Proxying [GET /status] to [GET http://localhost:8201/wd/hub/status] with no body
[debug] &amp#27;[35m[JSONWP Proxy]&amp#27;[39m Matched '/status' to command name 'getStatus'
[debug] &amp#27;[35m[JSONWP Proxy]&amp#27;[39m Proxying [GET /status] to [GET http://localhost:8201/wd/hub/status] with no body
[debug] &amp#27;[35m[JSONWP Proxy]&amp#27;[39m Matched '/status' to command name 'getStatus'
[debug] &amp#27;[35m[JSONWP Proxy]&amp#27;[39m Proxying [GET /status] to [GET http://localhost:8201/wd/hub/status] with no body
[debug] &amp#27;[35m[JSONWP Proxy]&amp#27;[39m Matched '/status' to command name 'getStatus'
[debug] &amp#27;[35m[JSONWP Proxy]&amp#27;[39m Proxying [GET /status] to [GET http://localhost:8201/wd/hub/status] with no body
[debug] &amp#27;[35m[JSONWP Proxy]&amp#27;[39m Got response with status 200: "{\"sessionId\":\"SESSIONID\",\"status\":0,\"value\":\"Status Invoked\"}"
[debug] &amp#27;[35m[JSONWP Proxy]&amp#27;[39m Matched '/session' to command name 'createSession'
[debug] &amp#27;[35m[JSONWP Proxy]&amp#27;[39m Proxying [POST /session] to [POST http://localhost:8201/wd/hub/session] with body: {"desiredCapabilities":{"platform":"LINUX","webStorageEnabled":false,"takesScreenshot":true,"javascriptEnabled":true,"databaseEnabled":false,"networkConnectionEnabled":true,"locationContextEnabled":false,"warnings":{},"desired":{"app":"/Users/vikasthange/Desktop/slack.apk","appWaitActivity":"*","deviceName":"ANDROID","fullReset":true,"appWaitDuration":30000,"maxTypingFrequency":"5","newCommandTimeout":500,"automationName":"UiAutomator2","autoGrantPermissions":true,"platformName":"Android","udid":"emulator-5556","systemPort":8201},"app":"/Users/vikasthange/Desktop/slack.apk","appWaitActivity":"*","deviceName":"emulator-5556","fullReset":true,"appWaitDuration":30000,"maxTypingFrequency":"5","newCommandTimeout":500,"automationName":"UiAutomator2","autoGrantPermissions":true,"platformName":"Android","udid":"emulator-5556","systemPort":8201,"deviceUDID":"emulator-5556","platformVersion":"9","deviceScreenSize":"1080x1920","deviceScreenDensity":420,"deviceModel":"Android SDK built for x86","deviceManufacturer":"G...
[debug] &amp#27;[35m[JSONWP Proxy]&amp#27;[39m Got response with status 200: {"sessionId":"5a27c767-9791-4751-872d-2ed612cd606d","status":0,"value":"Created Session"}
[debug] &amp#27;[35m[ADB]&amp#27;[39m Running '/Users/vikasthange/softwares/android-sdk-macosx/platform-tools/adb -P 5037 -s emulator-5556 shell dumpsys window'
&amp#27;[35m[AndroidDriver]&amp#27;[39m Screen already unlocked, doing nothing
&amp#27;[35m[UiAutomator2]&amp#27;[39m UiAutomator2 did not start the activity we were waiting for, 'com.Slack/*'. Starting it ourselves
[debug] &amp#27;[35m[ADB]&amp#27;[39m Device API level: 28
[debug] &amp#27;[35m[ADB]&amp#27;[39m Running '/Users/vikasthange/softwares/android-sdk-macosx/platform-tools/adb -P 5037 -s emulator-5556 shell am start -W -n com.Slack/com.Slack.ui.HomeActivity -S -a android.intent.action.MAIN -c android.intent.category.LAUNCHER -f 0x10200000'
[debug] &amp#27;[35m[ADB]&amp#27;[39m Waiting up to 20000ms for activity matching pkg: 'com.Slack' and activity: '*' to be focused
[debug] &amp#27;[35m[ADB]&amp#27;[39m Possible activities, to be checked: '*', 'com.Slack.*'
[debug] &amp#27;[35m[ADB]&amp#27;[39m Getting focused package and activity
[debug] &amp#27;[35m[ADB]&amp#27;[39m Running '/Users/vikasthange/softwares/android-sdk-macosx/platform-tools/adb -P 5037 -s emulator-5556 shell dumpsys window windows'
[debug] &amp#27;[35m[ADB]&amp#27;[39m Found package: 'com.Slack' and fully qualified activity name : 'com.Slack.ui.walkthrough.WalkthroughActivity'
[debug] &amp#27;[35m[JSONWP Proxy]&amp#27;[39m Proxying [GET /appium/device/pixel_ratio] to [GET http://localhost:8201/wd/hub/session/5a27c767-9791-4751-872d-2ed612cd606d/appium/device/pixel_ratio] with body: {}
[debug] &amp#27;[35m[JSONWP Proxy]&amp#27;[39m Got response with status 200: "{\"sessionId\":\"5a27c767-9791-4751-872d-2ed612cd606d\",\"status\":0,\"value\":2.625}"
[debug] &amp#27;[35m[JSONWP Proxy]&amp#27;[39m Matched '/appium/device/system_bars' to command name 'getSystemBars'
[debug] &amp#27;[35m[JSONWP Proxy]&amp#27;[39m Proxying [GET /appium/device/system_bars] to [GET http://localhost:8201/wd/hub/session/5a27c767-9791-4751-872d-2ed612cd606d/appium/device/system_bars] with body: {}
[debug] &amp#27;[35m[JSONWP Proxy]&amp#27;[39m Got response with status 200: "{\"sessionId\":\"5a27c767-9791-4751-872d-2ed612cd606d\",\"status\":0,\"value\":{\"statusBar\":63}}"
[debug] &amp#27;[35m[JSONWP Proxy]&amp#27;[39m Matched '/window/current/size' to command name 'getWindowSize'
[debug] &amp#27;[35m[JSONWP Proxy]&amp#27;[39m Proxying [GET /window/current/size] to [GET http://localhost:8201/wd/hub/session/5a27c767-9791-4751-872d-2ed612cd606d/window/current/size] with body: {}
[debug] &amp#27;[35m[JSONWP Proxy]&amp#27;[39m Got response with status 200: "{\"sessionId\":\"5a27c767-9791-4751-872d-2ed612cd606d\",\"status\":0,\"value\":{\"height\":1794,\"width\":1080}}"
&amp#27;[35m[Appium]&amp#27;[39m New AndroidUiautomator2Driver session created successfully, session 6c033502-fd88-4722-8b5b-92e91949d161 added to master session list
[debug] &amp#27;[35m[BaseDriver]&amp#27;[39m Event 'newSessionStarted' logged at 1542058005394 (02:56:45 GMT+0530 (IST))
[debug] &amp#27;[35m[MJSONWP]&amp#27;[39m Responding to client with driver.createSession() result: {"platform":"LINUX","webStorageEnabled":false,"takesScreenshot":true,"javascriptEnabled":true,"databaseEnabled":false,"networkConnectionEnabled":true,"locationContextEnabled":false,"warnings":{},"desired":{"app":"/Users/vikasthange/Desktop/slack.apk","appWaitActivity":"*","deviceName":"ANDROID","fullReset":true,"appWaitDuration":30000,"maxTypingFrequency":"5","newCommandTimeout":500,"automationName":"UiAutomator2","autoGrantPermissions":true,"platformName":"Android","udid":"emulator-5556","systemPort":8201},"app":"/Users/vikasthange/Desktop/slack.apk","appWaitActivity":"*","deviceName":"emulator-5556","fullReset":true,"appWaitDuration":30000,"maxTypingFrequency":"5","newCommandTimeout":500,"automationName":"UiAutomator2","autoGrantPermissions":true,"platformName":"Android","udid":"emulator-5556","systemPort":8201,"deviceUDID":"emulator-5556","platformVersion":"9","deviceScreenSize":"1080x1920","deviceScreenDensity":420,"deviceModel":"Android SDK built for x86","deviceManufacturer":"Google","deviceApiLevel"...
&amp#27;[35m[HTTP]&amp#27;[39m &amp#27;[37m<-- POST /wd/hub/session &amp#27;[39m&amp#27;[32m200&amp#27;[39m &amp#27;[90m23397 ms - 1222&amp#27;[39m
&amp#27;[35m[HTTP]&amp#27;[39m &amp#27;[90m&amp#27;[39m
&amp#27;[35m[HTTP]&amp#27;[39m &amp#27;[37m-->&amp#27;[39m &amp#27;[37mGET&amp#27;[39m &amp#27;[37m/wd/hub/session/6c033502-fd88-4722-8b5b-92e91949d161&amp#27;[39m
&amp#27;[35m[HTTP]&amp#27;[39m &amp#27;[90m{}&amp#27;[39m
[debug] &amp#27;[35m[W3C]&amp#27;[39m Calling AppiumDriver.getSession() with args: ["6c033502-fd88-4722-8b5b-92e91949d161"]
[debug] &amp#27;[35m[UiAutomator2]&amp#27;[39m Getting session details from server to mix in
[debug] &amp#27;[35m[JSONWP Proxy]&amp#27;[39m Matched '/' to command name 'getSession'
[debug] &amp#27;[35m[JSONWP Proxy]&amp#27;[39m Proxying [GET /] to [GET http://localhost:8201/wd/hub/session/5a27c767-9791-4751-872d-2ed612cd606d] with body: {}
[debug] &amp#27;[35m[JSONWP Proxy]&amp#27;[39m Got response with status 200: "{\"sessionId\":\"5a27c767-9791-4751-872d-2ed612cd606d\",\"status\":0,\"value\":{}}"
[debug] &amp#27;[35m[MJSONWP]&amp#27;[39m Responding to client with driver.getSession() result: {"platform":"LINUX","webStorageEnabled":false,"takesScreenshot":true,"javascriptEnabled":true,"databaseEnabled":false,"networkConnectionEnabled":true,"locationContextEnabled":false,"warnings":{},"desired":{"app":"/Users/vikasthange/Desktop/slack.apk","appWaitActivity":"*","deviceName":"ANDROID","fullReset":true,"appWaitDuration":30000,"maxTypingFrequency":"5","newCommandTimeout":500,"automationName":"UiAutomator2","autoGrantPermissions":true,"platformName":"Android","udid":"emulator-5556","systemPort":8201},"app":"/Users/vikasthange/Desktop/slack.apk","appWaitActivity":"*","deviceName":"emulator-5556","fullReset":true,"appWaitDuration":30000,"maxTypingFrequency":"5","newCommandTimeout":500,"automationName":"UiAutomator2","autoGrantPermissions":true,"platformName":"Android","udid":"emulator-5556","systemPort":8201,"deviceUDID":"emulator-5556","platformVersion":"9","deviceScreenSize":"1080x1920","deviceScreenDensity":420,"deviceModel":"Android SDK built for x86","deviceManufacturer":"Google","deviceApiLevel"...
&amp#27;[35m[HTTP]&amp#27;[39m &amp#27;[37m<-- GET /wd/hub/session/6c033502-fd88-4722-8b5b-92e91949d161 &amp#27;[39m&amp#27;[32m200&amp#27;[39m &amp#27;[90m57 ms - 1222&amp#27;[39m
&amp#27;[35m[HTTP]&amp#27;[39m &amp#27;[90m&amp#27;[39m
&amp#27;[35m[HTTP]&amp#27;[39m &amp#27;[37m-->&amp#27;[39m &amp#27;[37mGET&amp#27;[39m &amp#27;[37m/wd/hub/session/6c033502-fd88-4722-8b5b-92e91949d161&amp#27;[39m
&amp#27;[35m[HTTP]&amp#27;[39m &amp#27;[90m{}&amp#27;[39m
[debug] &amp#27;[35m[W3C]&amp#27;[39m Calling AppiumDriver.getSession() with args: ["6c033502-fd88-4722-8b5b-92e91949d161"]
[debug] &amp#27;[35m[UiAutomator2]&amp#27;[39m Getting session details from server to mix in
[debug] &amp#27;[35m[JSONWP Proxy]&amp#27;[39m Matched '/' to command name 'getSession'
[debug] &amp#27;[35m[JSONWP Proxy]&amp#27;[39m Proxying [GET /] to [GET http://localhost:8201/wd/hub/session/5a27c767-9791-4751-872d-2ed612cd606d] with body: {}
[debug] &amp#27;[35m[JSONWP Proxy]&amp#27;[39m Got response with status 200: "{\"sessionId\":\"5a27c767-9791-4751-872d-2ed612cd606d\",\"status\":0,\"value\":{}}"
[debug] &amp#27;[35m[MJSONWP]&amp#27;[39m Responding to client with driver.getSession() result: {"platform":"LINUX","webStorageEnabled":false,"takesScreenshot":true,"javascriptEnabled":true,"databaseEnabled":false,"networkConnectionEnabled":true,"locationContextEnabled":false,"warnings":{},"desired":{"app":"/Users/vikasthange/Desktop/slack.apk","appWaitActivity":"*","deviceName":"ANDROID","fullReset":true,"appWaitDuration":30000,"maxTypingFrequency":"5","newCommandTimeout":500,"automationName":"UiAutomator2","autoGrantPermissions":true,"platformName":"Android","udid":"emulator-5556","systemPort":8201},"app":"/Users/vikasthange/Desktop/slack.apk","appWaitActivity":"*","deviceName":"emulator-5556","fullReset":true,"appWaitDuration":30000,"maxTypingFrequency":"5","newCommandTimeout":500,"automationName":"UiAutomator2","autoGrantPermissions":true,"platformName":"Android","udid":"emulator-5556","systemPort":8201,"deviceUDID":"emulator-5556","platformVersion":"9","deviceScreenSize":"1080x1920","deviceScreenDensity":420,"deviceModel":"Android SDK built for x86","deviceManufacturer":"Google","deviceApiLevel"...
&amp#27;[35m[HTTP]&amp#27;[39m &amp#27;[37m<-- GET /wd/hub/session/6c033502-fd88-4722-8b5b-92e91949d161 &amp#27;[39m&amp#27;[32m200&amp#27;[39m &amp#27;[90m24 ms - 1222&amp#27;[39m
&amp#27;[35m[HTTP]&amp#27;[39m &amp#27;[90m&amp#27;[39m
&amp#27;[35m[HTTP]&amp#27;[39m &amp#27;[37m-->&amp#27;[39m &amp#27;[37mPOST&amp#27;[39m &amp#27;[37m/wd/hub/session/6c033502-fd88-4722-8b5b-92e91949d161/element&amp#27;[39m
&amp#27;[35m[HTTP]&amp#27;[39m &amp#27;[90m{"using":"id","value":"com.Slack:id/sign_in_button"}&amp#27;[39m
[debug] &amp#27;[35m[W3C]&amp#27;[39m Calling AppiumDriver.findElement() with args: ["id","com.Slack:id/sign_in_button","6c033502-fd88-4722-8b5b-92e91949d161"]
[debug] &amp#27;[35m[BaseDriver]&amp#27;[39m Valid locator strategies for this request: xpath, id, class name, accessibility id, -android uiautomator
[debug] &amp#27;[35m[BaseDriver]&amp#27;[39m Waiting up to 0 ms for condition
[debug] &amp#27;[35m[JSONWP Proxy]&amp#27;[39m Matched '/element' to command name 'findElement'
[debug] &amp#27;[35m[JSONWP Proxy]&amp#27;[39m Proxying [POST /element] to [POST http://localhost:8201/wd/hub/session/5a27c767-9791-4751-872d-2ed612cd606d/element] with body: {"strategy":"id","selector":"com.Slack:id/sign_in_button","context":"","multiple":false}
[debug] &amp#27;[35m[JSONWP Proxy]&amp#27;[39m Got response with status 200: {"sessionId":"5a27c767-9791-4751-872d-2ed612cd606d","status":0,"value":{"ELEMENT":"96f84a98-edad-4c42-bf6f-ba54e5956b74"}}
[debug] &amp#27;[35m[MJSONWP]&amp#27;[39m Responding to client with driver.findElement() result: {"ELEMENT":"96f84a98-edad-4c42-bf6f-ba54e5956b74"}
&amp#27;[35m[HTTP]&amp#27;[39m &amp#27;[37m<-- POST /wd/hub/session/6c033502-fd88-4722-8b5b-92e91949d161/element &amp#27;[39m&amp#27;[32m200&amp#27;[39m &amp#27;[90m973 ms - 122&amp#27;[39m
&amp#27;[35m[HTTP]&amp#27;[39m &amp#27;[90m&amp#27;[39m
&amp#27;[35m[HTTP]&amp#27;[39m &amp#27;[37m-->&amp#27;[39m &amp#27;[37mGET&amp#27;[39m &amp#27;[37m/wd/hub/session/6c033502-fd88-4722-8b5b-92e91949d161/element/96f84a98-edad-4c42-bf6f-ba54e5956b74/displayed&amp#27;[39m
&amp#27;[35m[HTTP]&amp#27;[39m &amp#27;[90m{}&amp#27;[39m
[debug] &amp#27;[35m[W3C]&amp#27;[39m Calling AppiumDriver.elementDisplayed() with args: ["96f84a98-edad-4c42-bf6f-ba54e5956b74","6c033502-fd88-4722-8b5b-92e91949d161"]
[debug] &amp#27;[35m[JSONWP Proxy]&amp#27;[39m Matched '/element/96f84a98-edad-4c42-bf6f-ba54e5956b74/attribute/displayed' to command name 'getAttribute'
[debug] &amp#27;[35m[JSONWP Proxy]&amp#27;[39m Proxying [GET /element/96f84a98-edad-4c42-bf6f-ba54e5956b74/attribute/displayed] to [GET http://localhost:8201/wd/hub/session/5a27c767-9791-4751-872d-2ed612cd606d/element/96f84a98-edad-4c42-bf6f-ba54e5956b74/attribute/displayed] with body: {}
[debug] &amp#27;[35m[JSONWP Proxy]&amp#27;[39m Got response with status 200: "{\"sessionId\":\"5a27c767-9791-4751-872d-2ed612cd606d\",\"status\":0,\"value\":\"true\"}"
[debug] &amp#27;[35m[MJSONWP]&amp#27;[39m Responding to client with driver.elementDisplayed() result: true
&amp#27;[35m[HTTP]&amp#27;[39m &amp#27;[37m<-- GET /wd/hub/session/6c033502-fd88-4722-8b5b-92e91949d161/element/96f84a98-edad-4c42-bf6f-ba54e5956b74/displayed &amp#27;[39m&amp#27;[32m200&amp#27;[39m &amp#27;[90m47 ms - 76&amp#27;[39m
&amp#27;[35m[HTTP]&amp#27;[39m &amp#27;[90m&amp#27;[39m
&amp#27;[35m[HTTP]&amp#27;[39m &amp#27;[37m-->&amp#27;[39m &amp#27;[37mPOST&amp#27;[39m &amp#27;[37m/wd/hub/session/6c033502-fd88-4722-8b5b-92e91949d161/element&amp#27;[39m
&amp#27;[35m[HTTP]&amp#27;[39m &amp#27;[90m{"using":"id","value":"com.Slack:id/sign_in_button"}&amp#27;[39m
[debug] &amp#27;[35m[W3C]&amp#27;[39m Calling AppiumDriver.findElement() with args: ["id","com.Slack:id/sign_in_button","6c033502-fd88-4722-8b5b-92e91949d161"]
[debug] &amp#27;[35m[BaseDriver]&amp#27;[39m Valid locator strategies for this request: xpath, id, class name, accessibility id, -android uiautomator
[debug] &amp#27;[35m[BaseDriver]&amp#27;[39m Waiting up to 0 ms for condition
[debug] &amp#27;[35m[JSONWP Proxy]&amp#27;[39m Matched '/element' to command name 'findElement'
[debug] &amp#27;[35m[JSONWP Proxy]&amp#27;[39m Proxying [POST /element] to [POST http://localhost:8201/wd/hub/session/5a27c767-9791-4751-872d-2ed612cd606d/element] with body: {"strategy":"id","selector":"com.Slack:id/sign_in_button","context":"","multiple":false}
[debug] &amp#27;[35m[JSONWP Proxy]&amp#27;[39m Got response with status 200: {"sessionId":"5a27c767-9791-4751-872d-2ed612cd606d","status":0,"value":{"ELEMENT":"3602077f-6fea-4783-954d-90d5c743ef37"}}
[debug] &amp#27;[35m[MJSONWP]&amp#27;[39m Responding to client with driver.findElement() result: {"ELEMENT":"3602077f-6fea-4783-954d-90d5c743ef37"}
&amp#27;[35m[HTTP]&amp#27;[39m &amp#27;[37m<-- POST /wd/hub/session/6c033502-fd88-4722-8b5b-92e91949d161/element &amp#27;[39m&amp#27;[32m200&amp#27;[39m &amp#27;[90m67 ms - 122&amp#27;[39m
&amp#27;[35m[HTTP]&amp#27;[39m &amp#27;[90m&amp#27;[39m
&amp#27;[35m[HTTP]&amp#27;[39m &amp#27;[37m-->&amp#27;[39m &amp#27;[37mPOST&amp#27;[39m &amp#27;[37m/wd/hub/session/6c033502-fd88-4722-8b5b-92e91949d161/element/3602077f-6fea-4783-954d-90d5c743ef37/click&amp#27;[39m
&amp#27;[35m[HTTP]&amp#27;[39m &amp#27;[90m{"id":"3602077f-6fea-4783-954d-90d5c743ef37"}&amp#27;[39m
[debug] &amp#27;[35m[W3C]&amp#27;[39m Calling AppiumDriver.click() with args: ["3602077f-6fea-4783-954d-90d5c743ef37","6c033502-fd88-4722-8b5b-92e91949d161"]
[debug] &amp#27;[35m[JSONWP Proxy]&amp#27;[39m Matched '/element/3602077f-6fea-4783-954d-90d5c743ef37/click' to command name 'click'
[debug] &amp#27;[35m[JSONWP Proxy]&amp#27;[39m Proxying [POST /element/3602077f-6fea-4783-954d-90d5c743ef37/click] to [POST http://localhost:8201/wd/hub/session/5a27c767-9791-4751-872d-2ed612cd606d/element/3602077f-6fea-4783-954d-90d5c743ef37/click] with body: {"element":"3602077f-6fea-4783-954d-90d5c743ef37"}
[debug] &amp#27;[35m[JSONWP Proxy]&amp#27;[39m Got response with status 200: {"sessionId":"5a27c767-9791-4751-872d-2ed612cd606d","status":0,"value":true}
[debug] &amp#27;[35m[MJSONWP]&amp#27;[39m Responding to client with driver.click() result: true
&amp#27;[35m[HTTP]&amp#27;[39m &amp#27;[37m<-- POST /wd/hub/session/6c033502-fd88-4722-8b5b-92e91949d161/element/3602077f-6fea-4783-954d-90d5c743ef37/click &amp#27;[39m&amp#27;[32m200&amp#27;[39m &amp#27;[90m70 ms - 76&amp#27;[39m
&amp#27;[35m[HTTP]&amp#27;[39m &amp#27;[90m&amp#27;[39m
&amp#27;[35m[HTTP]&amp#27;[39m &amp#27;[37m-->&amp#27;[39m &amp#27;[37mPOST&amp#27;[39m &amp#27;[37m/wd/hub/session/6c033502-fd88-4722-8b5b-92e91949d161/element&amp#27;[39m
&amp#27;[35m[HTTP]&amp#27;[39m &amp#27;[90m{"using":"id","value":"com.Slack:id/sign_in_manually_button"}&amp#27;[39m
[debug] &amp#27;[35m[W3C]&amp#27;[39m Calling AppiumDriver.findElement() with args: ["id","com.Slack:id/sign_in_manually_button","6c033502-fd88-4722-8b5b-92e91949d161"]
[debug] &amp#27;[35m[BaseDriver]&amp#27;[39m Valid locator strategies for this request: xpath, id, class name, accessibility id, -android uiautomator
[debug] &amp#27;[35m[BaseDriver]&amp#27;[39m Waiting up to 0 ms for condition
[debug] &amp#27;[35m[JSONWP Proxy]&amp#27;[39m Matched '/element' to command name 'findElement'
[debug] &amp#27;[35m[JSONWP Proxy]&amp#27;[39m Proxying [POST /element] to [POST http://localhost:8201/wd/hub/session/5a27c767-9791-4751-872d-2ed612cd606d/element] with body: {"strategy":"id","selector":"com.Slack:id/sign_in_manually_button","context":"","multiple":false}
[debug] &amp#27;[35m[MJSONWP]&amp#27;[39m Matched JSONWP error code 7 to NoSuchElementError
&amp#27;[35m[MJSONWP]&amp#27;[39m Encountered internal error running command: NoSuchElementError: An element could not be located on the page using the given search parameters.
&amp#27;[35m[MJSONWP]&amp#27;[39m     at AndroidUiautomator2Driver.callee$0$0$ (/usr/local/lib/node_modules/appium/node_modules/appium-android-driver/lib/commands/find.js:75:11)
&amp#27;[35m[MJSONWP]&amp#27;[39m     at tryCatch (/usr/local/lib/node_modules/appium/node_modules/babel-runtime/regenerator/runtime.js:67:40)
&amp#27;[35m[MJSONWP]&amp#27;[39m     at GeneratorFunctionPrototype.invoke [as _invoke] (/usr/local/lib/node_modules/appium/node_modules/babel-runtime/regenerator/runtime.js:315:22)
&amp#27;[35m[HTTP]&amp#27;&amp#27;[35m[MJSONWP]&amp#27;[39m     at GeneratorFunction[39m &amp#27;[37m<-- POST /wd/hub/sessioPrototype.prn/6c033502-fd88ototyp-4722-8be.(anonymous5b-92e91949d16 function) [as throw] (/usr/lo1/element &amp#27;[39calm&amp#27;[31m500&amp#27;[39m &amp#27;[/90m877 libms - /node_modules/appium164&amp#27;[39m
&amp#27;[/node_mod35m[ulesHTTP]/babel-runtime/regenerator/&amp#27;[39m &amp#27;r[90untime.js:100:21)
&amp#27;[35m[MJSONWP]&amp#27;[39m     ma&amp#27;[39m
t GeneratorFunctionPrototype.invoke (/usr/local/lib/node_modules/appium/node_modules/babel-runtime/regenerator/runtime.js:136:37)
&amp#27;[35m[HTTP]&amp#27;[39m &amp#27;[37m-->&amp#27;[39m &amp#27;[37mPOST&amp#27;[39m &amp#27;[37m/wd/hub/session/6c033502-fd88-4722-8b5b-92e91949d161/element&amp#27;[39m
&amp#27;[35m[HTTP]&amp#27;[39m &amp#27;[90m{"using":"id","value":"com.Slack:id/sign_in_manually_button"}&amp#27;[39m
[debug] &amp#27;[35m[W3C]&amp#27;[39m Calling AppiumDriver.findElement() with args: ["id","com.Slack:id/sign_in_manually_button","6c033502-fd88-4722-8b5b-92e91949d161"]
[debug] &amp#27;[35m[BaseDriver]&amp#27;[39m Valid locator strategies for this request: xpath, id, class name, accessibility id, -android uiautomator
[debug] &amp#27;[35m[BaseDriver]&amp#27;[39m Waiting up to 0 ms for condition
[debug] &amp#27;[35m[JSONWP Proxy]&amp#27;[39m Matched '/element' to command name 'findElement'
[debug] &amp#27;[35m[JSONWP Proxy]&amp#27;[39m Proxying [POST /element] to [POST http://localhost:8201/wd/hub/session/5a27c767-9791-4751-872d-2ed612cd606d/element] with body: {"strategy":"id","selector":"com.Slack:id/sign_in_manually_button","context":"","multiple":false}
[debug] &amp#27;[35m[JSONWP Proxy]&amp#27;[39m Got response with status 200: {"sessionId":"5a27c767-9791-4751-872d-2ed612cd606d","status":0,"value":{"ELEMENT":"1182f682-8d7a-4591-9ff5-29c54078b1b3"}}
[debug] &amp#27;[35m[MJSONWP]&amp#27;[39m Responding to client with driver.findElement() result: {"ELEMENT":"1182f682-8d7a-4591-9ff5-29c54078b1b3"}
&amp#27;[35m[HTTP]&amp#27;[39m &amp#27;[37m<-- POST /wd/hub/session/6c033502-fd88-4722-8b5b-92e91949d161/element &amp#27;[39m&amp#27;[32m200&amp#27;[39m &amp#27;[90m43 ms - 122&amp#27;[39m
&amp#27;[35m[HTTP]&amp#27;[39m &amp#27;[90m&amp#27;[39m
&amp#27;[35m[HTTP]&amp#27;[39m &amp#27;[37m-->&amp#27;[39m &amp#27;[37mGET&amp#27;[39m &amp#27;[37m/wd/hub/session/6c033502-fd88-4722-8b5b-92e91949d161/element/1182f682-8d7a-4591-9ff5-29c54078b1b3/displayed&amp#27;[39m
&amp#27;[35m[HTTP]&amp#27;[39m &amp#27;[90m{}&amp#27;[39m
[debug] &amp#27;[35m[W3C]&amp#27;[39m Calling AppiumDriver.elementDisplayed() with args: ["1182f682-8d7a-4591-9ff5-29c54078b1b3","6c033502-fd88-4722-8b5b-92e91949d161"]
[debug] &amp#27;[35m[JSONWP Proxy]&amp#27;[39m Matched '/element/1182f682-8d7a-4591-9ff5-29c54078b1b3/attribute/displayed' to command name 'getAttribute'
[debug] &amp#27;[35m[JSONWP Proxy]&amp#27;[39m Proxying [GET /element/1182f682-8d7a-4591-9ff5-29c54078b1b3/attribute/displayed] to [GET http://localhost:8201/wd/hub/session/5a27c767-9791-4751-872d-2ed612cd606d/element/1182f682-8d7a-4591-9ff5-29c54078b1b3/attribute/displayed] with body: {}
[debug] &amp#27;[35m[JSONWP Proxy]&amp#27;[39m Got response with status 200: "{\"sessionId\":\"5a27c767-9791-4751-872d-2ed612cd606d\",\"status\":0,\"value\":\"true\"}"
[debug] &amp#27;[35m[MJSONWP]&amp#27;[39m Responding to client with driver.elementDisplayed() result: true
&amp#27;[35m[HTTP]&amp#27;[39m &amp#27;[37m<-- GET /wd/hub/session/6c033502-fd88-4722-8b5b-92e91949d161/element/1182f682-8d7a-4591-9ff5-29c54078b1b3/displayed &amp#27;[39m&amp#27;[32m200&amp#27;[39m &amp#27;[90m31 ms - 76&amp#27;[39m
&amp#27;[35m[HTTP]&amp#27;[39m &amp#27;[90m&amp#27;[39m
&amp#27;[35m[HTTP]&amp#27;[39m &amp#27;[37m-->&amp#27;[39m &amp#27;[37mPOST&amp#27;[39m &amp#27;[37m/wd/hub/session/6c033502-fd88-4722-8b5b-92e91949d161/element&amp#27;[39m
&amp#27;[35m[HTTP]&amp#27;[39m &amp#27;[90m{"using":"id","value":"com.Slack:id/sign_in_manually_button"}&amp#27;[39m
[debug] &amp#27;[35m[W3C]&amp#27;[39m Calling AppiumDriver.findElement() with args: ["id","com.Slack:id/sign_in_manually_button","6c033502-fd88-4722-8b5b-92e91949d161"]
[debug] &amp#27;[35m[BaseDriver]&amp#27;[39m Valid locator strategies for this request: xpath, id, class name, accessibility id, -android uiautomator
[debug] &amp#27;[35m[BaseDriver]&amp#27;[39m Waiting up to 0 ms for condition
[debug] &amp#27;[35m[JSONWP Proxy]&amp#27;[39m Matched '/element' to command name 'findElement'
[debug] &amp#27;[35m[JSONWP Proxy]&amp#27;[39m Proxying [POST /element] to [POST http://localhost:8201/wd/hub/session/5a27c767-9791-4751-872d-2ed612cd606d/element] with body: {"strategy":"id","selector":"com.Slack:id/sign_in_manually_button","context":"","multiple":false}
[debug] &amp#27;[35m[JSONWP Proxy]&amp#27;[39m Got response with status 200: {"sessionId":"5a27c767-9791-4751-872d-2ed612cd606d","status":0,"value":{"ELEMENT":"035ed8da-4e6d-4f6d-a115-960c1c0e8a99"}}
[debug] &amp#27;[35m[MJSONWP]&amp#27;[39m Responding to client with driver.findElement() result: {"ELEMENT":"035ed8da-4e6d-4f6d-a115-960c1c0e8a99"}
&amp#27;[35m[HTTP]&amp#27;[39m &amp#27;[37m<-- POST /wd/hub/session/6c033502-fd88-4722-8b5b-92e91949d161/element &amp#27;[39m&amp#27;[32m200&amp#27;[39m &amp#27;[90m39 ms - 122&amp#27;[39m
&amp#27;[35m[HTTP]&amp#27;[39m &amp#27;[90m&amp#27;[39m
&amp#27;[35m[HTTP]&amp#27;[39m &amp#27;[37m-->&amp#27;[39m &amp#27;[37mPOST&amp#27;[39m &amp#27;[37m/wd/hub/session/6c033502-fd88-4722-8b5b-92e91949d161/element/035ed8da-4e6d-4f6d-a115-960c1c0e8a99/click&amp#27;[39m
&amp#27;[35m[HTTP]&amp#27;[39m &amp#27;[90m{"id":"035ed8da-4e6d-4f6d-a115-960c1c0e8a99"}&amp#27;[39m
[debug] &amp#27;[35m[W3C]&amp#27;[39m Calling AppiumDriver.click() with args: ["035ed8da-4e6d-4f6d-a115-960c1c0e8a99","6c033502-fd88-4722-8b5b-92e91949d161"]
[debug] &amp#27;[35m[JSONWP Proxy]&amp#27;[39m Matched '/element/035ed8da-4e6d-4f6d-a115-960c1c0e8a99/click' to command name 'click'
[debug] &amp#27;[35m[JSONWP Proxy]&amp#27;[39m Proxying [POST /element/035ed8da-4e6d-4f6d-a115-960c1c0e8a99/click] to [POST http://localhost:8201/wd/hub/session/5a27c767-9791-4751-872d-2ed612cd606d/element/035ed8da-4e6d-4f6d-a115-960c1c0e8a99/click] with body: {"element":"035ed8da-4e6d-4f6d-a115-960c1c0e8a99"}
[debug] &amp#27;[35m[JSONWP Proxy]&amp#27;[39m Got response with status 200: {"sessionId":"5a27c767-9791-4751-872d-2ed612cd606d","status":0,"value":true}
[debug] &amp#27;[35m[MJSONWP]&amp#27;[39m Responding to client with driver.click() result: true
&amp#27;[35m[HTTP]&amp#27;[39m &amp#27;[37m<-- POST /wd/hub/session/6c033502-fd88-4722-8b5b-92e91949d161/element/035ed8da-4e6d-4f6d-a115-960c1c0e8a99/click &amp#27;[39m&amp#27;[32m200&amp#27;[39m &amp#27;[90m48 ms - 76&amp#27;[39m
&amp#27;[35m[HTTP]&amp#27;[39m &amp#27;[90m&amp#27;[39m
&amp#27;[35m[HTTP]&amp#27;[39m &amp#27;[37m-->&amp#27;[39m &amp#27;[37mPOST&amp#27;[39m &amp#27;[37m/wd/hub/session/6c033502-fd88-4722-8b5b-92e91949d161/element&amp#27;[39m
&amp#27;[35m[HTTP]&amp#27;[39m &amp#27;[90m{"using":"id","value":"com.Slack:id/team_url_edit_text"}&amp#27;[39m
[debug] &amp#27;[35m[W3C]&amp#27;[39m Calling AppiumDriver.findElement() with args: ["id","com.Slack:id/team_url_edit_text","6c033502-fd88-4722-8b5b-92e91949d161"]
[debug] &amp#27;[35m[BaseDriver]&amp#27;[39m Valid locator strategies for this request: xpath, id, class name, accessibility id, -android uiautomator
[debug] &amp#27;[35m[BaseDriver]&amp#27;[39m Waiting up to 0 ms for condition
[debug] &amp#27;[35m[JSONWP Proxy]&amp#27;[39m Matched '/element' to command name 'findElement'
[debug] &amp#27;[35m[JSONWP Proxy]&amp#27;[39m Proxying [POST /element] to [POST http://localhost:8201/wd/hub/session/5a27c767-9791-4751-872d-2ed612cd606d/element] with body: {"strategy":"id","selector":"com.Slack:id/team_url_edit_text","context":"","multiple":false}
[debug] &amp#27;[35m[MJSONWP]&amp#27;[39m Matched JSONWP error code 7 to NoSuchElementError
&amp#27;[35m[MJSONWP]&amp#27;[39m Encountered internal error running command: NoSuchElementError: An element could not be located on the page using the given search parameters.
&amp#27;[35m[MJSONWP]&amp#27;[39m     at AndroidUiautomator2Driver.callee$0$0$ (/usr/local/lib/node_modules/appium/node_modules/appium-android-driver/lib/commands/find.js:75:11)
&amp#27;[35m[MJSONWP]&amp#27;[39m     at tryCatch (/usr/local/lib/node_modules/appium/node_modules/babel-runtime/regenerator/runtime.js:67:40)
&amp#27;[35m[MJSONWP]&amp#27;[39m     at GeneratorFunctionPrototype.invoke [as _invoke] (/usr/local/lib/node_modules/appium/node_modules/babel-runtime/regenerator/runtime.js:315:22)
&amp#27;[35m[MJSONWP]&amp#27;[39m     at GeneratorFunctionPrototype.prototype.(anonymous function) [as throw] (/usr/local/lib/node_modules/appium/node_modules/babel-runti&amp#27;[35mem[HTTP]&amp#27;/reg[39eneratom r/&amp#27;[37m<-- runPOST /wd/hub/sestimsion/6c0e.33502-fd8js:18-4722-8b5b-92e91949d100:21)
61/e&amp#27;[lem35enm[MJSONWt P]&amp#27;[3&amp#27;[39m&amp#27;[319m m500&amp#27;[39m &amp#27;[90 m14   at Gene31 msrat - 164&amp#27;[39m
orFunctionP&amp#27;[35rom[totHTTPyp]&amp#27;e.[39m &amp#27;[90invoke (/usr/local/m&amp#27;[39mlib
/node_modules/appium/node_modules/babel-runtime/regenerator/runtime.js:136:37)
&amp#27;[35m[HTTP]&amp#27;[39m &amp#27;[37m-->&amp#27;[39m &amp#27;[37mPOST&amp#27;[39m &amp#27;[37m/wd/hub/session/6c033502-fd88-4722-8b5b-92e91949d161/element&amp#27;[39m
&amp#27;[35m[HTTP]&amp#27;[39m &amp#27;[90m{"using":"id","value":"com.Slack:id/team_url_edit_text"}&amp#27;[39m
[debug] &amp#27;[35m[W3C]&amp#27;[39m Calling AppiumDriver.findElement() with args: ["id","com.Slack:id/team_url_edit_text","6c033502-fd88-4722-8b5b-92e91949d161"]
[debug] &amp#27;[35m[BaseDriver]&amp#27;[39m Valid locator strategies for this request: xpath, id, class name, accessibility id, -android uiautomator
[debug] &amp#27;[35m[BaseDriver]&amp#27;[39m Waiting up to 0 ms for condition
[debug] &amp#27;[35m[JSONWP Proxy]&amp#27;[39m Matched '/element' to command name 'findElement'
[debug] &amp#27;[35m[JSONWP Proxy]&amp#27;[39m Proxying [POST /element] to [POST http://localhost:8201/wd/hub/session/5a27c767-9791-4751-872d-2ed612cd606d/element] with body: {"strategy":"id","selector":"com.Slack:id/team_url_edit_text","context":"","multiple":false}
[debug] &amp#27;[35m[JSONWP Proxy]&amp#27;[39m Got response with status 200: {"sessionId":"5a27c767-9791-4751-872d-2ed612cd606d","status":0,"value":{"ELEMENT":"9ab828c2-ea67-485d-833e-48d1bcb60899"}}
[debug] &amp#27;[35m[MJSONWP]&amp#27;[39m Responding to client with driver.findElement() result: {"ELEMENT":"9ab828c2-ea67-485d-833e-48d1bcb60899"}
&amp#27;[35m[HTTP]&amp#27;[39m &amp#27;[37m<-- POST /wd/hub/session/6c033502-fd88-4722-8b5b-92e91949d161/element &amp#27;[39m&amp#27;[32m200&amp#27;[39m &amp#27;[90m33 ms - 122&amp#27;[39m
&amp#27;[35m[HTTP]&amp#27;[39m &amp#27;[90m&amp#27;[39m
&amp#27;[35m[HTTP]&amp#27;[39m &amp#27;[37m-->&amp#27;[39m &amp#27;[37mGET&amp#27;[39m &amp#27;[37m/wd/hub/session/6c033502-fd88-4722-8b5b-92e91949d161/element/9ab828c2-ea67-485d-833e-48d1bcb60899/displayed&amp#27;[39m
&amp#27;[35m[HTTP]&amp#27;[39m &amp#27;[90m{}&amp#27;[39m
[debug] &amp#27;[35m[W3C]&amp#27;[39m Calling AppiumDriver.elementDisplayed() with args: ["9ab828c2-ea67-485d-833e-48d1bcb60899","6c033502-fd88-4722-8b5b-92e91949d161"]
[debug] &amp#27;[35m[JSONWP Proxy]&amp#27;[39m Matched '/element/9ab828c2-ea67-485d-833e-48d1bcb60899/attribute/displayed' to command name 'getAttribute'
[debug] &amp#27;[35m[JSONWP Proxy]&amp#27;[39m Proxying [GET /element/9ab828c2-ea67-485d-833e-48d1bcb60899/attribute/displayed] to [GET http://localhost:8201/wd/hub/session/5a27c767-9791-4751-872d-2ed612cd606d/element/9ab828c2-ea67-485d-833e-48d1bcb60899/attribute/displayed] with body: {}
[debug] &amp#27;[35m[JSONWP Proxy]&amp#27;[39m Got response with status 200: "{\"sessionId\":\"5a27c767-9791-4751-872d-2ed612cd606d\",\"status\":0,\"value\":\"true\"}"
[debug] &amp#27;[35m[MJSONWP]&amp#27;[39m Responding to client with driver.elementDisplayed() result: true
&amp#27;[35m[HTTP]&amp#27;[39m &amp#27;[37m<-- GET /wd/hub/session/6c033502-fd88-4722-8b5b-92e91949d161/element/9ab828c2-ea67-485d-833e-48d1bcb60899/displayed &amp#27;[39m&amp#27;[32m200&amp#27;[39m &amp#27;[90m20 ms - 76&amp#27;[39m
&amp#27;[35m[HTTP]&amp#27;[39m &amp#27;[90m&amp#27;[39m
&amp#27;[35m[HTTP]&amp#27;[39m &amp#27;[37m-->&amp#27;[39m &amp#27;[37mPOST&amp#27;[39m &amp#27;[37m/wd/hub/session/6c033502-fd88-4722-8b5b-92e91949d161/element&amp#27;[39m
&amp#27;[35m[HTTP]&amp#27;[39m &amp#27;[90m{"using":"id","value":"com.Slack:id/team_url_edit_text"}&amp#27;[39m
[debug] &amp#27;[35m[W3C]&amp#27;[39m Calling AppiumDriver.findElement() with args: ["id","com.Slack:id/team_url_edit_text","6c033502-fd88-4722-8b5b-92e91949d161"]
[debug] &amp#27;[35m[BaseDriver]&amp#27;[39m Valid locator strategies for this request: xpath, id, class name, accessibility id, -android uiautomator
[debug] &amp#27;[35m[BaseDriver]&amp#27;[39m Waiting up to 0 ms for condition
[debug] &amp#27;[35m[JSONWP Proxy]&amp#27;[39m Matched '/element' to command name 'findElement'
[debug] &amp#27;[35m[JSONWP Proxy]&amp#27;[39m Proxying [POST /element] to [POST http://localhost:8201/wd/hub/session/5a27c767-9791-4751-872d-2ed612cd606d/element] with body: {"strategy":"id","selector":"com.Slack:id/team_url_edit_text","context":"","multiple":false}
[debug] &amp#27;[35m[JSONWP Proxy]&amp#27;[39m Got response with status 200: {"sessionId":"5a27c767-9791-4751-872d-2ed612cd606d","status":0,"value":{"ELEMENT":"d630faf9-f177-4d64-b127-a1f9bfed9703"}}
[debug] &amp#27;[35m[MJSONWP]&amp#27;[39m Responding to client with driver.findElement() result: {"ELEMENT":"d630faf9-f177-4d64-b127-a1f9bfed9703"}
&amp#27;[35m[HTTP]&amp#27;[39m &amp#27;[37m<-- POST /wd/hub/session/6c033502-fd88-4722-8b5b-92e91949d161/element &amp#27;[39m&amp#27;[32m200&amp#27;[39m &amp#27;[90m28 ms - 122&amp#27;[39m
&amp#27;[35m[HTTP]&amp#27;[39m &amp#27;[90m&amp#27;[39m
&amp#27;[35m[HTTP]&amp#27;[39m &amp#27;[37m-->&amp#27;[39m &amp#27;[37mPOST&amp#27;[39m &amp#27;[37m/wd/hub/session/6c033502-fd88-4722-8b5b-92e91949d161/element/d630faf9-f177-4d64-b127-a1f9bfed9703/clear&amp#27;[39m
&amp#27;[35m[HTTP]&amp#27;[39m &amp#27;[90m{"id":"d630faf9-f177-4d64-b127-a1f9bfed9703"}&amp#27;[39m
[debug] &amp#27;[35m[W3C]&amp#27;[39m Calling AppiumDriver.clear() with args: ["d630faf9-f177-4d64-b127-a1f9bfed9703","6c033502-fd88-4722-8b5b-92e91949d161"]
[debug] &amp#27;[35m[JSONWP Proxy]&amp#27;[39m Matched '/element/d630faf9-f177-4d64-b127-a1f9bfed9703/clear' to command name 'clear'
[debug] &amp#27;[35m[JSONWP Proxy]&amp#27;[39m Proxying [POST /element/d630faf9-f177-4d64-b127-a1f9bfed9703/clear] to [POST http://localhost:8201/wd/hub/session/5a27c767-9791-4751-872d-2ed612cd606d/element/d630faf9-f177-4d64-b127-a1f9bfed9703/clear] with body: {"elementId":"d630faf9-f177-4d64-b127-a1f9bfed9703"}
[debug] &amp#27;[35m[JSONWP Proxy]&amp#27;[39m Got response with status 200: {"sessionId":"5a27c767-9791-4751-872d-2ed612cd606d","status":0,"value":"Element Cleared"}
[debug] &amp#27;[35m[MJSONWP]&amp#27;[39m Responding to client with driver.clear() result: "Element Cleared"
&amp#27;[35m[HTTP]&amp#27;[39m &amp#27;[37m<-- POST /wd/hub/session/6c033502-fd88-4722-8b5b-92e91949d161/element/d630faf9-f177-4d64-b127-a1f9bfed9703/clear &amp#27;[39m&amp#27;[32m200&amp#27;[39m &amp#27;[90m28 ms - 89&amp#27;[39m
&amp#27;[35m[HTTP]&amp#27;[39m &amp#27;[90m&amp#27;[39m
&amp#27;[35m[HTTP]&amp#27;[39m &amp#27;[37m-->&amp#27;[39m &amp#27;[37mPOST&amp#27;[39m &amp#27;[37m/wd/hub/session/6c033502-fd88-4722-8b5b-92e91949d161/element&amp#27;[39m
&amp#27;[35m[HTTP]&amp#27;[39m &amp#27;[90m{"using":"id","value":"com.Slack:id/team_url_edit_text"}&amp#27;[39m
[debug] &amp#27;[35m[W3C]&amp#27;[39m Calling AppiumDriver.findElement() with args: ["id","com.Slack:id/team_url_edit_text","6c033502-fd88-4722-8b5b-92e91949d161"]
[debug] &amp#27;[35m[BaseDriver]&amp#27;[39m Valid locator strategies for this request: xpath, id, class name, accessibility id, -android uiautomator
[debug] &amp#27;[35m[BaseDriver]&amp#27;[39m Waiting up to 0 ms for condition
[debug] &amp#27;[35m[JSONWP Proxy]&amp#27;[39m Matched '/element' to command name 'findElement'
[debug] &amp#27;[35m[JSONWP Proxy]&amp#27;[39m Proxying [POST /element] to [POST http://localhost:8201/wd/hub/session/5a27c767-9791-4751-872d-2ed612cd606d/element] with body: {"strategy":"id","selector":"com.Slack:id/team_url_edit_text","context":"","multiple":false}
[debug] &amp#27;[35m[JSONWP Proxy]&amp#27;[39m Got response with status 200: {"sessionId":"5a27c767-9791-4751-872d-2ed612cd606d","status":0,"value":{"ELEMENT":"cd2047af-797c-479f-a546-41036cacbdc9"}}
[debug] &amp#27;[35m[MJSONWP]&amp#27;[39m Responding to client with driver.findElement() result: {"ELEMENT":"cd2047af-797c-479f-a546-41036cacbdc9"}
&amp#27;[35m[HTTP]&amp#27;[39m &amp#27;[37m<-- POST /wd/hub/session/6c033502-fd88-4722-8b5b-92e91949d161/element &amp#27;[39m&amp#27;[32m200&amp#27;[39m &amp#27;[90m29 ms - 122&amp#27;[39m
&amp#27;[35m[HTTP]&amp#27;[39m &amp#27;[90m&amp#27;[39m
&amp#27;[35m[HTTP]&amp#27;[39m &amp#27;[37m-->&amp#27;[39m &amp#27;[37mPOST&amp#27;[39m &amp#27;[37m/wd/hub/session/6c033502-fd88-4722-8b5b-92e91949d161/element/cd2047af-797c-479f-a546-41036cacbdc9/value&amp#27;[39m
&amp#27;[35m[HTTP]&amp#27;[39m &amp#27;[90m{"id":"cd2047af-797c-479f-a546-41036cacbdc9","value":["slacktestautomation"]}&amp#27;[39m
[debug] &amp#27;[35m[W3C]&amp#27;[39m Calling AppiumDriver.setValue() with args: [["slacktestautomation"],"cd2047af-797c-479f-a546-41036cacbdc9","6c033502-fd88-4722-8b5b-92e91949d161"]
[debug] &amp#27;[35m[JSONWP Proxy]&amp#27;[39m Matched '/element/cd2047af-797c-479f-a546-41036cacbdc9/value' to command name 'setValue'
[debug] &amp#27;[35m[JSONWP Proxy]&amp#27;[39m Proxying [POST /element/cd2047af-797c-479f-a546-41036cacbdc9/value] to [POST http://localhost:8201/wd/hub/session/5a27c767-9791-4751-872d-2ed612cd606d/element/cd2047af-797c-479f-a546-41036cacbdc9/value] with body: {"elementId":"cd2047af-797c-479f-a546-41036cacbdc9","text":"slacktestautomation","replace":false}
[debug] &amp#27;[35m[JSONWP Proxy]&amp#27;[39m Got response with status 200: {"sessionId":"5a27c767-9791-4751-872d-2ed612cd606d","status":0,"value":""}
[debug] &amp#27;[35m[MJSONWP]&amp#27;[39m Responding to client with driver.setValue() result: ""
&amp#27;[35m[HTTP]&amp#27;[39m &amp#27;[37m<-- POST /wd/hub/session/6c033502-fd88-4722-8b5b-92e91949d161/element/cd2047af-797c-479f-a546-41036cacbdc9/value &amp#27;[39m&amp#27;[32m200&amp#27;[39m &amp#27;[90m656 ms - 74&amp#27;[39m
&amp#27;[35m[HTTP]&amp#27;[39m &amp#27;[90m&amp#27;[39m
&amp#27;[35m[HTTP]&amp#27;[39m &amp#27;[37m-->&amp#27;[39m &amp#27;[37mPOST&amp#27;[39m &amp#27;[37m/wd/hub/session/6c033502-fd88-4722-8b5b-92e91949d161/element&amp#27;[39m
&amp#27;[35m[HTTP]&amp#27;[39m &amp#27;[90m{"using":"id","value":"com.Slack:id/next_button_url_entry"}&amp#27;[39m
[debug] &amp#27;[35m[W3C]&amp#27;[39m Calling AppiumDriver.findElement() with args: ["id","com.Slack:id/next_button_url_entry","6c033502-fd88-4722-8b5b-92e91949d161"]
[debug] &amp#27;[35m[BaseDriver]&amp#27;[39m Valid locator strategies for this request: xpath, id, class name, accessibility id, -android uiautomator
[debug] &amp#27;[35m[BaseDriver]&amp#27;[39m Waiting up to 0 ms for condition
[debug] &amp#27;[35m[JSONWP Proxy]&amp#27;[39m Matched '/element' to command name 'findElement'
[debug] &amp#27;[35m[JSONWP Proxy]&amp#27;[39m Proxying [POST /element] to [POST http://localhost:8201/wd/hub/session/5a27c767-9791-4751-872d-2ed612cd606d/element] with body: {"strategy":"id","selector":"com.Slack:id/next_button_url_entry","context":"","multiple":false}
[debug] &amp#27;[35m[JSONWP Proxy]&amp#27;[39m Got response with status 200: {"sessionId":"5a27c767-9791-4751-872d-2ed612cd606d","status":0,"value":{"ELEMENT":"bfc86401-3e7f-409f-bd81-4fd8fc74c2b4"}}
[debug] &amp#27;[35m[MJSONWP]&amp#27;[39m Responding to client with driver.findElement() result: {"ELEMENT":"bfc86401-3e7f-409f-bd81-4fd8fc74c2b4"}
&amp#27;[35m[HTTP]&amp#27;[39m &amp#27;[37m<-- POST /wd/hub/session/6c033502-fd88-4722-8b5b-92e91949d161/element &amp#27;[39m&amp#27;[32m200&amp#27;[39m &amp#27;[90m879 ms - 122&amp#27;[39m
&amp#27;[35m[HTTP]&amp#27;[39m &amp#27;[90m&amp#27;[39m
&amp#27;[35m[HTTP]&amp#27;[39m &amp#27;[37m-->&amp#27;[39m &amp#27;[37mPOST&amp#27;[39m &amp#27;[37m/wd/hub/session/6c033502-fd88-4722-8b5b-92e91949d161/element/bfc86401-3e7f-409f-bd81-4fd8fc74c2b4/click&amp#27;[39m
&amp#27;[35m[HTTP]&amp#27;[39m &amp#27;[90m{"id":"bfc86401-3e7f-409f-bd81-4fd8fc74c2b4"}&amp#27;[39m
[debug] &amp#27;[35m[W3C]&amp#27;[39m Calling AppiumDriver.click() with args: ["bfc86401-3e7f-409f-bd81-4fd8fc74c2b4","6c033502-fd88-4722-8b5b-92e91949d161"]
[debug] &amp#27;[35m[JSONWP Proxy]&amp#27;[39m Matched '/element/bfc86401-3e7f-409f-bd81-4fd8fc74c2b4/click' to command name 'click'
[debug] &amp#27;[35m[JSONWP Proxy]&amp#27;[39m Proxying [POST /element/bfc86401-3e7f-409f-bd81-4fd8fc74c2b4/click] to [POST http://localhost:8201/wd/hub/session/5a27c767-9791-4751-872d-2ed612cd606d/element/bfc86401-3e7f-409f-bd81-4fd8fc74c2b4/click] with body: {"element":"bfc86401-3e7f-409f-bd81-4fd8fc74c2b4"}
[debug] &amp#27;[35m[JSONWP Proxy]&amp#27;[39m Got response with status 200: {"sessionId":"5a27c767-9791-4751-872d-2ed612cd606d","status":0,"value":true}
[debug] &amp#27;[35m[MJSONWP]&amp#27;[39m Responding to client with driver.click() result: true
&amp#27;[35m[HTTP]&amp#27;[39m &amp#27;[37m<-- POST /wd/hub/session/6c033502-fd88-4722-8b5b-92e91949d161/element/bfc86401-3e7f-409f-bd81-4fd8fc74c2b4/click &amp#27;[39m&amp#27;[32m200&amp#27;[39m &amp#27;[90m29 ms - 76&amp#27;[39m
&amp#27;[35m[HTTP]&amp#27;[39m &amp#27;[90m&amp#27;[39m
&amp#27;[35m[HTTP]&amp#27;[39m &amp#27;[37m-->&amp#27;[39m &amp#27;[37mPOST&amp#27;[39m &amp#27;[37m/wd/hub/session/6c033502-fd88-4722-8b5b-92e91949d161/element&amp#27;[39m
&amp#27;[35m[HTTP]&amp#27;[39m &amp#27;[90m{"using":"id","value":"com.Slack:id/next_button_url_entry"}&amp#27;[39m
[debug] &amp#27;[35m[W3C]&amp#27;[39m Calling AppiumDriver.findElement() with args: ["id","com.Slack:id/next_button_url_entry","6c033502-fd88-4722-8b5b-92e91949d161"]
[debug] &amp#27;[35m[BaseDriver]&amp#27;[39m Valid locator strategies for this request: xpath, id, class name, accessibility id, -android uiautomator
[debug] &amp#27;[35m[BaseDriver]&amp#27;[39m Waiting up to 0 ms for condition
[debug] &amp#27;[35m[JSONWP Proxy]&amp#27;[39m Matched '/element' to command name 'findElement'
[debug] &amp#27;[35m[JSONWP Proxy]&amp#27;[39m Proxying [POST /element] to [POST http://localhost:8201/wd/hub/session/5a27c767-9791-4751-872d-2ed612cd606d/element] with body: {"strategy":"id","selector":"com.Slack:id/next_button_url_entry","context":"","multiple":false}
[debug] &amp#27;[35m[MJSONWP]&amp#27;[39m Matched JSONWP error code 7 to NoSuchElementError
&amp#27;[35m[MJSONWP]&amp#27;[39m Encountered internal error running command: NoSuchElementError: An element could not be located on the page using the given search parameters.
&amp#27;[35m[MJSONWP]&amp#27;[39m     at AndroidUiautomator2Driver.callee$0$0$ (/usr/local/lib/node_modules/appium/node_modules/appium-an&amp#27;[35drom[id-driver/lib/commands/fHTTP]&amp#27;[ind.js:75:3911)
m &amp#27;[&amp#27;[35m[M37m<JS-- PONWP]&amp#27;[39OST m    /w atd/ tryCatch hu(/usb/r/locasessl/iolin/6b/nc03ode_modules350/appium2-/nfd88-4722-ode_mo8b5b-92e91949d161dul/eeslem/babel-renuntt im&amp#27;[e/regener39m&amp#27;[31ator/runtm500&amp#27;[ime.js:6739m :40)&amp#27;[
&amp#27;[35m[M90JSm94ON1 WP]&amp#27;ms - [39m   164  at&amp#27;[39m Ge
ne&amp#27;[35ratorFunctionm[HTTPPrototy]&amp#27;[pe.in39vom &amp#27;[90m&amp#27;[39m
ke [as _invoke] (/usr/local/lib/node_modules/appium/node_modules/babel-runtime/regenerator/runtime.js:315:22)
&amp#27;[35m[MJSONWP]&amp#27;[39m     at GeneratorFunctionPrototype.prototype.(anonymous function) [as throw] (/usr/local/lib/node_modules/appium/node_modules/babel-runtime/regenerator/runtime.js:100:21)
&amp#27;[35m[MJSONWP]&amp#27;[39m     at GeneratorFunctionPrototype.invoke (/usr/local/lib/node_modules/appium/node_modules/babel-runtime/regenerator/runtime.js:136:37)
&amp#27;[35m[HTTP]&amp#27;[39m &amp#27;[37m-->&amp#27;[39m &amp#27;[37mPOST&amp#27;[39m &amp#27;[37m/wd/hub/session/6c033502-fd88-4722-8b5b-92e91949d161/element&amp#27;[39m
&amp#27;[35m[HTTP]&amp#27;[39m &amp#27;[90m{"using":"id","value":"com.Slack:id/next_button_url_entry"}&amp#27;[39m
[debug] &amp#27;[35m[W3C]&amp#27;[39m Calling AppiumDriver.findElement() with args: ["id","com.Slack:id/next_button_url_entry","6c033502-fd88-4722-8b5b-92e91949d161"]
[debug] &amp#27;[35m[BaseDriver]&amp#27;[39m Valid locator strategies for this request: xpath, id, class name, accessibility id, -android uiautomator
[debug] &amp#27;[35m[BaseDriver]&amp#27;[39m Waiting up to 0 ms for condition
[debug] &amp#27;[35m[JSONWP Proxy]&amp#27;[39m Matched '/element' to command name 'findElement'
[debug] &amp#27;[35m[JSONWP Proxy]&amp#27;[39m Proxying [POST /element] to [POST http://localhost:8201/wd/hub/session/5a27c767-9791-4751-872d-2ed612cd606d/element] with body: {"strategy":"id","selector":"com.Slack:id/next_button_url_entry","context":"","multiple":false}
[debug] &amp#27;[35m[MJSONWP]&amp#27;[39m Matched JSONWP error code 7 to NoSuchElementError
&amp#27;[35m[MJSONWP]&amp#27;[39m Encountered internal error running command: NoSuchElementError: An element could not be located on the page using the given search parameters.
&amp#27;[35m[MJSONWP]&amp#27;[39m     at AndroidUiautomator2Driver.callee$0$0$ (/usr/local/lib/node_modules/appium/node_modules/appium-android-dr&amp#27;[3iv5m[HTTP]er/lib/comman&amp#27;[39m &amp#27;[37mds<-- PO/finST /wd/hub/sd.jession/6c03s:75:11)
35&amp#27;[3502-fd88-4m[722-8b5b-9MJ2eSON91949d16WP]&amp#27;1/e[3leme9m nt &amp#27;[    39m&amp#27;[31mat tryCatc500&amp#27;[39m h (/usr/&amp#27;[90mlo29cal/li mb/ns - 16ode_modules4&amp#27;[/app39ium
&amp#27;m/[3no5m[Hde_TTmoP]&amp#27;[39m &amp#27;[90dules/babem&amp#27;[39m
l-runtime/regenerator/runtime.js:67:40)
&amp#27;[35m[MJSONWP]&amp#27;[39m     at GeneratorFunctionPrototype.invoke [as _invoke] (/usr/local/lib/node_modules/appium/node_modules/babel-runtime/regenerator/runtime.js:315:22)
&amp#27;[35m[MJSONWP]&amp#27;[39m     at GeneratorFunctionPrototype.prototype.(anonymous function) [as throw] (/usr/local/lib/node_modules/appium/node_modules/babel-runtime/regenerator/runtime.js:100:21)
&amp#27;[35m[MJSONWP]&amp#27;[39m     at GeneratorFunctionPrototype.invoke (/usr/local/lib/node_modules/appium/node_modules/babel-runtime/regenerator/runtime.js:136:37)
&amp#27;[35m[HTTP]&amp#27;[39m &amp#27;[37m-->&amp#27;[39m &amp#27;[37mPOST&amp#27;[39m &amp#27;[37m/wd/hub/session/6c033502-fd88-4722-8b5b-92e91949d161/element&amp#27;[39m
&amp#27;[35m[HTTP]&amp#27;[39m &amp#27;[90m{"using":"id","value":"com.Slack:id/next_button_url_entry"}&amp#27;[39m
[debug] &amp#27;[35m[W3C]&amp#27;[39m Calling AppiumDriver.findElement() with args: ["id","com.Slack:id/next_button_url_entry","6c033502-fd88-4722-8b5b-92e91949d161"]
[debug] &amp#27;[35m[BaseDriver]&amp#27;[39m Valid locator strategies for this request: xpath, id, class name, accessibility id, -android uiautomator
[debug] &amp#27;[35m[BaseDriver]&amp#27;[39m Waiting up to 0 ms for condition
[debug] &amp#27;[35m[JSONWP Proxy]&amp#27;[39m Matched '/element' to command name 'findElement'
[debug] &amp#27;[35m[JSONWP Proxy]&amp#27;[39m Proxying [POST /element] to [POST http://localhost:8201/wd/hub/session/5a27c767-9791-4751-872d-2ed612cd606d/element] with body: {"strategy":"id","selector":"com.Slack:id/next_button_url_entry","context":"","multiple":false}
[debug] &amp#27;[35m[MJSONWP]&amp#27;[39m Matched JSONWP error code 7 to NoSuchElementError
&amp#27;[35m[MJSONWP]&amp#27;[39m Encountered internal error running command: NoSuchElementError: An element could not be located on the page using the given search parameters.
&amp#27;[35m[MJSONWP]&amp#27;[39m     at AndroidUiautomator2Driver.callee$0$0$ (/usr/local/lib/node_modules/appium/node_modules/appium-android-driver/lib/commands/find.js:75:11)
&amp#27;[35m[MJSO&amp#27;[35m[HNWP]&amp#27;[39m     at tryCatch (/usr/locaTl/lib/node_moduleTPs/appium/nod]&amp#27;[e_modules/babel-ru39m &amp#27;[37m<-- POST /wntime/regenerator/runtime.d/hub/session/6c0js33:67:45020)
&amp#27;[35m[MJ-fd88-4722-8b5b-92e91SO949d161/elemeNWntP]&amp#27;[39m     at Gen &amp#27;era[39torm&amp#27;FunctionProto[31m500&amp#27;[39m ty&amp#27;[90m27 ms - 16pe.invoke4&amp#27;[39m [a
s _i&amp#27;[nv35m[HTTokP]&amp#27;[39m &amp#27;[9e] (/usr/lo0m&amp#27;[39cal/lib/m
node_modules/appium/node_modules/babel-runtime/regenerator/runtime.js:315:22)
&amp#27;[35m[MJSONWP]&amp#27;[39m     at GeneratorFunctionPrototype.prototype.(anonymous function) [as throw] (/usr/local/lib/node_modules/appium/node_modules/babel-runtime/regenerator/runtime.js:100:21)
&amp#27;[35m[MJSONWP]&amp#27;[39m     at GeneratorFunctionPrototype.invoke (/usr/local/lib/node_modules/appium/node_modules/babel-runtime/regenerator/runtime.js:136:37)
&amp#27;[35m[HTTP]&amp#27;[39m &amp#27;[37m-->&amp#27;[39m &amp#27;[37mPOST&amp#27;[39m &amp#27;[37m/wd/hub/session/6c033502-fd88-4722-8b5b-92e91949d161/element&amp#27;[39m
&amp#27;[35m[HTTP]&amp#27;[39m &amp#27;[90m{"using":"id","value":"com.Slack:id/next_button_url_entry"}&amp#27;[39m
[debug] &amp#27;[35m[W3C]&amp#27;[39m Calling AppiumDriver.findElement() with args: ["id","com.Slack:id/next_button_url_entry","6c033502-fd88-4722-8b5b-92e91949d161"]
[debug] &amp#27;[35m[BaseDriver]&amp#27;[39m Valid locator strategies for this request: xpath, id, class name, accessibility id, -android uiautomator
[debug] &amp#27;[35m[BaseDriver]&amp#27;[39m Waiting up to 0 ms for condition
[debug] &amp#27;[35m[JSONWP Proxy]&amp#27;[39m Matched '/element' to command name 'findElement'
[debug] &amp#27;[35m[JSONWP Proxy]&amp#27;[39m Proxying [POST /element] to [POST http://localhost:8201/wd/hub/session/5a27c767-9791-4751-872d-2ed612cd606d/element] with body: {"strategy":"id","selector":"com.Slack:id/next_button_url_entry","context":"","multiple":false}
[debug] &amp#27;[35m[MJSONWP]&amp#27;[39m Matched JSONWP error code 7 to NoSuchElementError
&amp#27;[35m[MJSONWP]&amp#27;[39m Encountered internal error running command: NoSuchElementError: An element could not be located on the page using the given search parameters.
&amp#27;[35m[MJSONWP]&amp#27;[39m     at AndroidUiautomator2Driver.callee$0$0$ (/usr/local/lib/node_modules/appium/node_modules/appium-android-driver/lib/commands/find.js:75:11)
&amp#27;[35m[MJSONWP]&amp#27;[39m     at &amp#27;try[35Catch (/usr/localm[/lib/HTTP]&amp#27;[3node_mo9m dul&amp#27;[3es/a7m<-- POppST /wium/nd/hub/odsessie_onmodu/6les/c03b3502-fd88-4722-8babel5b--runtime/regener92eator/91949d16ru1/ntelemeimnt &amp#27;[e.39m&amp#27;[3js1m50:67:40)
&amp#27;[30&amp#27;[39m &amp#27;[90m30 ms - 5m164&amp#27;[MJSO[39mNW
P]&amp#27;[39m &amp#27;[35    am[t GeneraHTTP]&amp#27;[tor39Fum ncti&amp#27;onP[9rot0m&amp#27;[3ot9m
ype.invoke [as _invoke] (/usr/local/lib/node_modules/appium/node_modules/babel-runtime/regenerator/runtime.js:315:22)
&amp#27;[35m[MJSONWP]&amp#27;[39m     at GeneratorFunctionPrototype.prototype.(anonymous function) [as throw] (/usr/local/lib/node_modules/appium/node_modules/babel-runtime/regenerator/runtime.js:100:21)
&amp#27;[35m[MJSONWP]&amp#27;[39m     at GeneratorFunctionPrototype.invoke (/usr/local/lib/node_modules/appium/node_modules/babel-runtime/regenerator/runtime.js:136:37)
&amp#27;[35m[HTTP]&amp#27;[39m &amp#27;[37m-->&amp#27;[39m &amp#27;[37mPOST&amp#27;[39m &amp#27;[37m/wd/hub/session/6c033502-fd88-4722-8b5b-92e91949d161/element&amp#27;[39m
&amp#27;[35m[HTTP]&amp#27;[39m &amp#27;[90m{"using":"id","value":"com.Slack:id/next_button_url_entry"}&amp#27;[39m
[debug] &amp#27;[35m[W3C]&amp#27;[39m Calling AppiumDriver.findElement() with args: ["id","com.Slack:id/next_button_url_entry","6c033502-fd88-4722-8b5b-92e91949d161"]
[debug] &amp#27;[35m[BaseDriver]&amp#27;[39m Valid locator strategies for this request: xpath, id, class name, accessibility id, -android uiautomator
[debug] &amp#27;[35m[BaseDriver]&amp#27;[39m Waiting up to 0 ms for condition
[debug] &amp#27;[35m[JSONWP Proxy]&amp#27;[39m Matched '/element' to command name 'findElement'
[debug] &amp#27;[35m[JSONWP Proxy]&amp#27;[39m Proxying [POST /element] to [POST http://localhost:8201/wd/hub/session/5a27c767-9791-4751-872d-2ed612cd606d/element] with body: {"strategy":"id","selector":"com.Slack:id/next_button_url_entry","context":"","multiple":false}
[debug] &amp#27;[35m[MJSONWP]&amp#27;[39m Matched JSONWP error code 7 to NoSuchElementError
&amp#27;[35m[MJSONWP]&amp#27;[39m Encountered internal error running command: NoSuchElementError: An element could not be located on the page using the given search parameters.
&amp#27;[35m[MJSONWP]&amp#27;[39m     at AndroidUiautomator2Driver.callee$0$0$ (/usr/local/lib/node_modules/appium/node_modules/appium-android-driver/lib/commands/find.js:75:11)
&amp#27;[35m[MJSONWP]&amp#27;[39m     at tryCatch (/usr/local/lib/node_modules/appium/node_modul&amp#27;es/babel[35m[HTTP]-r&amp#27;[3untime/regenerator/runtime.js:67:40)
&amp#27;[35m[MJSONWP]&amp#27;[39m     at 9m &amp#27;[Ge37neram<to-- PrFunctOST /wiond/huPrb/sessototype.invoke [as _invoion/ke6c033502-] fd88-47(/u22sr-8/locb5bal/lib/node-92_module9es/a19ppium/nod49d161/ele_modement &amp#27;[3ules/ba9mbe&amp#27;[3l-ru1m5ntime/00&amp#27;[rege39m &amp#27;[90m35nera ms tor/runti- me.js:315164&amp#27;:2[39m
2)&amp#27;[35
m[HTTP]&amp#27;[35m&amp#27;[39[Mm &amp#27;[90JSm&amp#27;[ONW39m
P]&amp#27;[39m     at GeneratorFunctionPrototype.prototype.(anonymous function) [as throw] (/usr/local/lib/node_modules/appium/node_modules/babel-runtime/regenerator/runtime.js:100:21)
&amp#27;[35m[MJSONWP]&amp#27;[39m     at GeneratorFunctionPrototype.invoke (/usr/local/lib/node_modules/appium/node_modules/babel-runtime/regenerator/runtime.js:136:37)
&amp#27;[35m[HTTP]&amp#27;[39m &amp#27;[37m-->&amp#27;[39m &amp#27;[37mPOST&amp#27;[39m &amp#27;[37m/wd/hub/session/6c033502-fd88-4722-8b5b-92e91949d161/element&amp#27;[39m
&amp#27;[35m[HTTP]&amp#27;[39m &amp#27;[90m{"using":"id","value":"com.Slack:id/next_button_url_entry"}&amp#27;[39m
[debug] &amp#27;[35m[W3C]&amp#27;[39m Calling AppiumDriver.findElement() with args: ["id","com.Slack:id/next_button_url_entry","6c033502-fd88-4722-8b5b-92e91949d161"]
[debug] &amp#27;[35m[BaseDriver]&amp#27;[39m Valid locator strategies for this request: xpath, id, class name, accessibility id, -android uiautomator
[debug] &amp#27;[35m[BaseDriver]&amp#27;[39m Waiting up to 0 ms for condition
[debug] &amp#27;[35m[JSONWP Proxy]&amp#27;[39m Matched '/element' to command name 'findElement'
[debug] &amp#27;[35m[JSONWP Proxy]&amp#27;[39m Proxying [POST /element] to [POST http://localhost:8201/wd/hub/session/5a27c767-9791-4751-872d-2ed612cd606d/element] with body: {"strategy":"id","selector":"com.Slack:id/next_button_url_entry","context":"","multiple":false}
[debug] &amp#27;[35m[MJSONWP]&amp#27;[39m Matched JSONWP error code 7 to NoSuchElementError
&amp#27;[35m[MJSONWP]&amp#27;[39m Encountered internal error running command: NoSuchElementError: An element could not be located on the page using the given search parameters.
&amp#27;[35m[MJSONWP]&amp#27;[39m     at AndroidUiautomator2Driver.callee$0$0$ (/usr/local/lib/node_modules/appium/node_modules/appium-android-driver/lib/commands/find.js:75:11)
&amp#27;[35m[MJSONWP]&amp#27;[39m     at tryCatch (/usr/local/lib/node_modules/appium/node_modules/babel-runtime/regenerator/runtime.js:67:40)
&amp#27;[35m[MJSONWP]&amp#27;[39m     at GeneratorFunctionPrototype.invoke [as _invoke] (/usr/local/lib/node_modules/appium/node_modules/babel-runtime/regenerator/runtime.js:315:22)
&amp#27;[35m[MJSONWP]&amp#27;[39m     at GeneratorFunctionPrototype.prototype.&amp#27;[35m[HTTP]&amp#27;[39m &amp#27;[37m<-- POST /wd/hub/session/6c033502-fd88-4722-8b5b-92e91949d161/element &amp#27;[39m&amp#27;[31m500&amp#27;[39m &amp#27;[90m50 ms - 164&amp#27;[39m
&amp#27;[35m[HTTP]&amp#27;[39m &amp#27;[90m&amp#27;[39m
(anonymous function) [as throw] (/usr/local/lib/node_modules/appium/node_modules/babel-runtime/regenerator/runtime.js:100:21)
&amp#27;[35m[MJSONWP]&amp#27;[39m     at GeneratorFunctionPrototype.invoke (/usr/local/lib/node_modules/appium/node_modules/babel-runtime/regenerator/runtime.js:136:37)
&amp#27;[35m[HTTP]&amp#27;[39m &amp#27;[37m-->&amp#27;[39m &amp#27;[37mPOST&amp#27;[39m &amp#27;[37m/wd/hub/session/6c033502-fd88-4722-8b5b-92e91949d161/element&amp#27;[39m
&amp#27;[35m[HTTP]&amp#27;[39m &amp#27;[90m{"using":"id","value":"com.Slack:id/next_button_url_entry"}&amp#27;[39m
[debug] &amp#27;[35m[W3C]&amp#27;[39m Calling AppiumDriver.findElement() with args: ["id","com.Slack:id/next_button_url_entry","6c033502-fd88-4722-8b5b-92e91949d161"]
[debug] &amp#27;[35m[BaseDriver]&amp#27;[39m Valid locator strategies for this request: xpath, id, class name, accessibility id, -android uiautomator
[debug] &amp#27;[35m[BaseDriver]&amp#27;[39m Waiting up to 0 ms for condition
[debug] &amp#27;[35m[JSONWP Proxy]&amp#27;[39m Matched '/element' to command name 'findElement'
[debug] &amp#27;[35m[JSONWP Proxy]&amp#27;[39m Proxying [POST /element] to [POST http://localhost:8201/wd/hub/session/5a27c767-9791-4751-872d-2ed612cd606d/element] with body: {"strategy":"id","selector":"com.Slack:id/next_button_url_entry","context":"","multiple":false}
[debug] &amp#27;[35m[MJSONWP]&amp#27;[39m Matched JSONWP error code 7 to NoSuchElementError
&amp#27;[35m[MJSONWP]&amp#27;[39m Encountered internal error running command: NoSuchElementError: An element could not be located on the page using the given search parameters.
&amp#27;[35m[MJSONWP]&amp#27;[39m     at AndroidUiautomator2Driver.callee$0$0$ (/usr/local/lib/node_modules/appium/node_modules/appium-android-driver/lib/commands/find.js:75:11)
&amp#27;[35m[MJSONWP]&amp#27;[39m     at tryCatch (/usr/local/lib/node_modules/appium/node_modules/babel-runtime/regenerator/runtime.js:67:40)
&amp#27;[35m[MJSONWP]&amp#27;[39m     at GeneratorFunctionPrototype.invoke [as _invoke] (/usr/local/lib/node_modules/appium/node_modules/babel-runtime/regenerator/runtime.js:315:22)
&amp#27;[35m[MJSONWP]&amp#27;[39m     at GeneratorFunctionPr&amp#27;[3ototype.5m[HTTP]&amp#27;[39m &amp#27;prototype.(a[37m<-no- POST nymous fun/wctid/hub/session/6c033502-fd88-4722-8b5b-92e91949d161/element &amp#27;[39m&amp#27;[31m500&amp#27;[39m &amp#27;[90m83 ms - 164&amp#27;[39m
&amp#27;[on) [as throw] (/u35m[HTTP]&amp#27;[39m &amp#27;[90m&amp#27;[39m
sr/local/lib/node_modules/appium/node_modules/babel-runtime/regenerator/runtime.js:100:21)
&amp#27;[35m[MJSONWP]&amp#27;[39m     at GeneratorFunctionPrototype.invoke (/usr/local/lib/node_modules/appium/node_modules/babel-runtime/regenerator/runtime.js:136:37)
&amp#27;[35m[HTTP]&amp#27;[39m &amp#27;[37m-->&amp#27;[39m &amp#27;[37mPOST&amp#27;[39m &amp#27;[37m/wd/hub/session/6c033502-fd88-4722-8b5b-92e91949d161/element&amp#27;[39m
&amp#27;[35m[HTTP]&amp#27;[39m &amp#27;[90m{"using":"id","value":"com.Slack:id/next_button_url_entry"}&amp#27;[39m
[debug] &amp#27;[35m[W3C]&amp#27;[39m Calling AppiumDriver.findElement() with args: ["id","com.Slack:id/next_button_url_entry","6c033502-fd88-4722-8b5b-92e91949d161"]
[debug] &amp#27;[35m[BaseDriver]&amp#27;[39m Valid locator strategies for this request: xpath, id, class name, accessibility id, -android uiautomator
[debug] &amp#27;[35m[BaseDriver]&amp#27;[39m Waiting up to 0 ms for condition
[debug] &amp#27;[35m[JSONWP Proxy]&amp#27;[39m Matched '/element' to command name 'findElement'
[debug] &amp#27;[35m[JSONWP Proxy]&amp#27;[39m Proxying [POST /element] to [POST http://localhost:8201/wd/hub/session/5a27c767-9791-4751-872d-2ed612cd606d/element] with body: {"strategy":"id","selector":"com.Slack:id/next_button_url_entry","context":"","multiple":false}
[debug] &amp#27;[35m[MJSONWP]&amp#27;[39m Matched JSONWP error code 7 to NoSuchElementError
&amp#27;[35m[MJSONWP]&amp#27;[39m Encountered internal error running command: NoSuchElementError: An element could not be located on the page using the given search parameters.
&amp#27;[35m[MJSONWP]&amp#27;[39m     at AndroidUiautomator2Driver.callee$0$0$ (/usr/local/lib/node_modules/appium/node_modules/appium-android-driver/lib/commands/find.js:75:11)
&amp#27;[35m[MJSONWP]&amp#27;[&amp#27;[35m[HTTP]&amp#27;[39m &amp#27;[3937m<-- POm     at tST /wrydCatch (//hub/session/6c033502-fd88us-4722-8b5b-92e91949d161/element &amp#27;[39m&amp#27;[31m500&amp#27;[39m &amp#27;[90m31 ms - 164&amp#27;[39m
&amp#27;[35m[HTTP]&amp#27;[39m &amp#27;[90m&amp#27;[39m
r/local/lib/node_modules/appium/node_modules/babel-runtime/regenerator/runtime.js:67:40)
&amp#27;[35m[MJSONWP]&amp#27;[39m     at GeneratorFunctionPrototype.invoke [as _invoke] (/usr/local/lib/node_modules/appium/node_modules/babel-runtime/regenerator/runtime.js:315:22)
&amp#27;[35m[MJSONWP]&amp#27;[39m     at GeneratorFunctionPrototype.prototype.(anonymous function) [as throw] (/usr/local/lib/node_modules/appium/node_modules/babel-runtime/regenerator/runtime.js:100:21)
&amp#27;[35m[MJSONWP]&amp#27;[39m     at GeneratorFunctionPrototype.invoke (/usr/local/lib/node_modules/appium/node_modules/babel-runtime/regenerator/runtime.js:136:37)
&amp#27;[35m[HTTP]&amp#27;[39m &amp#27;[37m-->&amp#27;[39m &amp#27;[37mPOST&amp#27;[39m &amp#27;[37m/wd/hub/session/6c033502-fd88-4722-8b5b-92e91949d161/element&amp#27;[39m
&amp#27;[35m[HTTP]&amp#27;[39m &amp#27;[90m{"using":"id","value":"com.Slack:id/next_button_url_entry"}&amp#27;[39m
[debug] &amp#27;[35m[W3C]&amp#27;[39m Calling AppiumDriver.findElement() with args: ["id","com.Slack:id/next_button_url_entry","6c033502-fd88-4722-8b5b-92e91949d161"]
[debug] &amp#27;[35m[BaseDriver]&amp#27;[39m Valid locator strategies for this request: xpath, id, class name, accessibility id, -android uiautomator
[debug] &amp#27;[35m[BaseDriver]&amp#27;[39m Waiting up to 0 ms for condition
[debug] &amp#27;[35m[JSONWP Proxy]&amp#27;[39m Matched '/element' to command name 'findElement'
[debug] &amp#27;[35m[JSONWP Proxy]&amp#27;[39m Proxying [POST /element] to [POST http://localhost:8201/wd/hub/session/5a27c767-9791-4751-872d-2ed612cd606d/element] with body: {"strategy":"id","selector":"com.Slack:id/next_button_url_entry","context":"","multiple":false}
[debug] &amp#27;[35m[MJSONWP]&amp#27;[39m Matched JSONWP error code 7 to NoSuchElementError
&amp#27;[35m[MJSONWP]&amp#27;[39m Encountered internal error running command: NoSuchElementError: An element could not be located on the page using the given search parameters.
&amp#27;[35m[MJSONWP]&amp#27;[39m     at AndroidUiautomator2Driver.callee$0$0$ (/usr/local/lib/node_modules/appium/no&amp#27;[3de_m5m[HTTP]&amp#27;[39m odu&amp#27;[le37s/map<-pium-androi- POST /wd/d-driver/lib/hub/commsession/6c03an3502-fd88-47ds/fi22nd.js:-875b5:11)b-
&amp#27;[92e935m1949d161/el[MJSOeNWP]&amp#27;[39m     at tryCatch (/usr/local/lib/node_mment &amp#27;[3odules/9m&amp#27;[31m5app00&amp#27;[39m &amp#27;[9ium0m27 /nomsde_mo - 164&amp#27;[39dum
le&amp#27;[35ms/babel-r[HTTP]&amp#27;[39m &amp#27;[9u0m&amp#27;[39m
ntime/regenerator/runtime.js:67:40)
&amp#27;[35m[MJSONWP]&amp#27;[39m     at GeneratorFunctionPrototype.invoke [as _invoke] (/usr/local/lib/node_modules/appium/node_modules/babel-runtime/regenerator/runtime.js:315:22)
&amp#27;[35m[MJSONWP]&amp#27;[39m     at GeneratorFunctionPrototype.prototype.(anonymous function) [as throw] (/usr/local/lib/node_modules/appium/node_modules/babel-runtime/regenerator/runtime.js:100:21)
&amp#27;[35m[MJSONWP]&amp#27;[39m     at GeneratorFunctionPrototype.invoke (/usr/local/lib/node_modules/appium/node_modules/babel-runtime/regenerator/runtime.js:136:37)
&amp#27;[35m[HTTP]&amp#27;[39m &amp#27;[37m-->&amp#27;[39m &amp#27;[37mPOST&amp#27;[39m &amp#27;[37m/wd/hub/session/6c033502-fd88-4722-8b5b-92e91949d161/element&amp#27;[39m
&amp#27;[35m[HTTP]&amp#27;[39m &amp#27;[90m{"using":"id","value":"com.Slack:id/next_button_url_entry"}&amp#27;[39m
[debug] &amp#27;[35m[W3C]&amp#27;[39m Calling AppiumDriver.findElement() with args: ["id","com.Slack:id/next_button_url_entry","6c033502-fd88-4722-8b5b-92e91949d161"]
[debug] &amp#27;[35m[BaseDriver]&amp#27;[39m Valid locator strategies for this request: xpath, id, class name, accessibility id, -android uiautomator
[debug] &amp#27;[35m[BaseDriver]&amp#27;[39m Waiting up to 0 ms for condition
[debug] &amp#27;[35m[JSONWP Proxy]&amp#27;[39m Matched '/element' to command name 'findElement'
[debug] &amp#27;[35m[JSONWP Proxy]&amp#27;[39m Proxying [POST /element] to [POST http://localhost:8201/wd/hub/session/5a27c767-9791-4751-872d-2ed612cd606d/element] with body: {"strategy":"id","selector":"com.Slack:id/next_button_url_entry","context":"","multiple":false}
[debug] &amp#27;[35m[MJSONWP]&amp#27;[39m Matched JSONWP error code 7 to NoSuchElementError
&amp#27;[35m[MJSONWP]&amp#27;[39m Encountered internal error running command: NoSuchElementError: An element could not be located on the page using the given search parameters.
&amp#27;[35m[MJSONWP]&amp#27;[39m     at AndroidUiautomator2Driver.callee$0$0$ (/usr/local/lib/node_modules/appium/node_modules/appium-android-driver/lib/comma&amp#27;[35m[HTTP]&amp#27;[39m &amp#27;[37m<-- POnds/find.js:75:1ST /w1)
&amp#27;[35m[MJSONWP]&amp#27;[3d/hub/session/6c033502-f9m d88-4722-8b    at5b-92 tryCatch (/usr/local/lib/node_modules/appium/node_modules/babel-runtime/regenerator/runtime.js:67:40)
&amp#27;[35m[MJSONWP]&amp#27;[39m     at GeneratorFunctionPrototype.invoke [as _invoke] (/usr/local/lib/node_modules/appium/node_modules/babel-runtime/rege91949d161en/element &amp#27;[39m&amp#27;[31m500&amp#27;[39m &amp#27;[90m32 ms - 164&amp#27;[39m
&amp#27;[35m[HTTP]&amp#27;[39m &amp#27;[90m&amp#27;[39m
erator/runtime.js:315:22)
&amp#27;[35m[MJSONWP]&amp#27;[39m     at GeneratorFunctionPrototype.prototype.(anonymous function) [as throw] (/usr/local/lib/node_modules/appium/node_modules/babel-runtime/regenerator/runtime.js:100:21)
&amp#27;[35m[MJSONWP]&amp#27;[39m     at GeneratorFunctionPrototype.invoke (/usr/local/lib/node_modules/appium/node_modules/babel-runtime/regenerator/runtime.js:136:37)
&amp#27;[35m[HTTP]&amp#27;[39m &amp#27;[37m-->&amp#27;[39m &amp#27;[37mPOST&amp#27;[39m &amp#27;[37m/wd/hub/session/6c033502-fd88-4722-8b5b-92e91949d161/element&amp#27;[39m
&amp#27;[35m[HTTP]&amp#27;[39m &amp#27;[90m{"using":"id","value":"com.Slack:id/next_button_url_entry"}&amp#27;[39m
[debug] &amp#27;[35m[W3C]&amp#27;[39m Calling AppiumDriver.findElement() with args: ["id","com.Slack:id/next_button_url_entry","6c033502-fd88-4722-8b5b-92e91949d161"]
[debug] &amp#27;[35m[BaseDriver]&amp#27;[39m Valid locator strategies for this request: xpath, id, class name, accessibility id, -android uiautomator
[debug] &amp#27;[35m[BaseDriver]&amp#27;[39m Waiting up to 0 ms for condition
[debug] &amp#27;[35m[JSONWP Proxy]&amp#27;[39m Matched '/element' to command name 'findElement'
[debug] &amp#27;[35m[JSONWP Proxy]&amp#27;[39m Proxying [POST /element] to [POST http://localhost:8201/wd/hub/session/5a27c767-9791-4751-872d-2ed612cd606d/element] with body: {"strategy":"id","selector":"com.Slack:id/next_button_url_entry","context":"","multiple":false}
[debug] &amp#27;[35m[MJSONWP]&amp#27;[39m Matched JSONWP error code 7 to NoSuchElementError
&amp#27;[35m[MJSONWP]&amp#27;[39m Encountered internal error running command: NoSuchElementError: An element could not be located on the page using the given search parameters.
&amp#27;[35m[MJSONWP]&amp#27;[39m     at AndroidUiautomator2Driver.callee$0$0$ (/usr/local/lib/node_modules/appium/node_modules/appium-android-driver/lib/commands/find.js:75:11)
&amp#27;[35m[MJSONWP]&amp#27;[39m     at tryCatch (/usr/local/lib/node_modules/appium/node_modules/babel-runtime/regenerator/runtime.js:67:40)
&amp#27;[35m[MJSONWP]&amp#27;[39m     at GeneratorFunctionPrototype.invoke [as _invoke] (/usr/local/lib/node_modules/appium/node_modules/babel-runtime/regenerator/runtime.js:315:22)
&amp#27;[35m[MJSONWP]&amp#27;[39m     at GeneratorFunctionPrototype.prototype.(anonymous function) [as throw] (/usr/&amp#27;[35m[HTTP]&amp#27;[39m &amp#27;[37m<-- POST /wd/hub/session/6c033502-fd88-4722-8b5b-92e91949d161/element &amp#27;[39local/lib/node_modules/m&amp#27;appium/node_modules/babel-runtime/regen[31m500&amp#27;[39m &amp#27;[90m53 ms - 164&amp#27;[39m
&amp#27;[35m[HTTP]&amp#27;[39m &amp#27;[90m&amp#27;[39m
erator/runtime.js:100:21)
&amp#27;[35m[MJSONWP]&amp#27;[39m     at GeneratorFunctionPrototype.invoke (/usr/local/lib/node_modules/appium/node_modules/babel-runtime/regenerator/runtime.js:136:37)
&amp#27;[35m[HTTP]&amp#27;[39m &amp#27;[37m-->&amp#27;[39m &amp#27;[37mPOST&amp#27;[39m &amp#27;[37m/wd/hub/session/6c033502-fd88-4722-8b5b-92e91949d161/element&amp#27;[39m
&amp#27;[35m[HTTP]&amp#27;[39m &amp#27;[90m{"using":"id","value":"com.Slack:id/next_button_url_entry"}&amp#27;[39m
[debug] &amp#27;[35m[W3C]&amp#27;[39m Calling AppiumDriver.findElement() with args: ["id","com.Slack:id/next_button_url_entry","6c033502-fd88-4722-8b5b-92e91949d161"]
[debug] &amp#27;[35m[BaseDriver]&amp#27;[39m Valid locator strategies for this request: xpath, id, class name, accessibility id, -android uiautomator
[debug] &amp#27;[35m[BaseDriver]&amp#27;[39m Waiting up to 0 ms for condition
[debug] &amp#27;[35m[JSONWP Proxy]&amp#27;[39m Matched '/element' to command name 'findElement'
[debug] &amp#27;[35m[JSONWP Proxy]&amp#27;[39m Proxying [POST /element] to [POST http://localhost:8201/wd/hub/session/5a27c767-9791-4751-872d-2ed612cd606d/element] with body: {"strategy":"id","selector":"com.Slack:id/next_button_url_entry","context":"","multiple":false}
[debug] &amp#27;[35m[MJSONWP]&amp#27;[39m Matched JSONWP error code 7 to NoSuchElementError
&amp#27;[35m[MJSONWP]&amp#27;[39m Encountered internal error running command: NoSuchElementError: An element could not be located on the page using the given search parameters.
&amp#27;[35m[MJSONWP]&amp#27;[39m     at AndroidUiautomator2Driver.callee$0$0$ (/usr/local/lib/node_modules/appium/node_modules/appium-android-driver/lib/commands/find.js:75:11)
&amp#27;[35m[MJSONWP]&amp#27;[39m     at tryCatch (/usr/local/lib/node_modules/appium/node_modules/babel-runtime/regenerator/runtime.js:67:40)
&amp#27;[35m[MJSONWP]&amp#27;[39m     at GeneratorFunc&amp#27;[3tionPrototype.invoke [as _invoke] (/usr/local/lib/node_mo5mdu[Hles/apTTP]&amp#27;[39m &amp#27;[37pium<-m/n- POST /wdode_modul/hub/session/6c03350es/babel-runtime/regenerator/r2-fd8unt8-4722-8b5b-92e91im949d161/elee.ment &amp#27;[39m&amp#27;[31m50js:30&amp#27;[15:22)
&amp#27;[35m[MJS39mONWP]&amp#27;[39m     at GeneratorFunctionPrototype.p &amp#27;[r90mototype.(anonymous function) [as throw] (/u40 ms - 16sr4&amp#27;/l[3oc9m
a&amp#27;[35l/lim[HTTP]&amp#27;[39m &amp#27;[90mb/node_modules/appium/node_modules/babel-runtime/reg&amp#27;[39enm
erator/runtime.js:100:21)
&amp#27;[35m[MJSONWP]&amp#27;[39m     at GeneratorFunctionPrototype.invoke (/usr/local/lib/node_modules/appium/node_modules/babel-runtime/regenerator/runtime.js:136:37)
&amp#27;[35m[HTTP]&amp#27;[39m &amp#27;[37m-->&amp#27;[39m &amp#27;[37mPOST&amp#27;[39m &amp#27;[37m/wd/hub/session/6c033502-fd88-4722-8b5b-92e91949d161/element&amp#27;[39m
&amp#27;[35m[HTTP]&amp#27;[39m &amp#27;[90m{"using":"id","value":"com.Slack:id/next_button_url_entry"}&amp#27;[39m
[debug] &amp#27;[35m[W3C]&amp#27;[39m Calling AppiumDriver.findElement() with args: ["id","com.Slack:id/next_button_url_entry","6c033502-fd88-4722-8b5b-92e91949d161"]
[debug] &amp#27;[35m[BaseDriver]&amp#27;[39m Valid locator strategies for this request: xpath, id, class name, accessibility id, -android uiautomator
[debug] &amp#27;[35m[BaseDriver]&amp#27;[39m Waiting up to 0 ms for condition
[debug] &amp#27;[35m[JSONWP Proxy]&amp#27;[39m Matched '/element' to command name 'findElement'
[debug] &amp#27;[35m[JSONWP Proxy]&amp#27;[39m Proxying [POST /element] to [POST http://localhost:8201/wd/hub/session/5a27c767-9791-4751-872d-2ed612cd606d/element] with body: {"strategy":"id","selector":"com.Slack:id/next_button_url_entry","context":"","multiple":false}
[debug] &amp#27;[35m[MJSONWP]&amp#27;[39m Matched JSONWP error code 7 to NoSuchElementError
&amp#27;[35m[MJSONWP]&amp#27;[39m Encountered internal error running command: NoSuchElementError: An element could not be located on the page using the given search parameters.
&amp#27;[35m[MJSONWP]&amp#27;[39m     at AndroidUiautomator2Driver.callee$0$0$ (/usr/local/lib/node_modules/appium/node_modules/appium-android-driver/lib/commands/find.js:7&amp#27;[5:11)
&amp#27;[35m[MJSONWP]&amp#27;[39m     at tryCatch (/usr/local/lib/node_modules/appium/node_modules/babel-runtime/regenerator/runtime.js:67:40)
&amp#27;[35m[MJSONWP]&amp#27;[39m     at GeneratorFunctionPrototype.invoke [as _invoke] (/usr/local/lib/node_modules/appium/node_modules/bab35m[HTTP]&amp#27;[39m &amp#27;[37m<-- POST /wd/hub/session/6c033502-el-runtime/regenerator/runtime.js:315:22)
&amp#27;[35m[MJSONWP]&amp#27;[39m   fd88-4722-8b5b-92e91949d161/element &amp#27;[39m&amp#27;[31m500&amp#27;[39m &amp#27;[90m34 ms - 164&amp#27;[39m
&amp#27;[35m[HTTP]&amp#27;[39m &amp#27;[90m&amp#27;[39m
  at GeneratorFunctionPrototype.prototype.(anonymous function) [as throw] (/usr/local/lib/node_modules/appium/node_modules/babel-runtime/regenerator/runtime.js:100:21)
&amp#27;[35m[MJSONWP]&amp#27;[39m     at GeneratorFunctionPrototype.invoke (/usr/local/lib/node_modules/appium/node_modules/babel-runtime/regenerator/runtime.js:136:37)
&amp#27;[35m[HTTP]&amp#27;[39m &amp#27;[37m-->&amp#27;[39m &amp#27;[37mPOST&amp#27;[39m &amp#27;[37m/wd/hub/session/6c033502-fd88-4722-8b5b-92e91949d161/element&amp#27;[39m
&amp#27;[35m[HTTP]&amp#27;[39m &amp#27;[90m{"using":"id","value":"com.Slack:id/next_button_url_entry"}&amp#27;[39m
[debug] &amp#27;[35m[W3C]&amp#27;[39m Calling AppiumDriver.findElement() with args: ["id","com.Slack:id/next_button_url_entry","6c033502-fd88-4722-8b5b-92e91949d161"]
[debug] &amp#27;[35m[BaseDriver]&amp#27;[39m Valid locator strategies for this request: xpath, id, class name, accessibility id, -android uiautomator
[debug] &amp#27;[35m[BaseDriver]&amp#27;[39m Waiting up to 0 ms for condition
[debug] &amp#27;[35m[JSONWP Proxy]&amp#27;[39m Matched '/element' to command name 'findElement'
[debug] &amp#27;[35m[JSONWP Proxy]&amp#27;[39m Proxying [POST /element] to [POST http://localhost:8201/wd/hub/session/5a27c767-9791-4751-872d-2ed612cd606d/element] with body: {"strategy":"id","selector":"com.Slack:id/next_button_url_entry","context":"","multiple":false}
[debug] &amp#27;[35m[MJSONWP]&amp#27;[39m Matched JSONWP error code 7 to NoSuchElementError
&amp#27;[35m[MJSONWP]&amp#27;[39m Encountered internal error running command: NoSuchElementError: An element could not be located on the page using the given search parameters.
&amp#27;[35m[MJSONWP]&amp#27;[39m     at AndroidUiautomator2Driver.callee$0$0$ (/usr/local/lib/node_modules/appium/node_modules/appium-android-dr&amp#27;[35m[Hiver/lib/commands/findTTP]&amp#27;[39m &amp#27;[37m<-- POST /wd/h.js:75:u11)
&amp#27;[35mb/se[MssioJSnON/6WP]&amp#27;c0[39m     at tryCatch33502-fd88-4722-8b5b-92e91949d161/element &amp#27;[39m&amp#27;[31m500&amp#27;[39m &amp#27;[90m32 ms - 164&amp#27;[39m
&amp#27;[35m[HTTP]&amp#27;[39m &amp#27;[90m&amp#27;[39m
 (/usr/local/lib/node_modules/appium/node_modules/babel-runtime/regenerator/runtime.js:67:40)
&amp#27;[35m[MJSONWP]&amp#27;[39m     at GeneratorFunctionPrototype.invoke [as _invoke] (/usr/local/lib/node_modules/appium/node_modules/babel-runtime/regenerator/runtime.js:315:22)
&amp#27;[35m[MJSONWP]&amp#27;[39m     at GeneratorFunctionPrototype.prototype.(anonymous function) [as throw] (/usr/local/lib/node_modules/appium/node_modules/babel-runtime/regenerator/runtime.js:100:21)
&amp#27;[35m[MJSONWP]&amp#27;[39m     at GeneratorFunctionPrototype.invoke (/usr/local/lib/node_modules/appium/node_modules/babel-runtime/regenerator/runtime.js:136:37)
&amp#27;[35m[HTTP]&amp#27;[39m &amp#27;[37m-->&amp#27;[39m &amp#27;[37mPOST&amp#27;[39m &amp#27;[37m/wd/hub/session/6c033502-fd88-4722-8b5b-92e91949d161/element&amp#27;[39m
&amp#27;[35m[HTTP]&amp#27;[39m &amp#27;[90m{"using":"id","value":"com.Slack:id/next_button_url_entry"}&amp#27;[39m
[debug] &amp#27;[35m[W3C]&amp#27;[39m Calling AppiumDriver.findElement() with args: ["id","com.Slack:id/next_button_url_entry","6c033502-fd88-4722-8b5b-92e91949d161"]
[debug] &amp#27;[35m[BaseDriver]&amp#27;[39m Valid locator strategies for this request: xpath, id, class name, accessibility id, -android uiautomator
[debug] &amp#27;[35m[BaseDriver]&amp#27;[39m Waiting up to 0 ms for condition
[debug] &amp#27;[35m[JSONWP Proxy]&amp#27;[39m Matched '/element' to command name 'findElement'
[debug] &amp#27;[35m[JSONWP Proxy]&amp#27;[39m Proxying [POST /element] to [POST http://localhost:8201/wd/hub/session/5a27c767-9791-4751-872d-2ed612cd606d/element] with body: {"strategy":"id","selector":"com.Slack:id/next_button_url_entry","context":"","multiple":false}
[debug] &amp#27;[35m[MJSONWP]&amp#27;[39m Matched JSONWP error code 7 to NoSuchElementError
&amp#27;[35m[MJSONWP]&amp#27;[39m Encountered internal error running command: NoSuchElementError: An element could not be located on the page using the given search parameters.
&amp#27;[35m[MJSONWP]&amp#27;[39m     at AndroidUiautomator2Driver.callee$0$0$ (/usr/local/lib/node_modules/appium/node_modules/appium-android-driver/lib/commands/find.js:75:11)
&amp#27;[35m[MJSONWP]&amp#27;[39m     at tryCatch (/usr/local/lib/node_modules/appium/node_modules/babel-runtime/regenerator/runtime.js:67:40)
&amp#27;[35m[MJSONWP]&amp#27;[39m     at GeneratorFunctionPrototype.&amp#27;[35m[HTTP]&amp#27;[39m &amp#27;[37m<-- POST /wd/hub/sessioinvoke [as _invoke] (/usr/n/6c033502-fd88-l4722-ocal/li8b5b-92e91949d161/elb/node_modules/appium/node_modules/babel-runtime/regenerator/runtime.js:315:22)e
ment &amp#27;[39m&amp#27;[31&amp#27;[35mm500&amp#27;[39m &amp#27;[[MJS90m34 ms -ONWP]&amp#27;[39m     at GeneratorFunctionPrototype.prototype.(anonymous function) [as throw] (/usr/local/lib/node_modules/appium/node_modules/babel-runtime/regenerator/runtime.js:100:21)
&amp#27;[35m[MJSONWP]&amp#27;[39m     at GeneratorFu 164&amp#27;[39m
&amp#27;[35m[HTTP]&amp#27;[39m &amp#27;[90m&amp#27;[39nctionPrototym
pe.invoke (/usr/local/lib/node_modules/appium/node_modules/babel-runtime/regenerator/runtime.js:136:37)
&amp#27;[35m[HTTP]&amp#27;[39m &amp#27;[37m-->&amp#27;[39m &amp#27;[37mPOST&amp#27;[39m &amp#27;[37m/wd/hub/session/6c033502-fd88-4722-8b5b-92e91949d161/element&amp#27;[39m
&amp#27;[35m[HTTP]&amp#27;[39m &amp#27;[90m{"using":"id","value":"com.Slack:id/next_button_url_entry"}&amp#27;[39m
[debug] &amp#27;[35m[W3C]&amp#27;[39m Calling AppiumDriver.findElement() with args: ["id","com.Slack:id/next_button_url_entry","6c033502-fd88-4722-8b5b-92e91949d161"]
[debug] &amp#27;[35m[BaseDriver]&amp#27;[39m Valid locator strategies for this request: xpath, id, class name, accessibility id, -android uiautomator
[debug] &amp#27;[35m[BaseDriver]&amp#27;[39m Waiting up to 0 ms for condition
[debug] &amp#27;[35m[JSONWP Proxy]&amp#27;[39m Matched '/element' to command name 'findElement'
[debug] &amp#27;[35m[JSONWP Proxy]&amp#27;[39m Proxying [POST /element] to [POST http://localhost:8201/wd/hub/session/5a27c767-9791-4751-872d-2ed612cd606d/element] with body: {"strategy":"id","selector":"com.Slack:id/next_button_url_entry","context":"","multiple":false}
[debug] &amp#27;[35m[MJSONWP]&amp#27;[39m Matched JSONWP error code 7 to NoSuchElementError
&amp#27;[35m[MJSONWP]&amp#27;[39m Encountered internal error running command: NoSuchElementError: An element could not be located on the page using the given search parameters.
&amp#27;[35m[MJSONWP]&amp#27;[39m     at AndroidUiautomator2Driver.callee$0$0$ (/usr/local/lib/node_modules/appium/node_modules/appium-android-driver/lib/comma&amp#27;[35m[HTTP]&amp#27;[39m &amp#27;[37m<-- POSTn /wdds/hub/session/6/fc033502-fd88-4722-8b5b-92e91949d161/element &amp#27;[39m&amp#27;[31m500&amp#27;[39m &amp#27;[ind90m2.js8 :ms75:11)
&amp#27;[35 - 164m&amp#27;[39m
[M&amp#27;[35m[HTTP]&amp#27;[39m &amp#27;[90m&amp#27;[39m
JSONWP]&amp#27;[39m     at tryCatch (/usr/local/lib/node_modules/appium/node_modules/babel-runtime/regenerator/runtime.js:67:40)
&amp#27;[35m[MJSONWP]&amp#27;[39m     at GeneratorFunctionPrototype.invoke [as _invoke] (/usr/local/lib/node_modules/appium/node_modules/babel-runtime/regenerator/runtime.js:315:22)
&amp#27;[35m[MJSONWP]&amp#27;[39m     at GeneratorFunctionPrototype.prototype.(anonymous function) [as throw] (/usr/local/lib/node_modules/appium/node_modules/babel-runtime/regenerator/runtime.js:100:21)
&amp#27;[35m[MJSONWP]&amp#27;[39m     at GeneratorFunctionPrototype.invoke (/usr/local/lib/node_modules/appium/node_modules/babel-runtime/regenerator/runtime.js:136:37)
&amp#27;[35m[HTTP]&amp#27;[39m &amp#27;[37m-->&amp#27;[39m &amp#27;[37mPOST&amp#27;[39m &amp#27;[37m/wd/hub/session/6c033502-fd88-4722-8b5b-92e91949d161/element&amp#27;[39m
&amp#27;[35m[HTTP]&amp#27;[39m &amp#27;[90m{"using":"id","value":"com.Slack:id/next_button_url_entry"}&amp#27;[39m
[debug] &amp#27;[35m[W3C]&amp#27;[39m Calling AppiumDriver.findElement() with args: ["id","com.Slack:id/next_button_url_entry","6c033502-fd88-4722-8b5b-92e91949d161"]
[debug] &amp#27;[35m[BaseDriver]&amp#27;[39m Valid locator strategies for this request: xpath, id, class name, accessibility id, -android uiautomator
[debug] &amp#27;[35m[BaseDriver]&amp#27;[39m Waiting up to 0 ms for condition
[debug] &amp#27;[35m[JSONWP Proxy]&amp#27;[39m Matched '/element' to command name 'findElement'
[debug] &amp#27;[35m[JSONWP Proxy]&amp#27;[39m Proxying [POST /element] to [POST http://localhost:8201/wd/hub/session/5a27c767-9791-4751-872d-2ed612cd606d/element] with body: {"strategy":"id","selector":"com.Slack:id/next_button_url_entry","context":"","multiple":false}
[debug] &amp#27;[35m[MJSONWP]&amp#27;[39m Matched JSONWP error code 7 to NoSuchElementError
&amp#27;[35m[MJSONWP]&amp#27;[39m Encountered internal error running command: NoSuchElementError: An element could not be located on the page using the given search parameters.
&amp#27;[35m[MJSONWP]&amp#27;[39m     at AndroidUiautomator2Driver.callee$0$0$ (/usr/local/lib/node_modules/appium/node_modules/appium-android-driver/lib/commands/find.js:75:11)
&amp#27;[35m[MJSONWP]&amp#27;[39m     at tryC&amp#27;[35m[HTTP]&amp#27;[39m atch (&amp#27;[37m<-- POST /wd/hub/session/6c033/usr/lo50ca2-fdl/88-4722-8b5b-92e91949d16lib1/element &amp#27;[39m&amp#27;[31m500&amp#27;[39m &amp#27;[90m30 ms - 164&amp#27;/nod[39e_mom
&amp#27;[35m[HTTP]dules/a&amp#27;[ppium/39m &amp#27;[90mnode_mod&amp#27;[39m
ules/babel-runtime/regenerator/runtime.js:67:40)
&amp#27;[35m[MJSONWP]&amp#27;[39m     at GeneratorFunctionPrototype.invoke [as _invoke] (/usr/local/lib/node_modules/appium/node_modules/babel-runtime/regenerator/runtime.js:315:22)
&amp#27;[35m[MJSONWP]&amp#27;[39m     at GeneratorFunctionPrototype.prototype.(anonymous function) [as throw] (/usr/local/lib/node_modules/appium/node_modules/babel-runtime/regenerator/runtime.js:100:21)
&amp#27;[35m[MJSONWP]&amp#27;[39m     at GeneratorFunctionPrototype.invoke (/usr/local/lib/node_modules/appium/node_modules/babel-runtime/regenerator/runtime.js:136:37)
&amp#27;[35m[HTTP]&amp#27;[39m &amp#27;[37m-->&amp#27;[39m &amp#27;[37mPOST&amp#27;[39m &amp#27;[37m/wd/hub/session/6c033502-fd88-4722-8b5b-92e91949d161/element&amp#27;[39m
&amp#27;[35m[HTTP]&amp#27;[39m &amp#27;[90m{"using":"id","value":"com.Slack:id/next_button_url_entry"}&amp#27;[39m
[debug] &amp#27;[35m[W3C]&amp#27;[39m Calling AppiumDriver.findElement() with args: ["id","com.Slack:id/next_button_url_entry","6c033502-fd88-4722-8b5b-92e91949d161"]
[debug] &amp#27;[35m[BaseDriver]&amp#27;[39m Valid locator strategies for this request: xpath, id, class name, accessibility id, -android uiautomator
[debug] &amp#27;[35m[BaseDriver]&amp#27;[39m Waiting up to 0 ms for condition
[debug] &amp#27;[35m[JSONWP Proxy]&amp#27;[39m Matched '/element' to command name 'findElement'
[debug] &amp#27;[35m[JSONWP Proxy]&amp#27;[39m Proxying [POST /element] to [POST http://localhost:8201/wd/hub/session/5a27c767-9791-4751-872d-2ed612cd606d/element] with body: {"strategy":"id","selector":"com.Slack:id/next_button_url_entry","context":"","multiple":false}
[debug] &amp#27;[35m[MJSONWP]&amp#27;[39m Matched JSONWP error code 7 to NoSuchElementError
&amp#27;[35m[MJSONWP]&amp#27;[39m Encountered internal error running command: NoSuchElementError: An element could not be located on the page using the given search parameters.
&amp#27;[35m[MJSONWP]&amp#27;[39m     at AndroidUiautomator2Driver.callee$0$0$ (/usr/local/lib/node_modules/appium/node_modules/appium-android-driver/lib/command&amp#27;[35m[HTs/find.js:75:11)
&amp#27;[35m[MTP]&amp#27;[39m &amp#27;[37m<-- POST /wd/hub/session/6c033502-fd88-4722-8b5b-92e9194JS9ONd161/element &amp#27;[39m&amp#27;[31m500&amp#27;[39m &amp#27;[90m31 ms - 164&amp#27;[39m
WP]&amp#27;[39m     at tryCatch (/usr/local/lib/node_modules/appium/node_modules/babel-runtime/rege&amp#27;[35m[HneTTP]&amp#27;[39m &amp#27;[90m&amp#27;[39m
rator/runtime.js:67:40)
&amp#27;[35m[MJSONWP]&amp#27;[39m     at GeneratorFunctionPrototype.invoke [as _invoke] (/usr/local/lib/node_modules/appium/node_modules/babel-runtime/regenerator/runtime.js:315:22)
&amp#27;[35m[MJSONWP]&amp#27;[39m     at GeneratorFunctionPrototype.prototype.(anonymous function) [as throw] (/usr/local/lib/node_modules/appium/node_modules/babel-runtime/regenerator/runtime.js:100:21)
&amp#27;[35m[MJSONWP]&amp#27;[39m     at GeneratorFunctionPrototype.invoke (/usr/local/lib/node_modules/appium/node_modules/babel-runtime/regenerator/runtime.js:136:37)
&amp#27;[35m[HTTP]&amp#27;[39m &amp#27;[37m-->&amp#27;[39m &amp#27;[37mPOST&amp#27;[39m &amp#27;[37m/wd/hub/session/6c033502-fd88-4722-8b5b-92e91949d161/element&amp#27;[39m
&amp#27;[35m[HTTP]&amp#27;[39m &amp#27;[90m{"using":"id","value":"com.Slack:id/next_button_url_entry"}&amp#27;[39m
[debug] &amp#27;[35m[W3C]&amp#27;[39m Calling AppiumDriver.findElement() with args: ["id","com.Slack:id/next_button_url_entry","6c033502-fd88-4722-8b5b-92e91949d161"]
[debug] &amp#27;[35m[BaseDriver]&amp#27;[39m Valid locator strategies for this request: xpath, id, class name, accessibility id, -android uiautomator
[debug] &amp#27;[35m[BaseDriver]&amp#27;[39m Waiting up to 0 ms for condition
[debug] &amp#27;[35m[JSONWP Proxy]&amp#27;[39m Matched '/element' to command name 'findElement'
[debug] &amp#27;[35m[JSONWP Proxy]&amp#27;[39m Proxying [POST /element] to [POST http://localhost:8201/wd/hub/session/5a27c767-9791-4751-872d-2ed612cd606d/element] with body: {"strategy":"id","selector":"com.Slack:id/next_button_url_entry","context":"","multiple":false}
[debug] &amp#27;[35m[MJSONWP]&amp#27;[39m Matched JSONWP error code 7 to NoSuchElementError
&amp#27;[35m[MJSONWP]&amp#27;[39m Encountered internal error running command: NoSuchElementError: An element could not be located on the page using the given search parameters.
&amp#27;[35m[MJSONWP]&amp#27;[39m     at AndroidUiautomator2Driver.callee$0$0$ (/usr/local/lib/node_modules/appium/node_modules/appium-android-driver/lib/commands/find.js:75:11)
&amp#27;[35m[MJSONWP]&amp#27;[39m     at tryCatch (/usr/local/lib/node_modules/appium/node_modules/babel-runtime/regenerator/runtime.js&amp#27;[35m[HTTP]&amp#27;[39m &amp#27;[37m<-- POST /wd/hub/session/6c033502-fd88-4722-8b5b-92e91949d161/element &amp#27;[39:67:40)
&amp#27;[35m[m&amp#27;[31m500&amp#27;[39m &amp#27;[90m34 ms - 164&amp#27;[39m
&amp#27;[3MJSONWP]&amp#27;[39m     at GeneratorFunctionPrototy5m[HTTP]pe.in&amp#27;[39voke m &amp#27;[a[9s 0m&amp#27;[39m
_invoke] (/usr/local/lib/node_modules/appium/node_modules/babel-runtime/regenerator/runtime.js:315:22)
&amp#27;[35m[MJSONWP]&amp#27;[39m     at GeneratorFunctionPrototype.prototype.(anonymous function) [as throw] (/usr/local/lib/node_modules/appium/node_modules/babel-runtime/regenerator/runtime.js:100:21)
&amp#27;[35m[MJSONWP]&amp#27;[39m     at GeneratorFunctionPrototype.invoke (/usr/local/lib/node_modules/appium/node_modules/babel-runtime/regenerator/runtime.js:136:37)
&amp#27;[35m[HTTP]&amp#27;[39m &amp#27;[37m-->&amp#27;[39m &amp#27;[37mPOST&amp#27;[39m &amp#27;[37m/wd/hub/session/6c033502-fd88-4722-8b5b-92e91949d161/element&amp#27;[39m
&amp#27;[35m[HTTP]&amp#27;[39m &amp#27;[90m{"using":"id","value":"com.Slack:id/next_button_url_entry"}&amp#27;[39m
[debug] &amp#27;[35m[W3C]&amp#27;[39m Calling AppiumDriver.findElement() with args: ["id","com.Slack:id/next_button_url_entry","6c033502-fd88-4722-8b5b-92e91949d161"]
[debug] &amp#27;[35m[BaseDriver]&amp#27;[39m Valid locator strategies for this request: xpath, id, class name, accessibility id, -android uiautomator
[debug] &amp#27;[35m[BaseDriver]&amp#27;[39m Waiting up to 0 ms for condition
[debug] &amp#27;[35m[JSONWP Proxy]&amp#27;[39m Matched '/element' to command name 'findElement'
[debug] &amp#27;[35m[JSONWP Proxy]&amp#27;[39m Proxying [POST /element] to [POST http://localhost:8201/wd/hub/session/5a27c767-9791-4751-872d-2ed612cd606d/element] with body: {"strategy":"id","selector":"com.Slack:id/next_button_url_entry","context":"","multiple":false}
[debug] &amp#27;[35m[MJSONWP]&amp#27;[39m Matched JSONWP error code 7 to NoSuchElementError
&amp#27;[35m[MJSONWP]&amp#27;[39m Encountered internal error running command: NoSuchElementError: An element could not be located on the page using the given search parameters.
&amp#27;[35m[MJSONWP]&amp#27;[39m     at AndroidUiautomator2Driver.callee$0$0$ (/usr/local/lib/node_modules/appium/node_modules/appium-android-driver/lib/commands/find.js:75:11)
&amp#27;[35m[MJ&amp#27;[35m[HTTP]&amp#27;[39m &amp#27;SONWP]&amp#27;[39m  [37m<-- POST /wd/   at tryCahub/session/6c033502-fd88-4722-8b5btch (/usr/local/lib/node_modules/app-92e91949d161/element &amp#27;[39m&amp#27;[31m500&amp#27;[39m &amp#27;[90m2ium/node_modules/babel-7 ms - 164&amp#27;[39m
&amp#27;[35m[runtime/regenerator/runtiHTTP]&amp#27;[39m &amp#27;[90m&amp#27;[39m
me.js:67:40)
&amp#27;[35m[MJSONWP]&amp#27;[39m     at GeneratorFunctionPrototype.invoke [as _invoke] (/usr/local/lib/node_modules/appium/node_modules/babel-runtime/regenerator/runtime.js:315:22)
&amp#27;[35m[MJSONWP]&amp#27;[39m     at GeneratorFunctionPrototype.prototype.(anonymous function) [as throw] (/usr/local/lib/node_modules/appium/node_modules/babel-runtime/regenerator/runtime.js:100:21)
&amp#27;[35m[MJSONWP]&amp#27;[39m     at GeneratorFunctionPrototype.invoke (/usr/local/lib/node_modules/appium/node_modules/babel-runtime/regenerator/runtime.js:136:37)
&amp#27;[35m[HTTP]&amp#27;[39m &amp#27;[37m-->&amp#27;[39m &amp#27;[37mPOST&amp#27;[39m &amp#27;[37m/wd/hub/session/6c033502-fd88-4722-8b5b-92e91949d161/element&amp#27;[39m
&amp#27;[35m[HTTP]&amp#27;[39m &amp#27;[90m{"using":"id","value":"com.Slack:id/next_button_url_entry"}&amp#27;[39m
[debug] &amp#27;[35m[W3C]&amp#27;[39m Calling AppiumDriver.findElement() with args: ["id","com.Slack:id/next_button_url_entry","6c033502-fd88-4722-8b5b-92e91949d161"]
[debug] &amp#27;[35m[BaseDriver]&amp#27;[39m Valid locator strategies for this request: xpath, id, class name, accessibility id, -android uiautomator
[debug] &amp#27;[35m[BaseDriver]&amp#27;[39m Waiting up to 0 ms for condition
[debug] &amp#27;[35m[JSONWP Proxy]&amp#27;[39m Matched '/element' to command name 'findElement'
[debug] &amp#27;[35m[JSONWP Proxy]&amp#27;[39m Proxying [POST /element] to [POST http://localhost:8201/wd/hub/session/5a27c767-9791-4751-872d-2ed612cd606d/element] with body: {"strategy":"id","selector":"com.Slack:id/next_button_url_entry","context":"","multiple":false}
[debug] &amp#27;[35m[MJSONWP]&amp#27;[39m Matched JSONWP error code 7 to NoSuchElementError
&amp#27;[35m[MJSONWP]&amp#27;[39m Encountered internal error running command: NoSuchElementError: An element could not be located on the page using the given search parameters.
&amp#27;[35m[MJSONWP]&amp#27;[39m     at AndroidUiautomator2&amp#27;[Driver.callee$035m[HTTP]&amp#27;[39m &amp#27;$0$ (/usr/local/lib/node[37m<-- P_modulOST /wd/hub/session/6c033502-fd88-4722-8b5b-92e91949d161/elemees/ant &amp#27;[39m&amp#27;[31m500&amp#27;[39m ppium/n&amp#27;[90m28ode_ mmos dules/appiu- 164&amp#27;[39m-anm
droid-driver/li&amp#27;[35m[HTTP]&amp#27;[39m &amp#27;[90mb/commands/fi&amp#27;[39m
nd.js:75:11)
&amp#27;[35m[MJSONWP]&amp#27;[39m     at tryCatch (/usr/local/lib/node_modules/appium/node_modules/babel-runtime/regenerator/runtime.js:67:40)
&amp#27;[35m[MJSONWP]&amp#27;[39m     at GeneratorFunctionPrototype.invoke [as _invoke] (/usr/local/lib/node_modules/appium/node_modules/babel-runtime/regenerator/runtime.js:315:22)
&amp#27;[35m[MJSONWP]&amp#27;[39m     at GeneratorFunctionPrototype.prototype.(anonymous function) [as throw] (/usr/local/lib/node_modules/appium/node_modules/babel-runtime/regenerator/runtime.js:100:21)
&amp#27;[35m[MJSONWP]&amp#27;[39m     at GeneratorFunctionPrototype.invoke (/usr/local/lib/node_modules/appium/node_modules/babel-runtime&amp#27;[35m[/regeneraHTTP]&amp#27;tor/r[3un9m time.js&amp#27;[37m-->&amp#27;[39m :136:37)
&amp#27;[37mPOST&amp#27;[39m &amp#27;[37m/wd/hub/session/6c033502-fd88-4722-8b5b-92e91949d161/element&amp#27;[39m
&amp#27;[35m[HTTP]&amp#27;[39m &amp#27;[90m{"using":"id","value":"com.Slack:id/next_button_url_entry"}&amp#27;[39m
[debug] &amp#27;[35m[W3C]&amp#27;[39m Calling AppiumDriver.findElement() with args: ["id","com.Slack:id/next_button_url_entry","6c033502-fd88-4722-8b5b-92e91949d161"]
[debug] &amp#27;[35m[BaseDriver]&amp#27;[39m Valid locator strategies for this request: xpath, id, class name, accessibility id, -android uiautomator
[debug] &amp#27;[35m[BaseDriver]&amp#27;[39m Waiting up to 0 ms for condition
[debug] &amp#27;[35m[JSONWP Proxy]&amp#27;[39m Matched '/element' to command name 'findElement'
[debug] &amp#27;[35m[JSONWP Proxy]&amp#27;[39m Proxying [POST /element] to [POST http://localhost:8201/wd/hub/session/5a27c767-9791-4751-872d-2ed612cd606d/element] with body: {"strategy":"id","selector":"com.Slack:id/next_button_url_entry","context":"","multiple":false}
[debug] &amp#27;[35m[MJSONWP]&amp#27;[39m Matched JSONWP error code 7 to NoSuchElementError
&amp#27;[35m[MJSONWP]&amp#27;[39m Encountered internal error running command: NoSuchElementError: An element could not be located on the page using the given search parameters.
&amp#27;[35m[MJSONWP]&amp#27;[39m     at AndroidUiautomator2Driver.callee$0$0$ (/usr/local/lib/node_modules/appium/node_modules/appium-android-driver/lib/commands/find.js:75:11)
&amp#27;[35m[MJSONWP]&amp#27;[39m     at tryCatch (/usr/local/lib/node_modules/appium/node_&amp#27;[35modules/babel-runtime/regenerator/runm[time.js:HTT67:40)P]&amp#27;[39m
&amp#27;[35m[MJSO &amp#27;NWP[3]&amp#27;[39m     at GeneratorFunctionPrototype.invoke [as _invo7mke] (/u<-- POST sr/l/wocal/lid/b/nodehu_modulb/seses/appium/nsion/6ode_modc03ul3502es/-fbad8bel-runt8-472ime/2-regenerator/8b5bruntime.js:315:22)
&amp#27;[35m[MJSONWP]&amp#27;[39m     at GeneratorFunctionProt-9otype.pro2etotype.(anonymous9194 function) [as throw] (/usr/local/lib/node9d16_modules/appium/1/elemennode_t modul&amp#27;[3es/babel-runtime/regenerator/runt9m&amp#27;[ime.js:100:2311)
&amp#27;[35m[MJSONWP]&amp#27;[39m     at GeneratorFunctionPrototype.invoke (/usr/local/lib/node_modules/appium/nodm500e_modules/babel-runtime&amp#27;[39m &amp#27;[90/regenerator/runtime.js:136m42 ms:37)
 - 164&amp#27;[39m
&amp#27;[35m[HTTP]&amp#27;[39m &amp#27;[90m&amp#27;[39m
&amp#27;[35m[HTTP]&amp#27;[39m &amp#27;[37m-->&amp#27;[39m &amp#27;[37mPOST&amp#27;[39m &amp#27;[37m/wd/hub/session/6c033502-fd88-4722-8b5b-92e91949d161/element&amp#27;[39m
&amp#27;[35m[HTTP]&amp#27;[39m &amp#27;[90m{"using":"id","value":"com.Slack:id/next_button_url_entry"}&amp#27;[39m
[debug] &amp#27;[35m[W3C]&amp#27;[39m Calling AppiumDriver.findElement() with args: ["id","com.Slack:id/next_button_url_entry","6c033502-fd88-4722-8b5b-92e91949d161"]
[debug] &amp#27;[35m[BaseDriver]&amp#27;[39m Valid locator strategies for this request: xpath, id, class name, accessibility id, -android uiautomator
[debug] &amp#27;[35m[BaseDriver]&amp#27;[39m Waiting up to 0 ms for condition
[debug] &amp#27;[35m[JSONWP Proxy]&amp#27;[39m Matched '/element' to command name 'findElement'
[debug] &amp#27;[35m[JSONWP Proxy]&amp#27;[39m Proxying [POST /element] to [POST http://localhost:8201/wd/hub/session/5a27c767-9791-4751-872d-2ed612cd606d/element] with body: {"strategy":"id","selector":"com.Slack:id/next_button_url_entry","context":"","multiple":false}
[debug] &amp#27;[35m[MJSONWP]&amp#27;[39m Matched JSONWP error code 7 to NoSuchElementError
&amp#27;[35m[MJSONWP]&amp#27;[39m Encountered internal error running command: NoSuchElementError: An element could not be located on the page using the given search parameters.
&amp#27;[35m[MJSONWP]&amp#27;[39m     at AndroidUiautomator2Driver.callee$0$0$ (/usr/local/lib/node_modules/appium/node_modules/appium-android-driver/lib/comma&amp#27;[35m[Hnds/finTTP]d.&amp#27;[3js:75:19m &amp#27;[371)
&amp#27;[35m[MJSONWP]&amp#27;[3m<9m-- POST     /wd/h atub tryCa/session/6ctch (/u03sr3502-/local/lfd88-ib/n4722-8b5b-od92e9e_modules/19ap49d161/pium/elementnode_ &amp#27;modules/babel-runti[39m&amp#27;[31m500&amp#27;[39m &amp#27;[90mme/r2egen9 mserator/ -run 164time&amp#27;[.js:67:40)
&amp#27;[35m[MJS39m
ONW&amp#27;[P]&amp#27;[39m     at 35Genem[HTratorFunctionPrototype.invokTPe ]&amp#27;[3[a9m &amp#27;[90m&amp#27;[39m
s _invoke] (/usr/local/lib/node_modules/appium/node_modules/babel-runtime/regenerator/runtime.js:315:22)
&amp#27;[35m[MJSONWP]&amp#27;[39m     at GeneratorFunctionPrototype.prototype.(anonymous function) [as throw] (/usr/local/lib/node_modules/appium/node_modules/babel-runtime/regenerator/runtime.js:100:21)
&amp#27;[35m[MJSONWP]&amp#27;[39m     at GeneratorFunctionPrototype.invoke (/usr/local/lib/node_modules/appium/node_modules/babel-runtime/regenerator/runtime.js:136:37)
&amp#27;[35m[HTTP]&amp#27;[39m &amp#27;[37m-->&amp#27;[39m &amp#27;[37mPOST&amp#27;[39m &amp#27;[37m/wd/hub/session/6c033502-fd88-4722-8b5b-92e91949d161/element&amp#27;[39m
&amp#27;[35m[HTTP]&amp#27;[39m &amp#27;[90m{"using":"id","value":"com.Slack:id/next_button_url_entry"}&amp#27;[39m
[debug] &amp#27;[35m[W3C]&amp#27;[39m Calling AppiumDriver.findElement() with args: ["id","com.Slack:id/next_button_url_entry","6c033502-fd88-4722-8b5b-92e91949d161"]
[debug] &amp#27;[35m[BaseDriver]&amp#27;[39m Valid locator strategies for this request: xpath, id, class name, accessibility id, -android uiautomator
[debug] &amp#27;[35m[BaseDriver]&amp#27;[39m Waiting up to 0 ms for condition
[debug] &amp#27;[35m[JSONWP Proxy]&amp#27;[39m Matched '/element' to command name 'findElement'
[debug] &amp#27;[35m[JSONWP Proxy]&amp#27;[39m Proxying [POST /element] to [POST http://localhost:8201/wd/hub/session/5a27c767-9791-4751-872d-2ed612cd606d/element] with body: {"strategy":"id","selector":"com.Slack:id/next_button_url_entry","context":"","multiple":false}
[debug] &amp#27;[35m[MJSONWP]&amp#27;[39m Matched JSONWP error code 7 to NoSuchElementError
&amp#27;[35m[MJSONWP]&amp#27;[39m Encountered internal error running command: NoSuchElementError: An element could not be located on the page using the given search parameters.
&amp#27;[35m[MJSONWP]&amp#27;[39m     at AndroidUiautomator2Driver.callee$0$0$ (/usr/local/lib/node_modules/appium/node_modules/appium-android-driver/lib&amp#27;[35m[HTTP]&amp#27;[39m &amp#27;[37m<-- POST /wd/hub/sessi/con/6c033502-fd8ommand8-s/find47.js:22-8b5b-9275:11)
&amp#27;[35m[MJSONWP]&amp#27;[39m    e91949 at tryCad1tch (/us61/elemenr/local/lib/t &amp#27;[node_mod39m&amp#27;[31ulem500&amp#27;[39ms/ &amp#27;a[90ppium/nodem32 ms_m - 164odules/babel&amp#27;[39-runm
tim&amp#27;[e/35m[HTregTP]&amp#27;[39m &amp#27;[en90m&amp#27;[39m
erator/runtime.js:67:40)
&amp#27;[35m[MJSONWP]&amp#27;[39m     at GeneratorFunctionPrototype.invoke [as _invoke] (/usr/local/lib/node_modules/appium/node_modules/babel-runtime/regenerator/runtime.js:315:22)
&amp#27;[35m[MJSONWP]&amp#27;[39m     at GeneratorFunctionPrototype.prototype.(anonymous function) [as throw] (/usr/local/lib/node_modules/appium/node_modules/babel-runtime/regenerator/runtime.js:100:21)
&amp#27;[35m[MJSONWP]&amp#27;[39m     at GeneratorFunctionPrototype.invoke (/usr/local/lib/node_modules/appium/node_modules/babel-runtime/regenerator/runtime.js:136:37)
&amp#27;[35m[HTTP]&amp#27;[39m &amp#27;[37m-->&amp#27;[39m &amp#27;[37mPOST&amp#27;[39m &amp#27;[37m/wd/hub/session/6c033502-fd88-4722-8b5b-92e91949d161/element&amp#27;[39m
&amp#27;[35m[HTTP]&amp#27;[39m &amp#27;[90m{"using":"id","value":"com.Slack:id/next_button_url_entry"}&amp#27;[39m
[debug] &amp#27;[35m[W3C]&amp#27;[39m Calling AppiumDriver.findElement() with args: ["id","com.Slack:id/next_button_url_entry","6c033502-fd88-4722-8b5b-92e91949d161"]
[debug] &amp#27;[35m[BaseDriver]&amp#27;[39m Valid locator strategies for this request: xpath, id, class name, accessibility id, -android uiautomator
[debug] &amp#27;[35m[BaseDriver]&amp#27;[39m Waiting up to 0 ms for condition
[debug] &amp#27;[35m[JSONWP Proxy]&amp#27;[39m Matched '/element' to command name 'findElement'
[debug] &amp#27;[35m[JSONWP Proxy]&amp#27;[39m Proxying [POST /element] to [POST http://localhost:8201/wd/hub/session/5a27c767-9791-4751-872d-2ed612cd606d/element] with body: {"strategy":"id","selector":"com.Slack:id/next_button_url_entry","context":"","multiple":false}
[debug] &amp#27;[35m[MJSONWP]&amp#27;[39m Matched JSONWP error code 7 to NoSuchElementError
&amp#27;[35m[MJSONWP]&amp#27;[39m Encountered internal error running command: NoSuchElementError: An element could not be located on the page using the given search parameters.
&amp#27;[35m[MJSONWP]&amp#27;[39m     at AndroidUiautomator2Driver.callee$0$0$ (/usr/local/lib/node_modules/appium/node_modules/appium-android-driver/lib/commands/find.js:75:11)
&amp#27;[35m[MJSONWP]&amp#27;[39m     at tryCatch (/usr/local/lib/node_module&amp#27;[35s/m[HapTTpiP]&amp#27;[um/node_modules/b39abel-runtimm e/rege&amp#27;[37neratorm<-- /runtimPOST /wd/hube.js/se:67ss:40)
&amp#27;[ion/6c033502-35fdm[MJSONWP]&amp#27;[39m 88-4722-    at 8b5Geneb-rator92FunctionProtoe9type.invoke [a19s 49d1_in61/evoke] (lemen/t usr/l&amp#27;[39m&amp#27;[31m500&amp#27;[39m oc&amp#27;[al90/m28 ms - 1lib/64&amp#27;[39m
node_modul&amp#27;[es35m[HTTP/a]&amp#27;[39m &amp#27;ppium/no[90m&amp#27;[39m
de_modules/babel-runtime/regenerator/runtime.js:315:22)
&amp#27;[35m[MJSONWP]&amp#27;[39m     at GeneratorFunctionPrototype.prototype.(anonymous function) [as throw] (/usr/local/lib/node_modules/appium/node_modules/babel-runtime/regenerator/runtime.js:100:21)
&amp#27;[35m[MJSONWP]&amp#27;[39m     at GeneratorFunctionPrototype.invoke (/usr/local/lib/node_modules/appium/node_modules/babel-runtime/regenerator/runtime.js:136:37)
&amp#27;[35m[HTTP]&amp#27;[39m &amp#27;[37m-->&amp#27;[39m &amp#27;[37mPOST&amp#27;[39m &amp#27;[37m/wd/hub/session/6c033502-fd88-4722-8b5b-92e91949d161/element&amp#27;[39m
&amp#27;[35m[HTTP]&amp#27;[39m &amp#27;[90m{"using":"id","value":"com.Slack:id/next_button_url_entry"}&amp#27;[39m
[debug] &amp#27;[35m[W3C]&amp#27;[39m Calling AppiumDriver.findElement() with args: ["id","com.Slack:id/next_button_url_entry","6c033502-fd88-4722-8b5b-92e91949d161"]
[debug] &amp#27;[35m[BaseDriver]&amp#27;[39m Valid locator strategies for this request: xpath, id, class name, accessibility id, -android uiautomator
[debug] &amp#27;[35m[BaseDriver]&amp#27;[39m Waiting up to 0 ms for condition
[debug] &amp#27;[35m[JSONWP Proxy]&amp#27;[39m Matched '/element' to command name 'findElement'
[debug] &amp#27;[35m[JSONWP Proxy]&amp#27;[39m Proxying [POST /element] to [POST http://localhost:8201/wd/hub/session/5a27c767-9791-4751-872d-2ed612cd606d/element] with body: {"strategy":"id","selector":"com.Slack:id/next_button_url_entry","context":"","multiple":false}
[debug] &amp#27;[35m[MJSONWP]&amp#27;[39m Matched JSONWP error code 7 to NoSuchElementError
&amp#27;[35m[MJSONWP]&amp#27;[39m Encountered internal error running command: NoSuchElementError: An element could not be located on the page using the given search parameters.
&amp#27;[35m[MJSONWP]&amp#27;[39m     at AndroidUiautomator2Driver.callee$0$0$ (/usr/local/lib/node_modules/appium/node_modules/appium-android-driver/lib/commands/find.js:75:11)
&amp#27;[35m[MJSONWP]&amp#27;[39&amp#27;[35m[HTTP]&amp#27;[39m     at tm &amp#27;r[37m<yCatch (/us-- POST /wd/hub/session/6r/locc033502-fd88-al/lib47/node_mod22-8b5bule-92s/ape9194pi9d161/elumem/node_modulesent /babel-runtime&amp#27;[39m&amp#27;/rege[31m5nerator/runti00me.js:6&amp#27;[37:40)
&amp#27;[35m[MJSONW9m &amp#27;[90mP]23 ms - 1&amp#27;[39m   64&amp#27;[39m
  at Genera&amp#27;[35m[torFunctioHTTnPP]rototype.&amp#27;[inv3oke [as _invoke] (/usr9m /local/lib/node_module&amp#27;[90ms/appium/nod&amp#27;[39m
e_modules/babel-runtime/regenerator/runtime.js:315:22)
&amp#27;[35m[MJSONWP]&amp#27;[39m     at GeneratorFunctionPrototype.prototype.(anonymous function) [as throw] (/usr/local/lib/node_modules/appium/node_modules/babel-runtime/regenerator/runtime.js:100:21)
&amp#27;[35m[MJSONWP]&amp#27;[39m     at GeneratorFunctionPrototype.invoke (/usr/local/lib/node_modules/appium/node_modules/babel-runtime/regenerator/runtime.js:136:37)
&amp#27;[35m[HTTP]&amp#27;[39m &amp#27;[37m-->&amp#27;[39m &amp#27;[37mPOST&amp#27;[39m &amp#27;[37m/wd/hub/session/6c033502-fd88-4722-8b5b-92e91949d161/element&amp#27;[39m
&amp#27;[35m[HTTP]&amp#27;[39m &amp#27;[90m{"using":"id","value":"com.Slack:id/next_button_url_entry"}&amp#27;[39m
[debug] &amp#27;[35m[W3C]&amp#27;[39m Calling AppiumDriver.findElement() with args: ["id","com.Slack:id/next_button_url_entry","6c033502-fd88-4722-8b5b-92e91949d161"]
[debug] &amp#27;[35m[BaseDriver]&amp#27;[39m Valid locator strategies for this request: xpath, id, class name, accessibility id, -android uiautomator
[debug] &amp#27;[35m[BaseDriver]&amp#27;[39m Waiting up to 0 ms for condition
[debug] &amp#27;[35m[JSONWP Proxy]&amp#27;[39m Matched '/element' to command name 'findElement'
[debug] &amp#27;[35m[JSONWP Proxy]&amp#27;[39m Proxying [POST /element] to [POST http://localhost:8201/wd/hub/session/5a27c767-9791-4751-872d-2ed612cd606d/element] with body: {"strategy":"id","selector":"com.Slack:id/next_button_url_entry","context":"","multiple":false}
[debug] &amp#27;[35m[MJSONWP]&amp#27;[39m Matched JSONWP error code 7 to NoSuchElementError
&amp#27;[35m[MJSONWP]&amp#27;[39m Encountered internal error running command: NoSuchElementError: An element could not be located on the page using the given search parameters.
&amp#27;[35m[MJSONWP]&amp#27;[39m     at AndroidUiautomator2Driver.callee$0$0$ (/usr/local/lib/node_modules/appium/node_modules/appium&amp#27;[35m-android-driver/[HTTP]&amp#27;lib/comm[39m &amp#27;[37m<-- anPOST ds/wd/fin/hubd.js:7/session/6c0335052-fd88-4722-8b5:1b-92e91949d161/eleme1)
&amp#27;[35m[MJSONWP]&amp#27;[39m     at tryCatch (/usrnt &amp#27;[39m&amp#27;[31m500&amp#27;[39m &amp#27;[90m31 ms - 164/l&amp#27;[39ocal/lib/m
&amp#27;[35node_modules/appium[HTm/noTP]&amp#27;[39m &amp#27;[de_m90odm&amp#27;[ule39s/babem
l-runtime/regenerator/runtime.js:67:40)
&amp#27;[35m[MJSONWP]&amp#27;[39m     at GeneratorFunctionPrototype.invoke [as _invoke] (/usr/local/lib/node_modules/appium/node_modules/babel-runtime/regenerator/runtime.js:315:22)
&amp#27;[35m[MJSONWP]&amp#27;[39m     at GeneratorFunctionPrototype.prototype.(anonymous function) [as throw] (/usr/local/lib/node_modules/appium/node_modules/babel-runtime/regenerator/runtime.js:100:21)
&amp#27;[35m[MJSONWP]&amp#27;[39m     at GeneratorFunctionPrototype.invoke (/usr/local/lib/node_modules/appium/node_modules/babel-runtime/regenerator/runtime.js:136:37)
&amp#27;[35m[HTTP]&amp#27;[39m &amp#27;[37m-->&amp#27;[39m &amp#27;[37mPOST&amp#27;[39m &amp#27;[37m/wd/hub/session/6c033502-fd88-4722-8b5b-92e91949d161/element&amp#27;[39m
&amp#27;[35m[HTTP]&amp#27;[39m &amp#27;[90m{"using":"id","value":"com.Slack:id/next_button_url_entry"}&amp#27;[39m
[debug] &amp#27;[35m[W3C]&amp#27;[39m Calling AppiumDriver.findElement() with args: ["id","com.Slack:id/next_button_url_entry","6c033502-fd88-4722-8b5b-92e91949d161"]
[debug] &amp#27;[35m[BaseDriver]&amp#27;[39m Valid locator strategies for this request: xpath, id, class name, accessibility id, -android uiautomator
[debug] &amp#27;[35m[BaseDriver]&amp#27;[39m Waiting up to 0 ms for condition
[debug] &amp#27;[35m[JSONWP Proxy]&amp#27;[39m Matched '/element' to command name 'findElement'
[debug] &amp#27;[35m[JSONWP Proxy]&amp#27;[39m Proxying [POST /element] to [POST http://localhost:8201/wd/hub/session/5a27c767-9791-4751-872d-2ed612cd606d/element] with body: {"strategy":"id","selector":"com.Slack:id/next_button_url_entry","context":"","multiple":false}
[debug] &amp#27;[35m[MJSONWP]&amp#27;[39m Matched JSONWP error code 7 to NoSuchElementError
&amp#27;[35m[MJSONWP]&amp#27;[39m Encountered internal error running command: NoSuchElementError: An element could not be located on the page using the given search parameters.
&amp#27;[35m[MJSONWP]&amp#27;[39m     at AndroidUiautomator2Driver.callee$0$0$ (/usr/local/lib/node_modules/appium/node_modules/appium-android-driver/lib/commands/find.js:75:11)
&amp#27;[35m[MJSONWP]&amp#27;[39m     at tryCatch (/usr/local/lib/node_modules/appium/n&amp#27;[35odem[HTTP]&amp#27;[39m &amp#27;[3_7m<-- POmodulST /wd/hub/sees/babelss-rion/6c03350unt2-fd88im-4e/re722-8b5bge-92e91ne94rator/9d161/elemrunent &amp#27;[3time.js:67:40)
9m&amp#27;[&amp#27;[31m53500m[MJ&amp#27;[SONWP]&amp#27;39m[39m &amp#27;[90m26 ms - 1  64&amp#27;[39m
 &amp#27;[35  atm[HTTP]&amp#27;[39m &amp#27;[90m&amp#27; G[39m
eneratorFunctionPrototype.invoke [as _invoke] (/usr/local/lib/node_modules/appium/node_modules/babel-runtime/regenerator/runtime.js:315:22)
&amp#27;[35m[MJSONWP]&amp#27;[39m     at GeneratorFunctionPrototype.prototype.(anonymous function) [as throw] (/usr/local/lib/node_modules/appium/node_modules/babel-runtime/regenerator/runtime.js:100:21)
&amp#27;[35m[MJSONWP]&amp#27;[39m     at GeneratorFunctionPrototype.invoke (/usr/local/lib/node_modules/appium/node_modules/babel-runtime/regenerator/runtime.js:136:37)
&amp#27;[35m[HTTP]&amp#27;[39m &amp#27;[37m-->&amp#27;[39m &amp#27;[37mPOST&amp#27;[39m &amp#27;[37m/wd/hub/session/6c033502-fd88-4722-8b5b-92e91949d161/element&amp#27;[39m
&amp#27;[35m[HTTP]&amp#27;[39m &amp#27;[90m{"using":"id","value":"com.Slack:id/next_button_url_entry"}&amp#27;[39m
[debug] &amp#27;[35m[W3C]&amp#27;[39m Calling AppiumDriver.findElement() with args: ["id","com.Slack:id/next_button_url_entry","6c033502-fd88-4722-8b5b-92e91949d161"]
[debug] &amp#27;[35m[BaseDriver]&amp#27;[39m Valid locator strategies for this request: xpath, id, class name, accessibility id, -android uiautomator
[debug] &amp#27;[35m[BaseDriver]&amp#27;[39m Waiting up to 0 ms for condition
[debug] &amp#27;[35m[JSONWP Proxy]&amp#27;[39m Matched '/element' to command name 'findElement'
[debug] &amp#27;[35m[JSONWP Proxy]&amp#27;[39m Proxying [POST /element] to [POST http://localhost:8201/wd/hub/session/5a27c767-9791-4751-872d-2ed612cd606d/element] with body: {"strategy":"id","selector":"com.Slack:id/next_button_url_entry","context":"","multiple":false}
[debug] &amp#27;[35m[MJSONWP]&amp#27;[39m Matched JSONWP error code 7 to NoSuchElementError
&amp#27;[35m[MJSONWP]&amp#27;[39m Encountered internal error running command: NoSuchElementError: An element could not be located on the page using the given search parameters.
&amp#27;[35m[MJSONWP]&amp#27;[39m     at AndroidUiautomator2Driver.callee$0$0$ (/usr/local/lib/node_modules/appium/node_modules/appium-android-driver/lib/commands/find.js:75:11)
&amp#27;[35m[MJSONWP]&amp#27;[39m     at tryCatch (/usr/local/lib/node_mo&amp#27;[35dulesm[HTT/appiuP]m/node_modules/ba&amp#27;[39m bel-runtime/regenerator/runti&amp#27;[37m<-me.j- POST /ws:67:40)
&amp#27;[3d5m/h[MJSONub/session/6WP]&amp#27;c0[339m     a35t 02-fGeneratorFunctd88-4ionProt72ot2-ype.8b5invoke [as _invoke] (/b-9usr/local2e91949d161/elem/lient &amp#27;[b/node_39mmodules/&amp#27;[31apm50pium/no0&amp#27;[39m &amp#27;[90m25 mde_ms - odule164&amp#27;[s/babe39m
l-runtime&amp#27;[35m/r[HTTegP]&amp#27;[ener39ator/mruntime.js: &amp#27;[9315:22)
&amp#27;[0m&amp#27;[39m35m[
MJSONWP]&amp#27;[39m     at GeneratorFunctionPrototype.prototype.(anonymous function) [as throw] (/usr/local/lib/node_modules/appium/node_modules/babel-runtime/regenerator/runtime.js:100:21)
&amp#27;[35m[MJSONWP]&amp#27;[39m     at GeneratorFunctionPrototype.invoke (/usr/local/lib/node_modules/appium/node_modules/babel-runtime/regenerator/runtime.js:136:37)
&amp#27;[35m[HTTP]&amp#27;[39m &amp#27;[37m-->&amp#27;[39m &amp#27;[37mPOST&amp#27;[39m &amp#27;[37m/wd/hub/session/6c033502-fd88-4722-8b5b-92e91949d161/element&amp#27;[39m
&amp#27;[35m[HTTP]&amp#27;[39m &amp#27;[90m{"using":"id","value":"com.Slack:id/next_button_url_entry"}&amp#27;[39m
[debug] &amp#27;[35m[W3C]&amp#27;[39m Calling AppiumDriver.findElement() with args: ["id","com.Slack:id/next_button_url_entry","6c033502-fd88-4722-8b5b-92e91949d161"]
[debug] &amp#27;[35m[BaseDriver]&amp#27;[39m Valid locator strategies for this request: xpath, id, class name, accessibility id, -android uiautomator
[debug] &amp#27;[35m[BaseDriver]&amp#27;[39m Waiting up to 0 ms for condition
[debug] &amp#27;[35m[JSONWP Proxy]&amp#27;[39m Matched '/element' to command name 'findElement'
[debug] &amp#27;[35m[JSONWP Proxy]&amp#27;[39m Proxying [POST /element] to [POST http://localhost:8201/wd/hub/session/5a27c767-9791-4751-872d-2ed612cd606d/element] with body: {"strategy":"id","selector":"com.Slack:id/next_button_url_entry","context":"","multiple":false}
[debug] &amp#27;[35m[MJSONWP]&amp#27;[39m Matched JSONWP error code 7 to NoSuchElementError
&amp#27;[35m[MJSONWP]&amp#27;[39m Encountered internal error running command: NoSuchElementError: An element could not be located on the page using the given search parameters.
&amp#27;[35m[MJSONWP]&amp#27;[39m     at AndroidUiautomator2Driver.callee$0$0$ (/usr/local/lib/node_modules/appium/node_modules/appium-android-driver/lib/commands/find.js:75:11)
&amp#27;[35&amp#27;[35m[m[HTTP]&amp#27;MJSO[N39WP]&amp#27;[39m   m &amp#27;[37m<-- POST /wd/hub/session/6c033502-fd88  -472a2t try-8b5b-9Catch 2e9194(/9d1us61/eler/melocalnt/l &amp#27;[39m&amp#27;[31m500ib/&amp#27;[39mnode &amp#27;_m[90modules/a25 ms - 16ppium4/&amp#27;[node_modules39m
/&amp#27;[bab35mel-r[HTTP]&amp#27;[39m &amp#27;[90m&amp#27;untime/re[3gene9mrator/run
time.js:67:40)
&amp#27;[35m[MJSONWP]&amp#27;[39m     at GeneratorFunctionPrototype.invoke [as _invoke] (/usr/local/lib/node_modules/appium/node_modules/babel-runtime/regenerator/runtime.js:315:22)
&amp#27;[35m[MJSONWP]&amp#27;[39m     at GeneratorFunctionPrototype.prototype.(anonymous function) [as throw] (/usr/local/lib/node_modules/appium/node_modules/babel-runtime/regenerator/runtime.js:100:21)
&amp#27;[35m[MJSONWP]&amp#27;[39m     at GeneratorFunctionPrototype.invoke (/usr/local/lib/node_modules/appium/node_modules/babel-runtime/regenerator/runtime.js:136:37)
&amp#27;[35m[HTTP]&amp#27;[39m &amp#27;[37m-->&amp#27;[39m &amp#27;[37mPOST&amp#27;[39m &amp#27;[37m/wd/hub/session/6c033502-fd88-4722-8b5b-92e91949d161/element&amp#27;[39m
&amp#27;[35m[HTTP]&amp#27;[39m &amp#27;[90m{"using":"id","value":"com.Slack:id/next_button_url_entry"}&amp#27;[39m
[debug] &amp#27;[35m[W3C]&amp#27;[39m Calling AppiumDriver.findElement() with args: ["id","com.Slack:id/next_button_url_entry","6c033502-fd88-4722-8b5b-92e91949d161"]
[debug] &amp#27;[35m[BaseDriver]&amp#27;[39m Valid locator strategies for this request: xpath, id, class name, accessibility id, -android uiautomator
[debug] &amp#27;[35m[BaseDriver]&amp#27;[39m Waiting up to 0 ms for condition
[debug] &amp#27;[35m[JSONWP Proxy]&amp#27;[39m Matched '/element' to command name 'findElement'
[debug] &amp#27;[35m[JSONWP Proxy]&amp#27;[39m Proxying [POST /element] to [POST http://localhost:8201/wd/hub/session/5a27c767-9791-4751-872d-2ed612cd606d/element] with body: {"strategy":"id","selector":"com.Slack:id/next_button_url_entry","context":"","multiple":false}
[debug] &amp#27;[35m[MJSONWP]&amp#27;[39m Matched JSONWP error code 7 to NoSuchElementError
&amp#27;[35m[MJSONWP]&amp#27;[39m Encountered internal error running command: NoSuchElementError: An element could not be located on the page using the given search parameters.
&amp#27;[35m[MJSONWP]&amp#27;[39m     at AndroidUiautomator2Driver.callee$0$0$ (/usr/local/lib/node_modules/appium/node_modules/appium-android-driver/lib/commands/find.js:75:11)
&amp#27;[35m[MJSONWP]&amp#27;[39m     at tryCatch (/usr/local/lib/node_modules/appium/node_modules/babel-runtime/regenerator/runtime.js:67:40)
&amp#27;[&amp#27;[335m[MJSONWP]5m&amp#27;[39m     [HTTP]&amp#27;[39at Genm &amp#27;[37mer<-- POST /wd/atorhubFunc/sesstionPrototion/6c033ype.i502-fd88-n4722-8b5b-9voke 2e9[as 19_i49d1nvoke] 6(/1/elementusr/local/l &amp#27;ib/node_[3mo9m&amp#27;dul[31es/apm5pium00/nod&amp#27;[39m &amp#27;[9e_mo0m2dules/4 msbabel -runtime/rege- 1nerator/runtim64&amp#27;[e.3js:931m
5:22)
&amp#27;[&amp#27;[35m[HTTP]35&amp#27;[m[M39mJS &amp#27;[90m&amp#27;[3ONWP]&amp#27;[399m     at Genem
ratorFunctionPrototype.prototype.(anonymous function) [as throw] (/usr/local/lib/node_modules/appium/node_modules/babel-runtime/regenerator/runtime.js:100:21)
&amp#27;[35m[MJSONWP]&amp#27;[39m     at GeneratorFunctionPrototype.invoke (/usr/local/lib/node_modules/appium/node_modules/babel-runtime/regenerator/runtime.js:136:37)
&amp#27;[35m[HTTP]&amp#27;[39m &amp#27;[37m-->&amp#27;[39m &amp#27;[37mPOST&amp#27;[39m &amp#27;[37m/wd/hub/session/6c033502-fd88-4722-8b5b-92e91949d161/element&amp#27;[39m
&amp#27;[35m[HTTP]&amp#27;[39m &amp#27;[90m{"using":"id","value":"com.Slack:id/next_button_url_entry"}&amp#27;[39m
[debug] &amp#27;[35m[W3C]&amp#27;[39m Calling AppiumDriver.findElement() with args: ["id","com.Slack:id/next_button_url_entry","6c033502-fd88-4722-8b5b-92e91949d161"]
[debug] &amp#27;[35m[BaseDriver]&amp#27;[39m Valid locator strategies for this request: xpath, id, class name, accessibility id, -android uiautomator
[debug] &amp#27;[35m[BaseDriver]&amp#27;[39m Waiting up to 0 ms for condition
[debug] &amp#27;[35m[JSONWP Proxy]&amp#27;[39m Matched '/element' to command name 'findElement'
[debug] &amp#27;[35m[JSONWP Proxy]&amp#27;[39m Proxying [POST /element] to [POST http://localhost:8201/wd/hub/session/5a27c767-9791-4751-872d-2ed612cd606d/element] with body: {"strategy":"id","selector":"com.Slack:id/next_button_url_entry","context":"","multiple":false}
[debug] &amp#27;[35m[MJSONWP]&amp#27;[39m Matched JSONWP error code 7 to NoSuchElementError
&amp#27;[35m[MJSONWP]&amp#27;[39m Encountered internal error running command: NoSuchElementError: An element could not be located on the page using the given search parameters.
&amp#27;[35m[MJSONWP]&amp#27;[39m     at AndroidUiautomator2Driver.callee$0$0$ (/usr/local/lib/node_modules/appium/node_modules/appium-android-driver/lib/commands/find.js:75:11)
&amp#27;[35m[MJSONWP]&amp#27;[39m     at tryCatch (/usr/local/lib/node&amp#27;[35_modulem[Hs/appium/node_TTP]&amp#27;[39m &amp#27;[37modules/m<bab-- el-POruST /wd/hub/sntiessme/rioegn/6c03enerator/r3502-fd8un8-time.j4722-8s:67:4b50)
b-&amp#27;[92e9194935md1[M61/JSONWelement &amp#27;[39P]&amp#27;[3m&amp#27;9m[3  1m   at 50Ge0&amp#27;[39m &amp#27;[90m29 ms - ne164&amp#27;[39m
r&amp#27;[atorFuncti35m[HTTP]&amp#27;onPr[3ot9motype.inv &amp#27;[9ok0m&amp#27;e [as[ 39m
_invoke] (/usr/local/lib/node_modules/appium/node_modules/babel-runtime/regenerator/runtime.js:315:22)
&amp#27;[35m[MJSONWP]&amp#27;[39m     at GeneratorFunctionPrototype.prototype.(anonymous function) [as throw] (/usr/local/lib/node_modules/appium/node_modules/babel-runtime/regenerator/runtime.js:100:21)
&amp#27;[35m[MJSONWP]&amp#27;[39m     at GeneratorFunctionPrototype.invoke (/usr/local/lib/node_modules/appium/node_modules/babel-runtime/regenerator/runtime.js:136:37)
&amp#27;[35m[HTTP]&amp#27;[39m &amp#27;[37m-->&amp#27;[39m &amp#27;[37mPOST&amp#27;[39m &amp#27;[37m/wd/hub/session/6c033502-fd88-4722-8b5b-92e91949d161/element&amp#27;[39m
&amp#27;[35m[HTTP]&amp#27;[39m &amp#27;[90m{"using":"id","value":"com.Slack:id/next_button_url_entry"}&amp#27;[39m
[debug] &amp#27;[35m[W3C]&amp#27;[39m Calling AppiumDriver.findElement() with args: ["id","com.Slack:id/next_button_url_entry","6c033502-fd88-4722-8b5b-92e91949d161"]
[debug] &amp#27;[35m[BaseDriver]&amp#27;[39m Valid locator strategies for this request: xpath, id, class name, accessibility id, -android uiautomator
[debug] &amp#27;[35m[BaseDriver]&amp#27;[39m Waiting up to 0 ms for condition
[debug] &amp#27;[35m[JSONWP Proxy]&amp#27;[39m Matched '/element' to command name 'findElement'
[debug] &amp#27;[35m[JSONWP Proxy]&amp#27;[39m Proxying [POST /element] to [POST http://localhost:8201/wd/hub/session/5a27c767-9791-4751-872d-2ed612cd606d/element] with body: {"strategy":"id","selector":"com.Slack:id/next_button_url_entry","context":"","multiple":false}
[debug] &amp#27;[35m[MJSONWP]&amp#27;[39m Matched JSONWP error code 7 to NoSuchElementError
&amp#27;[35m[MJSONWP]&amp#27;[39m Encountered internal error running command: NoSuchElementError: An element could not be located on the page using the given search parameters.
&amp#27;[35m[MJSONWP]&amp#27;[39m     at AndroidUiautomator2Driver.callee$0$0$ (/usr/local/lib/node_modules/appium/node_modules/appium-android-driver/lib/commands/find.js:75:11)
&amp#27;[35m[MJSONWP]&amp#27;[39m     at tryCatch (/usr/local/lib/node_modules/&amp#27;[35appium/m[HTnode_moduTP]&amp#27;[39mles/babel-runtime/ &amp#27;[reg37m<--ener POSTator //runtime.jswd/hub/session:67:/6c033502-fd4088-4)
722&amp#27;[35-8b5b-92e91949d161/m[MJSONWP]&amp#27;[39m     at GeneratorFunelement &amp#27;[39m&amp#27;[31m500&amp#27;[3ct9m &amp#27;[90m24 mios - 164&amp#27;[39m
nP&amp#27;[rototype.35m[HTinTP]&amp#27;[39vokem &amp#27;[ [as _inv90okem&amp#27;[39m
] (/usr/local/lib/node_modules/appium/node_modules/babel-runtime/regenerator/runtime.js:315:22)
&amp#27;[35m[MJSONWP]&amp#27;[39m     at GeneratorFunctionPrototype.prototype.(anonymous function) [as throw] (/usr/local/lib/node_modules/appium/node_modules/babel-runtime/regenerator/runtime.js:100:21)
&amp#27;[35m[MJSONWP]&amp#27;[39m     at GeneratorFunctionPrototype.invoke (/usr/local/lib/node_modules/appium/node_modules/babel-runtime/regenerator/runtime.js:136:37)
&amp#27;[35m[HTTP]&amp#27;[39m &amp#27;[37m-->&amp#27;[39m &amp#27;[37mPOST&amp#27;[39m &amp#27;[37m/wd/hub/session/6c033502-fd88-4722-8b5b-92e91949d161/element&amp#27;[39m
&amp#27;[35m[HTTP]&amp#27;[39m &amp#27;[90m{"using":"id","value":"com.Slack:id/next_button_url_entry"}&amp#27;[39m
[debug] &amp#27;[35m[W3C]&amp#27;[39m Calling AppiumDriver.findElement() with args: ["id","com.Slack:id/next_button_url_entry","6c033502-fd88-4722-8b5b-92e91949d161"]
[debug] &amp#27;[35m[BaseDriver]&amp#27;[39m Valid locator strategies for this request: xpath, id, class name, accessibility id, -android uiautomator
[debug] &amp#27;[35m[BaseDriver]&amp#27;[39m Waiting up to 0 ms for condition
[debug] &amp#27;[35m[JSONWP Proxy]&amp#27;[39m Matched '/element' to command name 'findElement'
[debug] &amp#27;[35m[JSONWP Proxy]&amp#27;[39m Proxying [POST /element] to [POST http://localhost:8201/wd/hub/session/5a27c767-9791-4751-872d-2ed612cd606d/element] with body: {"strategy":"id","selector":"com.Slack:id/next_button_url_entry","context":"","multiple":false}
[debug] &amp#27;[35m[MJSONWP]&amp#27;[39m Matched JSONWP error code 7 to NoSuchElementError
&amp#27;[35m[MJSONWP]&amp#27;[39m Encountered internal error running command: NoSuchElementError: An element could not be located on the page using the given search parameters.
&amp#27;[35m[MJSONWP]&amp#27;[39m     at AndroidUiautomator2Driver.callee$0$0$ (/usr/local/lib/node_m&amp#27;[35m[HodTTP]&amp#27;[39m &amp#27;[ules/a37m<-- POST /wd/hubppium/node_mo/session/6c033502-fd88-4722-8b5b-92e91949d161/element &amp#27;[dules/appium-android-dri3ver/lib/9m&amp#27;[31m500&amp#27;[39m &amp#27;[90m28 ms - 164&amp#27;[com39mands/m
find.js&amp#27;[3:75:5m[H11)
&amp#27;[35m[MJSTTP]ON&amp#27;[WP]&amp#27;[39m  39   am &amp#27;[9t tryCatch (/usr0/local/lm&amp#27;[39m
ib/node_modules/appium/node_modules/babel-runtime/regenerator/runtime.js:67:40)
&amp#27;[35m[MJSONWP]&amp#27;[39m     at GeneratorFunctionPrototype.invoke [as _invoke] (/usr/local/lib/node_modules/appium/node_modules/babel-runtime/regenerator/runtime.js:315:22)
&amp#27;[35m[MJSONWP]&amp#27;[39m     at GeneratorFunctionPrototype.prototype.(anonymous function) [as throw] (/usr/local/lib/node_modules/appium/node_modules/babel-runtime/regenerator/runtime.js:100:21)
&amp#27;[35m[MJSONWP]&amp#27;[39m     at GeneratorFunctionPrototype.invoke (/usr/local/lib/node_modules/appium/node_modules/babel-runtime/regenerator/runtime.js:136:37)
&amp#27;[35m[HTTP]&amp#27;[39m &amp#27;[37m-->&amp#27;[39m &amp#27;[37mPOST&amp#27;[39m &amp#27;[37m/wd/hub/session/6c033502-fd88-4722-8b5b-92e91949d161/element&amp#27;[39m
&amp#27;[35m[HTTP]&amp#27;[39m &amp#27;[90m{"using":"id","value":"com.Slack:id/next_button_url_entry"}&amp#27;[39m
[debug] &amp#27;[35m[W3C]&amp#27;[39m Calling AppiumDriver.findElement() with args: ["id","com.Slack:id/next_button_url_entry","6c033502-fd88-4722-8b5b-92e91949d161"]
[debug] &amp#27;[35m[BaseDriver]&amp#27;[39m Valid locator strategies for this request: xpath, id, class name, accessibility id, -android uiautomator
[debug] &amp#27;[35m[BaseDriver]&amp#27;[39m Waiting up to 0 ms for condition
[debug] &amp#27;[35m[JSONWP Proxy]&amp#27;[39m Matched '/element' to command name 'findElement'
[debug] &amp#27;[35m[JSONWP Proxy]&amp#27;[39m Proxying [POST /element] to [POST http://localhost:8201/wd/hub/session/5a27c767-9791-4751-872d-2ed612cd606d/element] with body: {"strategy":"id","selector":"com.Slack:id/next_button_url_entry","context":"","multiple":false}
[debug] &amp#27;[35m[MJSONWP]&amp#27;[39m Matched JSONWP error code 7 to NoSuchElementError
&amp#27;[35m[MJSONWP]&amp#27;[39m Encountered internal error running command: NoSuchElementError: An element could not be located on the page using the given search parameters.
&amp#27;[35m[MJSONWP]&amp#27;[39m     at AndroidUiautomator2Driver.callee$0$0$ (/usr/local/lib/node_modules/appium/no&amp#27;[de_35m[HTTPmodul]&amp#27;[39m &amp#27;[37m<-- POST /wd/hub/sessioes/n/6c03350appi2-fdum-android-d88-4722-8briver/lib/commands/find.js:75:11)
&amp#27;5b-92e91[3949d15m[M61JSON/element &amp#27;[39m&amp#27;[31m500&amp#27;[39m &amp#27;[90m29 ms - 164&amp#27;[39m
&amp#27;[35m[HTTPWP]&amp#27;[39m    ]&amp#27;[ at tryCatch (/usr/local/lib/nod39m &amp#27;[90m&amp#27;[39me_modules/appium/node_modules/babel-runtime/regen
erator/runtime.js:67:40)
&amp#27;[35m[MJSONWP]&amp#27;[39m     at GeneratorFunctionPrototype.invoke [as _invoke] (/usr/local/lib/node_modules/appium/node_modules/babel-runtime/regenerator/runtime.js:315:22)
&amp#27;[35m[MJSONWP]&amp#27;[39m     at GeneratorFunctionPrototype.prototype.(anonymous function) [as throw] (/usr/local/lib/node_modules/appium/node_modules/babel-runtime/regenerator/runtime.js:100:21)
&amp#27;[35m[MJSONWP]&amp#27;[39m     at GeneratorFunctionPrototype.invoke (/usr/local/lib/node_modules/appium/node_modules/babel-runtime/regenerator/runtime.js:136:37)
&amp#27;[35m[HTTP]&amp#27;[39m &amp#27;[37m-->&amp#27;[39m &amp#27;[37mPOST&amp#27;[39m &amp#27;[37m/wd/hub/session/6c033502-fd88-4722-8b5b-92e91949d161/element&amp#27;[39m
&amp#27;[35m[HTTP]&amp#27;[39m &amp#27;[90m{"using":"id","value":"com.Slack:id/next_button_url_entry"}&amp#27;[39m
[debug] &amp#27;[35m[W3C]&amp#27;[39m Calling AppiumDriver.findElement() with args: ["id","com.Slack:id/next_button_url_entry","6c033502-fd88-4722-8b5b-92e91949d161"]
[debug] &amp#27;[35m[BaseDriver]&amp#27;[39m Valid locator strategies for this request: xpath, id, class name, accessibility id, -android uiautomator
[debug] &amp#27;[35m[BaseDriver]&amp#27;[39m Waiting up to 0 ms for condition
[debug] &amp#27;[35m[JSONWP Proxy]&amp#27;[39m Matched '/element' to command name 'findElement'
[debug] &amp#27;[35m[JSONWP Proxy]&amp#27;[39m Proxying [POST /element] to [POST http://localhost:8201/wd/hub/session/5a27c767-9791-4751-872d-2ed612cd606d/element] with body: {"strategy":"id","selector":"com.Slack:id/next_button_url_entry","context":"","multiple":false}
[debug] &amp#27;[35m[MJSONWP]&amp#27;[39m Matched JSONWP error code 7 to NoSuchElementError
&amp#27;[35m[MJSONWP]&amp#27;[39m Encountered internal error running command: NoSuchElementError: An element could not be located on the page using the given search parameters.
&amp#27;[35m[MJSONWP]&amp#27;[39m     at AndroidUiautomator2Driver.callee$0$0$ (/usr/local/lib/node_modules/appium/node_modules/appium-android-driver/lib/commands/find.js:75:11)
&amp#27;[35m[H&amp#27;[35m[MJSONWP]&amp#27;TTP][39m     at tr&amp#27;[3yCatch (/9m &amp#27;[3us7m<-- POr/ST /local/lib/node_modwd/huules/apb/spieum/node_modulesss/babel-runtiion/6c033me/r502ege-fd88-4722-8b5bner-92e91949d1at61/elemeor/runtime.js:67:4nt &amp#27;[30)
9m&amp#27;[31m500&amp#27;&amp#27;[3[39m &amp#27;5m[MJSON[90m26 msWP -]&amp#27;[39m    1  at GeneratorFunctionPrototy64&amp#27;[39m
p&amp#27;[3e.invoke [as _invoke] (/usr/5mloca[HTTP]&amp#27;[39m &amp#27;l/lib/[90m&amp#27;[39mno
de_modules/appium/node_modules/babel-runtime/regenerator/runtime.js:315:22)
&amp#27;[35m[MJSONWP]&amp#27;[39m     at GeneratorFunctionPrototype.prototype.(anonymous function) [as throw] (/usr/local/lib/node_modules/appium/node_modules/babel-runtime/regenerator/runtime.js:100:21)
&amp#27;[35m[MJSONWP]&amp#27;[39m     at GeneratorFunctionPrototype.invoke (/usr/local/lib/node_modules/appium/node_modules/babel-runtime/regenerator/runtime.js:136:37)
&amp#27;[35m[HTTP]&amp#27;[39m &amp#27;[37m-->&amp#27;[39m &amp#27;[37mPOST&amp#27;[39m &amp#27;[37m/wd/hub/session/6c033502-fd88-4722-8b5b-92e91949d161/element&amp#27;[39m
&amp#27;[35m[HTTP]&amp#27;[39m &amp#27;[90m{"using":"id","value":"com.Slack:id/next_button_url_entry"}&amp#27;[39m
[debug] &amp#27;[35m[W3C]&amp#27;[39m Calling AppiumDriver.findElement() with args: ["id","com.Slack:id/next_button_url_entry","6c033502-fd88-4722-8b5b-92e91949d161"]
[debug] &amp#27;[35m[BaseDriver]&amp#27;[39m Valid locator strategies for this request: xpath, id, class name, accessibility id, -android uiautomator
[debug] &amp#27;[35m[BaseDriver]&amp#27;[39m Waiting up to 0 ms for condition
[debug] &amp#27;[35m[JSONWP Proxy]&amp#27;[39m Matched '/element' to command name 'findElement'
[debug] &amp#27;[35m[JSONWP Proxy]&amp#27;[39m Proxying [POST /element] to [POST http://localhost:8201/wd/hub/session/5a27c767-9791-4751-872d-2ed612cd606d/element] with body: {"strategy":"id","selector":"com.Slack:id/next_button_url_entry","context":"","multiple":false}
[debug] &amp#27;[35m[MJSONWP]&amp#27;[39m Matched JSONWP error code 7 to NoSuchElementError
&amp#27;[35m[MJSONWP]&amp#27;[39m Encountered internal error running command: NoSuchElementError: An element could not be located on the page using the given search parameters.
&amp#27;[35m[MJSONWP]&amp#27;[39m     at AndroidUiautomator2Driver.callee$0$0$ (/usr/local/lib/node_m&amp#27;odul[35es/appium/nodm[He_modulTes/appiTP]&amp#27;um-an[39m &amp#27;[37m<-droi- POd-STdr /wd/hubiver/session/6c0/lib335/comman02-fds/findd88.js:7-4722-8b5b-92e91949d165:11)
1/elem&amp#27;[35m[MJSeONWP]&amp#27;[39m     ant &amp#27;[39t trm&amp#27;[3yCat1m500&amp#27;[39m &amp#27;ch (/[9usr/0mlocal/lib/28 ms -node_modules/appium/node_modules/ 164&amp#27;[3ba9m
be&amp#27;[l-ru35ntm[HTTP]&amp#27;[39m &amp#27;[90m&amp#27;[ime/r39megenerat
or/runtime.js:67:40)
&amp#27;[35m[MJSONWP]&amp#27;[39m     at GeneratorFunctionPrototype.invoke [as _invoke] (/usr/local/lib/node_modules/appium/node_modules/babel-runtime/regenerator/runtime.js:315:22)
&amp#27;[35m[MJSONWP]&amp#27;[39m     at GeneratorFunctionPrototype.prototype.(anonymous function) [as throw] (/usr/local/lib/node_modules/appium/node_modules/babel-runtime/regenerator/runtime.js:100:21)
&amp#27;[35m[MJSONWP]&amp#27;[39m     at GeneratorFunctionPrototype.invoke (/usr/local/lib/node_modules/appium/node_modules/babel-runtime/regenerator/runtime.js:136:37)
&amp#27;[35m[HTTP]&amp#27;[39m &amp#27;[37m-->&amp#27;[39m &amp#27;[37mPOST&amp#27;[39m &amp#27;[37m/wd/hub/session/6c033502-fd88-4722-8b5b-92e91949d161/element&amp#27;[39m
&amp#27;[35m[HTTP]&amp#27;[39m &amp#27;[90m{"using":"id","value":"com.Slack:id/next_button_url_entry"}&amp#27;[39m
[debug] &amp#27;[35m[W3C]&amp#27;[39m Calling AppiumDriver.findElement() with args: ["id","com.Slack:id/next_button_url_entry","6c033502-fd88-4722-8b5b-92e91949d161"]
[debug] &amp#27;[35m[BaseDriver]&amp#27;[39m Valid locator strategies for this request: xpath, id, class name, accessibility id, -android uiautomator
[debug] &amp#27;[35m[BaseDriver]&amp#27;[39m Waiting up to 0 ms for condition
[debug] &amp#27;[35m[JSONWP Proxy]&amp#27;[39m Matched '/element' to command name 'findElement'
[debug] &amp#27;[35m[JSONWP Proxy]&amp#27;[39m Proxying [POST /element] to [POST http://localhost:8201/wd/hub/session/5a27c767-9791-4751-872d-2ed612cd606d/element] with body: {"strategy":"id","selector":"com.Slack:id/next_button_url_entry","context":"","multiple":false}
[debug] &amp#27;[35m[MJSONWP]&amp#27;[39m Matched JSONWP error code 7 to NoSuchElementError
&amp#27;[35m[MJSONWP]&amp#27;[39m Encountered internal error running command: NoSuchElementError: An element could not be located on the page using the given search parameters.
&amp#27;[35m[MJSONWP]&amp#27;[39m     at AndroidUiautomator2Driver.callee$0$0$ (/usr/local/lib/node_modules/appium/node_modules/appium-android-dr&amp#27;[35iver/lib/cm[HommaTTPnds/f]&amp#27;ind.[3js9m &amp#27;[:37m<-- POST /wd/hub/session/75:11)
&amp#27;[36c035m[MJSONWP]&amp#27;[393502-m     at tfd88-4ryCatch (/usr/local/lib/no722-de_modules/appium/nod8b5b-92e91949d161/element e&amp#27;[39m&amp#27;[31m500&amp#27;[39m &amp#27;[90m2_modules/bab9 ms el-runtime/regenerator- /run164&amp#27;[39m
&amp#27;[35m[HTTP]&amp#27;[39m &amp#27;[90m&amp#27;[39m
time.js:67:40)
&amp#27;[35m[MJSONWP]&amp#27;[39m     at GeneratorFunctionPrototype.invoke [as _invoke] (/usr/local/lib/node_modules/appium/node_modules/babel-runtime/regenerator/runtime.js:315:22)
&amp#27;[35m[MJSONWP]&amp#27;[39m     at GeneratorFunctionPrototype.prototype.(anonymous function) [as throw] (/usr/local/lib/node_modules/appium/node_modules/babel-runtime/regenerator/runtime.js:100:21)
&amp#27;[35m[MJSONWP]&amp#27;[39m     at GeneratorFunctionPrototype.invoke (/usr/local/lib/node_modules/appium/node_modules/babel-runtime/rege&amp#27;[nerator/runt35m[HTTPim]&amp#27;[39e.js:m &amp#27;[37m--136:37)
>&amp#27;[39m &amp#27;[37mPOST&amp#27;[39m &amp#27;[37m/wd/hub/session/6c033502-fd88-4722-8b5b-92e91949d161/element&amp#27;[39m
&amp#27;[35m[HTTP]&amp#27;[39m &amp#27;[90m{"using":"id","value":"com.Slack:id/next_button_url_entry"}&amp#27;[39m
[debug] &amp#27;[35m[W3C]&amp#27;[39m Calling AppiumDriver.findElement() with args: ["id","com.Slack:id/next_button_url_entry","6c033502-fd88-4722-8b5b-92e91949d161"]
[debug] &amp#27;[35m[BaseDriver]&amp#27;[39m Valid locator strategies for this request: xpath, id, class name, accessibility id, -android uiautomator
[debug] &amp#27;[35m[BaseDriver]&amp#27;[39m Waiting up to 0 ms for condition
[debug] &amp#27;[35m[JSONWP Proxy]&amp#27;[39m Matched '/element' to command name 'findElement'
[debug] &amp#27;[35m[JSONWP Proxy]&amp#27;[39m Proxying [POST /element] to [POST http://localhost:8201/wd/hub/session/5a27c767-9791-4751-872d-2ed612cd606d/element] with body: {"strategy":"id","selector":"com.Slack:id/next_button_url_entry","context":"","multiple":false}
[debug] &amp#27;[35m[MJSONWP]&amp#27;[39m Matched JSONWP error code 7 to NoSuchElementError
&amp#27;[35m[MJSONWP]&amp#27;[39m Encountered internal error running command: NoSuchElementError: An element could not be located on the page using the given search parameters.
&amp#27;[35m[MJSONWP]&amp#27;[39m     at AndroidUiautomator2Driver.callee$0$0$ (/usr/local/lib/node_modules/appium/node_modules/appium-android-driver/lib/commands/find.js:75:11)
&amp#27;[35m[MJSONWP]&amp#27;[39m     at tryCatch (/u&amp#27;[35msr/local/l[ibHTTP]/node_mod&amp#27;[39m ules/app&amp#27;[iu37m<m/node-- P_moduOSles/babel-runtimT /wd/hub/e/regenesessrator/runtimion/6ce.033502-fd8js:68-4722-8b5b-92e917:4940)
&amp#27;[35m[MJSONWP]&amp#27;[39m9d161/element &amp#27;[39m&amp#27;[3   1m500  at G&amp#27;[39m en&amp#27;[90m2era5 ms - 16torFunctionPro4&amp#27;totype[39m.invok
e&amp#27;[35m[HTTP]&amp#27; [as [3_i9m &amp#27;nvoke] (/usr[90m/l&amp#27;[39m
ocal/lib/node_modules/appium/node_modules/babel-runtime/regenerator/runtime.js:315:22)
&amp#27;[35m[MJSONWP]&amp#27;[39m     at GeneratorFunctionPrototype.prototype.(anonymous function) [as throw] (/usr/local/lib/node_modules/appium/node_modules/babel-runtime/regenerator/runtime.js:100:21)
&amp#27;[35m[MJSONWP]&amp#27;[39m     at GeneratorFunctionPrototype.invoke (/usr/local/lib/node_modules/appium/node_modules/babel-runtime/regenerator/runtime.js:136:37)
&amp#27;[35m[HTTP]&amp#27;[39m &amp#27;[37m-->&amp#27;[39m &amp#27;[37mPOST&amp#27;[39m &amp#27;[37m/wd/hub/session/6c033502-fd88-4722-8b5b-92e91949d161/element&amp#27;[39m
&amp#27;[35m[HTTP]&amp#27;[39m &amp#27;[90m{"using":"id","value":"com.Slack:id/next_button_url_entry"}&amp#27;[39m
[debug] &amp#27;[35m[W3C]&amp#27;[39m Calling AppiumDriver.findElement() with args: ["id","com.Slack:id/next_button_url_entry","6c033502-fd88-4722-8b5b-92e91949d161"]
[debug] &amp#27;[35m[BaseDriver]&amp#27;[39m Valid locator strategies for this request: xpath, id, class name, accessibility id, -android uiautomator
[debug] &amp#27;[35m[BaseDriver]&amp#27;[39m Waiting up to 0 ms for condition
[debug] &amp#27;[35m[JSONWP Proxy]&amp#27;[39m Matched '/element' to command name 'findElement'
[debug] &amp#27;[35m[JSONWP Proxy]&amp#27;[39m Proxying [POST /element] to [POST http://localhost:8201/wd/hub/session/5a27c767-9791-4751-872d-2ed612cd606d/element] with body: {"strategy":"id","selector":"com.Slack:id/next_button_url_entry","context":"","multiple":false}
[debug] &amp#27;[35m[MJSONWP]&amp#27;[39m Matched JSONWP error code 7 to NoSuchElementError
&amp#27;[35m[MJSONWP]&amp#27;[39m Encountered internal error running command: NoSuchElementError: An element could not be located on the page using the given search parameters.
&amp#27;[35m[MJSONWP]&amp#27;[39m     at AndroidUiautomator2Driver.callee$0$0$ (/usr/local/lib/node_modules/appium/&amp#27;[35m[Hnode_TmoTP]&amp#27;[39m &amp#27;[3dules/appium-android-driver/lib/commands/f7mind.js:75:11)
&amp#27;[35m[M<-- POST /wd/hubJS/session/6cONWP03]&amp#27;[3359m     02-fd88-47at tryCatch (22/usr/loca-8l/lib/node_mob5b-92dules/appium/node_modules/babel-runtime/re919egenerator/r49d161/eunlement &amp#27;[tim39m&amp#27;[3e.js1m500&amp#27;[39:6m 7:40)
&amp#27;[90m23 ms &amp#27;[35m[MJSONWP- 164&amp#27;[39]&amp#27;[3m
9m     &amp#27;[35m[HTTP]&amp#27;[3at Genera9torFunctionProtm &amp#27;[90m&amp#27;[39m
otype.invoke [as _invoke] (/usr/local/lib/node_modules/appium/node_modules/babel-runtime/regenerator/runtime.js:315:22)
&amp#27;[35m[MJSONWP]&amp#27;[39m     at GeneratorFunctionPrototype.prototype.(anonymous function) [as throw] (/usr/local/lib/node_modules/appium/node_modules/babel-runtime/regenerator/runtime.js:100:21)
&amp#27;[35m[MJSONWP]&amp#27;[39m     at GeneratorFunctionPrototype.invoke (/usr/local/lib/node_modules/appium/node_modules/babel-runtime/regenerator/runtime.js:136:37)
&amp#27;[35m[HTTP]&amp#27;[39m &amp#27;[37m-->&amp#27;[39m &amp#27;[37mPOST&amp#27;[39m &amp#27;[37m/wd/hub/session/6c033502-fd88-4722-8b5b-92e91949d161/element&amp#27;[39m
&amp#27;[35m[HTTP]&amp#27;[39m &amp#27;[90m{"using":"id","value":"com.Slack:id/next_button_url_entry"}&amp#27;[39m
[debug] &amp#27;[35m[W3C]&amp#27;[39m Calling AppiumDriver.findElement() with args: ["id","com.Slack:id/next_button_url_entry","6c033502-fd88-4722-8b5b-92e91949d161"]
[debug] &amp#27;[35m[BaseDriver]&amp#27;[39m Valid locator strategies for this request: xpath, id, class name, accessibility id, -android uiautomator
[debug] &amp#27;[35m[BaseDriver]&amp#27;[39m Waiting up to 0 ms for condition
[debug] &amp#27;[35m[JSONWP Proxy]&amp#27;[39m Matched '/element' to command name 'findElement'
[debug] &amp#27;[35m[JSONWP Proxy]&amp#27;[39m Proxying [POST /element] to [POST http://localhost:8201/wd/hub/session/5a27c767-9791-4751-872d-2ed612cd606d/element] with body: {"strategy":"id","selector":"com.Slack:id/next_button_url_entry","context":"","multiple":false}
[debug] &amp#27;[35m[MJSONWP]&amp#27;[39m Matched JSONWP error code 7 to NoSuchElementError
&amp#27;[35m[MJSONWP]&amp#27;[39m Encountered internal error running command: NoSuchElementError: An element could not be located on the page using the given search parameters.
&amp#27;[35m[MJSONWP]&amp#27;[39m     at AndroidUiautomator2Driver.callee$0$0$ (/usr/local/lib/node_modules/appium/node_modules/appium-android-driv&amp#27;[35m[HerTT/lib/cP]&amp#27;[ommands/find.js:7539:11)
&amp#27;[35m[MJSONWm &amp#27;P]&amp#27;[[37m<-- POST /wd/hub/session/6c0339m     at350 tr2-yCfd88-4atch (/722-8b5busr/lo-92e9cal/lib/n1949d16od1/e_moduleelemens/at &amp#27;ppium[39m&amp#27;/n[3ode_module1m5s/00&amp#27;[3babel-r9m &amp#27;[untime/re90mge21 msner - ator/run164&amp#27;[time.js:639m
7:40)
&amp#27;[35m[MJSONWP]&amp#27;[39m     at GeneratorFunctionPrototype.invoke [as _invoke] (/usr/local/lib/node_modules/appium/node_modules/babel-runtime/regenerator/runtime.js:315:22)
&amp#27;[35m[MJSONWP]&amp#27;[39m     at GeneratorFunctionPrototype.prototype.(anonymous function) [as throw] (/usr/local/lib/node_modules/appium/node_modules&amp#27;[/babel-35m[HTTP]&amp#27;[run39mtime/r &amp#27;[egenerat90or/runtime.m&amp#27;js[3:19m
00:21)
&amp#27;[35m[MJSONWP]&amp#27;[39m     at GeneratorFunctionPrototype.invoke (/usr/local/lib/node_modules/appium/node_modules/babel-runtime/regenerator/runtime.js:136:37)
&amp#27;[35m[HTTP]&amp#27;[39m &amp#27;[37m-->&amp#27;[39m &amp#27;[37mPOST&amp#27;[39m &amp#27;[37m/wd/hub/session/6c033502-fd88-4722-8b5b-92e91949d161/element&amp#27;[39m
&amp#27;[35m[HTTP]&amp#27;[39m &amp#27;[90m{"using":"id","value":"com.Slack:id/next_button_url_entry"}&amp#27;[39m
[debug] &amp#27;[35m[W3C]&amp#27;[39m Calling AppiumDriver.findElement() with args: ["id","com.Slack:id/next_button_url_entry","6c033502-fd88-4722-8b5b-92e91949d161"]
[debug] &amp#27;[35m[BaseDriver]&amp#27;[39m Valid locator strategies for this request: xpath, id, class name, accessibility id, -android uiautomator
[debug] &amp#27;[35m[BaseDriver]&amp#27;[39m Waiting up to 0 ms for condition
[debug] &amp#27;[35m[JSONWP Proxy]&amp#27;[39m Matched '/element' to command name 'findElement'
[debug] &amp#27;[35m[JSONWP Proxy]&amp#27;[39m Proxying [POST /element] to [POST http://localhost:8201/wd/hub/session/5a27c767-9791-4751-872d-2ed612cd606d/element] with body: {"strategy":"id","selector":"com.Slack:id/next_button_url_entry","context":"","multiple":false}
[debug] &amp#27;[35m[MJSONWP]&amp#27;[39m Matched JSONWP error code 7 to NoSuchElementError
&amp#27;[35m[MJSONWP]&amp#27;[39m Encountered internal error running command: NoSuchElementError: An element could not be located on the page using the given search parameters.
&amp#27;[35m[MJSONWP]&amp#27;[39m     at AndroidUiautomator2Driver.callee$0$0$ (/usr/local/lib/node_modules/appium/node_modules/appium-and&amp#27;[roid-35m[HdrTTiverP]&amp#27;/l[3ib/commands/f9m &amp#27;[37m<-- PinOST /wd/hud.b/js:75:se11)
&amp#27;[3ssion/5m[MJSONW6c0P]&amp#27;[39m   33  at tryCatch (/usr/local/li502-fd8b/no8-de47_22-8bmodu5b-9les2e/app9194ium/nod9de_modules/babel-ru16nt1/elemime/regeent &amp#27;[39m&amp#27;[3ne1m500&amp#27;ra[39mtor &amp#27;[90m25/runtime.js:6 ms - 164&amp#27;[39m
7&amp#27;[35m[HT:40)
&amp#27;[35m[MJSOTP]&amp#27;[39m &amp#27;[9N0mWP&amp#27;[]&amp#27;[339m
9m     at GeneratorFunctionPrototype.invoke [as _invoke] (/usr/local/lib/node_modules/appium/node_modules/babel-runtime/regenerator/runtime.js:315:22)
&amp#27;[35m[MJSONWP]&amp#27;[39m     at GeneratorFunctionPrototype.prototype.(anonymous function) [as throw] (/usr/local/lib/node_modules/appium/node_modules/babel-runtime/regenerator/runtime.js:100:21)
&amp#27;[35m[MJSONWP]&amp#27;[39m     at GeneratorFunctionPrototype.invoke (/usr/local/lib/node_modules/appium/node_modules/babel-runtime/regenerator/runtime.js:136:37)
&amp#27;[35m[HTTP]&amp#27;[39m &amp#27;[37m-->&amp#27;[39m &amp#27;[37mPOST&amp#27;[39m &amp#27;[37m/wd/hub/session/6c033502-fd88-4722-8b5b-92e91949d161/element&amp#27;[39m
&amp#27;[35m[HTTP]&amp#27;[39m &amp#27;[90m{"using":"id","value":"com.Slack:id/next_button_url_entry"}&amp#27;[39m
[debug] &amp#27;[35m[W3C]&amp#27;[39m Calling AppiumDriver.findElement() with args: ["id","com.Slack:id/next_button_url_entry","6c033502-fd88-4722-8b5b-92e91949d161"]
[debug] &amp#27;[35m[BaseDriver]&amp#27;[39m Valid locator strategies for this request: xpath, id, class name, accessibility id, -android uiautomator
[debug] &amp#27;[35m[BaseDriver]&amp#27;[39m Waiting up to 0 ms for condition
[debug] &amp#27;[35m[JSONWP Proxy]&amp#27;[39m Matched '/element' to command name 'findElement'
[debug] &amp#27;[35m[JSONWP Proxy]&amp#27;[39m Proxying [POST /element] to [POST http://localhost:8201/wd/hub/session/5a27c767-9791-4751-872d-2ed612cd606d/element] with body: {"strategy":"id","selector":"com.Slack:id/next_button_url_entry","context":"","multiple":false}
[debug] &amp#27;[35m[MJSONWP]&amp#27;[39m Matched JSONWP error code 7 to NoSuchElementError
&amp#27;[35m[MJSONWP]&amp#27;[39m Encountered internal error running command: NoSuchElementError: An element could not be located on the page using the given search parameters.
&amp#27;[35m[MJSONWP]&amp#27;[39m     at AndroidUiautomator2Driver.callee$0$0$ (/usr/local/lib/node_modules/appium/node_modules/appium-android-driver/lib/command&amp#27;s/find.js:75:11)
&amp#27;[35m[MJSONWP]&amp#27;[39m   [3  at tryCatch (/usr/local/lib/5m[HTTnode_modulP]&amp#27;[39m &amp#27;e[37ms/ap<-pium/no- de_moPOST dules/babe/wd/hub/l-runtime/session/6c033502-regfd88-4722-8enerator/b5b-92eruntime91949d161/element &amp#27;[39m&amp#27;[31m500&amp#27;[39m &amp#27;[90m2.js:6 ms 67- :40)16
&amp#27;[35m[MJSONWP]&amp#27;[39m     at Generato4&amp#27;rFu[3n9ctim
on&amp#27;[3Prototype.in5m[HTTP]&amp#27;[voke [as _39m &amp#27;[90m&amp#27;[39m
invoke] (/usr/local/lib/node_modules/appium/node_modules/babel-runtime/regenerator/runtime.js:315:22)
&amp#27;[35m[MJSONWP]&amp#27;[39m     at GeneratorFunctionPrototype.prototype.(anonymous function) [as throw] (/usr/local/lib/node_modules/appium/node_modules/babel-runtime/regenerator/runtime.js:100:21)
&amp#27;[35m[MJSONWP]&amp#27;[39m     at GeneratorFunctionPrototype.invoke (/usr/local/lib/node_modules/appium/node_modules/babel-runtime/regenerator/runtime.js:136:37)
&amp#27;[35m[HTTP]&amp#27;[39m &amp#27;[37m-->&amp#27;[39m &amp#27;[37mPOST&amp#27;[39m &amp#27;[37m/wd/hub/session/6c033502-fd88-4722-8b5b-92e91949d161/element&amp#27;[39m
&amp#27;[35m[HTTP]&amp#27;[39m &amp#27;[90m{"using":"id","value":"com.Slack:id/next_button_url_entry"}&amp#27;[39m
[debug] &amp#27;[35m[W3C]&amp#27;[39m Calling AppiumDriver.findElement() with args: ["id","com.Slack:id/next_button_url_entry","6c033502-fd88-4722-8b5b-92e91949d161"]
[debug] &amp#27;[35m[BaseDriver]&amp#27;[39m Valid locator strategies for this request: xpath, id, class name, accessibility id, -android uiautomator
[debug] &amp#27;[35m[BaseDriver]&amp#27;[39m Waiting up to 0 ms for condition
[debug] &amp#27;[35m[JSONWP Proxy]&amp#27;[39m Matched '/element' to command name 'findElement'
[debug] &amp#27;[35m[JSONWP Proxy]&amp#27;[39m Proxying [POST /element] to [POST http://localhost:8201/wd/hub/session/5a27c767-9791-4751-872d-2ed612cd606d/element] with body: {"strategy":"id","selector":"com.Slack:id/next_button_url_entry","context":"","multiple":false}
[debug] &amp#27;[35m[MJSONWP]&amp#27;[39m Matched JSONWP error code 7 to NoSuchElementError
&amp#27;[35m[MJSONWP]&amp#27;[39m Encountered internal error running command: NoSuchElementError: An element could not be located on the page using the given search parameters.
&amp#27;[35m[MJSONWP]&amp#27;[39m     at AndroidUiautomator2Driver.callee$0$0$ (/usr/local/lib&amp#27;[/node_35m[HTTP]&amp#27;[modul39m &amp#27;[37m<-- POST /wd/hues/appium/b/sessnoion/6dec0_m33502-fdodules/ap88-pi4722um-a-ndr8boid-d5b-92rive9er194/li9d16b/commands1/elemen/ft &amp#27;[39m&amp#27;[3ind.js:1m5075:11)0&amp#27;[39m &amp#27;[90m24 ms - 164&amp#27;[39m
&amp#27;[
35m&amp#27;[[MJS35m[HTONWP]&amp#27;[39m     at tryTP]Ca&amp#27;[tch (/us39m &amp#27;[90m&amp#27;[39m
r/local/lib/node_modules/appium/node_modules/babel-runtime/regenerator/runtime.js:67:40)
&amp#27;[35m[MJSONWP]&amp#27;[39m     at GeneratorFunctionPrototype.invoke [as _invoke] (/usr/local/lib/node_modules/appium/node_modules/babel-runtime/regenerator/runtime.js:315:22)
&amp#27;[35m[MJSONWP]&amp#27;[39m     at GeneratorFunctionPrototype.prototype.(anonymous function) [as throw] (/usr/local/lib/node_modules/appium/node_modules/babel-runtime/regenerator/runtime.js:100:21)
&amp#27;[35m[MJSONWP]&amp#27;[39m     at GeneratorFunctionPrototype.invoke (/usr/local/lib/node_modules/appium/node_modules/babel-runtime/regenerator/runtime.js:136:37)
&amp#27;[35m[HTTP]&amp#27;[39m &amp#27;[37m-->&amp#27;[39m &amp#27;[37mPOST&amp#27;[39m &amp#27;[37m/wd/hub/session/6c033502-fd88-4722-8b5b-92e91949d161/element&amp#27;[39m
&amp#27;[35m[HTTP]&amp#27;[39m &amp#27;[90m{"using":"id","value":"com.Slack:id/next_button_url_entry"}&amp#27;[39m
[debug] &amp#27;[35m[W3C]&amp#27;[39m Calling AppiumDriver.findElement() with args: ["id","com.Slack:id/next_button_url_entry","6c033502-fd88-4722-8b5b-92e91949d161"]
[debug] &amp#27;[35m[BaseDriver]&amp#27;[39m Valid locator strategies for this request: xpath, id, class name, accessibility id, -android uiautomator
[debug] &amp#27;[35m[BaseDriver]&amp#27;[39m Waiting up to 0 ms for condition
[debug] &amp#27;[35m[JSONWP Proxy]&amp#27;[39m Matched '/element' to command name 'findElement'
[debug] &amp#27;[35m[JSONWP Proxy]&amp#27;[39m Proxying [POST /element] to [POST http://localhost:8201/wd/hub/session/5a27c767-9791-4751-872d-2ed612cd606d/element] with body: {"strategy":"id","selector":"com.Slack:id/next_button_url_entry","context":"","multiple":false}
[debug] &amp#27;[35m[MJSONWP]&amp#27;[39m Matched JSONWP error code 7 to NoSuchElementError
&amp#27;[35m[MJSONWP]&amp#27;[39m Encountered internal error running command: NoSuchElementError: An element could not be located on the page using the given search parameters.
&amp#27;[35m[MJSONWP]&amp#27;[39m     at AndroidUiautomat&amp#27;[35m[orHTTP]&amp#27;[39m &amp#27;[37m<-- POST /wd/hub/session/6c03352Driver02-f.callee$0$0$ (/usr/local/lib/node_modules/appium/nodd88-4722e_modul-8bes/appium-android-driver/lib/com5b-92e91949mand161ds/fin/ed.jlement &amp#27;[39m&amp#27;[31s:m57500&amp#27;[3:11)
&amp#27;[9m &amp#27;35m[MJSO[90m23 ms - 164&amp#27;[39mNWP]&amp#27;[39
m&amp#27;[  35m[HTT   atP]&amp#27;[39m &amp#27;[90m&amp#27;[39m
 tryCatch (/usr/local/lib/node_modules/appium/node_modules/babel-runtime/regenerator/runtime.js:67:40)
&amp#27;[35m[MJSONWP]&amp#27;[39m     at GeneratorFunctionPrototype.invoke [as _invoke] (/usr/local/lib/node_modules/appium/node_modules/babel-runtime/regenerator/runtime.js:315:22)
&amp#27;[35m[MJSONWP]&amp#27;[39m     at GeneratorFunctionPrototype.prototype.(anonymous function) [as throw] (/usr/local/lib/node_modules/appium/node_modules/babel-runtime/regenerator/runtime.js:100:21)
&amp#27;[35m[MJSONWP]&amp#27;[39m     at GeneratorFunctionPrototype.invoke (/usr/local/lib/node_modules/appium/node_modules/babel-runtime/regenerator/runtime.js:136:37)
&amp#27;[35m[HTTP]&amp#27;[39m &amp#27;[37m-->&amp#27;[39m &amp#27;[37mPOST&amp#27;[39m &amp#27;[37m/wd/hub/session/6c033502-fd88-4722-8b5b-92e91949d161/element&amp#27;[39m
&amp#27;[35m[HTTP]&amp#27;[39m &amp#27;[90m{"using":"id","value":"com.Slack:id/next_button_url_entry"}&amp#27;[39m
[debug] &amp#27;[35m[W3C]&amp#27;[39m Calling AppiumDriver.findElement() with args: ["id","com.Slack:id/next_button_url_entry","6c033502-fd88-4722-8b5b-92e91949d161"]
[debug] &amp#27;[35m[BaseDriver]&amp#27;[39m Valid locator strategies for this request: xpath, id, class name, accessibility id, -android uiautomator
[debug] &amp#27;[35m[BaseDriver]&amp#27;[39m Waiting up to 0 ms for condition
[debug] &amp#27;[35m[JSONWP Proxy]&amp#27;[39m Matched '/element' to command name 'findElement'
[debug] &amp#27;[35m[JSONWP Proxy]&amp#27;[39m Proxying [POST /element] to [POST http://localhost:8201/wd/hub/session/5a27c767-9791-4751-872d-2ed612cd606d/element] with body: {"strategy":"id","selector":"com.Slack:id/next_button_url_entry","context":"","multiple":false}
[debug] &amp#27;[35m[MJSONWP]&amp#27;[39m Matched JSONWP error code 7 to NoSuchElementError
&amp#27;[35m[MJSONWP]&amp#27;[39m Encountered internal error running command: NoSuchElementError: An element could not be located on the page using the given search parameters.
&amp#27;[35m[MJSONWP]&amp#27;[39m     at AndroidUiautomator2Driver.callee$0$0$ (/usr/local/lib/node_modul&amp#27;es/a[3ppiu5m[HTm/node_modulTP]&amp#27;[39mes/appium &amp#27;[37m-android-driv<-- POST /wd/hub/er/lib/commseanssds/find.js:75i:1on/61)
&amp#27;[c03350352-m[fd88-MJ4722SONWP]&amp#27;[3-8b5b-92e9199m 49    at d161/element &amp#27;[3tryCatch9m&amp#27;[3 (1m500/&amp#27;[3usr/l9m &amp#27;[90moc26 ms - 164&amp#27;[39mal/lib/
&amp#27;[35m[HTTP]&amp#27;[node_modules/appium/node_modul39m &amp#27;[es/babel-runt90m&amp#27;[39m
ime/regenerator/runtime.js:67:40)
&amp#27;[35m[MJSONWP]&amp#27;[39m     at GeneratorFunctionPrototype.invoke [as _invoke] (/usr/local/lib/node_modules/appium/node_modules/babel-runtime/regenerator/runtime.js:315:22)
&amp#27;[35m[MJSONWP]&amp#27;[39m     at GeneratorFunctionPrototype.prototype.(anonymous function) [as throw] (/usr/local/lib/node_modules/appium/node_modules/babel-runtime/regenerator/runtime.js:100:21)
&amp#27;[35m[MJSONWP]&amp#27;[39m     at GeneratorFunctionPrototype.invoke (/usr/local/lib/node_modules/appium/node_modules/babel-runtime/regenerator/runtime.js:136:37)
&amp#27;[35m[HTTP]&amp#27;[39m &amp#27;[37m-->&amp#27;[39m &amp#27;[37mPOST&amp#27;[39m &amp#27;[37m/wd/hub/session/6c033502-fd88-4722-8b5b-92e91949d161/element&amp#27;[39m
&amp#27;[35m[HTTP]&amp#27;[39m &amp#27;[90m{"using":"id","value":"com.Slack:id/next_button_url_entry"}&amp#27;[39m
[debug] &amp#27;[35m[W3C]&amp#27;[39m Calling AppiumDriver.findElement() with args: ["id","com.Slack:id/next_button_url_entry","6c033502-fd88-4722-8b5b-92e91949d161"]
[debug] &amp#27;[35m[BaseDriver]&amp#27;[39m Valid locator strategies for this request: xpath, id, class name, accessibility id, -android uiautomator
[debug] &amp#27;[35m[BaseDriver]&amp#27;[39m Waiting up to 0 ms for condition
[debug] &amp#27;[35m[JSONWP Proxy]&amp#27;[39m Matched '/element' to command name 'findElement'
[debug] &amp#27;[35m[JSONWP Proxy]&amp#27;[39m Proxying [POST /element] to [POST http://localhost:8201/wd/hub/session/5a27c767-9791-4751-872d-2ed612cd606d/element] with body: {"strategy":"id","selector":"com.Slack:id/next_button_url_entry","context":"","multiple":false}
[debug] &amp#27;[35m[MJSONWP]&amp#27;[39m Matched JSONWP error code 7 to NoSuchElementError
&amp#27;[35m[MJSONWP]&amp#27;[39m Encountered internal error running command: NoSuchElementError: An element could not be located on the page using the given search parameters.
&amp#27;[35m[MJSONWP]&amp#27;[39m     at AndroidUiautomator2Driver.callee$0$0$ (/usr/local/lib/node_modules/appium/node_modules/appium-android-driver/lib/co&amp#27;[35m[Hmmands/fiTTP]&amp#27;[39m &amp#27;[37mnd.js:<-- POST /wd/hub/session/6c7503:11)
&amp#27;[353502m[-fdMJS88ONWP]&amp#27;-472[39m     at try2-8b5b-92eCa91949d161/eletcment &amp#27;[3h (/u9msr/loca&amp#27;[l/li31m50b/node_mo0&amp#27;dules/appium/[39m &amp#27;[9no0m21 ms de_modules/ba- bel-runtime164&amp#27;[39m
/regenera&amp#27;[3tor/ru5m[HTntimTP]e.&amp#27;[39jsm &amp#27;[90m&amp#27;[39m
:67:40)
&amp#27;[35m[MJSONWP]&amp#27;[39m     at GeneratorFunctionPrototype.invoke [as _invoke] (/usr/local/lib/node_modules/appium/node_modules/babel-runtime/regenerator/runtime.js:315:22)
&amp#27;[35m[MJSONWP]&amp#27;[39m     at GeneratorFunctionPrototype.prototype.(anonymous function) [as throw] (/usr/local/lib/node_modules/appium/node_modules/babel-runtime/regenerator/runtime.js:100:21)
&amp#27;[35m[MJSONWP]&amp#27;[39m     at GeneratorFunctionPrototype.invoke (/usr/local/lib/node_modules/appium/node_modules/babel-runtime/regenerator/runtime.js:136:37)
&amp#27;[35m[HTTP]&amp#27;[39m &amp#27;[37m-->&amp#27;[39m &amp#27;[37mPOST&amp#27;[39m &amp#27;[37m/wd/hub/session/6c033502-fd88-4722-8b5b-92e91949d161/element&amp#27;[39m
&amp#27;[35m[HTTP]&amp#27;[39m &amp#27;[90m{"using":"id","value":"com.Slack:id/next_button_url_entry"}&amp#27;[39m
[debug] &amp#27;[35m[W3C]&amp#27;[39m Calling AppiumDriver.findElement() with args: ["id","com.Slack:id/next_button_url_entry","6c033502-fd88-4722-8b5b-92e91949d161"]
[debug] &amp#27;[35m[BaseDriver]&amp#27;[39m Valid locator strategies for this request: xpath, id, class name, accessibility id, -android uiautomator
[debug] &amp#27;[35m[BaseDriver]&amp#27;[39m Waiting up to 0 ms for condition
[debug] &amp#27;[35m[JSONWP Proxy]&amp#27;[39m Matched '/element' to command name 'findElement'
[debug] &amp#27;[35m[JSONWP Proxy]&amp#27;[39m Proxying [POST /element] to [POST http://localhost:8201/wd/hub/session/5a27c767-9791-4751-872d-2ed612cd606d/element] with body: {"strategy":"id","selector":"com.Slack:id/next_button_url_entry","context":"","multiple":false}
[debug] &amp#27;[35m[MJSONWP]&amp#27;[39m Matched JSONWP error code 7 to NoSuchElementError
&amp#27;[35m[MJSONWP]&amp#27;[39m Encountered internal error running command: NoSuchElementError: An element could not be located on the page using the given search parameters.
&amp#27;[35m[MJSONWP]&amp#27;[39m     at AndroidUiautomator2Driver.callee$0$0$ (/usr/local/lib/node_modules/appium/node&amp#27;[3_modules/app5m[HTTium-android-dP]&amp#27;[39m &amp#27;rive[3r/lib7m/comman<-- Pds/finOSd.js:75T:11)
&amp#27;[35m[MJSONW /wP]&amp#27;[39m  d/hub/sess   at tryCion/6c033502-fdatch (/usr/loc88-4722-al8b5b-92e919/li49d16b/node_mo1/elduleement &amp#27;[39s/appm&amp#27;[3iu1m5m/00node&amp#27;[39m &amp#27;_m[90modules/bab25el-ru ms - 1nti64&amp#27;me[39m
/regenerat&amp#27;[or/runtim35m[e.js:6HTTP7:]&amp#27;40)
&amp#27;[3[39m 5m[MJSO&amp#27;[90NWP]&amp#27;[39m     at GeneratorFunctionPrototypem&amp#27;.invok[39e [as _invoke] (/m
usr/local/lib/node_modules/appium/node_modules/babel-runtime/regenerator/runtime.js:315:22)
&amp#27;[35m[MJSONWP]&amp#27;[39m     at GeneratorFunctionPrototype.prototype.(anonymous function) [as throw] (/usr/local/lib/node_modules/appium/node_modules/babel-runtime/regenerator/runtime.js:100:21)
&amp#27;[35m[MJSONWP]&amp#27;[39m     at GeneratorFunctionPrototype.invoke (/usr/local/lib/node_modules/appium/node_modules/babel-runtime/regenerator/runtime.js:136:37)
&amp#27;[35m[HTTP]&amp#27;[39m &amp#27;[37m-->&amp#27;[39m &amp#27;[37mPOST&amp#27;[39m &amp#27;[37m/wd/hub/session/6c033502-fd88-4722-8b5b-92e91949d161/element&amp#27;[39m
&amp#27;[35m[HTTP]&amp#27;[39m &amp#27;[90m{"using":"id","value":"com.Slack:id/next_button_url_entry"}&amp#27;[39m
[debug] &amp#27;[35m[W3C]&amp#27;[39m Calling AppiumDriver.findElement() with args: ["id","com.Slack:id/next_button_url_entry","6c033502-fd88-4722-8b5b-92e91949d161"]
[debug] &amp#27;[35m[BaseDriver]&amp#27;[39m Valid locator strategies for this request: xpath, id, class name, accessibility id, -android uiautomator
[debug] &amp#27;[35m[BaseDriver]&amp#27;[39m Waiting up to 0 ms for condition
[debug] &amp#27;[35m[JSONWP Proxy]&amp#27;[39m Matched '/element' to command name 'findElement'
[debug] &amp#27;[35m[JSONWP Proxy]&amp#27;[39m Proxying [POST /element] to [POST http://localhost:8201/wd/hub/session/5a27c767-9791-4751-872d-2ed612cd606d/element] with body: {"strategy":"id","selector":"com.Slack:id/next_button_url_entry","context":"","multiple":false}
[debug] &amp#27;[35m[MJSONWP]&amp#27;[39m Matched JSONWP error code 7 to NoSuchElementError
&amp#27;[35m[MJSONWP]&amp#27;[39m Encountered internal error running command: NoSuchElementError: An element could not be located on the page using the given search parameters.
&amp#27;[35m[MJSONWP]&amp#27;[39m     at AndroidUiautomator2Driver.callee$0$0$ (/usr/local/lib/node_modules/appium/node_modules&amp#27;[35m[HTTP]&amp#27;[3/appium-and9m &amp#27;[37m<-- POroiST /d-drivwd/huerb//lib/commandses/ssiofindn/6c.js:7033505:11)2-fd
&amp#27;[35m88[MJSONW-4P]&amp#27;[39m 722-8b5b-92e91949  d1  at tryCatch (/61/element &amp#27;[39m&amp#27;us[3r/lo1m500&amp#27;[39mcal/lib/node_modu &amp#27;[90m22 ms - les164&amp#27;[39m
/app&amp#27;[35m[HTTP]&amp#27;[39m ium/node_modul&amp#27;[90m&amp#27;[39es/bam
bel-runtime/regenerator/runtime.js:67:40)
&amp#27;[35m[MJSONWP]&amp#27;[39m     at GeneratorFunctionPrototype.invoke [as _invoke] (/usr/local/lib/node_modules/appium/node_modules/babel-runtime/regenerator/runtime.js:315:22)
&amp#27;[35m[MJSONWP]&amp#27;[39m     at GeneratorFunctionPrototype.prototype.(anonymous function) [as throw] (/usr/local/lib/node_modules/appium/node_modules/babel-runtime/regenerator/runtime.js:100:21)
&amp#27;[35m[MJSONWP]&amp#27;[39m     at GeneratorFunctionPrototype.invoke (/usr/local/lib/node_modules/appium/node_modules/babel-runtime/regenerator/runtime.js:136:37)
&amp#27;[35m[HTTP]&amp#27;[39m &amp#27;[37m-->&amp#27;[39m &amp#27;[37mPOST&amp#27;[39m &amp#27;[37m/wd/hub/session/6c033502-fd88-4722-8b5b-92e91949d161/element&amp#27;[39m
&amp#27;[35m[HTTP]&amp#27;[39m &amp#27;[90m{"using":"id","value":"com.Slack:id/next_button_url_entry"}&amp#27;[39m
[debug] &amp#27;[35m[W3C]&amp#27;[39m Calling AppiumDriver.findElement() with args: ["id","com.Slack:id/next_button_url_entry","6c033502-fd88-4722-8b5b-92e91949d161"]
[debug] &amp#27;[35m[BaseDriver]&amp#27;[39m Valid locator strategies for this request: xpath, id, class name, accessibility id, -android uiautomator
[debug] &amp#27;[35m[BaseDriver]&amp#27;[39m Waiting up to 0 ms for condition
[debug] &amp#27;[35m[JSONWP Proxy]&amp#27;[39m Matched '/element' to command name 'findElement'
[debug] &amp#27;[35m[JSONWP Proxy]&amp#27;[39m Proxying [POST /element] to [POST http://localhost:8201/wd/hub/session/5a27c767-9791-4751-872d-2ed612cd606d/element] with body: {"strategy":"id","selector":"com.Slack:id/next_button_url_entry","context":"","multiple":false}
[debug] &amp#27;[35m[MJSONWP]&amp#27;[39m Matched JSONWP error code 7 to NoSuchElementError
&amp#27;[35m[MJSONWP]&amp#27;[39m Encountered internal error running command: NoSuchElementError: An element could not be located on the page using the given search parameters.
&amp#27;[35m[MJSONWP]&amp#27;[39m     at AndroidUiautomator2Driver.callee$0$0$ (/usr/local/lib/node_modules/appium/node_module&amp#27;[35m[HTTP]&amp#27;[39m &amp#27;[37m<--s/appium-android-driver/lib/commands/find.js:75:11)
&amp#27;[35m[MJSONWP]&amp#27;[39m     at tryCatch (/usr/local/lib/node_modules/appium/node_modules/babel-runtime/regenerator/runtime.js:67:40)
&amp#27;[35m[MJSONWP]&amp#27;[39m     at GeneratorFunctionPrototype.invoke [as _invo POST /wd/hub/session/6c033502-fd88-4722-8b5b-92e91949d161/element &amp#27;[39m&amp#27;[31m500&amp#27;[39m &amp#27;[90m24 ms - 164&amp#27;[39m
&amp#27;[35m[HTTP]&amp#27;[39m &amp#27;[90m&amp#27;[39m
ke] (/usr/local/lib/node_modules/appium/node_modules/babel-runtime/regenerator/runtime.js:315:22)
&amp#27;[35m[MJSONWP]&amp#27;[39m     at GeneratorFunctionPrototype.prototype.(anonymous function) [as throw] (/usr/local/lib/node_modules/appium/node_modules/babel-runtime/regenerator/runtime.js:100:21)
&amp#27;[35m[MJSONWP]&amp#27;[39m     at GeneratorFunctionPrototype.invoke (/usr/local/lib/node_modules/appium/node_modules/babel-runtime/regenerator/runtime.js:136:37)
&amp#27;[35m[HTTP]&amp#27;[39m &amp#27;[37m-->&amp#27;[39m &amp#27;[37mPOST&amp#27;[39m &amp#27;[37m/wd/hub/session/6c033502-fd88-4722-8b5b-92e91949d161/element&amp#27;[39m
&amp#27;[35m[HTTP]&amp#27;[39m &amp#27;[90m{"using":"id","value":"com.Slack:id/next_button_url_entry"}&amp#27;[39m
[debug] &amp#27;[35m[W3C]&amp#27;[39m Calling AppiumDriver.findElement() with args: ["id","com.Slack:id/next_button_url_entry","6c033502-fd88-4722-8b5b-92e91949d161"]
[debug] &amp#27;[35m[BaseDriver]&amp#27;[39m Valid locator strategies for this request: xpath, id, class name, accessibility id, -android uiautomator
[debug] &amp#27;[35m[BaseDriver]&amp#27;[39m Waiting up to 0 ms for condition
[debug] &amp#27;[35m[JSONWP Proxy]&amp#27;[39m Matched '/element' to command name 'findElement'
[debug] &amp#27;[35m[JSONWP Proxy]&amp#27;[39m Proxying [POST /element] to [POST http://localhost:8201/wd/hub/session/5a27c767-9791-4751-872d-2ed612cd606d/element] with body: {"strategy":"id","selector":"com.Slack:id/next_button_url_entry","context":"","multiple":false}
[debug] &amp#27;[35m[MJSONWP]&amp#27;[39m Matched JSONWP error code 7 to NoSuchElementError
&amp#27;[35m[MJSONWP]&amp#27;[39m Encountered internal error running command: NoSuchElementError: An element could not be located on the page using the given search parameters.
&amp#27;[35m[MJSONWP]&amp#27;[39m     at AndroidUiautomator2Driver.callee$0$0$ (/usr/local/lib/node_modules/&amp#27;[ap3pi5m[HTTPum/n]&amp#27;[39odem _modules&amp#27;[/app37ium-am<-- POST /wndd/hroid-drub/sessioiver/ln/6ib/commandc033s/502-fd88-4722-8b5b-92e91949dfi161/elementnd &amp#27;[39.js:75:m&amp#27;11)
&amp#27;[3[315m[MJm500&amp#27;[39m SON&amp#27;[90m23 ms - 1WP64&amp#27;[39m
]&amp#27;&amp#27;[35m[HTT[P]&amp#27;[39m &amp#27;[90m&amp#27;[39m
39m     at tryCatch (/usr/local/lib/node_modules/appium/node_modules/babel-runtime/regenerator/runtime.js:67:40)
&amp#27;[35m[MJSONWP]&amp#27;[39m     at GeneratorFunctionPrototype.invoke [as _invoke] (/usr/local/lib/node_modules/appium/node_modules/babel-runtime/regenerator/runtime.js:315:22)
&amp#27;[35m[MJSONWP]&amp#27;[39m     at GeneratorFunctionPrototype.prototype.(anonymous function) [as throw] (/usr/local/lib/node_modules/appium/node_modules/babel-runtime/regenerator/runtime.js:100:21)
&amp#27;[35m[MJSONWP]&amp#27;[39m     at GeneratorFunctionPrototype.invoke (/usr/local/lib/node_modules/appium/node_modules/babel-runtime/regenerator/runtime.js&amp#27;[3:15m36:[HT37)
TP]&amp#27;[39m &amp#27;[37m-->&amp#27;[39m &amp#27;[37mPOST&amp#27;[39m &amp#27;[37m/wd/hub/session/6c033502-fd88-4722-8b5b-92e91949d161/element&amp#27;[39m
&amp#27;[35m[HTTP]&amp#27;[39m &amp#27;[90m{"using":"id","value":"com.Slack:id/next_button_url_entry"}&amp#27;[39m
[debug] &amp#27;[35m[W3C]&amp#27;[39m Calling AppiumDriver.findElement() with args: ["id","com.Slack:id/next_button_url_entry","6c033502-fd88-4722-8b5b-92e91949d161"]
[debug] &amp#27;[35m[BaseDriver]&amp#27;[39m Valid locator strategies for this request: xpath, id, class name, accessibility id, -android uiautomator
[debug] &amp#27;[35m[BaseDriver]&amp#27;[39m Waiting up to 0 ms for condition
[debug] &amp#27;[35m[JSONWP Proxy]&amp#27;[39m Matched '/element' to command name 'findElement'
[debug] &amp#27;[35m[JSONWP Proxy]&amp#27;[39m Proxying [POST /element] to [POST http://localhost:8201/wd/hub/session/5a27c767-9791-4751-872d-2ed612cd606d/element] with body: {"strategy":"id","selector":"com.Slack:id/next_button_url_entry","context":"","multiple":false}
[debug] &amp#27;[35m[MJSONWP]&amp#27;[39m Matched JSONWP error code 7 to NoSuchElementError
&amp#27;[35m[MJSONWP]&amp#27;[39m Encountered internal error running command: NoSuchElementError: An element could not be located on the page using the given search parameters.
&amp#27;[35m[MJSONWP]&amp#27;[39m     at AndroidUiautomator2Driver.callee$0$0$ (/usr/local/lib/node_modules/appium/&amp#27;[3node_mod5mule[Hs/appTTiuP]m-an&amp#27;[39m droi&amp#27;[37m<--d- POST /wd/hub/sdriveesr/libsion/c/6omc033mands/fin502-fdd.js:788-45:7211)
&amp#27;[2-8b35m[M5b-JSON92e9WP]&amp#27;1949d[39m 161    /element &amp#27;[39m&amp#27;[31m5at tryCa00&amp#27;[39m &amp#27;[90m21 tch (/usms - 1r/local/lib/node64&amp#27;[39m
_m&amp#27;[odu35les/m[appHTiuTP]&amp#27;m/[39m &amp#27;[90node_modm&amp#27;ul[39mes/bab
el-runtime/regenerator/runtime.js:67:40)
&amp#27;[35m[MJSONWP]&amp#27;[39m     at GeneratorFunctionPrototype.invoke [as _invoke] (/usr/local/lib/node_modules/appium/node_modules/babel-runtime/regenerator/runtime.js:315:22)
&amp#27;[35m[MJSONWP]&amp#27;[39m     at GeneratorFunctionPrototype.prototype.(anonymous function) [as throw] (/usr/local/lib/node_modules/appium/node_modules/babel-runtime/regenerator/runtime.js:100:21)
&amp#27;[35m[MJSONWP]&amp#27;[39m     at GeneratorFunctionPrototype.invoke (/usr/local/lib/node_modules/appium/node_modules/babel-runtime/regenerator/runtime.js:136:37)
&amp#27;[35m[HTTP]&amp#27;[39m &amp#27;[37m-->&amp#27;[39m &amp#27;[37mPOST&amp#27;[39m &amp#27;[37m/wd/hub/session/6c033502-fd88-4722-8b5b-92e91949d161/element&amp#27;[39m
&amp#27;[35m[HTTP]&amp#27;[39m &amp#27;[90m{"using":"id","value":"com.Slack:id/next_button_url_entry"}&amp#27;[39m
[debug] &amp#27;[35m[W3C]&amp#27;[39m Calling AppiumDriver.findElement() with args: ["id","com.Slack:id/next_button_url_entry","6c033502-fd88-4722-8b5b-92e91949d161"]
[debug] &amp#27;[35m[BaseDriver]&amp#27;[39m Valid locator strategies for this request: xpath, id, class name, accessibility id, -android uiautomator
[debug] &amp#27;[35m[BaseDriver]&amp#27;[39m Waiting up to 0 ms for condition
[debug] &amp#27;[35m[JSONWP Proxy]&amp#27;[39m Matched '/element' to command name 'findElement'
[debug] &amp#27;[35m[JSONWP Proxy]&amp#27;[39m Proxying [POST /element] to [POST http://localhost:8201/wd/hub/session/5a27c767-9791-4751-872d-2ed612cd606d/element] with body: {"strategy":"id","selector":"com.Slack:id/next_button_url_entry","context":"","multiple":false}
[debug] &amp#27;[35m[MJSONWP]&amp#27;[39m Matched JSONWP error code 7 to NoSuchElementError
&amp#27;[35m[MJSONWP]&amp#27;[39m Encountered internal error running command: NoSuchElementError: An element could not be located on the page using the given search parameters.
&amp#27;[35m[MJSONWP]&amp#27;[39m     at AndroidUiautomator2Driver.callee$0$0$ (/usr/local/lib/node_modules/appium/node_modules/appium-android-driver&amp#27;[/lib/3c5mommands/find.js[HTTP]&amp#27;:75:11)
&amp#27;[3[39m &amp#27;[537mm[MJSO<-NW- POP]&amp#27;[39m ST    /wd a/hut b/sestryCatch (/usr/local/lsion/6c0ib/33502-fd8node_modules/appium/node_8-4722-8b5modb-92e919ul49des/bab161/el-elemenruntimt &amp#27;[39e/m&amp#27;reg[31m500&amp#27;[39m &amp#27;[90m47 ms - 164enerat&amp#27;[39m
or/ru&amp#27;[35m[HTTP]&amp#27;[nt39m &amp#27;[90m&amp#27;[3im9m
e.js:67:40)
&amp#27;[35m[MJSONWP]&amp#27;[39m     at GeneratorFunctionPrototype.invoke [as _invoke] (/usr/local/lib/node_modules/appium/node_modules/babel-runtime/regenerator/runtime.js:315:22)
&amp#27;[35m[MJSONWP]&amp#27;[39m     at GeneratorFunctionPrototype.prototype.(anonymous function) [as throw] (/usr/local/lib/node_modules/appium/node_modules/babel-runtime/regenerator/runtime.js:100:21)
&amp#27;[35m[MJSONWP]&amp#27;[39m     at GeneratorFunctionPrototype.invoke (/usr/local/lib/node_modules/appium/node_modules/babel-runtime/regenerator/runtime.js:136:37)
&amp#27;[35m[HTTP]&amp#27;[39m &amp#27;[37m-->&amp#27;[39m &amp#27;[37mPOST&amp#27;[39m &amp#27;[37m/wd/hub/session/6c033502-fd88-4722-8b5b-92e91949d161/element&amp#27;[39m
&amp#27;[35m[HTTP]&amp#27;[39m &amp#27;[90m{"using":"id","value":"com.Slack:id/next_button_url_entry"}&amp#27;[39m
[debug] &amp#27;[35m[W3C]&amp#27;[39m Calling AppiumDriver.findElement() with args: ["id","com.Slack:id/next_button_url_entry","6c033502-fd88-4722-8b5b-92e91949d161"]
[debug] &amp#27;[35m[BaseDriver]&amp#27;[39m Valid locator strategies for this request: xpath, id, class name, accessibility id, -android uiautomator
[debug] &amp#27;[35m[BaseDriver]&amp#27;[39m Waiting up to 0 ms for condition
[debug] &amp#27;[35m[JSONWP Proxy]&amp#27;[39m Matched '/element' to command name 'findElement'
[debug] &amp#27;[35m[JSONWP Proxy]&amp#27;[39m Proxying [POST /element] to [POST http://localhost:8201/wd/hub/session/5a27c767-9791-4751-872d-2ed612cd606d/element] with body: {"strategy":"id","selector":"com.Slack:id/next_button_url_entry","context":"","multiple":false}
[debug] &amp#27;[35m[MJSONWP]&amp#27;[39m Matched JSONWP error code 7 to NoSuchElementError
&amp#27;[35m[MJSONWP]&amp#27;[39m Encountered internal error running command: NoSuchElementError: An element could not be located on the page using the given search parameters.
&amp#27;[35m[MJSONWP]&amp#27;[39m     at AndroidUiautomator2Driver.callee$0$0$ (/usr/loca&amp#27;[3l/lib/node_modules/appium/node_5mmodul[HTTP]&amp#27;[es/appi39m &amp#27;[37m<-- POSTum-and /wd/hub/session/roid-dri6c03ver/li3b/c502-fommand88-47ds/f22-8ind.jsb5b-92e9194:75:11)
&amp#27;[39d1615m[MJSON/eWP]&amp#27;[3lemen9m t &amp#27;[39m    &amp#27;[31at tryCatch (/usr/localm50/lib0&amp#27;/no[3de_modules/a9ppim &amp#27;[um/nod90me_m27 odules/babel-rums - 16nti4&amp#27;[39mme/
regener&amp#27;[ator35m/runtime.j[s:HTTP]&amp#27;67:40)
&amp#27;[35[3m[MJSONW9m &amp#27;[90mP]&amp#27;[39m    &amp#27;[ a39t Genm
eratorFunctionPrototype.invoke [as _invoke] (/usr/local/lib/node_modules/appium/node_modules/babel-runtime/regenerator/runtime.js:315:22)
&amp#27;[35m[MJSONWP]&amp#27;[39m     at GeneratorFunctionPrototype.prototype.(anonymous function) [as throw] (/usr/local/lib/node_modules/appium/node_modules/babel-runtime/regenerator/runtime.js:1&amp#27;[35m[H00TT:21)P
&amp#27;[3]&amp#27;[35m9m[M &amp#27;[37mJSON-->&amp#27;[39m &amp#27;[37mPOST&amp#27;[39mWP] &amp#27;[39&amp#27;[3m    7m at G/weneratorFunctd/ionPrototype.invoke (/usr/local/lib/node_modules/appium/node_moduleshub/bab/session/6el-ruc033502nti-fd88-me/reg4enera722-8b5b-92tor/re919untime.j49ds:16131/element&amp#27;[36:37)
9m
&amp#27;[35m[HTTP]&amp#27;[39m &amp#27;[90m{"using":"id","value":"com.Slack:id/next_button_url_entry"}&amp#27;[39m
[debug] &amp#27;[35m[W3C]&amp#27;[39m Calling AppiumDriver.findElement() with args: ["id","com.Slack:id/next_button_url_entry","6c033502-fd88-4722-8b5b-92e91949d161"]
[debug] &amp#27;[35m[BaseDriver]&amp#27;[39m Valid locator strategies for this request: xpath, id, class name, accessibility id, -android uiautomator
[debug] &amp#27;[35m[BaseDriver]&amp#27;[39m Waiting up to 0 ms for condition
[debug] &amp#27;[35m[JSONWP Proxy]&amp#27;[39m Matched '/element' to command name 'findElement'
[debug] &amp#27;[35m[JSONWP Proxy]&amp#27;[39m Proxying [POST /element] to [POST http://localhost:8201/wd/hub/session/5a27c767-9791-4751-872d-2ed612cd606d/element] with body: {"strategy":"id","selector":"com.Slack:id/next_button_url_entry","context":"","multiple":false}
[debug] &amp#27;[35m[MJSONWP]&amp#27;[39m Matched JSONWP error code 7 to NoSuchElementError
&amp#27;[35m[MJSONWP]&amp#27;[39m Encountered internal error running command: NoSuchElementError: An element could not be located on the page using the given search parameters.
&amp#27;[35m[MJSONWP]&amp#27;[39m     at AndroidUiautomator2Driver.callee$0$0$ (/usr/local/lib/node_modules/a&amp#27;[3ppium/node_modules/appium-android-driver/lib/comma5m[HTTP]&amp#27;[39m &amp#27;[37m<-- POST /wd/hub/session/6c033502-fd88-4722-8b5b-92e91949d161/elends/fment &amp#27;[39m&amp#27;[31m500&amp#27;[39m &amp#27;[90m26 ms - 164&amp#27;[39m
&amp#27;[35m[HTTP]&amp#27;[39m &amp#27;[90m&amp#27;[39m
ind.js:75:11)
&amp#27;[35m[MJSONWP]&amp#27;[39m     at tryCatch (/usr/local/lib/node_modules/appium/node_modules/babel-runtime/regenerator/runtime.js:67:40)
&amp#27;[35m[MJSONWP]&amp#27;[39m     at GeneratorFunctionPrototype.invoke [as _invoke] (/usr/local/lib/node_modules/appium/node_modules/babel-runtime/regenerator/runtime.js:315:22)
&amp#27;[35m[MJSONWP]&amp#27;[39m     at GeneratorFunctionPrototype.prototype.(anonymous function) [as throw] (/usr/local/lib/node_modules/appium/node_modules/babel-runtime/regenerator/runtime.js:100:21)
&amp#27;[35m[MJSONWP]&amp#27;[39m     at GeneratorFunctionPrototype.invoke (/usr/local/lib/node_modules/appium/node_modules/babel-runtime/regenerator/runtime.js:136:37)
&amp#27;[35m[HTTP]&amp#27;[39m &amp#27;[37m-->&amp#27;[39m &amp#27;[37mPOST&amp#27;[39m &amp#27;[37m/wd/hub/session/6c033502-fd88-4722-8b5b-92e91949d161/element&amp#27;[39m
&amp#27;[35m[HTTP]&amp#27;[39m &amp#27;[90m{"using":"id","value":"com.Slack:id/next_button_url_entry"}&amp#27;[39m
[debug] &amp#27;[35m[W3C]&amp#27;[39m Calling AppiumDriver.findElement() with args: ["id","com.Slack:id/next_button_url_entry","6c033502-fd88-4722-8b5b-92e91949d161"]
[debug] &amp#27;[35m[BaseDriver]&amp#27;[39m Valid locator strategies for this request: xpath, id, class name, accessibility id, -android uiautomator
[debug] &amp#27;[35m[BaseDriver]&amp#27;[39m Waiting up to 0 ms for condition
[debug] &amp#27;[35m[JSONWP Proxy]&amp#27;[39m Matched '/element' to command name 'findElement'
[debug] &amp#27;[35m[JSONWP Proxy]&amp#27;[39m Proxying [POST /element] to [POST http://localhost:8201/wd/hub/session/5a27c767-9791-4751-872d-2ed612cd606d/element] with body: {"strategy":"id","selector":"com.Slack:id/next_button_url_entry","context":"","multiple":false}
[debug] &amp#27;[35m[MJSONWP]&amp#27;[39m Matched JSONWP error code 7 to NoSuchElementError
&amp#27;[35m[MJSONWP]&amp#27;[39m Encountered internal error running command: NoSuchElementError: An element could not be located on the page using the given search parameters.
&amp#27;[35m[MJSONWP]&amp#27;[39m     at AndroidUiautomator2Driver.callee$0$0$ (/usr/local/lib/node_modules/appium/node_modules/appium-android-driver/lib/commands/find.js:75:11)
&amp#27;[35m[MJSONWP]&amp#27;[39m &amp#27;[35m[HTTP]&amp#27;    at[39 trym &amp#27;[37mC<-- POST /wd/hub/session/6c033502-fd88-4722-8b5b-92e91949d161/element &amp#27;[39m&amp#27;[31m500&amp#27;[39m &amp#27;[90m36 ms - 164&amp#27;[39m
&amp#27;[35m[HTTP]&amp#27;[39match (/usr/local/lib/node_modules/appium/node_modules/babel-runtime/regenerator/runtime.js:67:40)
&amp#27;[35m[MJSONWP]&amp#27; &amp#27;[90m&amp#27;[39m
[39m     at GeneratorFunctionPrototype.invoke [as _invoke] (/usr/local/lib/node_modules/appium/node_modules/babel-runtime/regenerator/runtime.js:315:22)
&amp#27;[35m[MJSONWP]&amp#27;[39m     at GeneratorFunctionPrototype.prototype.(anonymous function) [as throw] (/usr/local/lib/node_modules/appium/node_modules/babel-runtime/regenerator/runtime.js:100:21)
&amp#27;[35m[MJSONWP]&amp#27;[39m     at GeneratorFunctionPrototype.invoke (/usr/local/lib/node_modules/appium/node_modules/babel-runtime/regenerator/runtime.js:136:37)
&amp#27;[35m[HTTP]&amp#27;[39m &amp#27;[37m-->&amp#27;[39m &amp#27;[37mPOST&amp#27;[39m &amp#27;[37m/wd/hub/session/6c033502-fd88-4722-8b5b-92e91949d161/element&amp#27;[39m
&amp#27;[35m[HTTP]&amp#27;[39m &amp#27;[90m{"using":"id","value":"com.Slack:id/next_button_url_entry"}&amp#27;[39m
[debug] &amp#27;[35m[W3C]&amp#27;[39m Calling AppiumDriver.findElement() with args: ["id","com.Slack:id/next_button_url_entry","6c033502-fd88-4722-8b5b-92e91949d161"]
[debug] &amp#27;[35m[BaseDriver]&amp#27;[39m Valid locator strategies for this request: xpath, id, class name, accessibility id, -android uiautomator
[debug] &amp#27;[35m[BaseDriver]&amp#27;[39m Waiting up to 0 ms for condition
[debug] &amp#27;[35m[JSONWP Proxy]&amp#27;[39m Matched '/element' to command name 'findElement'
[debug] &amp#27;[35m[JSONWP Proxy]&amp#27;[39m Proxying [POST /element] to [POST http://localhost:8201/wd/hub/session/5a27c767-9791-4751-872d-2ed612cd606d/element] with body: {"strategy":"id","selector":"com.Slack:id/next_button_url_entry","context":"","multiple":false}
[debug] &amp#27;[35m[MJSONWP]&amp#27;[39m Matched JSONWP error code 7 to NoSuchElementError
&amp#27;[35m[MJSONWP]&amp#27;[39m Encountered internal error running command: NoSuchElementError: An element could not be located on the page using the given search parameters.
&amp#27;[35m[MJSONWP]&amp#27;[39m     at AndroidUiautomator2Driver.callee$0$0$ (/usr/local/lib/node_modules/app&amp#27;[35m[HTTPiu]&amp#27;[3m/no9mde &amp#27;[_module37s/m<-- POST /wd/hub/session/6c033502-fappiumd88-android-47-driver/lib22-8b/commands/5b-92fie91949d16nd.js:75:1/11)el
&amp#27;[35m[emeMJSONWP]&amp#27;[39m     at tryCnt &amp#27;[39match (/us&amp#27;[31mr/local/lib/node_modules500&amp#27;[39m &amp#27;[90m33 ms/app -ium/node_modules/b 1abel-runtime/regenerator/runtime.js:67:40)
&amp#27;[35m[MJSONWP]&amp#27;[39m     at GeneratorFunctionPrototype6.4&amp#27;[39m
&amp#27;[35m[HTTP]&amp#27;[39m &amp#27;[90m&amp#27;[39m
invoke [as _invoke] (/usr/local/lib/node_modules/appium/node_modules/babel-runtime/regenerator/runtime.js:315:22)
&amp#27;[35m[MJSONWP]&amp#27;[39m     at GeneratorFunctionPrototype.prototype.(anonymous function) [as throw] (/usr/local/lib/node_modules/appium/node_modules/babel-runtime/regenerator/runtime.js:100:21)
&amp#27;[35m[MJSONWP]&amp#27;[39m     at GeneratorFunctionPrototype.invoke (/usr/local/lib/node_modules/appium/node_modules&amp#27;[/ba35mbel-ru[HTntTP]ime/&amp#27;[39m &amp#27;[regenerato37m--r/runti>&amp#27;me.j[3s:1369m &amp#27;[:37)
37mPOST&amp#27;[39m &amp#27;[37m/wd/hub/session/6c033502-fd88-4722-8b5b-92e91949d161/element&amp#27;[39m
&amp#27;[35m[HTTP]&amp#27;[39m &amp#27;[90m{"using":"id","value":"com.Slack:id/next_button_url_entry"}&amp#27;[39m
[debug] &amp#27;[35m[W3C]&amp#27;[39m Calling AppiumDriver.findElement() with args: ["id","com.Slack:id/next_button_url_entry","6c033502-fd88-4722-8b5b-92e91949d161"]
[debug] &amp#27;[35m[BaseDriver]&amp#27;[39m Valid locator strategies for this request: xpath, id, class name, accessibility id, -android uiautomator
[debug] &amp#27;[35m[BaseDriver]&amp#27;[39m Waiting up to 0 ms for condition
[debug] &amp#27;[35m[JSONWP Proxy]&amp#27;[39m Matched '/element' to command name 'findElement'
[debug] &amp#27;[35m[JSONWP Proxy]&amp#27;[39m Proxying [POST /element] to [POST http://localhost:8201/wd/hub/session/5a27c767-9791-4751-872d-2ed612cd606d/element] with body: {"strategy":"id","selector":"com.Slack:id/next_button_url_entry","context":"","multiple":false}
[debug] &amp#27;[35m[MJSONWP]&amp#27;[39m Matched JSONWP error code 7 to NoSuchElementError
&amp#27;[35m[MJSONWP]&amp#27;[39m Encountered internal error running command: NoSuchElementError: An element could not be located on the page using the given search parameters.
&amp#27;[35m[MJSONWP]&amp#27;[39m     at AndroidUiautomator2Driver.callee$0$0$ (/usr/local/lib/node_modules/appium/node_modules/appium-android-driver/lib/commands/find.js:75:11)
&amp#27;[35m[MJSONWP]&amp#27;[39m     at tryCatch (/usr/local/lib/node_modules/appium/node_modules/babel-runtime/regenerator/runtime.js:67:40)
&amp#27;[35m[MJSONWP]&amp#27;[39m     at&amp#27;[35 Gem[HTTP]neratorF&amp#27;[39m un&amp#27;[37ctionPm<rototype.invoke [as _-- POST /winvd/huoke]b/sessio (/un/6src0/l33ocal/502-flid88-472b/2-8nob5de_modub-92e919les49d1/a61/elemeppnt &amp#27;ium/no[39m&amp#27;[de_modules31m/bab500&amp#27;[39m &amp#27;[90el-runtime/regenerator/runtime.js:315:22)
&amp#27;[35m[MJSONWP]m23 ms&amp#27;[ -39m  164&amp#27;[3    at Ge9m
n&amp#27;[35m[HTTP]&amp#27;[3er9m &amp#27;atorFunc[90m&amp#27;tionPrototyp[39m
e.prototype.(anonymous function) [as throw] (/usr/local/lib/node_modules/appium/node_modules/babel-runtime/regenerator/runtime.js:100:21)
&amp#27;[35m[MJSONWP]&amp#27;[39m     at GeneratorFunctionPrototype.invoke (/usr/local/lib/node_modules/appium/node_modules/babel-runtime/regenerator/runtime.js:136:37)
&amp#27;[35m[HTTP]&amp#27;[39m &amp#27;[37m-->&amp#27;[39m &amp#27;[37mPOST&amp#27;[39m &amp#27;[37m/wd/hub/session/6c033502-fd88-4722-8b5b-92e91949d161/element&amp#27;[39m
&amp#27;[35m[HTTP]&amp#27;[39m &amp#27;[90m{"using":"id","value":"com.Slack:id/next_button_url_entry"}&amp#27;[39m
[debug] &amp#27;[35m[W3C]&amp#27;[39m Calling AppiumDriver.findElement() with args: ["id","com.Slack:id/next_button_url_entry","6c033502-fd88-4722-8b5b-92e91949d161"]
[debug] &amp#27;[35m[BaseDriver]&amp#27;[39m Valid locator strategies for this request: xpath, id, class name, accessibility id, -android uiautomator
[debug] &amp#27;[35m[BaseDriver]&amp#27;[39m Waiting up to 0 ms for condition
[debug] &amp#27;[35m[JSONWP Proxy]&amp#27;[39m Matched '/element' to command name 'findElement'
[debug] &amp#27;[35m[JSONWP Proxy]&amp#27;[39m Proxying [POST /element] to [POST http://localhost:8201/wd/hub/session/5a27c767-9791-4751-872d-2ed612cd606d/element] with body: {"strategy":"id","selector":"com.Slack:id/next_button_url_entry","context":"","multiple":false}
[debug] &amp#27;[35m[MJSONWP]&amp#27;[39m Matched JSONWP error code 7 to NoSuchElementError
&amp#27;[35m[MJSONWP]&amp#27;[39m Encountered internal error running command: NoSuchElementError: An element could not be located on the page using the given search parameters.
&amp#27;[35m[MJSONWP]&amp#27;[39m     at AndroidUiautomator2Driver.callee$0$0$ (/usr/local/lib/node_modules/appium/node_modules/appium-android-driver&amp#27;[35m[/lib/commands/HTTP]&amp#27;fi[3nd.9m &amp#27;[37m<-- POST js:75:11)
&amp#27;[/wd/hub35m[M/sJSONWP]&amp#27;[ession/6c39033502m -fd88-472   2- at 8bt5b-9r2e919yCatch (/49d161/element &amp#27;usr[39m&amp#27;[31/locam500&amp#27;[39m &amp#27;[90m29 ms - 164l/lib/node_modules&amp#27;[3/a9m
p&amp#27;[3pi5m[HTTP]&amp#27;[39m &amp#27;[90m&amp#27;[39m
um/node_modules/babel-runtime/regenerator/runtime.js:67:40)
&amp#27;[35m[MJSONWP]&amp#27;[39m     at GeneratorFunctionPrototype.invoke [as _invoke] (/usr/local/lib/node_modules/appium/node_modules/babel-runtime/regenerator/runtime.js:315:22)
&amp#27;[35m[MJSONWP]&amp#27;[39m     at GeneratorFunctionPrototype.prototype.(anonymous function) [as throw] (/usr/local/lib/node_modules/appium/node_modules/babel-runtime/regenerator/runtime.js:100:21)
&amp#27;[35m[MJSONWP]&amp#27;[39m     at GeneratorFunctionPrototype.invoke (/usr/local/lib/node_modules/appium/node_modules/babel-runtime/regenerator/runtime.js:136:37)
&amp#27;[35m[HTTP]&amp#27;[39m &amp#27;[37m-->&amp#27;[39m &amp#27;[37mPOST&amp#27;[39m &amp#27;[37m/wd/hub/session/6c033502-fd88-4722-8b5b-92e91949d161/element&amp#27;[39m
&amp#27;[35m[HTTP]&amp#27;[39m &amp#27;[90m{"using":"id","value":"com.Slack:id/next_button_url_entry"}&amp#27;[39m
[debug] &amp#27;[35m[W3C]&amp#27;[39m Calling AppiumDriver.findElement() with args: ["id","com.Slack:id/next_button_url_entry","6c033502-fd88-4722-8b5b-92e91949d161"]
[debug] &amp#27;[35m[BaseDriver]&amp#27;[39m Valid locator strategies for this request: xpath, id, class name, accessibility id, -android uiautomator
[debug] &amp#27;[35m[BaseDriver]&amp#27;[39m Waiting up to 0 ms for condition
[debug] &amp#27;[35m[JSONWP Proxy]&amp#27;[39m Matched '/element' to command name 'findElement'
[debug] &amp#27;[35m[JSONWP Proxy]&amp#27;[39m Proxying [POST /element] to [POST http://localhost:8201/wd/hub/session/5a27c767-9791-4751-872d-2ed612cd606d/element] with body: {"strategy":"id","selector":"com.Slack:id/next_button_url_entry","context":"","multiple":false}
[debug] &amp#27;[35m[MJSONWP]&amp#27;[39m Matched JSONWP error code 7 to NoSuchElementError
&amp#27;[35m[MJSONWP]&amp#27;[39m Encountered internal error running command: NoSuchElementError: An element could not be located on the page using the given search parameters.
&amp#27;[35m[MJSONWP]&amp#27;[39m     at AndroidUiautomator2Driver.callee$0$0$ (/usr/local/lib/node_module&amp#27;[s/35appium/nm[HTode_modules/appium-androiTP]&amp#27;d-driver/[39m &amp#27;[37m<-- POlib/commanST /wd/hub/sesds/find.js:75:11)
&amp#27;[35m[MJSONWP]&amp#27;[39sion/6c033502-fdm     at88-4722-8b tryCatch (/usr5b/loca-92e9194l/9dlib/no161/element &amp#27;[39m&amp#27;[31m500&amp#27;[39m &amp#27;[90m28 ms - 164&amp#27;[39m
&amp#27;[35mde_modules/appium/node_modules/babel-runtime/regen[HTTP]&amp#27;[39m &amp#27;[90erator/runtimem&amp#27;.js[39m
:67:40)
&amp#27;[35m[MJSONWP]&amp#27;[39m     at GeneratorFunctionPrototype.invoke [as _invoke] (/usr/local/lib/node_modules/appium/node_modules/babel-runtime/regenerator/runtime.js:315:22)
&amp#27;[35m[MJSONWP]&amp#27;[39m     at GeneratorFunctionPrototype.prototype.(anonymous function) [as throw] (/usr/local/lib/node_modules/appium/node_modules/babel-runtime/regenerator/runtime.js:100:21)
&amp#27;[35m[MJSONWP]&amp#27;[39m     at GeneratorFunctionPrototype.invoke (/usr/local/lib/node_modules/appium/node_modules/babel-runtime/regenerator/runtime.js:136:37)
&amp#27;[35m[HTTP]&amp#27;[39m &amp#27;[37m-->&amp#27;[39m &amp#27;[37mPOST&amp#27;[39m &amp#27;[37m/wd/hub/session/6c033502-fd88-4722-8b5b-92e91949d161/element&amp#27;[39m
&amp#27;[35m[HTTP]&amp#27;[39m &amp#27;[90m{"using":"id","value":"com.Slack:id/next_button_url_entry"}&amp#27;[39m
[debug] &amp#27;[35m[W3C]&amp#27;[39m Calling AppiumDriver.findElement() with args: ["id","com.Slack:id/next_button_url_entry","6c033502-fd88-4722-8b5b-92e91949d161"]
[debug] &amp#27;[35m[BaseDriver]&amp#27;[39m Valid locator strategies for this request: xpath, id, class name, accessibility id, -android uiautomator
[debug] &amp#27;[35m[BaseDriver]&amp#27;[39m Waiting up to 0 ms for condition
[debug] &amp#27;[35m[JSONWP Proxy]&amp#27;[39m Matched '/element' to command name 'findElement'
[debug] &amp#27;[35m[JSONWP Proxy]&amp#27;[39m Proxying [POST /element] to [POST http://localhost:8201/wd/hub/session/5a27c767-9791-4751-872d-2ed612cd606d/element] with body: {"strategy":"id","selector":"com.Slack:id/next_button_url_entry","context":"","multiple":false}
[debug] &amp#27;[35m[MJSONWP]&amp#27;[39m Matched JSONWP error code 7 to NoSuchElementError
&amp#27;[35m[MJSONWP]&amp#27;[39m Encountered internal error running command: NoSuchElementError: An element could not be located on the page using the given search parameters.
&amp#27;[35m[MJSONWP]&amp#27;[39m     at AndroidUiautomator2Driver.callee$0$0$ (/usr/local/lib/node_modules/appium/node_modules/appium-android-driver/lib/commands/find.js:75:11)
&amp#27;[35m[MJSONWP]&amp#27;[39m     at tryCatch (/usr/local/lib/node_&amp#27;[35m[HTTP]&amp#27;modules/appium/no[39mde_m &amp#27;[37odules/babel-runtime/regenerator/runtime.js:67:4m<-- PO0)
&amp#27;ST /wd/hub/session/[356c0335m[MJSONWP]&amp#27;[39m     at GeneratorFunctionProtot02-fd88-4722ype.inv-8oke [ab5bs _i-92e9194nvoke] (/9dusr/lo1cal/lib/no61/elemdeent &amp#27;[_modules/appium/nod39e_mom&amp#27;[31m500&amp#27;[39m &amp#27;dule[9s/babel-r0m29 muntims - 164e/re&amp#27;[39m
gen&amp#27;[35m[HTTP]&amp#27;[39m &amp#27;[90erator/runtimme.&amp#27;[3js9m
:315:22)
&amp#27;[35m[MJSONWP]&amp#27;[39m     at GeneratorFunctionPrototype.prototype.(anonymous function) [as throw] (/usr/local/lib/node_modules/appium/node_modules/babel-runtime/regenerator/runtime.js:100:21)
&amp#27;[35m[MJSONWP]&amp#27;[39m     at GeneratorFunctionPro&amp#27;[totype.invoke (/usr/local/lib/35m[HTTP]&amp#27;[39m &amp#27;[37m-->&amp#27;[39m &amp#27;[37mPOST&amp#27;[39m &amp#27;[37m/wd/hub/nosessideon/_modu6cle03s3502-fd88-4722-8b5b-9/appiu2em/n9194ode_modules/babel-runtime/re9dg161/eenerator/rulement&amp#27;ntim[39m
&amp#27;[35me.js:136:3[HTTP]&amp#27;[39m &amp#27;[90m{"using":"id","value":7)
"com.Slack:id/next_button_url_entry"}&amp#27;[39m
[debug] &amp#27;[35m[W3C]&amp#27;[39m Calling AppiumDriver.findElement() with args: ["id","com.Slack:id/next_button_url_entry","6c033502-fd88-4722-8b5b-92e91949d161"]
[debug] &amp#27;[35m[BaseDriver]&amp#27;[39m Valid locator strategies for this request: xpath, id, class name, accessibility id, -android uiautomator
[debug] &amp#27;[35m[BaseDriver]&amp#27;[39m Waiting up to 0 ms for condition
[debug] &amp#27;[35m[JSONWP Proxy]&amp#27;[39m Matched '/element' to command name 'findElement'
[debug] &amp#27;[35m[JSONWP Proxy]&amp#27;[39m Proxying [POST /element] to [POST http://localhost:8201/wd/hub/session/5a27c767-9791-4751-872d-2ed612cd606d/element] with body: {"strategy":"id","selector":"com.Slack:id/next_button_url_entry","context":"","multiple":false}
[debug] &amp#27;[35m[MJSONWP]&amp#27;[39m Matched JSONWP error code 7 to NoSuchElementError
&amp#27;[35m[MJSONWP]&amp#27;[39m Encountered internal error running command: NoSuchElementError: An element could not be located on the page using the given search parameters.
&amp#27;[35m[MJSONWP]&amp#27;[39m     at AndroidUiautomator2Driver.callee$0$0$ (/usr/local/lib/node_modules/appium/node_modules/appium-android-driver/lib/commands/find.js:75:11)
&amp#27;[35m[MJSONWP]&amp#27;[39m     at tryCatch (/usr/local/lib&amp#27;[35m[H/nodTTP]&amp#27;[3e_modules/appium/node_9m &amp#27;[37m<-- POST /wd/hmoubdu/seles/babession/6c033502-fd88-4l-runtime/regenerator72/runtime.2js:67:40)
&amp#27;[35m[MJ-8bSONWP]5b-92e91949d161&amp#27;[39m /e    leat GenmenteratorFunctionPrototype.invoke [as _invoke] (/usr/local/lib/node_m &amp#27;[39m&amp#27;[31m500&amp#27;[odules/appium/node_modules39/bam &amp#27;[9bel-0m27 ms - 164&amp#27;[39runtimm
e/regenerator/runti&amp#27;[35m[HTTPme.j]&amp#27;[s:315:22)
&amp#27;[35m[MJSONWP]&amp#27;[39m     at 39m &amp#27;[90m&amp#27;[Ge3neratorFunctionPrototyp9m
e.prototype.(anonymous function) [as throw] (/usr/local/lib/node_modules/appium/node_modules/babel-runtime/regenerator/runtime.js:100:21)
&amp#27;[35m[MJSONWP]&amp#27;[39m     at GeneratorFunctionPrototype.invoke (/usr/local/lib/node_modules/appium/node_modules/babel-runtime/regenerator/runtime.js:136:37)
&amp#27;[35m[HTTP]&amp#27;[39m &amp#27;[37m-->&amp#27;[39m &amp#27;[37mPOST&amp#27;[39m &amp#27;[37m/wd/hub/session/6c033502-fd88-4722-8b5b-92e91949d161/element&amp#27;[39m
&amp#27;[35m[HTTP]&amp#27;[39m &amp#27;[90m{"using":"id","value":"com.Slack:id/next_button_url_entry"}&amp#27;[39m
[debug] &amp#27;[35m[W3C]&amp#27;[39m Calling AppiumDriver.findElement() with args: ["id","com.Slack:id/next_button_url_entry","6c033502-fd88-4722-8b5b-92e91949d161"]
[debug] &amp#27;[35m[BaseDriver]&amp#27;[39m Valid locator strategies for this request: xpath, id, class name, accessibility id, -android uiautomator
[debug] &amp#27;[35m[BaseDriver]&amp#27;[39m Waiting up to 0 ms for condition
[debug] &amp#27;[35m[JSONWP Proxy]&amp#27;[39m Matched '/element' to command name 'findElement'
[debug] &amp#27;[35m[JSONWP Proxy]&amp#27;[39m Proxying [POST /element] to [POST http://localhost:8201/wd/hub/session/5a27c767-9791-4751-872d-2ed612cd606d/element] with body: {"strategy":"id","selector":"com.Slack:id/next_button_url_entry","context":"","multiple":false}
[debug] &amp#27;[35m[MJSONWP]&amp#27;[39m Matched JSONWP error code 7 to NoSuchElementError
&amp#27;[35m[MJSONWP]&amp#27;[39m Encountered internal error running command: NoSuchElementError: An element could not be located on the page using the given search parameters.
&amp#27;[35m[MJSONWP]&amp#27;[39m     at AndroidUiautomator2Driver.callee$0$0$ (/usr/local/lib/node_modules/appium/node_modules/appium-android-driver/lib/commands/find.js:75:11)
&amp#27;[35m[MJSONWP]&amp#27;[39m     at tryCatch (/usr/local/lib/node_modules/appium/node_modules/babel-runtime/regenera&amp#27;[3tor/runtime.js:67:405m)
[HTTP]&amp#27;[39m &amp#27;&amp#27;[35m[[3MJSO7m<--NWP]&amp#27; POST /wd/hub[39/sem     at GssioneneratorFunctionPrototype.invoke [as/6c033502-fd88 _inv-4722-oke] (/usr/local8b5b-/li92b/node_e91949d161modu/elleement s/appi&amp#27;[39m&amp#27;[31m500um/node&amp#27;[39m &amp#27;[90m24 ms - 164&amp#27;[39m
&amp#27;[35m[HTTP]&amp#27;[39m &amp#27;[90m&amp#27;[39m
_modules/babel-runtime/regenerator/runtime.js:315:22)
&amp#27;[35m[MJSONWP]&amp#27;[39m     at GeneratorFunctionPrototype.prototype.(anonymous function) [as throw] (/usr/local/lib/node_modules/appium/node_modules/babel-runtime/regenerator/runtime.js:100:21)
&amp#27;[35m[MJSONWP]&amp#27;[39m     at GeneratorFunctionPrototype.invoke (/usr/local/lib/node_modules/appium/node_modules/babel-runtime/regenerator/runtime.js:136:37)
&amp#27;[35m[HTTP]&amp#27;[39m &amp#27;[37m-->&amp#27;[39m &amp#27;[37mPOST&amp#27;[39m &amp#27;[37m/wd/hub/session/6c033502-fd88-4722-8b5b-92e91949d161/element&amp#27;[39m
&amp#27;[35m[HTTP]&amp#27;[39m &amp#27;[90m{"using":"id","value":"com.Slack:id/next_button_url_entry"}&amp#27;[39m
[debug] &amp#27;[35m[W3C]&amp#27;[39m Calling AppiumDriver.findElement() with args: ["id","com.Slack:id/next_button_url_entry","6c033502-fd88-4722-8b5b-92e91949d161"]
[debug] &amp#27;[35m[BaseDriver]&amp#27;[39m Valid locator strategies for this request: xpath, id, class name, accessibility id, -android uiautomator
[debug] &amp#27;[35m[BaseDriver]&amp#27;[39m Waiting up to 0 ms for condition
[debug] &amp#27;[35m[JSONWP Proxy]&amp#27;[39m Matched '/element' to command name 'findElement'
[debug] &amp#27;[35m[JSONWP Proxy]&amp#27;[39m Proxying [POST /element] to [POST http://localhost:8201/wd/hub/session/5a27c767-9791-4751-872d-2ed612cd606d/element] with body: {"strategy":"id","selector":"com.Slack:id/next_button_url_entry","context":"","multiple":false}
[debug] &amp#27;[35m[MJSONWP]&amp#27;[39m Matched JSONWP error code 7 to NoSuchElementError
&amp#27;[35m[MJSONWP]&amp#27;[39m Encountered internal error running command: NoSuchElementError: An element could not be located on the page using the given search parameters.
&amp#27;[35m[MJSONWP]&amp#27;[39m     at AndroidUiautomator2Driver.callee$0$0$ (/usr/local/lib/node_modules/appium/node_modules/appium-android-driver/lib/commands/find.js:75:11)
&amp#27;[35m[MJSONWP]&amp#27;[39m     at tryCatch (/usr/local/lib/node_modules/appium/node_modules/babel-runtime/regenerator/runtime.js:67:40)
&amp#27;[35m[MJSONWP]&amp#27;[39m   &amp#27;[35m[HTTP]&amp#27;[39m &amp#27;[37m<-- POST /wd/hub/session/6c033502-fd88-4722-8b5b-92e91949d161/element &amp#27;[39m&amp#27;[31m500&amp#27;[39m &amp#27;[90m25 ms - 164&amp#27;[39m
&amp#27;[35m[HTTP]&amp#27;[39m &amp#27;[90m&amp#27;[39m
  at GeneratorFunctionPrototype.invoke [as _invoke] (/usr/local/lib/node_modules/appium/node_modules/babel-runtime/regenerator/runtime.js:315:22)
&amp#27;[35m[MJSONWP]&amp#27;[39m     at GeneratorFunctionPrototype.prototype.(anonymous function) [as throw] (/usr/local/lib/node_modules/appium/node_modules/babel-runtime/regenerator/runtime.js:100:21)
&amp#27;[35m[MJSONWP]&amp#27;[39m     at GeneratorFunctionPrototype.invoke (/usr/local/lib/node_modules/appium/node_modules/babel-runtime/regenerator/runtime.js:136:37)
&amp#27;[35m[HTTP]&amp#27;[39m &amp#27;[37m-->&amp#27;[39m &amp#27;[37mPOST&amp#27;[39m &amp#27;[37m/wd/hub/session/6c033502-fd88-4722-8b5b-92e91949d161/element&amp#27;[39m
&amp#27;[35m[HTTP]&amp#27;[39m &amp#27;[90m{"using":"id","value":"com.Slack:id/next_button_url_entry"}&amp#27;[39m
[debug] &amp#27;[35m[W3C]&amp#27;[39m Calling AppiumDriver.findElement() with args: ["id","com.Slack:id/next_button_url_entry","6c033502-fd88-4722-8b5b-92e91949d161"]
[debug] &amp#27;[35m[BaseDriver]&amp#27;[39m Valid locator strategies for this request: xpath, id, class name, accessibility id, -android uiautomator
[debug] &amp#27;[35m[BaseDriver]&amp#27;[39m Waiting up to 0 ms for condition
[debug] &amp#27;[35m[JSONWP Proxy]&amp#27;[39m Matched '/element' to command name 'findElement'
[debug] &amp#27;[35m[JSONWP Proxy]&amp#27;[39m Proxying [POST /element] to [POST http://localhost:8201/wd/hub/session/5a27c767-9791-4751-872d-2ed612cd606d/element] with body: {"strategy":"id","selector":"com.Slack:id/next_button_url_entry","context":"","multiple":false}
[debug] &amp#27;[35m[MJSONWP]&amp#27;[39m Matched JSONWP error code 7 to NoSuchElementError
&amp#27;[35m[MJSONWP]&amp#27;[39m Encountered internal error running command: NoSuchElementError: An element could not be located on the page using the given search parameters.
&amp#27;[35m[MJSONWP]&amp#27;[39m     at AndroidUiautomator2Driver.callee$0$0$ (/usr/local/lib/node_modules/appium/node_modules/appium-android-driver/lib/commands/find.js:&amp#27;[35m[HTTP]75:11)
&amp#27;[35m[&amp#27;[39m &amp#27;[MJSONWP]&amp#27;[39m  37m<-   at t- POST /wd/hub/session/6c033502-fd88-4722-8b5b-92e91949d161/element &amp#27;[39m&amp#27;[31m500&amp#27;[39m &amp#27;[90ryCatch (/usr/local/lib/node_modules/m22 msappium/node_ - 164&amp#27;[39m
modules/babel-r&amp#27;[35m[HTTP]&amp#27;unti[39m &amp#27;[90m&amp#27;[39m
me/regenerator/runtime.js:67:40)
&amp#27;[35m[MJSONWP]&amp#27;[39m     at GeneratorFunctionPrototype.invoke [as _invoke] (/usr/local/lib/node_modules/appium/node_modules/babel-runtime/regenerator/runtime.js:315:22)
&amp#27;[35m[MJSONWP]&amp#27;[39m     at GeneratorFunctionPrototype.prototype.(anonymous function) [as throw] (/usr/local/lib/node_modules/appium/node_modules/babel-runtime/regenerator/runtime.js:100:21)
&amp#27;[35m[MJSONWP]&amp#27;[39m     at GeneratorFunctionPrototype.invoke (/usr/local/lib/node_modules/appium/node_modules/babel-runtime/regenerator/runtime.js:136:37)
&amp#27;[35m[HTTP]&amp#27;[39m &amp#27;[37m-->&amp#27;[39m &amp#27;[37mPOST&amp#27;[39m &amp#27;[37m/wd/hub/session/6c033502-fd88-4722-8b5b-92e91949d161/element&amp#27;[39m
&amp#27;[35m[HTTP]&amp#27;[39m &amp#27;[90m{"using":"id","value":"com.Slack:id/next_button_url_entry"}&amp#27;[39m
[debug] &amp#27;[35m[W3C]&amp#27;[39m Calling AppiumDriver.findElement() with args: ["id","com.Slack:id/next_button_url_entry","6c033502-fd88-4722-8b5b-92e91949d161"]
[debug] &amp#27;[35m[BaseDriver]&amp#27;[39m Valid locator strategies for this request: xpath, id, class name, accessibility id, -android uiautomator
[debug] &amp#27;[35m[BaseDriver]&amp#27;[39m Waiting up to 0 ms for condition
[debug] &amp#27;[35m[JSONWP Proxy]&amp#27;[39m Matched '/element' to command name 'findElement'
[debug] &amp#27;[35m[JSONWP Proxy]&amp#27;[39m Proxying [POST /element] to [POST http://localhost:8201/wd/hub/session/5a27c767-9791-4751-872d-2ed612cd606d/element] with body: {"strategy":"id","selector":"com.Slack:id/next_button_url_entry","context":"","multiple":false}
[debug] &amp#27;[35m[MJSONWP]&amp#27;[39m Matched JSONWP error code 7 to NoSuchElementError
&amp#27;[35m[MJSONWP]&amp#27;[39m Encountered internal error running command: NoSuchElementError: An element could not be located on the page using the given search parameters.
&amp#27;[35m[MJSONWP]&amp#27;[39m     at AndroidUiautomator2Driver.callee$0$0$ (/usr/local/lib/node_modules/&amp#27;[3appium/node_modules/appium-android-driver/lib/com5m[HTTP]&amp#27;[39mandsm /find.js&amp#27;[:75:11)
&amp#27;[35m[MJS37m<-- POST ONWP]&amp#27;[39m     at tryCatch (/usr/local/lib/node_modules/appium/node_modules/babel-runtime/regenerator/r/wuntime.js:67:40d/)
&amp#27;[35m[hub/sMJSONWP]&amp#27;[39mession/6c03     at3 GeneratorFunctionPro50totype.invoke [as _invoke] (/usr/local2-/lib/node_modules/appium/node_modules/babel-runtime/regenerator/runtime.js:315:22)
&amp#27;[35m[MJSONWP]&amp#27;[fd39m     at GeneratorFunctionProto88type.prototype.(anonymous function) [as throw] (/usr/local/lib/-4node_modules/appium/72node_mod2-8b5b-92e919ules4/babel-runtime/regenerator/runtime.js:109d161/el0:21)ement &amp#27;[3
&amp#27;[35m[MJSONWP]&amp#27;[39m     at Ge9mnerato&amp#27;[31m5rFunctionPrototype.invoke (/usr/local/lib/n00ode_modules/appium/no&amp#27;[de_modules/babel-runtime/regenerator/runtime.js:136:37)
39m &amp#27;[90m29 ms - 164&amp#27;[39m
&amp#27;[35m[HTTP]&amp#27;[39m &amp#27;[90m&amp#27;[39m
&amp#27;[35m[HTTP]&amp#27;[39m &amp#27;[37m-->&amp#27;[39m &amp#27;[37mPOST&amp#27;[39m &amp#27;[37m/wd/hub/session/6c033502-fd88-4722-8b5b-92e91949d161/element&amp#27;[39m
&amp#27;[35m[HTTP]&amp#27;[39m &amp#27;[90m{"using":"id","value":"com.Slack:id/next_button_url_entry"}&amp#27;[39m
[debug] &amp#27;[35m[W3C]&amp#27;[39m Calling AppiumDriver.findElement() with args: ["id","com.Slack:id/next_button_url_entry","6c033502-fd88-4722-8b5b-92e91949d161"]
[debug] &amp#27;[35m[BaseDriver]&amp#27;[39m Valid locator strategies for this request: xpath, id, class name, accessibility id, -android uiautomator
[debug] &amp#27;[35m[BaseDriver]&amp#27;[39m Waiting up to 0 ms for condition
[debug] &amp#27;[35m[JSONWP Proxy]&amp#27;[39m Matched '/element' to command name 'findElement'
[debug] &amp#27;[35m[JSONWP Proxy]&amp#27;[39m Proxying [POST /element] to [POST http://localhost:8201/wd/hub/session/5a27c767-9791-4751-872d-2ed612cd606d/element] with body: {"strategy":"id","selector":"com.Slack:id/next_button_url_entry","context":"","multiple":false}
[debug] &amp#27;[35m[MJSONWP]&amp#27;[39m Matched JSONWP error code 7 to NoSuchElementError
&amp#27;[35m[MJSONWP]&amp#27;[39m Encountered internal error running command: NoSuchElementError: An element could not be located on the page using the given search parameters.
&amp#27;[35m[MJSONWP]&amp#27;[39m     at AndroidUiautomator2Driver.callee$0$0$ (/usr/local/lib/node_modules/appium/node_modules/appium-android-driver/lib/commands/find.js:75:11)
&amp#27;[35m[MJSONWP]&amp#27;[39m     at tryCatch (/usr/loca&amp#27;[35m[HTl/lTP]&amp#27;[ib39m &amp#27;[37/nodm<-- POe_STmodules/appium/ /node_modwd/hules/babubel-runtime/reg/sesensieraton/6c0335or02-/rfdun88-4tim722-8be.js:67:40)
&amp#27;[35m[MJSON5b-92e91949d161/eleWP]&amp#27;[ment &amp#27;[39m&amp#27;[31m500&amp#27;[39m39m     at GeneratorFunctionPro &amp#27;[90m27 ms totype.invoke [as _invo- 164ke] (/usr/local/lib/nod&amp#27;[39m
e_&amp#27;[35m[HTTP]&amp#27;[39mmodul &amp#27;[90m&amp#27;[39m
es/appium/node_modules/babel-runtime/regenerator/runtime.js:315:22)
&amp#27;[35m[MJSONWP]&amp#27;[39m     at GeneratorFunctionPrototype.prototype.(anonymous function) [as throw] (/usr/local/lib/node_modules/appium/node_modules/babel-runtime/regenerator/runtime.js:100:21)
&amp#27;[35m[MJSONWP]&amp#27;[39m     at GeneratorFunctionPrototype.invoke (/usr/local/lib/node_modules/appium/node_modules/babel-runtime/regenerator/runtime.js:136:37)
&amp#27;[35m[HTTP]&amp#27;[39m &amp#27;[37m-->&amp#27;[39m &amp#27;[37mPOST&amp#27;[39m &amp#27;[37m/wd/hub/session/6c033502-fd88-4722-8b5b-92e91949d161/element&amp#27;[39m
&amp#27;[35m[HTTP]&amp#27;[39m &amp#27;[90m{"using":"id","value":"com.Slack:id/next_button_url_entry"}&amp#27;[39m
[debug] &amp#27;[35m[W3C]&amp#27;[39m Calling AppiumDriver.findElement() with args: ["id","com.Slack:id/next_button_url_entry","6c033502-fd88-4722-8b5b-92e91949d161"]
[debug] &amp#27;[35m[BaseDriver]&amp#27;[39m Valid locator strategies for this request: xpath, id, class name, accessibility id, -android uiautomator
[debug] &amp#27;[35m[BaseDriver]&amp#27;[39m Waiting up to 0 ms for condition
[debug] &amp#27;[35m[JSONWP Proxy]&amp#27;[39m Matched '/element' to command name 'findElement'
[debug] &amp#27;[35m[JSONWP Proxy]&amp#27;[39m Proxying [POST /element] to [POST http://localhost:8201/wd/hub/session/5a27c767-9791-4751-872d-2ed612cd606d/element] with body: {"strategy":"id","selector":"com.Slack:id/next_button_url_entry","context":"","multiple":false}
[debug] &amp#27;[35m[MJSONWP]&amp#27;[39m Matched JSONWP error code 7 to NoSuchElementError
&amp#27;[35m[MJSONWP]&amp#27;[39m Encountered internal error running command: NoSuchElementError: An element could not be located on the page using the given search parameters.
&amp#27;[35m[MJSONWP]&amp#27;[39m     at AndroidUiautomator2Driver.callee$0$0$ (/usr/local/lib/node_modules/appium/node_modules/appium-android-driver/lib/commands/find.js:75:11)
&amp#27;[35m[MJSONWP]&amp#27;[39m     at tryCatch (/&amp#27;us[35m[HTTr/local/lib/node_modules/appiPum/no]&amp#27;[39m de_&amp#27;[37m<modules-/ba- PObel-runtime/regenerator/runtime.js:67:40)
&amp#27;[35mST /[Mwd/hJSONWP]ub/s&amp#27;[39m     at ession/6cG03e3502ne-fd88-ratorFu47ncti22-8b5b-92onPrototype.invoe91ke9 [as _invoke] (/u49d161/sreleme/locant &amp#27;[l/39lib/nodem&amp#27;[31m500&amp#27;[39m_modu &amp#27;les/appium/n[9ode_modu0m23 mles/bs abel-runtime/r- 164&amp#27;eg[39enm
erator/ru&amp#27;[nt35ime.js:3m[HTTP]&amp#27;[39m &amp#27;[90m&amp#27;[1539m
:22)
&amp#27;[35m[MJSONWP]&amp#27;[39m     at GeneratorFunctionPrototype.prototype.(anonymous function) [as throw] (/usr/local/lib/node_modules/appium/node_modules/babel-runtime/regenerator/runtime.js:100:21)
&amp#27;[35m[MJSONWP]&amp#27;[39m     at GeneratorFunctionPrototype.invoke (/usr/local/lib/node_modules/appium/node_modules/babel-runtime/regenerator/runtime.js:136:37)
&amp#27;[35m[HTTP]&amp#27;[39m &amp#27;[37m-->&amp#27;[39m &amp#27;[37mPOST&amp#27;[39m &amp#27;[37m/wd/hub/session/6c033502-fd88-4722-8b5b-92e91949d161/element&amp#27;[39m
&amp#27;[35m[HTTP]&amp#27;[39m &amp#27;[90m{"using":"id","value":"com.Slack:id/next_button_url_entry"}&amp#27;[39m
[debug] &amp#27;[35m[W3C]&amp#27;[39m Calling AppiumDriver.findElement() with args: ["id","com.Slack:id/next_button_url_entry","6c033502-fd88-4722-8b5b-92e91949d161"]
[debug] &amp#27;[35m[BaseDriver]&amp#27;[39m Valid locator strategies for this request: xpath, id, class name, accessibility id, -android uiautomator
[debug] &amp#27;[35m[BaseDriver]&amp#27;[39m Waiting up to 0 ms for condition
[debug] &amp#27;[35m[JSONWP Proxy]&amp#27;[39m Matched '/element' to command name 'findElement'
[debug] &amp#27;[35m[JSONWP Proxy]&amp#27;[39m Proxying [POST /element] to [POST http://localhost:8201/wd/hub/session/5a27c767-9791-4751-872d-2ed612cd606d/element] with body: {"strategy":"id","selector":"com.Slack:id/next_button_url_entry","context":"","multiple":false}
[debug] &amp#27;[35m[MJSONWP]&amp#27;[39m Matched JSONWP error code 7 to NoSuchElementError
&amp#27;[35m[MJSONWP]&amp#27;[39m Encountered internal error running command: NoSuchElementError: An element could not be located on the page using the given search parameters.
&amp#27;[35m[MJSONWP]&amp#27;[39m     at AndroidUiautomator2Driver.callee$0$0$ (/usr/local/lib/node_modules/appium/node_modules/appium-android-driver/lib/comm&amp#27;[35m[Hands/find.jsT:75:TP]11&amp#27;[39)
m &amp#27;[37m<&amp#27;[-- P35m[MOST /JSONWP]&amp#27;[39m     wd/hub/seat tryssion/Ca6c033502-ftch (/usr/local/lib/node_modd88-472ules/app2-8b5b-92eium/node_modules/babel-runtime/regenerato91949d161/elemer/runtime.js:67:40)
&amp#27;[35m[MJSONWP]&amp#27;[39m n    at GeneratorFunctionPrototype.invoke [as _invoke] (/usr/loct &amp#27;[al39/lib/nodm&amp#27;[31m500&amp#27;[39m &amp#27;[9e_modules/appium/node_modules/babel-runtime/regenerator/runtime0m31 ms - 164&amp#27;[39m
&amp#27;[35m[HTTP]&amp#27;.js:[39m &amp#27;[9315:22)
&amp#27;[35m[MJSONWP]&amp#27;[39m     at0m&amp#27;[39m
 GeneratorFunctionPrototype.prototype.(anonymous function) [as throw] (/usr/local/lib/node_modules/appium/node_modules/babel-runtime/regenerator/runtime.js:100:21)
&amp#27;[35m[MJSONWP]&amp#27;[39m     at GeneratorFunctionPrototype.invoke (/usr/local/lib/node_modules/appium/node_modules/babel-runtime/regenerator/runtime.js:136:37)
&amp#27;[35m[HTTP]&amp#27;[39m &amp#27;[37m-->&amp#27;[39m &amp#27;[37mPOST&amp#27;[39m &amp#27;[37m/wd/hub/session/6c033502-fd88-4722-8b5b-92e91949d161/element&amp#27;[39m
&amp#27;[35m[HTTP]&amp#27;[39m &amp#27;[90m{"using":"id","value":"com.Slack:id/next_button_url_entry"}&amp#27;[39m
[debug] &amp#27;[35m[W3C]&amp#27;[39m Calling AppiumDriver.findElement() with args: ["id","com.Slack:id/next_button_url_entry","6c033502-fd88-4722-8b5b-92e91949d161"]
[debug] &amp#27;[35m[BaseDriver]&amp#27;[39m Valid locator strategies for this request: xpath, id, class name, accessibility id, -android uiautomator
[debug] &amp#27;[35m[BaseDriver]&amp#27;[39m Waiting up to 0 ms for condition
[debug] &amp#27;[35m[JSONWP Proxy]&amp#27;[39m Matched '/element' to command name 'findElement'
[debug] &amp#27;[35m[JSONWP Proxy]&amp#27;[39m Proxying [POST /element] to [POST http://localhost:8201/wd/hub/session/5a27c767-9791-4751-872d-2ed612cd606d/element] with body: {"strategy":"id","selector":"com.Slack:id/next_button_url_entry","context":"","multiple":false}
[debug] &amp#27;[35m[MJSONWP]&amp#27;[39m Matched JSONWP error code 7 to NoSuchElementError
&amp#27;[35m[MJSONWP]&amp#27;[39m Encountered internal error running command: NoSuchElementError: An element could not be located on the page using the given search parameters.
&amp#27;[35m[MJSONWP]&amp#27;[39m     at AndroidUiautomator2Driver.callee$0$0$ (/usr/local/lib/node_modules/appium/node_modules/app&amp#27;[35m[HTTP]&amp#27;[39m &amp#27;[37m<ium-android-- POST /-driver/wdli/hub/cob/session/6cmmands/find.js:75:1031)
&amp#27;[35m[MJSONWP]&amp#27;[39m     at t3502-fd88-47ryCat22ch (/us-8b5b-92e91949dr/local1/lib/n61/element od&amp#27;[39m&amp#27;[31me_modu50les/0&amp#27;[39m &amp#27;[90m27appium/nod me_modus - 1le64&amp#27;s/bab[39m
&amp#27;[3el-runtime/regenerator/runtime.js:67:40)
&amp#27;[35m[MJSONWP]&amp#27;[39m     at G5m[HeneraTTtorFP]&amp#27;[39unctionPrototype.invoke [m &amp#27;[90m&amp#27;[39m
as _invoke] (/usr/local/lib/node_modules/appium/node_modules/babel-runtime/regenerator/runtime.js:315:22)
&amp#27;[35m[MJSONWP]&amp#27;[39m     at GeneratorFunctionPrototype.prototype.(anonymous function) [as throw] (/usr/local/lib/node_modules/appium/node_modules/babel-runtime/regenerator/runtime.js:100:21)
&amp#27;[35m[MJSONWP]&amp#27;[39m     at GeneratorFunctionPrototype.invoke (/usr/local/lib/node_modules/appium/node_modules/babel-runtime/regenerator/runtime.js:136:37)
&amp#27;[35m[HTTP]&amp#27;[39m &amp#27;[37m-->&amp#27;[39m &amp#27;[37mPOST&amp#27;[39m &amp#27;[37m/wd/hub/session/6c033502-fd88-4722-8b5b-92e91949d161/element&amp#27;[39m
&amp#27;[35m[HTTP]&amp#27;[39m &amp#27;[90m{"using":"id","value":"com.Slack:id/next_button_url_entry"}&amp#27;[39m
[debug] &amp#27;[35m[W3C]&amp#27;[39m Calling AppiumDriver.findElement() with args: ["id","com.Slack:id/next_button_url_entry","6c033502-fd88-4722-8b5b-92e91949d161"]
[debug] &amp#27;[35m[BaseDriver]&amp#27;[39m Valid locator strategies for this request: xpath, id, class name, accessibility id, -android uiautomator
[debug] &amp#27;[35m[BaseDriver]&amp#27;[39m Waiting up to 0 ms for condition
[debug] &amp#27;[35m[JSONWP Proxy]&amp#27;[39m Matched '/element' to command name 'findElement'
[debug] &amp#27;[35m[JSONWP Proxy]&amp#27;[39m Proxying [POST /element] to [POST http://localhost:8201/wd/hub/session/5a27c767-9791-4751-872d-2ed612cd606d/element] with body: {"strategy":"id","selector":"com.Slack:id/next_button_url_entry","context":"","multiple":false}
[debug] &amp#27;[35m[MJSONWP]&amp#27;[39m Matched JSONWP error code 7 to NoSuchElementError
&amp#27;[35m[MJSONWP]&amp#27;[39m Encountered internal error running command: NoSuchElementError: An element could not be located on the page using the given search parameters.
&amp#27;[35m[MJSONWP]&amp#27;[39m     at AndroidUiautomator2Driver.callee$0$0$ (/usr/local/lib/node_modules/appium/node_modules/appium-android-driver/lib/commands/find.js:75:11)
&amp#27;[35m[MJSONWP]&amp#27;[39m     at tryCatc&amp#27;h[35m[HTTP]&amp#27;[ (/usr39m &amp#27;[37m/l<-- Pocal/lOSib/nT /wd/ode_moduhub/sesles/siaponpium/6/nodec0_m3350od2-fd8ules/bab8el--4722-8b5b-92e9run1949d161time/r/elemeegenerator/runt &amp#27;[ntime.js:67:4390)
m&amp#27;[31&amp#27;[35m[Mm5JSONW00P]&amp#27;[&amp#27;[39m &amp#27;[90m22 ms -39m 164&amp#27;    [3 at Gener9mat
o&amp#27;[35m[HTrFunctionPrototyTP]&amp#27;[39pm &amp#27;[90me.i&amp#27;[3nv9moke
 [as _invoke] (/usr/local/lib/node_modules/appium/node_modules/babel-runtime/regenerator/runtime.js:315:22)
&amp#27;[35m[MJSONWP]&amp#27;[39m     at GeneratorFunctionPrototype.prototype.(anonymous function) [as throw] (/usr/local/lib/node_modules/appium/node_modules/babel-runtime/regenerator/runtime.js:100:21)
&amp#27;[35m[MJSONWP]&amp#27;[39m     at GeneratorFunctionPrototype.invoke (/usr/local/lib/node_modules/appium/node_modules/babel-runtime/regenerator/runtime.js:136:37)
&amp#27;[35m[HTTP]&amp#27;[39m &amp#27;[37m-->&amp#27;[39m &amp#27;[37mPOST&amp#27;[39m &amp#27;[37m/wd/hub/session/6c033502-fd88-4722-8b5b-92e91949d161/element&amp#27;[39m
&amp#27;[35m[HTTP]&amp#27;[39m &amp#27;[90m{"using":"id","value":"com.Slack:id/next_button_url_entry"}&amp#27;[39m
[debug] &amp#27;[35m[W3C]&amp#27;[39m Calling AppiumDriver.findElement() with args: ["id","com.Slack:id/next_button_url_entry","6c033502-fd88-4722-8b5b-92e91949d161"]
[debug] &amp#27;[35m[BaseDriver]&amp#27;[39m Valid locator strategies for this request: xpath, id, class name, accessibility id, -android uiautomator
[debug] &amp#27;[35m[BaseDriver]&amp#27;[39m Waiting up to 0 ms for condition
[debug] &amp#27;[35m[JSONWP Proxy]&amp#27;[39m Matched '/element' to command name 'findElement'
[debug] &amp#27;[35m[JSONWP Proxy]&amp#27;[39m Proxying [POST /element] to [POST http://localhost:8201/wd/hub/session/5a27c767-9791-4751-872d-2ed612cd606d/element] with body: {"strategy":"id","selector":"com.Slack:id/next_button_url_entry","context":"","multiple":false}
[debug] &amp#27;[35m[MJSONWP]&amp#27;[39m Matched JSONWP error code 7 to NoSuchElementError
&amp#27;[35m[MJSONWP]&amp#27;[39m Encountered internal error running command: NoSuchElementError: An element could not be located on the page using the given search parameters.
&amp#27;[35m[MJSONWP]&amp#27;[39m     at AndroidUiautomator2Driver.callee$0$0$ (/usr/local/lib/node_modules/appium/node_modules/appium-android-driver/lib/commands/find.js:7&amp#27;[5:35m[HT11)
&amp#27;[3TP]&amp#27;[39m &amp#27;[37m<-- POST /wd/h5m[ub/session/6c033502-fd88-4722-8b5bM-92e91949d161/element &amp#27;[39m&amp#27;[31m500&amp#27;[39m &amp#27;[90mJS17 ms - 164&amp#27;[39m
ONW&amp#27;[35mP][HT&amp#27;[TP]&amp#27;3[39m9m   &amp#27;   at try[90Catcm&amp#27;[39m
h (/usr/local/lib/node_modules/appium/node_modules/babel-runtime/regenerator/runtime.js:67:40)
&amp#27;[35m[MJSONWP]&amp#27;[39m     at GeneratorFunctionPrototype.invoke [as _invoke] (/usr/local/lib/node_modules/appium/node_modules/babel-runtime/regenerator/runtime.js:315:22)
&amp#27;[35m[MJSONWP]&amp#27;[39m     at GeneratorFunctionPrototype.prototype.(anonymous function) [as throw] (/usr/local/lib/node_modules/appium/node_modules/babel-runtime/regenerator/runtime.js:100:21)
&amp#27;[35m[MJSONWP]&amp#27;[39m     at GeneratorFunctionPrototype.invoke (/usr/local/lib/node_modules/appium/node_modules/babel-runtime/regenerator/runtime.js:136:37)
&amp#27;[35m[HTTP]&amp#27;[39m &amp#27;[37m-->&amp#27;[39m &amp#27;[37mPOST&amp#27;[39m &amp#27;[37m/wd/hub/session/6c033502-fd88-4722-8b5b-92e91949d161/element&amp#27;[39m
&amp#27;[35m[HTTP]&amp#27;[39m &amp#27;[90m{"using":"id","value":"com.Slack:id/next_button_url_entry"}&amp#27;[39m
[debug] &amp#27;[35m[W3C]&amp#27;[39m Calling AppiumDriver.findElement() with args: ["id","com.Slack:id/next_button_url_entry","6c033502-fd88-4722-8b5b-92e91949d161"]
[debug] &amp#27;[35m[BaseDriver]&amp#27;[39m Valid locator strategies for this request: xpath, id, class name, accessibility id, -android uiautomator
[debug] &amp#27;[35m[BaseDriver]&amp#27;[39m Waiting up to 0 ms for condition
[debug] &amp#27;[35m[JSONWP Proxy]&amp#27;[39m Matched '/element' to command name 'findElement'
[debug] &amp#27;[35m[JSONWP Proxy]&amp#27;[39m Proxying [POST /element] to [POST http://localhost:8201/wd/hub/session/5a27c767-9791-4751-872d-2ed612cd606d/element] with body: {"strategy":"id","selector":"com.Slack:id/next_button_url_entry","context":"","multiple":false}
[debug] &amp#27;[35m[MJSONWP]&amp#27;[39m Matched JSONWP error code 7 to NoSuchElementError
&amp#27;[35m[MJSONWP]&amp#27;[39m Encountered internal error running command: NoSuchElementError: An element could not be located on the page using the given search parameters.
&amp#27;[35m[MJSONWP]&amp#27;[39m     at AndroidUiautomator2Driver.callee$0$0$ (/usr/local/lib/node&amp#27;[35m[HTTP]&amp#27;[_module39s/m &amp#27;[app37ium/nom<-- de_moPOSTdules/ /wd/happium-android-ubdriver/lib//scommanesds/finsiond.js:75:11)
&amp#27;/6[35m[MJSONWc033502P]&amp#27;-f[3d88-4722-89m     at tryb5bCatch (/u-92sr/e91949d161/elemenloct &amp#27;[39m&amp#27;[31m500&amp#27;[al/lib/39m &amp#27;[90nm23 ode_ms - modules/appium/n164od&amp#27;[3e_modules/ba9m
bel-runtime/regene&amp#27;[35m[HTTraP]&amp#27;[tor/ru39ntime.js:67:40)m &amp#27;[90m&amp#27;
&amp#27;[35m[3[MJ9mSONWP]&amp#27;
[39m     at GeneratorFunctionPrototype.invoke [as _invoke] (/usr/local/lib/node_modules/appium/node_modules/babel-runtime/regenerator/runtime.js:315:22)
&amp#27;[35m[MJSONWP]&amp#27;[39m     at GeneratorFunctionPrototype.prototype.(anonymous function) [as throw] (/usr/local/lib/node_modules/appium/node_modules/babel-runtime/regenerator/runtime.js:100:21)
&amp#27;[35m[MJSONWP]&amp#27;[39m     at GeneratorFunctionPrototype.invoke (/usr/local/lib/node_modules/appium/node_modules/babel-runtime/regenerator/runtime.js:136:37)
&amp#27;[35m[HTTP]&amp#27;[39m &amp#27;[37m-->&amp#27;[39m &amp#27;[37mPOST&amp#27;[39m &amp#27;[37m/wd/hub/session/6c033502-fd88-4722-8b5b-92e91949d161/element&amp#27;[39m
&amp#27;[35m[HTTP]&amp#27;[39m &amp#27;[90m{"using":"id","value":"com.Slack:id/next_button_url_entry"}&amp#27;[39m
[debug] &amp#27;[35m[W3C]&amp#27;[39m Calling AppiumDriver.findElement() with args: ["id","com.Slack:id/next_button_url_entry","6c033502-fd88-4722-8b5b-92e91949d161"]
[debug] &amp#27;[35m[BaseDriver]&amp#27;[39m Valid locator strategies for this request: xpath, id, class name, accessibility id, -android uiautomator
[debug] &amp#27;[35m[BaseDriver]&amp#27;[39m Waiting up to 0 ms for condition
[debug] &amp#27;[35m[JSONWP Proxy]&amp#27;[39m Matched '/element' to command name 'findElement'
[debug] &amp#27;[35m[JSONWP Proxy]&amp#27;[39m Proxying [POST /element] to [POST http://localhost:8201/wd/hub/session/5a27c767-9791-4751-872d-2ed612cd606d/element] with body: {"strategy":"id","selector":"com.Slack:id/next_button_url_entry","context":"","multiple":false}
[debug] &amp#27;[35m[MJSONWP]&amp#27;[39m Matched JSONWP error code 7 to NoSuchElementError
&amp#27;[35m[MJSONWP]&amp#27;[39m Encountered internal error running command: NoSuchElementError: An element could not be located on the page using the given search parame&amp#27;[35m[HTTP]&amp#27;[39m &amp#27;[37m<-- POST /wd/hters.
ub/session/6c033502&amp#27;[35-fd88-4722-8b5b-92e91949d161/element &amp#27;[39m&amp#27;[m[MJSONWP31m500&amp#27;[39m &amp#27;[90m23 ms - 164&amp#27;[39m
&amp#27;[35m[HTTP]&amp#27;[39m &amp#27;[90m&amp#27;[3]&amp#27;[9m
39m     at AndroidUiautomator2Driver.callee$0$0$ (/usr/local/lib/node_modules/appium/node_modules/appium-android-driver/lib/commands/find.js:75:11)
&amp#27;[35m[MJSONWP]&amp#27;[39m     at tryCatch (/usr/local/lib/node_modules/appium/node_modules/babel-runtime/regenerator/runtime.js:67:40)
&amp#27;[35m[MJSONWP]&amp#27;[39m     at GeneratorFunctionPrototype.invoke [as _invoke] (/usr/local/lib/node_modules/appium/node_modules/babel-runtime/regenerator/runtime.js:315:22)
&amp#27;[35m[MJSONWP]&amp#27;[39m     at GeneratorFunctionPrototype.prototype.(anonymous function) [as throw] (/usr/local/lib/node_modules/appium/node_modules/babel-runtime/regenerator/runtime.js:100:21)
&amp#27;[35m[MJSONWP]&amp#27;[39m     at GeneratorFunctionPrototype.invoke (/usr/local/lib/node_modules/appium/node_modules/babel-runtime/regenerator/runtime.js:136:37)
&amp#27;[35m[HTTP]&amp#27;[39m &amp#27;[37m-->&amp#27;[39m &amp#27;[37mPOST&amp#27;[39m &amp#27;[37m/wd/hub/session/6c033502-fd88-4722-8b5b-92e91949d161/element&amp#27;[39m
&amp#27;[35m[HTTP]&amp#27;[39m &amp#27;[90m{"using":"id","value":"com.Slack:id/next_button_url_entry"}&amp#27;[39m
[debug] &amp#27;[35m[W3C]&amp#27;[39m Calling AppiumDriver.findElement() with args: ["id","com.Slack:id/next_button_url_entry","6c033502-fd88-4722-8b5b-92e91949d161"]
[debug] &amp#27;[35m[BaseDriver]&amp#27;[39m Valid locator strategies for this request: xpath, id, class name, accessibility id, -android uiautomator
[debug] &amp#27;[35m[BaseDriver]&amp#27;[39m Waiting up to 0 ms for condition
[debug] &amp#27;[35m[JSONWP Proxy]&amp#27;[39m Matched '/element' to command name 'findElement'
[debug] &amp#27;[35m[JSONWP Proxy]&amp#27;[39m Proxying [POST /element] to [POST http://localhost:8201/wd/hub/session/5a27c767-9791-4751-872d-2ed612cd606d/element] with body: {"strategy":"id","selector":"com.Slack:id/next_button_url_entry","context":"","multiple":false}
[debug] &amp#27;[35m[MJSONWP]&amp#27;[39m Matched JSONWP error code 7 to NoSuchElementError
&amp#27;[35m[MJSONWP]&amp#27;[39m Encountered internal error running command: NoSuchElementError: An element could not be located on the page using the given search parameters.
&amp#27;[35m[MJSONWP]&amp#27;[39m     at AndroidUiautomat&amp#27;[35m[orHTTP]&amp#27;[39m 2Dr&amp#27;[37mive<-- Pr.callee$0OS$0T /wd/hub$ /session/6c033502-fd88-4722-(/us8b5r/b-92e9194lo9d161/calelem/lib/node_moent &amp#27;[39m&amp#27;[31m500&amp#27;[39m &amp#27;[90m27 mdules/appis - 164&amp#27;[39m
um&amp#27;[35/node_mom[HTTP]&amp#27;[3dul9m &amp#27;[es/a90m&amp#27;ppium[39m
-android-driver/lib/commands/find.js:75:11)
&amp#27;[35m[MJSONWP]&amp#27;[39m     at tryCatch (/usr/local/lib/node_modules/appium/node_modules/babel-runtime/regenerator/runtime.js:67:40)
&amp#27;[35m[MJSONWP]&amp#27;[39m     at GeneratorFunctionPrototype.invoke [as _invoke] (/usr/local/lib/node_modules/appium/node_modules/babel-runtime/regenerator/runtime.js:315:22)
&amp#27;[35m[MJSONWP]&amp#27;[39m     at GeneratorFunctionPrototype.prototype.(anonymous function) [as throw] (/usr/local/lib/node_modules/appium/node_modules/babel-runtime/regenerator/runtime.js:100:21)
&amp#27;[35m[MJSONWP]&amp#27;[39m     at GeneratorFunctionPrototype.invoke (/usr/local/lib/node_modules/appium/node_modules/babel-runtime/regenerator/runtime.js:136:37)
&amp#27;[35m[HTTP]&amp#27;[39m &amp#27;[37m-->&amp#27;[39m &amp#27;[37mPOST&amp#27;[39m &amp#27;[37m/wd/hub/session/6c033502-fd88-4722-8b5b-92e91949d161/element&amp#27;[39m
&amp#27;[35m[HTTP]&amp#27;[39m &amp#27;[90m{"using":"id","value":"com.Slack:id/next_button_url_entry"}&amp#27;[39m
[debug] &amp#27;[35m[W3C]&amp#27;[39m Calling AppiumDriver.findElement() with args: ["id","com.Slack:id/next_button_url_entry","6c033502-fd88-4722-8b5b-92e91949d161"]
[debug] &amp#27;[35m[BaseDriver]&amp#27;[39m Valid locator strategies for this request: xpath, id, class name, accessibility id, -android uiautomator
[debug] &amp#27;[35m[BaseDriver]&amp#27;[39m Waiting up to 0 ms for condition
[debug] &amp#27;[35m[JSONWP Proxy]&amp#27;[39m Matched '/element' to command name 'findElement'
[debug] &amp#27;[35m[JSONWP Proxy]&amp#27;[39m Proxying [POST /element] to [POST http://localhost:8201/wd/hub/session/5a27c767-9791-4751-872d-2ed612cd606d/element] with body: {"strategy":"id","selector":"com.Slack:id/next_button_url_entry","context":"","multiple":false}
[debug] &amp#27;[35m[MJSONWP]&amp#27;[39m Matched JSONWP error code 7 to NoSuchElementError
&amp#27;[35m[MJSONWP]&amp#27;[39m Encountered internal error running command: NoSuchElementError: An element could not be located on the page using the given search parameters.
&amp#27;[35m[MJSONWP]&amp#27;[39m     at AndroidUiautomator2Driver.callee$0$0$ (/usr/local/lib/node_modules/appium/node_modules/appium-android-driver/lib/commands/find.js:75:11)
&amp#27;[35m[MJSONWP]&amp#27;[39m     at tryCatch (/usr/local/lib/node_modules/appium/node_modules/babel-runtime/regenerator/runtime.js:67:40)
&amp#27;[35m[MJSONWP]&amp#27;[39m     at GeneratorFunctionPrototype.invoke [as _invoke] (/usr/local/lib/node_modules/appium/node_modules/babel-runtime/regenerator/runtime.js:315:22)
&amp#27;[35m[MJSONWP]&amp#27;[39m     at GeneratorFunctionPrototype.prototype.(anonymous function) [as throw] (/usr/local/lib/node_modules/appium/node_modules/babel-runtime/regenerator/runtime.js:100:21)
&amp#27;[35m[MJSONWP]&amp#27;[39m     at GeneratorFunctionPrototype.invoke (/usr/local/lib/node_modules/appium/node_modules/babel-runtime/regenerator/runtime.js:136:37)
&amp#27;[35m[HTTP]&amp#27;[39m &amp#27;[37m<-- POST /wd/hub/session/6c033502-fd88-4722-8b5b-92e91949d161/element &amp#27;[39m&amp#27;[31m500&amp#27;[39m &amp#27;[90m26 ms - 164&amp#27;[39m
&amp#27;[35m[HTTP]&amp#27;[39m &amp#27;[90m&amp#27;[39m
&amp#27;[35m[HTTP]&amp#27;[39m &amp#27;[37m-->&amp#27;[39m &amp#27;[37mPOST&amp#27;[39m &amp#27;[37m/wd/hub/session/6c033502-fd88-4722-8b5b-92e91949d161/element&amp#27;[39m
&amp#27;[35m[HTTP]&amp#27;[39m &amp#27;[90m{"using":"id","value":"com.Slack:id/next_button_url_entry"}&amp#27;[39m
[debug] &amp#27;[35m[W3C]&amp#27;[39m Calling AppiumDriver.findElement() with args: ["id","com.Slack:id/next_button_url_entry","6c033502-fd88-4722-8b5b-92e91949d161"]
[debug] &amp#27;[35m[BaseDriver]&amp#27;[39m Valid locator strategies for this request: xpath, id, class name, accessibility id, -android uiautomator
[debug] &amp#27;[35m[BaseDriver]&amp#27;[39m Waiting up to 0 ms for condition
[debug] &amp#27;[35m[JSONWP Proxy]&amp#27;[39m Matched '/element' to command name 'findElement'
[debug] &amp#27;[35m[JSONWP Proxy]&amp#27;[39m Proxying [POST /element] to [POST http://localhost:8201/wd/hub/session/5a27c767-9791-4751-872d-2ed612cd606d/element] with body: {"strategy":"id","selector":"com.Slack:id/next_button_url_entry","context":"","multiple":false}
[debug] &amp#27;[35m[MJSONWP]&amp#27;[39m Matched JSONWP error code 7 to NoSuchElementError
&amp#27;[35m[MJSONWP]&amp#27;[39m Encountered internal error running command: NoSuchElementError: An element could not be located on the page using the given search parameters.
&amp#27;[35m[MJSONWP]&amp#27;[39m     at AndroidUiautomator2Driver.callee$0$0$ (/usr/local/lib/node_modules/appium/node_modules/appium-android-driver/li&amp#27;[35m[Hb/TTcoP]mm&amp#27;[ands/fi39m &amp#27;[nd37.jsm<:75:11)
&amp#27;-- P[35mOST[MJSONWP]&amp#27;[39m    /  wdat tryCa/htch (ub/session/us/6c033502-r/local/lib/nodefd8_module8-4722-8b5b-92e9s/ap1949d16pi1/eum/nleode_modules/babelment -r&amp#27;[39m&amp#27;[31m500&amp#27;[un39mti &amp#27;[90m27 ms - 1me/64&amp#27;[regen39m
erator/&amp#27;[35m[runtHTTP]ime.j&amp#27;[39m &amp#27;[s:67:4900)
&amp#27;m&amp#27;[3[35m[MJSONWP]&amp#27;9m[39m  
   at GeneratorFunctionPrototype.invoke [as _invoke] (/usr/local/lib/node_modules/appium/node_modules/babel-runtime/regenerator/runtime.js:315:22)
&amp#27;[35m[MJSONWP]&amp#27;[39m     at GeneratorFunctionPrototype.prototype.(anonymous function) [as throw] (/usr/local/lib/node_modules/appium/node_modules/babel-runtime/regenerator/runtime.js:100:21)
&amp#27;[35m[MJSONWP]&amp#27;[39m     at GeneratorFunctionPrototype.invoke (/usr/local/lib/node_modules/appium/node_modules/babel-runtime/regenerator/runtime.js:136:37)
&amp#27;[35m[HTTP]&amp#27;[39m &amp#27;[37m-->&amp#27;[39m &amp#27;[37mPOST&amp#27;[39m &amp#27;[37m/wd/hub/session/6c033502-fd88-4722-8b5b-92e91949d161/element&amp#27;[39m
&amp#27;[35m[HTTP]&amp#27;[39m &amp#27;[90m{"using":"id","value":"com.Slack:id/next_button_url_entry"}&amp#27;[39m
[debug] &amp#27;[35m[W3C]&amp#27;[39m Calling AppiumDriver.findElement() with args: ["id","com.Slack:id/next_button_url_entry","6c033502-fd88-4722-8b5b-92e91949d161"]
[debug] &amp#27;[35m[BaseDriver]&amp#27;[39m Valid locator strategies for this request: xpath, id, class name, accessibility id, -android uiautomator
[debug] &amp#27;[35m[BaseDriver]&amp#27;[39m Waiting up to 0 ms for condition
[debug] &amp#27;[35m[JSONWP Proxy]&amp#27;[39m Matched '/element' to command name 'findElement'
[debug] &amp#27;[35m[JSONWP Proxy]&amp#27;[39m Proxying [POST /element] to [POST http://localhost:8201/wd/hub/session/5a27c767-9791-4751-872d-2ed612cd606d/element] with body: {"strategy":"id","selector":"com.Slack:id/next_button_url_entry","context":"","multiple":false}
[debug] &amp#27;[35m[MJSONWP]&amp#27;[39m Matched JSONWP error code 7 to NoSuchElementError
&amp#27;[35m[MJSONWP]&amp#27;[39m Encountered internal error running command: NoSuchElementError: An element could not be located on the page using the given search parameters.
&amp#27;[35m[MJSONWP]&amp#27;[39m     at AndroidUiautomator2Driver.callee$0$0$ (/usr/local/lib/node_modules/appium/node_modules/appium-android-driver/lib/commands/find.js:75:11)
&amp#27;[35m[MJSONWP]&amp#27;[39m     at tryCatch (/usr/loca&amp#27;[l/lib/35nodm[HTTP]&amp#27;e_modul[3es/a9mpp &amp#27;iu[37m<m/no--de POS_mT /wodules/bad/hub/sesbesion/6c0335l-runti02-fd88-472me2-8b5b-92e91/r949d1eg61enerator/runtime.j/elems:en67t &amp#27;[3:49m&amp#27;[30)1m
50&amp#27;[0&amp#27;[335m[M9m &amp#27;[90mJSONWP]22 ms &amp#27;[39m- 16    4&amp#27; at[39m
 Gene&amp#27;[ratorFunctionPrototyp35m[e.invoke [aHTTs P]&amp#27;_in[3voke] (/usr/local/li9m &amp#27;[90b/m&amp#27;[39mnode_
modules/appium/node_modules/babel-runtime/regenerator/runtime.js:315:22)
&amp#27;[35m[MJSONWP]&amp#27;[39m     at GeneratorFunctionPrototype.prototype.(anonymous function) [as throw] (/usr/local/lib/node_modules/appium/node_modules/babel-runtime/regenerator/runtime.js:100:21)
&amp#27;[35m[MJSONWP]&amp#27;[39m     at GeneratorFunctionPrototype.invoke (/usr/local/lib/node_modules/appium/node_modules/babel-runtime/regenerator/runtime.js:136:37)
&amp#27;[35m[HTTP]&amp#27;[39m &amp#27;[37m-->&amp#27;[39m &amp#27;[37mPOST&amp#27;[39m &amp#27;[37m/wd/hub/session/6c033502-fd88-4722-8b5b-92e91949d161/element&amp#27;[39m
&amp#27;[35m[HTTP]&amp#27;[39m &amp#27;[90m{"using":"id","value":"com.Slack:id/next_button_url_entry"}&amp#27;[39m
[debug] &amp#27;[35m[W3C]&amp#27;[39m Calling AppiumDriver.findElement() with args: ["id","com.Slack:id/next_button_url_entry","6c033502-fd88-4722-8b5b-92e91949d161"]
[debug] &amp#27;[35m[BaseDriver]&amp#27;[39m Valid locator strategies for this request: xpath, id, class name, accessibility id, -android uiautomator
[debug] &amp#27;[35m[BaseDriver]&amp#27;[39m Waiting up to 0 ms for condition
[debug] &amp#27;[35m[JSONWP Proxy]&amp#27;[39m Matched '/element' to command name 'findElement'
[debug] &amp#27;[35m[JSONWP Proxy]&amp#27;[39m Proxying [POST /element] to [POST http://localhost:8201/wd/hub/session/5a27c767-9791-4751-872d-2ed612cd606d/element] with body: {"strategy":"id","selector":"com.Slack:id/next_button_url_entry","context":"","multiple":false}
[debug] &amp#27;[35m[MJSONWP]&amp#27;[39m Matched JSONWP error code 7 to NoSuchElementError
&amp#27;[35m[MJSONWP]&amp#27;[39m Encountered internal error running command: NoSuchElementError: An element could not be located on the page using the given search parameters.
&amp#27;[35m[MJSONWP]&amp#27;[39m     at AndroidUiautomator2Driver.callee$0$0$ (/usr/local/lib/node_modules/appium/node_modules/appium-android-driver/lib/commands/find.js:75:11)
&amp#27;[35m[MJSONWP]&amp#27;[39m     at tryCatch (/usr/local/lib/node_modules/appium/node_modules/babel-runtime/regenerator/runtime.js:67:40)
&amp#27;[35m[M&amp#27;[35m[JHTSONWP]&amp#27;[TP39m     a]&amp#27;t [3Gene9mratorFunctionPrototy &amp#27;[pe.37m<-- PinOST /wd/hub/svoke [aess _sionin/6vokc03350e]2-fd (/u88-47sr/loc22-8b5b-92e91949al/ld161ib/n/eode_mleodmeulesnt/a &amp#27;[39m&amp#27;ppium/node_mod[31m5ules/babel-runtime/rege00&amp#27;[3nerat9m &amp#27;or/run[90time.js:3m26 m15:22)
&amp#27;[35m[MJSONWP]&amp#27;[39m     at Gens -eratorFunction 164&amp#27;[3Prot9m
otype&amp#27;[35m[HTTP.p]&amp#27;[rot39otype.(anonymous function) [am &amp#27;[9s 0m&amp#27;[39m
throw] (/usr/local/lib/node_modules/appium/node_modules/babel-runtime/regenerator/runtime.js:100:21)
&amp#27;[35m[MJSONWP]&amp#27;[39m     at GeneratorFunctionPrototype.invoke (/usr/local/lib/node_modules/appium/node_modules/babel-runtime/regenerator/runtime.js:136:37)
&amp#27;[35m[HTTP]&amp#27;[39m &amp#27;[37m-->&amp#27;[39m &amp#27;[37mPOST&amp#27;[39m &amp#27;[37m/wd/hub/session/6c033502-fd88-4722-8b5b-92e91949d161/element&amp#27;[39m
&amp#27;[35m[HTTP]&amp#27;[39m &amp#27;[90m{"using":"id","value":"com.Slack:id/next_button_url_entry"}&amp#27;[39m
[debug] &amp#27;[35m[W3C]&amp#27;[39m Calling AppiumDriver.findElement() with args: ["id","com.Slack:id/next_button_url_entry","6c033502-fd88-4722-8b5b-92e91949d161"]
[debug] &amp#27;[35m[BaseDriver]&amp#27;[39m Valid locator strategies for this request: xpath, id, class name, accessibility id, -android uiautomator
[debug] &amp#27;[35m[BaseDriver]&amp#27;[39m Waiting up to 0 ms for condition
[debug] &amp#27;[35m[JSONWP Proxy]&amp#27;[39m Matched '/element' to command name 'findElement'
[debug] &amp#27;[35m[JSONWP Proxy]&amp#27;[39m Proxying [POST /element] to [POST http://localhost:8201/wd/hub/session/5a27c767-9791-4751-872d-2ed612cd606d/element] with body: {"strategy":"id","selector":"com.Slack:id/next_button_url_entry","context":"","multiple":false}
[debug] &amp#27;[35m[MJSONWP]&amp#27;[39m Matched JSONWP error code 7 to NoSuchElementError
&amp#27;[35m[MJSONWP]&amp#27;[39m Encountered internal error running command: NoSuchElementError: An element could not be located on the page using the given search parameters.
&amp#27;[35m[MJSONWP]&amp#27;[35&amp#27;[39m     atm[HT AndrTP]oidUiautomator2Driver.cal&amp#27;[39lee$0$m &amp#27;[370$ (/usm<r/-- POST /wd/hulob/cal/libses/node_siomon/6cdules/03ap35pium/node_mod02ules/ap-fd88pium--4android-722-8b5b-92drive9er/1949d1lib/comm61/eleandsme/fint &amp#27;[39m&amp#27;[31m500&amp#27;[39m &amp#27;[90nm21 ms - 1d.js:75:11)
64&amp#27;[39m
&amp#27;[35m[MJSONW&amp#27;[35m[HP]&amp#27;[39m   TTP]&amp#27;[3  at t9m &amp#27;[9ryCatch0m (/usr/local/lib/node_modules/appium/&amp#27;[39node_modules/babel-runm
time/regenerator/runtime.js:67:40)
&amp#27;[35m[MJSONWP]&amp#27;[39m     at GeneratorFunctionPrototype.invoke [as _invoke] (/usr/local/lib/node_modules/appium/node_modules/babel-runtime/regenerator/runtime.js:315:22)
&amp#27;[35m[MJSONWP]&amp#27;[39m     at GeneratorFunctionPrototype.prototype.(anonymous function) [as throw] (/usr/local/lib/node_modules/appium/node_modules/babel-runtime/regenerator/runtime.js:100:21)
&amp#27;[35m[MJSONWP]&amp#27;[39m     at GeneratorFunctionPrototype.invoke (/usr/local/lib/node_modules/appium/node_modules/babel-runtime/regenerator/runtime.js:136:37)
&amp#27;[35m[HTTP]&amp#27;[39m &amp#27;[37m-->&amp#27;[39m &amp#27;[37mPOST&amp#27;[39m &amp#27;[37m/wd/hub/session/6c033502-fd88-4722-8b5b-92e91949d161/element&amp#27;[39m
&amp#27;[35m[HTTP]&amp#27;[39m &amp#27;[90m{"using":"id","value":"com.Slack:id/next_button_url_entry"}&amp#27;[39m
[debug] &amp#27;[35m[W3C]&amp#27;[39m Calling AppiumDriver.findElement() with args: ["id","com.Slack:id/next_button_url_entry","6c033502-fd88-4722-8b5b-92e91949d161"]
[debug] &amp#27;[35m[BaseDriver]&amp#27;[39m Valid locator strategies for this request: xpath, id, class name, accessibility id, -android uiautomator
[debug] &amp#27;[35m[BaseDriver]&amp#27;[39m Waiting up to 0 ms for condition
[debug] &amp#27;[35m[JSONWP Proxy]&amp#27;[39m Matched '/element' to command name 'findElement'
[debug] &amp#27;[35m[JSONWP Proxy]&amp#27;[39m Proxying [POST /element] to [POST http://localhost:8201/wd/hub/session/5a27c767-9791-4751-872d-2ed612cd606d/element] with body: {"strategy":"id","selector":"com.Slack:id/next_button_url_entry","context":"","multiple":false}
[debug] &amp#27;[35m[MJSONWP]&amp#27;[39m Matched JSONWP error code 7 to NoSuchElementError
&amp#27;[35m[MJSONWP]&amp#27;[39m Encountered internal error running command: NoSuchElementError: An element could not be located on the page using the given search parameters.
&amp#27;[35m[MJSONWP]&amp#27;[39m     at AndroidUiautomator2Driver.callee$0$0$ (/usr/local/lib/node_modules/appium/node_modules/appium-and&amp#27;[35m[HTTP]&amp#27;[39m &amp#27;[37m<-- POST roid-/wd/hub/sesdrivesionr/lib/commands/f/6cind.03350js:75:12-f1)
&amp#27;[35m[MJd88-4722-SON8b5b-9WP]2e&amp#27;[39m 919  49  d161/element &amp#27;[39m&amp#27;[31mat500&amp#27;[39m &amp#27;[90m20 t ms - ryCatch 164(/u&amp#27;[sr39/lm
oca&amp#27;[l/35mlib/no[HTTde_modP]&amp#27;[39m ul&amp#27;[90mes&amp#27;[39m
/appium/node_modules/babel-runtime/regenerator/runtime.js:67:40)
&amp#27;[35m[MJSONWP]&amp#27;[39m     at GeneratorFunctionPrototype.invoke [as _invoke] (/usr/local/lib/node_modules/appium/node_modules/babel-runtime/regenerator/runtime.js:315:22)
&amp#27;[35m[MJSONWP]&amp#27;[39m     at GeneratorFunctionPrototype.prototype.(anonymous function) [as throw] (/usr/local/lib/node_modules/appium/node_modules/babel-runtime/regenerator/runtime.js:100:21)
&amp#27;[35m[MJSONWP]&amp#27;[39m     at GeneratorFunctionPrototype.invoke (/usr/local/lib/node_modules/appium/node_modules/babel-runtime/regenerator/runtime.js:136:37)
&amp#27;[35m[HTTP]&amp#27;[39m &amp#27;[37m-->&amp#27;[39m &amp#27;[37mPOST&amp#27;[39m &amp#27;[37m/wd/hub/session/6c033502-fd88-4722-8b5b-92e91949d161/element&amp#27;[39m
&amp#27;[35m[HTTP]&amp#27;[39m &amp#27;[90m{"using":"id","value":"com.Slack:id/next_button_url_entry"}&amp#27;[39m
[debug] &amp#27;[35m[W3C]&amp#27;[39m Calling AppiumDriver.findElement() with args: ["id","com.Slack:id/next_button_url_entry","6c033502-fd88-4722-8b5b-92e91949d161"]
[debug] &amp#27;[35m[BaseDriver]&amp#27;[39m Valid locator strategies for this request: xpath, id, class name, accessibility id, -android uiautomator
[debug] &amp#27;[35m[BaseDriver]&amp#27;[39m Waiting up to 0 ms for condition
[debug] &amp#27;[35m[JSONWP Proxy]&amp#27;[39m Matched '/element' to command name 'findElement'
[debug] &amp#27;[35m[JSONWP Proxy]&amp#27;[39m Proxying [POST /element] to [POST http://localhost:8201/wd/hub/session/5a27c767-9791-4751-872d-2ed612cd606d/element] with body: {"strategy":"id","selector":"com.Slack:id/next_button_url_entry","context":"","multiple":false}
[debug] &amp#27;[35m[MJSONWP]&amp#27;[39m Matched JSONWP error code 7 to NoSuchElementError
&amp#27;[35m[MJSONWP]&amp#27;[39m Encountered internal error running command: NoSuchElementError: An element could not be located on the page using the given search parameters.
&amp#27;[35m[MJSONWP]&amp#27;[39m     at AndroidUiautomator2Dr&amp#27;[35iver.m[HTTP]&amp#27;[39m &amp#27;[37mcallee<-- POS$0T /wd/hub$0$ (/usr/local/lib/node_modules/appium/node_modules/appium-android-driver//sesslib/ionco/6c0mma3350nds/find.js:72-fd88-4722-5:11)
&amp#27;[35m[8b5MJSONWPb-92e91949d1]&amp#27;[361/element &amp#27;[9m     39m&amp#27;[31atm500&amp#27;[39m  t&amp#27;ryCatc[90m19 msh  - 164&amp#27;(/usr/loca[39ml/lib/node_m
o&amp#27;[35m[HdulesTT/appiP]&amp#27;[3um9m &amp#27;[90m&amp#27;[39m
/node_modules/babel-runtime/regenerator/runtime.js:67:40)
&amp#27;[35m[MJSONWP]&amp#27;[39m     at GeneratorFunctionPrototype.invoke [as _invoke] (/usr/local/lib/node_modules/appium/node_modules/babel-runtime/regenerator/runtime.js:315:22)
&amp#27;[35m[MJSONWP]&amp#27;[39m     at GeneratorFunctionPrototype.prototype.(anonymous function) [as throw] (/usr/local/lib/node_modules/appium/node_modules/babel-runtime/regenerator/runtime.js:100:21)
&amp#27;[35m[MJSONWP]&amp#27;[39m     at GeneratorFunctionPrototype.invoke (/usr/local/lib/node_modules/appium/node_modules/babel-runtime/regenerator/runtime.js:136:37)
&amp#27;[35m[HTTP]&amp#27;[39m &amp#27;[37m-->&amp#27;[39m &amp#27;[37mPOST&amp#27;[39m &amp#27;[37m/wd/hub/session/6c033502-fd88-4722-8b5b-92e91949d161/element&amp#27;[39m
&amp#27;[35m[HTTP]&amp#27;[39m &amp#27;[90m{"using":"id","value":"com.Slack:id/next_button_url_entry"}&amp#27;[39m
[debug] &amp#27;[35m[W3C]&amp#27;[39m Calling AppiumDriver.findElement() with args: ["id","com.Slack:id/next_button_url_entry","6c033502-fd88-4722-8b5b-92e91949d161"]
[debug] &amp#27;[35m[BaseDriver]&amp#27;[39m Valid locator strategies for this request: xpath, id, class name, accessibility id, -android uiautomator
[debug] &amp#27;[35m[BaseDriver]&amp#27;[39m Waiting up to 0 ms for condition
[debug] &amp#27;[35m[JSONWP Proxy]&amp#27;[39m Matched '/element' to command name 'findElement'
[debug] &amp#27;[35m[JSONWP Proxy]&amp#27;[39m Proxying [POST /element] to [POST http://localhost:8201/wd/hub/session/5a27c767-9791-4751-872d-2ed612cd606d/element] with body: {"strategy":"id","selector":"com.Slack:id/next_button_url_entry","context":"","multiple":false}
[debug] &amp#27;[35m[MJSONWP]&amp#27;[39m Matched JSONWP error code 7 to NoSuchElementError
&amp#27;[35m[MJSONWP]&amp#27;[39m Encountered internal error running command: NoSuchElementError: An element could not be located on the page using the given search parameters.
&amp#27;[35m[MJSONWP]&amp#27;[39m     at AndroidUiautomator2Driver.callee$0$0$ (/usr/local/lib/node_modules/appium/node_modules/appium-android-driver/lib/commands/find.js:75:11)
&amp#27;[35m[MJSONWP]&amp#27;[39m     at tryCatch (/usr/local/lib/node_modules/appium/node_modules/babel-runtime/regenerator/runtime.js:67:40)
&amp#27;[35m[MJSONWP]&amp#27;[39m     at GeneratorFunctionPrototype.invoke [as _invoke] (/usr/local/lib/node_modules/appium/node_modules/babel-runtime/regenerator/runtime.js:315:22)
&amp#27;[35m[MJSONWP]&amp#27;[39m     at GeneratorFunctionPrototype.prototype.(anonymous function) [as throw] (/usr/local/lib/node_modules/appium/node_modules/babel-runtime/&amp#27;[35m[HTTP]&amp#27;[39m &amp#27;[37m<-- POST /wd/hub/session/6c033502-regenerator/runtfd88-4722-8b5b-92eime.js:100:21)
&amp#27;[35m[MJSONWP]&amp#27;[39m     at GeneratorFunctionPrototype.invoke (/usr/local/lib/node_modules/appium/node_modules/babel-runtime/regenerator/runtime.js:136:37)
91949d161/element &amp#27;[39m&amp#27;[31m500&amp#27;[39m &amp#27;[90m34 ms - 164&amp#27;[39m
&amp#27;[35m[HTTP]&amp#27;[39m &amp#27;[90m&amp#27;[39m
&amp#27;[35m[HTTP]&amp#27;[39m &amp#27;[37m-->&amp#27;[39m &amp#27;[37mPOST&amp#27;[39m &amp#27;[37m/wd/hub/session/6c033502-fd88-4722-8b5b-92e91949d161/element&amp#27;[39m
&amp#27;[35m[HTTP]&amp#27;[39m &amp#27;[90m{"using":"id","value":"com.Slack:id/next_button_url_entry"}&amp#27;[39m
[debug] &amp#27;[35m[W3C]&amp#27;[39m Calling AppiumDriver.findElement() with args: ["id","com.Slack:id/next_button_url_entry","6c033502-fd88-4722-8b5b-92e91949d161"]
[debug] &amp#27;[35m[BaseDriver]&amp#27;[39m Valid locator strategies for this request: xpath, id, class name, accessibility id, -android uiautomator
[debug] &amp#27;[35m[BaseDriver]&amp#27;[39m Waiting up to 0 ms for condition
[debug] &amp#27;[35m[JSONWP Proxy]&amp#27;[39m Matched '/element' to command name 'findElement'
[debug] &amp#27;[35m[JSONWP Proxy]&amp#27;[39m Proxying [POST /element] to [POST http://localhost:8201/wd/hub/session/5a27c767-9791-4751-872d-2ed612cd606d/element] with body: {"strategy":"id","selector":"com.Slack:id/next_button_url_entry","context":"","multiple":false}
[debug] &amp#27;[35m[MJSONWP]&amp#27;[39m Matched JSONWP error code 7 to NoSuchElementError
&amp#27;[35m[MJSONWP]&amp#27;[39m Encountered internal error running command: NoSuchElementError: An element could not be located on the page using the given search parameters.
&amp#27;[35m[MJSONWP]&amp#27;[39m     at AndroidUiautomator2Driver.callee$0$0$ (/usr/local/lib/node_modules/appium/node_modules/appium-android-driver/lib/commands/find.js:75:11)
&amp#27;[35m[MJSONWP]&amp#27;[39m     at tryCatch (/usr/local/lib/node_modules/appium/node_modu&amp#27;le[35m[HTTP]&amp#27;[39m &amp#27;s/bab[37elm<-- POST-runtime/ /rwd/hub/session/6c033502-fd88-4722-8b5egb-enerator/r92une91949d161/element &amp#27;[3time9m&amp#27;.js:67:4[31m500&amp#27;[390)m &amp#27;[90m29 ms - 164&amp#27;[39m
&amp#27;[35m[HTTP]&amp#27;[39m
&amp#27; &amp#27;[90m&amp#27;[39m
[35m[MJSONWP]&amp#27;[39m     at GeneratorFunctionPrototype.invoke [as _invoke] (/usr/local/lib/node_modules/appium/node_modules/babel-runtime/regenerator/runtime.js:315:22)
&amp#27;[35m[MJSONWP]&amp#27;[39m     at GeneratorFunctionPrototype.prototype.(anonymous function) [as throw] (/usr/local/lib/node_modules/appium/node_modules/babel-runtime/regenerator/runtime.js:100:21)
&amp#27;[35m[MJSONWP]&amp#27;[39m     at GeneratorFunctionPrototype.invoke (/usr/local/lib/node_modules/appium/node_modules/babel-runtime/regenerator/runtime.js:136:37)
&amp#27;[35m[HTTP]&amp#27;[39m &amp#27;[37m-->&amp#27;[39m &amp#27;[37mPOST&amp#27;[39m &amp#27;[37m/wd/hub/session/6c033502-fd88-4722-8b5b-92e91949d161/element&amp#27;[39m
&amp#27;[35m[HTTP]&amp#27;[39m &amp#27;[90m{"using":"id","value":"com.Slack:id/next_button_url_entry"}&amp#27;[39m
[debug] &amp#27;[35m[W3C]&amp#27;[39m Calling AppiumDriver.findElement() with args: ["id","com.Slack:id/next_button_url_entry","6c033502-fd88-4722-8b5b-92e91949d161"]
[debug] &amp#27;[35m[BaseDriver]&amp#27;[39m Valid locator strategies for this request: xpath, id, class name, accessibility id, -android uiautomator
[debug] &amp#27;[35m[BaseDriver]&amp#27;[39m Waiting up to 0 ms for condition
[debug] &amp#27;[35m[JSONWP Proxy]&amp#27;[39m Matched '/element' to command name 'findElement'
[debug] &amp#27;[35m[JSONWP Proxy]&amp#27;[39m Proxying [POST /element] to [POST http://localhost:8201/wd/hub/session/5a27c767-9791-4751-872d-2ed612cd606d/element] with body: {"strategy":"id","selector":"com.Slack:id/next_button_url_entry","context":"","multiple":false}
[debug] &amp#27;[35m[MJSONWP]&amp#27;[39m Matched JSONWP error code 7 to NoSuchElementError
&amp#27;[35m[MJSONWP]&amp#27;[39m Encountered internal error running command: NoSuchElementError: An element could not be located on the page using the given search parameters.
&amp#27;[35m[MJSONWP]&amp#27;[39m     at AndroidUiautomator2Driver.callee$0$0$ (/usr/local/lib/node_modules/appium/node_modules/appium-android-driver/lib/commands/fin&amp#27;d.js[35m:7[H5:11)
&amp#27;[35m[MJSTTPONWP]&amp#27;]&amp#27;[39m[3 9m &amp#27;[37m  <-- PO  STat / trwd/hubyCat/session/ch (6c0335/u02sr/l-fd88-4722-8b5b-92e9oc19al49/ld1ib/nod61/elee_momedules/appintum/n &amp#27;[39m&amp#27;[31m5ode_modules/ba00&amp#27;[bel-ru39m &amp#27;nt[90ime/regm2enerat7 ms - or/ru164&amp#27;[39m
&amp#27;[35m[HTTP]&amp#27;[ntime39m &amp#27;[90m&amp#27;[39m.js:67:40)

&amp#27;[35m[MJSONWP]&amp#27;[39m     at GeneratorFunctionPrototype.invoke [as _invoke] (/usr/local/lib/node_modules/appium/node_modules/babel-runtime/regenerator/runtime.js:315:22)
&amp#27;[35m[MJSONWP]&amp#27;[39m     at GeneratorFunctionPrototype.prototype.(anonymous function) [as throw] (/usr/local/lib/node_modules/appium/node_modules/babel-runtime/regenerator/runtime.js:100:21)
&amp#27;[35m[MJSONWP]&amp#27;[39m     at GeneratorFunctionPrototype.invoke (/usr/local/lib/node_modules/appium/node_modules/babel-runtime/regenerator/runtime.js:136:37)
&amp#27;[35m[HTTP]&amp#27;[39m &amp#27;[37m-->&amp#27;[39m &amp#27;[37mPOST&amp#27;[39m &amp#27;[37m/wd/hub/session/6c033502-fd88-4722-8b5b-92e91949d161/element&amp#27;[39m
&amp#27;[35m[HTTP]&amp#27;[39m &amp#27;[90m{"using":"id","value":"com.Slack:id/next_button_url_entry"}&amp#27;[39m
[debug] &amp#27;[35m[W3C]&amp#27;[39m Calling AppiumDriver.findElement() with args: ["id","com.Slack:id/next_button_url_entry","6c033502-fd88-4722-8b5b-92e91949d161"]
[debug] &amp#27;[35m[BaseDriver]&amp#27;[39m Valid locator strategies for this request: xpath, id, class name, accessibility id, -android uiautomator
[debug] &amp#27;[35m[BaseDriver]&amp#27;[39m Waiting up to 0 ms for condition
[debug] &amp#27;[35m[JSONWP Proxy]&amp#27;[39m Matched '/element' to command name 'findElement'
[debug] &amp#27;[35m[JSONWP Proxy]&amp#27;[39m Proxying [POST /element] to [POST http://localhost:8201/wd/hub/session/5a27c767-9791-4751-872d-2ed612cd606d/element] with body: {"strategy":"id","selector":"com.Slack:id/next_button_url_entry","context":"","multiple":false}
[debug] &amp#27;[35m[MJSONWP]&amp#27;[39m Matched JSONWP error code 7 to NoSuchElementError
&amp#27;[35m[MJSONWP]&amp#27;[39m Encountered internal error running command: NoSuchElementError: An element could not be located on the page using the given search parameters.
&amp#27;[35m[MJSONWP]&amp#27;[39m     at AndroidUiautomator2Driver.callee$0$0$ (/usr/local/lib/node_modules/appium/node_modules/appium-android-driver/lib/commands/find.js:75:11)
&amp#27;[35m[MJSONWP]&amp#27;[39m  &amp#27;[35  m[ aHTTP]&amp#27;[3t tryCat9mch &amp#27;[37m<-- (/usr/ PloOScal/liT b/no/wdd/hub/session/6c033502-fd88-4e_module722-8b5b-92e91949d161/element &amp#27;[3s/app9m&amp#27;[31m500&amp#27;[ium/39nodem _modules/babel&amp#27;[-runti90m21 msme/r - 1egenerator/ru64nt&amp#27;[3ime.js:679m:40)
&amp#27;[35m[MJSONWP]&amp#27;[39m     at GeneratorFunctionProt
otype.invoke [as _invoke] (/usr/&amp#27;[loc35m[al/lib/nHTTP]&amp#27;ode[3_modul9m es/a&amp#27;[9ppium/0mnode_modu&amp#27;[les/39bam
bel-runtime/regenerator/runtime.js:315:22)
&amp#27;[35m[MJSONWP]&amp#27;[39m     at GeneratorFunctionPrototype.prototype.(anonymous function) [as throw] (/usr/local/lib/node_modules/appium/node_modules/babel-runtime/regenerator/runtime.js:100:21)
&amp#27;[35m[MJSONWP]&amp#27;[39m     at GeneratorFunctionPrototype.invoke (/usr/local/lib/node_modules/appium/node_modules/babel-runtime/regenerator/runtime.js:136:37)
&amp#27;[35m[HTTP]&amp#27;[39m &amp#27;[37m-->&amp#27;[39m &amp#27;[37mPOST&amp#27;[39m &amp#27;[37m/wd/hub/session/6c033502-fd88-4722-8b5b-92e91949d161/element&amp#27;[39m
&amp#27;[35m[HTTP]&amp#27;[39m &amp#27;[90m{"using":"id","value":"com.Slack:id/next_button_url_entry"}&amp#27;[39m
[debug] &amp#27;[35m[W3C]&amp#27;[39m Calling AppiumDriver.findElement() with args: ["id","com.Slack:id/next_button_url_entry","6c033502-fd88-4722-8b5b-92e91949d161"]
[debug] &amp#27;[35m[BaseDriver]&amp#27;[39m Valid locator strategies for this request: xpath, id, class name, accessibility id, -android uiautomator
[debug] &amp#27;[35m[BaseDriver]&amp#27;[39m Waiting up to 0 ms for condition
[debug] &amp#27;[35m[JSONWP Proxy]&amp#27;[39m Matched '/element' to command name 'findElement'
[debug] &amp#27;[35m[JSONWP Proxy]&amp#27;[39m Proxying [POST /element] to [POST http://localhost:8201/wd/hub/session/5a27c767-9791-4751-872d-2ed612cd606d/element] with body: {"strategy":"id","selector":"com.Slack:id/next_button_url_entry","context":"","multiple":false}
[debug] &amp#27;[35m[MJSONWP]&amp#27;[39m Matched JSONWP error code 7 to NoSuchElementError
&amp#27;[35m[MJSONWP]&amp#27;[39m Encountered internal error running command: NoSuchElementError: An element could not be located on the page using the given search parameters.
&amp#27;[35m[MJSONWP]&amp#27;[39m     at AndroidUiautomator2Driver.callee$0$0$ (/usr/local/lib/node_modules/appium/node_modules/appium-android-driver/lib/commands/find.js:75:11)
&amp#27;[35m[MJSONWP]&amp#27;[39m     at tryCatch (/usr/local/lib/node_modules/appium&amp#27;/n[35mode_modules/babel-runtime/regenerator/runtime.js[:67:40)
&amp#27;[35m[MJSONWP]&amp#27;[39m     at GeneratorFunHctionPrototype.invokeTTP]&amp#27;[39m &amp#27;[37m<--  [as POST_invoke] (/ /uswdr/lo/hub/scales/lib/node_modules/appium/node_msion/6c0335o02-fddules/ba88-4722-8b5bb-92e9194el-r9d161untim/elemene/rt egenerator&amp#27;[/r39m&amp#27;[31untime.js:31m500&amp#27;5:22)
[39m &amp#27;[&amp#27;[9035mm24 ms - 16[MJSON4&amp#27;WP][39m
&amp#27;[3&amp#27;[39m5m     at GeneratorFunctionPr[HTTototype.prototype.(aP]&amp#27;[3no9m ny&amp#27;[mo90usm&amp#27;[39m
 function) [as throw] (/usr/local/lib/node_modules/appium/node_modules/babel-runtime/regenerator/runtime.js:100:21)
&amp#27;[35m[MJSONWP]&amp#27;[39m     at GeneratorFunctionPrototype.invoke (/usr/local/lib/node_modules/appium/node_modules/babel-runtime/regenerator/runtime.js:136:37)
&amp#27;[35m[HTTP]&amp#27;[39m &amp#27;[37m-->&amp#27;[39m &amp#27;[37mPOST&amp#27;[39m &amp#27;[37m/wd/hub/session/6c033502-fd88-4722-8b5b-92e91949d161/element&amp#27;[39m
&amp#27;[35m[HTTP]&amp#27;[39m &amp#27;[90m{"using":"id","value":"com.Slack:id/next_button_url_entry"}&amp#27;[39m
[debug] &amp#27;[35m[W3C]&amp#27;[39m Calling AppiumDriver.findElement() with args: ["id","com.Slack:id/next_button_url_entry","6c033502-fd88-4722-8b5b-92e91949d161"]
[debug] &amp#27;[35m[BaseDriver]&amp#27;[39m Valid locator strategies for this request: xpath, id, class name, accessibility id, -android uiautomator
[debug] &amp#27;[35m[BaseDriver]&amp#27;[39m Waiting up to 0 ms for condition
[debug] &amp#27;[35m[JSONWP Proxy]&amp#27;[39m Matched '/element' to command name 'findElement'
[debug] &amp#27;[35m[JSONWP Proxy]&amp#27;[39m Proxying [POST /element] to [POST http://localhost:8201/wd/hub/session/5a27c767-9791-4751-872d-2ed612cd606d/element] with body: {"strategy":"id","selector":"com.Slack:id/next_button_url_entry","context":"","multiple":false}
[debug] &amp#27;[35m[MJSONWP]&amp#27;[39m Matched JSONWP error code 7 to NoSuchElementError
&amp#27;[35m[MJSONWP]&amp#27;[39m Encountered internal error running command: NoSuchElementError: An element could not be located on the page using the given search parameters.
&amp#27;[35m[MJSONWP]&amp#27;[39m     at AndroidUiautomator2Driver.callee$0$0$ (/usr/local/lib/node_modules/appium/node_modules/appium-&amp#27;[android-driver/35m[HTTP]&amp#27;[39m &amp#27;[li37m<-- POST /wd/hub/session/6c033502-fd88-4722-8b5b-92b/commands/find.js:75:11)e9
&amp#27;[1935m49d161/[MJSONWP]&amp#27;[39m     at tryCatch (/usr/local/lib/node_modules/appium/node_modules/babel-runtime/regenerator/runtime.js:67:40)
&amp#27;[35m[MJSONWP]&amp#27;[39m     at GeneratorFunctionPrototype.invoke [as _invoke] (/usr/local/lib/node_modules/appium/node_modules/babel-runeletime/rement generator/ru&amp#27;[ntime.js:315:2239m&amp#27;[31m500&amp#27;[39m &amp#27;[90m22 ms - 164&amp#27;[3)
&amp#27;9m
[35&amp#27;[35m[HTTP]&amp#27;[39m &amp#27;[90m&amp#27;[39m
m[MJSONWP]&amp#27;[39m     at GeneratorFunctionPrototype.prototype.(anonymous function) [as throw] (/usr/local/lib/node_modules/appium/node_modules/babel-runtime/regenerator/runtime.js:100:21)
&amp#27;[35m[MJSONWP]&amp#27;[39m     at GeneratorFunctionPrototype.invoke (/usr/local/lib/node_modules/&amp#27;[35m[HTTP]&amp#27;[39m appium/node_modules/babel-runtime/regenerator/runtime.js:136:37)
&amp#27;[37m-->&amp#27;[39m &amp#27;[37mPOST&amp#27;[39m &amp#27;[37m/wd/hub/session/6c033502-fd88-4722-8b5b-92e91949d161/element&amp#27;[39m
&amp#27;[35m[HTTP]&amp#27;[39m &amp#27;[90m{"using":"id","value":"com.Slack:id/next_button_url_entry"}&amp#27;[39m
[debug] &amp#27;[35m[W3C]&amp#27;[39m Calling AppiumDriver.findElement() with args: ["id","com.Slack:id/next_button_url_entry","6c033502-fd88-4722-8b5b-92e91949d161"]
[debug] &amp#27;[35m[BaseDriver]&amp#27;[39m Valid locator strategies for this request: xpath, id, class name, accessibility id, -android uiautomator
[debug] &amp#27;[35m[BaseDriver]&amp#27;[39m Waiting up to 0 ms for condition
[debug] &amp#27;[35m[JSONWP Proxy]&amp#27;[39m Matched '/element' to command name 'findElement'
[debug] &amp#27;[35m[JSONWP Proxy]&amp#27;[39m Proxying [POST /element] to [POST http://localhost:8201/wd/hub/session/5a27c767-9791-4751-872d-2ed612cd606d/element] with body: {"strategy":"id","selector":"com.Slack:id/next_button_url_entry","context":"","multiple":false}
[debug] &amp#27;[35m[MJSONWP]&amp#27;[39m Matched JSONWP error code 7 to NoSuchElementError
&amp#27;[35m[MJSONWP]&amp#27;[39m Encountered internal error running command: NoSuchElementError: An element could not be located on the page using the given search parameters.
&amp#27;[35m[HTTP]&amp#27;[39m &amp#27;[37&amp#27;[m<35--m[MJSO POST /wd/NWP]&amp#27;[39m     at AndroidUiautomator2Driver.callee$0$0$ (/usr/local/lib/node_modules/appium/nodhub/sese_modules/appium-android-sion/6c03driver/lib35/comm02ands/find.js:75:11)
&amp#27;[35m[MJSONWP]&amp#27;[39m     at t-fd88-4722-8b5b-92e91949d161/element &amp#27;[39m&amp#27;[31m500&amp#27;[ryCatch (/usr/local/lib/node39m_modu &amp#27;[90m25 ms - 164&amp#27;[39m
les/appium/node_modules/&amp#27;[35m[HTTP]&amp#27;[3babel-r9m &amp#27;[90m&amp#27;[39m
untime/regenerator/runtime.js:67:40)
&amp#27;[35m[MJSONWP]&amp#27;[39m     at GeneratorFunctionPrototype.invoke [as _invoke] (/usr/local/lib/node_modules/appium/node_modules/babel-runtime/regenerator/runtime.js:315:22)
&amp#27;[35m[MJSONWP]&amp#27;[39m     at GeneratorFunctionPrototype.prototype.(anonymous function) [as throw] (/usr/local/lib/node_modules/appium/node_modules/babel-runtime/regenerator/runtime.js:100:21)
&amp#27;[35m[MJSONWP]&amp#27;[39m     at Gene&amp#27;[ratorF35mu[HTTP]&amp#27;[39m &amp#27;[37m-->&amp#27;[39m &amp#27;[37mPOST&amp#27;[39m &amp#27;[37m/wd/hunctionProb/totype.invoke (/usr/local/lib/node_modseules/appiussim/node_modules/obabeln/-runtime/regenerator/runtime.js:136:37)
6c033502-fd88-4722-8b5b-92e91949d161/element&amp#27;[39m
&amp#27;[35m[HTTP]&amp#27;[39m &amp#27;[90m{"using":"id","value":"com.Slack:id/next_button_url_entry"}&amp#27;[39m
[debug] &amp#27;[35m[W3C]&amp#27;[39m Calling AppiumDriver.findElement() with args: ["id","com.Slack:id/next_button_url_entry","6c033502-fd88-4722-8b5b-92e91949d161"]
[debug] &amp#27;[35m[BaseDriver]&amp#27;[39m Valid locator strategies for this request: xpath, id, class name, accessibility id, -android uiautomator
[debug] &amp#27;[35m[BaseDriver]&amp#27;[39m Waiting up to 0 ms for condition
[debug] &amp#27;[35m[JSONWP Proxy]&amp#27;[39m Matched '/element' to command name 'findElement'
[debug] &amp#27;[35m[JSONWP Proxy]&amp#27;[39m Proxying [POST /element] to [POST http://localhost:8201/wd/hub/session/5a27c767-9791-4751-872d-2ed612cd606d/element] with body: {"strategy":"id","selector":"com.Slack:id/next_button_url_entry","context":"","multiple":false}
[debug] &amp#27;[35m[MJSONWP]&amp#27;[39m Matched JSONWP error code 7 to NoSuchElementError
&amp#27;[35m[MJSONWP]&amp#27;[39m Encountered internal error running command: NoSuchElementError: An element could not be located on the page using the given search parameters.
&amp#27;[35m[MJSONWP]&amp#27;[39m     at AndroidUiautomator2Driver.callee$0$0$ (/usr/local/lib/node_modules/appium/node_modules/appium-android-driver/lib/commands/find.js:75:11)
&amp#27;[35m[MJSONWP]&amp#27;[39m     at tryCatch (/usr/lo&amp#27;[35m[HTTP]&amp#27;[39m cal/lib/node_modules/a&amp#27;[37m<-- POST ppium/node_modules/babel-runtime/regenerator/runtime.js:67:40)
&amp#27;[35m[MJSONWP]&amp#27;[39m     at GeneratorFunctionPrototype.invoke [as _invoke] (/usr/local/lib/node_modules/appium/node_modules/babel-runtime/regener/wator/runtime.js:315:22)
d/&amp#27;[35m[MJSONWP]&amp#27;[39m     at GeneratorFunctionPrototype.prototype.(anonymous function) [as throw] (/usr/local/lib/node_modules/appium/node_modules/babel-runtime/regenerator/runtime.js:100:21)
&amp#27;[35m[MJSONWP]&amp#27;[39m     at GeneratorFunctionPrototype.invoke (/usr/local/lib/node_modules/appium/node_modules/babel-runtime/regenerator/runtime.js:136:37)
hub/session/6c033502-fd88-4722-8b5b-92e91949d161/element &amp#27;[39m&amp#27;[31m500&amp#27;[39m &amp#27;[90m32 ms - 164&amp#27;[39m
&amp#27;[35m[HTTP]&amp#27;[39m &amp#27;[90m&amp#27;[39m
&amp#27;[35m[HTTP]&amp#27;[39m &amp#27;[37m-->&amp#27;[39m &amp#27;[37mPOST&amp#27;[39m &amp#27;[37m/wd/hub/session/6c033502-fd88-4722-8b5b-92e91949d161/element&amp#27;[39m
&amp#27;[35m[HTTP]&amp#27;[39m &amp#27;[90m{"using":"id","value":"com.Slack:id/next_button_url_entry"}&amp#27;[39m
[debug] &amp#27;[35m[W3C]&amp#27;[39m Calling AppiumDriver.findElement() with args: ["id","com.Slack:id/next_button_url_entry","6c033502-fd88-4722-8b5b-92e91949d161"]
[debug] &amp#27;[35m[BaseDriver]&amp#27;[39m Valid locator strategies for this request: xpath, id, class name, accessibility id, -android uiautomator
[debug] &amp#27;[35m[BaseDriver]&amp#27;[39m Waiting up to 0 ms for condition
[debug] &amp#27;[35m[JSONWP Proxy]&amp#27;[39m Matched '/element' to command name 'findElement'
[debug] &amp#27;[35m[JSONWP Proxy]&amp#27;[39m Proxying [POST /element] to [POST http://localhost:8201/wd/hub/session/5a27c767-9791-4751-872d-2ed612cd606d/element] with body: {"strategy":"id","selector":"com.Slack:id/next_button_url_entry","context":"","multiple":false}
[debug] &amp#27;[35m[MJSONWP]&amp#27;[39m Matched JSONWP error code 7 to NoSuchElementError
&amp#27;[35m[MJSONWP]&amp#27;[39m Encountered internal error running command: NoSuchElementError: An element could not be located on the page using the given search parameters.
&amp#27;[35m[MJSONWP]&amp#27;[39m     at AndroidUiautomator2Driver.callee$0$0$ (/usr/local/lib/node_modules/appium/node_modules/appium-android-driver/lib/commands/find.js:75:11)
&amp#27;[35m&amp#27;[35m[MJSO[HTTP]&amp#27;[39m &amp#27;[37m<-- POST /wNWd/hP]&amp#27;[39m     at tub/session/6c033502-fdryCatch (88/usr/local-4/lib/node_modu722-8b5les/ab-92e91pp949d161/ium/node_modulees/blemeabel-runtintme/reg &amp#27;en[39m&amp#27;[31m500&amp#27;[39mera &amp#27;[90m24tor/runtime ms.j - 16s:4&amp#27;[39m
67:40)&amp#27;[3
&amp#27;[355m[MJSONWPm[HTTP]&amp#27;[39m &amp#27;[90m&amp#27;[]&amp#27;[39m39m     at Gener
atorFunctionPrototype.invoke [as _invoke] (/usr/local/lib/node_modules/appium/node_modules/babel-runtime/regenerator/runtime.js:315:22)
&amp#27;[35m[MJSONWP]&amp#27;[39m     at GeneratorFunctionPrototype.prototype.(anonymous function) [as throw] (/usr/local/lib/node_modules/appium/node_modules/babel-runtime/regenerator/runtime.js:100:21)
&amp#27;[35m[MJSONWP]&amp#27;[39m     at GeneratorFunctionPrototype.invoke (/usr/local/lib/node_modules/appium/node_modules/babel-runtime/regenerator/runtime.js:136:37)
&amp#27;[35m[HTTP]&amp#27;[39m &amp#27;[37m-->&amp#27;[39m &amp#27;[37mPOST&amp#27;[39m &amp#27;[37m/wd/hub/session/6c033502-fd88-4722-8b5b-92e91949d161/element&amp#27;[39m
&amp#27;[35m[HTTP]&amp#27;[39m &amp#27;[90m{"using":"id","value":"com.Slack:id/next_button_url_entry"}&amp#27;[39m
[debug] &amp#27;[35m[W3C]&amp#27;[39m Calling AppiumDriver.findElement() with args: ["id","com.Slack:id/next_button_url_entry","6c033502-fd88-4722-8b5b-92e91949d161"]
[debug] &amp#27;[35m[BaseDriver]&amp#27;[39m Valid locator strategies for this request: xpath, id, class name, accessibility id, -android uiautomator
[debug] &amp#27;[35m[BaseDriver]&amp#27;[39m Waiting up to 0 ms for condition
[debug] &amp#27;[35m[JSONWP Proxy]&amp#27;[39m Matched '/element' to command name 'findElement'
[debug] &amp#27;[35m[JSONWP Proxy]&amp#27;[39m Proxying [POST /element] to [POST http://localhost:8201/wd/hub/session/5a27c767-9791-4751-872d-2ed612cd606d/element] with body: {"strategy":"id","selector":"com.Slack:id/next_button_url_entry","context":"","multiple":false}
[debug] &amp#27;[35m[MJSONWP]&amp#27;[39m Matched JSONWP error code 7 to NoSuchElementError
&amp#27;[35m[MJSONWP]&amp#27;[39m Encountered internal error running command: NoSuchElementError: An element could not be located on the page using the given search parameters.
&amp#27;[35m[MJSONWP]&amp#27;[39m     at AndroidUiautomator2Driver.callee$0$0$ (/u&amp#27;[3sr/loc5mal/lib/node_modules/appium/nod[HTTP]&amp#27;[39me_modules/appium-an &amp#27;dr[37m<-- POSToid-dr /iver/lib/cowd/hmmanub/session/6c03ds/fi35nd.j02-fd88-s:4722-75:11)
&amp#27;[8b5b-9235m[MJSe919ONWP]&amp#27;[49d39m   16  at1/ tryeCatch (/lement &amp#27;[39m&amp#27;[3us1m500&amp#27;[r/loca39l/lib/node_modules/appiumm /nod&amp#27;[90m22 ms - 16e_modules/babel-run4&amp#27;[39tim
me/regen&amp#27;[35m[HTTPerat]&amp#27;[39m &amp#27;[90m&amp#27;[39m
or/runtime.js:67:40)
&amp#27;[35m[MJSONWP]&amp#27;[39m     at GeneratorFunctionPrototype.invoke [as _invoke] (/usr/local/lib/node_modules/appium/node_modules/babel-runtime/regenerator/runtime.js:315:22)
&amp#27;[35m[MJSONWP]&amp#27;[39m     at GeneratorFunctionPrototype.prototype.(anonymous function) [as throw] (/usr/local/lib/node_modules/appium/node_modules/babel-runtime/regenerator/runtime.js:100:21)
&amp#27;[35m[MJSONWP]&amp#27;[39m     at GeneratorFunctionPrototype.invoke (/usr/local/lib/node_modules/appium/node_modules/babel-runtime/regenerator/runtime.js:136:37)
&amp#27;[35m[HTTP]&amp#27;[39m &amp#27;[37m-->&amp#27;[39m &amp#27;[37mPOST&amp#27;[39m &amp#27;[37m/wd/hub/session/6c033502-fd88-4722-8b5b-92e91949d161/element&amp#27;[39m
&amp#27;[35m[HTTP]&amp#27;[39m &amp#27;[90m{"using":"id","value":"com.Slack:id/next_button_url_entry"}&amp#27;[39m
[debug] &amp#27;[35m[W3C]&amp#27;[39m Calling AppiumDriver.findElement() with args: ["id","com.Slack:id/next_button_url_entry","6c033502-fd88-4722-8b5b-92e91949d161"]
[debug] &amp#27;[35m[BaseDriver]&amp#27;[39m Valid locator strategies for this request: xpath, id, class name, accessibility id, -android uiautomator
[debug] &amp#27;[35m[BaseDriver]&amp#27;[39m Waiting up to 0 ms for condition
[debug] &amp#27;[35m[JSONWP Proxy]&amp#27;[39m Matched '/element' to command name 'findElement'
[debug] &amp#27;[35m[JSONWP Proxy]&amp#27;[39m Proxying [POST /element] to [POST http://localhost:8201/wd/hub/session/5a27c767-9791-4751-872d-2ed612cd606d/element] with body: {"strategy":"id","selector":"com.Slack:id/next_button_url_entry","context":"","multiple":false}
[debug] &amp#27;[35m[MJSONWP]&amp#27;[39m Matched JSONWP error code 7 to NoSuchElementError
&amp#27;[35m[MJSONWP]&amp#27;[39m Encountered internal error running command: NoSuchElementError: An element could not be located on the page using the given search parameters.
&amp#27;[35m[MJSONWP]&amp#27;[39m     at AndroidUiautomator2Driver.callee$0$0$ (/usr/local/lib/node_modules/appium/node_modules/appium-android-driver/lib/comm&amp#27;[35anm[HTdsTP]&amp#27;[3/fi9m &amp#27;nd.js:75:1[37m<-- P1)
&amp#27;OST /wd/h[3ub/ses5m[sioMJSONWn/6P]c0335&amp#27;[39m   02-fd8  a8-t tryC4atch (/usr/72lo2-ca8bl/lib5b-92e9194/node_modu9d1le61/elems/ent &amp#27;[39m&amp#27;[31m50appium/n0&amp#27;[od39m &amp#27;[90m23e_mod ms ules/- 1babe64&amp#27;l-[39m
runti&amp#27;[35mme/regenera[HTtor/TPrun]&amp#27;[time.js:639m &amp#27;[7:40)
&amp#27;[35m[90m&amp#27;[39mMJSONWP
]&amp#27;[39m     at GeneratorFunctionPrototype.invoke [as _invoke] (/usr/local/lib/node_modules/appium/node_modules/babel-runtime/regenerator/runtime.js:315:22)
&amp#27;[35m[MJSONWP]&amp#27;[39m     at GeneratorFunctionPrototype.prototype.(anonymous function) [as throw] (/usr/local/lib/node_modules/appium/node_modules/babel-runtime/regenerator/runtime.js:100:21)
&amp#27;[35m[MJSONWP]&amp#27;[39m     at GeneratorFunctionPrototype.invoke (/usr/local/lib/node_modules/appium/node_modules/babel-runtime/regenerator/runtime.js:136:37)
&amp#27;[35m[HTTP]&amp#27;[39m &amp#27;[37m-->&amp#27;[39m &amp#27;[37mPOST&amp#27;[39m &amp#27;[37m/wd/hub/session/6c033502-fd88-4722-8b5b-92e91949d161/element&amp#27;[39m
&amp#27;[35m[HTTP]&amp#27;[39m &amp#27;[90m{"using":"id","value":"com.Slack:id/next_button_url_entry"}&amp#27;[39m
[debug] &amp#27;[35m[W3C]&amp#27;[39m Calling AppiumDriver.findElement() with args: ["id","com.Slack:id/next_button_url_entry","6c033502-fd88-4722-8b5b-92e91949d161"]
[debug] &amp#27;[35m[BaseDriver]&amp#27;[39m Valid locator strategies for this request: xpath, id, class name, accessibility id, -android uiautomator
[debug] &amp#27;[35m[BaseDriver]&amp#27;[39m Waiting up to 0 ms for condition
[debug] &amp#27;[35m[JSONWP Proxy]&amp#27;[39m Matched '/element' to command name 'findElement'
[debug] &amp#27;[35m[JSONWP Proxy]&amp#27;[39m Proxying [POST /element] to [POST http://localhost:8201/wd/hub/session/5a27c767-9791-4751-872d-2ed612cd606d/element] with body: {"strategy":"id","selector":"com.Slack:id/next_button_url_entry","context":"","multiple":false}
[debug] &amp#27;[35m[MJSONWP]&amp#27;[39m Matched JSONWP error code 7 to NoSuchElementError
&amp#27;[35m[MJSONWP]&amp#27;[39m Encountered internal error running command: NoSuchElementError: An element could not be located on the page using the given search parameters.
&amp#27;[35m[MJSONWP]&amp#27;[39m     at AndroidUiautomator2Driver.callee$0$0$ (/usr/local/lib/node_modules/appium/node_modules/appium-android-driver/lib/commands/find.js:75:&amp#27;[35m[HTTP]&amp#27;11)
&amp#27;[35m[MJSONWP]&amp#27;[39m [3   9m  at t&amp#27;[ryCatch (/usr/local/lib/node37m<-- POST /wd/hub/session/6c033502-fd88-4_mo72dules2-8b5b/ap-92e9pium19/node49_modud1les/babel-runtime/reg61/element &amp#27;[39m&amp#27;[31enm5erator/r00&amp#27;[un39time.js:67:40)
&amp#27;m [35m&amp#27;[9[MJSONWP]&amp#27;[39m 0m27     at GeneratorFunctionPrototypmse.invok - 16e 4&amp#27;[as _invoke] (/u[39m
sr/loca&amp#27;[35ml/lib/node_mo[HTTP]&amp#27;[3dules/a9mppium/node_modules/ba &amp#27;[90m&amp#27;be[3l-9m
runtime/regenerator/runtime.js:315:22)
&amp#27;[35m[MJSONWP]&amp#27;[39m     at GeneratorFunctionPrototype.prototype.(anonymous function) [as throw] (/usr/local/lib/node_modules/appium/node_modules/babel-runtime/regenerator/runtime.js:100:21)
&amp#27;[35m[MJSONWP]&amp#27;[39m     at GeneratorFunctionPrototype.invoke (/usr/local/lib/node_modules/appium/node_modules/babel-runtime/regenerator/runtime.js:136:37)
&amp#27;[35m[HTTP]&amp#27;[39m &amp#27;[37m-->&amp#27;[39m &amp#27;[37mPOST&amp#27;[39m &amp#27;[37m/wd/hub/session/6c033502-fd88-4722-8b5b-92e91949d161/element&amp#27;[39m
&amp#27;[35m[HTTP]&amp#27;[39m &amp#27;[90m{"using":"id","value":"com.Slack:id/next_button_url_entry"}&amp#27;[39m
[debug] &amp#27;[35m[W3C]&amp#27;[39m Calling AppiumDriver.findElement() with args: ["id","com.Slack:id/next_button_url_entry","6c033502-fd88-4722-8b5b-92e91949d161"]
[debug] &amp#27;[35m[BaseDriver]&amp#27;[39m Valid locator strategies for this request: xpath, id, class name, accessibility id, -android uiautomator
[debug] &amp#27;[35m[BaseDriver]&amp#27;[39m Waiting up to 0 ms for condition
[debug] &amp#27;[35m[JSONWP Proxy]&amp#27;[39m Matched '/element' to command name 'findElement'
[debug] &amp#27;[35m[JSONWP Proxy]&amp#27;[39m Proxying [POST /element] to [POST http://localhost:8201/wd/hub/session/5a27c767-9791-4751-872d-2ed612cd606d/element] with body: {"strategy":"id","selector":"com.Slack:id/next_button_url_entry","context":"","multiple":false}
[debug] &amp#27;[35m[MJSONWP]&amp#27;[39m Matched JSONWP error code 7 to NoSuchElementError
&amp#27;[35m[MJSONWP]&amp#27;[39m Encountered internal error running command: NoSuchElementError: An element could not be located on the page using the given search parameters.
&amp#27;[35m[MJSONWP]&amp#27;[39m     at AndroidUiautomator2Driver.callee$0$0$ (/usr/local/lib/node_modules/appium/node_modules/appium-android-driver/lib/commands/find.js:75:11)
&amp#27;[35m&amp#27;[35m[H[MJSTTP]&amp#27;ONWP]&amp#27;[39[3m  9m &amp#27;   [37m<at try--Catch  POST /wd/(/ushub/session/6c033502r/local-fd88/l-ib/nod4722-8b5b-92ee_91modu949les/d161/elementappium/n &amp#27;[3ode_mod9m&amp#27;ules/babel-r[3unt1mime/reg500&amp#27;ener[39ator/runm &amp#27;[90m22 ms - 164&amp#27;[39time.jsm
:&amp#27;[3675m[:4HTTP]&amp#27;[39m &amp#27;[90m&amp#27;[39m
0)
&amp#27;[35m[MJSONWP]&amp#27;[39m     at GeneratorFunctionPrototype.invoke [as _invoke] (/usr/local/lib/node_modules/appium/node_modules/babel-runtime/regenerator/runtime.js:315:22)
&amp#27;[35m[MJSONWP]&amp#27;[39m     at GeneratorFunctionPrototype.prototype.(anonymous function) [as throw] (/usr/local/lib/node_modules/appium/node_modules/babel-runtime/regenerator/runtime.js:100:21)
&amp#27;[35m[MJSONWP]&amp#27;[39m     at GeneratorFunctionPrototype.invoke (/usr/local/lib/node_modules/appium/node_modules/babel-runtime/regenerator/runtime.js:136:37)
&amp#27;[35m[HTTP]&amp#27;[39m &amp#27;[37m-->&amp#27;[39m &amp#27;[37mPOST&amp#27;[39m &amp#27;[37m/wd/hub/session/6c033502-fd88-4722-8b5b-92e91949d161/element&amp#27;[39m
&amp#27;[35m[HTTP]&amp#27;[39m &amp#27;[90m{"using":"id","value":"com.Slack:id/next_button_url_entry"}&amp#27;[39m
[debug] &amp#27;[35m[W3C]&amp#27;[39m Calling AppiumDriver.findElement() with args: ["id","com.Slack:id/next_button_url_entry","6c033502-fd88-4722-8b5b-92e91949d161"]
[debug] &amp#27;[35m[BaseDriver]&amp#27;[39m Valid locator strategies for this request: xpath, id, class name, accessibility id, -android uiautomator
[debug] &amp#27;[35m[BaseDriver]&amp#27;[39m Waiting up to 0 ms for condition
[debug] &amp#27;[35m[JSONWP Proxy]&amp#27;[39m Matched '/element' to command name 'findElement'
[debug] &amp#27;[35m[JSONWP Proxy]&amp#27;[39m Proxying [POST /element] to [POST http://localhost:8201/wd/hub/session/5a27c767-9791-4751-872d-2ed612cd606d/element] with body: {"strategy":"id","selector":"com.Slack:id/next_button_url_entry","context":"","multiple":false}
[debug] &amp#27;[35m[MJSONWP]&amp#27;[39m Matched JSONWP error code 7 to NoSuchElementError
&amp#27;[35m[MJSONWP]&amp#27;[39m Encountered internal error running command: NoSuchElementError: An element could not be located on the page using the given search parameters.
&amp#27;[35m[MJSONWP]&amp#27;[39m     at AndroidUiautomator2Driver.callee$0$0$ (/usr/local/lib/node_modules/appium/node_m&amp#27;[35odules/appium-android-driver/lib/commands/find.js:75:11)
&amp#27;[35m[MJSONWP]&amp#27;[39m     at tryCatch (/usr/local/lib/node_modules/appium/node_modules/babelm[HTTP]&amp#27;-runtime/regenerator/runtime.js:67:40)
&amp#27;[35m[39m &amp#27;[37[MJSONWP]&amp#27;[39m     at GeneratorFunm<-- ctionPrototype.invokPOST /wd/hub/session/e [as _invoke] (/usr/local6c033502-fd88-4722-8b/lib/n5b-92e91949d161/eleode_moment &amp#27;[39mdules/appium/&amp#27;[31m500&amp#27;[39m &amp#27;[90m31 ms - 164&amp#27;[39m
&amp#27;[35m[HTTP]&amp#27;[39m &amp#27;[90m&amp#27;node_modules/[39m
babel-runtime/regenerator/runtime.js:315:22)
&amp#27;[35m[MJSONWP]&amp#27;[39m     at GeneratorFunctionPrototype.prototype.(anonymous function) [as throw] (/usr/local/lib/node_modules/appium/node_modules/babel-runtime/regenerator/runtime.js:100:21)
&amp#27;[35m[MJSONWP]&amp#27;[39m     at GeneratorFunctionPrototype.invoke (/usr/local/lib/node_modules/appium/node_modules/babel-runtime/regenerator/runtime.js:136:37)
&amp#27;[35m[HTTP]&amp#27;[39m &amp#27;[37m-->&amp#27;[39m &amp#27;[37mPOST&amp#27;[39m &amp#27;[37m/wd/hub/session/6c033502-fd88-4722-8b5b-92e91949d161/element&amp#27;[39m
&amp#27;[35m[HTTP]&amp#27;[39m &amp#27;[90m{"using":"id","value":"com.Slack:id/next_button_url_entry"}&amp#27;[39m
[debug] &amp#27;[35m[W3C]&amp#27;[39m Calling AppiumDriver.findElement() with args: ["id","com.Slack:id/next_button_url_entry","6c033502-fd88-4722-8b5b-92e91949d161"]
[debug] &amp#27;[35m[BaseDriver]&amp#27;[39m Valid locator strategies for this request: xpath, id, class name, accessibility id, -android uiautomator
[debug] &amp#27;[35m[BaseDriver]&amp#27;[39m Waiting up to 0 ms for condition
[debug] &amp#27;[35m[JSONWP Proxy]&amp#27;[39m Matched '/element' to command name 'findElement'
[debug] &amp#27;[35m[JSONWP Proxy]&amp#27;[39m Proxying [POST /element] to [POST http://localhost:8201/wd/hub/session/5a27c767-9791-4751-872d-2ed612cd606d/element] with body: {"strategy":"id","selector":"com.Slack:id/next_button_url_entry","context":"","multiple":false}
[debug] &amp#27;[35m[MJSONWP]&amp#27;[39m Matched JSONWP error code 7 to NoSuchElementError
&amp#27;[35m[MJSONWP]&amp#27;[39m Encountered internal error running command: NoSuchElementError: An element could not be located on the page using the given search parameters.
&amp#27;[35m[MJSONWP]&amp#27;[39m     at AndroidUiautomator2Driver.callee$0$0$ (/usr/local/lib/node_modules/appium/nod&amp#27;[e_modules/appium-android-driver/lib/commands/find.js:735m[HTTP]&amp#27;[39m &amp#27;[37m<-- POST /wd/hub/session/6c033502-f5:11)
&amp#27;[35m[MJSONWP]&amp#27;[39m     at tryCatch (/usr/local/lib/node_modules/appium/node_modules/babel-runtime/regenerator/runtime.js:67:40)
&amp#27;[35m[MJSONWP]&amp#27;[39m     at GeneratorFunctionPrototype.invoke [as _invoke] (/usr/local/lib/node_modules/appium/nod88-4722-8b5b-92e91949d161/element &amp#27;[39m&amp#27;[31m500&amp#27;[39m &amp#27;[90m35 ms -de_modules/babel-run 164&amp#27;[3time/regenerator/runtime.js:315:22)
&amp#27;[35m[MJSONWP]&amp#27;[39m     at GeneratorFunctionPrototype.prototype.(anonymous function) [as throw] (/usr/local/lib/node_modules/appium/node_modules/babel-runtime/regenerator/runtime.js:100:21)
&amp#27;[35m[MJSONWP]&amp#27;[39m     at GeneratorFunctionPrototype.invoke (/usr/local/9m
&amp#27;[35m[HTTP]&amp#27;[lib/node_modules/appium/node_modules/babel-runtime/regenerator/runtime.js:136:37)
39m &amp#27;[90m&amp#27;[39m
&amp#27;[35m[HTTP]&amp#27;[39m &amp#27;[37m-->&amp#27;[39m &amp#27;[37mPOST&amp#27;[39m &amp#27;[37m/wd/hub/session/6c033502-fd88-4722-8b5b-92e91949d161/element&amp#27;[39m
&amp#27;[35m[HTTP]&amp#27;[39m &amp#27;[90m{"using":"id","value":"com.Slack:id/next_button_url_entry"}&amp#27;[39m
[debug] &amp#27;[35m[W3C]&amp#27;[39m Calling AppiumDriver.findElement() with args: ["id","com.Slack:id/next_button_url_entry","6c033502-fd88-4722-8b5b-92e91949d161"]
[debug] &amp#27;[35m[BaseDriver]&amp#27;[39m Valid locator strategies for this request: xpath, id, class name, accessibility id, -android uiautomator
[debug] &amp#27;[35m[BaseDriver]&amp#27;[39m Waiting up to 0 ms for condition
[debug] &amp#27;[35m[JSONWP Proxy]&amp#27;[39m Matched '/element' to command name 'findElement'
[debug] &amp#27;[35m[JSONWP Proxy]&amp#27;[39m Proxying [POST /element] to [POST http://localhost:8201/wd/hub/session/5a27c767-9791-4751-872d-2ed612cd606d/element] with body: {"strategy":"id","selector":"com.Slack:id/next_button_url_entry","context":"","multiple":false}
[debug] &amp#27;[35m[MJSONWP]&amp#27;[39m Matched JSONWP error code 7 to NoSuchElementError
&amp#27;[35m[MJSONWP]&amp#27;[39m Encountered internal error running command: NoSuchElementError: An element could not be located on the page using the given search parameters.
&amp#27;[35m[MJSONWP]&amp#27;[39m     at AndroidUiautomator2Driver.callee$0$0$ (/usr/local/lib/node_modules/appium&amp#27;[35/nom[HTTP]&amp#27;[39m &amp#27;[37m<de_mo-- dulePOSTs/app /wium-ad/hub/senssdroid-drivion/6erc033/l502-fd88-4722-8ib/cb5b-92e9194omm9dand16s/fi1/ndelement.js:75:11)
&amp#27;[35m[MJSONWP]&amp#27;[39m     at tryCatch (/usr/local/lib/node_modules/appium/node_m &amp#27;[odules/39m&amp#27;[31babel-runm5time/regenerator/runtime.js:00&amp#27;[367:40)
&amp#27;[35m[MJSONWP]&amp#27;[39m     at GeneratorFunctionPrototype.invoke [as _invoke] (/usr/local/lib/node_modules/appium/node_modules/babel-runtime/regenerator/runtime.js:315:22)
&amp#27;[35m[MJSONWP]&amp#27;[39m     at GeneratorFunctionPrototype.prototy9m &amp#27;[9pe.(anonymo0m29 ms - 164&amp#27;[39us function) [as throw] (/um
sr/local/lib/node&amp#27;[3_modules/appium/node_modules/babel-runtim5m[HTTe/regenP]&amp#27;er[39mator/run &amp#27;t[90m&amp#27;[39m
ime.js:100:21)
&amp#27;[35m[MJSONWP]&amp#27;[39m     at GeneratorFunctionPrototype.invoke (/usr/local/lib/node_modules/appium/node_modules/babel-runtime/regenerator/runtime.js:136:37)
&amp#27;[35m[HTTP]&amp#27;[39m &amp#27;[37m-->&amp#27;[39m &amp#27;[37mPOST&amp#27;[39m &amp#27;[37m/wd/hub/session/6c033502-fd88-4722-8b5b-92e91949d161/element&amp#27;[39m
&amp#27;[35m[HTTP]&amp#27;[39m &amp#27;[90m{"using":"id","value":"com.Slack:id/next_button_url_entry"}&amp#27;[39m
[debug] &amp#27;[35m[W3C]&amp#27;[39m Calling AppiumDriver.findElement() with args: ["id","com.Slack:id/next_button_url_entry","6c033502-fd88-4722-8b5b-92e91949d161"]
[debug] &amp#27;[35m[BaseDriver]&amp#27;[39m Valid locator strategies for this request: xpath, id, class name, accessibility id, -android uiautomator
[debug] &amp#27;[35m[BaseDriver]&amp#27;[39m Waiting up to 0 ms for condition
[debug] &amp#27;[35m[JSONWP Proxy]&amp#27;[39m Matched '/element' to command name 'findElement'
[debug] &amp#27;[35m[JSONWP Proxy]&amp#27;[39m Proxying [POST /element] to [POST http://localhost:8201/wd/hub/session/5a27c767-9791-4751-872d-2ed612cd606d/element] with body: {"strategy":"id","selector":"com.Slack:id/next_button_url_entry","context":"","multiple":false}
[debug] &amp#27;[35m[MJSONWP]&amp#27;[39m Matched JSONWP error code 7 to NoSuchElementError
&amp#27;[35m[MJSONWP]&amp#27;[39m Encountered internal error running command: NoSuchElementError: An element could not be located on the page using the given search parameters.
&amp#27;[35m[MJSONWP]&amp#27;[39m     at AndroidUiautomator2Driver.callee$0$0$ (/usr/local/lib/node_modules/appium/node_modul&amp#27;[35m[HTTPes/ap]&amp#27;[39m &amp#27;[37mpium-android-driver/lib/commands/find.js:75:11)
&amp#27;[35m[MJ<-- POST /wd/SONWP]&amp#27;[39m     at tryCatchhub/ (/usr/local/lib/node_modules/appium/node_modules/basession/6c033502-fd88-4722-8b5b-92e91949d161/element &amp#27;[39m&amp#27;[be31m500&amp#27;[39m &amp#27;[90m27 ms - 164&amp#27;[39m
&amp#27;[3l-runtime/regenerator/runtime.js:67:40)
&amp#27;[35m[MJSONWP]&amp#27;[39m     at Genera5m[HTTP]&amp#27;[39m &amp#27;[90m&amp#27;[39m
torFunctionPrototype.invoke [as _invoke] (/usr/local/lib/node_modules/appium/node_modules/babel-runtime/regenerator/runtime.js:315:22)
&amp#27;[35m[MJSONWP]&amp#27;[39m     at GeneratorFunctionPrototype.prototype.(anonymous function) [as throw] (/usr/local/lib/node_modules/appium/node_modules/babel-runtime/r&amp#27;[35m[HTTP]&amp#27;[39m &amp#27;[37m-->&amp#27;[39egenerator/runtime.js:100:21)
&amp#27;[35m[MJm &amp#27;[37mPOST&amp#27;[39m &amp#27;[37m/wd/hub/sessionSONWP]&amp#27;[39m     at GeneratorFunctionPrototype.invoke (/usr/local/lib/node_modules/appium/node_modules/babel-runtime/regenerator/runtime.js:136:37)
/6c033502-fd88-4722-8b5b-92e91949d161/element&amp#27;[39m
&amp#27;[35m[HTTP]&amp#27;[39m &amp#27;[90m{"using":"id","value":"com.Slack:id/next_button_url_entry"}&amp#27;[39m
[debug] &amp#27;[35m[W3C]&amp#27;[39m Calling AppiumDriver.findElement() with args: ["id","com.Slack:id/next_button_url_entry","6c033502-fd88-4722-8b5b-92e91949d161"]
[debug] &amp#27;[35m[BaseDriver]&amp#27;[39m Valid locator strategies for this request: xpath, id, class name, accessibility id, -android uiautomator
[debug] &amp#27;[35m[BaseDriver]&amp#27;[39m Waiting up to 0 ms for condition
[debug] &amp#27;[35m[JSONWP Proxy]&amp#27;[39m Matched '/element' to command name 'findElement'
[debug] &amp#27;[35m[JSONWP Proxy]&amp#27;[39m Proxying [POST /element] to [POST http://localhost:8201/wd/hub/session/5a27c767-9791-4751-872d-2ed612cd606d/element] with body: {"strategy":"id","selector":"com.Slack:id/next_button_url_entry","context":"","multiple":false}
[debug] &amp#27;[35m[MJSONWP]&amp#27;[39m Matched JSONWP error code 7 to NoSuchElementError
&amp#27;[35m[MJSONWP]&amp#27;[39m Encountered internal error running command: NoSuchElementError: An element could not be located on the page using the given search parameters.
&amp#27;[35m[MJSONWP]&amp#27;[39m     at And&amp#27;[35m[HTTP]&amp#27;[39m &amp#27;[37m<-- POST /wd/hub/session/6c033502-fdroidU88-4722-8b5b-9i2e9autom1949d161/element &amp#27;[39m&amp#27;[31m500&amp#27;[39m &amp#27;[ator290m46 ms - 164&amp#27;[39m
&amp#27;[35m[HTTP]&amp#27;[39m &amp#27;[90Driver.callee$0$0$ (/usr/local/lib/nom&amp#27;[39m
de_modules/appium/node_modules/appium-android-driver/lib/commands/find.js:75:11)
&amp#27;[35m[MJSONWP]&amp#27;[39m     at tryCatch (/usr/local/lib/node_modules/appium/node_modules/babel-runtime/regenerator/runtime.js:67:40)
&amp#27;[35m[MJSONWP]&amp#27;[39m     at GeneratorFunctionPrototype.invoke [as _invoke] (/usr/local/lib/node_modules/appium/node_modules/babel-runtime/regenerator/runtime.js:315:22)
&amp#27;[35m[MJSONWP]&amp#27;[39m     at GeneratorFunctionPrototype.prototype.(anonymous function) [as throw] (/usr/local/lib/node_modules/appium/node_modules/babel-runtime/regenerator/runtime.js:100:21)
&amp#27;[35m[MJSONWP]&amp#27;[39m     at GeneratorFunctionPrototype.invoke (/usr/local/lib/node_modules/appium/node_modules/babel-runti&amp#27;[35m[HTTP]&amp#27;[39m &amp#27;[37m-->&amp#27;[39m &amp#27;[37mPOST&amp#27;[39m &amp#27;[37m/wd/hume/regeneratob/sr/runtimese.siojsn/6c033502-fd88-4722-8b5b-92e9:11949d161/element&amp#27;[336:37)
9m
&amp#27;[35m[HTTP]&amp#27;[39m &amp#27;[90m{"using":"id","value":"com.Slack:id/next_button_url_entry"}&amp#27;[39m
[debug] &amp#27;[35m[W3C]&amp#27;[39m Calling AppiumDriver.findElement() with args: ["id","com.Slack:id/next_button_url_entry","6c033502-fd88-4722-8b5b-92e91949d161"]
[debug] &amp#27;[35m[BaseDriver]&amp#27;[39m Valid locator strategies for this request: xpath, id, class name, accessibility id, -android uiautomator
[debug] &amp#27;[35m[BaseDriver]&amp#27;[39m Waiting up to 0 ms for condition
[debug] &amp#27;[35m[JSONWP Proxy]&amp#27;[39m Matched '/element' to command name 'findElement'
[debug] &amp#27;[35m[JSONWP Proxy]&amp#27;[39m Proxying [POST /element] to [POST http://localhost:8201/wd/hub/session/5a27c767-9791-4751-872d-2ed612cd606d/element] with body: {"strategy":"id","selector":"com.Slack:id/next_button_url_entry","context":"","multiple":false}
[debug] &amp#27;[35m[MJSONWP]&amp#27;[39m Matched JSONWP error code 7 to NoSuchElementError
&amp#27;[35m[MJSONWP]&amp#27;[39m Encountered internal error running command: NoSuchElementError: An element could not be located on the page using the given search parameters.
&amp#27;[35m[MJSONWP]&amp#27;[39m &amp#27;[  35  m[HTatTP]&amp#27;[3 A9m &amp#27;[37m<-- POST /wd/hub/session/6c033502-fd88-4722-8b5b-92e91949d161/element &amp#27;[39m&amp#27;[31m500&amp#27;[39m &amp#27;[90m27 ms - 164&amp#27;[39m
&amp#27;[35ndroidm[HTTP]Uiauto&amp#27;[39m &amp#27;[90m&amp#27;[39m
mator2Driver.callee$0$0$ (/usr/local/lib/node_modules/appium/node_modules/appium-android-driver/lib/commands/find.js:75:11)
&amp#27;[35m[MJSONWP]&amp#27;[39m     at tryCatch (/usr/local/lib/node_modules/appium/node_modules/babel-runtime/regenerator/runtime.js:67:40)
&amp#27;[35m[MJSONWP]&amp#27;[39m     at GeneratorFunctionPrototype.invoke [as _invoke] (/usr/local/lib/node_modules/appium/node_modules/babel-runtime/regenerator/runtime.js:315:22)
&amp#27;[35m[MJSONWP]&amp#27;[39m     at GeneratorFunctionPrototype.prototype.(anonymous function) [as throw] (/usr/local/lib/node_modules/appium/node_modules/babel-runtime/regenerator/runtime.js:100:21)
&amp#27;[35m[MJSONWP]&amp#27;[39m   &amp#27;[35m[  HTat TPGenera]&amp#27;[39m &amp#27;[37m-->&amp#27;[39m &amp#27;[37mPOST&amp#27;[3torFu9mnc &amp#27;ti[3on7m/wd/hPrub/session/6cototype.invok03e (/usr/3502-fd88-4loc722-8al/lib/nb5b-92e9od1949d161/elemee_mntodul&amp#27;[3es/app9miu
m/n&amp#27;[35mod[HTTe_modP]&amp#27;[39mul &amp#27;es/bab[90m{el-runtime/regenerat"usiorng":"id"/runtime,".jvalue":"com.Ss:136:3lack:id/n7)ex
t_button_url_entry"}&amp#27;[39m
[debug] &amp#27;[35m[W3C]&amp#27;[39m Calling AppiumDriver.findElement() with args: ["id","com.Slack:id/next_button_url_entry","6c033502-fd88-4722-8b5b-92e91949d161"]
[debug] &amp#27;[35m[BaseDriver]&amp#27;[39m Valid locator strategies for this request: xpath, id, class name, accessibility id, -android uiautomator
[debug] &amp#27;[35m[BaseDriver]&amp#27;[39m Waiting up to 0 ms for condition
[debug] &amp#27;[35m[JSONWP Proxy]&amp#27;[39m Matched '/element' to command name 'findElement'
[debug] &amp#27;[35m[JSONWP Proxy]&amp#27;[39m Proxying [POST /element] to [POST http://localhost:8201/wd/hub/session/5a27c767-9791-4751-872d-2ed612cd606d/element] with body: {"strategy":"id","selector":"com.Slack:id/next_button_url_entry","context":"","multiple":false}
[debug] &amp#27;[35m[MJSONWP]&amp#27;[39m Matched JSONWP error code 7 to NoSuchElementError
&amp#27;[35m[MJSONWP]&amp#27;[39m Encountered internal error running command: NoSuchElementError: An element could not be located on the page using the given search parameters.
&amp#27;[35m[MJSONWP]&amp#27;[39m     at AndroidUiautomator2Driver.callee$0$0$ (/usr/local/lib/node_&amp#27;[mo35m[dulesHTTP]&amp#27;[39m &amp#27;[37m<-- POST /a/wppium/nodd/e_mohudulb/es/appium-asendssiroon/6id-dc033502-fd88-47riv22-8b5b-9er2e91949/ld1ib/c61/elemoment &amp#27;[39m&amp#27;[31m500&amp#27;[ma39ndm &amp#27;s/find.js:7[95:110m27)
&amp#27;[35m[M ms - 164&amp#27;[39m
&amp#27;[3JS5m[HONWPTTP]&amp#27;]&amp#27;[39m [39m &amp#27;[   90m a&amp#27;[t t39m
ryCatch (/usr/local/lib/node_modules/appium/node_modules/babel-runtime/regenerator/runtime.js:67:40)
&amp#27;[35m[MJSONWP]&amp#27;[39m     at GeneratorFunctionPrototype.invoke [as _invoke] (/usr/local/lib/node_modules/appium/node_modules/babel-runtime/regenerator/runtime.js:315:22)
&amp#27;[35m[MJSONWP]&amp#27;[39m     at GeneratorFunctionPrototype.prototype.(anonymous function) [as throw] (/usr/local/lib/node_modules/appium/node_modules/babel-runtime/regenerator/runtime.js:100:21)
&amp#27;[35m[MJSONWP]&amp#27;[39m     at GeneratorFunctionPrototype.invoke (/usr/local/lib/node_modules/appium/node_modules/babel-runtime/regenerator/runtime.js:136:37)
&amp#27;[35m[HTTP]&amp#27;[39m &amp#27;[37m-->&amp#27;[39m &amp#27;[37mPOST&amp#27;[39m &amp#27;[37m/wd/hub/session/6c033502-fd88-4722-8b5b-92e91949d161/element&amp#27;[39m
&amp#27;[35m[HTTP]&amp#27;[39m &amp#27;[90m{"using":"id","value":"com.Slack:id/next_button_url_entry"}&amp#27;[39m
[debug] &amp#27;[35m[W3C]&amp#27;[39m Calling AppiumDriver.findElement() with args: ["id","com.Slack:id/next_button_url_entry","6c033502-fd88-4722-8b5b-92e91949d161"]
[debug] &amp#27;[35m[BaseDriver]&amp#27;[39m Valid locator strategies for this request: xpath, id, class name, accessibility id, -android uiautomator
[debug] &amp#27;[35m[BaseDriver]&amp#27;[39m Waiting up to 0 ms for condition
[debug] &amp#27;[35m[JSONWP Proxy]&amp#27;[39m Matched '/element' to command name 'findElement'
[debug] &amp#27;[35m[JSONWP Proxy]&amp#27;[39m Proxying [POST /element] to [POST http://localhost:8201/wd/hub/session/5a27c767-9791-4751-872d-2ed612cd606d/element] with body: {"strategy":"id","selector":"com.Slack:id/next_button_url_entry","context":"","multiple":false}
[debug] &amp#27;[35m[MJSONWP]&amp#27;[39m Matched JSONWP error code 7 to NoSuchElementError
&amp#27;[35m[MJSONWP]&amp#27;[39m Encountered internal error running command: NoSuchElementError: An element could not be located on the page using the given search parameters.
&amp#27;[35m[MJSONWP]&amp#27;[39m     at AndroidUiautomator2Driver.callee$0$0$ (/usr/local/lib/node_modules/appium/node_modules/appium-android-driver/lib/commands/find.js:75:11)
&amp#27;[35m[MJSONWP]&amp#27;[39m     at tryCatch (/usr/local/lib/node_modules/appium/node_modules/babel-runtime/regen&amp#27;[35merator/runtime.js[HTTP]&amp#27;[39m &amp#27;[37m<-- POST /wd/hub/session/6c033502-fd88-4722-8b5b-92e91949d161/element &amp#27;[39m&amp#27;[31m500&amp#27;[39m &amp#27;[:6790m21 ms - 164&amp#27;[39m
&amp#27;[35m[HTT:40)
&amp#27;[35m[MJSONWP]&amp#27;[39m     at GeneP]&amp#27;[39m &amp#27;[90rm&amp#27;[39m
atorFunctionPrototype.invoke [as _invoke] (/usr/local/lib/node_modules/appium/node_modules/babel-runtime/regenerator/runtime.js:315:22)
&amp#27;[35m[MJSONWP]&amp#27;[39m     at GeneratorFunctionPrototype.prototype.(anonymous function) [as throw] (/usr/local/lib/node_modules/appium/node_modules/babel-runtime/regenerator/runtime.js:100:21)
&amp#27;[35m[MJSONWP]&amp#27;[39m     at GeneratorFunctionPrototype.invoke (/usr/local/lib/node_modules/appium/node_modules/babel-runtime/regenerator/runtime.js:136:37)
&amp#27;[35m[HTTP]&amp#27;[39m &amp#27;[37m-->&amp#27;[39m &amp#27;[37mPOST&amp#27;[39m &amp#27;[37m/wd/hub/session/6c033502-fd88-4722-8b5b-92e91949d161/element&amp#27;[39m
&amp#27;[35m[HTTP]&amp#27;[39m &amp#27;[90m{"using":"id","value":"com.Slack:id/next_button_url_entry"}&amp#27;[39m
[debug] &amp#27;[35m[W3C]&amp#27;[39m Calling AppiumDriver.findElement() with args: ["id","com.Slack:id/next_button_url_entry","6c033502-fd88-4722-8b5b-92e91949d161"]
[debug] &amp#27;[35m[BaseDriver]&amp#27;[39m Valid locator strategies for this request: xpath, id, class name, accessibility id, -android uiautomator
[debug] &amp#27;[35m[BaseDriver]&amp#27;[39m Waiting up to 0 ms for condition
[debug] &amp#27;[35m[JSONWP Proxy]&amp#27;[39m Matched '/element' to command name 'findElement'
[debug] &amp#27;[35m[JSONWP Proxy]&amp#27;[39m Proxying [POST /element] to [POST http://localhost:8201/wd/hub/session/5a27c767-9791-4751-872d-2ed612cd606d/element] with body: {"strategy":"id","selector":"com.Slack:id/next_button_url_entry","context":"","multiple":false}
[debug] &amp#27;[35m[MJSONWP]&amp#27;[39m Matched JSONWP error code 7 to NoSuchElementError
&amp#27;[35m[MJSONWP]&amp#27;[39m Encountered internal error running command: NoSuchElementError: An element could not be located on the page using the given search parameters.
&amp#27;[35m[MJSONWP]&amp#27;[39m     at AndroidUiautomator2Driver.callee$0$0$ (/usr/local/lib/node_modules/appium/node_modules/appium-android-driver/lib/commands/find.js:75:11)
&amp#27;[35m[MJSONWP]&amp#27;[&amp#27;[35m[HTTP]&amp#27;[39m &amp#27;[37m<-- POST /wd/hub/session/6c033502-fd88-4722-8b5b-92e91949d161/element &amp#27;[39m&amp#27;[31m500&amp#27;[39m &amp#27;[939m0m35 ms - 164&amp#27;[39m
&amp#27;[35m[HTTP]&amp#27;[39m &amp#27;[90m&amp#27;[39m
     at tryCatch (/usr/local/lib/node_modules/appium/node_modules/babel-runtime/regenerator/runtime.js:67:40)
&amp#27;[35m[MJSONWP]&amp#27;[39m     at GeneratorFunctionPrototype.invoke [as _invoke] (/usr/local/lib/node_modules/appium/node_modules/babel-runtime/regenerator/runtime.js:315:22)
&amp#27;[35m[MJSONWP]&amp#27;[39m     at GeneratorFunctionPrototype.prototype.(anonymous function) [as throw] (/usr/local/lib/node_modules/appium/node_modules/babel-runtime/regenerator/runtime.js:100:21)
&amp#27;[35m[MJSONWP]&amp#27;[39m     at GeneratorFunctionPrototype.invoke (/usr/local/lib/node_modules/appium/node_modules/babel-runtime/regenerator/runtime.js:136:37)
&amp#27;[35m[HTTP]&amp#27;[39m &amp#27;[37m-->&amp#27;[39m &amp#27;[37mPOST&amp#27;[39m &amp#27;[37m/wd/hub/session/6c033502-fd88-4722-8b5b-92e91949d161/element&amp#27;[39m
&amp#27;[35m[HTTP]&amp#27;[39m &amp#27;[90m{"using":"id","value":"com.Slack:id/next_button_url_entry"}&amp#27;[39m
[debug] &amp#27;[35m[W3C]&amp#27;[39m Calling AppiumDriver.findElement() with args: ["id","com.Slack:id/next_button_url_entry","6c033502-fd88-4722-8b5b-92e91949d161"]
[debug] &amp#27;[35m[BaseDriver]&amp#27;[39m Valid locator strategies for this request: xpath, id, class name, accessibility id, -android uiautomator
[debug] &amp#27;[35m[BaseDriver]&amp#27;[39m Waiting up to 0 ms for condition
[debug] &amp#27;[35m[JSONWP Proxy]&amp#27;[39m Matched '/element' to command name 'findElement'
[debug] &amp#27;[35m[JSONWP Proxy]&amp#27;[39m Proxying [POST /element] to [POST http://localhost:8201/wd/hub/session/5a27c767-9791-4751-872d-2ed612cd606d/element] with body: {"strategy":"id","selector":"com.Slack:id/next_button_url_entry","context":"","multiple":false}
[debug] &amp#27;[35m[MJSONWP]&amp#27;[39m Matched JSONWP error code 7 to NoSuchElementError
&amp#27;[35m[MJSONWP]&amp#27;[39m Encountered internal error running command: NoSuchElementError: An element could not be located on the page using the given search parameters.
&amp#27;[35m[MJSONWP]&amp#27;[39m     at AndroidUiautomator2Driver.callee$0$0$ (/usr/local/lib/node_modules/appium/node_modules/appium-android-driver/lib/commands/find.js:75:11)
&amp#27;[35m[MJSONWP]&amp#27;[39m     &amp#27;[35at tryCatch m[HTTP]&amp#27;[39m &amp#27;[37m<(/usr/local/lib/node_modules/appium/node_mod-- POST /wd/hub/session/6c033502-fd88-4722-8b5bules/babel-runtime/regenerator/runtim-92ee.js:67:40)
&amp#27;[35m[MJSONWP]&amp#27;[9194939m     ad161/element &amp#27;[39m&amp#27;[31m500&amp#27;[39m &amp#27;[90m26 ms - 164&amp#27;[39m
&amp#27;[35m[HTTP]&amp#27;[39m &amp#27;[90m&amp#27;[3t GeneratorFunct9m
ionPrototype.invoke [as _invoke] (/usr/local/lib/node_modules/appium/node_modules/babel-runtime/regenerator/runtime.js:315:22)
&amp#27;[35m[MJSONWP]&amp#27;[39m     at GeneratorFunctionPrototype.prototype.(anonymous function) [as throw] (/usr/local/lib/node_modules/appium/node_modules/babel-runtime/regenerator/runtime.js:100:21)
&amp#27;[35m[MJSONWP]&amp#27;[39m     at GeneratorFunctionPrototype.invoke (/usr/local/lib/node_modules/appium/n&amp#27;[od35m[HTTPe_modules/babel-runtime/regenerato]&amp#27;[3r/runtime.js:1369m &amp#27;[37m--:37)
>&amp#27;[39m &amp#27;[37mPOST&amp#27;[39m &amp#27;[37m/wd/hub/session/6c033502-fd88-4722-8b5b-92e91949d161/element&amp#27;[39m
&amp#27;[35m[HTTP]&amp#27;[39m &amp#27;[90m{"using":"id","value":"com.Slack:id/next_button_url_entry"}&amp#27;[39m
[debug] &amp#27;[35m[W3C]&amp#27;[39m Calling AppiumDriver.findElement() with args: ["id","com.Slack:id/next_button_url_entry","6c033502-fd88-4722-8b5b-92e91949d161"]
[debug] &amp#27;[35m[BaseDriver]&amp#27;[39m Valid locator strategies for this request: xpath, id, class name, accessibility id, -android uiautomator
[debug] &amp#27;[35m[BaseDriver]&amp#27;[39m Waiting up to 0 ms for condition
[debug] &amp#27;[35m[JSONWP Proxy]&amp#27;[39m Matched '/element' to command name 'findElement'
[debug] &amp#27;[35m[JSONWP Proxy]&amp#27;[39m Proxying [POST /element] to [POST http://localhost:8201/wd/hub/session/5a27c767-9791-4751-872d-2ed612cd606d/element] with body: {"strategy":"id","selector":"com.Slack:id/next_button_url_entry","context":"","multiple":false}
[debug] &amp#27;[35m[MJSONWP]&amp#27;[39m Matched JSONWP error code 7 to NoSuchElementError
&amp#27;[35m[MJSONWP]&amp#27;[39m Encountered internal error running command: NoSuchElementError: An element could not be located on the page using the given search parameters.
&amp#27;[35m[MJSONWP]&amp#27;[39m     at AndroidUiautomator2Driver.callee$0$0$ (/usr/local/lib/node_modules/appium/node_modules/appium-android-driver/lib/commands/find.js:75:11)
&amp#27;[35m[MJSONWP]&amp#27;[39m     at &amp#27;[3tr5m[HTTyCatPch (]&amp#27;[39m /usr/local/lib/n&amp#27;[37mode_m<-- odules/appium/node_modules/babel-runtime/regenerator/runtimePOST /.js:67wd/:40)
&amp#27;[35m[MJSONWP]&amp#27;[39m   hub/s  ates GeneratorFunctionPrototype.insiovoke [as _invoke] (/usr/local/lin/6c0b/node3350_modules/appium/node_modules/babel-runtime/regenerator/runtime.js:315:22)
&amp#27;[35m[MJSONWP]&amp#27;[39m 2-fd88-4722    -8b5b-92eat91949d161/elemen GeneratorFunctionPrott &amp#27;[39m&amp#27;otype.pro[3totyp1m500&amp#27;[39m &amp#27;e.[90m22 ms - 1(ano64&amp#27;[39m
nymous function) [as throw] (/usr/local/lib/node_modules/appium/node_modules/babel-runtime&amp#27;[3/regenerator/r5munt[HTimTPe.js]&amp#27;:100[39m:2 &amp#27;[1)
&amp#27;[90m&amp#27;[39m
35m[MJSONWP]&amp#27;[39m     at GeneratorFunctionPrototype.invoke (/usr/local/lib/node_modules/appium/node_modules/babel-runtime/regenerator/runtime.js:136:37)
&amp#27;[35m[HTTP]&amp#27;[39m &amp#27;[37m-->&amp#27;[39m &amp#27;[37mPOST&amp#27;[39m &amp#27;[37m/wd/hub/session/6c033502-fd88-4722-8b5b-92e91949d161/element&amp#27;[39m
&amp#27;[35m[HTTP]&amp#27;[39m &amp#27;[90m{"using":"id","value":"com.Slack:id/next_button_url_entry"}&amp#27;[39m
[debug] &amp#27;[35m[W3C]&amp#27;[39m Calling AppiumDriver.findElement() with args: ["id","com.Slack:id/next_button_url_entry","6c033502-fd88-4722-8b5b-92e91949d161"]
[debug] &amp#27;[35m[BaseDriver]&amp#27;[39m Valid locator strategies for this request: xpath, id, class name, accessibility id, -android uiautomator
[debug] &amp#27;[35m[BaseDriver]&amp#27;[39m Waiting up to 0 ms for condition
[debug] &amp#27;[35m[JSONWP Proxy]&amp#27;[39m Matched '/element' to command name 'findElement'
[debug] &amp#27;[35m[JSONWP Proxy]&amp#27;[39m Proxying [POST /element] to [POST http://localhost:8201/wd/hub/session/5a27c767-9791-4751-872d-2ed612cd606d/element] with body: {"strategy":"id","selector":"com.Slack:id/next_button_url_entry","context":"","multiple":false}
[debug] &amp#27;[35m[MJSONWP]&amp#27;[39m Matched JSONWP error code 7 to NoSuchElementError
&amp#27;[35m[MJSONWP]&amp#27;[39m Encountered internal error running command: NoSuchElementError: An element could not be located on the page using the given search parameters.
&amp#27;[35m[MJSONWP]&amp#27;[39m     at AndroidUiautomator2Driver.callee$0$0$ (/usr/local/lib/node_modules/appium/node_modules/a&amp#27;[35m[HTTP]&amp#27;[ppium-and39roidm &amp#27;-driver[3/li7m<-- Pb/commanOST /wd/hds/fiub/snd.essijs:7on5:11)
&amp#27;[/6c03350235m-fd88-4722-[8MJSONWP]&amp#27;b[35b-92e91949d161/element &amp#27;[39m&amp#27;[31m500&amp#27;[39m9m     at &amp#27; tryC[90m23 ms - 164&amp#27;[atch (/us39r/lom
cal/l&amp#27;[35m[HTTPib]&amp#27;[39m /n&amp#27;[90m&amp#27;[39m
ode_modules/appium/node_modules/babel-runtime/regenerator/runtime.js:67:40)
&amp#27;[35m[MJSONWP]&amp#27;[39m     at GeneratorFunctionPrototype.invoke [as _invoke] (/usr/local/lib/node_modules/appium/node_modules/babel-runtime/regenerator/runtime.js:315:22)
&amp#27;[35m[MJSONWP]&amp#27;[39m     at GeneratorFunctionPrototype.prototype.(anonymous function) [as throw] (/usr/local/lib/node_modules/appium/node_modules/babel-runtime/regenerator/runtime.js:100:21)
&amp#27;[35m[MJSONWP]&amp#27;[39m     at GeneratorFunctionPrototype.invoke (/usr/local/lib/node_modules/appium/node_modules/babel-runtime/regenerator/runtime.js:136:37)
&amp#27;[35m[HTTP]&amp#27;[39m &amp#27;[37m-->&amp#27;[39m &amp#27;[37mPOST&amp#27;[39m &amp#27;[37m/wd/hub/session/6c033502-fd88-4722-8b5b-92e91949d161/element&amp#27;[39m
&amp#27;[35m[HTTP]&amp#27;[39m &amp#27;[90m{"using":"id","value":"com.Slack:id/next_button_url_entry"}&amp#27;[39m
[debug] &amp#27;[35m[W3C]&amp#27;[39m Calling AppiumDriver.findElement() with args: ["id","com.Slack:id/next_button_url_entry","6c033502-fd88-4722-8b5b-92e91949d161"]
[debug] &amp#27;[35m[BaseDriver]&amp#27;[39m Valid locator strategies for this request: xpath, id, class name, accessibility id, -android uiautomator
[debug] &amp#27;[35m[BaseDriver]&amp#27;[39m Waiting up to 0 ms for condition
[debug] &amp#27;[35m[JSONWP Proxy]&amp#27;[39m Matched '/element' to command name 'findElement'
[debug] &amp#27;[35m[JSONWP Proxy]&amp#27;[39m Proxying [POST /element] to [POST http://localhost:8201/wd/hub/session/5a27c767-9791-4751-872d-2ed612cd606d/element] with body: {"strategy":"id","selector":"com.Slack:id/next_button_url_entry","context":"","multiple":false}
[debug] &amp#27;[35m[MJSONWP]&amp#27;[39m Matched JSONWP error code 7 to NoSuchElementError
&amp#27;[35m[MJSONWP]&amp#27;[39m Encountered internal error running command: NoSuchElementError: An element could not be located on the page using the given search parameters.
&amp#27;[35m[MJSONWP]&amp#27;[39m     at AndroidUiautomator2Driver.callee$0$0$ (/usr/local/lib/node_modules/appium/node_modules/appium-an&amp#27;[35m[HTTP]&amp#27;[39m &amp#27;[37m<-- POST /wd/hub/session/6c033502-fd88-4722-8b5b-92e91949d161/edrolemeidnt &amp#27;[39m&amp#27;[31m500&amp#27;[39m &amp#27;[90m22 ms - 164&amp#27;[39m
&amp#27;[35m[HTTP]&amp#27;[39m &amp#27;[90m&amp#27;[39m
-driver/lib/commands/find.js:75:11)
&amp#27;[35m[MJSONWP]&amp#27;[39m     at tryCatch (/usr/local/lib/node_modules/appium/node_modules/babel-runtime/regenerator/runtime.js:67:40)
&amp#27;[35m[MJSONWP]&amp#27;[39m     at GeneratorFunctionPrototype.invoke [as _invoke] (/usr/local/lib/node_modules/appium/node_modules/babel-runtime/regenerator/runtime.js:315:22)
&amp#27;[35m[MJSONWP]&amp#27;[39m     at GeneratorFunctionPrototype.prototype.(anonymous function) [as throw] (/usr/local/lib/node_modules/appium/node_modules/babel-runtime/regenerator/runtime.js:100:21)
&amp#27;[35m[MJSONWP]&amp#27;[39m     at GeneratorFunctionPrototype.invoke (/usr/local/lib/node_modules/appium/node_modules/babel-runtime/regenerator/runtime.js:136:37)
&amp#27;[35m[HTTP]&amp#27;[39m &amp#27;[37m-->&amp#27;[39m &amp#27;[37mPOST&amp#27;[39m &amp#27;[37m/wd/hub/session/6c033502-fd88-4722-8b5b-92e91949d161/element&amp#27;[39m
&amp#27;[35m[HTTP]&amp#27;[39m &amp#27;[90m{"using":"id","value":"com.Slack:id/next_button_url_entry"}&amp#27;[39m
[debug] &amp#27;[35m[W3C]&amp#27;[39m Calling AppiumDriver.findElement() with args: ["id","com.Slack:id/next_button_url_entry","6c033502-fd88-4722-8b5b-92e91949d161"]
[debug] &amp#27;[35m[BaseDriver]&amp#27;[39m Valid locator strategies for this request: xpath, id, class name, accessibility id, -android uiautomator
[debug] &amp#27;[35m[BaseDriver]&amp#27;[39m Waiting up to 0 ms for condition
[debug] &amp#27;[35m[JSONWP Proxy]&amp#27;[39m Matched '/element' to command name 'findElement'
[debug] &amp#27;[35m[JSONWP Proxy]&amp#27;[39m Proxying [POST /element] to [POST http://localhost:8201/wd/hub/session/5a27c767-9791-4751-872d-2ed612cd606d/element] with body: {"strategy":"id","selector":"com.Slack:id/next_button_url_entry","context":"","multiple":false}
[debug] &amp#27;[35m[MJSONWP]&amp#27;[39m Matched JSONWP error code 7 to NoSuchElementError
&amp#27;[35m[MJSONWP]&amp#27;[39m Encountered internal error running command: NoSuchElementError: An element could not be located on the page using the given search parameters.
&amp#27;[35m[MJSONWP]&amp#27;[39m     at AndroidUiautomator2Driver.callee$0$0$ (/usr/local/lib/node_modules/appium/node_modules/appium-android-driver/lib/commands/find.js:75:11)
&amp#27;[35m[MJSONWP]&amp#27;[39m     at tryCatch (/usr/local/lib/node_modules/appium/node_modules/babel-runtime/regenerator/runtime.js:67:40)
&amp#27;[35m[MJSONWP]&amp#27;[39m     at GeneratorFunctionPrototype.invoke [as _invoke] (/usr/local/lib/node_modules/appium/node_modules/babel-runtime/regenerator/runtime.js:315:22)
&amp#27;[35m[MJSONWP]&amp#27;[39m     at GeneratorFunctionPrototype.prototype.(anonymous function) [as throw] (/usr/local/lib/node_modules/appium/node_modules/babel-runtime/regenerator/runtime.js:100:21)
&amp#27;[35m[MJSONWP]&amp#27;[39m     at GeneratorFunctionPrototype.invoke (/usr/local/lib/node_modules/appium/node_modules/babel-runtime/regenerator/runtime.js:136:37)
&amp#27;[35m[HTTP]&amp#27;[39m &amp#27;[37m<-- POST /wd/hub/session/6c033502-fd88-4722-8b5b-92e91949d161/element &amp#27;[39m&amp#27;[31m500&amp#27;[39m &amp#27;[90m32 ms - 164&amp#27;[39m
&amp#27;[35m[HTTP]&amp#27;[39m &amp#27;[90m&amp#27;[39m
&amp#27;[35m[HTTP]&amp#27;[39m &amp#27;[37m-->&amp#27;[39m &amp#27;[37mPOST&amp#27;[39m &amp#27;[37m/wd/hub/session/6c033502-fd88-4722-8b5b-92e91949d161/element&amp#27;[39m
&amp#27;[35m[HTTP]&amp#27;[39m &amp#27;[90m{"using":"id","value":"com.Slack:id/next_button_url_entry"}&amp#27;[39m
[debug] &amp#27;[35m[W3C]&amp#27;[39m Calling AppiumDriver.findElement() with args: ["id","com.Slack:id/next_button_url_entry","6c033502-fd88-4722-8b5b-92e91949d161"]
[debug] &amp#27;[35m[BaseDriver]&amp#27;[39m Valid locator strategies for this request: xpath, id, class name, accessibility id, -android uiautomator
[debug] &amp#27;[35m[BaseDriver]&amp#27;[39m Waiting up to 0 ms for condition
[debug] &amp#27;[35m[JSONWP Proxy]&amp#27;[39m Matched '/element' to command name 'findElement'
[debug] &amp#27;[35m[JSONWP Proxy]&amp#27;[39m Proxying [POST /element] to [POST http://localhost:8201/wd/hub/session/5a27c767-9791-4751-872d-2ed612cd606d/element] with body: {"strategy":"id","selector":"com.Slack:id/next_button_url_entry","context":"","multiple":false}
[debug] &amp#27;[35m[MJSONWP]&amp#27;[39m Matched JSONWP error code 7 to NoSuchElementError
&amp#27;[35m[MJSONWP]&amp#27;[39m Encountered internal error running command: NoSuchElementError: An element could not be located on the page using the given search parameters.
&amp#27;[35m[MJSONWP]&amp#27;[39m     at AndroidUiautomator2Driver.callee$0$0$ (/usr/local/lib/node_modules/appium/node_modules/appium-android-driver/lib/commands/find.js:75:11)
&amp#27;[35m[MJS&amp#27;[3ONWP]&amp#27;5m[39m  [HTT   at tryP]Ca&amp#27;[tch39m  (/usr/loc&amp#27;[al/l37m<-- POST /wibd//nhuode_mb/sessionod/6c03ul3502es/-fd88-472appi2-um/n8b5bode_m-92e9odule194s/babel-r9d161/elemeuntime/regennt erat&amp#27;[3or/r9m&amp#27;untime.js[3:67:40)
&amp#27;[351m500m[&amp#27;[MJ39m &amp#27;[90SONWP]&amp#27;[39m  m22 ms - 164&amp#27;[39m
   at Gener&amp#27;[at35orFunctiom[HTTP]&amp#27;nPrototy[39mp &amp#27;[90m&amp#27;[39m
e.invoke [as _invoke] (/usr/local/lib/node_modules/appium/node_modules/babel-runtime/regenerator/runtime.js:315:22)
&amp#27;[35m[MJSONWP]&amp#27;[39m     at GeneratorFunctionPrototype.prototype.(anonymous function) [as throw] (/usr/local/lib/node_modules/appium/node_modules/babel-runtime/regenerator/runtime.js:100:21)
&amp#27;[35m[MJSONWP]&amp#27;[39m     at GeneratorFunctionPrototype.invoke (/usr/local/lib/node_modules/appium/node_modules/babel-runtime/regenerator/runtime.js:136:37)
&amp#27;[35m[HTTP]&amp#27;[39m &amp#27;[37m-->&amp#27;[39m &amp#27;[37mPOST&amp#27;[39m &amp#27;[37m/wd/hub/session/6c033502-fd88-4722-8b5b-92e91949d161/element&amp#27;[39m
&amp#27;[35m[HTTP]&amp#27;[39m &amp#27;[90m{"using":"id","value":"com.Slack:id/next_button_url_entry"}&amp#27;[39m
[debug] &amp#27;[35m[W3C]&amp#27;[39m Calling AppiumDriver.findElement() with args: ["id","com.Slack:id/next_button_url_entry","6c033502-fd88-4722-8b5b-92e91949d161"]
[debug] &amp#27;[35m[BaseDriver]&amp#27;[39m Valid locator strategies for this request: xpath, id, class name, accessibility id, -android uiautomator
[debug] &amp#27;[35m[BaseDriver]&amp#27;[39m Waiting up to 0 ms for condition
[debug] &amp#27;[35m[JSONWP Proxy]&amp#27;[39m Matched '/element' to command name 'findElement'
[debug] &amp#27;[35m[JSONWP Proxy]&amp#27;[39m Proxying [POST /element] to [POST http://localhost:8201/wd/hub/session/5a27c767-9791-4751-872d-2ed612cd606d/element] with body: {"strategy":"id","selector":"com.Slack:id/next_button_url_entry","context":"","multiple":false}
[debug] &amp#27;[35m[MJSONWP]&amp#27;[39m Matched JSONWP error code 7 to NoSuchElementError
&amp#27;[35m[MJSONWP]&amp#27;[39m Encountered internal error running command: NoSuchElementError: An element could not be located on the page using the given search parameters.
&amp#27;[35m[MJSONWP]&amp#27;[39m     at AndroidUiautomator2Driver.callee$0$0$ (/usr/local/lib/node_modules/appium/node_modules/appium-android-driver/lib/commands/find.js:75:11)
&amp#27;[35m[MJSONWP]&amp#27;[39m     at tryCatch (/usr/local/lib/node_modules/appium/node_modules/babel-runtime/regenerator/runtime.js:67:40)
&amp#27;[35m[MJSONWP]&amp#27;[39m     at GeneratorFunctionPrototype.invoke [as _invoke] (/usr/local/lib/node_modules/appium/node_modules/babel-runtime/regenerator/runtime.js:315:22)
&amp#27;[35m[MJSONWP]&amp#27;[39m     at GeneratorFunctionPrototype.prototype.(anonymous function) [as throw] (/usr/local/lib/node_modules/appium/node_modules/babel-runtime/regenerator/runtime.js:100:21)
&amp#27;[35m[MJSONWP]&amp#27;[39m     at GeneratorFunctionPrototype.invoke (/usr/local/lib/node_modules/appium/node_modules/babel-runtime/regenerator/runtime.js:136:37)
&amp#27;[35m[HTTP]&amp#27;[39m &amp#27;[37m<-- POST /wd/hub/session/6c033502-fd88-4722-8b5b-92e91949d161/element &amp#27;[39m&amp#27;[31m500&amp#27;[39m &amp#27;[90m35 ms - 164&amp#27;[39m
&amp#27;[35m[HTTP]&amp#27;[39m &amp#27;[90m&amp#27;[39m
&amp#27;[35m[HTTP]&amp#27;[39m &amp#27;[37m-->&amp#27;[39m &amp#27;[37mPOST&amp#27;[39m &amp#27;[37m/wd/hub/session/6c033502-fd88-4722-8b5b-92e91949d161/element&amp#27;[39m
&amp#27;[35m[HTTP]&amp#27;[39m &amp#27;[90m{"using":"id","value":"com.Slack:id/next_button_url_entry"}&amp#27;[39m
[debug] &amp#27;[35m[W3C]&amp#27;[39m Calling AppiumDriver.findElement() with args: ["id","com.Slack:id/next_button_url_entry","6c033502-fd88-4722-8b5b-92e91949d161"]
[debug] &amp#27;[35m[BaseDriver]&amp#27;[39m Valid locator strategies for this request: xpath, id, class name, accessibility id, -android uiautomator
[debug] &amp#27;[35m[BaseDriver]&amp#27;[39m Waiting up to 0 ms for condition
[debug] &amp#27;[35m[JSONWP Proxy]&amp#27;[39m Matched '/element' to command name 'findElement'
[debug] &amp#27;[35m[JSONWP Proxy]&amp#27;[39m Proxying [POST /element] to [POST http://localhost:8201/wd/hub/session/5a27c767-9791-4751-872d-2ed612cd606d/element] with body: {"strategy":"id","selector":"com.Slack:id/next_button_url_entry","context":"","multiple":false}
[debug] &amp#27;[35m[MJSONWP]&amp#27;[39m Matched JSONWP error code 7 to NoSuchElementError
&amp#27;[35m[MJSONWP]&amp#27;[39m Encountered internal error running command: NoSuchElementError: An element could not be located on the page using the given search parameters.
&amp#27;[35m[MJSONWP]&amp#27;[39m     at AndroidUiautomator2Driver.callee$0$0$ (/usr/local/lib/node_modules/appium/node_modules/appium-android-driver/lib/commands/find.js:75:11)
&amp#27;[35m[MJSONWP]&amp#27;[39m     at tryCatch (/usr/local/lib/node_modules/appium/node_modules/babel-runtime/regenerator/runtime.js:67:40)
&amp#27;[35m[MJSONWP]&amp#27;[39m     at GeneratorFunctionPrototype.invoke [as _invoke] (/usr/local/lib/node_modules/appium/node_modules/babel-runtime/regenerator/runtime.js:315:22)
&amp#27;[35m[MJSONWP]&amp#27;[&amp#27;[39m 35  m[  HTat GTPen]&amp#27;[3er9mat &amp#27;or[37m<-- FuPOST nc/wd/hub/sestionsiPrototype.pon/6rototc033502-fyped8.(a8-4722-8b5bnonymou-9s fu2e91nction) [a949d16s 1/thelement &amp#27;ro[39mw] &amp#27;[(31m500&amp#27;[39/usrm /l&amp#27;[90moc29 ms -a 16l/4&amp#27;li[39m
b/no&amp#27;[35m[HTTPde]&amp#27;[39m &amp#27;[90m&amp#27;[39m
_modules/appium/node_modules/babel-runtime/regenerator/runtime.js:100:21)
&amp#27;[35m[MJSONWP]&amp#27;[39m     at GeneratorFunctionPrototype.invoke (/usr/local/lib/node_modules/appium/node_modules/babel-runtime/regenerator/runtime.js:136:37)
&amp#27;[35m[HTTP]&amp#27;[39m &amp#27;[37m-->&amp#27;[39m &amp#27;[37mPOST&amp#27;[39m &amp#27;[37m/wd/hub/session/6c033502-fd88-4722-8b5b-92e91949d161/element&amp#27;[39m
&amp#27;[35m[HTTP]&amp#27;[39m &amp#27;[90m{"using":"id","value":"com.Slack:id/next_button_url_entry"}&amp#27;[39m
[debug] &amp#27;[35m[W3C]&amp#27;[39m Calling AppiumDriver.findElement() with args: ["id","com.Slack:id/next_button_url_entry","6c033502-fd88-4722-8b5b-92e91949d161"]
[debug] &amp#27;[35m[BaseDriver]&amp#27;[39m Valid locator strategies for this request: xpath, id, class name, accessibility id, -android uiautomator
[debug] &amp#27;[35m[BaseDriver]&amp#27;[39m Waiting up to 0 ms for condition
[debug] &amp#27;[35m[JSONWP Proxy]&amp#27;[39m Matched '/element' to command name 'findElement'
[debug] &amp#27;[35m[JSONWP Proxy]&amp#27;[39m Proxying [POST /element] to [POST http://localhost:8201/wd/hub/session/5a27c767-9791-4751-872d-2ed612cd606d/element] with body: {"strategy":"id","selector":"com.Slack:id/next_button_url_entry","context":"","multiple":false}
[debug] &amp#27;[35m[MJSONWP]&amp#27;[39m Matched JSONWP error code 7 to NoSuchElementError
&amp#27;[35m[MJSONWP]&amp#27;[39m Encountered internal error running command: NoSuchElementError: An element could not be located on the page using the given search parameters.
&amp#27;[35m[MJSONWP]&amp#27;[39m     at AndroidUiautomator2Driver.callee$0$0$ (/usr/local/lib/node_modules/appium/node_modules/appium-android-driver/lib/commands/find.js:75:11)
&amp#27;[35m[MJSONWP]&amp#27;[39m     at tryCatch (/usr/local/lib/node_modules/appium/node_modules/babel-runtime/regenerator/runtime.js:67:40)
&amp#27;[35m[MJSONWP]&amp#27;[39m     at GeneratorFunctionPrototype.invoke [as _invoke] (/usr/local/lib/node_modules/appium/node_modu&amp#27;[35m[HTlTP]&amp#27;[39m &amp#27;[3es/babel-r7m<-un- tiPOST me/regenerat/wd/hubor//seruntime.js:3ss15:ion/6c022)
&amp#27;[333505m2-[Mfd88-4722-8b5b-92e91949d161/element &amp#27;[39m&amp#27;[3JSONWP]&amp#27;[39m     1mat GeneratorFu50nc0&amp#27;[tion39m &amp#27;[90Prototype.m38 ms - 164&amp#27;[39m
prototype.(anonymous function) [as throw] (/usr/local/lib/node_modules/appium/node_modules/babel-runtime/regenerator/runtime.js:100:21)&amp#27;
[&amp#27;[35m[3MJ5m[SONWP]&amp#27;[39m   HT  aTP]t Generat&amp#27;[orF39m un&amp#27;[ct90iom&amp#27;nProt[otype.invoke (/usr/local/lib/node_modules/appiu39m
m/node_modules/babel-runtime/regenerator/runtime.js:136:37)
&amp#27;[35m[HTTP]&amp#27;[39m &amp#27;[37m-->&amp#27;[39m &amp#27;[37mPOST&amp#27;[39m &amp#27;[37m/wd/hub/session/6c033502-fd88-4722-8b5b-92e91949d161/element&amp#27;[39m
&amp#27;[35m[HTTP]&amp#27;[39m &amp#27;[90m{"using":"id","value":"com.Slack:id/next_button_url_entry"}&amp#27;[39m
[debug] &amp#27;[35m[W3C]&amp#27;[39m Calling AppiumDriver.findElement() with args: ["id","com.Slack:id/next_button_url_entry","6c033502-fd88-4722-8b5b-92e91949d161"]
[debug] &amp#27;[35m[BaseDriver]&amp#27;[39m Valid locator strategies for this request: xpath, id, class name, accessibility id, -android uiautomator
[debug] &amp#27;[35m[BaseDriver]&amp#27;[39m Waiting up to 0 ms for condition
[debug] &amp#27;[35m[JSONWP Proxy]&amp#27;[39m Matched '/element' to command name 'findElement'
[debug] &amp#27;[35m[JSONWP Proxy]&amp#27;[39m Proxying [POST /element] to [POST http://localhost:8201/wd/hub/session/5a27c767-9791-4751-872d-2ed612cd606d/element] with body: {"strategy":"id","selector":"com.Slack:id/next_button_url_entry","context":"","multiple":false}
[debug] &amp#27;[35m[MJSONWP]&amp#27;[39m Matched JSONWP error code 7 to NoSuchElementError
&amp#27;[35m[MJSONWP]&amp#27;[39m Encountered internal error running command: NoSuchElementError: An element could not be located on the page using the given search parameters.
&amp#27;[35m[MJSONWP]&amp#27;[39m     at AndroidUiautomator2Driver.callee$0$0$ (/usr/local/lib/node_modules/appium/node_modules/appium-android-driver/lib/commands/find.js:75:11)
&amp#27;[35m[MJSONWP]&amp#27;[39m     at tryCatch (/usr/local/lib/node_modules/appium/node_modules/babel-runtime/regenerator/runtime.js:67:40)
&amp#27;[35m[MJSONWP]&amp#27;[39&amp#27;[35m[HTTP]&amp#27;[39m &amp#27;[37m<-- POST /wd/hub/session/6c033502-fd88-4722-8b5b-m     at GeneratorFunctionPrototype.invoke [as _inv92e91949d161/element &amp#27;[39m&amp#27;[31m50oke] (/usr/local/lib/node_modules/appium/node_modules/babel-runtime/regenerator/runtime.js:315:22)
&amp#27;[35m[MJSONWP]&amp#27;[39m     at GeneratorFunctionPrototype.prototype.(anonymo0&amp#27;[39m &amp#27;[90m28 ms - 164&amp#27;[39m
&amp#27;[35m[HTTP]&amp#27;[39m &amp#27;[90m&amp#27;[39m
us function) [as throw] (/usr/local/lib/node_modules/appium/node_modules/babel-runtime/regenerator/runtime.js:100:21)
&amp#27;[35m[MJSONWP]&amp#27;[39m     at GeneratorFunctionPrototype.invoke (/usr/local/lib/node_modules/appium/node_modules/babel-runtime/regenerator/runtime.js:136:37)
&amp#27;[35m[HTTP]&amp#27;[39m &amp#27;[37m-->&amp#27;[39m &amp#27;[37mPOST&amp#27;[39m &amp#27;[37m/wd/hub/session/6c033502-fd88-4722-8b5b-92e91949d161/element&amp#27;[39m
&amp#27;[35m[HTTP]&amp#27;[39m &amp#27;[90m{"using":"id","value":"com.Slack:id/next_button_url_entry"}&amp#27;[39m
[debug] &amp#27;[35m[W3C]&amp#27;[39m Calling AppiumDriver.findElement() with args: ["id","com.Slack:id/next_button_url_entry","6c033502-fd88-4722-8b5b-92e91949d161"]
[debug] &amp#27;[35m[BaseDriver]&amp#27;[39m Valid locator strategies for this request: xpath, id, class name, accessibility id, -android uiautomator
[debug] &amp#27;[35m[BaseDriver]&amp#27;[39m Waiting up to 0 ms for condition
[debug] &amp#27;[35m[JSONWP Proxy]&amp#27;[39m Matched '/element' to command name 'findElement'
[debug] &amp#27;[35m[JSONWP Proxy]&amp#27;[39m Proxying [POST /element] to [POST http://localhost:8201/wd/hub/session/5a27c767-9791-4751-872d-2ed612cd606d/element] with body: {"strategy":"id","selector":"com.Slack:id/next_button_url_entry","context":"","multiple":false}
[debug] &amp#27;[35m[MJSONWP]&amp#27;[39m Matched JSONWP error code 7 to NoSuchElementError
&amp#27;[35m[MJSONWP]&amp#27;[39m Encountered internal error running command: NoSuchElementError: An element could not be located on the page using the given search parameters.
&amp#27;[35m[MJSONWP]&amp#27;[39m     at AndroidUiautomator2Driver.callee$0$0$ (/usr/local/lib/node_modules/appium/node_modules/appium-android-driver/lib/commands/find.js:75:11)
&amp#27;[35m[MJSONWP]&amp#27;[39m     at tryCatch (&amp#27;[/u35m[HsrTT/local/P]&amp#27;[39mlib/node_m &amp#27;[37m<-- POST /wd/hub/odsessionules/6c/a033ppiu502-fdm/88node_modules/-472babel-2-runti8b5me/regb-9ene2e91949d161/elementrator/ &amp#27;[39m&amp#27;[31m500&amp#27;[39m &amp#27;[90m25 ms - 164&amp#27;[runtime.js:367:40)
&amp#27;[359m[MJSONWm
P]&amp#27;&amp#27;[35m[HTTP]&amp#27;[39m [39&amp#27;[90m m&amp#27;[39m 
   at GeneratorFunctionPrototype.invoke [as _invoke] (/usr/local/lib/node_modules/appium/node_modules/babel-runtime/regenerator/runtime.js:315:22)
&amp#27;[35m[MJSONWP]&amp#27;[39m     at GeneratorFunctionPrototype.prototype.(anonymous function) [as throw] (/usr/local/lib/node_modules/appium/node_modules/babel-runtime/regenerator/runtime.js:100:21)
&amp#27;[35m[MJSONWP]&amp#27;[39m     at GeneratorFunctionPrototype.invoke (/usr/local/lib/node_modules/appium/node_modules/babel-runtime/regenerator/runtime.js:136:37)
&amp#27;[35m[HTTP]&amp#27;[39m &amp#27;[37m-->&amp#27;[39m &amp#27;[37mPOST&amp#27;[39m &amp#27;[37m/wd/hub/session/6c033502-fd88-4722-8b5b-92e91949d161/element&amp#27;[39m
&amp#27;[35m[HTTP]&amp#27;[39m &amp#27;[90m{"using":"id","value":"com.Slack:id/next_button_url_entry"}&amp#27;[39m
[debug] &amp#27;[35m[W3C]&amp#27;[39m Calling AppiumDriver.findElement() with args: ["id","com.Slack:id/next_button_url_entry","6c033502-fd88-4722-8b5b-92e91949d161"]
[debug] &amp#27;[35m[BaseDriver]&amp#27;[39m Valid locator strategies for this request: xpath, id, class name, accessibility id, -android uiautomator
[debug] &amp#27;[35m[BaseDriver]&amp#27;[39m Waiting up to 0 ms for condition
[debug] &amp#27;[35m[JSONWP Proxy]&amp#27;[39m Matched '/element' to command name 'findElement'
[debug] &amp#27;[35m[JSONWP Proxy]&amp#27;[39m Proxying [POST /element] to [POST http://localhost:8201/wd/hub/session/5a27c767-9791-4751-872d-2ed612cd606d/element] with body: {"strategy":"id","selector":"com.Slack:id/next_button_url_entry","context":"","multiple":false}
[debug] &amp#27;[35m[MJSONWP]&amp#27;[39m Matched JSONWP error code 7 to NoSuchElementError
&amp#27;[35m[MJSONWP]&amp#27;[39m Encountered internal error running command: NoSuchElementError: An element could not be located on the page using the given search parameters.
&amp#27;[35m[MJSONWP]&amp#27;[39m     at AndroidUiautomator2Driver.callee$0$0$ (/usr/local/lib/n&amp#27;[35m[HTTP]&amp#27;[39m &amp#27;[37m<-- POST /wd/hub/seodssion/6c033502-fde_modu88les/ap-4722-8b5b-92e9pi1949d161/element &amp#27;[39m&amp#27;[31umm/500&amp#27;node_m[39m &amp#27;[90m37 ms - 164odule&amp#27;[39m
&amp#27;[35m[HTTP]&amp#27;[39m &amp#27;[90m&amp#27;[39m
s/appium-android-driver/lib/commands/find.js:75:11)
&amp#27;[35m[MJSONWP]&amp#27;[39m     at tryCatch (/usr/local/lib/node_modules/appium/node_modules/babel-runtime/regenerator/runtime.js:67:40)
&amp#27;[35m[MJSONWP]&amp#27;[39m     at GeneratorFunctionPrototype.invoke [as _invoke] (/usr/local/lib/node_modules/appium/node_modules/babel-runtime/regenerator/runtime.js:315:22)
&amp#27;[35m[MJSONWP]&amp#27;[39m     at GeneratorFunctionPrototype.prototype.(anonymous function) [as throw] (/usr/local/lib/node_modules/appium/node_modules/babel-runtime/regenerator/runtime.js:100:21)
&amp#27;[35m[MJSONWP]&amp#27;[39m     at Genera&amp#27;[35m[torFuHTTP]&amp#27;[39m &amp#27;[nctionPrototy37m-->&amp#27;[39m &amp#27;[37mPOST&amp#27;[39m &amp#27;[37m/wd/hub/session/6c033502-fd88-4722-8pe.invoke b5b-(92e91949d161/eleme/usr/locant&amp#27;[39m
&amp#27;[35m[HTTP]&amp#27;[39m &amp#27;[90m{"using":"id","value":"com.Slack:id/next_button_url_entry"}&amp#27;[39m
[debug] &amp#27;[35m[W3C]&amp#27;[39m Calling AppiumDriver.findElement() with args: ["id","com.Slack:id/nextl/l_button_url_entry","6c033502-fd88-4722-8b5b-92e91949d161"]
[debug] &amp#27;[35m[BaseDriver]&amp#27;[39m Validib locator strategies for this request: xpath, id, class n/node_amodume, accessibility id, -android uiautomator
[debug] &amp#27;[35m[BaseDriver]&amp#27;[39m Waiting uple to 0 ms for condition
[debug] &amp#27;[35m[JSONWP Proxy]&amp#27;[39m Matched '/element' to command name 'findElement'
[debug] &amp#27;[35m[s/JSONWP Proxy]&amp#27;[39m Prappioxying [POST /element] to [POST http://localhost:8201/wd/hub/session/5a27c767-u9791-4751-872d-m/no2ed612cd606dde_modul/es/belement] with body: {"strabel-rategyuntime/r":"id","selector":"com.Slacegenerator/runtime.js:136:37)
k:id/next_button_url_entry","context":"","multiple":false}
[debug] &amp#27;[35m[MJSONWP]&amp#27;[39m Matched JSONWP error code 7 to NoSuchElementError
&amp#27;[35m[MJSONWP]&amp#27;[39m Encountered internal error running command: NoSuchElementError: An element could not be located on the page using the given search parameters.
&amp#27;[35m[MJSONWP]&amp#27;[39m     at AndroidUiautomator2Driver.callee$0$0$ (/usr/local/lib/node_modules/appium/node_modules/appium-android-driver/lib/commands/find.js:&amp#27;[35m[HTTP]&amp#27;[39m &amp#27;[37m<-- POST 75:11)
&amp#27;[35m[MJSONWP]/wd/hub/session/6c03&amp#27;[39m     at 3502-fd88-4722-8b5b-92e91949tryCatchd16 (/usr/local/lib/node_modules/appium/node_modules/babe1/element l-runtime/regenerator/&amp#27;[39m&amp#27;[31m500&amp#27;[39m &amp#27;[90m66 ms - 164&amp#27;[runtime.js:67:40)
&amp#27;[35m[MJSONWP]&amp#27;[39m     at GeneratorFunctionPrototype.invoke [as _invoke] (/usr/local/lib/node_modules/appium/node_modules/babel-runtime/regenerator/runtime.js:315:22)
&amp#27;[35m[MJSONWP]&amp#27;[39m     at GeneratorFunctionPrototype.prototype.(anonymous function) [as throw] (/usr/local/lib/node_modules/appium/node_modules/babel-runtime/regenerator/runtime.39m
&amp#27;[35m[HTTP]&amp#27;[39m &amp#27;[90m&amp#27;[39m
js:100:21)
&amp#27;[35m[MJSONWP]&amp#27;[39m     at GeneratorFunctionPrototype.invoke (/usr/local/lib/node_modules/appium/node_modules/babel-runtime/regenerator/runtime.js:136:37)
&amp#27;[35m[HTTP]&amp#27;[39m &amp#27;[37m-->&amp#27;[39m &amp#27;[37mPOST&amp#27;[39m &amp#27;[37m/wd/hub/session/6c033502-fd88-4722-8b5b-92e91949d161/element&amp#27;[39m
&amp#27;[35m[HTTP]&amp#27;[39m &amp#27;[90m{"using":"id","value":"com.Slack:id/next_button_url_entry"}&amp#27;[39m
[debug] &amp#27;[35m[W3C]&amp#27;[39m Calling AppiumDriver.findElement() with args: ["id","com.Slack:id/next_button_url_entry","6c033502-fd88-4722-8b5b-92e91949d161"]
[debug] &amp#27;[35m[BaseDriver]&amp#27;[39m Valid locator strategies for this request: xpath, id, class name, accessibility id, -android uiautomator
[debug] &amp#27;[35m[BaseDriver]&amp#27;[39m Waiting up to 0 ms for condition
[debug] &amp#27;[35m[JSONWP Proxy]&amp#27;[39m Matched '/element' to command name 'findElement'
[debug] &amp#27;[35m[JSONWP Proxy]&amp#27;[39m Proxying [POST /element] to [POST http://localhost:8201/wd/hub/session/5a27c767-9791-4751-872d-2ed612cd606d/element] with body: {"strategy":"id","selector":"com.Slack:id/next_button_url_entry","context":"","multiple":false}
[debug] &amp#27;[35m[MJSONWP]&amp#27;[39m Matched JSONWP error code 7 to NoSuchElementError
&amp#27;[35m[MJSONWP]&amp#27;[39m Encountered internal error running command: NoSuchElementError: An element could not be located on the page using the given search parameters.
&amp#27;[35m[MJSONWP]&amp#27;[39m     at AndroidUiautomator2Driver.calle&amp#27;[35m[HTTP]&amp#27;[39m &amp#27;[37m<-- POST /wd/hub/session/6c033502-fd88-4722-8b5b-92e91949d161/element &amp#27;[39m&amp#27;[31m500&amp#27;[39m &amp#27;[90m28 ms - 164&amp#27;[39m
&amp#27;[35m[HTTP]&amp#27;[39m &amp#27;[90m&amp#27;[39m
e$0$0$ (/usr/local/lib/node_modules/appium/node_modules/appium-android-driver/lib/commands/find.js:75:11)
&amp#27;[35m[MJSONWP]&amp#27;[39m     at tryCatch (/usr/local/lib/node_modules/appium/node_modules/babel-runtime/regenerator/runtime.js:67:40)
&amp#27;[35m[MJSONWP]&amp#27;[39m     at GeneratorFunctionPrototype.invoke [as _invoke] (/usr/local/lib/node_modules/appium/node_modules/babel-runtime/regenerator/runtime.js:315:22)
&amp#27;[35m[MJSONWP]&amp#27;[39m     at GeneratorFunctionPrototype.prototype.(anonymous function) [as throw] (/usr/local/lib/node_modules/appium/node_modules/babel-runtime/regenerator/runtime.js:100:21)
&amp#27;[35m[MJSONWP]&amp#27;[39m     at GeneratorFunctionPrototype.invoke (/usr/local/lib/node_modules/appium/node_modules/babel-runtime/regener&amp#27;[ato3r/runtime.j5m[HTTP]&amp#27;[39m &amp#27;[37m-->&amp#27;[39m &amp#27;[37s:136:37)mPOST&amp#27;[39m &amp#27;[37m/wd/hub/se
ssion/6c033502-fd88-4722-8b5b-92e91949d161/element&amp#27;[39m
&amp#27;[35m[HTTP]&amp#27;[39m &amp#27;[90m{"using":"id","value":"com.Slack:id/next_button_url_entry"}&amp#27;[39m
[debug] &amp#27;[35m[W3C]&amp#27;[39m Calling AppiumDriver.findElement() with args: ["id","com.Slack:id/next_button_url_entry","6c033502-fd88-4722-8b5b-92e91949d161"]
[debug] &amp#27;[35m[BaseDriver]&amp#27;[39m Valid locator strategies for this request: xpath, id, class name, accessibility id, -android uiautomator
[debug] &amp#27;[35m[BaseDriver]&amp#27;[39m Waiting up to 0 ms for condition
[debug] &amp#27;[35m[JSONWP Proxy]&amp#27;[39m Matched '/element' to command name 'findElement'
[debug] &amp#27;[35m[JSONWP Proxy]&amp#27;[39m Proxying [POST /element] to [POST http://localhost:8201/wd/hub/session/5a27c767-9791-4751-872d-2ed612cd606d/element] with body: {"strategy":"id","selector":"com.Slack:id/next_button_url_entry","context":"","multiple":false}
[debug] &amp#27;[35m[MJSONWP]&amp#27;[39m Matched JSONWP error code 7 to NoSuchElementError
&amp#27;[35m[MJSONWP]&amp#27;[39m Encountered internal error running command: NoSuchElementError: An element could not be located on the page using the given search parameters.
&amp#27;[35m[MJSONWP]&amp#27;[39m     at AndroidU&amp#27;[35m[HTTP]&amp#27;[39m &amp#27;[37m<-- POST /wd/hub/session/6c033502-fd88-4722-8b5b-92e91949d16iautomator2Driver.callee$0$0$ (/usr/local/lib/node_modules/appium/no1/elde_modeules/ament &amp#27;[39m&amp#27;[31m50ppium-android-driver/lib/commands/find.js:75:11)
&amp#27;[35m[MJSONWP]&amp#27;[39m     at tr0&amp#27;[39m &amp#27;[90m25 ms - 16yCatch (/usr/local/lib/node_modules/appium/node_mod4&amp#27;[39m
&amp#27;[35m[HTTP]&amp#27;[39m &amp#27;[90m&amp#27;[39m
ules/babel-runtime/regenerator/runtime.js:67:40)
&amp#27;[35m[MJSONWP]&amp#27;[39m     at GeneratorFunctionPrototype.invoke [as _invoke] (/usr/local/lib/node_modules/appium/node_modules/babel-runtime/regenerator/runtime.js:315:22)
&amp#27;[35m[MJSONWP]&amp#27;[39m     at GeneratorFunctionPrototype.prototype.(anonymous function) [as throw] (/usr/local/lib/node_modules/appium/node_modules/babel-runtime/regenerator/runtime.js:100:21)
&amp#27;[35m[MJSONWP]&amp#27;[39m     at GeneratorFunctionPrototype.invoke (/usr/local/lib/node_modules/appium/node_modules/babel-runtime/regenerator/runtime.js:136:37)
&amp#27;[35m[HTTP]&amp#27;[39m &amp#27;[37m-->&amp#27;[39m &amp#27;[37mPOST&amp#27;[39m &amp#27;[37m/wd/hub/session/6c033502-fd88-4722-8b5b-92e91949d161/element&amp#27;[39m
&amp#27;[35m[HTTP]&amp#27;[39m &amp#27;[90m{"using":"id","value":"com.Slack:id/next_button_url_entry"}&amp#27;[39m
[debug] &amp#27;[35m[W3C]&amp#27;[39m Calling AppiumDriver.findElement() with args: ["id","com.Slack:id/next_button_url_entry","6c033502-fd88-4722-8b5b-92e91949d161"]
[debug] &amp#27;[35m[BaseDriver]&amp#27;[39m Valid locator strategies for this request: xpath, id, class name, accessibility id, -android uiautomator
[debug] &amp#27;[35m[BaseDriver]&amp#27;[39m Waiting up to 0 ms for condition
[debug] &amp#27;[35m[JSONWP Proxy]&amp#27;[39m Matched '/element' to command name 'findElement'
[debug] &amp#27;[35m[JSONWP Proxy]&amp#27;[39m Proxying [POST /element] to [POST http://localhost:8201/wd/hub/session/5a27c767-9791-4751-872d-2ed612cd606d/element] with body: {"strategy":"id","selector":"com.Slack:id/next_button_url_entry","context":"","multiple":false}
[debug] &amp#27;[35m[MJSONWP]&amp#27;[39m Matched JSONWP error code 7 to NoSuchElementError
&amp#27;[35m[MJSONWP]&amp#27;[39m Encountered internal error running command: NoSuchElementError: An element could not be located on the page using the given search parameters.
&amp#27;[35m[MJSONWP]&amp#27;[39m     at AndroidUiautomator2Driver.callee$0$0$ (/usr/local/lib/node_modules/appium/node_modules/appium-android-driver/lib/commands/f&amp#27;[35m[HTTP]&amp#27;[ind.js:75:391m &amp#27;[37m<-- P1)OST /wd
/h&amp#27;[35m[MJSONWP]&amp#27;[39m     at tryCatch (/usr/local/lib/nodub/sessie_modules/appion/6c03350um/n2-fd88-4722-8bode5b-92e91_modules/babel-run949d161/elemtime/regenerator/runtime.js:67:40)
&amp#27;[35m[MJSONWP]&amp#27;[39m     at GeneratorFunctionPrototype.invoke [as _invoke] (/usr/local/lib/node_modules/appium/node_modules/babel-runtime/regenerator/runtime.js:315:22)
&amp#27;[35m[MJSONWP]&amp#27;[39m     at GeneratorFunctionPrototype.prototype.(anent &amp#27;[onymous function) [as throw] (/usr/local/lib/node_modules/appium/node_modu3les/babel-runtime/regenerator/runtime.js:100:21)
&amp#27;[35m[MJSONWP]&amp#27;[39m     at GeneratorFunctionPrototype.invoke (/usr/local/lib/node_modules/appium/node_module9m&amp#27;[31m500&amp#27;s/babel-runtime[39m /regenerator/runtime.js:136:37)&amp#27;[90m76 ms - 1
64&amp#27;[39m
&amp#27;[35m[HTTP]&amp#27;[39m &amp#27;[90m&amp#27;[39m
&amp#27;[35m[HTTP]&amp#27;[39m &amp#27;[37m-->&amp#27;[39m &amp#27;[37mPOST&amp#27;[39m &amp#27;[37m/wd/hub/session/6c033502-fd88-4722-8b5b-92e91949d161/element&amp#27;[39m
&amp#27;[35m[HTTP]&amp#27;[39m &amp#27;[90m{"using":"id","value":"com.Slack:id/next_button_url_entry"}&amp#27;[39m
[debug] &amp#27;[35m[W3C]&amp#27;[39m Calling AppiumDriver.findElement() with args: ["id","com.Slack:id/next_button_url_entry","6c033502-fd88-4722-8b5b-92e91949d161"]
[debug] &amp#27;[35m[BaseDriver]&amp#27;[39m Valid locator strategies for this request: xpath, id, class name, accessibility id, -android uiautomator
[debug] &amp#27;[35m[BaseDriver]&amp#27;[39m Waiting up to 0 ms for condition
[debug] &amp#27;[35m[JSONWP Proxy]&amp#27;[39m Matched '/element' to command name 'findElement'
[debug] &amp#27;[35m[JSONWP Proxy]&amp#27;[39m Proxying [POST /element] to [POST http://localhost:8201/wd/hub/session/5a27c767-9791-4751-872d-2ed612cd606d/element] with body: {"strategy":"id","selector":"com.Slack:id/next_button_url_entry","context":"","multiple":false}
[debug] &amp#27;[35m[MJSONWP]&amp#27;[39m Matched JSONWP error code 7 to NoSuchElementError
&amp#27;[35m[MJSONWP]&amp#27;[39m Encountered internal error running command: NoSuchElementError: An element could not be located on the page using the given search parameters.
&amp#27;[35m[MJSONWP]&amp#27;[39m     at AndroidUiautomator2Driver.callee$0$0$ (/usr/local/lib/node_modules/appium/node_modules/appium-android-driver/lib/commands/find.js:75:11)
&amp#27;[35m[MJSONWP]&amp#27;[39m     at tryCat&amp#27;[35m[HTTP]&amp#27;[39m ch (&amp#27;[3/usr/local/li7m<-b/nod- Pe_mOST /wdodul/hub/sees/appiumss/nion/6c03350ode2-f_modd8ules/babe8l-runtime/regenerator/runtime.js:67:40)
&amp#27;[-4735m[MJSON22W-8P]b5b-92e91949&amp#27;[d161/eleme39m     at Gent &amp#27;[39m&amp#27;[3neratorFunctionPrototype.invoke [as _invoke] (/usr/local/lib/node_modules/appium/node_modules/babel-ru1nm500&amp#27;[3time/r9megenerator/runtime.js:315:22)
&amp#27;[35m[MJSONWP]&amp#27;[39m     at GeneratorFunctionProt &amp#27;[9ot0m23 ypms - e.prototy16pe4&amp#27;.([39m
an&amp#27;[35mon[HTTPymous function) [as throw] (/usr/local/lib/no]&amp#27;[39m de_modules/appium/&amp#27;[node_modules/ba90m&amp#27;[39m
bel-runtime/regenerator/runtime.js:100:21)
&amp#27;[35m[MJSONWP]&amp#27;[39m     at GeneratorFunctionPrototype.invoke (/usr/local/lib/node_modules/appium/node_modules/babel-runtime/regenerator/runtime.js:136:37)
&amp#27;[35m[HTTP]&amp#27;[39m &amp#27;[37m-->&amp#27;[39m &amp#27;[37mPOST&amp#27;[39m &amp#27;[37m/wd/hub/session/6c033502-fd88-4722-8b5b-92e91949d161/element&amp#27;[39m
&amp#27;[35m[HTTP]&amp#27;[39m &amp#27;[90m{"using":"id","value":"com.Slack:id/next_button_url_entry"}&amp#27;[39m
[debug] &amp#27;[35m[W3C]&amp#27;[39m Calling AppiumDriver.findElement() with args: ["id","com.Slack:id/next_button_url_entry","6c033502-fd88-4722-8b5b-92e91949d161"]
[debug] &amp#27;[35m[BaseDriver]&amp#27;[39m Valid locator strategies for this request: xpath, id, class name, accessibility id, -android uiautomator
[debug] &amp#27;[35m[BaseDriver]&amp#27;[39m Waiting up to 0 ms for condition
[debug] &amp#27;[35m[JSONWP Proxy]&amp#27;[39m Matched '/element' to command name 'findElement'
[debug] &amp#27;[35m[JSONWP Proxy]&amp#27;[39m Proxying [POST /element] to [POST http://localhost:8201/wd/hub/session/5a27c767-9791-4751-872d-2ed612cd606d/element] with body: {"strategy":"id","selector":"com.Slack:id/next_button_url_entry","context":"","multiple":false}
[debug] &amp#27;[35m[MJSONWP]&amp#27;[39m Matched JSONWP error code 7 to NoSuchElementError
&amp#27;[35m[MJSONWP]&amp#27;[39m Encountered internal error running command: NoSuchElementError: An element could not be located on the page using the given search parameters.
&amp#27;[35m[MJSONWP]&amp#27;[39m     at AndroidUiautomator2Driver.callee$0$0$ (/usr/local/lib/node_modules&amp#27;[35m[HTTP]&amp#27;[39m &amp#27;[37m<-- POST /wd/hub/session/6c033502-fd88-/appium/node_modules/appium4722-8b5b-92e91949d1-a61/element ndroid-driver/lib/commands/find.js:75:11)
&amp#27;[35m[MJSONWP]&amp#27;[39m     at tryCatch (/usr/local/lib/node_modules/app&amp#27;[39m&amp#27;[31m500&amp#27;[39m &amp#27;[90m25 ms - 164&amp#27;[39m
iu&amp#27;[35m[HTm/node_modules/babel-runtime/regeTP]&amp#27;[39m &amp#27;[90m&amp#27;[39m
nerator/runtime.js:67:40)
&amp#27;[35m[MJSONWP]&amp#27;[39m     at GeneratorFunctionPrototype.invoke [as _invoke] (/usr/local/lib/node_modules/appium/node_modules/babel-runtime/regenerator/runtime.js:315:22)
&amp#27;[35m[MJSONWP]&amp#27;[39m     at GeneratorFunctionPrototype.prototype.(anonymous function) [as throw] (/usr/local/lib/node_modules/appium/node_modules/babel-runtime/regenerator/runtime.js:100:21)
&amp#27;[35m[MJSONWP]&amp#27;[39m     at GeneratorFunctionPrototype.invoke (/usr/local/lib/node_modules/appium/node_modules/babel-runtime/regenerator/runtime.js:136:37)
&amp#27;[35m[HTTP]&amp#27;[39m &amp#27;[37m-->&amp#27;[39m &amp#27;[37mPOST&amp#27;[39m &amp#27;[37m/wd/hub/session/6c033502-fd88-4722-8b5b-92e91949d161/element&amp#27;[39m
&amp#27;[35m[HTTP]&amp#27;[39m &amp#27;[90m{"using":"id","value":"com.Slack:id/next_button_url_entry"}&amp#27;[39m
[debug] &amp#27;[35m[W3C]&amp#27;[39m Calling AppiumDriver.findElement() with args: ["id","com.Slack:id/next_button_url_entry","6c033502-fd88-4722-8b5b-92e91949d161"]
[debug] &amp#27;[35m[BaseDriver]&amp#27;[39m Valid locator strategies for this request: xpath, id, class name, accessibility id, -android uiautomator
[debug] &amp#27;[35m[BaseDriver]&amp#27;[39m Waiting up to 0 ms for condition
[debug] &amp#27;[35m[JSONWP Proxy]&amp#27;[39m Matched '/element' to command name 'findElement'
[debug] &amp#27;[35m[JSONWP Proxy]&amp#27;[39m Proxying [POST /element] to [POST http://localhost:8201/wd/hub/session/5a27c767-9791-4751-872d-2ed612cd606d/element] with body: {"strategy":"id","selector":"com.Slack:id/next_button_url_entry","context":"","multiple":false}
[debug] &amp#27;[35m[MJSONWP]&amp#27;[39m Matched JSONWP error code 7 to NoSuchElementError
&amp#27;[35m[MJSONWP]&amp#27;[39m Encountered internal error running command: NoSuchElementError: An element could not be located on the page using the given search parameters.
&amp#27;[35m[MJSONWP]&amp#27;[39m     at AndroidUiautomator2Driver.callee$0$0$ (/usr/local/&amp#27;[35m[HTTP]&amp#27;[39m &amp#27;[37m<-- POST /wd/hub/sessiolib/nodn/e_6c03mo35dules/appi02um/node_modules/appi-fumd88-4-a722-8b5b-92e91949d161/element &amp#27;[39m&amp#27;[31mndroid-driver/lib/commands/f500&amp#27;[39m &amp#27;[90m22 ms - 16in4&amp#27;d.js[39m
:75:1&amp#27;[1)35m[HTTP]&amp#27;[39m &amp#27;[90m&amp#27;[39m

&amp#27;[35m[MJSONWP]&amp#27;[39m     at tryCatch (/usr/local/lib/node_modules/appium/node_modules/babel-runtime/regenerator/runtime.js:67:40)
&amp#27;[35m[MJSONWP]&amp#27;[39m     at GeneratorFunctionPrototype.invoke [as _invoke] (/usr/local/lib/node_modules/appium/node_modules/babel-runtime/regenerator/runtime.js:315:22)
&amp#27;[35m[MJSONWP]&amp#27;[39m     at GeneratorFunctionPrototype.prototype.(anonymous function) [as throw] (/usr/local/lib/node_modules/appium/node_modules/babel-runtime/regenerator/runtime.js:100:21)
&amp#27;[35m[MJSONWP]&amp#27;[39m     at GeneratorFunctionPrototype.invoke (/usr/local/lib/node_modules/appium/node_modules/babel-runtime/regenerator/runtime.js:136:37)
&amp#27;[35m[HTTP]&amp#27;[39m &amp#27;[37m-->&amp#27;[39m &amp#27;[37mPOST&amp#27;[39m &amp#27;[37m/wd/hub/session/6c033502-fd88-4722-8b5b-92e91949d161/element&amp#27;[39m
&amp#27;[35m[HTTP]&amp#27;[39m &amp#27;[90m{"using":"id","value":"com.Slack:id/next_button_url_entry"}&amp#27;[39m
[debug] &amp#27;[35m[W3C]&amp#27;[39m Calling AppiumDriver.findElement() with args: ["id","com.Slack:id/next_button_url_entry","6c033502-fd88-4722-8b5b-92e91949d161"]
[debug] &amp#27;[35m[BaseDriver]&amp#27;[39m Valid locator strategies for this request: xpath, id, class name, accessibility id, -android uiautomator
[debug] &amp#27;[35m[BaseDriver]&amp#27;[39m Waiting up to 0 ms for condition
[debug] &amp#27;[35m[JSONWP Proxy]&amp#27;[39m Matched '/element' to command name 'findElement'
[debug] &amp#27;[35m[JSONWP Proxy]&amp#27;[39m Proxying [POST /element] to [POST http://localhost:8201/wd/hub/session/5a27c767-9791-4751-872d-2ed612cd606d/element] with body: {"strategy":"id","selector":"com.Slack:id/next_button_url_entry","context":"","multiple":false}
[debug] &amp#27;[35m[MJSONWP]&amp#27;[39m Matched JSONWP error code 7 to NoSuchElementError
&amp#27;[35m[MJSONWP]&amp#27;[39m Encountered internal error running command: NoSuchElementError: An element could not be located on the page using the given search parameters.
&amp#27;[35m[MJSONWP]&amp#27;[39m     at AndroidUiautomator2Driver.callee$0$0$ (/usr/local/lib/node_modules/appium/node_modules/appium-android-driver/lib/commands/find.js:75:11)
&amp#27;[35m[MJSONWP]&amp#27;[39m    &amp#27;[35m[H at tryCatch (TTP]&amp#27;[39m/us &amp#27;[3r/7m<-loc- POST /wd/hub/sesal/sion/lib/node_modules/ap6c03pi3502-fd8um/no8-4722-de_modules/ba8b5b-9bel-2e91949runtime/reged1nera61to/elemernt &amp#27;[39m/runtime.js:67:&amp#27;40)
&amp#27;[35m[MJSONWP]&amp#27;[39m  [31m5   at GeneratorFunctionPr00&amp#27;[3ot9motyp &amp#27;[90m19 mse. - 164&amp#27;[39min
&amp#27;[35m[Hvoke [TTP]&amp#27;[as 39m &amp#27;[_inv90m&amp#27;[39m
oke] (/usr/local/lib/node_modules/appium/node_modules/babel-runtime/regenerator/runtime.js:315:22)
&amp#27;[35m[MJSONWP]&amp#27;[39m     at GeneratorFunctionPrototype.prototype.(anonymous function) [as throw] (/usr/local/lib/node_modules/appium/node_modules/babel-runtime/regenerator/runtime.js:100:21)
&amp#27;[35m[MJSONWP]&amp#27;[39m     at GeneratorFunctionPrototype.invoke (/usr/local/lib/node_modules/appium/node_modules/babel-runtime/regenerator/runtime.js:136:37)
&amp#27;[35m[HTTP]&amp#27;[39m &amp#27;[37m-->&amp#27;[39m &amp#27;[37mPOST&amp#27;[39m &amp#27;[37m/wd/hub/session/6c033502-fd88-4722-8b5b-92e91949d161/element&amp#27;[39m
&amp#27;[35m[HTTP]&amp#27;[39m &amp#27;[90m{"using":"id","value":"com.Slack:id/next_button_url_entry"}&amp#27;[39m
[debug] &amp#27;[35m[W3C]&amp#27;[39m Calling AppiumDriver.findElement() with args: ["id","com.Slack:id/next_button_url_entry","6c033502-fd88-4722-8b5b-92e91949d161"]
[debug] &amp#27;[35m[BaseDriver]&amp#27;[39m Valid locator strategies for this request: xpath, id, class name, accessibility id, -android uiautomator
[debug] &amp#27;[35m[BaseDriver]&amp#27;[39m Waiting up to 0 ms for condition
[debug] &amp#27;[35m[JSONWP Proxy]&amp#27;[39m Matched '/element' to command name 'findElement'
[debug] &amp#27;[35m[JSONWP Proxy]&amp#27;[39m Proxying [POST /element] to [POST http://localhost:8201/wd/hub/session/5a27c767-9791-4751-872d-2ed612cd606d/element] with body: {"strategy":"id","selector":"com.Slack:id/next_button_url_entry","context":"","multiple":false}
[debug] &amp#27;[35m[MJSONWP]&amp#27;[39m Matched JSONWP error code 7 to NoSuchElementError
&amp#27;[35m[MJSONWP]&amp#27;[39m Encountered internal error running command: NoSuchElementError: An element could not be located on the page using the given search parameters.
&amp#27;[35m[MJSONWP]&amp#27;[39m     at AndroidUiautomator2Driver.callee$0$0$ (/usr/local/lib/node_modules/appium/node_modules/appium-android-driver/lib/comman&amp#27;[35mds/find[HTTP]&amp#27;[39m &amp#27;[37m<--.js:75:11)
&amp#27; POST /wd/hub/[35msession[MJS/6c033502-fONWP]&amp#27;[39md88     at -4tryCat722-8b5b-92e91949d161/element &amp#27;[ch 39m&amp#27;[31m50(/usr/local/lib/node_mo0&amp#27;[39dum les/appiu&amp#27;[90m20 ms - 164&amp#27;[39m
m/node_m&amp#27;[35m[odHTTPule]&amp#27;[39m &amp#27;[s/ba90m&amp#27;[39m
bel-runtime/regenerator/runtime.js:67:40)
&amp#27;[35m[MJSONWP]&amp#27;[39m     at GeneratorFunctionPrototype.invoke [as _invoke] (/usr/local/lib/node_modules/appium/node_modules/babel-runtime/regenerator/runtime.js:315:22)
&amp#27;[35m[MJSONWP]&amp#27;[39m     at GeneratorFunctionPrototype.prototype.(anonymous function) [as throw] (/usr/local/lib/node_modules/appium/node_modules/babel-runtime/regenerator/runtime.js:100:21)
&amp#27;[35m[MJSONWP]&amp#27;[39m     at GeneratorFunctionPrototype.invoke (/usr/local/lib/node_modules/appium/node_modules/babel-runtime/regenerator/runtime.js:136:37)
&amp#27;[35m[HTTP]&amp#27;[39m &amp#27;[37m-->&amp#27;[39m &amp#27;[37mPOST&amp#27;[39m &amp#27;[37m/wd/hub/session/6c033502-fd88-4722-8b5b-92e91949d161/element&amp#27;[39m
&amp#27;[35m[HTTP]&amp#27;[39m &amp#27;[90m{"using":"id","value":"com.Slack:id/next_button_url_entry"}&amp#27;[39m
[debug] &amp#27;[35m[W3C]&amp#27;[39m Calling AppiumDriver.findElement() with args: ["id","com.Slack:id/next_button_url_entry","6c033502-fd88-4722-8b5b-92e91949d161"]
[debug] &amp#27;[35m[BaseDriver]&amp#27;[39m Valid locator strategies for this request: xpath, id, class name, accessibility id, -android uiautomator
[debug] &amp#27;[35m[BaseDriver]&amp#27;[39m Waiting up to 0 ms for condition
[debug] &amp#27;[35m[JSONWP Proxy]&amp#27;[39m Matched '/element' to command name 'findElement'
[debug] &amp#27;[35m[JSONWP Proxy]&amp#27;[39m Proxying [POST /element] to [POST http://localhost:8201/wd/hub/session/5a27c767-9791-4751-872d-2ed612cd606d/element] with body: {"strategy":"id","selector":"com.Slack:id/next_button_url_entry","context":"","multiple":false}
[debug] &amp#27;[35m[MJSONWP]&amp#27;[39m Matched JSONWP error code 7 to NoSuchElementError
&amp#27;[35m[MJSONWP]&amp#27;[39m Encountered internal error running command: NoSuchElementError: An element could not be located on the page using the given search parameters.
&amp#27;[35m[MJSONWP]&amp#27;[39m     at AndroidUiautomator2Driver.callee$0$0$ (/usr/local/lib/node_modules/appium/node_modul&amp#27;[35mes/a[Hppium-TTP]&amp#27;[3andr9moi &amp#27;[37d-driver/lib/commands/fm<in-- POST /wdd.js/:7hub/s5:ession/611c033502-fd88)
&amp#27;[35m-4[MJS722-8b5ONWPb-92e91949d161/]&amp#27;[39mel     atement &amp#27;[39m try&amp#27;[31m500&amp#27;[3C9m &amp#27;[90m25 ms - 164&amp#27;[39m
a&amp#27;[35tcm[HTTP]&amp#27;[39m &amp#27;h [90m&amp#27;(/usr/[39m
local/lib/node_modules/appium/node_modules/babel-runtime/regenerator/runtime.js:67:40)
&amp#27;[35m[MJSONWP]&amp#27;[39m     at GeneratorFunctionPrototype.invoke [as _invoke] (/usr/local/lib/node_modules/appium/node_modules/babel-runtime/regenerator/runtime.js:315:22)
&amp#27;[35m[MJSONWP]&amp#27;[39m     at GeneratorFunctionPrototype.prototype.(anonymous function) [as throw] (/usr/local/lib/node_modules/appium/node_modules/babel-runtime/regenerator/runtime.js:100:21)
&amp#27;[35m[MJSONWP]&amp#27;[39m     at GeneratorFunctionPrototype.invoke (/usr/local/lib/node_modules/appium/node_modules/babel-runtime/regenerator/runtime.js:136:37)
&amp#27;[35m[HTTP]&amp#27;[39m &amp#27;[37m-->&amp#27;[39m &amp#27;[37mPOST&amp#27;[39m &amp#27;[37m/wd/hub/session/6c033502-fd88-4722-8b5b-92e91949d161/element&amp#27;[39m
&amp#27;[35m[HTTP]&amp#27;[39m &amp#27;[90m{"using":"id","value":"com.Slack:id/next_button_url_entry"}&amp#27;[39m
[debug] &amp#27;[35m[W3C]&amp#27;[39m Calling AppiumDriver.findElement() with args: ["id","com.Slack:id/next_button_url_entry","6c033502-fd88-4722-8b5b-92e91949d161"]
[debug] &amp#27;[35m[BaseDriver]&amp#27;[39m Valid locator strategies for this request: xpath, id, class name, accessibility id, -android uiautomator
[debug] &amp#27;[35m[BaseDriver]&amp#27;[39m Waiting up to 0 ms for condition
[debug] &amp#27;[35m[JSONWP Proxy]&amp#27;[39m Matched '/element' to command name 'findElement'
[debug] &amp#27;[35m[JSONWP Proxy]&amp#27;[39m Proxying [POST /element] to [POST http://localhost:8201/wd/hub/session/5a27c767-9791-4751-872d-2ed612cd606d/element] with body: {"strategy":"id","selector":"com.Slack:id/next_button_url_entry","context":"","multiple":false}
[debug] &amp#27;[35m[MJSONWP]&amp#27;[39m Matched JSONWP error code 7 to NoSuchElementError
&amp#27;[35m[MJSONWP]&amp#27;[39m Encountered internal error running command: NoSuchElementError: An element could not be located on the page using the given search parameters.
&amp#27;[35m[MJSONWP]&amp#27;[39m     at AndroidUiautomator2Driver.callee$0$0$ (/usr/local/lib/node_modules/appium/node_modules/appium-android-driver/lib/commands/find.js:75:11)
&amp#27;[35m[MJSONWP]&amp#27;[39m     at tryCatch (/usr/local/l&amp#27;[35ib/nodm[HTTe_P]&amp#27;[39mom &amp#27;[37m<-- POST /duwd/hulesb/s/appium/node_moduession/6c033502le-fs/badbel-88-4722-8b5bru-92e91949d16ntime/re1/egelement &amp#27;[39m&amp#27;nerator/ru[31m500&amp#27;ntime.j[3s:67:409m &amp#27;[9)
0m33&amp#27;[ ms - 164&amp#27;[35m[MJSO39mNW
P]&amp#27;[39m   &amp#27;[35m[HT  TP]at G&amp#27;[ene39mrat &amp#27;orFun[9ction0m&amp#27;[Proto39m
type.invoke [as _invoke] (/usr/local/lib/node_modules/appium/node_modules/babel-runtime/regenerator/runtime.js:315:22)
&amp#27;[35m[MJSONWP]&amp#27;[39m     at GeneratorFunctionPrototype.prototype.(anonymous function) [as throw] (/usr/local/lib/node_modules/appium/node_modules/babel-runtime/regenerator/runtime.js:100:21)
&amp#27;[35m[MJSONWP]&amp#27;[39m     at GeneratorFunctionPrototype.invoke (/usr/local/lib/node_modules/appium/node_modules/babel-runtime/regenerator/runtime.js:136:37)
&amp#27;[35m[HTTP]&amp#27;[39m &amp#27;[37m-->&amp#27;[39m &amp#27;[37mPOST&amp#27;[39m &amp#27;[37m/wd/hub/session/6c033502-fd88-4722-8b5b-92e91949d161/element&amp#27;[39m
&amp#27;[35m[HTTP]&amp#27;[39m &amp#27;[90m{"using":"id","value":"com.Slack:id/next_button_url_entry"}&amp#27;[39m
[debug] &amp#27;[35m[W3C]&amp#27;[39m Calling AppiumDriver.findElement() with args: ["id","com.Slack:id/next_button_url_entry","6c033502-fd88-4722-8b5b-92e91949d161"]
[debug] &amp#27;[35m[BaseDriver]&amp#27;[39m Valid locator strategies for this request: xpath, id, class name, accessibility id, -android uiautomator
[debug] &amp#27;[35m[BaseDriver]&amp#27;[39m Waiting up to 0 ms for condition
[debug] &amp#27;[35m[JSONWP Proxy]&amp#27;[39m Matched '/element' to command name 'findElement'
[debug] &amp#27;[35m[JSONWP Proxy]&amp#27;[39m Proxying [POST /element] to [POST http://localhost:8201/wd/hub/session/5a27c767-9791-4751-872d-2ed612cd606d/element] with body: {"strategy":"id","selector":"com.Slack:id/next_button_url_entry","context":"","multiple":false}
[debug] &amp#27;[35m[MJSONWP]&amp#27;[39m Matched JSONWP error code 7 to NoSuchElementError
&amp#27;[35m[MJSONWP]&amp#27;[39m Encountered internal error running command: NoSuchElementError: An element could not be located on the page using the given search parameters.
&amp#27;[35m[MJSONWP]&amp#27;[39m     at AndroidUiautomator2Driver.callee$0$0$ (/usr/local/lib/node_modules/appium/node_modules/appium-android-driver/lib/commands/find.js:75:11)
&amp#27;[35m[MJSONWP]&amp#27;[39m &amp#27;[35m    at tr[HTTP]&amp#27;[3yC9m &amp#27;[37atch (/usrm<-- /local/POlib/nST ode_mod/wuled/hub/s/appsessioiun/6m/nodec0_modules/babe33l-ru502-fntimd88-4722-e/regenerator/r8b5unb-92etime.j91949d161/els:eme67nt:4 &amp#27;0)
&amp#27;[[39m&amp#27;[31m500&amp#27;35[39m m[M&amp#27;[90m19 JSONWPms - ]&amp#27;[39m    16 at Generato4&amp#27;[39m
rFunction&amp#27;[35mProtot[HTTP]&amp#27;[39m &amp#27;[90m&amp#27;[39myp
e.invoke [as _invoke] (/usr/local/lib/node_modules/appium/node_modules/babel-runtime/regenerator/runtime.js:315:22)
&amp#27;[35m[MJSONWP]&amp#27;[39m     at GeneratorFunctionPrototype.prototype.(anonymous function) [as throw] (/usr/local/lib/node_modules/appium/node_modules/babel-runtime/regenerator/runtime.js:100:21)
&amp#27;[35m[MJSONWP]&amp#27;[39m     at GeneratorFunctionPrototype.invoke (/usr/local/lib/node_modules/appium/node_modules/babel-runtime/regenerator/runtime.js:136:37)
&amp#27;[35m[HTTP]&amp#27;[39m &amp#27;[37m-->&amp#27;[39m &amp#27;[37mPOST&amp#27;[39m &amp#27;[37m/wd/hub/session/6c033502-fd88-4722-8b5b-92e91949d161/element&amp#27;[39m
&amp#27;[35m[HTTP]&amp#27;[39m &amp#27;[90m{"using":"id","value":"com.Slack:id/next_button_url_entry"}&amp#27;[39m
[debug] &amp#27;[35m[W3C]&amp#27;[39m Calling AppiumDriver.findElement() with args: ["id","com.Slack:id/next_button_url_entry","6c033502-fd88-4722-8b5b-92e91949d161"]
[debug] &amp#27;[35m[BaseDriver]&amp#27;[39m Valid locator strategies for this request: xpath, id, class name, accessibility id, -android uiautomator
[debug] &amp#27;[35m[BaseDriver]&amp#27;[39m Waiting up to 0 ms for condition
[debug] &amp#27;[35m[JSONWP Proxy]&amp#27;[39m Matched '/element' to command name 'findElement'
[debug] &amp#27;[35m[JSONWP Proxy]&amp#27;[39m Proxying [POST /element] to [POST http://localhost:8201/wd/hub/session/5a27c767-9791-4751-872d-2ed612cd606d/element] with body: {"strategy":"id","selector":"com.Slack:id/next_button_url_entry","context":"","multiple":false}
[debug] &amp#27;[35m[MJSONWP]&amp#27;[39m Matched JSONWP error code 7 to NoSuchElementError
&amp#27;[35m[MJSONWP]&amp#27;[39m Encountered internal error running command: NoSuchElementError: An element could not be located on the page using the given search parameters.
&amp#27;[35m[MJSONWP]&amp#27;[39m     at AndroidUiautomator2Driver.callee$0$0$ (/usr/local/lib/node_modules/appium/node_modules/appium-android-driver/lib/commands/find.js:75:11)
&amp#27;[35m[MJSONWP]&amp#27;[39m     at tryCatch (/usr/local/lib/node_modules/appium/node_modules/babel-runtime/regenerator/runtime.js:67:40)
&amp#27;[35m[MJSONWP]&amp#27;[39m     at &amp#27;[35mGeneratorFu[HTTnctionP]&amp#27;Pr[39m ototy&amp#27;[37pem<--.in Pvoke [OST as _in/wd/voke] hub/session/6c03(/us3502-fdr/loca88-4l/li722-b/n8bo5b-92ede_mo91dules/a949ppiud161/elemem/node_modulent &amp#27;[39m&amp#27;[3s/babe1m500&amp#27;[l-ru39m &amp#27;nt[90m2im6 ms - 164&amp#27;[39m
e/rege&amp#27;[35neratom[HTr/runtTPime.js:315:22)
]&amp#27;[39m &amp#27;[35m[MJS&amp#27;[90m&amp#27;[ON39m
WP]&amp#27;[39m     at GeneratorFunctionPrototype.prototype.(anonymous function) [as throw] (/usr/local/lib/node_modules/appium/node_modules/babel-runtime/regenerator/runtime.js:100:21)
&amp#27;[35m[MJSONWP]&amp#27;[39m     at GeneratorFunctionPrototype.invoke (/usr/local/lib/node_modules/appium/node_modules/babel-runtime/regenerator/runtime.js:136:37)
&amp#27;[35m[HTTP]&amp#27;[39m &amp#27;[37m-->&amp#27;[39m &amp#27;[37mPOST&amp#27;[39m &amp#27;[37m/wd/hub/session/6c033502-fd88-4722-8b5b-92e91949d161/element&amp#27;[39m
&amp#27;[35m[HTTP]&amp#27;[39m &amp#27;[90m{"using":"id","value":"com.Slack:id/next_button_url_entry"}&amp#27;[39m
[debug] &amp#27;[35m[W3C]&amp#27;[39m Calling AppiumDriver.findElement() with args: ["id","com.Slack:id/next_button_url_entry","6c033502-fd88-4722-8b5b-92e91949d161"]
[debug] &amp#27;[35m[BaseDriver]&amp#27;[39m Valid locator strategies for this request: xpath, id, class name, accessibility id, -android uiautomator
[debug] &amp#27;[35m[BaseDriver]&amp#27;[39m Waiting up to 0 ms for condition
[debug] &amp#27;[35m[JSONWP Proxy]&amp#27;[39m Matched '/element' to command name 'findElement'
[debug] &amp#27;[35m[JSONWP Proxy]&amp#27;[39m Proxying [POST /element] to [POST http://localhost:8201/wd/hub/session/5a27c767-9791-4751-872d-2ed612cd606d/element] with body: {"strategy":"id","selector":"com.Slack:id/next_button_url_entry","context":"","multiple":false}
[debug] &amp#27;[35m[MJSONWP]&amp#27;[39m Matched JSONWP error code 7 to NoSuchElementError
&amp#27;[35m[MJSONWP]&amp#27;[39m Encountered internal error running command: NoSuchElementError: An element could not be located on the page using the given search parameters.
&amp#27;[35m[MJSONWP]&amp#27;[39m     at AndroidUiautomator2Driver.callee$0$0$ (/usr/local/lib/node_modules/appium/node_modules/appium-android-driver/lib/commands/find.js:75:11)
&amp#27;[35m[MJSONWP]&amp#27;[39m     at tryCatch (/usr/local/lib/node_modules/appium/node_modules/babel-runtime/regenerator/runtime.js:67:40)
&amp#27;[35m[MJSONWP]&amp#27;[39m     at GeneratorFunctionPro&amp#27;[35m[HTtoTtyP]pe&amp#27;[39.im &amp#27;[3nvoke 7m[as <-- POST_invoke /wd] (/hub/session//u6csr033502-fd/local88/l-4ib/node722-_modules/ap8b5b-92e9pi1949d161/um/nodeelem_modentules &amp#27;[39m&amp#27;[31m5/00&amp#27;[3babe9m l-&amp#27;[90m22 ms - 1ru64&amp#27;[3ntime/regener9m
ator/runtime.js:315:22)&amp#27;[35m[HTTP]&amp#27;[39m &amp#27;[90m&amp#27;[
39m&amp#27;[
35m[MJSONWP]&amp#27;[39m     at GeneratorFunctionPrototype.prototype.(anonymous function) [as throw] (/usr/local/lib/node_modules/appium/node_modules/babel-runtime/regenerator/runtime.js:100:21)
&amp#27;[35m[MJSONWP]&amp#27;[39m     at GeneratorFunctionPrototype.invoke (/usr/local/lib/node_modules/appium/node_modules/babel-runtime/regenerator/runtime.js:136:37)
&amp#27;[35m[HTTP]&amp#27;[39m &amp#27;[37m-->&amp#27;[39m &amp#27;[37mPOST&amp#27;[39m &amp#27;[37m/wd/hub/session/6c033502-fd88-4722-8b5b-92e91949d161/element&amp#27;[39m
&amp#27;[35m[HTTP]&amp#27;[39m &amp#27;[90m{"using":"id","value":"com.Slack:id/next_button_url_entry"}&amp#27;[39m
[debug] &amp#27;[35m[W3C]&amp#27;[39m Calling AppiumDriver.findElement() with args: ["id","com.Slack:id/next_button_url_entry","6c033502-fd88-4722-8b5b-92e91949d161"]
[debug] &amp#27;[35m[BaseDriver]&amp#27;[39m Valid locator strategies for this request: xpath, id, class name, accessibility id, -android uiautomator
[debug] &amp#27;[35m[BaseDriver]&amp#27;[39m Waiting up to 0 ms for condition
[debug] &amp#27;[35m[JSONWP Proxy]&amp#27;[39m Matched '/element' to command name 'findElement'
[debug] &amp#27;[35m[JSONWP Proxy]&amp#27;[39m Proxying [POST /element] to [POST http://localhost:8201/wd/hub/session/5a27c767-9791-4751-872d-2ed612cd606d/element] with body: {"strategy":"id","selector":"com.Slack:id/next_button_url_entry","context":"","multiple":false}
[debug] &amp#27;[35m[MJSONWP]&amp#27;[39m Matched JSONWP error code 7 to NoSuchElementError
&amp#27;[35m[MJSONWP]&amp#27;[39m Encountered internal error running command: NoSuchElementError: An element could not be located on the page using the given search parameters.
&amp#27;[35m[MJSONWP]&amp#27;[39m     at AndroidUiautomator2Driver.callee$0$0$ (/usr/local/lib/node_modules/appium/node_modules/appium-android-driver/lib/commands/find.js:75:11)
&amp#27;[35m[MJSONWP]&amp#27;[39m     at tryCatch (/usr/local/lib/node_modules/appium/node&amp#27;[35m[HTTP]&amp#27;[39_mm &amp#27;[37mod<-- ulPOST /wd/hub/session/6c033502es/-fd8bab8-el-4722runt-8ime/reb5b-generator/runtime.js:67:40)
&amp#27;[35m[MJSO92e91949d161NWP]&amp#27;[/element &amp#27;39m     [3at Ge9m&amp#27;[31m500&amp#27;[ne39m &amp#27;[90m20 ms - 164&amp#27;[39m
&amp#27;[rato35rFumnctionPrototype.invoke [as _inv[HTTP]&amp#27;[3oke] (/usr/loca9m l/&amp#27;[lib/node_modu90les/am&amp#27;[39m
ppium/node_modules/babel-runtime/regenerator/runtime.js:315:22)
&amp#27;[35m[MJSONWP]&amp#27;[39m     at GeneratorFunctionPrototype.prototype.(anonymous function) [as throw] (/usr/local/lib/node_modules/appium/node_modules/babel-runtime/regenerator/runtime.js:100:21)
&amp#27;[35m[MJSONWP]&amp#27;[39m     at GeneratorFunctionPrototype.invoke (/usr/local/lib/node_modules/appium/node_modules/babel-runtime/regenerator/runtime.js:136:37)
&amp#27;[35m[HTTP]&amp#27;[39m &amp#27;[37m-->&amp#27;[39m &amp#27;[37mPOST&amp#27;[39m &amp#27;[37m/wd/hub/session/6c033502-fd88-4722-8b5b-92e91949d161/element&amp#27;[39m
&amp#27;[35m[HTTP]&amp#27;[39m &amp#27;[90m{"using":"id","value":"com.Slack:id/next_button_url_entry"}&amp#27;[39m
[debug] &amp#27;[35m[W3C]&amp#27;[39m Calling AppiumDriver.findElement() with args: ["id","com.Slack:id/next_button_url_entry","6c033502-fd88-4722-8b5b-92e91949d161"]
[debug] &amp#27;[35m[BaseDriver]&amp#27;[39m Valid locator strategies for this request: xpath, id, class name, accessibility id, -android uiautomator
[debug] &amp#27;[35m[BaseDriver]&amp#27;[39m Waiting up to 0 ms for condition
[debug] &amp#27;[35m[JSONWP Proxy]&amp#27;[39m Matched '/element' to command name 'findElement'
[debug] &amp#27;[35m[JSONWP Proxy]&amp#27;[39m Proxying [POST /element] to [POST http://localhost:8201/wd/hub/session/5a27c767-9791-4751-872d-2ed612cd606d/element] with body: {"strategy":"id","selector":"com.Slack:id/next_button_url_entry","context":"","multiple":false}
[debug] &amp#27;[35m[MJSONWP]&amp#27;[39m Matched JSONWP error code 7 to NoSuchElementError
&amp#27;[35m[MJSONWP]&amp#27;[39m Encountered internal error running command: NoSuchElementError: An element could not be located on the page using the given search parameters.
&amp#27;[35m[MJSONWP]&amp#27;[39m     at AndroidUiautomator2Driver.callee$0$0$ (/usr/local/lib/node_modules/appium/node_modules/appium-android-driver/lib/commands/find.js:75:11)
&amp#27;[35m[MJSONWP]&amp#27;[39m     at tryCatch (/usr/local/lib/node_modules/appium/node_module&amp#27;[35m[HTTP]s/babel-runtime/regenerator&amp#27;[39m/r &amp#27;[37m<-- PuOSTntime /wd/hub/se.jssion/6c0s:67:40)
&amp#27;[335035m[2-MJSONWPfd]&amp#27;[39m88   -4722  at -8b5b-92e91Gene949d161/ratorFuncelementit onPrototyp&amp#27;[39m&amp#27;[e.in31m50vo0&amp#27;[39m &amp#27;[9ke [as _invoke] (/0m21usr/lo ms - 164&amp#27;[39mcal/
lib&amp#27;[35m[/nodHTTP]&amp#27;e_mod[39m &amp#27;[90m&amp#27;ules[39m
/appium/node_modules/babel-runtime/regenerator/runtime.js:315:22)
&amp#27;[35m[MJSONWP]&amp#27;[39m     at GeneratorFunctionPrototype.prototype.(anonymous function) [as throw] (/usr/local/lib/node_modules/appium/node_modules/babel-runtime/regenerator/runtime.js:100:21)
&amp#27;[35m[MJSONWP]&amp#27;[39m     at GeneratorFunctionPrototype.invoke (/usr/local/lib/node_modules/appium/node_modules/babel-runtime/regenerator/runtime.js:136:37)
&amp#27;[35m[HTTP]&amp#27;[39m &amp#27;[37m-->&amp#27;[39m &amp#27;[37mPOST&amp#27;[39m &amp#27;[37m/wd/hub/session/6c033502-fd88-4722-8b5b-92e91949d161/element&amp#27;[39m
&amp#27;[35m[HTTP]&amp#27;[39m &amp#27;[90m{"using":"id","value":"com.Slack:id/next_button_url_entry"}&amp#27;[39m
[debug] &amp#27;[35m[W3C]&amp#27;[39m Calling AppiumDriver.findElement() with args: ["id","com.Slack:id/next_button_url_entry","6c033502-fd88-4722-8b5b-92e91949d161"]
[debug] &amp#27;[35m[BaseDriver]&amp#27;[39m Valid locator strategies for this request: xpath, id, class name, accessibility id, -android uiautomator
[debug] &amp#27;[35m[BaseDriver]&amp#27;[39m Waiting up to 0 ms for condition
[debug] &amp#27;[35m[JSONWP Proxy]&amp#27;[39m Matched '/element' to command name 'findElement'
[debug] &amp#27;[35m[JSONWP Proxy]&amp#27;[39m Proxying [POST /element] to [POST http://localhost:8201/wd/hub/session/5a27c767-9791-4751-872d-2ed612cd606d/element] with body: {"strategy":"id","selector":"com.Slack:id/next_button_url_entry","context":"","multiple":false}
[debug] &amp#27;[35m[MJSONWP]&amp#27;[39m Matched JSONWP error code 7 to NoSuchElementError
&amp#27;[35m[MJSONWP]&amp#27;[39m Encountered internal error running command: NoSuchElementError: An element could not be located on the page using the given search parameters.
&amp#27;[35m[MJSONWP]&amp#27;[39m     at AndroidUiautomator2Driver.callee$0$0$ (/usr/local/lib/node_modules/appium/node_modules/appium-android-driver/lib/commands/find.js:75:11)
&amp#27;[35m[MJSONWP]&amp#27;[39m     at tryCatch (/usr/local/lib/node_modules/appium/node_modules/babel-runtime/regenerator/runtime.js:67:40)
&amp#27;[35m[&amp#27;[35mHT[MTP]&amp#27;[JSONWP39m &amp#27;[3]&amp#27;[39m   7m<-- POST /  at wdGe/hubneratorFunctionPr/session/6c0oto33502-fd88-47type.22-8b5b-92invoke91949de 161/e[aslement _in voke&amp#27;[] (/usr/local/lib/39mnode_modules&amp#27;[/appium/31m500node_modules/&amp#27;[39m babel-runtime/re&amp#27;[90mge25 ms - 164nera&amp#27;[39m
tor/r&amp#27;[3un5m[HTtiTP]&amp#27;[39m me.js:315:22)
&amp#27;[90m&amp#27;[35&amp#27;[39m
m[MJSONWP]&amp#27;[39m     at GeneratorFunctionPrototype.prototype.(anonymous function) [as throw] (/usr/local/lib/node_modules/appium/node_modules/babel-runtime/regenerator/runtime.js:100:21)
&amp#27;[35m[MJSONWP]&amp#27;[39m     at GeneratorFunctionPrototype.invoke (/usr/local/lib/node_modules/appium/node_modules/babel-runtime/regenerator/runtime.js:136:37)
&amp#27;[35m[HTTP]&amp#27;[39m &amp#27;[37m-->&amp#27;[39m &amp#27;[37mPOST&amp#27;[39m &amp#27;[37m/wd/hub/session/6c033502-fd88-4722-8b5b-92e91949d161/element&amp#27;[39m
&amp#27;[35m[HTTP]&amp#27;[39m &amp#27;[90m{"using":"id","value":"com.Slack:id/next_button_url_entry"}&amp#27;[39m
[debug] &amp#27;[35m[W3C]&amp#27;[39m Calling AppiumDriver.findElement() with args: ["id","com.Slack:id/next_button_url_entry","6c033502-fd88-4722-8b5b-92e91949d161"]
[debug] &amp#27;[35m[BaseDriver]&amp#27;[39m Valid locator strategies for this request: xpath, id, class name, accessibility id, -android uiautomator
[debug] &amp#27;[35m[BaseDriver]&amp#27;[39m Waiting up to 0 ms for condition
[debug] &amp#27;[35m[JSONWP Proxy]&amp#27;[39m Matched '/element' to command name 'findElement'
[debug] &amp#27;[35m[JSONWP Proxy]&amp#27;[39m Proxying [POST /element] to [POST http://localhost:8201/wd/hub/session/5a27c767-9791-4751-872d-2ed612cd606d/element] with body: {"strategy":"id","selector":"com.Slack:id/next_button_url_entry","context":"","multiple":false}
[debug] &amp#27;[35m[MJSONWP]&amp#27;[39m Matched JSONWP error code 7 to NoSuchElementError
&amp#27;[35m[MJSONWP]&amp#27;[39m Encountered internal error running command: NoSuchElementError: An element could not be located on the page using the given search parameters.
&amp#27;[35m[MJSONWP]&amp#27;[39m     at AndroidUiautomator2Driver.callee$0$0$ (/usr/local/lib/node_modules/appium/node_modules/appium-android-driver/lib/commands/find.js:75:11)
&amp#27;[35m[MJSONWP]&amp#27;[39m     at tryCatch (/usr/local/lib/node_modules/appium/node_modules/babe&amp#27;[3l-5m[HTTP]&amp#27;runt[3im9m &amp#27;[3e/r7meg<-ene- ratorPOS/rT /wd/unhub/session/6c03350tim2-fd88-e.j4s:67227:-8b5b-40)
&amp#27;92[35m[MJe91949dSONWP]&amp#27;161/e[39m lement &amp#27;[3    a9mt Ge&amp#27;[31m500&amp#27;[nerator39m &amp#27;[FunctionPrototype.invoke [as _invoke90m1] (/usr9 ms - /local/li164&amp#27;[b/n39mod
e&amp#27;[35_modum[HTTleP]&amp#27;[39m &amp#27;[90m&amp#27;[39m
s/appium/node_modules/babel-runtime/regenerator/runtime.js:315:22)
&amp#27;[35m[MJSONWP]&amp#27;[39m     at GeneratorFunctionPrototype.prototype.(anonymous function) [as throw] (/usr/local/lib/node_modules/appium/node_modules/babel-runtime/regenerator/runtime.js:100:21)
&amp#27;[35m[MJSONWP]&amp#27;[39m     at GeneratorFunctionPrototype.invoke (/usr/local/lib/node_modules/appium/node_modules/babel-runtime/regenerator/runtime.js:136:37)
&amp#27;[35m[HTTP]&amp#27;[39m &amp#27;[37m-->&amp#27;[39m &amp#27;[37mPOST&amp#27;[39m &amp#27;[37m/wd/hub/session/6c033502-fd88-4722-8b5b-92e91949d161/element&amp#27;[39m
&amp#27;[35m[HTTP]&amp#27;[39m &amp#27;[90m{"using":"id","value":"com.Slack:id/next_button_url_entry"}&amp#27;[39m
[debug] &amp#27;[35m[W3C]&amp#27;[39m Calling AppiumDriver.findElement() with args: ["id","com.Slack:id/next_button_url_entry","6c033502-fd88-4722-8b5b-92e91949d161"]
[debug] &amp#27;[35m[BaseDriver]&amp#27;[39m Valid locator strategies for this request: xpath, id, class name, accessibility id, -android uiautomator
[debug] &amp#27;[35m[BaseDriver]&amp#27;[39m Waiting up to 0 ms for condition
[debug] &amp#27;[35m[JSONWP Proxy]&amp#27;[39m Matched '/element' to command name 'findElement'
[debug] &amp#27;[35m[JSONWP Proxy]&amp#27;[39m Proxying [POST /element] to [POST http://localhost:8201/wd/hub/session/5a27c767-9791-4751-872d-2ed612cd606d/element] with body: {"strategy":"id","selector":"com.Slack:id/next_button_url_entry","context":"","multiple":false}
[debug] &amp#27;[35m[MJSONWP]&amp#27;[39m Matched JSONWP error code 7 to NoSuchElementError
&amp#27;[35m[MJSONWP]&amp#27;[39m Encountered internal error running command: NoSuchElementError: An element could not be located on the page using the given search parameters.
&amp#27;[35m[MJSONWP]&amp#27;[39m     at AndroidUiautomator2Driver.callee$0$0$ (/usr/local/lib/node_modules/appium/node_modules/appium-android-driver/lib/co&amp#27;[35m[HTTP]mmands/find.js:75:11)
&amp#27;[35m[MJSONWP]&amp#27;[39m &amp#27;[37m<-- POST /wd/hub/ses&amp#27;[39m     at trysion/6c033Catch (502-fd88-4722-8b5/usr/locab-92e91949d161/element &amp#27;[39m&amp#27;[31m500&amp#27;[39m &amp#27;[9l/lib/no0m21 ms - 164&amp#27;[39m
&amp#27;[35m[HTTP]&amp#27;[39m &amp#27;[90m&amp#27;[39m
de_modules/appium/node_modules/babel-runtime/regenerator/runtime.js:67:40)
&amp#27;[35m[MJSONWP]&amp#27;[39m     at GeneratorFunctionPrototype.invoke [as _invoke] (/usr/local/lib/node_modules/appium/node_modules/babel-runtime/regenerator/runtime.js:315:22)
&amp#27;[35m[MJSONWP]&amp#27;[39m     at GeneratorFunctionPrototype.prototype.(anonymous function) [as throw] (/usr/local/lib/node_modules/appium/node_modules/babel-runtime/regenerator/runtime.js:100:21)
&amp#27;[35m[MJSONWP]&amp#27;[39m     at GeneratorFunctionPrototype.invoke (/usr/local/lib/node_modules/appium/node_modules/babel-runtime/regenerator/runtime.js:136:37)
&amp#27;[35m[HTTP]&amp#27;[39m &amp#27;[37m-->&amp#27;[39m &amp#27;[37mPOST&amp#27;[39m &amp#27;[37m/wd/hub/session/6c033502-fd88-4722-8b5b-92e91949d161/element&amp#27;[39m
&amp#27;[35m[HTTP]&amp#27;[39m &amp#27;[90m{"using":"id","value":"com.Slack:id/next_button_url_entry"}&amp#27;[39m
[debug] &amp#27;[35m[W3C]&amp#27;[39m Calling AppiumDriver.findElement() with args: ["id","com.Slack:id/next_button_url_entry","6c033502-fd88-4722-8b5b-92e91949d161"]
[debug] &amp#27;[35m[BaseDriver]&amp#27;[39m Valid locator strategies for this request: xpath, id, class name, accessibility id, -android uiautomator
[debug] &amp#27;[35m[BaseDriver]&amp#27;[39m Waiting up to 0 ms for condition
[debug] &amp#27;[35m[JSONWP Proxy]&amp#27;[39m Matched '/element' to command name 'findElement'
[debug] &amp#27;[35m[JSONWP Proxy]&amp#27;[39m Proxying [POST /element] to [POST http://localhost:8201/wd/hub/session/5a27c767-9791-4751-872d-2ed612cd606d/element] with body: {"strategy":"id","selector":"com.Slack:id/next_button_url_entry","context":"","multiple":false}
[debug] &amp#27;[35m[MJSONWP]&amp#27;[39m Matched JSONWP error code 7 to NoSuchElementError
&amp#27;[35m[MJSONWP]&amp#27;[39m Encountered internal error running command: NoSuchElementError: An element could not be located on the page using the given search parameters.
&amp#27;[35m[MJSONWP]&amp#27;[39m     at AndroidUiautomator2Driver.callee$0$0$&amp#27;[35m[HTTP]&amp#27; (/usr[39m /l&amp#27;[37m<-- POST /wd/hub/session/6c033502-fd8oc8-4722-8b5b-al/lib/node92e91_modules949d161/el/appement &amp#27;[39ium/node_modules/appium-android-driver/lib/commands/fm&amp#27;ind[31m50.js:0&amp#27;75[39m &amp#27;[90m21 ms:1 - 164&amp#27;[39m
&amp#27;1)
&amp#27;[35m[MJ[35m[HSONWP]&amp#27;[39m   TTP]&amp#27;  at [39m &amp#27;[90m&amp#27;tryCatch (/usr/local/lib/node_modules/appium/node_modu[39les/babel-runtim
me/regenerator/runtime.js:67:40)
&amp#27;[35m[MJSONWP]&amp#27;[39m     at GeneratorFunctionPrototype.invoke [as _invoke] (/usr/local/lib/node_modules/appium/node_modules/babel-runtime/regenerator/runtime.js:315:22)
&amp#27;[35m[MJSONWP]&amp#27;[39m     at GeneratorFunctionPrototype.prototype.(anonymous function) [as throw] (/usr/local/lib/node_modules/appium/node_modules/babel-runtime/regenerator/runtime.js:100:21)
&amp#27;[35m[MJSONWP]&amp#27;[39m     at GeneratorFunctionPrototype.invoke (/usr/local/lib/node_modules/appium/node_modules/babel-runtime/regenerator/runtime.js:136:37)
&amp#27;[35m[HTTP]&amp#27;[39m &amp#27;[37m-->&amp#27;[39m &amp#27;[37mPOST&amp#27;[39m &amp#27;[37m/wd/hub/session/6c033502-fd88-4722-8b5b-92e91949d161/element&amp#27;[39m
&amp#27;[35m[HTTP]&amp#27;[39m &amp#27;[90m{"using":"id","value":"com.Slack:id/next_button_url_entry"}&amp#27;[39m
[debug] &amp#27;[35m[W3C]&amp#27;[39m Calling AppiumDriver.findElement() with args: ["id","com.Slack:id/next_button_url_entry","6c033502-fd88-4722-8b5b-92e91949d161"]
[debug] &amp#27;[35m[BaseDriver]&amp#27;[39m Valid locator strategies for this request: xpath, id, class name, accessibility id, -android uiautomator
[debug] &amp#27;[35m[BaseDriver]&amp#27;[39m Waiting up to 0 ms for condition
[debug] &amp#27;[35m[JSONWP Proxy]&amp#27;[39m Matched '/element' to command name 'findElement'
[debug] &amp#27;[35m[JSONWP Proxy]&amp#27;[39m Proxying [POST /element] to [POST http://localhost:8201/wd/hub/session/5a27c767-9791-4751-872d-2ed612cd606d/element] with body: {"strategy":"id","selector":"com.Slack:id/next_button_url_entry","context":"","multiple":false}
[debug] &amp#27;[35m[MJSONWP]&amp#27;[39m Matched JSONWP error code 7 to NoSuchElementError
&amp#27;[35m[MJSONWP]&amp#27;[39m Encountered internal error running command: NoSuchElementError: An element could not be located on the page using the given search parameters.
&amp#27;[35m[MJSONWP]&amp#27;[39m     at AndroidUiautomator2Driver.callee$0$0$ (/usr/local/lib/node_modules/appium/node_modules&amp#27;[35m[HTTP]&amp#27;[39m/appium- &amp#27;[37m<-- POST /wd/hub/session/6c033502-fd88-47an22droid--8b5b-92e91949d161/elemdriver/lib/centomman &amp#27;[ds/fin39m&amp#27;[31d.js:75:11)
&amp#27;[3m500&amp#27;[39m 5m[&amp#27;[90m22 ms - MJ164&amp#27;[39m
&amp#27;[35m[HTTP]&amp#27;[39m &amp#27;[9SONWP]0m&amp#27;[3&amp#27;[9m  39m   at tryCatch (/usr/local/lib/node_modules/appium/node_modules/babel-runtime/regenerator/runtime.js:67:40)
&amp#27;[35m[MJSO
NWP]&amp#27;[39m     at GeneratorFunctionPrototype.invoke [as _invoke] (/usr/local/lib/node_modules/appium/node_modules/babel-runtime/regenerator/runtime.js:315:22)
&amp#27;[35m[MJSONWP]&amp#27;[39m     at GeneratorFunctionPrototype.prototype.(anonymous function) [as throw] (/usr/local/lib/node_modules/appium/node_modules/babel-runtime/regenerator/runtime.js:100:21)
&amp#27;[35m[MJSONWP]&amp#27;[39m     at GeneratorFunctionPrototype.invoke (/usr/local/lib/node_modules/appium/node_modules/babel-runtime/regenerator/runtime.js:136:37)
&amp#27;[35m[HTTP]&amp#27;[39m &amp#27;[37m-->&amp#27;[39m &amp#27;[37mPOST&amp#27;[39m &amp#27;[37m/wd/hub/session/6c033502-fd88-4722-8b5b-92e91949d161/element&amp#27;[39m
&amp#27;[35m[HTTP]&amp#27;[39m &amp#27;[90m{"using":"id","value":"com.Slack:id/next_button_url_entry"}&amp#27;[39m
[debug] &amp#27;[35m[W3C]&amp#27;[39m Calling AppiumDriver.findElement() with args: ["id","com.Slack:id/next_button_url_entry","6c033502-fd88-4722-8b5b-92e91949d161"]
[debug] &amp#27;[35m[BaseDriver]&amp#27;[39m Valid locator strategies for this request: xpath, id, class name, accessibility id, -android uiautomator
[debug] &amp#27;[35m[BaseDriver]&amp#27;[39m Waiting up to 0 ms for condition
[debug] &amp#27;[35m[JSONWP Proxy]&amp#27;[39m Matched '/element' to command name 'findElement'
[debug] &amp#27;[35m[JSONWP Proxy]&amp#27;[39m Proxying [POST /element] to [POST http://localhost:8201/wd/hub/session/5a27c767-9791-4751-872d-2ed612cd606d/element] with body: {"strategy":"id","selector":"com.Slack:id/next_button_url_entry","context":"","multiple":false}
[debug] &amp#27;[35m[MJSONWP]&amp#27;[39m Matched JSONWP error code 7 to NoSuchElementError
&amp#27;[35m[MJSONWP]&amp#27;[39m Encountered internal error running command: NoSuchElementError: An element could not be located on the page using the given search parameters.
&amp#27;[35m[MJSONWP&amp#27;[35m[HTTP]&amp#27;]&amp#27;[39m &amp#27;[37m<-- POST /wd/hub/session/6c033502-fd88-4722-8b5b-92e91949d161/element &amp#27;[39m&amp#27;[31m500&amp#27;[39m &amp#27;[90m30 ms - 164&amp#27;[3[9m
&amp#27;[35m[HTTP]&amp#27;[39m &amp#27;[90m&amp#27;[39m
39m     at AndroidUiautomator2Driver.callee$0$0$ (/usr/local/lib/node_modules/appium/node_modules/appium-android-driver/lib/commands/find.js:75:11)
&amp#27;[35m[MJSONWP]&amp#27;[39m     at tryCatch (/usr/local/lib/node_modules/appium/node_modules/babel-runtime/regenerator/runtime.js:67:40)
&amp#27;[35m[MJSONWP]&amp#27;[39m     at GeneratorFunctionPrototype.invoke [as _invoke] (/usr/local/lib/node_modules/appium/node_modules/babel-runtime/regenerator/runtime.js:315:22)
&amp#27;[35m[MJSONWP]&amp#27;[39m     at GeneratorFunctionPrototype.prototype.(anonymous function) [as throw] (/usr/local/lib/node_modules/appium/node_modules/babel-runtime/regenerator/runtime.js:100:21)
&amp#27;[35m[MJSONWP]&amp#27;[39m     at GeneratorFunctionPrototype.invoke (/usr/local/lib/node_modules/appium/node_modules/babel-runtime/regenerator/runtime.js:136:37)
&amp#27;[35m[HTTP]&amp#27;[39m &amp#27;[37m-->&amp#27;[39m &amp#27;[37mPOST&amp#27;[39m &amp#27;[37m/wd/hub/session/6c033502-fd88-4722-8b5b-92e91949d161/element&amp#27;[39m
&amp#27;[35m[HTTP]&amp#27;[39m &amp#27;[90m{"using":"id","value":"com.Slack:id/next_button_url_entry"}&amp#27;[39m
[debug] &amp#27;[35m[W3C]&amp#27;[39m Calling AppiumDriver.findElement() with args: ["id","com.Slack:id/next_button_url_entry","6c033502-fd88-4722-8b5b-92e91949d161"]
[debug] &amp#27;[35m[BaseDriver]&amp#27;[39m Valid locator strategies for this request: xpath, id, class name, accessibility id, -android uiautomator
[debug] &amp#27;[35m[BaseDriver]&amp#27;[39m Waiting up to 0 ms for condition
[debug] &amp#27;[35m[JSONWP Proxy]&amp#27;[39m Matched '/element' to command name 'findElement'
[debug] &amp#27;[35m[JSONWP Proxy]&amp#27;[39m Proxying [POST /element] to [POST http://localhost:8201/wd/hub/session/5a27c767-9791-4751-872d-2ed612cd606d/element] with body: {"strategy":"id","selector":"com.Slack:id/next_button_url_entry","context":"","multiple":false}
[debug] &amp#27;[35m[MJSONWP]&amp#27;[39m Matched JSONWP error code 7 to NoSuchElementError
&amp#27;[35m[MJSONWP]&amp#27;[39m Encountered internal error running command: NoSuchElementError: An element could not be located on the page using the given search parameters.
&amp#27;[35m[MJSONWP]&amp#27;[39m     at AndroidUiautomator2Driver.callee$0$0$ (/usr/local/lib/node_modules/appium/node_modules/appium-andro&amp#27;[3id-d5m[HTTP]&amp#27;ri[3ver/9m &amp#27;[37m<-- POST /wd/hulib/commands/fb/session/in6c033502-fd88-4722-8b5b-92e91949d161/element &amp#27;[39m&amp#27;[31m500&amp#27;[39m &amp#27;[90m62 ms - 164&amp#27;[39m
d.js:&amp#27;[3575:1m[1)
&amp#27;[3HTT5m[MJSONWP]&amp#27;[39m     at tryCatch (/usr/local/lib/node_mP]&amp#27;[39m &amp#27;[90m&amp#27;od[39m
ules/appium/node_modules/babel-runtime/regenerator/runtime.js:67:40)
&amp#27;[35m[MJSONWP]&amp#27;[39m     at GeneratorFunctionPrototype.invoke [as _invoke] (/usr/local/lib/node_modules/appium/node_modules/babel-runtime/regenerator/runtime.js:315:22)
&amp#27;[35m[MJSONWP]&amp#27;[39m     at GeneratorFunctionPrototype.prototype.(anonymous function) [as throw] (/usr/local/lib/node_modules/appium/node_modules/babel-runtime/regenerator/runtime.js:100:21)
&amp#27;[35m[MJSONWP]&amp#27;[39m     at GeneratorFunctionPrototype.invoke (/usr/local/lib/node_modules/appium/node_modules/babel-runtime/regenerator/runtime.js:136:37)
&amp#27;[35m[HTTP]&amp#27;[39m &amp#27;[37m-->&amp#27;[39m &amp#27;[37mPOST&amp#27;[39m &amp#27;[37m/wd/hub/session/6c033502-fd88-4722-8b5b-92e91949d161/element&amp#27;[39m
&amp#27;[35m[HTTP]&amp#27;[39m &amp#27;[90m{"using":"id","value":"com.Slack:id/next_button_url_entry"}&amp#27;[39m
[debug] &amp#27;[35m[W3C]&amp#27;[39m Calling AppiumDriver.findElement() with args: ["id","com.Slack:id/next_button_url_entry","6c033502-fd88-4722-8b5b-92e91949d161"]
[debug] &amp#27;[35m[BaseDriver]&amp#27;[39m Valid locator strategies for this request: xpath, id, class name, accessibility id, -android uiautomator
[debug] &amp#27;[35m[BaseDriver]&amp#27;[39m Waiting up to 0 ms for condition
[debug] &amp#27;[35m[JSONWP Proxy]&amp#27;[39m Matched '/element' to command name 'findElement'
[debug] &amp#27;[35m[JSONWP Proxy]&amp#27;[39m Proxying [POST /element] to [POST http://localhost:8201/wd/hub/session/5a27c767-9791-4751-872d-2ed612cd606d/element] with body: {"strategy":"id","selector":"com.Slack:id/next_button_url_entry","context":"","multiple":false}
[debug] &amp#27;[35m[MJSONWP]&amp#27;[39m Matched JSONWP error code 7 to NoSuchElementError
&amp#27;[35m[MJSONWP]&amp#27;[39m Encountered internal error running command: NoSuchElementError: An element could not be located on the page using the given search parameters.
&amp#27;[35m[MJSONWP]&amp#27;[39m     at AndroidUiautomator2Driver.callee$0$&amp#27;[35m[0$ (/usr/local/libHTTP]&amp#27;[39m &amp#27;[37m/n<-- POST /wd/hub/ode_msession/odu6cle03350s2-fd88-4722/appium/node_-8b5b-92e9194modules9d/appium-andr161/eoid-driver/lilb/ement &amp#27;[39m&amp#27;[31m500&amp#27;[39mco &amp#27;[90m21 ms - 164&amp#27;[39m
&amp#27;[35m[HTTP]&amp#27;[39m &amp#27;[90mmands/find.js:75:11m&amp#27;[39m
)
&amp#27;[35m[MJSONWP]&amp#27;[39m     at tryCatch (/usr/local/lib/node_modules/appium/node_modules/babel-runtime/regenerator/runtime.js:67:40)
&amp#27;[35m[MJSONWP]&amp#27;[39m     at GeneratorFunctionPrototype.invoke [as _invoke] (/usr/local/lib/node_modules/appium/node_modules/babel-runtime/regenerator/runtime.js:315:22)
&amp#27;[35m[MJSONWP]&amp#27;[39m     at GeneratorFunctionPrototype.prototype.(anonymous function) [as throw] (/usr/local/lib/node_modules/appium/node_modules/b&amp#27;[35m[HTabel-runtime/TP]&amp#27;[3regenerator/runtime.js:100:21)
&amp#27;[35m[MJSONWP]&amp#27;[39m     at GeneratorFunctionPrototype.invoke9m &amp#27;[ (/usr/l37ocal/libm--/n>&amp#27;[39m &amp#27;[37mPOST&amp#27;[39m &amp#27;[37m/wd/ode_modules/apphub/seium/node_modules/bassibel-ruon/6cntime/r033502-fd88-4722-8b5b-egenerator/runtime.js:136:37)
92e91949d161/element&amp#27;[39m
&amp#27;[35m[HTTP]&amp#27;[39m &amp#27;[90m{"using":"id","value":"com.Slack:id/next_button_url_entry"}&amp#27;[39m
[debug] &amp#27;[35m[W3C]&amp#27;[39m Calling AppiumDriver.findElement() with args: ["id","com.Slack:id/next_button_url_entry","6c033502-fd88-4722-8b5b-92e91949d161"]
[debug] &amp#27;[35m[BaseDriver]&amp#27;[39m Valid locator strategies for this request: xpath, id, class name, accessibility id, -android uiautomator
[debug] &amp#27;[35m[BaseDriver]&amp#27;[39m Waiting up to 0 ms for condition
[debug] &amp#27;[35m[JSONWP Proxy]&amp#27;[39m Matched '/element' to command name 'findElement'
[debug] &amp#27;[35m[JSONWP Proxy]&amp#27;[39m Proxying [POST /element] to [POST http://localhost:8201/wd/hub/session/5a27c767-9791-4751-872d-2ed612cd606d/element] with body: {"strategy":"id","selector":"com.Slack:id/next_button_url_entry","context":"","multiple":false}
[debug] &amp#27;[35m[MJSONWP]&amp#27;[39m Matched JSONWP error code 7 to NoSuchElementError
&amp#27;[35m[MJSONWP]&amp#27;[39m Encountered internal error running command: NoSuchElementError: An element could not be located on the page using the given search parameters.
&amp#27;[35m[MJSONWP]&amp#27;[39m     at AndroidUiautomator2Driver.callee$0$0$ (/usr/local/lib/node_modules/appium/node_modules/appium-android-driver/lib/commands/find.js:75:11)
&amp#27;[35m[MJSONWP]&amp#27;[39m     at tryCatch (/usr/local/lib/node_modules/appiu&amp#27;[m/node35m[HTT_mP]&amp#27;[od39mules/babe &amp#27;l-r[37m<-- POST /untiwd/hmeub/sessi/ron/6c0335eg02en-fderator/88-4722-8bruntime.js5b-:6792e:40)
&amp#27;[35m[MJSONWP]&amp#27;[39m     at Generat9194or9d16Func1/etilemeonProtonttype &amp#27;[39m&amp#27;[31m5.invo00&amp#27;ke[39m &amp#27;[90m53 m [as _is nvoke- ] (/16usr4&amp#27;/l[39m
oc&amp#27;[35m[HTTPal]&amp#27;[3/li9mb/ &amp#27;nod[9e_mod0mul&amp#27;[es/39appium/nodem
_modules/babel-runtime/regenerator/runtime.js:315:22)
&amp#27;[35m[MJSONWP]&amp#27;[39m     at GeneratorFunctionPrototype.prototype.(anonymous function) [as throw] (/usr/local/lib/node_modules/appium/node_modules/babel-runtime/regenerator/runtime.js:100:21)
&amp#27;[35m[MJSONWP]&amp#27;[39m     at GeneratorFunctionPrototype.invoke (/usr/local/lib/node_modules/appium/node_modules/babel-runtime/regenerator/runtime.js:136:37)
&amp#27;[35m[HTTP]&amp#27;[39m &amp#27;[37m-->&amp#27;[39m &amp#27;[37mPOST&amp#27;[39m &amp#27;[37m/wd/hub/session/6c033502-fd88-4722-8b5b-92e91949d161/element&amp#27;[39m
&amp#27;[35m[HTTP]&amp#27;[39m &amp#27;[90m{"using":"id","value":"com.Slack:id/next_button_url_entry"}&amp#27;[39m
[debug] &amp#27;[35m[W3C]&amp#27;[39m Calling AppiumDriver.findElement() with args: ["id","com.Slack:id/next_button_url_entry","6c033502-fd88-4722-8b5b-92e91949d161"]
[debug] &amp#27;[35m[BaseDriver]&amp#27;[39m Valid locator strategies for this request: xpath, id, class name, accessibility id, -android uiautomator
[debug] &amp#27;[35m[BaseDriver]&amp#27;[39m Waiting up to 0 ms for condition
[debug] &amp#27;[35m[JSONWP Proxy]&amp#27;[39m Matched '/element' to command name 'findElement'
[debug] &amp#27;[35m[JSONWP Proxy]&amp#27;[39m Proxying [POST /element] to [POST http://localhost:8201/wd/hub/session/5a27c767-9791-4751-872d-2ed612cd606d/element] with body: {"strategy":"id","selector":"com.Slack:id/next_button_url_entry","context":"","multiple":false}
[debug] &amp#27;[35m[MJSONWP]&amp#27;[39m Matched JSONWP error code 7 to NoSuchElementError
&amp#27;[35m[MJSONWP]&amp#27;[39m Encountered internal error running command: NoSuchElementError: An element could not be located on the page using the given search parameters.
&amp#27;[35m[MJSONWP]&amp#27;[39m     at AndroidUiautomator2Driver.callee$0$0$ (/usr/local/lib/node_modules/appium/node_modules/appium-android-driver/lib/commands/find.js:75:11)
&amp#27;[35m[MJSONWP]&amp#27;[39m     at tryCatch &amp#27;[(/usr/local/lib35/nom[deHTT_mP]odul&amp#27;[es39/am ppium/node_&amp#27;[3mod7mul<-es-/ba PbeOSl-runtimT /e/regenerwdat/hub/orsessio/runtin/6cme03.j35s:02-f67:40)
d8&amp#27;[358-4722-m[MJSO8bNWP]&amp#27;[5b39-92m e91949   d161/eleme at Gnten &amp#27;[39m&amp#27;[31m500&amp#27;[39m &amp#27;eratorFunc[90m42 ms - tio16nPrototype.invo4&amp#27;[39ke [as _invoke] (/usr/local/lib/nom
de_&amp#27;[35mmodule[s/appium/node_modules/babel-runtime/regenerator/runtime.js:315:22)
&amp#27;[35m[MJSONWP]&amp#27;[39m     at GeneratorFunctionPrototype.prototyHTTPpe.(]&amp#27;anonymous func[39m &amp#27;[90m&amp#27;[39tim
on) [as throw] (/usr/local/lib/node_modules/appium/node_modules/babel-runtime/regenerator/runtime.js:100:21)
&amp#27;[35m[MJSONWP]&amp#27;[39m     at GeneratorFunctionPrototype.invoke (/usr/local/lib/node_modules/appium/node_modules/babel-runtime/regenerator/runtime.js:136:37)
&amp#27;[35m[HTTP]&amp#27;[39m &amp#27;[37m-->&amp#27;[39m &amp#27;[37mPOST&amp#27;[39m &amp#27;[37m/wd/hub/session/6c033502-fd88-4722-8b5b-92e91949d161/element&amp#27;[39m
&amp#27;[35m[HTTP]&amp#27;[39m &amp#27;[90m{"using":"id","value":"com.Slack:id/next_button_url_entry"}&amp#27;[39m
[debug] &amp#27;[35m[W3C]&amp#27;[39m Calling AppiumDriver.findElement() with args: ["id","com.Slack:id/next_button_url_entry","6c033502-fd88-4722-8b5b-92e91949d161"]
[debug] &amp#27;[35m[BaseDriver]&amp#27;[39m Valid locator strategies for this request: xpath, id, class name, accessibility id, -android uiautomator
[debug] &amp#27;[35m[BaseDriver]&amp#27;[39m Waiting up to 0 ms for condition
[debug] &amp#27;[35m[JSONWP Proxy]&amp#27;[39m Matched '/element' to command name 'findElement'
[debug] &amp#27;[35m[JSONWP Proxy]&amp#27;[39m Proxying [POST /element] to [POST http://localhost:8201/wd/hub/session/5a27c767-9791-4751-872d-2ed612cd606d/element] with body: {"strategy":"id","selector":"com.Slack:id/next_button_url_entry","context":"","multiple":false}
[debug] &amp#27;[35m[MJSONWP]&amp#27;[39m Matched JSONWP error code 7 to NoSuchElementError
&amp#27;[35m[MJSONWP]&amp#27;[39m Encountered internal error running command: NoSuchElementError: An element could not be located on the page using the given search parameters.
&amp#27;[35m[MJSONWP]&amp#27;[39m     at AndroidUiautomator2Driver.callee$0$0$ (/usr/local/lib/node_modules/appium/node_modules/appium-android-driver/lib/commands/find.js:75:11)
&amp#27;[35m[MJSONWP]&amp#27;[39m   &amp#27;[  at 35tryCatm[chHTTP (]&amp#27;/usr[3/loc9m &amp#27;[37m<al/l-- POST /wib/d/hnodube_mod/sesulsion/6c0335es/02-fd88-appi47um/node_modules/babel22-8-rub5b-9n2eti9194me9d/regenerator/runtime16.j1/eles:67ment &amp#27;[39m&amp#27;[31m500:40)&amp#27;[
&amp#27;[39m &amp#27;[90m34 m35s - 1m[MJSO64&amp#27;[39m
N&amp#27;[35WPm[H]&amp#27;TT[39m     at GP]eneratorFunctionProt&amp#27;[3otyp9m &amp#27;[90me.in&amp#27;[39vom
ke [as _invoke] (/usr/local/lib/node_modules/appium/node_modules/babel-runtime/regenerator/runtime.js:315:22)
&amp#27;[35m[MJSONWP]&amp#27;[39m     at GeneratorFunctionPrototype.prototype.(anonymous function) [as throw] (/usr/local/lib/node_modules/appium/node_modules/babel-runtime/regenerator/runtime.js:100:21)
&amp#27;[35m[MJSONWP]&amp#27;[39m     at GeneratorFunctionPrototype.invoke (/usr/local/lib/node_modules/appium/node_modules/babel-runtime/regenerator/runtime.js:136:37)
&amp#27;[35m[HTTP]&amp#27;[39m &amp#27;[37m-->&amp#27;[39m &amp#27;[37mPOST&amp#27;[39m &amp#27;[37m/wd/hub/session/6c033502-fd88-4722-8b5b-92e91949d161/element&amp#27;[39m
&amp#27;[35m[HTTP]&amp#27;[39m &amp#27;[90m{"using":"id","value":"com.Slack:id/next_button_url_entry"}&amp#27;[39m
[debug] &amp#27;[35m[W3C]&amp#27;[39m Calling AppiumDriver.findElement() with args: ["id","com.Slack:id/next_button_url_entry","6c033502-fd88-4722-8b5b-92e91949d161"]
[debug] &amp#27;[35m[BaseDriver]&amp#27;[39m Valid locator strategies for this request: xpath, id, class name, accessibility id, -android uiautomator
[debug] &amp#27;[35m[BaseDriver]&amp#27;[39m Waiting up to 0 ms for condition
[debug] &amp#27;[35m[JSONWP Proxy]&amp#27;[39m Matched '/element' to command name 'findElement'
[debug] &amp#27;[35m[JSONWP Proxy]&amp#27;[39m Proxying [POST /element] to [POST http://localhost:8201/wd/hub/session/5a27c767-9791-4751-872d-2ed612cd606d/element] with body: {"strategy":"id","selector":"com.Slack:id/next_button_url_entry","context":"","multiple":false}
[debug] &amp#27;[35m[MJSONWP]&amp#27;[39m Matched JSONWP error code 7 to NoSuchElementError
&amp#27;[35m[MJSONWP]&amp#27;[39m Encountered internal error running command: NoSuchElementError: An element could not be located on the page using the given search parameters.
&amp#27;[35m[MJSONWP]&amp#27;[39m     at AndroidUiautomator2Driver.callee$0$0$ (/usr/local/lib/node_modules/appium/node_modules&amp#27;[35m[HTTP]&amp#27;/ap[39pium-android-driver/lib/commandsm /find.js:&amp#27;[37m<7--5:11)
&amp#27;[35m[MJSON POST /wd/hub/sWP]&amp#27;[39m     at tryCatch (/usessionr/local/lib/node_modules/appiu/6m/nodec033502-fd88-472_2-8b5b-92e91949d161/element &amp#27;[modules/babel-runtime/regenerator/runtime.js:67:40)
&amp#27;[35m[MJSONWP]&amp#27;[39m     at GeneratorFunctionPrototype.invoke [as _invoke] (/usr/local/lib/node_modules/appium/node_modules/babel-runtime39m&amp#27;[31m500&amp#27;[39/regenerator/runtime.js:315:22)
&amp#27;[35m[MJSONWP]&amp#27;[39m     at Gm &amp#27;[90m28 ms - 164&amp#27;[39m
eneratorF&amp#27;[35m[HTTP]&amp#27;[39m &amp#27;[90m&amp#27;[39m
unctionPrototype.prototype.(anonymous function) [as throw] (/usr/local/lib/node_modules/appium/node_modules/babel-runtime/regenerator/runtime.js:100:21)
&amp#27;[35m[MJSONWP]&amp#27;[39m     at GeneratorFunctionPrototype.invoke (/usr/local/lib/node_modules/appium/node_modules/babel-runtime/regenerator/runtime.js:136:37)
&amp#27;[35m[HTTP]&amp#27;[39m &amp#27;[37m-->&amp#27;[39m &amp#27;[37mPOST&amp#27;[39m &amp#27;[37m/wd/hub/session/6c033502-fd88-4722-8b5b-92e91949d161/element&amp#27;[39m
&amp#27;[35m[HTTP]&amp#27;[39m &amp#27;[90m{"using":"id","value":"com.Slack:id/next_button_url_entry"}&amp#27;[39m
[debug] &amp#27;[35m[W3C]&amp#27;[39m Calling AppiumDriver.findElement() with args: ["id","com.Slack:id/next_button_url_entry","6c033502-fd88-4722-8b5b-92e91949d161"]
[debug] &amp#27;[35m[BaseDriver]&amp#27;[39m Valid locator strategies for this request: xpath, id, class name, accessibility id, -android uiautomator
[debug] &amp#27;[35m[BaseDriver]&amp#27;[39m Waiting up to 0 ms for condition
[debug] &amp#27;[35m[JSONWP Proxy]&amp#27;[39m Matched '/element' to command name 'findElement'
[debug] &amp#27;[35m[JSONWP Proxy]&amp#27;[39m Proxying [POST /element] to [POST http://localhost:8201/wd/hub/session/5a27c767-9791-4751-872d-2ed612cd606d/element] with body: {"strategy":"id","selector":"com.Slack:id/next_button_url_entry","context":"","multiple":false}
[debug] &amp#27;[35m[MJSONWP]&amp#27;[39m Matched JSONWP error code 7 to NoSuchElementError
&amp#27;[35m[MJSONWP]&amp#27;[39m Encountered internal error running command: NoSuchElementError: An element could not be located on the page using the given search parameters.
&amp#27;[35m[MJSONWP]&amp#27;[39m     at AndroidUiautomator2Driver.callee$0$0&amp#27;[35m[HTT$ P]&amp#27;[39m &amp#27;[37m<-(/us- r/local/lib/POSTno /wd/hub/de_modules/appiusem/nossion/6c033502-fd88-4722-8b5b-de_modules/92e919appiu49m-and1droid-driver/lib/command61/element &amp#27;[39m&amp#27;[s3/f1mind.js:75:1150)
0&amp#27;[&amp#27;[39m &amp#27;35m[MJSONWP]&amp#27;[39m     at [90m29 mstryCatch (/ - 164&amp#27;[39m
usr/l&amp#27;[ocal/lib/node_modules/appium/node_modules/babel-runtime/regenerator/runtime.js:67:40)
&amp#27;[35m[MJSONWP]&amp#27;[39m     at GeneratorFunction35mPrototyp[HTe.iTPnvoke ]&amp#27;[as _[39m &amp#27;[9invoke] (/u0m&amp#27;[39m
sr/local/lib/node_modules/appium/node_modules/babel-runtime/regenerator/runtime.js:315:22)
&amp#27;[35m[MJSONWP]&amp#27;[39m     at GeneratorFunctionPrototype.prototype.(anonymous function) [as throw] (/usr/local/lib/node_modules/appium/node_modules/babel-runtime/regenerator/runtime.js:100:21)
&amp#27;[35m[MJSONWP]&amp#27;[39m     at Gene&amp#27;[35m[HTTP]&amp#27;[rator39m &amp#27;[37m-->&amp#27;[39m &amp#27;[37mPOST&amp#27;[39m &amp#27;[37m/FunctionPrototype.iwd/nvoke (/usr/lhub/sesocal/lib/node_sion/6c033502-fd88-4722-8b5b-92e91949d161/emodules/appium/nolement&amp#27;[39m
&amp#27;[35m[HTTP]&amp#27;[39m &amp#27;[90m{"using":"id","value":"com.Slack:id/next_button_url_entryde_mo"}&amp#27;[39m
[debug] &amp#27;[3dules/bab5m[el-runtW3C]&amp#27;[39m Cime/alregenerator/runtlime.ijsng AppiumDriver.findElement() with ar:136:37)
gs: ["id","com.Slack:id/next_button_url_entry","6c033502-fd88-4722-8b5b-92e91949d161"]
[debug] &amp#27;[35m[BaseDriver]&amp#27;[39m Valid locator strategies for this request: xpath, id, class name, accessibility id, -android uiautomator
[debug] &amp#27;[35m[BaseDriver]&amp#27;[39m Waiting up to 0 ms for condition
[debug] &amp#27;[35m[JSONWP Proxy]&amp#27;[39m Matched '/element' to command name 'findElement'
[debug] &amp#27;[35m[JSONWP Proxy]&amp#27;[39m Proxying [POST /element] to [POST http://localhost:8201/wd/hub/session/5a27c767-9791-4751-872d-2ed612cd606d/element] with body: {"strategy":"id","selector":"com.Slack:id/next_button_url_entry","context":"","multiple":false}
[debug] &amp#27;[35m[MJSONWP]&amp#27;[39m Matched JSONWP error code 7 to NoSuchElementError
&amp#27;[35m[MJSONWP]&amp#27;[39m Encountered internal error running command: NoSuchElementError: An element could not be located on the page using the given search parameters.
&amp#27;[35m[MJSONWP]&amp#27;[39m     at AndroidUia&amp#27;[35m[utomator2Driver.callee$0$HTTP]0$ (/usr/local/lib/n&amp#27;ode_modu[39m &amp#27;[37m<-- PleOSTs/app /wd/hub/session/6cium/node_modul033502es/appium-android-driver/lib/commands/f-find.jd8s:78-5:11)
&amp#27;[35m[M472JSON2-WP8b5b-92e91]&amp#27;[39m     a949d161/elet tryCatmench (t &amp#27;/usr/local/lib/node_modules/ap[pium/node39m&amp#27;[31m500&amp#27;[_39m &amp#27;[90m45 ms - 164&amp#27;[39m
&amp#27;[35m[HTTP]&amp#27;[39m &amp#27;[modules/babel-runtime/re90m&amp#27;[39m
generator/runtime.js:67:40)
&amp#27;[35m[MJSONWP]&amp#27;[39m     at GeneratorFunctionPrototype.invoke [as _invoke] (/usr/local/lib/node_modules/appium/node_modules/babel-runtime/regenerator/runtime.js:315:22)
&amp#27;[35m[MJSONWP]&amp#27;[39m     at GeneratorFunctionPrototype.prototype.(anonymous function) [as throw] (/usr/local/lib/node_modules/appium/node_modules/babel-runtime/regenerator/runtime.js:100:21)
&amp#27;[35m[MJSONWP]&amp#27;[39m     at &amp#27;[3GeneratorFunctionPro5m[HTTP]&amp#27;[3totype.9m &amp#27;inv[ok37me (/usr/-->&amp#27;[local/l39ib/node_m modul&amp#27;[37es/appium/node_modules/babel-mPOSTruntime&amp#27;[/rege39nem &amp#27;[37m/wd/hub/session/6c033502-fd88-4722-8b5b-92e91949d161/element&amp#27;[39m
r&amp#27;[35m[HTTatP]&amp#27;[39m or/r&amp#27;[90unm{"usintime.g":"id","valjs:136:37)
ue":"com.Slack:id/next_button_url_entry"}&amp#27;[39m
[debug] &amp#27;[35m[W3C]&amp#27;[39m Calling AppiumDriver.findElement() with args: ["id","com.Slack:id/next_button_url_entry","6c033502-fd88-4722-8b5b-92e91949d161"]
[debug] &amp#27;[35m[BaseDriver]&amp#27;[39m Valid locator strategies for this request: xpath, id, class name, accessibility id, -android uiautomator
[debug] &amp#27;[35m[BaseDriver]&amp#27;[39m Waiting up to 0 ms for condition
[debug] &amp#27;[35m[JSONWP Proxy]&amp#27;[39m Matched '/element' to command name 'findElement'
[debug] &amp#27;[35m[JSONWP Proxy]&amp#27;[39m Proxying [POST /element] to [POST http://localhost:8201/wd/hub/session/5a27c767-9791-4751-872d-2ed612cd606d/element] with body: {"strategy":"id","selector":"com.Slack:id/next_button_url_entry","context":"","multiple":false}
[debug] &amp#27;[35m[MJSONWP]&amp#27;[39m Matched JSONWP error code 7 to NoSuchElementError
&amp#27;[35m[MJSONWP]&amp#27;[39m Encountered internal error running command: NoSuchElementError: An element could not be located on the page using the given search parameters.
&amp#27;[35m[HTTP]&amp#27;[39m &amp#27;[37m<-- POST /wd/hub/sessi&amp#27;[35m[MJSONWP]&amp#27;[39on/6c033502-fd88-4722-8b5b-92e91949d161/element &amp#27;[39m&amp#27;[31m500&amp#27;m     at AndroidUiautomato[39m &amp#27;[90m39 ms - 164&amp#27;[39m
r2Driver.callee$0$0$ (/usr/local/lib/node_modules/appium/node_modules/appium-android-driver/lib/comma&amp#27;[35m[HTTP]&amp#27;[39m &amp#27;[90m&amp#27;[39m
nds/find.js:75:11)
&amp#27;[35m[MJSONWP]&amp#27;[39m     at tryCatch (/usr/local/lib/node_modules/appium/node_modules/babel-runtime/regenerator/runtime.js:67:40)
&amp#27;[35m[MJSONWP]&amp#27;[39m     at GeneratorFunctionPrototype.invoke [as _invoke] (/usr/local/lib/node_modules/appium/node_modules/babel-runtime/regenerator/runtime.js:315:22)
&amp#27;[35m[MJSONWP]&amp#27;[39m     at GeneratorFunctionPrototype.prototype.(anonymous function) [as throw] (/usr/local/lib/node_modules/appium/node_modules/babel-runtime/regenerator/runtime.js:100:21)
&amp#27;[35m[MJSONWP]&amp#27;[39m     at GeneratorFunctionPro&amp#27;[35m[HTTP]&amp#27;[39m &amp#27;[37m-->totype.invoke (/usr/local/lib/node_modules/appium/n&amp#27;[39m &amp#27;[37mPOST&amp#27;[39m &amp#27;[37m/wd/hub/session/6c033502-fd88-4722-8b5b-92e91949d161/ode_modules/babel-runtime/regeelement&amp#27;[39m
&amp#27;[35m[HTTP]&amp#27;nerator/runtime.js:136:37)
[39m &amp#27;[90m{"using":"id","value":"com.Slack:id/next_button_url_entry"}&amp#27;[39m
[debug] &amp#27;[35m[W3C]&amp#27;[39m Calling AppiumDriver.findElement() with args: ["id","com.Slack:id/next_button_url_entry","6c033502-fd88-4722-8b5b-92e91949d161"]
[debug] &amp#27;[35m[BaseDriver]&amp#27;[39m Valid locator strategies for this request: xpath, id, class name, accessibility id, -android uiautomator
[debug] &amp#27;[35m[BaseDriver]&amp#27;[39m Waiting up to 0 ms for condition
[debug] &amp#27;[35m[JSONWP Proxy]&amp#27;[39m Matched '/element' to command name 'findElement'
[debug] &amp#27;[35m[JSONWP Proxy]&amp#27;[39m Proxying [POST /element] to [POST http://localhost:8201/wd/hub/session/5a27c767-9791-4751-872d-2ed612cd606d/element] with body: {"strategy":"id","selector":"com.Slack:id/next_button_url_entry","context":"","multiple":false}
[debug] &amp#27;[35m[MJSONWP]&amp#27;[39m Matched JSONWP error code 7 to NoSuchElementError
&amp#27;[35m[MJSONWP]&amp#27;[39m Encountered internal error running command: NoSuchElementError: An element could not be located on the page using the given search parameters.
&amp#27;[35m[MJSONWP]&amp#27;[39m     at AndroidUiautomator2Driver.callee$0$0$ (/usr/local/lib/node_modules/appium/node_modules/appium-android-driver/lib/commands/find.js:75:11)
&amp#27;[35m[MJSONWP]&amp#27;[39m     at tryCatch (/usr/local/lib/node_modules/appium/node_module&amp#27;[35m[HTTP]&amp#27;s/babel-runtime/regenerator[39m &amp#27;[37m<-- POST /wd/hub/session/6c033502-fd88-4722-8/runtb5b-92e91949d161/element &amp#27;[39m&amp#27;[31m50ime.js:67:40)
&amp#27;[35m[MJSONWP]&amp#27;[39m 0&amp#27;[39m &amp#27;    at Gener[90m2atorFunctionPrototype.invoke [as _8 ms - 164invoke] (/usr/local/lib/node_modules/appium/&amp#27;[39m
&amp#27;[35m[HTTP]&amp#27;[39m &amp#27;[90m&amp#27;[39m
node_modules/babel-runtime/regenerator/runtime.js:315:22)
&amp#27;[35m[MJSONWP]&amp#27;[39m     at GeneratorFunctionPrototype.prototype.(anonymous function) [as throw] (/usr/local/lib/node_modules/appium/node_modules/babel-runtime/regenerator/runtime.js:100:21)
&amp#27;[35m[MJSONWP]&amp#27;[39m     at GeneratorFunctionPrototype.invoke (/usr/local/lib/node_modules/appium/node_modules/babel-runtime/regenerator/runtime.js:136:37)
&amp#27;[35m[HTTP]&amp#27;[39m &amp#27;[37m-->&amp#27;[39m &amp#27;[37mPOST&amp#27;[39m &amp#27;[37m/wd/hub/session/6c033502-fd88-4722-8b5b-92e91949d161/element&amp#27;[39m
&amp#27;[35m[HTTP]&amp#27;[39m &amp#27;[90m{"using":"id","value":"com.Slack:id/next_button_url_entry"}&amp#27;[39m
[debug] &amp#27;[35m[W3C]&amp#27;[39m Calling AppiumDriver.findElement() with args: ["id","com.Slack:id/next_button_url_entry","6c033502-fd88-4722-8b5b-92e91949d161"]
[debug] &amp#27;[35m[BaseDriver]&amp#27;[39m Valid locator strategies for this request: xpath, id, class name, accessibility id, -android uiautomator
[debug] &amp#27;[35m[BaseDriver]&amp#27;[39m Waiting up to 0 ms for condition
[debug] &amp#27;[35m[JSONWP Proxy]&amp#27;[39m Matched '/element' to command name 'findElement'
[debug] &amp#27;[35m[JSONWP Proxy]&amp#27;[39m Proxying [POST /element] to [POST http://localhost:8201/wd/hub/session/5a27c767-9791-4751-872d-2ed612cd606d/element] with body: {"strategy":"id","selector":"com.Slack:id/next_button_url_entry","context":"","multiple":false}
[debug] &amp#27;[35m[MJSONWP]&amp#27;[39m Matched JSONWP error code 7 to NoSuchElementError
&amp#27;[35m[MJSONWP]&amp#27;[39m Encountered internal error running command: NoSuchElementError: An element could not be located on the page using the given search parameters.
&amp#27;[35m[MJSONWP]&amp#27;[39m     at AndroidUiautomator2Driver.callee$0$0&amp#27;[35m[HTTP]&amp#27;[39m &amp#27;[37m<-- POST$ ( /wd/u/hub/session/6c03sr3502-fd88-4/local722-8b5b-92e91949d161/element &amp#27;[39m&amp#27;[/l31m500&amp#27;[39m &amp#27;[90m27 ms - 164&amp#27;[39m
&amp#27;[35m[ibHTTP]&amp#27;[39m &amp#27;[90m&amp#27;[39m
/node_modules/appium/node_modules/appium-android-driver/lib/commands/find.js:75:11)
&amp#27;[35m[MJSONWP]&amp#27;[39m     at tryCatch (/usr/local/lib/node_modules/appium/node_modules/babel-runtime/regenerator/runtime.js:67:40)
&amp#27;[35m[MJSONWP]&amp#27;[39m     at GeneratorFunctionPrototype.invoke [as _invoke] (/usr/local/lib/node_modules/appium/node_modules/babel-runtime/regenerator/runtime.js:315:22)
&amp#27;[35m[MJSONWP]&amp#27;[39m     at GeneratorFunctionPrototype.prototype.(anonymous function) [as throw] (/usr/local/lib/node_modules/appium/node_modules/babel-runtime/regenerator/runtime.js:100:21)
&amp#27;[&amp#27;[35m[HTT35m[P]&amp#27;[39m &amp#27;[37m-->&amp#27;[39m &amp#27;[37mPOST&amp#27;[39m &amp#27;[37m/wd/hub/session/6c033502-fd88-4722-8MJSOb5b-92e91949d161/element&amp#27;[39m
&amp#27;[35m[HTTP]&amp#27;[39m &amp#27;[90m{"using":"id","value":"com.Slack:idNW/nP]&amp#27;[3ext9m_b    utton_url_entry"} &amp#27;[39m
[debugat] &amp#27;[35m[W3C]&amp#27;[39m Calling AppiumDriver.findElement() with a Gergs: ["nid","com.Slack:id/next_button_url_entry","6c033502-fd88-4722-8b5b-92erate91949d161"]or
[debug] &amp#27;[35m[BaseDriver]&amp#27;[39m Valid FunctionPrototylocator strategiespe.invoke (/usr/loc for this request: xpath, id, class name, accessibility id, -android uiautomatalor
[debug] &amp#27;[35m[BaseDriver]&amp#27;[39m Waiting/ up to 0 ms for condition
[deblib/nug] &amp#27;[35m[JSONWP Proxy]&amp#27;[39m Matched '/element' to command nameode_m 'findElement'
[debug] &amp#27;[35m[JSONWP Proxy]&amp#27;[39m Proxying odu[POST /element] to [POST http://llocalhost:8201/wd/hub/session/5a27c767-9791-4751-872d-2ed612cd606d/element] with body: {"strategy":"id","selector":"com.Slaes/appiumck:id/next_butt/non_url_entry","context":"","multiple":false}
ode_modules/babel-runtime/regenerator/runtime.js:136:37)
[debug] &amp#27;[35m[MJSONWP]&amp#27;[39m Matched JSONWP error code 7 to NoSuchElementError
&amp#27;[35m[MJSONWP]&amp#27;[39m Encountered internal error running command: NoSuchElementError: An element could not be located on the page using the given search parameters.
&amp#27;[35m[MJSONWP]&amp#27;[39m     at AndroidUiautomator2Driver.callee$0$0$ (/usr/local/lib/node_modules/appium/node_modules/appium-android-driver/lib/commands/find.j&amp#27;[35m[HTTP]&amp#27;[39m &amp#27;[37m<-- POST s/wd/:75hub/session/6c03350:11)
&amp#27;[352-fd88-4722-8b5b-92e91m[MJS949d161/element &amp#27;[39ONm&amp#27;[31m500&amp#27;[39mWP]&amp#27;[ &amp#27;[90m34 ms39m     at tryCa - tch164&amp#27; ([39/usmr/
&amp#27;[35m[HTTP]&amp#27;[39mloca &amp#27;[90l/lim&amp#27;[39m
b/node_modules/appium/node_modules/babel-runtime/regenerator/runtime.js:67:40)
&amp#27;[35m[MJSONWP]&amp#27;[39m     at GeneratorFunctionPrototype.invoke [as _invoke] (/usr/local/lib/node_modules/appium/node_modules/babel-runtime/regenerator/runtime.js:315:22)
&amp#27;&amp#27;[35[35m[HTTP]&amp#27;[39m &amp#27;[37m-->&amp#27;[39m &amp#27;[m[MJSONW37mPOST&amp#27;[39m &amp#27;[37m/wd/hub/session/6c033502-fd88-4722-8b5b-92e91949d161/element&amp#27;[39m
&amp#27;[35m[HTTP]&amp#27;[39m P]&amp#27;[90m{"using":"id"&amp#27;[39m   ,"value":"com.Slack:id/ne  at Gxt_button_url_entry"}&amp#27;[39m
en[debug] &amp#27;[35m[We3Cr]&amp#27;[39m Calling AppiumDriver.findElement() with args: ["id","com.Slack:id/next_button_url_entatory","6c03rFunctionPr3502-fd8ot8-otype.p4722-ro8b5totb-ype.92e91949d161"]
(anony[debug] &amp#27;[35m[BaseDrimous function) [ver]&amp#27;as [3throw] (/usr/local/l9m Valid locator strategies for this request: xpath, id, class nameib/node_modules/appium/node_m, accessibility id, -andodulesroid uiautomator
[debug] &amp#27;[35m[BaseDr/babel-runtime/regenerator/runtime.js:100:21iver]&amp#27;[39m Waiting up to 0 ms for condition
[debug] &amp#27;[35m[JSONWP Proxy]&amp#27;[39m Matched '/element' to command name 'findElement'
)
&amp#27;[35m[MJSONWP]&amp#27;[39m     at GeneratorFunctionPr[debug] &amp#27;[35m[JSONWP Proxy]&amp#27;[39m Proxying [POST /element] to [POST http://localhost:8201/wd/hub/session/5a27c767-9ot791-4751-872d-2edoty612cd606d/element] with body: {"strategy":"id","selector":"com.Slack:id/nexpe.t_button_url_entry","context":"","multiple":false}
invoke (/usr/local/lib/node_modules/appium/node_modules/babel-runtime/regenerator/runtime.js:136:37)
[debug] &amp#27;[35m[MJSONWP]&amp#27;[39m Matched JSONWP error code 7 to NoSuchElementError
&amp#27;[35m[MJSONWP]&amp#27;[39m Encountered internal error running command: NoSuchElementError: An element could not be located on the page using the given search parameters.
&amp#27;[35m[MJSONWP]&amp#27;[39m     at AndroidUiautomator2Driver.callee$0$0$ (/usr/local/lib/node_modules/appium/node_mod&amp#27;[35m[HTTP]&amp#27;[39m ul&amp#27;[37m<-es-/a POST /wdpp/huium-ab/session/6c033502-fd88-4722nd-8b5b-92e91949d161/element &amp#27;[39m&amp#27;[31m500&amp#27;[39m roi&amp#27;[90m30 ms - 164&amp#27;d-driv[39m
&amp#27;[35m[HTTP]&amp#27;[39m &amp#27;[90m&amp#27;[39m
er/lib/commands/find.js:75:11)
&amp#27;[35m[MJSONWP]&amp#27;[39m     at tryCatch (/usr/local/lib/node_modules/appium/node_modules/babel-runtime/regenerator/runtime.js:67:40)
&amp#27;[35m[MJSONWP]&amp#27;[39m     at GeneratorFunctionPrototype.invoke [as _invoke] (/usr/local/lib/node_modules/appium/node_modules/babel-runtime/regenerator/runtime.js:315:22)
&amp#27;[35m[MJSONWP]&amp#27;[39m     at GeneratorFunctionPrototype.prototype.(anonymous function) [as throw] (/usr/local/lib/node_modules/appium/node_modules/babel-runtime/regenerator/runtime.js:100:21)
&amp#27;[35m[MJSONWP]&amp#27;[39m     at GeneratorFunctionPrototype.invoke (/usr/local/lib/node_modules/appium/node_modules/babel-runtime/regenerator/runtime.js:136:37)
&amp#27;[35m[HTTP]&amp#27;[39m &amp#27;[37m-->&amp#27;[39m &amp#27;[37mPOST&amp#27;[39m &amp#27;[37m/wd/hub/session/6c033502-fd88-4722-8b5b-92e91949d161/element&amp#27;[39m
&amp#27;[35m[HTTP]&amp#27;[39m &amp#27;[90m{"using":"id","value":"com.Slack:id/next_button_url_entry"}&amp#27;[39m
[debug] &amp#27;[35m[W3C]&amp#27;[39m Calling AppiumDriver.findElement() with args: ["id","com.Slack:id/next_button_url_entry","6c033502-fd88-4722-8b5b-92e91949d161"]
[debug] &amp#27;[35m[BaseDriver]&amp#27;[39m Valid locator strategies for this request: xpath, id, class name, accessibility id, -android uiautomator
[debug] &amp#27;[35m[BaseDriver]&amp#27;[39m Waiting up to 0 ms for condition
[debug] &amp#27;[35m[JSONWP Proxy]&amp#27;[39m Matched '/element' to command name 'findElement'
[debug] &amp#27;[35m[JSONWP Proxy]&amp#27;[39m Proxying [POST /element] to [POST http://localhost:8201/wd/hub/session/5a27c767-9791-4751-872d-2ed612cd606d/element] with body: {"strategy":"id","selector":"com.Slack:id/next_button_url_entry","context":"","multiple":false}
[debug] &amp#27;[35m[MJSONWP]&amp#27;[39m Matched JSONWP error code 7 to NoSuchElementError
&amp#27;[35m[MJSONWP]&amp#27;[39m Encountered internal error running command: NoSuchElementError: An element could not be located on the page using the given search parameters.
&amp#27;[35m[MJSONWP]&amp#27;[39m     at AndroidUiautomator2Driver.callee$0$0$ (/usr/local/lib/node_modules/appium/node_modules/appium-android-driver/lib/c&amp#27;[ommands/fin35m[HTTP]&amp#27;[39m &amp#27;[37m<-d.- POST /wjs:75:11)
&amp#27;[d/hub/session/35m[6cMJ03350SONWP]&amp#27;[2-39fdm 88-4722-8b    5bat -92tre9yCatch (/usr/1949d1local/lib61/ele/node_moment &amp#27;[39m&amp#27;[31mdules/appium/n500&amp#27;[39mode &amp#27;_mo[90dulm24 es/babel-runtime/regems - 164&amp#27;[39nem
rato&amp#27;[3r/r5m[HunTTP]ti&amp#27;[me.j39m &amp#27;[90m&amp#27;[39m
s:67:40)
&amp#27;[35m[MJSONWP]&amp#27;[39m     at GeneratorFunctionPrototype.invoke [as _invoke] (/usr/local/lib/node_modules/appium/node_modules/babel-runtime/regenerator/runtime.js:315:22)
&amp#27;[35m[MJSONWP]&amp#27;[39m     at GeneratorFunctionPrototype.prototype.(anonymous function) [as throw] (/usr/local/lib/node_modules/appium/node_modules/babel-runtime/regenerator/runtime.js:100:21)
&amp#27;[35m[MJSONWP]&amp#27;[39m     at GeneratorFunctionPrototype.invoke (/usr/local/lib/node_modules/appium/node_modules/babel-runtime/regenerator/runtime.js:136:37)
&amp#27;[35m[HTTP]&amp#27;[39m &amp#27;[37m-->&amp#27;[39m &amp#27;[37mPOST&amp#27;[39m &amp#27;[37m/wd/hub/session/6c033502-fd88-4722-8b5b-92e91949d161/element&amp#27;[39m
&amp#27;[35m[HTTP]&amp#27;[39m &amp#27;[90m{"using":"id","value":"com.Slack:id/next_button_url_entry"}&amp#27;[39m
[debug] &amp#27;[35m[W3C]&amp#27;[39m Calling AppiumDriver.findElement() with args: ["id","com.Slack:id/next_button_url_entry","6c033502-fd88-4722-8b5b-92e91949d161"]
[debug] &amp#27;[35m[BaseDriver]&amp#27;[39m Valid locator strategies for this request: xpath, id, class name, accessibility id, -android uiautomator
[debug] &amp#27;[35m[BaseDriver]&amp#27;[39m Waiting up to 0 ms for condition
[debug] &amp#27;[35m[JSONWP Proxy]&amp#27;[39m Matched '/element' to command name 'findElement'
[debug] &amp#27;[35m[JSONWP Proxy]&amp#27;[39m Proxying [POST /element] to [POST http://localhost:8201/wd/hub/session/5a27c767-9791-4751-872d-2ed612cd606d/element] with body: {"strategy":"id","selector":"com.Slack:id/next_button_url_entry","context":"","multiple":false}
[debug] &amp#27;[35m[MJSONWP]&amp#27;[39m Matched JSONWP error code 7 to NoSuchElementError
&amp#27;[35m[MJSONWP]&amp#27;[39m Encountered internal error running command: NoSuchElementError: An element could not be located on the page using the given search parameters.
&amp#27;[35m[MJSONWP]&amp#27;[39m     at AndroidUiautomator2Driver.callee$0$0$ (/usr/local/lib/node_modules/appium/node_modules/appium-android-driver/lib/commands/find.js:75:11)
&amp#27;[35m[MJSONWP]&amp#27;[39m     at tryCatch (/us&amp#27;[35mr/l[HTTP]&amp#27;[39m &amp#27;[37moc<-- POal/lSTib/node /_mwdod/hules/appiuub/session/m/n6code_modul03es/b35abel-r02-fund88-4time/r72eg2-8bener5b-92e91949d1at6or/r1/euntimlee.jsme:67:nt &amp#27;[39m&amp#27;[31m500&amp#27;[39m40)
&amp#27; &amp#27;[90[35m25 ms - 164m[&amp#27;[39MJSONWP]&amp#27;[39m
m  &amp#27;[35   at GeneratorFunm[ctioHTnProTP]&amp#27;[39m &amp#27;[90mt&amp#27;[39otm
ype.invoke [as _invoke] (/usr/local/lib/node_modules/appium/node_modules/babel-runtime/regenerator/runtime.js:315:22)
&amp#27;[35m[MJSONWP]&amp#27;[39m     at GeneratorFunctionPrototype.prototype.(anonymous function) [as throw] (/usr/local/lib/node_modules/appium/node_modules/babel-runtime/regenerator/runtime.js:100:21)
&amp#27;[35m[MJSONWP]&amp#27;[39m     at GeneratorFunctionPrototype.invoke (/usr/local/lib/node_modules/appium/node_modules/babel-runtime/regenerator/runtime.js:136:37)
&amp#27;[35m[HTTP]&amp#27;[39m &amp#27;[37m-->&amp#27;[39m &amp#27;[37mPOST&amp#27;[39m &amp#27;[37m/wd/hub/session/6c033502-fd88-4722-8b5b-92e91949d161/element&amp#27;[39m
&amp#27;[35m[HTTP]&amp#27;[39m &amp#27;[90m{"using":"id","value":"com.Slack:id/next_button_url_entry"}&amp#27;[39m
[debug] &amp#27;[35m[W3C]&amp#27;[39m Calling AppiumDriver.findElement() with args: ["id","com.Slack:id/next_button_url_entry","6c033502-fd88-4722-8b5b-92e91949d161"]
[debug] &amp#27;[35m[BaseDriver]&amp#27;[39m Valid locator strategies for this request: xpath, id, class name, accessibility id, -android uiautomator
[debug] &amp#27;[35m[BaseDriver]&amp#27;[39m Waiting up to 0 ms for condition
[debug] &amp#27;[35m[JSONWP Proxy]&amp#27;[39m Matched '/element' to command name 'findElement'
[debug] &amp#27;[35m[JSONWP Proxy]&amp#27;[39m Proxying [POST /element] to [POST http://localhost:8201/wd/hub/session/5a27c767-9791-4751-872d-2ed612cd606d/element] with body: {"strategy":"id","selector":"com.Slack:id/next_button_url_entry","context":"","multiple":false}
[debug] &amp#27;[35m[MJSONWP]&amp#27;[39m Matched JSONWP error code 7 to NoSuchElementError
&amp#27;[35m[MJSONWP]&amp#27;[39m Encountered internal error running command: NoSuchElementError: An element could not be located on the page using the given search parameters.
&amp#27;[35m[MJSONWP]&amp#27;[39m     at AndroidUiautomator2Driver.callee$0$0$ (/usr/local/lib/node_modules/appium/node_modules/appium-android-driver/lib/commands/find.js:75:11)
&amp#27;[35m[MJSONWP]&amp#27;[39m     at tryCatch (/usr/local/lib/nod&amp#27;e_modules[35m[HTT/appium/nP]ode_modu&amp#27;[3les/9m &amp#27;[37babm<-el- -runtimPOe/regenerator/ST /wd/runtime.hub/session/6c033502-fd88js:67-4722:4-8b0)
&amp#27;[35m[MJSONW5b-92e91949P]d1&amp#27;[39m 61/e    alemt enGenertatorF &amp#27;[39unctionPrototype.invoke [as _invoke] m&amp#27;[31m(/500&amp#27;[usr/l39m &amp#27;[90m2ocal/8 lib/noms - de_modu164&amp#27;[39m
les&amp#27;[/a35m[pHTpiTP]um/node_modules/babel-runti&amp#27;[39m &amp#27;[90m&amp#27;[3me/regene9mrat
or/runtime.js:315:22)
&amp#27;[35m[MJSONWP]&amp#27;[39m     at GeneratorFunctionPrototype.prototype.(anonymous function) [as throw] (/usr/local/lib/node_modules/appium/node_modules/babel-runtime/regenerator/runtime.js:100:21)
&amp#27;[35m[MJSONWP]&amp#27;[39m     at GeneratorFunctionPrototype.invoke (/usr/local/lib/node_modules/appium/node_modules/babel-runtime/regenerator/runtime.js:136:37)
&amp#27;[35m[HTTP]&amp#27;[39m &amp#27;[37m-->&amp#27;[39m &amp#27;[37mPOST&amp#27;[39m &amp#27;[37m/wd/hub/session/6c033502-fd88-4722-8b5b-92e91949d161/element&amp#27;[39m
&amp#27;[35m[HTTP]&amp#27;[39m &amp#27;[90m{"using":"id","value":"com.Slack:id/next_button_url_entry"}&amp#27;[39m
[debug] &amp#27;[35m[W3C]&amp#27;[39m Calling AppiumDriver.findElement() with args: ["id","com.Slack:id/next_button_url_entry","6c033502-fd88-4722-8b5b-92e91949d161"]
[debug] &amp#27;[35m[BaseDriver]&amp#27;[39m Valid locator strategies for this request: xpath, id, class name, accessibility id, -android uiautomator
[debug] &amp#27;[35m[BaseDriver]&amp#27;[39m Waiting up to 0 ms for condition
[debug] &amp#27;[35m[JSONWP Proxy]&amp#27;[39m Matched '/element' to command name 'findElement'
[debug] &amp#27;[35m[JSONWP Proxy]&amp#27;[39m Proxying [POST /element] to [POST http://localhost:8201/wd/hub/session/5a27c767-9791-4751-872d-2ed612cd606d/element] with body: {"strategy":"id","selector":"com.Slack:id/next_button_url_entry","context":"","multiple":false}
[debug] &amp#27;[35m[MJSONWP]&amp#27;[39m Matched JSONWP error code 7 to NoSuchElementError
&amp#27;[35m[MJSONWP]&amp#27;[39m Encountered internal error running command: NoSuchElementError: An element could not be located on the page using the given search parameters.
&amp#27;[35m[MJSONWP]&amp#27;[39m     at AndroidUiautomator2Driver.callee$0$0$ (/usr/local/lib/node_modules/appium/node_modules/appium-android-driver/&amp#27;[35m[lHTTP]&amp#27;[39m &amp#27;[37m<-ib/- POcommST /ands/wdfind.js:75:1/hub/session/6c033502-fd88-4722-8b5b-92e919491)
&amp#27;d1[35m[MJSONW61P]&amp#27;[39m   /ele  at tryment &amp#27;[39m&amp#27;[31mCatch 500&amp#27;[39m(/us &amp#27;[90r/localm3/lib/node_module1 mss/ - 164ap&amp#27;[pi39m
u&amp#27;[35m/node_modules/babel-runtime/regenerator/runtime.js:67:40)m[HTTP]
&amp#27;&amp#27;[39m &amp#27;[35m[MJSONWP]&amp#27;[39m    [ at Gener90atorFunctionPrototype.im&amp#27;[39m
nvoke [as _invoke] (/usr/local/lib/node_modules/appium/node_modules/babel-runtime/regenerator/runtime.js:315:22)
&amp#27;[35m[MJSONWP]&amp#27;[39m     at GeneratorFunctionPrototype.prototype.(anonymous function) [as throw] (/usr/local/lib/node_modules/appium/node_modules/babel-runtime/regenerator/runtime.js:100:21)
&amp#27;[35m[MJSONWP]&amp#27;[39&amp#27;[35mm   [HT  TP]&amp#27;[39m &amp#27;[at37m--> Gene&amp#27;[3rato9mrFuncti &amp#27;on[3Pr7mototPOST&amp#27;[39ypm &amp#27;[e.in37m/voke (/wd/hub/sessiusron/local/6c/lib/node_mo033502-fd88-4722-8dules/appiub5m/nodb-e_modu92e91949d161/elles/babementel&amp#27;[39m
-r&amp#27;[35m[HTTP]&amp#27;[39m &amp#27;[90unm{"using":"itime/rd","egenerator/varuluntime"e.js:13:"6:co37)
m.Slack:id/next_button_url_entry"}&amp#27;[39m
[debug] &amp#27;[35m[W3C]&amp#27;[39m Calling AppiumDriver.findElement() with args: ["id","com.Slack:id/next_button_url_entry","6c033502-fd88-4722-8b5b-92e91949d161"]
[debug] &amp#27;[35m[BaseDriver]&amp#27;[39m Valid locator strategies for this request: xpath, id, class name, accessibility id, -android uiautomator
[debug] &amp#27;[35m[BaseDriver]&amp#27;[39m Waiting up to 0 ms for condition
[debug] &amp#27;[35m[JSONWP Proxy]&amp#27;[39m Matched '/element' to command name 'findElement'
[debug] &amp#27;[35m[JSONWP Proxy]&amp#27;[39m Proxying [POST /element] to [POST http://localhost:8201/wd/hub/session/5a27c767-9791-4751-872d-2ed612cd606d/element] with body: {"strategy":"id","selector":"com.Slack:id/next_button_url_entry","context":"","multiple":false}
[debug] &amp#27;[35m[MJSONWP]&amp#27;[39m Matched JSONWP error code 7 to NoSuchElementError
&amp#27;[35m[MJSONWP]&amp#27;[39m Encountered internal error running command: NoSuchElementError: An element could not be located on the page using the given search parameters.
&amp#27;[35m[MJSONWP]&amp#27;[39m     at AndroidUiautomator2Driver.callee$0$0$ (/usr/local/lib/node_modules/appium/node_modules/appium-android-driver/lib/commands/find.js:75:11)
&amp#27;[35m[MJSONWP]&amp#27;[39m     at tryCatch (/usr/local/lib/node_modules/appium/node_modules/babel-runtime/regenerator/runt&amp#27;[ime.js:67:340)5
&amp#27;[35m[MJSONWP]&amp#27;[39m  m[   at GeneraHTtorFunctionPrototTPype.in]&amp#27;voke [as _invoke] (/usr/local/lib/node_modules/appium/node_[39m module&amp#27;[3s/bab7mel-r<-- POST /wd/hubun/setimssione/reg/6c03en3502er-fatod88-47r/runtime.js:315:22)
&amp#27;[35m[MJSONWP]&amp#27;[39m     at 2GeneratorFunc2-tionPrototy8bpe.prototype.(anonymous5b function) [-as 92ethrow]91 (/usr/l949d161/eleocal/lib/node_momentdules/appiu &amp#27;[39m&amp#27;[31m500&amp#27;[39m m/no&amp#27;[de_modules/babel-ru9ntime/regenerator/r0m30 msuntim -e.j 164&amp#27;[39m
s:10&amp#27;[35m0:2[HT1)
TP]&amp#27;[35m[&amp#27;[39m MJSO&amp#27;[90mNWP]&amp#27;[39m     at GeneratorFunctionPr&amp#27;[ototype.invoke (/usr/local/lib/node_modu39m
les/appium/nod&amp#27;[e_modu35lem[Hs/babeTTP]&amp#27;l-r[39m &amp#27;[37m--un>&amp#27;[tim39me/rege &amp#27;nerator/[37mPOSruntime.js:13T&amp#27;[39m &amp#27;[6:37)
37m/wd/hub/session/6c033502-fd88-4722-8b5b-92e91949d161/element&amp#27;[39m
&amp#27;[35m[HTTP]&amp#27;[39m &amp#27;[90m{"using":"id","value":"com.Slack:id/next_button_url_entry"}&amp#27;[39m
[debug] &amp#27;[35m[W3C]&amp#27;[39m Calling AppiumDriver.findElement() with args: ["id","com.Slack:id/next_button_url_entry","6c033502-fd88-4722-8b5b-92e91949d161"]
[debug] &amp#27;[35m[BaseDriver]&amp#27;[39m Valid locator strategies for this request: xpath, id, class name, accessibility id, -android uiautomator
[debug] &amp#27;[35m[BaseDriver]&amp#27;[39m Waiting up to 0 ms for condition
[debug] &amp#27;[35m[JSONWP Proxy]&amp#27;[39m Matched '/element' to command name 'findElement'
[debug] &amp#27;[35m[JSONWP Proxy]&amp#27;[39m Proxying [POST /element] to [POST http://localhost:8201/wd/hub/session/5a27c767-9791-4751-872d-2ed612cd606d/element] with body: {"strategy":"id","selector":"com.Slack:id/next_button_url_entry","context":"","multiple":false}
[debug] &amp#27;[35m[MJSONWP]&amp#27;[39m Matched JSONWP error code 7 to NoSuchElementError
&amp#27;[35m[MJSONWP]&amp#27;[39m Encountered internal error running command: NoSuchElementError: An element could not be located on the page using the given search parameters.
&amp#27;[35m[MJSONWP]&amp#27;[39m     at AndroidUiautomator2Driver.callee$0$0$ (/usr/local/lib/node_modules/appium/node_modules/appium-andr&amp#27;[oid-dr35m[ivHTTP]&amp#27;er/lib/com[39m &amp#27;[37mma<-- nds/findPO.jST /wd/hub/session/s:75:6c011)
33&amp#27;[35m[MJSON502-fWPd88-4722-8b5b-92]&amp#27;[39m e91    a949d1t tryCatch (/usr/local/61/elib/nlement &amp#27;[39mod&amp#27;[31e_modum5les/a00&amp#27;[39mppium &amp#27;[90m/nod22 ms -e_ 16module4&amp#27;s/[3ba9m
be&amp#27;[35m[HTl-ruTP]&amp#27;[39m ntime&amp#27;[90m&amp#27;/reg[39m
enerator/runtime.js:67:40)
&amp#27;[35m[MJSONWP]&amp#27;[39m     at GeneratorFunctionPrototype.invoke [as _invoke] (/usr/local/lib/node_modules/appium/node_modules/babel-runtime/regenerator/runtime.js:315:22)
&amp#27;[35m[MJSONWP]&amp#27;[39m     at GeneratorFunctionPrototype.prototype.(anonymous function) [as throw] (/usr/local/lib/node_modules/appium/node_modules/babel-runtime/regenerator/runtime.js:100:21)
&amp#27;[35m[MJSONWP]&amp#27;[39m     at GeneratorFunctionPrototype.invoke (/usr/local/lib/node_modules/appium/node_modules/babel-runtime/regenerator/runtime.js:136:37)
&amp#27;[35m[HTTP]&amp#27;[39m &amp#27;[37m-->&amp#27;[39m &amp#27;[37mPOST&amp#27;[39m &amp#27;[37m/wd/hub/session/6c033502-fd88-4722-8b5b-92e91949d161/element&amp#27;[39m
&amp#27;[35m[HTTP]&amp#27;[39m &amp#27;[90m{"using":"id","value":"com.Slack:id/next_button_url_entry"}&amp#27;[39m
[debug] &amp#27;[35m[W3C]&amp#27;[39m Calling AppiumDriver.findElement() with args: ["id","com.Slack:id/next_button_url_entry","6c033502-fd88-4722-8b5b-92e91949d161"]
[debug] &amp#27;[35m[BaseDriver]&amp#27;[39m Valid locator strategies for this request: xpath, id, class name, accessibility id, -android uiautomator
[debug] &amp#27;[35m[BaseDriver]&amp#27;[39m Waiting up to 0 ms for condition
[debug] &amp#27;[35m[JSONWP Proxy]&amp#27;[39m Matched '/element' to command name 'findElement'
[debug] &amp#27;[35m[JSONWP Proxy]&amp#27;[39m Proxying [POST /element] to [POST http://localhost:8201/wd/hub/session/5a27c767-9791-4751-872d-2ed612cd606d/element] with body: {"strategy":"id","selector":"com.Slack:id/next_button_url_entry","context":"","multiple":false}
[debug] &amp#27;[35m[MJSONWP]&amp#27;[39m Matched JSONWP error code 7 to NoSuchElementError
&amp#27;[35m[MJSONWP]&amp#27;[39m Encountered internal error running command: NoSuchElementError: An element could not be located on the page using the given search parameters.
&amp#27;[35m[MJSONWP]&amp#27;[39m     at AndroidUiautomator2Driver.callee$0$0$ (/usr/local/lib/node_modules/appium/node_modules/appium-android-driver/lib/commands/find.js:75:11)
&amp#27;[35m[MJSONWP]&amp#27;[39m  &amp#27;[35m[HTTP]&amp#27;[39m   &amp#27;[3 at tryC7m<-- POST /wd/hub/session/6c033502-fd88-4722-8atch (/usr/local/lib/nb5b-92eode_modules/app91ium/node_modu949d161/element &amp#27;[39m&amp#27;le[31m5s/babel-r00&amp#27;[39munt &amp#27;[90m26 ms ime/regenerat- 164or/runtime.js:67:40&amp#27;[)
&amp#27;[39m
&amp#27;35m[MJ[35m[HSONWP]&amp#27;[39m     at GeneTTP]&amp#27;ra[3torFun9mct &amp#27;ion[90m&amp#27;Pr[3ototype.invoke [as9m
 _invoke] (/usr/local/lib/node_modules/appium/node_modules/babel-runtime/regenerator/runtime.js:315:22)
&amp#27;[35m[MJSONWP]&amp#27;[39m     at GeneratorFunctionPrototype.prototype.(anonymous function) [as throw] (/usr/local/lib/node_modules/appium/node_modules/babel-runtime/regenerator/runtime.js:100:21)
&amp#27;[35m[MJSONWP]&amp#27;[39m     at GeneratorFunctionPrototype.invoke (/usr/local/lib/node_modules/appium/node_modules/babel-ru&amp#27;[35ntimem[HTTP]&amp#27;[39m &amp#27;[/reg37men-->er&amp#27;[39m &amp#27;[ator/runtime.js:136:37)
37mPOST&amp#27;[39m &amp#27;[37m/wd/hub/session/6c033502-fd88-4722-8b5b-92e91949d161/element&amp#27;[39m
&amp#27;[35m[HTTP]&amp#27;[39m &amp#27;[90m{"using":"id","value":"com.Slack:id/next_button_url_entry"}&amp#27;[39m
[debug] &amp#27;[35m[W3C]&amp#27;[39m Calling AppiumDriver.findElement() with args: ["id","com.Slack:id/next_button_url_entry","6c033502-fd88-4722-8b5b-92e91949d161"]
[debug] &amp#27;[35m[BaseDriver]&amp#27;[39m Valid locator strategies for this request: xpath, id, class name, accessibility id, -android uiautomator
[debug] &amp#27;[35m[BaseDriver]&amp#27;[39m Waiting up to 0 ms for condition
[debug] &amp#27;[35m[JSONWP Proxy]&amp#27;[39m Matched '/element' to command name 'findElement'
[debug] &amp#27;[35m[JSONWP Proxy]&amp#27;[39m Proxying [POST /element] to [POST http://localhost:8201/wd/hub/session/5a27c767-9791-4751-872d-2ed612cd606d/element] with body: {"strategy":"id","selector":"com.Slack:id/next_button_url_entry","context":"","multiple":false}
[debug] &amp#27;[35m[MJSONWP]&amp#27;[39m Matched JSONWP error code 7 to NoSuchElementError
&amp#27;[35m[MJSONWP]&amp#27;[39m Encountered internal error running command: NoSuchElementError: An element could not be located on the page using the given search parameters.
&amp#27;[35m[MJSONWP]&amp#27;[39m     at AndroidUiautomator2Driver.callee$0$0$ (/usr/local/lib/node_modules/appium/nod&amp#27;[35e_mm[HTTP]&amp#27;[od39m &amp#27;[37ules/appium-androidm<---d PriOST /wd/hver/ubli/sb/commands/find.ession/6c033502-fd88-4722-8jsb5b:75-92:11)
&amp#27;[35e91m[94MJSONW9dP]16&amp#27;[31/ele9m  ment &amp#27;[39m&amp#27;[31m500&amp#27;[39m   &amp#27;[90m30 ms - 164&amp#27;[3 at tr9m
yC&amp#27;[35atch (/um[sr/local/lib/node_modules/appium/node_HTTP]&amp#27;modul[39m &amp#27;[90m&amp#27;[39m
es/babel-runtime/regenerator/runtime.js:67:40)
&amp#27;[35m[MJSONWP]&amp#27;[39m     at GeneratorFunctionPrototype.invoke [as _invoke] (/usr/local/lib/node_modules/appium/node_modules/babel-runtime/regenerator/runtime.js:315:22)
&amp#27;[35m[MJSONWP]&amp#27;[39m     at GeneratorFunctionPrototype.prototype.(anonymous function) [as throw] (/usr/local/lib/node_modules/appium/node_modules/babel-runtime/regenerator/runtime.js:100:21)
&amp#27;[35m[MJSONWP]&amp#27;[39m     at GeneratorFunctionPrototype.invoke (/usr/local/lib/node_modules/appium/node_modules/babe&amp#27;[l-runtim35e/regenm[erHTTP]&amp#27;ato[39r/runtimm &amp#27;[3e.7m-->&amp#27;[js39:136:m &amp#27;[37)
37mPOST&amp#27;[39m &amp#27;[37m/wd/hub/session/6c033502-fd88-4722-8b5b-92e91949d161/element&amp#27;[39m
&amp#27;[35m[HTTP]&amp#27;[39m &amp#27;[90m{"using":"id","value":"com.Slack:id/next_button_url_entry"}&amp#27;[39m
[debug] &amp#27;[35m[W3C]&amp#27;[39m Calling AppiumDriver.findElement() with args: ["id","com.Slack:id/next_button_url_entry","6c033502-fd88-4722-8b5b-92e91949d161"]
[debug] &amp#27;[35m[BaseDriver]&amp#27;[39m Valid locator strategies for this request: xpath, id, class name, accessibility id, -android uiautomator
[debug] &amp#27;[35m[BaseDriver]&amp#27;[39m Waiting up to 0 ms for condition
[debug] &amp#27;[35m[JSONWP Proxy]&amp#27;[39m Matched '/element' to command name 'findElement'
[debug] &amp#27;[35m[JSONWP Proxy]&amp#27;[39m Proxying [POST /element] to [POST http://localhost:8201/wd/hub/session/5a27c767-9791-4751-872d-2ed612cd606d/element] with body: {"strategy":"id","selector":"com.Slack:id/next_button_url_entry","context":"","multiple":false}
[debug] &amp#27;[35m[MJSONWP]&amp#27;[39m Matched JSONWP error code 7 to NoSuchElementError
&amp#27;[35m[MJSONWP]&amp#27;[39m Encountered internal error running command: NoSuchElementError: An element could not be located on the page using the given search parameters.
&amp#27;[35m&amp#27;[35m[HTTP]&amp#27;[39m &amp#27;[37m<-- POST /wd/hub/se[MJSONWP]&amp#27;[39m     at AndroidUiautomator2Driver.calssion/6lee$0$0$ (/usc033502-fd88-4722-8b5br/loc-92e91949d161/element &amp#27;[39m&amp#27;[31m500&amp#27;[39m &amp#27;[90m24 ms - 164&amp#27;[39m
&amp#27;[35m[HTTP]&amp#27;[39m &amp#27;[90m&amp#27;[39m
al/lib/node_modules/appium/node_modules/appium-android-driver/lib/commands/find.js:75:11)
&amp#27;[35m[MJSONWP]&amp#27;[39m     at tryCatch (/usr/local/lib/node_modules/appium/node_modules/babel-runtime/regenerator/runtime.js:67:40)
&amp#27;[35m[MJSONWP]&amp#27;[39m     at GeneratorFunctionPrototype.invoke [as _invoke] (/usr/local/lib/node_modules/appium/node_modules/babel-runtime/regenerator/runtime.js&amp#27;[35:3m[15HTTP]&amp#27;[39m &amp#27;[37m-->&amp#27;[39m &amp#27;[37mPOST&amp#27;[39m &amp#27;[37m/wd/hub/sessi:2on/6c033502-fd88-4722-8b2)
&amp#27;[5b-92e9135m949d[MJSONWP]&amp#27;[39m     at GeneratorFunct16io1/nProelemtotyentpe.prototyp&amp#27;[39m
e.(a&amp#27;[35m[HTTP]&amp#27;[39mnonymous f &amp#27;unction) [as throw] (/usr/local/lib/node_modules/appium/node_modules/babel-runtime/regenerator/runtime.js:100:21)[90m{"using":"id","value":"com.Slack:id/next_button_u
&amp#27;[35m[rl_entry"}&amp#27;[39m
[debug] &amp#27;[35m[W3C]&amp#27;[39m Calling AppMJSONWP]&amp#27;[39m     aiumDriver.t findElement() with aGergsne: [ratorFunc"id","tionPrcomot.Slackot:idype.invoke (/usr/local//next_bulib/node_modules/attppon_ium/nurl_entode_modules/babery","6c0l-r33un502-fdtime/regenerator/runti88me.js:136:37)
-4722-8b5b-92e91949d161"]
[debug] &amp#27;[35m[BaseDriver]&amp#27;[39m Valid locator strategies for this request: xpath, id, class name, accessibility id, -android uiautomator
[debug] &amp#27;[35m[BaseDriver]&amp#27;[39m Waiting up to 0 ms for condition
[debug] &amp#27;[35m[JSONWP Proxy]&amp#27;[39m Matched '/element' to command name 'findElement'
[debug] &amp#27;[35m[JSONWP Proxy]&amp#27;[39m Proxying [POST /element] to [POST http://localhost:8201/wd/hub/session/5a27c767-9791-4751-872d-2ed612cd606d/element] with body: {"strategy":"id","selector":"com.Slack:id/next_button_url_entry","context":"","multiple":false}
[debug] &amp#27;[35m[MJSONWP]&amp#27;[39m Matched JSONWP error code 7 to NoSuchElementError
&amp#27;[35m[MJSONWP]&amp#27;[39m Encountered internal error running command: NoSuchElementError: An element could not be located on the page using the given search parameters.
&amp#27;[35m[MJSONWP]&amp#27;[39m     at AndroidUiautomator2Driver.callee$0$0$ (/usr/local/lib/node_modules/appium/node_modules/appium-android-driver/lib/commands/find.j&amp#27;[35m[Hs:75:11)
&amp#27;[35m[MJSONWP]&amp#27;[39m     at tryCatch (/usr/local/lib/nodTTP]&amp#27;[39m &amp#27;[37m<-- e_modulPOST /es/awdppium/no/hdeub_m/session/6odules/c0babe33l-r50untime/r2-egenerator/fd88-4runtime.j72s:2-8b5b-6792e919:40)
&amp#27;49d16[35m1/[MJSelement &amp#27;[39ONWP]&amp#27;[39m&amp#27;m [31m500&amp#27;[    at G39m &amp#27;[90m28 eneratoms - 164rF&amp#27;[39m
unctionPr&amp#27;[35mot[HotypeTT.inP]&amp#27;[3voke [as 9m _invoke] &amp#27;[(/90musr/lo&amp#27;[ca39ml/lib/
node_modules/appium/node_modules/babel-runtime/regenerator/runtime.js:315:22)
&amp#27;[35m[MJSONWP]&amp#27;[39m     at GeneratorFunctionPrototype.prototype.(anonymous function) [as throw] (/usr/local/lib/node_modules/appium/node_modules/babe&amp#27;[35l-runtime/regenerm[HTTPat]&amp#27;or/[39m &amp#27;[37runtime.js:100:21)
&amp#27;[35m[MJSONWm-->&amp#27;[P]39&amp#27;[39m m  &amp#27;[3   at Ge7mnerPOatST&amp#27;[39m &amp#27;[orFunctionPrototype.invoke (/usr/local/lib/node_modules/appium/node_modules/babel-runtime/regenerator/37m/wd/hub/session/6c033502-fd88-4722-8b5b-92e91949d161/element&amp#27;[39m
&amp#27;[35m[Hruntime.js:136:37)
TTP]&amp#27;[39m &amp#27;[90m{"using":"id","value":"com.Slack:id/next_button_url_entry"}&amp#27;[39m
[debug] &amp#27;[35m[W3C]&amp#27;[39m Calling AppiumDriver.findElement() with args: ["id","com.Slack:id/next_button_url_entry","6c033502-fd88-4722-8b5b-92e91949d161"]
[debug] &amp#27;[35m[BaseDriver]&amp#27;[39m Valid locator strategies for this request: xpath, id, class name, accessibility id, -android uiautomator
[debug] &amp#27;[35m[BaseDriver]&amp#27;[39m Waiting up to 0 ms for condition
[debug] &amp#27;[35m[JSONWP Proxy]&amp#27;[39m Matched '/element' to command name 'findElement'
[debug] &amp#27;[35m[JSONWP Proxy]&amp#27;[39m Proxying [POST /element] to [POST http://localhost:8201/wd/hub/session/5a27c767-9791-4751-872d-2ed612cd606d/element] with body: {"strategy":"id","selector":"com.Slack:id/next_button_url_entry","context":"","multiple":false}
[debug] &amp#27;[35m[MJSONWP]&amp#27;[39m Matched JSONWP error code 7 to NoSuchElementError
&amp#27;[35m[MJSONWP]&amp#27;[39m Encountered internal error running command: NoSuchElementError: An element could not be located on the page using the given search parameters.
&amp#27;[35m[MJSONWP]&amp#27;[39m     at AndroidUiautomator2Driver.callee$0$0$ (/usr/local/lib/node_modules/appium/node_modules/appium-android-driver/lib/commands/find.js:75:11)
&amp#27;[35m[MJSONWP]&amp#27;[39m     &amp#27;[35mat tryCatch (/u[HTTP]&amp#27;[sr/local/lib/node_modul39m &amp#27;[3es/ap7m<-- PpiumOST /wd/h/nubode_modules/ba/session/6cbel-runtim03350e/rege2-nerfdat88-4722-8b5b-92e91949d161or/ru/element &amp#27;[39m&amp#27;[31m500&amp#27;[39m nt&amp#27;[90m27 imms - 164&amp#27;[39m
e.js:&amp#27;[367:40)
&amp#27;[35m[MJSONWP]&amp#27;[39m     at Genera5mtorFunctionProto[HTTP]&amp#27;[39typem &amp#27;[.invoke 90[am&amp#27;[39m
s _invoke] (/usr/local/lib/node_modules/appium/node_modules/babel-runtime/regenerator/runtime.js:315:22)
&amp#27;[35m[MJSONWP]&amp#27;[39m     at GeneratorFunctionPrototype.prototype.(anonymous function) [as throw] (/usr/local/lib/node_modules/appium/node_modules/babel-runtime/regenerator/runtime.js:100:21)
&amp#27;[35m[MJSONWP]&amp#27;[39m     at GeneratorFunctionPrototype.invoke (/usr/local/lib/node_modules/appium/node_modules/babel-runtime/regenerator/runtime.js:136:37)
&amp#27;[35m[HTTP]&amp#27;[39m &amp#27;[37m-->&amp#27;[39m &amp#27;[37mPOST&amp#27;[39m &amp#27;[37m/wd/hub/session/6c033502-fd88-4722-8b5b-92e91949d161/element&amp#27;[39m
&amp#27;[35m[HTTP]&amp#27;[39m &amp#27;[90m{"using":"id","value":"com.Slack:id/next_button_url_entry"}&amp#27;[39m
[debug] &amp#27;[35m[W3C]&amp#27;[39m Calling AppiumDriver.findElement() with args: ["id","com.Slack:id/next_button_url_entry","6c033502-fd88-4722-8b5b-92e91949d161"]
[debug] &amp#27;[35m[BaseDriver]&amp#27;[39m Valid locator strategies for this request: xpath, id, class name, accessibility id, -android uiautomator
[debug] &amp#27;[35m[BaseDriver]&amp#27;[39m Waiting up to 0 ms for condition
[debug] &amp#27;[35m[JSONWP Proxy]&amp#27;[39m Matched '/element' to command name 'findElement'
[debug] &amp#27;[35m[JSONWP Proxy]&amp#27;[39m Proxying [POST /element] to [POST http://localhost:8201/wd/hub/session/5a27c767-9791-4751-872d-2ed612cd606d/element] with body: {"strategy":"id","selector":"com.Slack:id/next_button_url_entry","context":"","multiple":false}
[debug] &amp#27;[35m[MJSONWP]&amp#27;[39m Matched JSONWP error code 7 to NoSuchElementError
&amp#27;[35m[MJSONWP]&amp#27;[39m Encountered internal error running command: NoSuchElementError: An element could not be located on the page using the given search parameters.
&amp#27;[35m[MJSONWP]&amp#27;[39m     at AndroidUiautomator2Driver.callee$0$0$ (/usr/local/lib/node_modules/appium/node_modules/appium-android-driver/lib/commands/find.js&amp#27;[35m[HTTP]&amp#27;[39m &amp#27;[37m<-- P:7OST 5:1/wd/hub/1)
&amp#27;[3session/6c033502-fd88-4722-5m[MJSONWP]&amp#27;[398bm     a5bt tr-9yCatch (/usr/local/2e91949d161/elliement b/node_&amp#27;[39m&amp#27;[modu31mle50s/0&amp#27;ap[3pi9mum/node_modules/babel-r &amp#27;[90untm19 ms - 164ime/&amp#27;[3reg9m
&amp#27;[35m[HeneratorTTP]&amp#27;/ru[3nt9m &amp#27;im[9e.0m&amp#27;[js:67:40)
&amp#27;[35m39m
[MJSONWP]&amp#27;[39m     at GeneratorFunctionPrototype.invoke [as _invoke] (/usr/local/lib/node_modules/appium/node_modules/babel-runtime/regenerator/runtime.js:315:22)
&amp#27;[35m[MJSONWP]&amp#27;[39m     at GeneratorFunctionPrototype.prototype.(anonymous function) [as throw] (/usr/local/lib/node_modules/appium/node_modules/babel-runtime/regenerator/runtime.js:100:21)
&amp#27;[35m[MJSONWP]&amp#27;[39m     at GeneratorFunctionPrototype.invoke (/usr/local/lib/node_modules/appium/node_modules/babel-runtime/regenerator/runtime.js:136:37)
&amp#27;[35m[HTTP]&amp#27;[39m &amp#27;[37m-->&amp#27;[39m &amp#27;[37mPOST&amp#27;[39m &amp#27;[37m/wd/hub/session/6c033502-fd88-4722-8b5b-92e91949d161/element&amp#27;[39m
&amp#27;[35m[HTTP]&amp#27;[39m &amp#27;[90m{"using":"id","value":"com.Slack:id/next_button_url_entry"}&amp#27;[39m
[debug] &amp#27;[35m[W3C]&amp#27;[39m Calling AppiumDriver.findElement() with args: ["id","com.Slack:id/next_button_url_entry","6c033502-fd88-4722-8b5b-92e91949d161"]
[debug] &amp#27;[35m[BaseDriver]&amp#27;[39m Valid locator strategies for this request: xpath, id, class name, accessibility id, -android uiautomator
[debug] &amp#27;[35m[BaseDriver]&amp#27;[39m Waiting up to 0 ms for condition
[debug] &amp#27;[35m[JSONWP Proxy]&amp#27;[39m Matched '/element' to command name 'findElement'
[debug] &amp#27;[35m[JSONWP Proxy]&amp#27;[39m Proxying [POST /element] to [POST http://localhost:8201/wd/hub/session/5a27c767-9791-4751-872d-2ed612cd606d/element] with body: {"strategy":"id","selector":"com.Slack:id/next_button_url_entry","context":"","multiple":false}
[debug] &amp#27;[35m[MJSONWP]&amp#27;[39m Matched JSONWP error code 7 to NoSuchElementError
&amp#27;[35m[MJSONWP]&amp#27;[39m Encountered internal error running command: NoSuchElementError: An element could not be located on the page using the given search parameters.
&amp#27;[35m[MJSONWP]&amp#27;[39m     at AndroidUiautomator2Driver.callee$0$0$ (/usr/local/lib/node_modules/appium/node_modules/appium-android-driver/lib/commands/find.js:75:11)
&amp#27;[35m[MJSONWP&amp#27;[]&amp#27;[39m     at try35m[HTTP]&amp#27;[Cat39ch (/usr/locm al&amp#27;[37m<--/lib/ Pnode_moduOST /lewd/hubs/appi/session/6c033um502-/node_modufd88-4les/babe72l-runtim2-8b5be/re-9ge2e91949ned1ra61/element &amp#27;[3to9m&amp#27;[31r/runm500&amp#27;[39m &amp#27;[90m28ti mme.js:6s - 7:4164&amp#27;[0)
39&amp#27;[35m[MJSONm
WP]&amp#27;[39m   &amp#27;[35m[H  at TTGeneP]&amp#27;[39m &amp#27;[9ra0m&amp#27;[39m
torFunctionPrototype.invoke [as _invoke] (/usr/local/lib/node_modules/appium/node_modules/babel-runtime/regenerator/runtime.js:315:22)
&amp#27;[35m[MJSONWP]&amp#27;[39m     at GeneratorFunctionPrototype.prototype.(anonymous function) [as throw] (/usr/local/lib/node_modules/appium/node_modules/babel-runtime/regenerator/runtime.js:100:21)
&amp#27;[35m[MJSONWP]&amp#27;[39m     at GeneratorFunctionPrototype.invoke (/usr/local/lib/node_modules/appium/node_modules/babel-runtime/regenerator/runtime.js:136:37)
&amp#27;[35m[HTTP]&amp#27;[39m &amp#27;[37m-->&amp#27;[39m &amp#27;[37mPOST&amp#27;[39m &amp#27;[37m/wd/hub/session/6c033502-fd88-4722-8b5b-92e91949d161/element&amp#27;[39m
&amp#27;[35m[HTTP]&amp#27;[39m &amp#27;[90m{"using":"id","value":"com.Slack:id/next_button_url_entry"}&amp#27;[39m
[debug] &amp#27;[35m[W3C]&amp#27;[39m Calling AppiumDriver.findElement() with args: ["id","com.Slack:id/next_button_url_entry","6c033502-fd88-4722-8b5b-92e91949d161"]
[debug] &amp#27;[35m[BaseDriver]&amp#27;[39m Valid locator strategies for this request: xpath, id, class name, accessibility id, -android uiautomator
[debug] &amp#27;[35m[BaseDriver]&amp#27;[39m Waiting up to 0 ms for condition
[debug] &amp#27;[35m[JSONWP Proxy]&amp#27;[39m Matched '/element' to command name 'findElement'
[debug] &amp#27;[35m[JSONWP Proxy]&amp#27;[39m Proxying [POST /element] to [POST http://localhost:8201/wd/hub/session/5a27c767-9791-4751-872d-2ed612cd606d/element] with body: {"strategy":"id","selector":"com.Slack:id/next_button_url_entry","context":"","multiple":false}
[debug] &amp#27;[35m[MJSONWP]&amp#27;[39m Matched JSONWP error code 7 to NoSuchElementError
&amp#27;[35m[MJSONWP]&amp#27;[39m Encountered internal error running command: NoSuchElementError: An element could not be located on the page using the given search parameters.
&amp#27;[35m[MJSONWP]&amp#27;[39m     at AndroidUiautomator2Driver.callee$0$0$ (/usr/local/lib/node_modules/appium/node_modules/appium-android-d&amp#27;[35mriver[HTTP]/lib/commands/&amp#27;[3fi9m &amp#27;[37nd.m<-- POST /wd/hujs:75:11)
&amp#27;b/sess[35m[ion/6c033502-fd88-4722-8bMJ5b-92SONWP]&amp#27;[39e91949m   d161  /element &amp#27;[at t39m&amp#27;ryCa[31m5tch (/usr/local/lib/no00de_modules/appium/&amp#27;[39m &amp#27;node_m[90m20 ms -odul 1es/bab64&amp#27;[39elm
-runtime/re&amp#27;[generator35m[/runtHTime.js:TP]&amp#27;[39m &amp#27;[67:9040)
&amp#27;m&amp#27;[3[395mm
[MJSONWP]&amp#27;[39m     at GeneratorFunctionPrototype.invoke [as _invoke] (/usr/local/lib/node_modules/appium/node_modules/babel-runtime/regenerator/runtime.js:315:22)
&amp#27;[35m[MJSONWP]&amp#27;[39m     at GeneratorFunctionPrototype.prototype.(anonymous function) [as throw] (/usr/local/lib/node_modules/appium/node_modules/babel-runtime/regenerator/runtime.js:100:21)
&amp#27;[35m[MJSONWP]&amp#27;[39m     at GeneratorFunctionPrototype.invoke (/usr/local/lib/node_mo&amp#27;[dules35/appium/nodm[HTe_modules/babelTP]&amp#27;[39-rum &amp#27;[3nti7m-->me/r&amp#27;[39m &amp#27;eg[en37erator/runtime.js:136:37)mPOST&amp#27;[39m &amp#27;[37m/wd/hu
b/session/6c033502-fd88-4722-8b5b-92e91949d161/element&amp#27;[39m
&amp#27;[35m[HTTP]&amp#27;[39m &amp#27;[90m{"using":"id","value":"com.Slack:id/next_button_url_entry"}&amp#27;[39m
[debug] &amp#27;[35m[W3C]&amp#27;[39m Calling AppiumDriver.findElement() with args: ["id","com.Slack:id/next_button_url_entry","6c033502-fd88-4722-8b5b-92e91949d161"]
[debug] &amp#27;[35m[BaseDriver]&amp#27;[39m Valid locator strategies for this request: xpath, id, class name, accessibility id, -android uiautomator
[debug] &amp#27;[35m[BaseDriver]&amp#27;[39m Waiting up to 0 ms for condition
[debug] &amp#27;[35m[JSONWP Proxy]&amp#27;[39m Matched '/element' to command name 'findElement'
[debug] &amp#27;[35m[JSONWP Proxy]&amp#27;[39m Proxying [POST /element] to [POST http://localhost:8201/wd/hub/session/5a27c767-9791-4751-872d-2ed612cd606d/element] with body: {"strategy":"id","selector":"com.Slack:id/next_button_url_entry","context":"","multiple":false}
[debug] &amp#27;[35m[MJSONWP]&amp#27;[39m Matched JSONWP error code 7 to NoSuchElementError
&amp#27;[35m[MJSONWP]&amp#27;[39m Encountered internal error running command: NoSuchElementError: An element could not be located on the page using the given search parameters.
&amp#27;[35m[MJSONWP]&amp#27;[39m     at AndroidUiautomator2Driver.callee$0$0$ (/usr/local/lib/node_modules/appium/node_modules/appium-android-dri&amp#27;[ver/l35mib/c[HTTP]o&amp#27;[mma39m &amp#27;[37m<-- nds/fiPOndST.js:75: /wd/hub11)
&amp#27;[3/session5m[MJSONWP/6c033502-]&amp#27;[39m     afd88-4722-8b5b-92e91t tryC949d16atch (/usr/local/lib/node_m1/elementodule &amp#27;[39s/appium/m&amp#27;node_modules[31/babem5l-runt00&amp#27;[39mim &amp#27;e/regen[90m22 ms erat- or/runtime.j164&amp#27;[39m
s:67:40)
&amp#27;&amp#27;[35m[H[35m[TTP]&amp#27;MJSON[39m &amp#27;[90m&amp#27;[WP]&amp#27;[339m
9m     at GeneratorFunctionPrototype.invoke [as _invoke] (/usr/local/lib/node_modules/appium/node_modules/babel-runtime/regenerator/runtime.js:315:22)
&amp#27;[35m[MJSONWP]&amp#27;[39m     at GeneratorFunctionPrototype.prototype.(anonymous function) [as throw] (/usr/local/lib/node_modules/appium/node_modules/babel-runtime/regenerator/runtime.js:100:21)
&amp#27;[35m[MJSONWP]&amp#27;[39m     at GeneratorFunctionPrototype.invoke (/usr/local/lib/node_modules/appium/node_modules/babel-runtime/regenerator/runtime.js:136:37)
&amp#27;[35m[HTTP]&amp#27;[39m &amp#27;[37m-->&amp#27;[39m &amp#27;[37mPOST&amp#27;[39m &amp#27;[37m/wd/hub/session/6c033502-fd88-4722-8b5b-92e91949d161/element&amp#27;[39m
&amp#27;[35m[HTTP]&amp#27;[39m &amp#27;[90m{"using":"id","value":"com.Slack:id/next_button_url_entry"}&amp#27;[39m
[debug] &amp#27;[35m[W3C]&amp#27;[39m Calling AppiumDriver.findElement() with args: ["id","com.Slack:id/next_button_url_entry","6c033502-fd88-4722-8b5b-92e91949d161"]
[debug] &amp#27;[35m[BaseDriver]&amp#27;[39m Valid locator strategies for this request: xpath, id, class name, accessibility id, -android uiautomator
[debug] &amp#27;[35m[BaseDriver]&amp#27;[39m Waiting up to 0 ms for condition
[debug] &amp#27;[35m[JSONWP Proxy]&amp#27;[39m Matched '/element' to command name 'findElement'
[debug] &amp#27;[35m[JSONWP Proxy]&amp#27;[39m Proxying [POST /element] to [POST http://localhost:8201/wd/hub/session/5a27c767-9791-4751-872d-2ed612cd606d/element] with body: {"strategy":"id","selector":"com.Slack:id/next_button_url_entry","context":"","multiple":false}
[debug] &amp#27;[35m[MJSONWP]&amp#27;[39m Matched JSONWP error code 7 to NoSuchElementError
&amp#27;[35m[MJSONWP]&amp#27;[39m Encountered internal error running command: NoSuchElementError: An element could not be located on the page using the given search parameters.
&amp#27;[35m[MJSONWP]&amp#27;[39m     at AndroidUiautomator2Driver.callee$0$0$ (/usr/local/lib/node_modules/appium/node_modules/appium-android-driver/lib/commands/find.js:75&amp#27;[35:11)
&amp#27;[35mm[HTTP]&amp#27;[39m &amp#27;[37m<-- POST /wd/hub/ses[MJSONWP]&amp#27;[39m     at tryCatchsion (/usr/local/lib/node_modules/appium/node_m/6c0odules3350/babel-ru2-ntfd8ime/re8-ge4722-8b5b-9nerator/runtime2e.js:6791:4949d1610)
&amp#27;[35m[MJSONWP]/element &amp#27;[39m&amp#27;[31m50&amp#27;[39m     at GeneratorFunctionPrototype.invoke [as _invoke] (/usr0&amp#27;[39m &amp#27;[90m22 ms - 164&amp#27;[39m
&amp#27;[35m[HTTP]&amp#27;[39m &amp#27;[90m&amp#27;[39m
/local/lib/node_modules/appium/node_modules/babel-runtime/regenerator/runtime.js:315:22)
&amp#27;[35m[MJSONWP]&amp#27;[39m     at GeneratorFunctionPrototype.prototype.(anonymous function) [as throw] (/usr/local/lib/node_modules/appium/node_modules/babel-runtime/regenerator/runtime.js:100:21)
&amp#27;[35m[MJSONWP]&amp#27;[39m     at GeneratorFunctionPrototype.invoke (/usr/local/lib/node_modules/appium/node_modules/babel-runtime/regenerator/runtime.js:136:37)
&amp#27;[35m[HTTP]&amp#27;[39m &amp#27;[37m-->&amp#27;[39m &amp#27;[37mPOST&amp#27;[39m &amp#27;[37m/wd/hub/session/6c033502-fd88-4722-8b5b-92e91949d161/element&amp#27;[39m
&amp#27;[35m[HTTP]&amp#27;[39m &amp#27;[90m{"using":"id","value":"com.Slack:id/next_button_url_entry"}&amp#27;[39m
[debug] &amp#27;[35m[W3C]&amp#27;[39m Calling AppiumDriver.findElement() with args: ["id","com.Slack:id/next_button_url_entry","6c033502-fd88-4722-8b5b-92e91949d161"]
[debug] &amp#27;[35m[BaseDriver]&amp#27;[39m Valid locator strategies for this request: xpath, id, class name, accessibility id, -android uiautomator
[debug] &amp#27;[35m[BaseDriver]&amp#27;[39m Waiting up to 0 ms for condition
[debug] &amp#27;[35m[JSONWP Proxy]&amp#27;[39m Matched '/element' to command name 'findElement'
[debug] &amp#27;[35m[JSONWP Proxy]&amp#27;[39m Proxying [POST /element] to [POST http://localhost:8201/wd/hub/session/5a27c767-9791-4751-872d-2ed612cd606d/element] with body: {"strategy":"id","selector":"com.Slack:id/next_button_url_entry","context":"","multiple":false}
[debug] &amp#27;[35m[MJSONWP]&amp#27;[39m Matched JSONWP error code 7 to NoSuchElementError
&amp#27;[35m[MJSONWP]&amp#27;[39m Encountered internal error running command: NoSuchElementError: An element could not be located on the page using the given search parameters.
&amp#27;[35m[MJSONWP]&amp#27;[39m     at AndroidUiautomator2Driver.callee$0$0$ (/usr/local/lib/node_modules/appium/node_modules/appium-android-driver/lib/commands/find.js:75:11)
&amp#27;[35m[MJSONWP]&amp#27;[39m     at tryCatch (/usr/local/lib/node_modules/appium/nod&amp#27;[35m[HTTP]&amp#27;[39m &amp#27;[37m<-- POST /wd/hub/session/6c033502-fd88-4722-8b5b-92e91949d161/elemene_mot &amp#27;[3du9mles/&amp#27;[31m500&amp#27;[ba39bel-runtm ime/&amp#27;[regenera90m23 tor/runms -time.j 164&amp#27;[39m
s:67:4&amp#27;[35m[0)HTTP]&amp#27;
&amp#27;[[3359m &amp#27;[9m[MJSONWP]&amp#27;[39m   0m  &amp#27;[at39m
 GeneratorFunctionPrototype.invoke [as _invoke] (/usr/local/lib/node_modules/appium/node_modules/babel-runtime/regenerator/runtime.js:315:22)
&amp#27;[35m[MJSONWP]&amp#27;[39m     at GeneratorFunctionPrototype.prototype.(anonymous function) [as throw] (/usr/local/lib/node_modules/appium/node_modules/babel-runtime/regenerator/runtime.js:100:21)
&amp#27;[35m[MJSONWP]&amp#27;[39m     at GeneratorFunctionPrototype.invoke (/usr/local/lib/node_modules/appium/node_modules/babel-runtime/regenerator/runtime.js:136:37)
&amp#27;[35m[HTTP]&amp#27;[39m &amp#27;[37m-->&amp#27;[39m &amp#27;[37mPOST&amp#27;[39m &amp#27;[37m/wd/hub/session/6c033502-fd88-4722-8b5b-92e91949d161/element&amp#27;[39m
&amp#27;[35m[HTTP]&amp#27;[39m &amp#27;[90m{"using":"id","value":"com.Slack:id/next_button_url_entry"}&amp#27;[39m
[debug] &amp#27;[35m[W3C]&amp#27;[39m Calling AppiumDriver.findElement() with args: ["id","com.Slack:id/next_button_url_entry","6c033502-fd88-4722-8b5b-92e91949d161"]
[debug] &amp#27;[35m[BaseDriver]&amp#27;[39m Valid locator strategies for this request: xpath, id, class name, accessibility id, -android uiautomator
[debug] &amp#27;[35m[BaseDriver]&amp#27;[39m Waiting up to 0 ms for condition
[debug] &amp#27;[35m[JSONWP Proxy]&amp#27;[39m Matched '/element' to command name 'findElement'
[debug] &amp#27;[35m[JSONWP Proxy]&amp#27;[39m Proxying [POST /element] to [POST http://localhost:8201/wd/hub/session/5a27c767-9791-4751-872d-2ed612cd606d/element] with body: {"strategy":"id","selector":"com.Slack:id/next_button_url_entry","context":"","multiple":false}
[debug] &amp#27;[35m[MJSONWP]&amp#27;[39m Matched JSONWP error code 7 to NoSuchElementError
&amp#27;[35m[MJSONWP]&amp#27;[39m Encountered internal error running command: NoSuchElementError: An element could not be located on the page using the given search parameters.
&amp#27;[35m[MJSONWP]&amp#27;[39m     at AndroidUiautomator2Driver.callee$0$0$ (/usr/local/lib/node_modules/appium/node_modules/appium-android-driver/lib/commands/find.js:75:11)
&amp#27;[35m[MJSONWP]&amp#27;[35m[HTTP]&amp#27;[39m &amp#27;[37m<--&amp#27;[39m     at t POST ry/wd/hub/session/6c033502-fd88-4722-8b5b-92e91949d161/element &amp#27;[39m&amp#27;[31m500&amp#27;[39m &amp#27;[90m21 ms - 164&amp#27;[39m
&amp#27;[35m[HCatch (/usr/TTP]&amp#27;[39mlocal/lib/node_modules/a &amp#27;[90m&amp#27;[39m
ppium/node_modules/babel-runtime/regenerator/runtime.js:67:40)
&amp#27;[35m[MJSONWP]&amp#27;[39m     at GeneratorFunctionPrototype.invoke [as _invoke] (/usr/local/lib/node_modules/appium/node_modules/babel-runtime/regenerator/runtime.js:315:22)
&amp#27;[35m[MJSONWP]&amp#27;[39m     at GeneratorFunctionPrototype.prototype.(anonymous function) [as throw] (/usr/local/lib/node_modules/appium/node_modules/babel-runtime/regenerator/runtime.js:100:21)
&amp#27;[35m[MJSONWP]&amp#27;[39m     at GeneratorFunctionPrototype.invoke (/usr/local/lib/node_modules/appium/node_modules/babel-runtime/regenerator/runtime.js:136:37)
&amp#27;[35m[HTTP]&amp#27;[39m &amp#27;[37m-->&amp#27;[39m &amp#27;[37mPOST&amp#27;[39m &amp#27;[37m/wd/hub/session/6c033502-fd88-4722-8b5b-92e91949d161/element&amp#27;[39m
&amp#27;[35m[HTTP]&amp#27;[39m &amp#27;[90m{"using":"id","value":"com.Slack:id/next_button_url_entry"}&amp#27;[39m
[debug] &amp#27;[35m[W3C]&amp#27;[39m Calling AppiumDriver.findElement() with args: ["id","com.Slack:id/next_button_url_entry","6c033502-fd88-4722-8b5b-92e91949d161"]
[debug] &amp#27;[35m[BaseDriver]&amp#27;[39m Valid locator strategies for this request: xpath, id, class name, accessibility id, -android uiautomator
[debug] &amp#27;[35m[BaseDriver]&amp#27;[39m Waiting up to 0 ms for condition
[debug] &amp#27;[35m[JSONWP Proxy]&amp#27;[39m Matched '/element' to command name 'findElement'
[debug] &amp#27;[35m[JSONWP Proxy]&amp#27;[39m Proxying [POST /element] to [POST http://localhost:8201/wd/hub/session/5a27c767-9791-4751-872d-2ed612cd606d/element] with body: {"strategy":"id","selector":"com.Slack:id/next_button_url_entry","context":"","multiple":false}
[debug] &amp#27;[35m[MJSONWP]&amp#27;[39m Matched JSONWP error code 7 to NoSuchElementError
&amp#27;[35m[MJSONWP]&amp#27;[39m Encountered internal error running command: NoSuchElementError: An element could not be located on the page using the given search parameters.
&amp#27;[35m[MJSONWP]&amp#27;[39m     at AndroidUiautomator2Driver.callee$0$0$ (/usr/local/lib/node_modules/appium/node_modules/appium-android-driver/lib/commands/find.js:75:11)
&amp#27;[35m[MJSONWP]&amp#27;[&amp#27;[35m[HTTP]&amp#27;[39m &amp#27;[37m<-39m   - POST /wd/h  at tryCub/seatch (/ssion/6cusr/local/lib/node_modules/appium/node_modules/033502babel-runt-fimd88-e/472reg2-8b5b-92e9194ene9d161/elemenratort/run &amp#27;[39m&amp#27;ti[31mme500&amp#27;.js:67:40)
&amp#27;[39m &amp#27;[90m2[4 35mms - 1[MJSONWP]&amp#27;[39m     at GeneratorFunctionPrototy64pe.inv&amp#27;[39m
oke [as _in&amp#27;[35m[HvokeTTP] (/usr/lo]&amp#27;[39m cal/lib/node_modules/&amp#27;[ap90pium&amp#27;[39m
m/node_modules/babel-runtime/regenerator/runtime.js:315:22)
&amp#27;[35m[MJSONWP]&amp#27;[39m     at GeneratorFunctionPrototype.prototype.(anonymous function) [as throw] (/usr/local/lib/node_modules/appium/node_modules/babel-runtime/regenerator/runtime.js:100:21)
&amp#27;[35m[MJSONWP]&amp#27;[39m     at GeneratorFunctionPrototype.invoke (/usr/local/lib/node_modules/appium/node_modules/babel-runtime/regenerator/runtime.js:136:37)
&amp#27;[35m[HTTP]&amp#27;[39m &amp#27;[37m-->&amp#27;[39m &amp#27;[37mPOST&amp#27;[39m &amp#27;[37m/wd/hub/session/6c033502-fd88-4722-8b5b-92e91949d161/element&amp#27;[39m
&amp#27;[35m[HTTP]&amp#27;[39m &amp#27;[90m{"using":"id","value":"com.Slack:id/next_button_url_entry"}&amp#27;[39m
[debug] &amp#27;[35m[W3C]&amp#27;[39m Calling AppiumDriver.findElement() with args: ["id","com.Slack:id/next_button_url_entry","6c033502-fd88-4722-8b5b-92e91949d161"]
[debug] &amp#27;[35m[BaseDriver]&amp#27;[39m Valid locator strategies for this request: xpath, id, class name, accessibility id, -android uiautomator
[debug] &amp#27;[35m[BaseDriver]&amp#27;[39m Waiting up to 0 ms for condition
[debug] &amp#27;[35m[JSONWP Proxy]&amp#27;[39m Matched '/element' to command name 'findElement'
[debug] &amp#27;[35m[JSONWP Proxy]&amp#27;[39m Proxying [POST /element] to [POST http://localhost:8201/wd/hub/session/5a27c767-9791-4751-872d-2ed612cd606d/element] with body: {"strategy":"id","selector":"com.Slack:id/next_button_url_entry","context":"","multiple":false}
[debug] &amp#27;[35m[MJSONWP]&amp#27;[39m Matched JSONWP error code 7 to NoSuchElementError
&amp#27;[35m[MJSONWP]&amp#27;[39m Encountered internal error running command: NoSuchElementError: An element could not be located on the page using the given search parameters.
&amp#27;[35m[MJSONWP]&amp#27;[39m     at AndroidUiautomator2Driver.callee$0$0$ (/usr/local/lib/node_modules/appium/node_modules/a&amp#27;[35ppium-am[ndroHTTiP]d-d&amp#27;[river/lib39m &amp#27;[37/cm<-- ommands/POST /wd/hufinb/d.jsession/6s:75:11)c0
&amp#27;[35m[MJSONWP]&amp#27;[39m33     at tryCatc502-fd88-4722-8b5b-92e919h (/usr/l49d1ocal/lib/node_mo61dules/app/eium/nleode_modules/babel-runtime/regenerator/runtime.js:67:40)
&amp#27;[35m[MJSONWP]&amp#27;[39m     at GeneratorFunctment &amp#27;[39m&amp#27;[31m500ion&amp#27;[39mPrototype.invoke  &amp#27;[[as _invoke] (/us90r/local/m25 ms - 1lib/node_64&amp#27;[39m
&amp#27;[35m[HTTP]&amp#27;[39m &amp#27;[9module0ms/appium/node_modules/babel-runtime/reg&amp#27;[39m
enerator/runtime.js:315:22)
&amp#27;[35m[MJSONWP]&amp#27;[39m     at GeneratorFunctionPrototype.prototype.(anonymous function) [as throw] (/usr/local/lib/node_modules/appium/node_modules/babel-runtime/regenerator/runtime.js:100:21)
&amp#27;[35m[MJSONWP]&amp#27;[39m     at GeneratorFunctionPrototype.invoke (/usr/local/lib/node_modules/appium/node_modules/babel-runtime/regenerator/runtime.js:136:37)
&amp#27;[35m[HTTP]&amp#27;[39m &amp#27;[37m-->&amp#27;[39m &amp#27;[37mPOST&amp#27;[39m &amp#27;[37m/wd/hub/session/6c033502-fd88-4722-8b5b-92e91949d161/element&amp#27;[39m
&amp#27;[35m[HTTP]&amp#27;[39m &amp#27;[90m{"using":"id","value":"com.Slack:id/next_button_url_entry"}&amp#27;[39m
[debug] &amp#27;[35m[W3C]&amp#27;[39m Calling AppiumDriver.findElement() with args: ["id","com.Slack:id/next_button_url_entry","6c033502-fd88-4722-8b5b-92e91949d161"]
[debug] &amp#27;[35m[BaseDriver]&amp#27;[39m Valid locator strategies for this request: xpath, id, class name, accessibility id, -android uiautomator
[debug] &amp#27;[35m[BaseDriver]&amp#27;[39m Waiting up to 0 ms for condition
[debug] &amp#27;[35m[JSONWP Proxy]&amp#27;[39m Matched '/element' to command name 'findElement'
[debug] &amp#27;[35m[JSONWP Proxy]&amp#27;[39m Proxying [POST /element] to [POST http://localhost:8201/wd/hub/session/5a27c767-9791-4751-872d-2ed612cd606d/element] with body: {"strategy":"id","selector":"com.Slack:id/next_button_url_entry","context":"","multiple":false}
[debug] &amp#27;[35m[MJSONWP]&amp#27;[39m Matched JSONWP error code 7 to NoSuchElementError
&amp#27;[35m[MJSONWP]&amp#27;[39m Encountered internal error running command: NoSuchElementError: An element could not be located on the page using the given search parameters.
&amp#27;[35m[MJSONWP]&amp#27;[39m     at AndroidUiautomator2Driver.callee$0$0$ (/usr/local/lib/node_modules/appium/node_modules/appium-android-drive&amp#27;[35m[HTTP]&amp#27;[39m &amp#27;[37m<-- POST /r/lib/cowd/mmands/find.js:75:11)
&amp#27;[35m[MJSONWP]&amp#27;[39m   hub/session/6c033502-fd88-4722-8b5b-92e91949d  at tryCatch (/usr/local/lib/nod161/elemene_modules/appium/node_modules/t &amp#27;babel-runti[3me/regenerator/runtime.js:67:40)
&amp#27;[35m[MJSON9mWP]&amp#27;[39m     at GeneratorFunctionPrototype.invoke [as _&amp#27;[31m500invoke] (/usr/local/lib/node_mo&amp#27;[39m &amp#27;[dul90m27 mes/aps - 1pium/node_module64&amp#27;[39m
&amp#27;[35m[HTTs/babel-runtime/regenerator/runtime.js:3P]15:22)
&amp#27;[35m[MJSONWP]&amp#27;[39m     at Genera&amp#27;[39m &amp#27;[90m&amp#27;[39m
torFunctionPrototype.prototype.(anonymous function) [as throw] (/usr/local/lib/node_modules/appium/node_modules/babel-runtime/regenerator/runtime.js:100:21)
&amp#27;[35m[MJSONWP]&amp#27;[39m     at GeneratorFunctionPrototype.invoke (/usr/local/lib/node_modules/appium/node_modules/babel-runtime/regenerator/runtime.js:136:37)
&amp#27;[35m[HTTP]&amp#27;[39m &amp#27;[37m-->&amp#27;[39m &amp#27;[37mPOST&amp#27;[39m &amp#27;[37m/wd/hub/session/6c033502-fd88-4722-8b5b-92e91949d161/element&amp#27;[39m
&amp#27;[35m[HTTP]&amp#27;[39m &amp#27;[90m{"using":"id","value":"com.Slack:id/next_button_url_entry"}&amp#27;[39m
[debug] &amp#27;[35m[W3C]&amp#27;[39m Calling AppiumDriver.findElement() with args: ["id","com.Slack:id/next_button_url_entry","6c033502-fd88-4722-8b5b-92e91949d161"]
[debug] &amp#27;[35m[BaseDriver]&amp#27;[39m Valid locator strategies for this request: xpath, id, class name, accessibility id, -android uiautomator
[debug] &amp#27;[35m[BaseDriver]&amp#27;[39m Waiting up to 0 ms for condition
[debug] &amp#27;[35m[JSONWP Proxy]&amp#27;[39m Matched '/element' to command name 'findElement'
[debug] &amp#27;[35m[JSONWP Proxy]&amp#27;[39m Proxying [POST /element] to [POST http://localhost:8201/wd/hub/session/5a27c767-9791-4751-872d-2ed612cd606d/element] with body: {"strategy":"id","selector":"com.Slack:id/next_button_url_entry","context":"","multiple":false}
[debug] &amp#27;[35m[MJSONWP]&amp#27;[39m Matched JSONWP error code 7 to NoSuchElementError
&amp#27;[35m[MJSONWP]&amp#27;[39m Encountered internal error running command: NoSuchElementError: An element could not be located on the page using the given search parameters.
&amp#27;[35m[MJSONWP]&amp#27;[39m     at AndroidUiautomator2Driver.callee$0$0$ (/usr/local/lib/node_modules/appium/node_modules/appium-android-driver/lib/commands/find.js:75:11)
&amp#27;[&amp#27;[35m35m[MJSONWP]&amp#27;[39m [H    at tTTP]&amp#27;[3ryCatch (/usr/local/l9ibm/node_module &amp#27;[37m<s/ap--pium/ Pnode_mOST od/wd/hubules/babel-runtime/regenerator//seruntissiome.js:67n/6c033502:4-f0)
&amp#27;[35m[MJSONWP]&amp#27;[3d89m     at8-472 Gen2-8b5b-92e91949d161eratorFunction/ePrototype.invoke [as _invoklemente] (/usr/lo &amp#27;[3cal/lib/node_m9module&amp#27;[s/appium/node_modules/babel-runtime/regenerator/runtime.js:315:22)
&amp#27;[35m[MJSONWP]&amp#27;[39m   31  at Generatom50rFu0&amp#27;nctionPrototype.prot[3otype.(anonymou9ms function) [as thr &amp#27;ow] [9(/usr/local0m21 m/lib/ns - 164od&amp#27;[39me_mo
&amp#27;[35mdule[HTs/appiTP]&amp#27;[39umm /n&amp#27;[90m&amp#27;[ode_modules/babel-run39m
time/regenerator/runtime.js:100:21)
&amp#27;[35m[MJSONWP]&amp#27;[39m     at GeneratorFunctionPrototype.invoke (/usr/local/lib/node_modules/appium/node_modules&amp#27;[35/babem[HTTP]&amp#27;[39m &amp#27;[l-runtime/regenerator/runtime.js:136:37)
37m-->&amp#27;[39m &amp#27;[37mPOST&amp#27;[39m &amp#27;[37m/wd/hub/session/6c033502-fd88-4722-8b5b-92e91949d161/element&amp#27;[39m
&amp#27;[35m[HTTP]&amp#27;[39m &amp#27;[90m{"using":"id","value":"com.Slack:id/next_button_url_entry"}&amp#27;[39m
[debug] &amp#27;[35m[W3C]&amp#27;[39m Calling AppiumDriver.findElement() with args: ["id","com.Slack:id/next_button_url_entry","6c033502-fd88-4722-8b5b-92e91949d161"]
[debug] &amp#27;[35m[BaseDriver]&amp#27;[39m Valid locator strategies for this request: xpath, id, class name, accessibility id, -android uiautomator
[debug] &amp#27;[35m[BaseDriver]&amp#27;[39m Waiting up to 0 ms for condition
[debug] &amp#27;[35m[JSONWP Proxy]&amp#27;[39m Matched '/element' to command name 'findElement'
[debug] &amp#27;[35m[JSONWP Proxy]&amp#27;[39m Proxying [POST /element] to [POST http://localhost:8201/wd/hub/session/5a27c767-9791-4751-872d-2ed612cd606d/element] with body: {"strategy":"id","selector":"com.Slack:id/next_button_url_entry","context":"","multiple":false}
[debug] &amp#27;[35m[MJSONWP]&amp#27;[39m Matched JSONWP error code 7 to NoSuchElementError
&amp#27;[35m[MJSONWP]&amp#27;[39m Encountered internal error running command: NoSuchElementError: An element could not be located on the page using the given search parameters.
&amp#27;[35m[MJSONWP]&amp#27;[39m     at AndroidUiautomator2Driver.callee$0$0$ (/usr/local/lib/node_modules/appium/node_modules/appium-android-driver/lib/commands/find.js:75:11)
&amp#27;&amp#27;[[35m[MJSONWP]&amp#27;[39m     at tryCatch (/usr/local/lib/node_modules/app35ium/node_modules/babel-rm[HTTP]untime/&amp#27;[39regenerator/runtimm &amp#27;e.j[37m<--s:67:40)
 P&amp#27;[35m[MJSONWP]&amp#27;[39m     at GeneratoOSrFunctionProtT /wd/othub/ype.invoke [as _invoke] (/usr/local/lib/node_modules/appium/node_modules/babesessl-runtimion/6c03350e/regenerator/r2-funtime.js:315:22)
&amp#27;[35m[MJSONWP]&amp#27;[39m     at Gd88-4eneratorFunctionPrototype.prototype.(72ano2-8b5b-nymous fun92e9ction) [as throw] (/usr/local/lib/node_modules/app1949ium/nodd161e_modu/eleles/babel-runtimeme/regenent &amp#27;[39m&amp#27;[31mrat500or/&amp#27;[39m &amp#27;runtime.js:100:21)
&amp#27;[35m[MJSONWP]&amp#27;[39m     at[90m GeneratorFunctionPrototype.invoke (/21 ms -us 164&amp#27;[39m
&amp#27;[3r/local/lib/node_modules/appium/node_modules/babel-runti5m[HTTP]&amp#27;[39m &amp#27;me/regenerator/runtime.js:136:37)
[90m&amp#27;[39m
&amp#27;[35m[HTTP]&amp#27;[39m &amp#27;[37m-->&amp#27;[39m &amp#27;[37mPOST&amp#27;[39m &amp#27;[37m/wd/hub/session/6c033502-fd88-4722-8b5b-92e91949d161/element&amp#27;[39m
&amp#27;[35m[HTTP]&amp#27;[39m &amp#27;[90m{"using":"id","value":"com.Slack:id/next_button_url_entry"}&amp#27;[39m
[debug] &amp#27;[35m[W3C]&amp#27;[39m Calling AppiumDriver.findElement() with args: ["id","com.Slack:id/next_button_url_entry","6c033502-fd88-4722-8b5b-92e91949d161"]
[debug] &amp#27;[35m[BaseDriver]&amp#27;[39m Valid locator strategies for this request: xpath, id, class name, accessibility id, -android uiautomator
[debug] &amp#27;[35m[BaseDriver]&amp#27;[39m Waiting up to 0 ms for condition
[debug] &amp#27;[35m[JSONWP Proxy]&amp#27;[39m Matched '/element' to command name 'findElement'
[debug] &amp#27;[35m[JSONWP Proxy]&amp#27;[39m Proxying [POST /element] to [POST http://localhost:8201/wd/hub/session/5a27c767-9791-4751-872d-2ed612cd606d/element] with body: {"strategy":"id","selector":"com.Slack:id/next_button_url_entry","context":"","multiple":false}
[debug] &amp#27;[35m[MJSONWP]&amp#27;[39m Matched JSONWP error code 7 to NoSuchElementError
&amp#27;[35m[MJSONWP]&amp#27;[39m Encountered internal error running command: NoSuchElementError: An element could not be located on the page using the given search parameters.
&amp#27;[35m[MJSONWP]&amp#27;[39m     at AndroidUiautomator2Driver.callee$0$0$ (/usr/local/lib/node_modules/appium/node_modules/appium-android-driver/lib/co&amp#27;[mm35anm[HTTP]&amp#27;[39ds/find.js:75:m &amp#27;[37m<--11)
&amp#27; P[3OS5m[MJSOT /wd/hubNWP]&amp#27;[/sess39m  ion/6c03   at t3502ry-fCatd8ch (/us8-472r/2-loc8b5b-92e91al949d161//lib/node_moduelemles/appiuenm/nodt &amp#27;[39me_modu&amp#27;[3les/b1m500&amp#27;[39m &amp#27;[90m25 abms - 1el-r64&amp#27;[39m
unt&amp#27;[ime/reg35m[HTTP]&amp#27;enerato[39mr/runtime.js:67:40)
&amp#27;[35m[M &amp#27;JS[90m&amp#27;[39ONWP]m
&amp#27;[39m     at GeneratorFunctionPrototype.invoke [as _invoke] (/usr/local/lib/node_modules/appium/node_modules/babel-runtime/regenerator/runtime.js:315:22)
&amp#27;[35m[MJSONWP]&amp#27;[39m     at GeneratorFunctionPrototype.prototype.(anonymous function) [as throw] (/usr/local/lib/node_modules/appium/node_modules/babel-runtime/regenerator/runtime.js:100:21)
&amp#27;[35m[MJSONWP]&amp#27;[39m     at GeneratorFunctionPrototype.invoke (/usr/local/lib/node_modules/appium/node_modules/babel-runtime/regenerator/runtime.js:136:37)
&amp#27;[35m[HTTP]&amp#27;[39m &amp#27;[37m-->&amp#27;[39m &amp#27;[37mPOST&amp#27;[39m &amp#27;[37m/wd/hub/session/6c033502-fd88-4722-8b5b-92e91949d161/element&amp#27;[39m
&amp#27;[35m[HTTP]&amp#27;[39m &amp#27;[90m{"using":"id","value":"com.Slack:id/next_button_url_entry"}&amp#27;[39m
[debug] &amp#27;[35m[W3C]&amp#27;[39m Calling AppiumDriver.findElement() with args: ["id","com.Slack:id/next_button_url_entry","6c033502-fd88-4722-8b5b-92e91949d161"]
[debug] &amp#27;[35m[BaseDriver]&amp#27;[39m Valid locator strategies for this request: xpath, id, class name, accessibility id, -android uiautomator
[debug] &amp#27;[35m[BaseDriver]&amp#27;[39m Waiting up to 0 ms for condition
[debug] &amp#27;[35m[JSONWP Proxy]&amp#27;[39m Matched '/element' to command name 'findElement'
[debug] &amp#27;[35m[JSONWP Proxy]&amp#27;[39m Proxying [POST /element] to [POST http://localhost:8201/wd/hub/session/5a27c767-9791-4751-872d-2ed612cd606d/element] with body: {"strategy":"id","selector":"com.Slack:id/next_button_url_entry","context":"","multiple":false}
[debug] &amp#27;[35m[MJSONWP]&amp#27;[39m Matched JSONWP error code 7 to NoSuchElementError
&amp#27;[35m[MJSONWP]&amp#27;[39m Encountered internal error running command: NoSuchElementError: An element could not be located on the page using the given search parameters.
&amp#27;[35m[MJSONWP]&amp#27;[39m     at AndroidUiautomator2Driver.callee$0$0$ (/usr/local/lib/node_modules/appium/node_modules/appium-android-driver/lib/commands/find.js:75&amp#27;:11)
&amp#27;[35m[MJSO[35m[NWHTTPP]&amp#27;]&amp#27;[39m     at tryCatch (/usr/local/lib/node_mo[39dum les/appium/node_modules/babel-runtime/regenerator/r&amp#27;[untime.37m<-js- P:67:40)
OST&amp#27;[35m[MJSONWP] /&amp#27;[39m     atwd/hub/session/6c Ge033502-fd88-4722-8b5b-9neratorFunc2e91949d1tionP61/elerototypement &amp#27;[39m.invoke [as&amp#27;[ _invoke] 31(/usr/local/lm500&amp#27;[39m &amp#27;[90m2ib/n2 ms - ode_m164odul&amp#27;[es39m/appium/node_
modules/ba&amp#27;[35m[beHTTl-rP]un&amp#27;[39mtime/rege &amp#27;nerator/[90m&amp#27;[runtime.js39:315m
:22)
&amp#27;[35m[MJSONWP]&amp#27;[39m     at GeneratorFunctionPrototype.prototype.(anonymous function) [as throw] (/usr/local/lib/node_modules/appium/node_modules/babel-runtime/regenerator/runtime.js:100:21)
&amp#27;[35m[MJSONWP]&amp#27;[39m     at GeneratorFunctionPrototype.invoke (/usr/local/lib/node_modules/appium/node_modules/babel-runtime/regenerator/runtime.js:136:37)
&amp#27;[35m[HTTP]&amp#27;[39m &amp#27;[37m-->&amp#27;[39m &amp#27;[37mPOST&amp#27;[39m &amp#27;[37m/wd/hub/session/6c033502-fd88-4722-8b5b-92e91949d161/element&amp#27;[39m
&amp#27;[35m[HTTP]&amp#27;[39m &amp#27;[90m{"using":"id","value":"com.Slack:id/next_button_url_entry"}&amp#27;[39m
[debug] &amp#27;[35m[W3C]&amp#27;[39m Calling AppiumDriver.findElement() with args: ["id","com.Slack:id/next_button_url_entry","6c033502-fd88-4722-8b5b-92e91949d161"]
[debug] &amp#27;[35m[BaseDriver]&amp#27;[39m Valid locator strategies for this request: xpath, id, class name, accessibility id, -android uiautomator
[debug] &amp#27;[35m[BaseDriver]&amp#27;[39m Waiting up to 0 ms for condition
[debug] &amp#27;[35m[JSONWP Proxy]&amp#27;[39m Matched '/element' to command name 'findElement'
[debug] &amp#27;[35m[JSONWP Proxy]&amp#27;[39m Proxying [POST /element] to [POST http://localhost:8201/wd/hub/session/5a27c767-9791-4751-872d-2ed612cd606d/element] with body: {"strategy":"id","selector":"com.Slack:id/next_button_url_entry","context":"","multiple":false}
[debug] &amp#27;[35m[MJSONWP]&amp#27;[39m Matched JSONWP error code 7 to NoSuchElementError
&amp#27;[35m[MJSONWP]&amp#27;[39m Encountered internal error running command: NoSuchElementError: An element could not be located on the page using the given search parameters.
&amp#27;[35m[MJSONWP]&amp#27;[39m     at AndroidUiautomator2Driver.callee$0$0$ (/usr/local/lib/node_modules/appium/node_modules/appium-android-driver/lib/commands/find.js:75:11)
&amp#27;[35m[MJSONWP]&amp#27;[39m     at tryCatch (/usr/local/lib/node_modules/appium/node_modules/babel-runtime/regenerator/runti&amp#27;[35m[Hme.js:6TTP]7:&amp#27;[39m 40)
&amp#27;[35m[MJ&amp#27;[37m<-- PSONOSWP]&amp#27;[T 39/wd/m     athu Geneb/session/6c033502-fd8rator8-4722-8b5b-92e919Fun49ctionProtod161/eletyment &amp#27;[39m&amp#27;pe.invoke [as _invoke] [3(/usr/local/lib/n1mode_m50odule0s/appi&amp#27;[39m &amp#27;um[90/nodm19 me_ms - 164odule&amp#27;[39m
s/bab&amp#27;[35m[HTelTP]&amp#27;[39m &amp#27;[90m&amp#27;-runtime/regenerator/runtime.js:315:22)
&amp#27;[[39m
35m[MJSONWP]&amp#27;[39m     at GeneratorFunctionPrototype.prototype.(anonymous function) [as throw] (/usr/local/lib/node_modules/appium/node_modules/babel-runtime/regenerator/runtime.js:100:21)
&amp#27;[35m[MJSONWP]&amp#27;[39m     at GeneratorFunctionPrototype.invoke (/usr/local/lib/node_modules/appium/node_modules/babel-runtime/regenerator/runtime.js:136:37)
&amp#27;[35m[HTTP]&amp#27;[39m &amp#27;[37m-->&amp#27;[39m &amp#27;[37mPOST&amp#27;[39m &amp#27;[37m/wd/hub/session/6c033502-fd88-4722-8b5b-92e91949d161/element&amp#27;[39m
&amp#27;[35m[HTTP]&amp#27;[39m &amp#27;[90m{"using":"id","value":"com.Slack:id/next_button_url_entry"}&amp#27;[39m
[debug] &amp#27;[35m[W3C]&amp#27;[39m Calling AppiumDriver.findElement() with args: ["id","com.Slack:id/next_button_url_entry","6c033502-fd88-4722-8b5b-92e91949d161"]
[debug] &amp#27;[35m[BaseDriver]&amp#27;[39m Valid locator strategies for this request: xpath, id, class name, accessibility id, -android uiautomator
[debug] &amp#27;[35m[BaseDriver]&amp#27;[39m Waiting up to 0 ms for condition
[debug] &amp#27;[35m[JSONWP Proxy]&amp#27;[39m Matched '/element' to command name 'findElement'
[debug] &amp#27;[35m[JSONWP Proxy]&amp#27;[39m Proxying [POST /element] to [POST http://localhost:8201/wd/hub/session/5a27c767-9791-4751-872d-2ed612cd606d/element] with body: {"strategy":"id","selector":"com.Slack:id/next_button_url_entry","context":"","multiple":false}
[debug] &amp#27;[35m[MJSONWP]&amp#27;[39m Matched JSONWP error code 7 to NoSuchElementError
&amp#27;[35m[MJSONWP]&amp#27;[39m Encountered internal error running command: NoSuchElementError: An element could not be located on the page using the given search parameters.
&amp#27;[35m[MJSONWP]&amp#27;[39m     at AndroidUiautomator2Driver.callee$0$0$ (/usr/local/lib/node_modules/appium/node_modules/appium-android-driver/lib/commands/find&amp#27;[35m[H.js:TTP75]&amp#27;[3:11)
&amp#27;[35m[MJ9mSONWP] &amp#27;&amp#27;[39m     [37at m<-tr- POST /wyCatd/chhub (/u/session/6c033sr/local/lib/nod502-e_modufd88l-4722-es/appium/8b5b-92enode_m91949d1odul61es/babe/l-reluntime/regeneratement &amp#27;[or39m&amp#27;[31m/run500&amp#27;[3time.js:67:40)
9m &amp#27;&amp#27;[35m[MJ[90mSONW21P]&amp#27;[3 ms - 1649m  &amp#27;[3   at Gen9m
era&amp#27;[35tm[HTTP]&amp#27;orF[39m unct&amp#27;[ionPrototype.inv90m&amp#27;[39m
oke [as _invoke] (/usr/local/lib/node_modules/appium/node_modules/babel-runtime/regenerator/runtime.js:315:22)
&amp#27;[35m[MJSONWP]&amp#27;[39m     at GeneratorFunctionPrototype.prototype.(anonymous function) [as throw] (/usr/local/lib/node_modules/appium/node_modules/babel-runtime/regenerator/runtime.js:100:21)
&amp#27;[35m[MJSONWP]&amp#27;[39m     at GeneratorFunctionPrototype.invoke (/usr/local/lib/node_modules/appium/node_modules/babel-runtime/regenerator/runtime.js:136:37)
&amp#27;[35m[HTTP]&amp#27;[39m &amp#27;[37m-->&amp#27;[39m &amp#27;[37mPOST&amp#27;[39m &amp#27;[37m/wd/hub/session/6c033502-fd88-4722-8b5b-92e91949d161/element&amp#27;[39m
&amp#27;[35m[HTTP]&amp#27;[39m &amp#27;[90m{"using":"id","value":"com.Slack:id/next_button_url_entry"}&amp#27;[39m
[debug] &amp#27;[35m[W3C]&amp#27;[39m Calling AppiumDriver.findElement() with args: ["id","com.Slack:id/next_button_url_entry","6c033502-fd88-4722-8b5b-92e91949d161"]
[debug] &amp#27;[35m[BaseDriver]&amp#27;[39m Valid locator strategies for this request: xpath, id, class name, accessibility id, -android uiautomator
[debug] &amp#27;[35m[BaseDriver]&amp#27;[39m Waiting up to 0 ms for condition
[debug] &amp#27;[35m[JSONWP Proxy]&amp#27;[39m Matched '/element' to command name 'findElement'
[debug] &amp#27;[35m[JSONWP Proxy]&amp#27;[39m Proxying [POST /element] to [POST http://localhost:8201/wd/hub/session/5a27c767-9791-4751-872d-2ed612cd606d/element] with body: {"strategy":"id","selector":"com.Slack:id/next_button_url_entry","context":"","multiple":false}
[debug] &amp#27;[35m[MJSONWP]&amp#27;[39m Matched JSONWP error code 7 to NoSuchElementError
&amp#27;[35m[MJSONWP]&amp#27;[39m Encountered internal error running command: NoSuchElementError: An element could not be located on the page using the given search parameters.
&amp#27;[35m[MJSONWP]&amp#27;[39m     at AndroidUiautomator2Driver.callee$0$0$ (/usr/local/lib/node_modules/appium/node_modules/appium-android-driver/lib/commands/find.js:75:11)
&amp#27;[35m[MJSONWP]&amp#27;[3&amp#27;[35m[HTTP9m     at tryCatch (/usr/]&amp#27;local/lib[39m &amp#27;[37m<-- P/node_modules/appium/node_modulesOS/babelT /w-runtime/rd/huegenerator/runtime.js:67:40)
&amp#27;[35m[MJSONWP]&amp#27;b/sessi[3on9m/6c0  3350   a2-fd88-472t 2-8b5b-9Generato2erF91949d161/elunement &amp#27;[39m&amp#27;[31m500&amp#27;c[3ti9m &amp#27;[90m20 ms - on164&amp#27;[39m
&amp#27;[35m[Prototype.invoke [as HTTP]&amp#27;[3_invoke]9m &amp#27;[9 (/us0m&amp#27;[39mr/lo
cal/lib/node_modules/appium/node_modules/babel-runtime/regenerator/runtime.js:315:22)
&amp#27;[35m[MJSONWP]&amp#27;[39m     at GeneratorFunctionPrototype.prototype.(anonymous function) [as throw] (/usr/local/lib/node_modules/appium/node_modules/babel-runtime/regenerator/runtime.js:100:21)
&amp#27;[35m[MJSONWP]&amp#27;[39m     at GeneratorFunctionPrototype.invoke (/usr/local/lib/node_modules/appium/node_modules/babel-runtime/regenerator/runtime.js:136:37)
&amp#27;[35m[HTTP]&amp#27;[39m &amp#27;[37m-->&amp#27;[39m &amp#27;[37mPOST&amp#27;[39m &amp#27;[37m/wd/hub/session/6c033502-fd88-4722-8b5b-92e91949d161/element&amp#27;[39m
&amp#27;[35m[HTTP]&amp#27;[39m &amp#27;[90m{"using":"id","value":"com.Slack:id/next_button_url_entry"}&amp#27;[39m
[debug] &amp#27;[35m[W3C]&amp#27;[39m Calling AppiumDriver.findElement() with args: ["id","com.Slack:id/next_button_url_entry","6c033502-fd88-4722-8b5b-92e91949d161"]
[debug] &amp#27;[35m[BaseDriver]&amp#27;[39m Valid locator strategies for this request: xpath, id, class name, accessibility id, -android uiautomator
[debug] &amp#27;[35m[BaseDriver]&amp#27;[39m Waiting up to 0 ms for condition
[debug] &amp#27;[35m[JSONWP Proxy]&amp#27;[39m Matched '/element' to command name 'findElement'
[debug] &amp#27;[35m[JSONWP Proxy]&amp#27;[39m Proxying [POST /element] to [POST http://localhost:8201/wd/hub/session/5a27c767-9791-4751-872d-2ed612cd606d/element] with body: {"strategy":"id","selector":"com.Slack:id/next_button_url_entry","context":"","multiple":false}
[debug] &amp#27;[35m[MJSONWP]&amp#27;[39m Matched JSONWP error code 7 to NoSuchElementError
&amp#27;[35m[MJSONWP]&amp#27;[39m Encountered internal error running command: NoSuchElementError: An element could not be located on the page using the given search parameters.
&amp#27;[35m[MJSONWP]&amp#27;[39m     at AndroidUiautomator2Driver.callee$0$0$ (/usr/lo&amp#27;[35m[Hcal/lib/node_modules/appium/node_modules/appium-androidTTP]&amp#27;[39m &amp#27;[37m<-- POST /wd/hub/-driver/lib/commands/find.js:75:11)
&amp#27;[35m[MJSONWsesP]&amp#27;[si39on/6c0m     at tryCatch (/usr/local/lib33/n50od2-fd88-4722-8b5b-e_modul92ees/ap91949d161/elemenpium/nt ode_modules/bab&amp#27;[39m&amp#27;[31m5el-r00&amp#27;[untime3/r9m &amp#27;[90egenerator/runtime.jsm2:67:440)
&amp#27;[35m[MJS mONWP]&amp#27;[3s - 1649m     &amp#27;a[3t Genera9m
torFun&amp#27;[ctio35m[HTTnPrototype.inP]&amp#27;[3vo9m &amp#27;[90ke [as _m&amp#27;in[39m
voke] (/usr/local/lib/node_modules/appium/node_modules/babel-runtime/regenerator/runtime.js:315:22)
&amp#27;[35m[MJSONWP]&amp#27;[39m     at GeneratorFunctionPrototype.prototype.(anonymous function) [as throw] (/usr/local/lib/node_modules/appium/node_modules/babel-runtime/regenerator/runtime.js:100:21)
&amp#27;[35m[MJSONWP]&amp#27;[39m     at GeneratorFunctionPrototype.invoke (/usr/local/lib/node_modules/app&amp#27;[iu35m/node_modm[HTTules/babel-runtiP]me/r&amp#27;[39m &amp#27;egener[3at7mor/runt-->&amp#27;[ime.j39m &amp#27;s:136:3[37mPO7)ST&amp#27;[39m &amp#27;[37m/w
d/hub/session/6c033502-fd88-4722-8b5b-92e91949d161/element&amp#27;[39m
&amp#27;[35m[HTTP]&amp#27;[39m &amp#27;[90m{"using":"id","value":"com.Slack:id/next_button_url_entry"}&amp#27;[39m
[debug] &amp#27;[35m[W3C]&amp#27;[39m Calling AppiumDriver.findElement() with args: ["id","com.Slack:id/next_button_url_entry","6c033502-fd88-4722-8b5b-92e91949d161"]
[debug] &amp#27;[35m[BaseDriver]&amp#27;[39m Valid locator strategies for this request: xpath, id, class name, accessibility id, -android uiautomator
[debug] &amp#27;[35m[BaseDriver]&amp#27;[39m Waiting up to 0 ms for condition
[debug] &amp#27;[35m[JSONWP Proxy]&amp#27;[39m Matched '/element' to command name 'findElement'
[debug] &amp#27;[35m[JSONWP Proxy]&amp#27;[39m Proxying [POST /element] to [POST http://localhost:8201/wd/hub/session/5a27c767-9791-4751-872d-2ed612cd606d/element] with body: {"strategy":"id","selector":"com.Slack:id/next_button_url_entry","context":"","multiple":false}
[debug] &amp#27;[35m[MJSONWP]&amp#27;[39m Matched JSONWP error code 7 to NoSuchElementError
&amp#27;[35m[MJSONWP]&amp#27;[39m Encountered internal error running command: NoSuchElementError: An element could not be located on the page using the given search parameters.
&amp#27;[35m[MJSONWP]&amp#27;[39m     at AndroidUiautomator2Driver.callee$0$0$ (/usr/local/lib/node_modules/appium/node_modules/appium-android-driver/lib/commands/find.js:75:11)
&amp#27;[35m[MJSONWP]&amp#27;[39m     at tryCatch (/usr/local/lib/n&amp#27;[35mode_modules[HTTP]&amp#27;[39/appium/nm &amp#27;[37m<--od POST e_/wd/hub/sessimodules/babel-runtime/regenerator/runtime.js:67on/:46c033502-fd80)
&amp#27;8-4722-8b5[35m[Mb-JS92e9ON1949d161/eleWP]&amp#27;[39m     at GeneratorFunctionPrototype.invoke [as _invoke] (/usr/local/lib/node_modules/appium/node_modules/babel-runtime/regenerator/rument &amp#27;ntim[39m&amp#27;[31me.j50s:315:0&amp#27;[3922)
m &amp#27;&amp#27;[35m[MJSON[90m21WP]&amp#27;[39m     at ms  G- 1enerat64or&amp#27;[39mFu
nc&amp#27;[35m[tionProHTTtotypP]&amp#27;[39m &amp#27;[90m&amp#27;[e.protot39m
ype.(anonymous function) [as throw] (/usr/local/lib/node_modules/appium/node_modules/babel-runtime/regenerator/runtime.js:100:21)
&amp#27;[35m[MJSONWP]&amp#27;[39m     at GeneratorFunctionPrototype.invoke (/usr/local/lib/node_modules/appium/node_modules/babel-runtime/regenerator/runtim&amp#27;[35me.js:136:37)
[HTTP]&amp#27;[39m &amp#27;[37m-->&amp#27;[39m &amp#27;[37mPOST&amp#27;[39m &amp#27;[37m/wd/hub/session/6c033502-fd88-4722-8b5b-92e91949d161/element&amp#27;[39m
&amp#27;[35m[HTTP]&amp#27;[39m &amp#27;[90m{"using":"id","value":"com.Slack:id/next_button_url_entry"}&amp#27;[39m
[debug] &amp#27;[35m[W3C]&amp#27;[39m Calling AppiumDriver.findElement() with args: ["id","com.Slack:id/next_button_url_entry","6c033502-fd88-4722-8b5b-92e91949d161"]
[debug] &amp#27;[35m[BaseDriver]&amp#27;[39m Valid locator strategies for this request: xpath, id, class name, accessibility id, -android uiautomator
[debug] &amp#27;[35m[BaseDriver]&amp#27;[39m Waiting up to 0 ms for condition
[debug] &amp#27;[35m[JSONWP Proxy]&amp#27;[39m Matched '/element' to command name 'findElement'
[debug] &amp#27;[35m[JSONWP Proxy]&amp#27;[39m Proxying [POST /element] to [POST http://localhost:8201/wd/hub/session/5a27c767-9791-4751-872d-2ed612cd606d/element] with body: {"strategy":"id","selector":"com.Slack:id/next_button_url_entry","context":"","multiple":false}
[debug] &amp#27;[35m[MJSONWP]&amp#27;[39m Matched JSONWP error code 7 to NoSuchElementError
&amp#27;[35m[MJSONWP]&amp#27;[39m Encountered internal error running command: NoSuchElementError: An element could not be located on the page using the given search parameters.
&amp#27;[35m[MJSONWP]&amp#27;[39m     at AndroidUiautomator2Driver.callee$0$0$ (/usr/local/lib/node_modules/appium/node_modules/appium-android-driver/lib/commands/find.js:75:11)
&amp#27;[&amp#27;[35m[HTTP]&amp#27;[335m[MJS9m &amp#27;ONW[37m<--P] POS&amp#27;[39mT     /wd/hub/sessi aon/6ct tryC033502-fd88-4722-8b5b-9atch (/usr/2e91949d161/element &amp#27;[39local/lib/nodm&amp#27;e_[31m500&amp#27;mo[3dules/appium/n9m &amp#27;od[90me_mo30 mduless -/babel-runtime/regenerator/runtime.j 164&amp#27;[3s:9m67
:40)
&amp#27;[35m[H&amp#27;[35mTT[MJSONWP]&amp#27;P][39m  &amp#27;[39  m &amp#27;[ at Gen90m&amp#27;erator[3Fun9m
ctionPrototype.invoke [as _invoke] (/usr/local/lib/node_modules/appium/node_modules/babel-runtime/regenerator/runtime.js:315:22)
&amp#27;[35m[MJSONWP]&amp#27;[39m     at GeneratorFunctionPrototype.prototype.(anonymous function) [as throw] (/usr/local/lib/node_modules/appium/node_modules/babel-runtime/regenerator/runtime.js:100:21)
&amp#27;[35m[MJSONWP]&amp#27;[39m     at GeneratorFunctionPrototype.invoke (/usr/local/lib/node_modules/appium/node_modules/babel-runtime/regenerator/runtime.js:136:37)
&amp#27;[35m[HTTP]&amp#27;[39m &amp#27;[37m-->&amp#27;[39m &amp#27;[37mPOST&amp#27;[39m &amp#27;[37m/wd/hub/session/6c033502-fd88-4722-8b5b-92e91949d161/element&amp#27;[39m
&amp#27;[35m[HTTP]&amp#27;[39m &amp#27;[90m{"using":"id","value":"com.Slack:id/next_button_url_entry"}&amp#27;[39m
[debug] &amp#27;[35m[W3C]&amp#27;[39m Calling AppiumDriver.findElement() with args: ["id","com.Slack:id/next_button_url_entry","6c033502-fd88-4722-8b5b-92e91949d161"]
[debug] &amp#27;[35m[BaseDriver]&amp#27;[39m Valid locator strategies for this request: xpath, id, class name, accessibility id, -android uiautomator
[debug] &amp#27;[35m[BaseDriver]&amp#27;[39m Waiting up to 0 ms for condition
[debug] &amp#27;[35m[JSONWP Proxy]&amp#27;[39m Matched '/element' to command name 'findElement'
[debug] &amp#27;[35m[JSONWP Proxy]&amp#27;[39m Proxying [POST /element] to [POST http://localhost:8201/wd/hub/session/5a27c767-9791-4751-872d-2ed612cd606d/element] with body: {"strategy":"id","selector":"com.Slack:id/next_button_url_entry","context":"","multiple":false}
[debug] &amp#27;[35m[MJSONWP]&amp#27;[39m Matched JSONWP error code 7 to NoSuchElementError
&amp#27;[35m[MJSONWP]&amp#27;[39m Encountered internal error running command: NoSuchElementError: An element could not be located on the page using the given search parameters.
&amp#27;[35m[MJSONWP]&amp#27;[39m     at AndroidUiautomator2Driver.callee$0$0$ (/usr/loc&amp#27;[3al/5mlib/no[HTTPde_modu]&amp#27;[39m &amp#27;[les/appium/no37m<-- POST de_m/wodules/appd/huiub/sesm-andrsionoid-/6c033driver/502-flid88-4722-8b/b5b-9co2emm9194and9d1s/f61/element &amp#27;[39m&amp#27;[31m50ind.js:75:11)
&amp#27;[35m[MJSONWP]&amp#27;[39m     at 0&amp#27;[39m &amp#27;[tryC90m22 ms - 164&amp#27;[atc39m
h (&amp#27;[3/u5m[HTTP]&amp#27;[39m &amp#27;[90sr/locm&amp#27;al/lib/n[39m
ode_modules/appium/node_modules/babel-runtime/regenerator/runtime.js:67:40)
&amp#27;[35m[MJSONWP]&amp#27;[39m     at GeneratorFunctionPrototype.invoke [as _invoke] (/usr/local/lib/node_modules/appium/node_modules/babel-runtime/regenerator/runtime.js:315:22)
&amp#27;[35m[MJSONWP]&amp#27;[39m     at GeneratorFunctionPrototype.prototype.(anonymous function) [as throw] (/usr/local/lib/node_modules/appium/node_modules/babel-runtime/regenerator/runtime.js:100:21)
&amp#27;[35m[MJSONWP]&amp#27;[39m     at GeneratorFunctionPrototype&amp#27;[35.inm[voke (/HTusr/locTPal]&amp#27;[3/li9m &amp#27;[3b/no7mde_modu-->&amp#27;les/a[3ppiu9m &amp#27;m/node_modules/babel-r[3un7mPOStiT&amp#27;[3me/reg9m &amp#27;[37m/weneratd/hub/sesor/runtime.js:136:37sio)
n/6c033502-fd88-4722-8b5b-92e91949d161/element&amp#27;[39m
&amp#27;[35m[HTTP]&amp#27;[39m &amp#27;[90m{"using":"id","value":"com.Slack:id/next_button_url_entry"}&amp#27;[39m
[debug] &amp#27;[35m[W3C]&amp#27;[39m Calling AppiumDriver.findElement() with args: ["id","com.Slack:id/next_button_url_entry","6c033502-fd88-4722-8b5b-92e91949d161"]
[debug] &amp#27;[35m[BaseDriver]&amp#27;[39m Valid locator strategies for this request: xpath, id, class name, accessibility id, -android uiautomator
[debug] &amp#27;[35m[BaseDriver]&amp#27;[39m Waiting up to 0 ms for condition
[debug] &amp#27;[35m[JSONWP Proxy]&amp#27;[39m Matched '/element' to command name 'findElement'
[debug] &amp#27;[35m[JSONWP Proxy]&amp#27;[39m Proxying [POST /element] to [POST http://localhost:8201/wd/hub/session/5a27c767-9791-4751-872d-2ed612cd606d/element] with body: {"strategy":"id","selector":"com.Slack:id/next_button_url_entry","context":"","multiple":false}
[debug] &amp#27;[35m[MJSONWP]&amp#27;[39m Matched JSONWP error code 7 to NoSuchElementError
&amp#27;[35m[MJSONWP]&amp#27;[39m Encountered internal error running command: NoSuchElementError: An element could not be located on the page using the given search parameters.
&amp#27;[35m[MJSONWP]&amp#27;[39m     at AndroidUiautomator2Driver.callee$0$0$ (/usr/local/lib/node_modules/appium/node_modules/appium-androi&amp#27;[35m[HTTP]&amp#27;[3d-9mdriver &amp#27;/lib[37/cm<ommand-- s/fiPOnd.js:75:11)
&amp#27;[35m[STMJSONWP]&amp#27;[39m     /w at td/hubryCatch (/usr/local//sessionlib/6c033502-fd88-4722-8b5b-92e91949d161/ele/nodemen_modules/appium/nt &amp#27;[39m&amp#27;ode_mod[31ules/babel-runtim500&amp#27;[39m &amp#27;[90me/regeneratom21 ms r/runtime.js:67:40)
&amp#27;[35m[MJSONWP]&amp#27;[39m  - 164&amp#27;[3  9m
 a&amp#27;[3t Generato5m[HTrFTP]&amp#27;[39m &amp#27;[90m&amp#27;[39munctionProto
type.invoke [as _invoke] (/usr/local/lib/node_modules/appium/node_modules/babel-runtime/regenerator/runtime.js:315:22)
&amp#27;[35m[MJSONWP]&amp#27;[39m     at GeneratorFunctionPrototype.prototype.(anonymous function) [as throw] (/usr/local/lib/node_modules/appium/node_modules/babel-runtime/regenerator/runtime.js:100:21)
&amp#27;[35m[MJSONWP]&amp#27;[39m     at GeneratorFunctionPrototype.invoke (/usr/local/lib/node_modules/appium/node_modules/babel-runtime/regenerator/runtime.js:136:37)
&amp#27;[35m[HTTP]&amp#27;[39m &amp#27;[37m-->&amp#27;[39m &amp#27;[37mPOST&amp#27;[39m &amp#27;[37m/wd/hub/session/6c033502-fd88-4722-8b5b-92e91949d161/element&amp#27;[39m
&amp#27;[35m[HTTP]&amp#27;[39m &amp#27;[90m{"using":"id","value":"com.Slack:id/next_button_url_entry"}&amp#27;[39m
[debug] &amp#27;[35m[W3C]&amp#27;[39m Calling AppiumDriver.findElement() with args: ["id","com.Slack:id/next_button_url_entry","6c033502-fd88-4722-8b5b-92e91949d161"]
[debug] &amp#27;[35m[BaseDriver]&amp#27;[39m Valid locator strategies for this request: xpath, id, class name, accessibility id, -android uiautomator
[debug] &amp#27;[35m[BaseDriver]&amp#27;[39m Waiting up to 0 ms for condition
[debug] &amp#27;[35m[JSONWP Proxy]&amp#27;[39m Matched '/element' to command name 'findElement'
[debug] &amp#27;[35m[JSONWP Proxy]&amp#27;[39m Proxying [POST /element] to [POST http://localhost:8201/wd/hub/session/5a27c767-9791-4751-872d-2ed612cd606d/element] with body: {"strategy":"id","selector":"com.Slack:id/next_button_url_entry","context":"","multiple":false}
[debug] &amp#27;[35m[MJSONWP]&amp#27;[39m Matched JSONWP error code 7 to NoSuchElementError
&amp#27;[35m[MJSONWP]&amp#27;[39m Encountered internal error running command: NoSuchElementError: An element could not be located on the page using the given search parameters.
&amp#27;[35m[MJSONWP]&amp#27;[39m     at AndroidUiautomator2Driver.callee$0$0$ (/usr/local/lib/node_modules/appium/node_modules/appium&amp#27;[35-android-driver/lib/commands/finm[HTTd.js:75:11)
&amp#27;[35m[MJP]&amp#27;[39m SONW&amp#27;[37m<-- PP]&amp#27;[39m    OST /wd/hub/s at tryCesatsion/ch (6c0/u33502sr-fd88/local/lib/no-4722-8b5de_modules/appium/b-92e91949dnode161/element &amp#27;[39m&amp#27;[_modules/babel-runtime/regenerator/runtime.js:67:40)
31m500&amp#27;[39m &amp#27;[90m21 ms - 16&amp#27;[35m4&amp#27;[39m
[MJ&amp#27;[SONWP]&amp#27;[39m35m[HTTP]&amp#27;[39m     at GeneratorFunctionPrototype.invoke [as _invoke &amp#27;[90m&amp#27;[39m
] (/usr/local/lib/node_modules/appium/node_modules/babel-runtime/regenerator/runtime.js:315:22)
&amp#27;[35m[MJSONWP]&amp#27;[39m     at GeneratorFunctionPrototype.prototype.(anonymous function) [as throw] (/usr/local/lib/node_modules/appium/node_modules/babel-runtime/regenerator/runtime.js:100:21)
&amp#27;[35m[MJSONWP]&amp#27;[39m     at GeneratorFunctionPrototype.invoke (/usr/local/lib/node_modules/appium/node_modules/babel-runtime/regenerator/runtime.js:136:37)
&amp#27;[35m[HTTP]&amp#27;[39m &amp#27;[37m-->&amp#27;[39m &amp#27;[37mPOST&amp#27;[39m &amp#27;[37m/wd/hub/session/6c033502-fd88-4722-8b5b-92e91949d161/element&amp#27;[39m
&amp#27;[35m[HTTP]&amp#27;[39m &amp#27;[90m{"using":"id","value":"com.Slack:id/next_button_url_entry"}&amp#27;[39m
[debug] &amp#27;[35m[W3C]&amp#27;[39m Calling AppiumDriver.findElement() with args: ["id","com.Slack:id/next_button_url_entry","6c033502-fd88-4722-8b5b-92e91949d161"]
[debug] &amp#27;[35m[BaseDriver]&amp#27;[39m Valid locator strategies for this request: xpath, id, class name, accessibility id, -android uiautomator
[debug] &amp#27;[35m[BaseDriver]&amp#27;[39m Waiting up to 0 ms for condition
[debug] &amp#27;[35m[JSONWP Proxy]&amp#27;[39m Matched '/element' to command name 'findElement'
[debug] &amp#27;[35m[JSONWP Proxy]&amp#27;[39m Proxying [POST /element] to [POST http://localhost:8201/wd/hub/session/5a27c767-9791-4751-872d-2ed612cd606d/element] with body: {"strategy":"id","selector":"com.Slack:id/next_button_url_entry","context":"","multiple":false}
[debug] &amp#27;[35m[MJSONWP]&amp#27;[39m Matched JSONWP error code 7 to NoSuchElementError
&amp#27;[35m[MJSONWP]&amp#27;[39m Encountered internal error running command: NoSuchElementError: An element could not be located on the page using the given search parameters.
&amp#27;[35m[MJSONWP]&amp#27;[39m     at Andro&amp#27;[35m[HTTP]&amp#27;idUiautom[3at9m &amp#27;[37m<--or2Driver.c PalOST /lewd/hub/se$es0$0sion/6$ (/c0usr/lo33502-fcal/lib/node_modules/appiud8m/node_mo8-4722-8b5b-92e91949d161/element &amp#27;[39m&amp#27;[31m500&amp#27;[dules/appium-androi39m &amp#27;[90m18 ms - 164&amp#27;[39m
d&amp#27;[35m[H-dTTP]river/lib/c&amp#27;[39m &amp#27;[90m&amp#27;[39m
ommands/find.js:75:11)
&amp#27;[35m[MJSONWP]&amp#27;[39m     at tryCatch (/usr/local/lib/node_modules/appium/node_modules/babel-runtime/regenerator/runtime.js:67:40)
&amp#27;[35m[MJSONWP]&amp#27;[39m     at GeneratorFunctionPrototype.invoke [as _invoke] (/usr/local/lib/node_modules/appium/node_modules/babel-runtime/regenerator/runtime.js:315:22)
&amp#27;[35m[MJSONWP]&amp#27;[39m     at GeneratorFunctionPrototype.prototype.(anonymous function) [as throw] (/usr/local/lib/node_modules/appium/node_modules/babel-runtime/regenerator/ru&amp#27;[35m[HTTPntime.j]&amp#27;[39ms:10 &amp#27;[370:21m-)
&amp#27;[35m[MJSONW->&amp#27;[39m &amp#27;[37mPOST&amp#27;[39m &amp#27;[37m/wd/hub/session/6c033502-fd88P]&amp#27;[39m -4    at Gen722-8b5b-92e91949d161/element&amp#27;[39m
&amp#27;[35m[HTTP]&amp#27;[39m &amp#27;[90m{"useratorFing":"id","vaunctlue":"coionPrototype.invoke (/usr/locm.Slack:id/al/lib/next_node_modules/appium/node_modulbutton_url_entry"}&amp#27;[39m
[debug] &amp#27;[35m[W3C]&amp#27;[39m Calling AppiumDriver.findElement() with esar/bags:be ["l-runtime/regenerator/runtime.jid"s:136:37),"com.Slack:id
/next_button_url_entry","6c033502-fd88-4722-8b5b-92e91949d161"]
[debug] &amp#27;[35m[BaseDriver]&amp#27;[39m Valid locator strategies for this request: xpath, id, class name, accessibility id, -android uiautomator
[debug] &amp#27;[35m[BaseDriver]&amp#27;[39m Waiting up to 0 ms for condition
[debug] &amp#27;[35m[JSONWP Proxy]&amp#27;[39m Matched '/element' to command name 'findElement'
[debug] &amp#27;[35m[JSONWP Proxy]&amp#27;[39m Proxying [POST /element] to [POST http://localhost:8201/wd/hub/session/5a27c767-9791-4751-872d-2ed612cd606d/element] with body: {"strategy":"id","selector":"com.Slack:id/next_button_url_entry","context":"","multiple":false}
[debug] &amp#27;[35m[MJSONWP]&amp#27;[39m Matched JSONWP error code 7 to NoSuchElementError
&amp#27;[35m[MJSONWP]&amp#27;[39m Encountered internal error running command: NoSuchElementError: An element could not be located on the page using the given search parameters.
&amp#27;[35m[MJSONWP]&amp#27;[39m     at AndroidUiautomator2Driver.callee$0$0$ (/usr/local/lib/node_modules/appium/node_modules/appium-android-driver/lib/commands/f&amp#27;[35min[Hd.js:75TTP]&amp#27;[39:11)
&amp#27;[35m &amp#27;[3m[7m<-- POST /wd/hub/sessionMJSON/6cWP]&amp#27;[39m     at tr03yCatch (35/usr/l02ocal-f/lib/node_modules/appium/node_moduled88-47s/babel-22-8b5b-runtime/regenerator/runtime.js:67:40)
&amp#27;[392e91949d5m161/element[MJSONWP]&amp#27;[ &amp#27;[39m&amp#27;[31m500&amp#27;[39m &amp#27;[90m22 ms - 164&amp#27;[39m
39m     at GeneratorF&amp#27;[unctionPrototype.invoke [as _invoke] (/usr/local/lib/n35ode_modum[HTTP]&amp#27;[39les/am &amp#27;ppium/nod[9e_mod0ules/bam&amp#27;bel-runt[39m
ime/regenerator/runtime.js:315:22)
&amp#27;[35m[MJSONWP]&amp#27;[39m     at GeneratorFunctionPrototype.prototype.(anonymous function) [as throw] (/usr/local/lib/node_modules/appium/node_modules/babel-runtime/regenerator/runtime.js:100:21)
&amp#27;[35m[MJSONWP]&amp#27;[39m     at GeneratorFunctionPrototype.invoke (/usr/local/lib/node_modules/appium/node_modules/babel-runtime/regenerator/runtim&amp#27;[35m[HTTP]&amp#27;[39m &amp#27;[37m-->&amp#27;[39m &amp#27;[37mPOST&amp#27;[39m &amp#27;e.js:136:37)
[37m/wd/hub/session/6c033502-fd88-4722-8b5b-92e91949d161/element&amp#27;[39m
&amp#27;[35m[HTTP]&amp#27;[39m &amp#27;[90m{"using":"id","value":"com.Slack:id/next_button_url_entry"}&amp#27;[39m
[debug] &amp#27;[35m[W3C]&amp#27;[39m Calling AppiumDriver.findElement() with args: ["id","com.Slack:id/next_button_url_entry","6c033502-fd88-4722-8b5b-92e91949d161"]
[debug] &amp#27;[35m[BaseDriver]&amp#27;[39m Valid locator strategies for this request: xpath, id, class name, accessibility id, -android uiautomator
[debug] &amp#27;[35m[BaseDriver]&amp#27;[39m Waiting up to 0 ms for condition
[debug] &amp#27;[35m[JSONWP Proxy]&amp#27;[39m Matched '/element' to command name 'findElement'
[debug] &amp#27;[35m[JSONWP Proxy]&amp#27;[39m Proxying [POST /element] to [POST http://localhost:8201/wd/hub/session/5a27c767-9791-4751-872d-2ed612cd606d/element] with body: {"strategy":"id","selector":"com.Slack:id/next_button_url_entry","context":"","multiple":false}
[debug] &amp#27;[35m[MJSONWP]&amp#27;[39m Matched JSONWP error code 7 to NoSuchElementError
&amp#27;[35m[MJSONWP]&amp#27;[39m Encountered internal error running command: NoSuchElementError: An element could not be located on the page using the given search parameters.
&amp#27;[35m[MJSONWP]&amp#27;[39m     at AndroidUiautomator2Driver.callee$0$0$ (/usr/local/lib/node_modules/appium/node_modules/appium-android-driver/lib/commands/find.js:75:11)
&amp#27;[35m[MJSONWP]&amp#27;[39m     at tryCatch (/usr/local/lib/node_modules/appium/no&amp#27;[35m[HTTP]&amp#27;[39m &amp#27;[37m<-- POST /wd/hub/session/6c033502-de_modules/babel-runtimfd88-4722-8b5b-92e91949d161/element &amp#27;[39m&amp#27;[31m500&amp#27;[39m &amp#27;[90m19 ms - 164&amp#27;[39m
&amp#27;[35m[HTTP]&amp#27;[e/regenerator/runtime39m.js:67:40)
&amp#27;[35m[MJSONWP]&amp#27;[39m     at Gene &amp#27;ratorFunctionPrototy[90m&amp#27;[39m
pe.invoke [as _invoke] (/usr/local/lib/node_modules/appium/node_modules/babel-runtime/regenerator/runtime.js:315:22)
&amp#27;[35m[MJSONWP]&amp#27;[39m     at GeneratorFunctionPrototype.prototype.(anonymous function) [as throw] (/usr/local/lib/node_modules/appium/node_modules/babel-runtime/regenerator/runtime.js:100:21)
&amp#27;[35m[MJSONWP]&amp#27;[39m     at GeneratorFunctionPrototype.invoke (/usr/local/lib/node_modules/appium/node_modules/babel-runtime/regenerator/runtime.js:136:37)
&amp#27;[35m[HTTP]&amp#27;[39m &amp#27;[37m-->&amp#27;[39m &amp#27;[37mPOST&amp#27;[39m &amp#27;[37m/wd/hub/session/6c033502-fd88-4722-8b5b-92e91949d161/element&amp#27;[39m
&amp#27;[35m[HTTP]&amp#27;[39m &amp#27;[90m{"using":"id","value":"com.Slack:id/next_button_url_entry"}&amp#27;[39m
[debug] &amp#27;[35m[W3C]&amp#27;[39m Calling AppiumDriver.findElement() with args: ["id","com.Slack:id/next_button_url_entry","6c033502-fd88-4722-8b5b-92e91949d161"]
[debug] &amp#27;[35m[BaseDriver]&amp#27;[39m Valid locator strategies for this request: xpath, id, class name, accessibility id, -android uiautomator
[debug] &amp#27;[35m[BaseDriver]&amp#27;[39m Waiting up to 0 ms for condition
[debug] &amp#27;[35m[JSONWP Proxy]&amp#27;[39m Matched '/element' to command name 'findElement'
[debug] &amp#27;[35m[JSONWP Proxy]&amp#27;[39m Proxying [POST /element] to [POST http://localhost:8201/wd/hub/session/5a27c767-9791-4751-872d-2ed612cd606d/element] with body: {"strategy":"id","selector":"com.Slack:id/next_button_url_entry","context":"","multiple":false}
[debug] &amp#27;[35m[MJSONWP]&amp#27;[39m Matched JSONWP error code 7 to NoSuchElementError
&amp#27;[35m[MJSONWP]&amp#27;[39m Encountered internal error running command: NoSuchElementError: An element could not be located on the page using the given search parameters.
&amp#27;[35m[MJSONWP]&amp#27;[39m     at AndroidUiautomator2Driver.callee$0$0$ (/usr/local/lib/node_modules/appium/node_modules/appium-android-driver/lib/commands/find.js:75:11)
&amp#27;[35m[MJSONWP]&amp#27;[39m     at tryCatch (/u&amp#27;[sr/local/lib/node_modules/appium/node_modul35mes[HTT/bP]&amp#27;[39m &amp#27;[3ab7m<--el-ru POST /wd/hub/sentime/regenerator/ssioruntime.js:67:40n/)
&amp#27;[6c35033502-fdm[M88-47JSON22-8b5bWP]&amp#27;[39m     at-92e9 GeneratorFunctionP1949d161/erototype.inlevoke [asmen _invot &amp#27;[39mke&amp#27;[] (/usr/31local/m5lib/node00&amp#27;[39_modules/appium/m &amp#27;[node_modul90m19es/babel ms -runtime/regenera- tor/ru164&amp#27;ntime[39m
.j&amp#27;[35m[HTTP]&amp#27;[39ms:315:22)
 &amp#27;[90m&amp#27;[39&amp#27;[m
35m[MJSONWP]&amp#27;[39m     at GeneratorFunctionPrototype.prototype.(anonymous function) [as throw] (/usr/local/lib/node_modules/appium/node_modules/babel-runtime/regenerator/runtime.js:100:21)
&amp#27;[35m[MJSONWP]&amp#27;[39m     at GeneratorFunctionPrototype.invoke (/usr/local/lib/node_modules/appium/node_modules/babel-runtime/regenerator/runtime.js:136:37)
&amp#27;[35m[HTTP]&amp#27;[39m &amp#27;[37m-->&amp#27;[39m &amp#27;[37mPOST&amp#27;[39m &amp#27;[37m/wd/hub/session/6c033502-fd88-4722-8b5b-92e91949d161/element&amp#27;[39m
&amp#27;[35m[HTTP]&amp#27;[39m &amp#27;[90m{"using":"id","value":"com.Slack:id/next_button_url_entry"}&amp#27;[39m
[debug] &amp#27;[35m[W3C]&amp#27;[39m Calling AppiumDriver.findElement() with args: ["id","com.Slack:id/next_button_url_entry","6c033502-fd88-4722-8b5b-92e91949d161"]
[debug] &amp#27;[35m[BaseDriver]&amp#27;[39m Valid locator strategies for this request: xpath, id, class name, accessibility id, -android uiautomator
[debug] &amp#27;[35m[BaseDriver]&amp#27;[39m Waiting up to 0 ms for condition
[debug] &amp#27;[35m[JSONWP Proxy]&amp#27;[39m Matched '/element' to command name 'findElement'
[debug] &amp#27;[35m[JSONWP Proxy]&amp#27;[39m Proxying [POST /element] to [POST http://localhost:8201/wd/hub/session/5a27c767-9791-4751-872d-2ed612cd606d/element] with body: {"strategy":"id","selector":"com.Slack:id/next_button_url_entry","context":"","multiple":false}
[debug] &amp#27;[35m[MJSONWP]&amp#27;[39m Matched JSONWP error code 7 to NoSuchElementError
&amp#27;[35m[MJSONWP]&amp#27;[39m Encountered internal error running command: NoSuchElementError: An element could not be located on the page using the given search parameters.
&amp#27;[35m[MJSONWP]&amp#27;[39m     at AndroidUiautomator2Driver.callee$0$0$ (/usr/local/lib/node_modules/appium/node_modules/appium-android-driver/lib/comma&amp#27;[35mnds/find.js:75:11)
&amp#27;[35m[HTTP]&amp#27;[MJSONWP[39m &amp#27;[37m<-- ]&amp#27;[P39m   OST /wd/hub/session/6c033502-fd88-4  72at tr2-yCatch (/usr/local/lib/node_mod8b5b-9ules/appium/node_modules/b2e91949d161/element &amp#27;[39m&amp#27;[31m500&amp#27;[39m &amp#27;[90m31 ms - 164&amp#27;[39m
&amp#27;[35m[HTTP]abel-runtime/regenerator/runtime.js:67:40)
&amp#27;[35m[MJSONWP]&amp#27;[39m   &amp#27;[39m &amp#27;[90m&amp#27;[39m
  at GeneratorFunctionPrototype.invoke [as _invoke] (/usr/local/lib/node_modules/appium/node_modules/babel-runtime/regenerator/runtime.js:315:22)
&amp#27;[35m[MJSONWP]&amp#27;[39m     at GeneratorFunctionPrototype.prototype.(anonymous function) [as throw] (/usr/local/lib/node_modules/appium/node_modules/babel-runtime/regenerator/runtime.js:100:21)
&amp#27;[35m[MJSONWP]&amp#27;[39m     at GeneratorFunctionPrototype.invoke (/usr/local/lib/node_modules/appium/node_modules/babel-runtime/regenerator/runtime.js:136:37)
&amp#27;[35m[HTTP]&amp#27;[39m &amp#27;[37m-->&amp#27;[39m &amp#27;[37mPOST&amp#27;[39m &amp#27;[37m/wd/hub/session/6c033502-fd88-4722-8b5b-92e91949d161/element&amp#27;[39m
&amp#27;[35m[HTTP]&amp#27;[39m &amp#27;[90m{"using":"id","value":"com.Slack:id/next_button_url_entry"}&amp#27;[39m
[debug] &amp#27;[35m[W3C]&amp#27;[39m Calling AppiumDriver.findElement() with args: ["id","com.Slack:id/next_button_url_entry","6c033502-fd88-4722-8b5b-92e91949d161"]
[debug] &amp#27;[35m[BaseDriver]&amp#27;[39m Valid locator strategies for this request: xpath, id, class name, accessibility id, -android uiautomator
[debug] &amp#27;[35m[BaseDriver]&amp#27;[39m Waiting up to 0 ms for condition
[debug] &amp#27;[35m[JSONWP Proxy]&amp#27;[39m Matched '/element' to command name 'findElement'
[debug] &amp#27;[35m[JSONWP Proxy]&amp#27;[39m Proxying [POST /element] to [POST http://localhost:8201/wd/hub/session/5a27c767-9791-4751-872d-2ed612cd606d/element] with body: {"strategy":"id","selector":"com.Slack:id/next_button_url_entry","context":"","multiple":false}
[debug] &amp#27;[35m[MJSONWP]&amp#27;[39m Matched JSONWP error code 7 to NoSuchElementError
&amp#27;[35m[MJSONWP]&amp#27;[39m Encountered internal error running command: NoSuchElementError: An element could not be located on the page using the given search parameters.
&amp#27;[35m[MJSONWP]&amp#27;[39m     at AndroidUiautomator2Driver.callee$0$0$ (/usr/local/lib/n&amp#27;[35mode_modules/appium/node_modules/ap[HTTP]&amp#27;[39m &amp#27;[37m<-- POSpium-androT /wid-driver/lib/commandd/hub/session/s/f6c03350ind.js:75:11)
&amp#27;[35m[MJSONWP]&amp#27;[39m  2-fd88-4722-8b5b-92e9194  9d at tryCatch (/us161/r/elemenlocal/lib/not &amp#27;[39m&amp#27;[31m500&amp#27;[39m &amp#27;[de_90m23 ms - 164&amp#27;[39m
&amp#27;[35m[HTTP]&amp#27;[39m &amp#27;[90m&amp#27;[39modules/appium
m/node_modules/babel-runtime/regenerator/runtime.js:67:40)
&amp#27;[35m[MJSONWP]&amp#27;[39m     at GeneratorFunctionPrototype.invoke [as _invoke] (/usr/local/lib/node_modules/appium/node_modules/babel-runtime/regenerator/runtime.js:315:22)
&amp#27;[35m[MJSONWP]&amp#27;[39m     at GeneratorFunctionPrototype.prototype.(anonymous function) [as throw] (/usr/local/lib/node_modules/appium/node_modules/babel-runtime/regenerator/runtime.js:100:21)
&amp#27;[35m[MJSONWP]&amp#27;[39m     at GeneratorFunctionPrototype.invoke (/usr/local/lib/node_modules/appium/node_modules/babel-runtime/regenerator/runtime.js:136:37)
&amp#27;[35m[HTTP]&amp#27;[39m &amp#27;[37m-->&amp#27;[39m &amp#27;[37mPOST&amp#27;[39m &amp#27;[37m/wd/hub/session/6c033502-fd88-4722-8b5b-92e91949d161/element&amp#27;[39m
&amp#27;[35m[HTTP]&amp#27;[39m &amp#27;[90m{"using":"id","value":"com.Slack:id/next_button_url_entry"}&amp#27;[39m
[debug] &amp#27;[35m[W3C]&amp#27;[39m Calling AppiumDriver.findElement() with args: ["id","com.Slack:id/next_button_url_entry","6c033502-fd88-4722-8b5b-92e91949d161"]
[debug] &amp#27;[35m[BaseDriver]&amp#27;[39m Valid locator strategies for this request: xpath, id, class name, accessibility id, -android uiautomator
[debug] &amp#27;[35m[BaseDriver]&amp#27;[39m Waiting up to 0 ms for condition
[debug] &amp#27;[35m[JSONWP Proxy]&amp#27;[39m Matched '/element' to command name 'findElement'
[debug] &amp#27;[35m[JSONWP Proxy]&amp#27;[39m Proxying [POST /element] to [POST http://localhost:8201/wd/hub/session/5a27c767-9791-4751-872d-2ed612cd606d/element] with body: {"strategy":"id","selector":"com.Slack:id/next_button_url_entry","context":"","multiple":false}
[debug] &amp#27;[35m[MJSONWP]&amp#27;[39m Matched JSONWP error code 7 to NoSuchElementError
&amp#27;[35m[MJSONWP]&amp#27;[39m Encountered internal error running command: NoSuchElementError: An element could not be located on the page using the given search parameters.
&amp#27;[35m[MJSONWP]&amp#27;[39m     at AndroidUiautomator2Driver.callee$&amp#27;[35m[HTTP]&amp#27;[39m &amp#27;[37m<-- P0$0$ OST /wd/hub/session/6c033502-fd88-4722-8b5b-92e91949d161/element &amp#27;[39m&amp#27;[31m500&amp#27;[39m &amp#27;[90m(/16usr/ ms - 164&amp#27;[39m
&amp#27;[35m[HTTP]&amp#27;[39mlocal/lib/node_module &amp#27;[9s/a0m&amp#27;[39m
ppium/node_modules/appium-android-driver/lib/commands/find.js:75:11)
&amp#27;[35m[MJSONWP]&amp#27;[39m     at tryCatch (/usr/local/lib/node_modules/appium/node_modules/babel-runtime/regenerator/runtime.js:67:40)
&amp#27;[35m[MJSONWP]&amp#27;[39m     at GeneratorFunctionPrototype.invoke [as _invoke] (/usr/local/lib/node_modules/appium/node_modules/babel-runtime/regenerator/runtime.js:315:22)
&amp#27;[35m[MJSONWP]&amp#27;[39m     at GeneratorFunctionPrototype.prototype.(anonymous function) [as throw] (/usr/local/lib/node_modules/appium/node_modules/babel-runtime/regenerator/runtime.js:100:21)
&amp#27;[35m[MJSONWP]&amp#27;[39m     at GeneratorFunctionPrototype.invoke (/usr/local/lib/node_modules/appium/node_modules/babel-runtime/regenerator/runtime.js:136:37)
&amp#27;[35m[HTTP]&amp#27;[39m &amp#27;[37m-->&amp#27;[39m &amp#27;[37mPOST&amp#27;[39m &amp#27;[37m/wd/hub/session/6c033502-fd88-4722-8b5b-92e91949d161/element&amp#27;[39m
&amp#27;[35m[HTTP]&amp#27;[39m &amp#27;[90m{"using":"id","value":"com.Slack:id/next_button_url_entry"}&amp#27;[39m
[debug] &amp#27;[35m[W3C]&amp#27;[39m Calling AppiumDriver.findElement() with args: ["id","com.Slack:id/next_button_url_entry","6c033502-fd88-4722-8b5b-92e91949d161"]
[debug] &amp#27;[35m[BaseDriver]&amp#27;[39m Valid locator strategies for this request: xpath, id, class name, accessibility id, -android uiautomator
[debug] &amp#27;[35m[BaseDriver]&amp#27;[39m Waiting up to 0 ms for condition
[debug] &amp#27;[35m[JSONWP Proxy]&amp#27;[39m Matched '/element' to command name 'findElement'
[debug] &amp#27;[35m[JSONWP Proxy]&amp#27;[39m Proxying [POST /element] to [POST http://localhost:8201/wd/hub/session/5a27c767-9791-4751-872d-2ed612cd606d/element] with body: {"strategy":"id","selector":"com.Slack:id/next_button_url_entry","context":"","multiple":false}
[debug] &amp#27;[35m[MJSONWP]&amp#27;[39m Matched JSONWP error code 7 to NoSuchElementError
&amp#27;[35m[MJSONWP]&amp#27;[39m Encountered internal error running command: NoSuchElementError: An element could not be located on the page using the given search parameters.
&amp#27;[35m[MJSONWP]&amp#27;[39m     at AndroidUiautomator2Driver.callee$0$0$ (/usr/local/lib/node_modules/appium/node_modules/appi&amp#27;[35m[um-android-dHTriver/lib/commands/find.js:75:11)
&amp#27;[35m[MJSONWP]&amp#27;[39m     at tryCatch (/usr/local/lib/node_modules/appium/TP]&amp#27;[39mnode_m &amp#27;odules/babel-runtime/rege[37m<-- POST /wd/hub/session/6c0335nerator/runtime.js:67:40)
&amp#27;[35m[MJSONWP]&amp#27;[39m     at02-f Generatd88-4722-8b5b-92e91949d161/element &amp#27;[39m&amp#27;[31m500&amp#27;[39m orFun&amp#27;[90m23 ms - 164&amp#27;[39ctm
ionP&amp#27;[35m[HTTP]&amp#27;[39m &amp#27;[90m&amp#27;[39m
rototype.invoke [as _invoke] (/usr/local/lib/node_modules/appium/node_modules/babel-runtime/regenerator/runtime.js:315:22)
&amp#27;[35m[MJSONWP]&amp#27;[39m     at GeneratorFunctionPrototype.prototype.(anonymous function) [as throw] (/usr/local/lib/node_modules/appium/node_modules/babel-runtime/regenerator/runtime.js:100:21)
&amp#27;[35m[MJSONWP]&amp#27;[39m     at GeneratorFunctionPrototype.invoke (/usr/local/lib/node_modules/appium/node_modules/babel-runtime/regenerator/runtime.js:136:37)
&amp#27;[35m[HTTP]&amp#27;[39m &amp#27;[37m-->&amp#27;[39m &amp#27;[37mPOST&amp#27;[39m &amp#27;[37m/wd/hub/session/6c033502-fd88-4722-8b5b-92e91949d161/element&amp#27;[39m
&amp#27;[35m[HTTP]&amp#27;[39m &amp#27;[90m{"using":"id","value":"com.Slack:id/next_button_url_entry"}&amp#27;[39m
[debug] &amp#27;[35m[W3C]&amp#27;[39m Calling AppiumDriver.findElement() with args: ["id","com.Slack:id/next_button_url_entry","6c033502-fd88-4722-8b5b-92e91949d161"]
[debug] &amp#27;[35m[BaseDriver]&amp#27;[39m Valid locator strategies for this request: xpath, id, class name, accessibility id, -android uiautomator
[debug] &amp#27;[35m[BaseDriver]&amp#27;[39m Waiting up to 0 ms for condition
[debug] &amp#27;[35m[JSONWP Proxy]&amp#27;[39m Matched '/element' to command name 'findElement'
[debug] &amp#27;[35m[JSONWP Proxy]&amp#27;[39m Proxying [POST /element] to [POST http://localhost:8201/wd/hub/session/5a27c767-9791-4751-872d-2ed612cd606d/element] with body: {"strategy":"id","selector":"com.Slack:id/next_button_url_entry","context":"","multiple":false}
[debug] &amp#27;[35m[MJSONWP]&amp#27;[39m Matched JSONWP error code 7 to NoSuchElementError
&amp#27;[35m[MJSONWP]&amp#27;[39m Encountered internal error running command: NoSuchElementError: An element could not be located on the page using the given search parameters.
&amp#27;[35m[MJSONWP]&amp#27;[39m     at AndroidUiautomator2Driver.callee$0$0$ (/usr/local/lib/node_modules/appium/node_modules/appium-android-driver/lib/commands/find.js:75:11)
&amp#27;[35m[MJSONWP]&amp#27;[39m    &amp#27;[35m[HTTP]&amp#27;[ at tryC39m &amp#27;[37m<-- POST /wd/hub/session/6c033502-fd88-4722-8bat5b-92e91949d161/elemch (/usr/local/liben/node_modules/appium/node_modules/babel-runtime/regenerator/rt &amp#27;[39m&amp#27;[31m500&amp#27;[39m &amp#27;[90m25 ms - 164&amp#27;[3untime.js:679m:40)
&amp#27;[
&amp#27;[3535m[HTTP]&amp#27;[39m &amp#27;[90m&amp#27;[39m
m[MJSONWP]&amp#27;[39m     at GeneratorFunctionPrototype.invoke [as _invoke] (/usr/local/lib/node_modules/appium/node_modules/babel-runtime/regenerator/runtime.js:315:22)
&amp#27;[35m[MJSONWP]&amp#27;[39m     at GeneratorFunctionPrototype.prototype.(anonymous function) [as throw] (/usr/local/lib/node_modules/appium/node_modules/babel-runtime/regenerator/runtime.js:100:21)
&amp#27;[35m[MJSONWP]&amp#27;[39m     at GeneratorFunctionPrototype.invoke (/usr/local/lib/node_modules/appium/node_modules/babel-runtime/regenerator/runtime.js:136:37)
&amp#27;[35m[HTTP]&amp#27;[39m &amp#27;[37m-->&amp#27;[39m &amp#27;[37mPOST&amp#27;[39m &amp#27;[37m/wd/hub/session/6c033502-fd88-4722-8b5b-92e91949d161/element&amp#27;[39m
&amp#27;[35m[HTTP]&amp#27;[39m &amp#27;[90m{"using":"id","value":"com.Slack:id/next_button_url_entry"}&amp#27;[39m
[debug] &amp#27;[35m[W3C]&amp#27;[39m Calling AppiumDriver.findElement() with args: ["id","com.Slack:id/next_button_url_entry","6c033502-fd88-4722-8b5b-92e91949d161"]
[debug] &amp#27;[35m[BaseDriver]&amp#27;[39m Valid locator strategies for this request: xpath, id, class name, accessibility id, -android uiautomator
[debug] &amp#27;[35m[BaseDriver]&amp#27;[39m Waiting up to 0 ms for condition
[debug] &amp#27;[35m[JSONWP Proxy]&amp#27;[39m Matched '/element' to command name 'findElement'
[debug] &amp#27;[35m[JSONWP Proxy]&amp#27;[39m Proxying [POST /element] to [POST http://localhost:8201/wd/hub/session/5a27c767-9791-4751-872d-2ed612cd606d/element] with body: {"strategy":"id","selector":"com.Slack:id/next_button_url_entry","context":"","multiple":false}
[debug] &amp#27;[35m[MJSONWP]&amp#27;[39m Matched JSONWP error code 7 to NoSuchElementError
&amp#27;[35m[MJSONWP]&amp#27;[39m Encountered internal error running command: NoSuchElementError: An element could not be located on the page using the given search parameters.
&amp#27;[35m[MJSONWP]&amp#27;[39m     at AndroidUiautomator2Driver.callee$0$0$ (/usr/local/li&amp#27;[3b/5m[Hnode_moTTP]du&amp#27;[39les/am &amp#27;[37mppium/<-- PnoOST /wd/hub/sesde_modules/appiusion/6m-c033502-fd8andr8-472oid2-8b5b-92e91949d161/eleme-dnt &amp#27;[39rim&amp#27;[ver/lib/31m50co0&amp#27;[39mmmands /fin&amp#27;[90m620 ms - 164&amp#27;[3d.9m
js:75:11)&amp#27;[35m[HT
&amp#27;[3TP]&amp#27;[39m &amp#27;[95m0m&amp#27;[39[MJSONWP]m
&amp#27;[39m     at tryCatch (/usr/local/lib/node_modules/appium/node_modules/babel-runtime/regenerator/runtime.js:67:40)
&amp#27;[35m[MJSONWP]&amp#27;[39m     at GeneratorFunctionPrototype.invoke [as _invoke] (/usr/local/lib/node_modules/appium/node_modules/babel-runtime/regenerator/runtime.js:315:22)
&amp#27;[35m[MJSONWP]&amp#27;[39m     at GeneratorFunctionPrototype.prototype.(anonymous function) [as throw] (/usr/local/lib/node_modules/appium/node_modules/babel-runtime/regenerator/runtime.js:100:21)
&amp#27;[35m[MJSONWP]&amp#27;[39m     at GeneratorFunctionPrototype.invoke (/usr/local/lib/node_&amp#27;[3module5ms/appiu[HTTPm/]&amp#27;node_module[39m &amp#27;[37m-->&amp#27;[39m &amp#27;[37mPOST&amp#27;[39m &amp#27;[37m/wd/hs/baubbel-ru/sntime/ession/6regenerac033tor/502runtim-fd8e.js:136:37)
8-4722-8b5b-92e91949d161/element&amp#27;[39m
&amp#27;[35m[HTTP]&amp#27;[39m &amp#27;[90m{"using":"id","value":"com.Slack:id/next_button_url_entry"}&amp#27;[39m
[debug] &amp#27;[35m[W3C]&amp#27;[39m Calling AppiumDriver.findElement() with args: ["id","com.Slack:id/next_button_url_entry","6c033502-fd88-4722-8b5b-92e91949d161"]
[debug] &amp#27;[35m[BaseDriver]&amp#27;[39m Valid locator strategies for this request: xpath, id, class name, accessibility id, -android uiautomator
[debug] &amp#27;[35m[BaseDriver]&amp#27;[39m Waiting up to 0 ms for condition
[debug] &amp#27;[35m[JSONWP Proxy]&amp#27;[39m Matched '/element' to command name 'findElement'
[debug] &amp#27;[35m[JSONWP Proxy]&amp#27;[39m Proxying [POST /element] to [POST http://localhost:8201/wd/hub/session/5a27c767-9791-4751-872d-2ed612cd606d/element] with body: {"strategy":"id","selector":"com.Slack:id/next_button_url_entry","context":"","multiple":false}
[debug] &amp#27;[35m[MJSONWP]&amp#27;[39m Matched JSONWP error code 7 to NoSuchElementError
&amp#27;[35m[MJSONWP]&amp#27;[39m Encountered internal error running command: NoSuchElementError: An element could not be located on the page using the given search parameters.
&amp#27;[35m[MJSONWP]&amp#27;[39m     at AndroidUiautomator2Driver.callee$0$0$ (/usr/local/lib/node_modules/appium/node_module&amp#27;[35m[HsT/appium-android-dTriver/lib/commands/fP]ind.js:75&amp#27;[:3911)
&amp#27;[3m &amp#27;[37m<5m[MJSO--NWP]&amp#27;[39 Pm   OS  atT tryCa t/wchd/hub/sessio (/un/6c033sr/local/lib/node502-fd88-4_m7odules/ap22-pium/no8b5b-92e91949d161/elemde_moduent &amp#27;[39m&amp#27;[3le1ms/b50ab0&amp#27;el[39m -run&amp#27;[time90/rm2egene0 ms rator/r- unti164me&amp#27;[39m
.js&amp#27;[35m[HTTP:6]&amp#27;7:40[39m)
&amp#27;[35 &amp#27;[m[90MJSONWPm&amp#27;[3]&amp#27;[39m   9m  
at GeneratorFunctionPrototype.invoke [as _invoke] (/usr/local/lib/node_modules/appium/node_modules/babel-runtime/regenerator/runtime.js:315:22)
&amp#27;[35m[MJSONWP]&amp#27;[39m     at GeneratorFunctionPrototype.prototype.(anonymous function) [as throw] (/usr/local/lib/node_modules/appium/node_modules/babel-runtime/regenerator/runtime.js:100:21)
&amp#27;[35m[MJSONWP]&amp#27;[39m     at GeneratorFunctionPrototype.invoke (/&amp#27;[35m[HTTP]&amp#27;[39m &amp#27;[37m-->&amp#27;[39m &amp#27;[37mPOST&amp#27;[39m &amp#27;[37m/wd/hub/session/6c033502-fd88-4722-8b5b-92e91949d16us1/elr/loement&amp#27;[ca39l/m
l&amp#27;[35mib[HTT/noP]&amp#27;[de_m39modu &amp#27;[9le0ms/appi{"usinumg":"id","val/nue":od"ce_ommod.Sulesla/bck:id/next_buttabel-runon_time/regenurl_eneratotry"}r/&amp#27;[3runt9mim
[debue.js:13g]6: &amp#27;37[35)
m[W3C]&amp#27;[39m Calling AppiumDriver.findElement() with args: ["id","com.Slack:id/next_button_url_entry","6c033502-fd88-4722-8b5b-92e91949d161"]
[debug] &amp#27;[35m[BaseDriver]&amp#27;[39m Valid locator strategies for this request: xpath, id, class name, accessibility id, -android uiautomator
[debug] &amp#27;[35m[BaseDriver]&amp#27;[39m Waiting up to 0 ms for condition
[debug] &amp#27;[35m[JSONWP Proxy]&amp#27;[39m Matched '/element' to command name 'findElement'
[debug] &amp#27;[35m[JSONWP Proxy]&amp#27;[39m Proxying [POST /element] to [POST http://localhost:8201/wd/hub/session/5a27c767-9791-4751-872d-2ed612cd606d/element] with body: {"strategy":"id","selector":"com.Slack:id/next_button_url_entry","context":"","multiple":false}
[debug] &amp#27;[35m[MJSONWP]&amp#27;[39m Matched JSONWP error code 7 to NoSuchElementError
&amp#27;[35m[MJSONWP]&amp#27;[39m Encountered internal error running command: NoSuchElementError: An element could not be located on the page using the given search parameters.
&amp#27;[35m[MJSONWP]&amp#27;[39m     at AndroidUiautomator2Driver.calle&amp#27;[35m[HTTe$0$P]&amp#27;[39m &amp#27;[37m<-0$ (/us- POr/locST /wd/hub/session/6c033502-fd88-4722-8b5alb-/lib/92eno91949dde161/_melodules/appium/nementode_modu &amp#27;[39m&amp#27;[31m5les/ap00&amp#27;[39pium-andrm &amp#27;[90m20oid-driver/lib/comm ms - 164&amp#27;[39m
a&amp#27;[3nds/find.5mjs:7[H5:11)
&amp#27;[35m[MJSONWPTTP]&amp#27;]&amp#27;[3[399m &amp#27;[90m     am&amp#27;[3t tryCa9mtch (
/usr/local/lib/node_modules/appium/node_modules/babel-runtime/regenerator/runtime.js:67:40)
&amp#27;[35m[MJSONWP]&amp#27;[39m     at GeneratorFunctionPrototype.invoke [as _invoke] (/usr/local/lib/node_modules/appium/node_modules/babel-runtime/regenerator/runtime.js:315:22)
&amp#27;[35m[MJSONWP]&amp#27;[39m     at GeneratorFunctionPrototype.prototype.(anonymous function) [as throw] (/usr/local/lib/node_modules/appium/node_modules/babel-runtime/regenerator/runtime.js:100:21)
&amp#27;[35m[MJSONWP]&amp#27;[39m     at GeneratorFunctionPrototype.i&amp#27;[35m[HTTP]&amp#27;[39m &amp#27;[37m-->&amp#27;[39m nvoke (/usr/local/lib/node_&amp#27;[37modmPOST&amp#27;ule[39m s/&amp#27;[37m/wdappi/hub/sessionum/nod/6c0335e_02-fd8mo8-4dules/babel722-8b5b-92e-runt91949dime/161/eleregenerator/runtime.js:136:37)
ment&amp#27;[39m
&amp#27;[35m[HTTP]&amp#27;[39m &amp#27;[90m{"using":"id","value":"com.Slack:id/next_button_url_entry"}&amp#27;[39m
[debug] &amp#27;[35m[W3C]&amp#27;[39m Calling AppiumDriver.findElement() with args: ["id","com.Slack:id/next_button_url_entry","6c033502-fd88-4722-8b5b-92e91949d161"]
[debug] &amp#27;[35m[BaseDriver]&amp#27;[39m Valid locator strategies for this request: xpath, id, class name, accessibility id, -android uiautomator
[debug] &amp#27;[35m[BaseDriver]&amp#27;[39m Waiting up to 0 ms for condition
[debug] &amp#27;[35m[JSONWP Proxy]&amp#27;[39m Matched '/element' to command name 'findElement'
[debug] &amp#27;[35m[JSONWP Proxy]&amp#27;[39m Proxying [POST /element] to [POST http://localhost:8201/wd/hub/session/5a27c767-9791-4751-872d-2ed612cd606d/element] with body: {"strategy":"id","selector":"com.Slack:id/next_button_url_entry","context":"","multiple":false}
[debug] &amp#27;[35m[MJSONWP]&amp#27;[39m Matched JSONWP error code 7 to NoSuchElementError
&amp#27;[35m[MJSONWP]&amp#27;[39m Encountered internal error running command: NoSuchElementError: An element could not be located on the page using the given search parameters.
&amp#27;[35m[MJSONWP]&amp#27;[39m     at AndroidUiautomator2Driver.callee$0$0$ (/usr/local/lib/node_&amp#27;[3modules/appium/node_modules/appium-android-driver/lib/co5mmm[HTTands/find.js:75:11)
&amp#27;[35m[MJSONWPP]&amp#27;[3]&amp#27;[399m &amp#27;m [37m<-- P    at OST tryCatch (/usr/lo/wcald//lib/nodhub/e_moduleses/assionppium/node/6c033502-f_modud8les8-/babe47l-runtime/regener22-8ator/runtb5b-92e919ime49.js:67:40)
&amp#27;[35d161m[MJSONW/elemenP]t &amp#27;[&amp#27;[39m&amp#27;[31m5039m     a0&amp#27;[t GeneratorFu39m &amp#27;[9nc0m25 tionProtomsty - 164&amp#27;[39m
pe.&amp#27;[35m[HTTPinv]&amp#27;[39oke [as _m &amp#27;[invo90m&amp#27;ke] (/u[39m
sr/local/lib/node_modules/appium/node_modules/babel-runtime/regenerator/runtime.js:315:22)
&amp#27;[35m[MJSONWP]&amp#27;[39m     at GeneratorFunctionPrototype.prototype.(anonymous function) [as throw] (/usr/local/lib/node_modules/appium/node_modules/babel-runtime/regenerator/runtime.js:100:21)
&amp#27;[35m[MJSONWP]&amp#27;[39m     at GeneratorFunctionPrototype.invoke (/usr/local/lib/node_modules/appium/node_modules/babel-runtime/regenerator/runtime.js:136:37)
&amp#27;[35m[HTTP]&amp#27;[39m &amp#27;[37m-->&amp#27;[39m &amp#27;[37mPOST&amp#27;[39m &amp#27;[37m/wd/hub/session/6c033502-fd88-4722-8b5b-92e91949d161/element&amp#27;[39m
&amp#27;[35m[HTTP]&amp#27;[39m &amp#27;[90m{"using":"id","value":"com.Slack:id/next_button_url_entry"}&amp#27;[39m
[debug] &amp#27;[35m[W3C]&amp#27;[39m Calling AppiumDriver.findElement() with args: ["id","com.Slack:id/next_button_url_entry","6c033502-fd88-4722-8b5b-92e91949d161"]
[debug] &amp#27;[35m[BaseDriver]&amp#27;[39m Valid locator strategies for this request: xpath, id, class name, accessibility id, -android uiautomator
[debug] &amp#27;[35m[BaseDriver]&amp#27;[39m Waiting up to 0 ms for condition
[debug] &amp#27;[35m[JSONWP Proxy]&amp#27;[39m Matched '/element' to command name 'findElement'
[debug] &amp#27;[35m[JSONWP Proxy]&amp#27;[39m Proxying [POST /element] to [POST http://localhost:8201/wd/hub/session/5a27c767-9791-4751-872d-2ed612cd606d/element] with body: {"strategy":"id","selector":"com.Slack:id/next_button_url_entry","context":"","multiple":false}
[debug] &amp#27;[35m[MJSONWP]&amp#27;[39m Matched JSONWP error code 7 to NoSuchElementError
&amp#27;[35m[MJSONWP]&amp#27;[39m Encountered internal error running command: NoSuchElementError: An element could not be located on the page using the given search parameters.
&amp#27;[35m[MJSONWP]&amp#27;[39m     at AndroidUiautomator2Driver.callee$0$0$ (/usr/local/lib/node_modules/appium/node_modules/appium-android-driver/&amp#27;[35mli[HTTP]&amp#27;[39m &amp#27;[37m<-- bPOS/commanT ds/find/w.js:d/hub/session/6c033502-fd75:11)
&amp#27;[35m[MJ88SO-NWP]&amp#27;[39m 472    at try2-8b5b-92e91949d161Ca/element tch (/usr/local/lib/node_modul&amp#27;es/appium/nod[39e_mom&amp#27;[31m500&amp#27;[39m &amp#27;[90dules/babel-runtimm2e/regene0 rator/rmsuntime - 1.js:6764:40&amp#27;[39)
&amp#27;[m
35m&amp#27;[3[M5m[HTJSONTP]&amp#27;[39m WP&amp#27;[]&amp#27;[39m     at GeneratorFu90m&amp#27;nct[3ionPr9m
ototype.invoke [as _invoke] (/usr/local/lib/node_modules/appium/node_modules/babel-runtime/regenerator/runtime.js:315:22)
&amp#27;[35m[MJSONWP]&amp#27;[39m     at GeneratorFunctionPrototype.prototype.(anonymous function) [as throw] (/usr/local/lib/node_modules/appium/node_modules/babel-runtime/regenerator/runtime.js:100:21)
&amp#27;[35m[MJSONWP]&amp#27;[39m     at GeneratorFunctionPrototype.invoke (/usr/local/lib/node_modules/appium/node_modules/babel-runtime/regenerator/runtime.js:136:37)
&amp#27;[35m[HTTP]&amp#27;[39m &amp#27;[37m-->&amp#27;[39m &amp#27;[37mPOST&amp#27;[39m &amp#27;[37m/wd/hub/session/6c033502-fd88-4722-8b5b-92e91949d161/element&amp#27;[39m
&amp#27;[35m[HTTP]&amp#27;[39m &amp#27;[90m{"using":"id","value":"com.Slack:id/next_button_url_entry"}&amp#27;[39m
[debug] &amp#27;[35m[W3C]&amp#27;[39m Calling AppiumDriver.findElement() with args: ["id","com.Slack:id/next_button_url_entry","6c033502-fd88-4722-8b5b-92e91949d161"]
[debug] &amp#27;[35m[BaseDriver]&amp#27;[39m Valid locator strategies for this request: xpath, id, class name, accessibility id, -android uiautomator
[debug] &amp#27;[35m[BaseDriver]&amp#27;[39m Waiting up to 0 ms for condition
[debug] &amp#27;[35m[JSONWP Proxy]&amp#27;[39m Matched '/element' to command name 'findElement'
[debug] &amp#27;[35m[JSONWP Proxy]&amp#27;[39m Proxying [POST /element] to [POST http://localhost:8201/wd/hub/session/5a27c767-9791-4751-872d-2ed612cd606d/element] with body: {"strategy":"id","selector":"com.Slack:id/next_button_url_entry","context":"","multiple":false}
[debug] &amp#27;[35m[MJSONWP]&amp#27;[39m Matched JSONWP error code 7 to NoSuchElementError
&amp#27;[35m[MJSONWP]&amp#27;[39m Encountered internal error running command: NoSuchElementError: An element could not be located on the page using the given search parameters.
&amp#27;[35m[MJSONWP]&amp#27;[39m     at AndroidUiautomator2Driver.callee$0$0$ (/usr/local/lib/node_modules/appium/node_modules/appium-&amp#27;[35m[HTTP]&amp#27;[39m &amp#27;[37m<--android-driver/lib/command POST /wd/hub/session/6s/finc033502-fd88-d.js:75:11)
&amp#27;[35m[MJSONWP]&amp#27;[39472m 2-8b5b-  92  ae9t tryCat1949d161/elech (/usrment &amp#27;[39m&amp#27;[/lo31m500&amp#27;[39m &amp#27;[90m22 ms - 1cal/li64&amp#27;[b/node_mo39m
du&amp#27;[3les/appium/n5m[HTTP]&amp#27;[3ode9m &amp#27;[90m&amp#27;[39m
_modules/babel-runtime/regenerator/runtime.js:67:40)
&amp#27;[35m[MJSONWP]&amp#27;[39m     at GeneratorFunctionPrototype.invoke [as _invoke] (/usr/local/lib/node_modules/appium/node_modules/babel-runtime/regenerator/runtime.js:315:22)
&amp#27;[35m[MJSONWP]&amp#27;[39m     at GeneratorFunctionPrototype.prototype.(anonymous function) [as throw] (/usr/local/lib/node_modules/appium/node_modules/babel-runtime/regenerator/runtime.js:100:21)
&amp#27;[35m[MJSONWP]&amp#27;[39m     at GeneratorFunctionPrototype.invoke (/usr/local/lib/node_modules/appium/node_modules/babel-runtime/regenerator/runtime.js:136:37)
&amp#27;[35m[HTTP]&amp#27;[39m &amp#27;[37m-->&amp#27;[39m &amp#27;[37mPOST&amp#27;[39m &amp#27;[37m/wd/hub/session/6c033502-fd88-4722-8b5b-92e91949d161/element&amp#27;[39m
&amp#27;[35m[HTTP]&amp#27;[39m &amp#27;[90m{"using":"id","value":"com.Slack:id/next_button_url_entry"}&amp#27;[39m
[debug] &amp#27;[35m[W3C]&amp#27;[39m Calling AppiumDriver.findElement() with args: ["id","com.Slack:id/next_button_url_entry","6c033502-fd88-4722-8b5b-92e91949d161"]
[debug] &amp#27;[35m[BaseDriver]&amp#27;[39m Valid locator strategies for this request: xpath, id, class name, accessibility id, -android uiautomator
[debug] &amp#27;[35m[BaseDriver]&amp#27;[39m Waiting up to 0 ms for condition
[debug] &amp#27;[35m[JSONWP Proxy]&amp#27;[39m Matched '/element' to command name 'findElement'
[debug] &amp#27;[35m[JSONWP Proxy]&amp#27;[39m Proxying [POST /element] to [POST http://localhost:8201/wd/hub/session/5a27c767-9791-4751-872d-2ed612cd606d/element] with body: {"strategy":"id","selector":"com.Slack:id/next_button_url_entry","context":"","multiple":false}
[debug] &amp#27;[35m[MJSONWP]&amp#27;[39m Matched JSONWP error code 7 to NoSuchElementError
&amp#27;[35m[MJSONWP]&amp#27;[39m Encountered internal error running command: NoSuchElementError: An element could not be located on the page using the given search parameters.
&amp#27;[35m[MJSONWP]&amp#27;[39m     at AndroidUiautomator2Driver.callee$0$0$ (/usr/local/lib/&amp#27;[3node_mod5m[HTules/appium/nTP]&amp#27;[39m ode_mo&amp#27;[3dules/appi7m<-- POST /wd/hub/sesum-andsiroid-driver/lib/on/6c03350command2-fd88-47s/22-fi8b5b-92e91949d161/elemennd.js:75:t &amp#27;11)
[39m&amp#27;[&amp#27;[3531m500&amp#27;[39m[m &amp#27;[90m18 ms - 164&amp#27;[3MJS9m
ONWP]&amp#27;[39m     &amp#27;[35m[HTat tryCatTP]&amp#27;ch (/usr/[39m &amp#27;[90m&amp#27;local/lib/[39mnod
e_modules/appium/node_modules/babel-runtime/regenerator/runtime.js:67:40)
&amp#27;[35m[MJSONWP]&amp#27;[39m     at GeneratorFunctionPrototype.invoke [as _invoke] (/usr/local/lib/node_modules/appium/node_modules/babel-runtime/regenerator/runtime.js:315:22)
&amp#27;[35m[MJSONWP]&amp#27;[39m     at GeneratorFunctionPrototype.prototype.(anonymous function) [as throw] (/usr/local/lib/node_modules/appium/node_modules/babel-runtime/regenerator/runtime.js:100:21)
&amp#27;[35m[MJSONWP]&amp#27;[39m     at GeneratorFunctionPrototype.invoke (/usr/local/lib/node_modules/appium/node_modules/babel-runtime/regenerator/runtime.js:136:37)
&amp#27;[35m[HTTP]&amp#27;[39m &amp#27;[37m-->&amp#27;[39m &amp#27;[37mPOST&amp#27;[39m &amp#27;[37m/wd/hub/session/6c033502-fd88-4722-8b5b-92e91949d161/element&amp#27;[39m
&amp#27;[35m[HTTP]&amp#27;[39m &amp#27;[90m{"using":"id","value":"com.Slack:id/next_button_url_entry"}&amp#27;[39m
[debug] &amp#27;[35m[W3C]&amp#27;[39m Calling AppiumDriver.findElement() with args: ["id","com.Slack:id/next_button_url_entry","6c033502-fd88-4722-8b5b-92e91949d161"]
[debug] &amp#27;[35m[BaseDriver]&amp#27;[39m Valid locator strategies for this request: xpath, id, class name, accessibility id, -android uiautomator
[debug] &amp#27;[35m[BaseDriver]&amp#27;[39m Waiting up to 0 ms for condition
[debug] &amp#27;[35m[JSONWP Proxy]&amp#27;[39m Matched '/element' to command name 'findElement'
[debug] &amp#27;[35m[JSONWP Proxy]&amp#27;[39m Proxying [POST /element] to [POST http://localhost:8201/wd/hub/session/5a27c767-9791-4751-872d-2ed612cd606d/element] with body: {"strategy":"id","selector":"com.Slack:id/next_button_url_entry","context":"","multiple":false}
[debug] &amp#27;[35m[MJSONWP]&amp#27;[39m Matched JSONWP error code 7 to NoSuchElementError
&amp#27;[35m[MJSONWP]&amp#27;[39m Encountered internal error running command: NoSuchElementError: An element could not be located on the page using the given search parameters.
&amp#27;[35m[MJSONWP]&amp#27;[39m     at AndroidUiautomator2Driver.callee$0$0$ (/usr/local/lib/node_modules/appium/node_&amp#27;[35m[Hmodules/TTapP]p&amp#27;[39m &amp#27;[37mium-an<droi-- POST /wd-driver/lid/hub/sbession/6c033502-fd88-472/2-8b5b-92e91949d161/element &amp#27;[39m&amp#27;[31m500&amp#27;[39m &amp#27;[90m19 ms - 164&amp#27;[39m
&amp#27;[35m[commaHTndTP]&amp#27;[s/39find.m &amp#27;[90m&amp#27;[39m
js:75:11)
&amp#27;[35m[MJSONWP]&amp#27;[39m     at tryCatch (/usr/local/lib/node_modules/appium/node_modules/babel-runtime/regenerator/runtime.js:67:40)
&amp#27;[35m[MJSONWP]&amp#27;[39m     at GeneratorFunctionPrototype.invoke [as _invoke] (/usr/local/lib/node_modules/appium/node_modules/babel-runtime/regenerator/runtime.js:315:22)
&amp#27;[35m[MJSONWP]&amp#27;[39m     at GeneratorFunctionPrototype.prototype.(anonymous function) [as throw] (/usr/local/lib/node_modules/appium/node_modules/babel-runtime/regenerator/runtime.js:100:21)
&amp#27;[35m[MJSONWP]&amp#27;[39m     at GeneratorFunctionPrototype.invoke (/usr/local/lib/node_modules/appium/node_modules/babel-runtime/regenerator/runtime.js:136:37)
&amp#27;[35m[HTTP]&amp#27;[39m &amp#27;[37m-->&amp#27;[39m &amp#27;[37mPOST&amp#27;[39m &amp#27;[37m/wd/hub/session/6c033502-fd88-4722-8b5b-92e91949d161/element&amp#27;[39m
&amp#27;[35m[HTTP]&amp#27;[39m &amp#27;[90m{"using":"id","value":"com.Slack:id/next_button_url_entry"}&amp#27;[39m
[debug] &amp#27;[35m[W3C]&amp#27;[39m Calling AppiumDriver.findElement() with args: ["id","com.Slack:id/next_button_url_entry","6c033502-fd88-4722-8b5b-92e91949d161"]
[debug] &amp#27;[35m[BaseDriver]&amp#27;[39m Valid locator strategies for this request: xpath, id, class name, accessibility id, -android uiautomator
[debug] &amp#27;[35m[BaseDriver]&amp#27;[39m Waiting up to 0 ms for condition
[debug] &amp#27;[35m[JSONWP Proxy]&amp#27;[39m Matched '/element' to command name 'findElement'
[debug] &amp#27;[35m[JSONWP Proxy]&amp#27;[39m Proxying [POST /element] to [POST http://localhost:8201/wd/hub/session/5a27c767-9791-4751-872d-2ed612cd606d/element] with body: {"strategy":"id","selector":"com.Slack:id/next_button_url_entry","context":"","multiple":false}
[debug] &amp#27;[35m[MJSONWP]&amp#27;[39m Matched JSONWP error code 7 to NoSuchElementError
&amp#27;[35m[MJSONWP]&amp#27;[39m Encountered internal error running command: NoSuchElementError: An element could not be located on the page using the given search parameters.
&amp#27;[35m[MJSONWP]&amp#27;[39m     at AndroidUiautomator2Driver.callee$0$0$ (/usr/local/lib/node_modules/appium/node_modu&amp#27;[les35m[HT/appiuTP]&amp#27;m-android-driver[39m /lib/co&amp#27;[mmand37s/m<find.js:7-- POST /wd/hub/session/6c033502-fd5:11)
&amp#27;[35m[MJSONWP]&amp#27;[39m 88-4    a722-t t8b5ryCb-92e91atch (/usr/local/lib/node_mo94dules/a9d161/element &amp#27;[3ppium/9mnode_m&amp#27;[31odulem500&amp#27;[39ms/babel- &amp#27;[90m18runtime/regenerator/runtime. ms - 16js4&amp#27;:67:40)
&amp#27;[35m[MJ[39m
SON&amp#27;[3WP]&amp#27;[39m     at5m[HTTP]&amp#27;[3 GeneratorFu9m &amp#27;[90m&amp#27;[3nctionP9m
rototype.invoke [as _invoke] (/usr/local/lib/node_modules/appium/node_modules/babel-runtime/regenerator/runtime.js:315:22)
&amp#27;[35m[MJSONWP]&amp#27;[39m     at GeneratorFunctionPrototype.prototype.(anonymous function) [as throw] (/usr/local/lib/node_modules/appium/node_modules/babel-runtime/regenerator/runtime.js:100:21)
&amp#27;[35m[MJSONWP]&amp#27;[35m[HT&amp#27;[39m TP]    &amp#27;[3at9m Gen &amp#27;era[37m-->&amp#27;[39tom &amp#27;[37rFunctionPrototmPOSypT&amp#27;[39m &amp#27;[37m/we.id/hub/session/6c0335nvoke02 (/usr/loc-fd88-47al/lib/node_modu22-8b5bles/appi-92e9um19/node_modules/babel-runtim49d161/elee/regeneratmeornt&amp#27;[39m
/r&amp#27;[un35m[HTTtimeP].js:136:37&amp#27;[39m &amp#27;)
[90m{"using":"id","value":"com.Slack:id/next_button_url_entry"}&amp#27;[39m
[debug] &amp#27;[35m[W3C]&amp#27;[39m Calling AppiumDriver.findElement() with args: ["id","com.Slack:id/next_button_url_entry","6c033502-fd88-4722-8b5b-92e91949d161"]
[debug] &amp#27;[35m[BaseDriver]&amp#27;[39m Valid locator strategies for this request: xpath, id, class name, accessibility id, -android uiautomator
[debug] &amp#27;[35m[BaseDriver]&amp#27;[39m Waiting up to 0 ms for condition
[debug] &amp#27;[35m[JSONWP Proxy]&amp#27;[39m Matched '/element' to command name 'findElement'
[debug] &amp#27;[35m[JSONWP Proxy]&amp#27;[39m Proxying [POST /element] to [POST http://localhost:8201/wd/hub/session/5a27c767-9791-4751-872d-2ed612cd606d/element] with body: {"strategy":"id","selector":"com.Slack:id/next_button_url_entry","context":"","multiple":false}
[debug] &amp#27;[35m[MJSONWP]&amp#27;[39m Matched JSONWP error code 7 to NoSuchElementError
&amp#27;[35m[MJSONWP]&amp#27;[39m Encountered internal error running command: NoSuchElementError: An element could not be located on the page using the given search parameters.
&amp#27;[35m[MJSONWP]&amp#27;[39m     at AndroidUiautomator2Driver.callee$0$0$ (/usr/local/lib/node_modules/appium/node_modules/appium-an&amp#27;[3dr5moid-dr[HTTP]&amp#27;[3iver/lib/commands/find9m .&amp#27;[js37m<-:7- 5:11)
&amp#27;[35POST /wd/m[hub/sessMJSionONWP]&amp#27;[39/6cm     a033502-fd8t t8-ryCatch4722- (8b/usr/local/lib/n5b-9od2e9194e_mod9dules/161/element &amp#27;[39m&amp#27;[3ap1m5pium/node00_m&amp#27;[39m odules/babel&amp#27;[90m21 m-runtis - 164&amp#27;[39m
me/regenera&amp#27;[35m[tor/HTTP]&amp#27;[39rum &amp#27;[90ntimm&amp#27;e.js:67:40[3)
&amp#27;[35m[9m
MJSONWP]&amp#27;[39m     at GeneratorFunctionPrototype.invoke [as _invoke] (/usr/local/lib/node_modules/appium/node_modules/babel-runtime/regenerator/runtime.js:315:22)
&amp#27;[35m[MJSONWP]&amp#27;[39m     at GeneratorFunctionPrototype.prototype.(anonymous function) [as throw] (/usr/local/lib/node_modules/appium/node_modules/babel-runtime/regenerator/runtime.js:100:21)
&amp#27;[35m[MJSONWP]&amp#27;[39m     at GeneratorFunctionPrototype.invoke (/usr/local/lib/node_modules/appium/node_modules/babel-runtime/regenerator/runtime.js:136:37)
&amp#27;[35m[HTTP]&amp#27;[39m &amp#27;[37m-->&amp#27;[39m &amp#27;[37mPOST&amp#27;[39m &amp#27;[37m/wd/hub/session/6c033502-fd88-4722-8b5b-92e91949d161/element&amp#27;[39m
&amp#27;[35m[HTTP]&amp#27;[39m &amp#27;[90m{"using":"id","value":"com.Slack:id/next_button_url_entry"}&amp#27;[39m
[debug] &amp#27;[35m[W3C]&amp#27;[39m Calling AppiumDriver.findElement() with args: ["id","com.Slack:id/next_button_url_entry","6c033502-fd88-4722-8b5b-92e91949d161"]
[debug] &amp#27;[35m[BaseDriver]&amp#27;[39m Valid locator strategies for this request: xpath, id, class name, accessibility id, -android uiautomator
[debug] &amp#27;[35m[BaseDriver]&amp#27;[39m Waiting up to 0 ms for condition
[debug] &amp#27;[35m[JSONWP Proxy]&amp#27;[39m Matched '/element' to command name 'findElement'
[debug] &amp#27;[35m[JSONWP Proxy]&amp#27;[39m Proxying [POST /element] to [POST http://localhost:8201/wd/hub/session/5a27c767-9791-4751-872d-2ed612cd606d/element] with body: {"strategy":"id","selector":"com.Slack:id/next_button_url_entry","context":"","multiple":false}
[debug] &amp#27;[35m[MJSONWP]&amp#27;[39m Matched JSONWP error code 7 to NoSuchElementError
&amp#27;[35m[MJSONWP]&amp#27;[39m Encountered internal error running command: NoSuchElementError: An element could not be located on the page using the given search parameters.
&amp#27;[35m[MJSONWP]&amp#27;[39m     at AndroidUiautomator2Driver.c&amp#27;[35m[HTTalleP]&amp#27;[39me$0 &amp#27;[$0$ (37m<-- P/usr/OSTlo /wd/hub/session/cal6c033502-fd88-472/li2-b/n8b5b-92e91ode_mo949ddul161/es/appielum/nodeme_ment &amp#27;[3od9m&amp#27;[31m5ul00&amp#27;[es/a39m &amp#27;[90m21 mppium-ands roid- -dri16ve4&amp#27;r/lib/[39m
commands/&amp#27;[35m[HTTP]&amp#27;[39m &amp#27;[90m&amp#27;[39m
find.js:75:11)
&amp#27;[35m[MJSONWP]&amp#27;[39m     at tryCatch (/usr/local/lib/node_modules/appium/node_modules/babel-runtime/regenerator/runtime.js:67:40)
&amp#27;[35m[MJSONWP]&amp#27;[39m     at GeneratorFunctionPrototype.invoke [as _invoke] (/usr/local/lib/node_modules/appium/node_modules/babel-runtime/regenerator/runtime.js:315:22)
&amp#27;[35m[MJSONWP]&amp#27;[39m     at GeneratorFunctionPrototype.prototype.(anonymous function) [as throw] (/usr/local/lib/node_modules/appium/node_modules/babel-runtime/regenerator/runtime.js:100:21)
&amp#27;[35m[MJSONWP]&amp#27;[39m     at GeneratorFunctionPrototype.invoke (/usr/local/lib/node_modules/appium/node_modules/babel-runtime/regenerator/runtime.js:136:37)
&amp#27;[35m[HTTP]&amp#27;[39m &amp#27;[37m-->&amp#27;[39m &amp#27;[37mPOST&amp#27;[39m &amp#27;[37m/wd/hub/session/6c033502-fd88-4722-8b5b-92e91949d161/element&amp#27;[39m
&amp#27;[35m[HTTP]&amp#27;[39m &amp#27;[90m{"using":"id","value":"com.Slack:id/next_button_url_entry"}&amp#27;[39m
[debug] &amp#27;[35m[W3C]&amp#27;[39m Calling AppiumDriver.findElement() with args: ["id","com.Slack:id/next_button_url_entry","6c033502-fd88-4722-8b5b-92e91949d161"]
[debug] &amp#27;[35m[BaseDriver]&amp#27;[39m Valid locator strategies for this request: xpath, id, class name, accessibility id, -android uiautomator
[debug] &amp#27;[35m[BaseDriver]&amp#27;[39m Waiting up to 0 ms for condition
[debug] &amp#27;[35m[JSONWP Proxy]&amp#27;[39m Matched '/element' to command name 'findElement'
[debug] &amp#27;[35m[JSONWP Proxy]&amp#27;[39m Proxying [POST /element] to [POST http://localhost:8201/wd/hub/session/5a27c767-9791-4751-872d-2ed612cd606d/element] with body: {"strategy":"id","selector":"com.Slack:id/next_button_url_entry","context":"","multiple":false}
[debug] &amp#27;[35m[MJSONWP]&amp#27;[39m Matched JSONWP error code 7 to NoSuchElementError
&amp#27;[35m[MJSONWP]&amp#27;[39m Encountered internal error running command: NoSuchElementError: An element could not be located on the page using the given search parameters.
&amp#27;[35m[MJSONWP]&amp#27;[39m     at AndroidUiautomator2Driver.cal&amp#27;[35m[HTTP]&amp#27;[lee$0$0$ (/usr39m/loca &amp#27;[37m<-l/lib/node- POS_modulT /wd/hub/sesses/appium/node_moduion/6c033502-les/appiumfd88-472-a2-8b5b-ndroid-driver92e91/lib/co949d161mmands/find.js:75:11/e)
&amp#27;[35lemenm[MJt SONWP]&amp#27;[39m&amp#27;[31&amp#27;[3m500&amp#27;[9m     at tryCa39m &amp#27;[tch (90/usm18 ms - 164r/lo&amp#27;[39m
cal/lib/no&amp#27;[35m[HTTde_P]&amp#27;[39m &amp#27;[modu90m&amp#27;[39lem
s/appium/node_modules/babel-runtime/regenerator/runtime.js:67:40)
&amp#27;[35m[MJSONWP]&amp#27;[39m     at GeneratorFunctionPrototype.invoke [as _invoke] (/usr/local/lib/node_modules/appium/node_modules/babel-runtime/regenerator/runtime.js:315:22)
&amp#27;[35m[MJSONWP]&amp#27;[39m     at GeneratorFunctionPrototype.prototype.(anonymous function) [as throw] (/usr/local/lib/node_modules/appium/node_modules/babel-runtime/regenerator/runtime.js:100:21)
&amp#27;[35m[MJSONWP]&amp#27;[39m     at Genera&amp#27;[3torFuncti5m[HTTP]on&amp#27;[39m &amp#27;[37m-->&amp#27;[39m &amp#27;[37mPOST&amp#27;[39m &amp#27;[Pr37m/wd/huototype.inb/sesvosikeon/6c03350 (2-fd/u88sr/local/-4lib/n722-8b5b-92e9ode_m1949d1odules/61/appiuelement&amp#27;[3m/no9m
de_modules/babel&amp#27;[35m[HTTP]&amp#27;[39m-runtim &amp#27;[90m{"using":"id","value/regee"n:"com.Slack:ide/next_button_url_entry"}rator/r&amp#27;[untime.js:136:339m
[deb7)
ug] &amp#27;[35m[W3C]&amp#27;[39m Calling AppiumDriver.findElement() with args: ["id","com.Slack:id/next_button_url_entry","6c033502-fd88-4722-8b5b-92e91949d161"]
[debug] &amp#27;[35m[BaseDriver]&amp#27;[39m Valid locator strategies for this request: xpath, id, class name, accessibility id, -android uiautomator
[debug] &amp#27;[35m[BaseDriver]&amp#27;[39m Waiting up to 0 ms for condition
[debug] &amp#27;[35m[JSONWP Proxy]&amp#27;[39m Matched '/element' to command name 'findElement'
[debug] &amp#27;[35m[JSONWP Proxy]&amp#27;[39m Proxying [POST /element] to [POST http://localhost:8201/wd/hub/session/5a27c767-9791-4751-872d-2ed612cd606d/element] with body: {"strategy":"id","selector":"com.Slack:id/next_button_url_entry","context":"","multiple":false}
[debug] &amp#27;[35m[MJSONWP]&amp#27;[39m Matched JSONWP error code 7 to NoSuchElementError
&amp#27;[35m[MJSONWP]&amp#27;[39m Encountered internal error running command: NoSuchElementError: An element could not be located on the page using the given search parameters.
&amp#27;[35m[MJSONWP]&amp#27;[39m     at AndroidUiautomator2Driver.callee$0$0$ (/usr/local/lib/node_modules/a&amp#27;[35pm[HTTP]&amp#27;[3pium/9mno &amp#27;de[37_mm<odules--/app POST /wium-android-driver/d/hub/session/lib/c6c03omma3502nds/find.js:-fd88-75:11)
&amp#27;4722[35m[MJSONWP]&amp#27;-8[39m     ab5t tryCatcb-9h (/u2e91sr/local/lib/949d161node_modules/element &amp#27;[39m&amp#27;[31m500&amp#27;[3/appium/9m &amp#27;[node_mod90m22ule ms - s/ba164bel-&amp#27;[39runm
time/reg&amp#27;[enerator/runtime.js35m[HTT:67:40P]&amp#27;[39m)
&amp#27;[35m[M &amp#27;[JSONWP]90m&amp#27;[39&amp#27;[m
39m     at GeneratorFunctionPrototype.invoke [as _invoke] (/usr/local/lib/node_modules/appium/node_modules/babel-runtime/regenerator/runtime.js:315:22)
&amp#27;[35m[MJSONWP]&amp#27;[39m     at GeneratorFunctionPrototype.prototype.(anonymous function) [as throw] (/usr/local/lib/node_modules/appium/node_modules/babel-runtime/regenerator/runtime.js:100:21)
&amp#27;[35m[MJSONWP]&amp#27;[39m     at GeneratorFunctionPrototype.invoke (/usr/local/lib/node_modules/appium/node_modules/babel-runtime/regenerator/runtime.js:136:37)
&amp#27;[35m[HTTP]&amp#27;[39m &amp#27;[37m-->&amp#27;[39m &amp#27;[37mPOST&amp#27;[39m &amp#27;[37m/wd/hub/session/6c033502-fd88-4722-8b5b-92e91949d161/element&amp#27;[39m
&amp#27;[35m[HTTP]&amp#27;[39m &amp#27;[90m{"using":"id","value":"com.Slack:id/next_button_url_entry"}&amp#27;[39m
[debug] &amp#27;[35m[W3C]&amp#27;[39m Calling AppiumDriver.findElement() with args: ["id","com.Slack:id/next_button_url_entry","6c033502-fd88-4722-8b5b-92e91949d161"]
[debug] &amp#27;[35m[BaseDriver]&amp#27;[39m Valid locator strategies for this request: xpath, id, class name, accessibility id, -android uiautomator
[debug] &amp#27;[35m[BaseDriver]&amp#27;[39m Waiting up to 0 ms for condition
[debug] &amp#27;[35m[JSONWP Proxy]&amp#27;[39m Matched '/element' to command name 'findElement'
[debug] &amp#27;[35m[JSONWP Proxy]&amp#27;[39m Proxying [POST /element] to [POST http://localhost:8201/wd/hub/session/5a27c767-9791-4751-872d-2ed612cd606d/element] with body: {"strategy":"id","selector":"com.Slack:id/next_button_url_entry","context":"","multiple":false}
[debug] &amp#27;[35m[MJSONWP]&amp#27;[39m Matched JSONWP error code 7 to NoSuchElementError
&amp#27;[35m[MJSONWP]&amp#27;[39m Encountered internal error running command: NoSuchElementError: An element could not be located on the page using the given search parameters.
&amp#27;[35m[MJSONWP]&amp#27;[39m     at AndroidUiautomator2Driver.callee$0$0$ (/usr/local/lib/node_modules/appium/node_modules/&amp#27;[appium-an35m[HTTP]&amp#27;[39droid-driver/lib/commam &amp#27;[37m<-- POST /wd/hubnd/sessis/onfin/6c033d.502-fd88-4js:75:71221)-8b5b-
&amp#27;92e[3591949d161/m[elemMJSOenNWP]&amp#27;t [39m &amp#27;[39    at m&amp#27;tr[31m500&amp#27;[39yCatcm &amp#27;[90mh (/20 ms - 1usr/l64&amp#27;[39m
oc&amp#27;[al35m[HT/lTP]&amp#27;[ib/39mno &amp#27;[90m&amp#27;[39m
de_modules/appium/node_modules/babel-runtime/regenerator/runtime.js:67:40)
&amp#27;[35m[MJSONWP]&amp#27;[39m     at GeneratorFunctionPrototype.invoke [as _invoke] (/usr/local/lib/node_modules/appium/node_modules/babel-runtime/regenerator/runtime.js:315:22)
&amp#27;[35m[MJSONWP]&amp#27;[39m     at GeneratorFunctionPrototype.prototype.(anonymous function) [as throw] (/usr/local/lib/node_modules/appium/node_modules/babel-runtime/regenerator/runtime.js:100:21)
&amp#27;[35m[MJSONWP]&amp#27;[39m     at GeneratorFunct&amp#27;[35m[HTTP]&amp#27;[39m &amp#27;[37m-->ionP&amp#27;[rototype.i39nvoke m &amp#27;(/u[37mPsrOST&amp#27;[39m &amp#27;[37/locmal/lib//wd/hub/senodssion/6e_moc03350du2-fd88-472le2-8b5b-92e91949d161/es/appium/lement&amp#27;[39node_modulesm
/babe&amp#27;[35m[HTTPl-runtime/regen]&amp#27;[39m erator/ru&amp#27;[ntime.90m{"usjs:ing"136:37)
:"id","value":"com.Slack:id/next_button_url_entry"}&amp#27;[39m
[debug] &amp#27;[35m[W3C]&amp#27;[39m Calling AppiumDriver.findElement() with args: ["id","com.Slack:id/next_button_url_entry","6c033502-fd88-4722-8b5b-92e91949d161"]
[debug] &amp#27;[35m[BaseDriver]&amp#27;[39m Valid locator strategies for this request: xpath, id, class name, accessibility id, -android uiautomator
[debug] &amp#27;[35m[BaseDriver]&amp#27;[39m Waiting up to 0 ms for condition
[debug] &amp#27;[35m[JSONWP Proxy]&amp#27;[39m Matched '/element' to command name 'findElement'
[debug] &amp#27;[35m[JSONWP Proxy]&amp#27;[39m Proxying [POST /element] to [POST http://localhost:8201/wd/hub/session/5a27c767-9791-4751-872d-2ed612cd606d/element] with body: {"strategy":"id","selector":"com.Slack:id/next_button_url_entry","context":"","multiple":false}
[debug] &amp#27;[35m[MJSONWP]&amp#27;[39m Matched JSONWP error code 7 to NoSuchElementError
&amp#27;[35m[MJSONWP]&amp#27;[39m Encountered internal error running command: NoSuchElementError: An element could not be located on the page using the given search parameters.
&amp#27;[35m[MJSONWP]&amp#27;[39m     at AndroidUiautomator2Driver.callee$0$0$ (/usr/local/lib/node_modules/appium/node_modules/&amp#27;[35m[HTTP]&amp#27;[39m &amp#27;[37m<-- POST /wd/hub/sesappium-android-driver/lib/commsion/6c033502-fd88-4722-8b5b-92e91949d161/elands/find.js:75:11)
&amp#27;[35m[MJSONWP]&amp#27;[39ement &amp#27;[39m&amp#27;[31m500&amp#27;[39m &amp#27;m     at tryCatch (/usr/lo[90cal/m2lib/node_m1 ms - 1odules/appium64/node_m&amp#27;[39m
od&amp#27;[35ules/m[HTbabel-rTP]&amp#27;[39untime/rm &amp#27;[90m&amp#27;[3ege9m
nerator/runtime.js:67:40)
&amp#27;[35m[MJSONWP]&amp#27;[39m     at GeneratorFunctionPrototype.invoke [as _invoke] (/usr/local/lib/node_modules/appium/node_modules/babel-runtime/regenerator/runtime.js:315:22)
&amp#27;[35m[MJSONWP]&amp#27;[39m     at GeneratorFunctionPrototype.prototype.(anonymous function) [as throw] (/usr/local/lib/node_modules/appium/node_modules/babel-runtime/regenerator/runtime.js:100:21)
&amp#27;[35m[MJSONWP]&amp#27;[39m     at GeneratorFunctionPrototype.invoke (/usr/local/lib/node_modules/appium/node_modules/babel-runtime/regenerator/runtime.js:136:37)
&amp#27;[35m[HTTP]&amp#27;[39m &amp#27;[37m-->&amp#27;[39m &amp#27;[37mPOST&amp#27;[39m &amp#27;[37m/wd/hub/session/6c033502-fd88-4722-8b5b-92e91949d161/element&amp#27;[39m
&amp#27;[35m[HTTP]&amp#27;[39m &amp#27;[90m{"using":"id","value":"com.Slack:id/next_button_url_entry"}&amp#27;[39m
[debug] &amp#27;[35m[W3C]&amp#27;[39m Calling AppiumDriver.findElement() with args: ["id","com.Slack:id/next_button_url_entry","6c033502-fd88-4722-8b5b-92e91949d161"]
[debug] &amp#27;[35m[BaseDriver]&amp#27;[39m Valid locator strategies for this request: xpath, id, class name, accessibility id, -android uiautomator
[debug] &amp#27;[35m[BaseDriver]&amp#27;[39m Waiting up to 0 ms for condition
[debug] &amp#27;[35m[JSONWP Proxy]&amp#27;[39m Matched '/element' to command name 'findElement'
[debug] &amp#27;[35m[JSONWP Proxy]&amp#27;[39m Proxying [POST /element] to [POST http://localhost:8201/wd/hub/session/5a27c767-9791-4751-872d-2ed612cd606d/element] with body: {"strategy":"id","selector":"com.Slack:id/next_button_url_entry","context":"","multiple":false}
[debug] &amp#27;[35m[MJSONWP]&amp#27;[39m Matched JSONWP error code 7 to NoSuchElementError
&amp#27;[35m[MJSONWP]&amp#27;[39m Encountered internal error running command: NoSuchElementError: An element could not be located on the page using the given search parameters.
&amp#27;[35m[MJSONWP]&amp#27;[39m     at AndroidUiautomator2Driver.callee$0$0$ (/usr/local/lib/node_modules/appium/node_modules/appium-android-driver/lib/comm&amp#27;[35m[HTTPands/]&amp#27;fi[39m &amp#27;[nd.js:75:37m<11)
&amp#27;--[3 PO5mST /wd/hub/[MJsessSONWionP]/6c03&amp#27;[350392-fd88-47m 22-8b5  b-92  ae91949d1t 61tryCatc/eleh (/usmer/local/lnt &amp#27;[3ib/9mnode&amp#27;[31m500_mod&amp#27;[ule39s/apm &amp#27;[pium/n90m25ode_ ms mo- dules164&amp#27;[/b39m
abe&amp#27;[35m[l-ruHTTPnti]&amp#27;[39m &amp#27;[90m&amp#27;[39m
me/regenerator/runtime.js:67:40)
&amp#27;[35m[MJSONWP]&amp#27;[39m     at GeneratorFunctionPrototype.invoke [as _invoke] (/usr/local/lib/node_modules/appium/node_modules/babel-runtime/regenerator/runtime.js:315:22)
&amp#27;[35m[MJSONWP]&amp#27;[39m     at GeneratorFunctionPrototype.prototype.(anonymous function) [as throw] (/usr/local/lib/node_modules/appium/node_modules/babel-runtime/regenerator/runtime.js:100:21)
&amp#27;[35m[MJSONWP]&amp#27;[39m     at GeneratorFunctionPrototype.invoke (/usr/local/lib/node_m&amp#27;[odules/35m[HapTTpiumP]&amp#27;[39m &amp#27;/n[3ode_mo7mdu-->&amp#27;[39m &amp#27;les/babel-runti[3me7m/regPOST&amp#27;[39m &amp#27;[37m/wd/hub/senerator/resuntime.js:sion13/6c03356:302-fd88-477)
22-8b5b-92e91949d161/element&amp#27;[39m
&amp#27;[35m[HTTP]&amp#27;[39m &amp#27;[90m{"using":"id","value":"com.Slack:id/next_button_url_entry"}&amp#27;[39m
[debug] &amp#27;[35m[W3C]&amp#27;[39m Calling AppiumDriver.findElement() with args: ["id","com.Slack:id/next_button_url_entry","6c033502-fd88-4722-8b5b-92e91949d161"]
[debug] &amp#27;[35m[BaseDriver]&amp#27;[39m Valid locator strategies for this request: xpath, id, class name, accessibility id, -android uiautomator
[debug] &amp#27;[35m[BaseDriver]&amp#27;[39m Waiting up to 0 ms for condition
[debug] &amp#27;[35m[JSONWP Proxy]&amp#27;[39m Matched '/element' to command name 'findElement'
[debug] &amp#27;[35m[JSONWP Proxy]&amp#27;[39m Proxying [POST /element] to [POST http://localhost:8201/wd/hub/session/5a27c767-9791-4751-872d-2ed612cd606d/element] with body: {"strategy":"id","selector":"com.Slack:id/next_button_url_entry","context":"","multiple":false}
[debug] &amp#27;[35m[MJSONWP]&amp#27;[39m Matched JSONWP error code 7 to NoSuchElementError
&amp#27;[35m[MJSONWP]&amp#27;[39m Encountered internal error running command: NoSuchElementError: An element could not be located on the page using the given search parameters.
&amp#27;[35m[MJSONWP]&amp#27;[39m     at AndroidUiautomator2Driver.callee$0$0$ (/usr/local/lib&amp#27;[3/n5m[odeHTTP]&amp#27;[3_m9m &amp#27;[od37ulm<es-- POST/appium/node_modules/app /wd/hium-android-drivuber/s/lession/6cib/co033502mmands/find.js:-f75:11d88-4)
722&amp#27;[35m[M-8b5bJSONW-92e91949d161/elemeP]&amp#27;[nt &amp#27;[39m&amp#27;[31m50039m     at t&amp#27;[39m &amp#27;ryC[9atch0m28 ms ( - 16/usr/lo4&amp#27;[cal/39lib/node_modm
ul&amp#27;[35m[HTTP]&amp#27;[39m &amp#27;[90mes/&amp#27;appi[39m
um/node_modules/babel-runtime/regenerator/runtime.js:67:40)
&amp#27;[35m[MJSONWP]&amp#27;[39m     at GeneratorFunctionPrototype.invoke [as _invoke] (/usr/local/lib/node_modules/appium/node_modules/babel-runtime/regenerator/runtime.js:315:22)
&amp#27;[35m[MJSONWP]&amp#27;[39m     at GeneratorFunctionPrototype.prototype.(anonymous function) [as throw] (/usr/local/lib/node_modules/appium/node_modules/babel-runtime/regenerator/runtime.js:100:21)
&amp#27;[35m[MJSONWP]&amp#27;[39m     at GeneratorFunctionPrototype.invoke (/usr/local/lib/node_modules/appium/node_modules/babel-runtime/regenerator/runtime.js&amp#27;[:1335m6:37)
[HTTP]&amp#27;[39m &amp#27;[37m-->&amp#27;[39m &amp#27;[37mPOST&amp#27;[39m &amp#27;[37m/wd/hub/session/6c033502-fd88-4722-8b5b-92e91949d161/element&amp#27;[39m
&amp#27;[35m[HTTP]&amp#27;[39m &amp#27;[90m{"using":"id","value":"com.Slack:id/next_button_url_entry"}&amp#27;[39m
[debug] &amp#27;[35m[W3C]&amp#27;[39m Calling AppiumDriver.findElement() with args: ["id","com.Slack:id/next_button_url_entry","6c033502-fd88-4722-8b5b-92e91949d161"]
[debug] &amp#27;[35m[BaseDriver]&amp#27;[39m Valid locator strategies for this request: xpath, id, class name, accessibility id, -android uiautomator
[debug] &amp#27;[35m[BaseDriver]&amp#27;[39m Waiting up to 0 ms for condition
[debug] &amp#27;[35m[JSONWP Proxy]&amp#27;[39m Matched '/element' to command name 'findElement'
[debug] &amp#27;[35m[JSONWP Proxy]&amp#27;[39m Proxying [POST /element] to [POST http://localhost:8201/wd/hub/session/5a27c767-9791-4751-872d-2ed612cd606d/element] with body: {"strategy":"id","selector":"com.Slack:id/next_button_url_entry","context":"","multiple":false}
[debug] &amp#27;[35m[MJSONWP]&amp#27;[39m Matched JSONWP error code 7 to NoSuchElementError
&amp#27;[35m[MJSONWP]&amp#27;[39m Encountered internal error running command: NoSuchElementError: An element could not be located on the page using the given search parameters.
&amp#27;[35m[MJSONWP]&amp#27;[39m     at AndroidUiautomator2Driver.callee$0$0$ (/usr/local/lib/node_modules/appium&amp#27;[/no35m[HdeTTP]&amp#27;[39m &amp#27;[37m<-- POST /wd/hub/_modules/session/6cappium-android-driver/lib/command033502-fd88-4722-s/8b5b-92e91949d161/elementfind.js:7 &amp#27;[5:39m&amp#27;[31m500&amp#27;[1139m )
&amp#27;[35m&amp#27;[90[MJSOm1NWP]&amp#27;[39m  9 ms    at tryCatc- 164&amp#27;[39m
h &amp#27;[35m[HTTP]&amp#27;(/usr/lo[39mcal/lib/ &amp#27;n[90ode_m&amp#27;[mo39m
dules/appium/node_modules/babel-runtime/regenerator/runtime.js:67:40)
&amp#27;[35m[MJSONWP]&amp#27;[39m     at GeneratorFunctionPrototype.invoke [as _invoke] (/usr/local/lib/node_modules/appium/node_modules/babel-runtime/regenerator/runtime.js:315:22)
&amp#27;[35m[MJSONWP]&amp#27;[39m     at GeneratorFunctionPrototype.prototype.(anonymous function) [as throw] (/usr/local/lib/node_modules/appium/node_modules/babel-runtime/regenerator/runtime.js:100:21)
&amp#27;[35m[MJSONWP]&amp#27;[39m     at GeneratorFunctionPrototype.invoke (/usr/local/lib/node_modules/appium/node_modules/babel-runtime/regenerator/runtime.js:136:37)
&amp#27;[35m[HTTP]&amp#27;[39m &amp#27;[37m-->&amp#27;[39m &amp#27;[37mPOST&amp#27;[39m &amp#27;[37m/wd/hub/session/6c033502-fd88-4722-8b5b-92e91949d161/element&amp#27;[39m
&amp#27;[35m[HTTP]&amp#27;[39m &amp#27;[90m{"using":"id","value":"com.Slack:id/next_button_url_entry"}&amp#27;[39m
[debug] &amp#27;[35m[W3C]&amp#27;[39m Calling AppiumDriver.findElement() with args: ["id","com.Slack:id/next_button_url_entry","6c033502-fd88-4722-8b5b-92e91949d161"]
[debug] &amp#27;[35m[BaseDriver]&amp#27;[39m Valid locator strategies for this request: xpath, id, class name, accessibility id, -android uiautomator
[debug] &amp#27;[35m[BaseDriver]&amp#27;[39m Waiting up to 0 ms for condition
[debug] &amp#27;[35m[JSONWP Proxy]&amp#27;[39m Matched '/element' to command name 'findElement'
[debug] &amp#27;[35m[JSONWP Proxy]&amp#27;[39m Proxying [POST /element] to [POST http://localhost:8201/wd/hub/session/5a27c767-9791-4751-872d-2ed612cd606d/element] with body: {"strategy":"id","selector":"com.Slack:id/next_button_url_entry","context":"","multiple":false}
[debug] &amp#27;[35m[MJSONWP]&amp#27;[39m Matched JSONWP error code 7 to NoSuchElementError
&amp#27;[35m[MJSONWP]&amp#27;[39m Encountered internal error running command: NoSuchElementError: An element could not be located on the page using the given search parameters.
&amp#27;[35m[MJSONWP]&amp#27;[39m     at AndroidUiautomator2Driver.callee$0$0$ (/usr/local/lib/node_modules/appium/&amp#27;[35m[HTTP]&amp#27;[39node_modulem &amp#27;[37m<-- POST /wd/hub/session/6c033502-fd88s/a-4722-8b5b-92epp91iu949dm-16android-d1/element &amp#27;[39m&amp#27;[3river/lib/comma1m500&amp#27;[39m &amp#27;[90m2nds/f0 msind.js - 1:75:64&amp#27;[11)39m

&amp#27;[35m[M&amp#27;[35m[HTTP]&amp#27;[3JSONWP9m &amp#27;[]&amp#27;[3909m m&amp#27;    [39mat
 tryCatch (/usr/local/lib/node_modules/appium/node_modules/babel-runtime/regenerator/runtime.js:67:40)
&amp#27;[35m[MJSONWP]&amp#27;[39m     at GeneratorFunctionPrototype.invoke [as _invoke] (/usr/local/lib/node_modules/appium/node_modules/babel-runtime/regenerator/runtime.js:315:22)
&amp#27;[35m[MJSONWP]&amp#27;[39m     at GeneratorFunctionPrototype.prototype.(anonymous function) [as throw] (/usr/local/lib/node_modules/appium/node_modules/babel-runtime/regenerator/runtime.js:100:21)
&amp#27;[35m[MJSONWP]&amp#27;[39m     at GeneratorFunctionPrototype.invoke (/usr/local/lib/node_modules/appium/node_modules/&amp#27;[3babel-r5m[HTTPunti]&amp#27;[39m &amp#27;me[37m-->&amp#27;[3/r9meg &amp#27;[37eneratormPOST&amp#27;/runt[39m i&amp#27;[3me.js:136:37)
7m/wd/hub/session/6c033502-fd88-4722-8b5b-92e91949d161/element&amp#27;[39m
&amp#27;[35m[HTTP]&amp#27;[39m &amp#27;[90m{"using":"id","value":"com.Slack:id/next_button_url_entry"}&amp#27;[39m
[debug] &amp#27;[35m[W3C]&amp#27;[39m Calling AppiumDriver.findElement() with args: ["id","com.Slack:id/next_button_url_entry","6c033502-fd88-4722-8b5b-92e91949d161"]
[debug] &amp#27;[35m[BaseDriver]&amp#27;[39m Valid locator strategies for this request: xpath, id, class name, accessibility id, -android uiautomator
[debug] &amp#27;[35m[BaseDriver]&amp#27;[39m Waiting up to 0 ms for condition
[debug] &amp#27;[35m[JSONWP Proxy]&amp#27;[39m Matched '/element' to command name 'findElement'
[debug] &amp#27;[35m[JSONWP Proxy]&amp#27;[39m Proxying [POST /element] to [POST http://localhost:8201/wd/hub/session/5a27c767-9791-4751-872d-2ed612cd606d/element] with body: {"strategy":"id","selector":"com.Slack:id/next_button_url_entry","context":"","multiple":false}
[debug] &amp#27;[35m[MJSONWP]&amp#27;[39m Matched JSONWP error code 7 to NoSuchElementError
&amp#27;[35m[MJSONWP]&amp#27;[39m Encountered internal error running command: NoSuchElementError: An element could not be located on the page using the given search parameters.
&amp#27;[35m[MJSONWP]&amp#27;[39m     at AndroidUiautomator2Driver.callee$0$0$ (/usr/local/lib/node_modu&amp#27;[35m[HTTles/apP]&amp#27;[39m &amp#27;[37m<-- POpiST /wd/hub/sesum/node_modsion/6c033502-fd88ul-4es/722-8b5b-92e919ap49d161/epium-lemandroiend-driver/lib/t &amp#27;[39m&amp#27;[31m50comm0&amp#27;an[3ds/f9m &amp#27;[90m19 ms - 164&amp#27;[in39m
d.js:&amp#27;[7535m[HT:11)
&amp#27;[35mTP[MJSONWP]]&amp#27;&amp#27;[39m[39m &amp#27;[90m     at tr&amp#27;[yC39atch m
(/usr/local/lib/node_modules/appium/node_modules/babel-runtime/regenerator/runtime.js:67:40)
&amp#27;[35m[MJSONWP]&amp#27;[39m     at GeneratorFunctionPrototype.invoke [as _invoke] (/usr/local/lib/node_modules/appium/node_modules/babel-runtime/regenerator/runtime.js:315:22)
&amp#27;[35m[MJSONWP]&amp#27;[39m     at GeneratorFunctionPrototype.prototype.(anonymous function) [as throw] (/usr/local/lib/node_modules/appium/node_modules/babel-runtime/regenerator/runtime.js:100:21)
&amp#27;[35m[MJSONWP]&amp#27;[39m     at GeneratorFunctionPrototype.invoke (/usr/local/lib/node_modules/appium/node_modules/babel-runtime/regenerator/runtime.js:136:37)
&amp#27;[35m[HTTP]&amp#27;[39m &amp#27;[37m-->&amp#27;[39m &amp#27;[37mPOST&amp#27;[39m &amp#27;[37m/wd/hub/session/6c033502-fd88-4722-8b5b-92e91949d161/element&amp#27;[39m
&amp#27;[35m[HTTP]&amp#27;[39m &amp#27;[90m{"using":"id","value":"com.Slack:id/next_button_url_entry"}&amp#27;[39m
[debug] &amp#27;[35m[W3C]&amp#27;[39m Calling AppiumDriver.findElement() with args: ["id","com.Slack:id/next_button_url_entry","6c033502-fd88-4722-8b5b-92e91949d161"]
[debug] &amp#27;[35m[BaseDriver]&amp#27;[39m Valid locator strategies for this request: xpath, id, class name, accessibility id, -android uiautomator
[debug] &amp#27;[35m[BaseDriver]&amp#27;[39m Waiting up to 0 ms for condition
[debug] &amp#27;[35m[JSONWP Proxy]&amp#27;[39m Matched '/element' to command name 'findElement'
[debug] &amp#27;[35m[JSONWP Proxy]&amp#27;[39m Proxying [POST /element] to [POST http://localhost:8201/wd/hub/session/5a27c767-9791-4751-872d-2ed612cd606d/element] with body: {"strategy":"id","selector":"com.Slack:id/next_button_url_entry","context":"","multiple":false}
[debug] &amp#27;[35m[MJSONWP]&amp#27;[39m Matched JSONWP error code 7 to NoSuchElementError
&amp#27;[35m[MJSONWP]&amp#27;[39m Encountered internal error running command: NoSuchElementError: An element could not be located on the page using the given search parameters.
&amp#27;[35m[MJSONWP]&amp#27;[39m     at AndroidUiautomator2Driver.callee$0$&amp#27;0$ (/usr/local/[35mlib/node_mod[HTTP]&amp#27;ule[39ms/appium/node &amp#27;[3_m7modules/appiu<-- Pm-andrOST /wd/hoid-drivub/sesser/liion/6c03350b/c2-fd88-4722-8ommands/find.js:75:1b5b-92e91949d11)
61/elemen&amp#27;[t &amp#27;[39m&amp#27;[31m535m00&amp#27;[39m &amp#27;[90[MJSOm20 ms - NWP]&amp#27;[39m 164&amp#27;    a[39mt tr
yCatc&amp#27;[35m[HTTP]h (/&amp#27;[usr/local/39m &amp#27;[li90m&amp#27;[39b/nodem
_modules/appium/node_modules/babel-runtime/regenerator/runtime.js:67:40)
&amp#27;[35m[MJSONWP]&amp#27;[39m     at GeneratorFunctionPrototype.invoke [as _invoke] (/usr/local/lib/node_modules/appium/node_modules/babel-runtime/regenerator/runtime.js:315:22)
&amp#27;[35m[MJSONWP]&amp#27;[39m     at GeneratorFunctionPrototype.prototype.(anonymous function) [as throw] (/usr/local/lib/node_modules/appium/node_modules/babel-runtime/regenerator/runtime.js:100:21)
&amp#27;[35m[MJSONWP]&amp#27;[39m     at Gene&amp#27;[rat35m[orFunctHTTP]&amp#27;[3ionPr9mototype &amp#27;[37m-->&amp#27;[.in39vokm &amp#27;[37mPOSTe (/usr/loc&amp#27;[39m &amp#27;[37m/al/lib/node_mwd/hub/seodssuleion/6c033502-s/apfdpium88-4/7n22-8b5b-92e9194ode_mod9dules/babel161-runti/eme/lementrege&amp#27;[39m
nera&amp#27;[35m[HTtorTP/runtime.js:136:37)
]&amp#27;[39m &amp#27;[90m{"using":"id","value":"com.Slack:id/next_button_url_entry"}&amp#27;[39m
[debug] &amp#27;[35m[W3C]&amp#27;[39m Calling AppiumDriver.findElement() with args: ["id","com.Slack:id/next_button_url_entry","6c033502-fd88-4722-8b5b-92e91949d161"]
[debug] &amp#27;[35m[BaseDriver]&amp#27;[39m Valid locator strategies for this request: xpath, id, class name, accessibility id, -android uiautomator
[debug] &amp#27;[35m[BaseDriver]&amp#27;[39m Waiting up to 0 ms for condition
[debug] &amp#27;[35m[JSONWP Proxy]&amp#27;[39m Matched '/element' to command name 'findElement'
[debug] &amp#27;[35m[JSONWP Proxy]&amp#27;[39m Proxying [POST /element] to [POST http://localhost:8201/wd/hub/session/5a27c767-9791-4751-872d-2ed612cd606d/element] with body: {"strategy":"id","selector":"com.Slack:id/next_button_url_entry","context":"","multiple":false}
[debug] &amp#27;[35m[MJSONWP]&amp#27;[39m Matched JSONWP error code 7 to NoSuchElementError
&amp#27;[35m[MJSONWP]&amp#27;[39m Encountered internal error running command: NoSuchElementError: An element could not be located on the page using the given search parameters.
&amp#27;[35m[MJSONWP]&amp#27;[39m     at AndroidUiautomator2Driver.callee$0$0$ (/usr/local/lib/node_modules/&amp#27;[35m[HTTP]&amp#27;[appium/node_mod39m &amp#27;ul[3es/appium-android7m<-- P-dOST /wriver/lib/comd/hub/session/6mac0335nds/find02.js:75:11)
&amp#27;[35m-fd[M88JSONWP]-472&amp#27;[39m    2-8b5b-92e9194 at t9d161/element &amp#27;[39m&amp#27;[ryCatch (31/usr/lm5ocal00/lib/no&amp#27;[39m de_modules/appium/node_modules/babel-&amp#27;[90m2runtim0 e/msregenerator/runt - 1ime.js:64&amp#27;[67:4039m)
&amp#27;[35m[MJ
SONWP&amp#27;[35m]&amp#27;[HTTP]&amp#27;[39m &amp#27;[90m&amp#27;[39m[39m   
  at GeneratorFunctionPrototype.invoke [as _invoke] (/usr/local/lib/node_modules/appium/node_modules/babel-runtime/regenerator/runtime.js:315:22)
&amp#27;[35m[MJSONWP]&amp#27;[39m     at GeneratorFunctionPrototype.prototype.(anonymous function) [as throw] (/usr/local/lib/node_modules/appium/node_modules/babel-runtime/regenerator/runtime.js:100:21)
&amp#27;[35m[MJSONWP]&amp#27;[39m     at GeneratorFunctionPrototype.invoke (/usr/local/lib/node_modules/appium/node_modules/bab&amp#27;[35m[HTTP]&amp#27;el-runt[39m &amp#27;[37m-im->&amp#27;[e/regenerator/runti39m &amp#27;[me.j37ms:13POST&amp#27;[39m &amp#27;[37m/wd/hub/session/6:6c033502-fd837)
8-4722-8b5b-92e91949d161/element&amp#27;[39m
&amp#27;[35m[HTTP]&amp#27;[39m &amp#27;[90m{"using":"id","value":"com.Slack:id/next_button_url_entry"}&amp#27;[39m
[debug] &amp#27;[35m[W3C]&amp#27;[39m Calling AppiumDriver.findElement() with args: ["id","com.Slack:id/next_button_url_entry","6c033502-fd88-4722-8b5b-92e91949d161"]
[debug] &amp#27;[35m[BaseDriver]&amp#27;[39m Valid locator strategies for this request: xpath, id, class name, accessibility id, -android uiautomator
[debug] &amp#27;[35m[BaseDriver]&amp#27;[39m Waiting up to 0 ms for condition
[debug] &amp#27;[35m[JSONWP Proxy]&amp#27;[39m Matched '/element' to command name 'findElement'
[debug] &amp#27;[35m[JSONWP Proxy]&amp#27;[39m Proxying [POST /element] to [POST http://localhost:8201/wd/hub/session/5a27c767-9791-4751-872d-2ed612cd606d/element] with body: {"strategy":"id","selector":"com.Slack:id/next_button_url_entry","context":"","multiple":false}
[debug] &amp#27;[35m[MJSONWP]&amp#27;[39m Matched JSONWP error code 7 to NoSuchElementError
&amp#27;[35m[MJSONWP]&amp#27;[39m Encountered internal error running command: NoSuchElementError: An element could not be located on the page using the given search parameters.
&amp#27;[35m[MJSONWP]&amp#27;[39m     at AndroidUiautomator2Driver.callee$0$0$ (/usr/local/lib/node_modules/appium/node_modules/appium-android-driver&amp#27;[35m[HTTP]&amp#27;[39m &amp#27;[37m<-- POST //lwd/hub/sesib/commandsis/fionnd.js:7/6c033505:11)
&amp#27;[32-fd88-4722-8b5b-92e95m[MJSONWP]&amp#27;[39m1949d161/eleme    nt at tryCatch (/usr/local/ &amp#27;[39m&amp#27;lib[3/nod1m5e_mo00du&amp#27;[le39m &amp#27;[90ms/appium/23 mnodes - 164&amp#27;[39m
_m&amp#27;[35m[HTTP]odul&amp#27;[es39m &amp#27;[90/bm&amp#27;abel-runti[39mme
/regenerator/runtime.js:67:40)
&amp#27;[35m[MJSONWP]&amp#27;[39m     at GeneratorFunctionPrototype.invoke [as _invoke] (/usr/local/lib/node_modules/appium/node_modules/babel-runtime/regenerator/runtime.js:315:22)
&amp#27;[35m[MJSONWP]&amp#27;[39m     at GeneratorFunctionPrototype.prototype.(anonymous function) [as throw] (/usr/local/lib/node_modules/appium/node_modules/babel-runtime/regenerator/runtime.js:100:21)
&amp#27;[35m[MJSONWP]&amp#27;[39m     at GeneratorFunctionPrototype.invoke (/usr/local/lib/node_modules/appium/node_modules/babel-runtime/regenerator/runtime.js:136:37)
&amp#27;[35m[HTTP]&amp#27;[39m &amp#27;[37m-->&amp#27;[39m &amp#27;[37mPOST&amp#27;[39m &amp#27;[37m/wd/hub/session/6c033502-fd88-4722-8b5b-92e91949d161/element&amp#27;[39m
&amp#27;[35m[HTTP]&amp#27;[39m &amp#27;[90m{"using":"id","value":"com.Slack:id/next_button_url_entry"}&amp#27;[39m
[debug] &amp#27;[35m[W3C]&amp#27;[39m Calling AppiumDriver.findElement() with args: ["id","com.Slack:id/next_button_url_entry","6c033502-fd88-4722-8b5b-92e91949d161"]
[debug] &amp#27;[35m[BaseDriver]&amp#27;[39m Valid locator strategies for this request: xpath, id, class name, accessibility id, -android uiautomator
[debug] &amp#27;[35m[BaseDriver]&amp#27;[39m Waiting up to 0 ms for condition
[debug] &amp#27;[35m[JSONWP Proxy]&amp#27;[39m Matched '/element' to command name 'findElement'
[debug] &amp#27;[35m[JSONWP Proxy]&amp#27;[39m Proxying [POST /element] to [POST http://localhost:8201/wd/hub/session/5a27c767-9791-4751-872d-2ed612cd606d/element] with body: {"strategy":"id","selector":"com.Slack:id/next_button_url_entry","context":"","multiple":false}
[debug] &amp#27;[35m[MJSONWP]&amp#27;[39m Matched JSONWP error code 7 to NoSuchElementError
&amp#27;[35m[MJSONWP]&amp#27;[39m Encountered internal error running command: NoSuchElementError: An element could not be located on the page using the given search parameters.
&amp#27;[35m[MJSONWP]&amp#27;[39m     at AndroidUiautomator2Driver.callee$0$0$ (/usr/local/lib/node_modules/appium/node_modules/appium-android-driver/lib/commands/f&amp#27;[35m[HTTP]&amp#27;[39inm &amp#27;[37m<-- POSTd.js /wd/hub/:75:11session/6c033)502-fd88-4722
&amp#27;-8b5b-92e91949d[35m[MJSONWP]&amp#27;[39m     at161/el temenryt Catch (/usr/loc&amp#27;[al/li39m&amp#27;[b/node_modul31m500e&amp#27;[39m &amp#27;[s/appiu90m/nom22 de_ms modules- 16/babel-r4&amp#27;untime/regenera[39tom
r/&amp#27;[run35tim[HTTme.js:6P]7:40)
&amp#27;[39m&amp#27;[3 &amp#27;[90m&amp#27;[39m5m[
MJSONWP]&amp#27;[39m     at GeneratorFunctionPrototype.invoke [as _invoke] (/usr/local/lib/node_modules/appium/node_modules/babel-runtime/regenerator/runtime.js:315:22)
&amp#27;[35m[MJSONWP]&amp#27;[39m     at GeneratorFunctionPrototype.prototype.(anonymous function) [as throw] (/usr/local/lib/node_modules/appium/node_modules/babel-runtime/regenerator/runtime.js:100:21)
&amp#27;[35m[MJSONWP]&amp#27;[39m     at GeneratorFunctionPr&amp#27;[35m[HototyTTP]&amp#27;[39pe.im &amp#27;[nvoke 37m-->&amp#27;[3(/u9m &amp#27;sr[37mPOST&amp#27;[39m &amp#27;/local/lib/nod[37m/wde_/hub/sesmodusiles/on/6c0appium/33no502-fd88-4722-8b5b-de_mo92dules/babel-runte91949imd16e/r1/element&amp#27;[egenerator/runtime.js:39m
13&amp#27;[36:37)
5m[HTTP]&amp#27;[39m &amp#27;[90m{"using":"id","value":"com.Slack:id/next_button_url_entry"}&amp#27;[39m
[debug] &amp#27;[35m[W3C]&amp#27;[39m Calling AppiumDriver.findElement() with args: ["id","com.Slack:id/next_button_url_entry","6c033502-fd88-4722-8b5b-92e91949d161"]
[debug] &amp#27;[35m[BaseDriver]&amp#27;[39m Valid locator strategies for this request: xpath, id, class name, accessibility id, -android uiautomator
[debug] &amp#27;[35m[BaseDriver]&amp#27;[39m Waiting up to 0 ms for condition
[debug] &amp#27;[35m[JSONWP Proxy]&amp#27;[39m Matched '/element' to command name 'findElement'
[debug] &amp#27;[35m[JSONWP Proxy]&amp#27;[39m Proxying [POST /element] to [POST http://localhost:8201/wd/hub/session/5a27c767-9791-4751-872d-2ed612cd606d/element] with body: {"strategy":"id","selector":"com.Slack:id/next_button_url_entry","context":"","multiple":false}
[debug] &amp#27;[35m[MJSONWP]&amp#27;[39m Matched JSONWP error code 7 to NoSuchElementError
&amp#27;[35m[MJSONWP]&amp#27;[39m Encountered internal error running command: NoSuchElementError: An element could not be located on the page using the given search parameters.
&amp#27;[35m[MJSONWP]&amp#27;[39m     at AndroidUiautomator2Driver.callee$0$0$ (/usr&amp#27;[35m[HTTP]&amp#27;[39m &amp#27;[/l37m<-- POSTocal/lib/node_mod /wd/hub/sessioun/6c0les/335appium/n02-ode_modulefds/a88-472ppium-an2-8b5b-droid92e919-49d161/element &amp#27;[39m&amp#27;[31m50driver/li0&amp#27;[39b/commm &amp#27;ands/[90m2find1 ms -.js 16:74&amp#27;[39m
&amp#27;[5:11)
&amp#27;35m[HTTP]&amp#27;[3[39m &amp#27;[905mm&amp#27;[[M39JSONWPm
]&amp#27;[39m     at tryCatch (/usr/local/lib/node_modules/appium/node_modules/babel-runtime/regenerator/runtime.js:67:40)
&amp#27;[35m[MJSONWP]&amp#27;[39m     at GeneratorFunctionPrototype.invoke [as _invoke] (/usr/local/lib/node_modules/appium/node_modules/babel-runtime/regenerator/runtime.js:315:22)
&amp#27;[35m[MJSONWP]&amp#27;[39m     at GeneratorFunctionPrototype.prototype.(anonymous function) [as throw] (/usr/local/lib/node_modules/appium/node_modules/babel-runtime/regenerator/runtime.js:100:21)
&amp#27;[35m[MJSONWP]&amp#27;[39m     at GeneratorFunctionPrototype.invoke (/usr/local/lib/node_modules/appium/node_modules/babel-runtime/regenerator/runtime.js:136:37)
&amp#27;[35m[HTTP]&amp#27;[39m &amp#27;[37m-->&amp#27;[39m &amp#27;[37mPOST&amp#27;[39m &amp#27;[37m/wd/hub/session/6c033502-fd88-4722-8b5b-92e91949d161/element&amp#27;[39m
&amp#27;[35m[HTTP]&amp#27;[39m &amp#27;[90m{"using":"id","value":"com.Slack:id/next_button_url_entry"}&amp#27;[39m
[debug] &amp#27;[35m[W3C]&amp#27;[39m Calling AppiumDriver.findElement() with args: ["id","com.Slack:id/next_button_url_entry","6c033502-fd88-4722-8b5b-92e91949d161"]
[debug] &amp#27;[35m[BaseDriver]&amp#27;[39m Valid locator strategies for this request: xpath, id, class name, accessibility id, -android uiautomator
[debug] &amp#27;[35m[BaseDriver]&amp#27;[39m Waiting up to 0 ms for condition
[debug] &amp#27;[35m[JSONWP Proxy]&amp#27;[39m Matched '/element' to command name 'findElement'
[debug] &amp#27;[35m[JSONWP Proxy]&amp#27;[39m Proxying [POST /element] to [POST http://localhost:8201/wd/hub/session/5a27c767-9791-4751-872d-2ed612cd606d/element] with body: {"strategy":"id","selector":"com.Slack:id/next_button_url_entry","context":"","multiple":false}
[debug] &amp#27;[35m[MJSONWP]&amp#27;[39m Matched JSONWP error code 7 to NoSuchElementError
&amp#27;[35m[MJSONWP]&amp#27;[39m Encountered internal error running command: NoSuchElementError: An element could not be located on the page using the given search parameters.
&amp#27;[35m[MJSONWP]&amp#27;[39m     at AndroidUiautomator2Driver.callee$0$0$ (/usr/local/lib/node_modules/appium/node&amp#27;[35m_mod[HTuleTP]&amp#27;[39m &amp#27;[37m<-- POs/STap /wd/piumhub/s-aessindon/6c03ro3502-fid-driver/lib/cod88-472mman2-8b5b-92ds/find.e9js:1949d161/el75ement &amp#27;[39:1m&amp#27;[311)
&amp#27;[35m[MJSONWPm500&amp#27;[39m &amp#27;]&amp#27;[[939m     at0m1 tryCa8 ms - 16tch4&amp#27;[3 (9m/usr
/local&amp#27;[35m[HTTP]&amp#27;[/lib/node_modules/appium/node_39mmodu &amp#27;[le90m&amp#27;[39m
s/babel-runtime/regenerator/runtime.js:67:40)
&amp#27;[35m[MJSONWP]&amp#27;[39m     at GeneratorFunctionPrototype.invoke [as _invoke] (/usr/local/lib/node_modules/appium/node_modules/babel-runtime/regenerator/runtime.js:315:22)
&amp#27;[35m[MJSONWP]&amp#27;[39m     at GeneratorFunctionPrototype.prototype.(anonymous function) [as throw] (/usr/local/lib/node_modules/appium/node_modules/babel-runtime/regenerator/runtime.js:100:21)
&amp#27;[35m[MJSONWP]&amp#27;[39m     at GeneratorFunctionPrototype.invoke (/usr/local/lib/node_modules/appium/node_modules/babel-runtime/regenerator/runtime.js:136:37)
&amp#27;[35m[HTTP]&amp#27;[39m &amp#27;[37m-->&amp#27;[39m &amp#27;[37mPOST&amp#27;[39m &amp#27;[37m/wd/hub/session/6c033502-fd88-4722-8b5b-92e91949d161/element&amp#27;[39m
&amp#27;[35m[HTTP]&amp#27;[39m &amp#27;[90m{"using":"id","value":"com.Slack:id/next_button_url_entry"}&amp#27;[39m
[debug] &amp#27;[35m[W3C]&amp#27;[39m Calling AppiumDriver.findElement() with args: ["id","com.Slack:id/next_button_url_entry","6c033502-fd88-4722-8b5b-92e91949d161"]
[debug] &amp#27;[35m[BaseDriver]&amp#27;[39m Valid locator strategies for this request: xpath, id, class name, accessibility id, -android uiautomator
[debug] &amp#27;[35m[BaseDriver]&amp#27;[39m Waiting up to 0 ms for condition
[debug] &amp#27;[35m[JSONWP Proxy]&amp#27;[39m Matched '/element' to command name 'findElement'
[debug] &amp#27;[35m[JSONWP Proxy]&amp#27;[39m Proxying [POST /element] to [POST http://localhost:8201/wd/hub/session/5a27c767-9791-4751-872d-2ed612cd606d/element] with body: {"strategy":"id","selector":"com.Slack:id/next_button_url_entry","context":"","multiple":false}
[debug] &amp#27;[35m[MJSONWP]&amp#27;[39m Matched JSONWP error code 7 to NoSuchElementError
&amp#27;[35m[MJSONWP]&amp#27;[39m Encountered internal error running command: NoSuchElementError: An element could not be located on the page using the given search parameters.
&amp#27;[35m[MJSONWP]&amp#27;[39m     at AndroidUiautomator2Driver.callee$0$&amp#27;[0$ (/usr/35m[HloTTP]&amp#27;[39cal/lib/m &amp#27;[node_37mom<du-- POles/appST /iuwd/hub/m/node_modulesession/6c0335s/appium-android-d02-fdriver/lib/co88-4722-mman8b5bds/find.-92ejs:7591949d1:161/e1)
&amp#27;[35m[leMJSONWP]ment&amp#27;[39m    &amp#27;[39m&amp#27;[3  at 1m500&amp#27;[3tryCatch (/us9m &amp#27;[90m19 ms - 164&amp#27;r/loca[3l/9m
li&amp#27;[35m[HTTP]&amp#27;b/[3node_modules/appium9m &amp#27;[90/nom&amp#27;[39m
de_modules/babel-runtime/regenerator/runtime.js:67:40)
&amp#27;[35m[MJSONWP]&amp#27;[39m     at GeneratorFunctionPrototype.invoke [as _invoke] (/usr/local/lib/node_modules/appium/node_modules/babel-runtime/regenerator/runtime.js:315:22)
&amp#27;[35m[MJSONWP]&amp#27;[39m     at GeneratorFunctionPrototype.prototype.(anonymous function) [as throw] (/usr/local/lib/node_modules/appium/node_modules/babel-runtime/regenerator/runtime.js:100:21)
&amp#27;[35m[MJSONWP]&amp#27;[39m     at GeneratorFunctionPrototype.invoke (/usr/local/lib/node_modules/appium/node_&amp#27;[35mom[dulHTTP]&amp#27;[39mes &amp#27;[37m-->&amp#27;[39m &amp#27;[37m/baPOST&amp#27;[39m be&amp#27;[l-37rum/wd/ntimehub//regenerator/runtime.js:ses13sion/66:37c033502-fd)
88-4722-8b5b-92e91949d161/element&amp#27;[39m
&amp#27;[35m[HTTP]&amp#27;[39m &amp#27;[90m{"using":"id","value":"com.Slack:id/next_button_url_entry"}&amp#27;[39m
[debug] &amp#27;[35m[W3C]&amp#27;[39m Calling AppiumDriver.findElement() with args: ["id","com.Slack:id/next_button_url_entry","6c033502-fd88-4722-8b5b-92e91949d161"]
[debug] &amp#27;[35m[BaseDriver]&amp#27;[39m Valid locator strategies for this request: xpath, id, class name, accessibility id, -android uiautomator
[debug] &amp#27;[35m[BaseDriver]&amp#27;[39m Waiting up to 0 ms for condition
[debug] &amp#27;[35m[JSONWP Proxy]&amp#27;[39m Matched '/element' to command name 'findElement'
[debug] &amp#27;[35m[JSONWP Proxy]&amp#27;[39m Proxying [POST /element] to [POST http://localhost:8201/wd/hub/session/5a27c767-9791-4751-872d-2ed612cd606d/element] with body: {"strategy":"id","selector":"com.Slack:id/next_button_url_entry","context":"","multiple":false}
[debug] &amp#27;[35m[MJSONWP]&amp#27;[39m Matched JSONWP error code 7 to NoSuchElementError
&amp#27;[35m[MJSONWP]&amp#27;[39m Encountered internal error running command: NoSuchElementError: An element could not be located on the page using the given search parameters.
&amp#27;[35m[MJSONWP]&amp#27;[39m     at AndroidUiautomator2Driver.callee$0$0$ (/usr/local/lib&amp#27;[/node_m35odm[HTulTPes]&amp#27;[3/app9m &amp#27;ium/node_m[3odules/a7mppium-an<-- POdrST /wd/hub/seoid-driverss/lib/commion/6c033ands502/find.js:75:-fd188-47221)
&amp#27;[35m[M-8b5b-92e919JSONWP]&amp#27;[39m49d161/element   &amp#27;[  39 at trm&amp#27;[31m500&amp#27;[39m yCa&amp#27;[90m19 ms - 164&amp#27;[3t9m
ch (/&amp#27;[usr/35m[HTloTP]&amp#27;[39m &amp#27;[ca90m&amp#27;[3l/9m
lib/node_modules/appium/node_modules/babel-runtime/regenerator/runtime.js:67:40)
&amp#27;[35m[MJSONWP]&amp#27;[39m     at GeneratorFunctionPrototype.invoke [as _invoke] (/usr/local/lib/node_modules/appium/node_modules/babel-runtime/regenerator/runtime.js:315:22)
&amp#27;[35m[MJSONWP]&amp#27;[39m     at GeneratorFunctionPrototype.prototype.(anonymous function) [as throw] (/usr/local/lib/node_modules/appium/node_modules/babel-runtime/regenerator/runtime.js:100:21)
&amp#27;[35m[MJSONWP]&amp#27;[39m     at GeneratorFunct&amp#27;[ionPr35m[HTTP]ototype.in&amp#27;[39m &amp#27;vok[37me -->&amp#27;[39m &amp#27;[(/usr/lo37mPOcaST&amp#27;[39m &amp#27;[37ml/lib/node_modules/appiu/wdm//hunode_modules/babel-runtime/regenerator/runtime.js:136:b/session/6c033502-fd8837)
-4722-8b5b-92e91949d161/element&amp#27;[39m
&amp#27;[35m[HTTP]&amp#27;[39m &amp#27;[90m{"using":"id","value":"com.Slack:id/next_button_url_entry"}&amp#27;[39m
[debug] &amp#27;[35m[W3C]&amp#27;[39m Calling AppiumDriver.findElement() with args: ["id","com.Slack:id/next_button_url_entry","6c033502-fd88-4722-8b5b-92e91949d161"]
[debug] &amp#27;[35m[BaseDriver]&amp#27;[39m Valid locator strategies for this request: xpath, id, class name, accessibility id, -android uiautomator
[debug] &amp#27;[35m[BaseDriver]&amp#27;[39m Waiting up to 0 ms for condition
[debug] &amp#27;[35m[JSONWP Proxy]&amp#27;[39m Matched '/element' to command name 'findElement'
[debug] &amp#27;[35m[JSONWP Proxy]&amp#27;[39m Proxying [POST /element] to [POST http://localhost:8201/wd/hub/session/5a27c767-9791-4751-872d-2ed612cd606d/element] with body: {"strategy":"id","selector":"com.Slack:id/next_button_url_entry","context":"","multiple":false}
[debug] &amp#27;[35m[MJSONWP]&amp#27;[39m Matched JSONWP error code 7 to NoSuchElementError
&amp#27;[35m[MJSONWP]&amp#27;[39m Encountered internal error running command: NoSuchElementError: An element could not be located on the page using the given search parameters.
&amp#27;[35m[MJSONWP]&amp#27;[39m     at AndroidUiautomator2Driver.callee$0$0$ (/usr/local/lib/node_modules&amp#27;[35/appium[Hm/node_moTTP]dule&amp#27;[39m &amp#27;s/appium-android-d[37m<-- POSrivT /wd/huer/lib/commab/sndsession/find/6.jc033s:75:11)
&amp#27;[5035m[MJSONW2-fP]&amp#27;[39d8m     8-472at tryCa2-tch 8b5b-92e9(/usr1949d161/ele/locamenl/lit b/node_mod&amp#27;[39m&amp#27;[ules31m500/appi&amp#27;[39mum &amp#27;[90m21 ms - 164&amp#27;[39m
/n&amp#27;[od35m[HTTPe_module]&amp#27;s/ba[39mbe &amp#27;l-run[90mti&amp#27;[39m
me/regenerator/runtime.js:67:40)
&amp#27;[35m[MJSONWP]&amp#27;[39m     at GeneratorFunctionPrototype.invoke [as _invoke] (/usr/local/lib/node_modules/appium/node_modules/babel-runtime/regenerator/runtime.js:315:22)
&amp#27;[35m[MJSONWP]&amp#27;[39m     at GeneratorFunctionPrototype.prototype.(anonymous function) [as throw] (/usr/local/lib/node_modules/appium/node_modules/babel-runtime/regenerator/runtime.js:100&amp#27;[35m:21)
&amp#27;[[HTT35m[MJP]&amp#27;[39SONWm P]&amp#27;[39m     a&amp#27;[t 37m-->&amp#27;[39m &amp#27;[37mPOST&amp#27;[39Genem rat&amp#27;[orF37mun/wd/hub/ctionPsesrosion/to6c03type.3502invok-fd8e 8-(/usr/local4722-8b5b/lib/no-92e9de19_m49d161/eleodulment&amp#27;[39es/apm
pi&amp#27;[3um5m/n[HTTP]&amp#27;[3ode9m_module &amp#27;[90m{"usis/bang"bel-r:"unidti",me/r"valuege":"com.Slack:ienerad/netorxt_/rbuttountime.n_url_ejsntry"}&amp#27;[:136:3397)
m
[debug] &amp#27;[35m[W3C]&amp#27;[39m Calling AppiumDriver.findElement() with args: ["id","com.Slack:id/next_button_url_entry","6c033502-fd88-4722-8b5b-92e91949d161"]
[debug] &amp#27;[35m[BaseDriver]&amp#27;[39m Valid locator strategies for this request: xpath, id, class name, accessibility id, -android uiautomator
[debug] &amp#27;[35m[BaseDriver]&amp#27;[39m Waiting up to 0 ms for condition
[debug] &amp#27;[35m[JSONWP Proxy]&amp#27;[39m Matched '/element' to command name 'findElement'
[debug] &amp#27;[35m[JSONWP Proxy]&amp#27;[39m Proxying [POST /element] to [POST http://localhost:8201/wd/hub/session/5a27c767-9791-4751-872d-2ed612cd606d/element] with body: {"strategy":"id","selector":"com.Slack:id/next_button_url_entry","context":"","multiple":false}
[debug] &amp#27;[35m[MJSONWP]&amp#27;[39m Matched JSONWP error code 7 to NoSuchElementError
&amp#27;[35m[MJSONWP]&amp#27;[39m Encountered internal error running command: NoSuchElementError: An element could not be located on the page using the given search parameters.
&amp#27;[35m[MJSONWP]&amp#27;[39m     at AndroidUiautomator2Driver.callee$0$0$ (/usr/local/lib/node_modules/appium/node_modules/appium-android-driver/lib/commands/find.js:75:11)
&amp#27;[35m[MJSONWP]&amp#27;[39m     at tryCatch (/&amp#27;usr/local/lib/node_m[odules/35m[HTTP]ap&amp#27;[39m &amp#27;[3pi7mum<-- POST //node_mwd/hodub/sessiouln/es6c03350/b2-fd88-47abe22-8b5b-92el-r91949untime/red161/generatoelement r/r&amp#27;[3un9mti&amp#27;[31m5me.j00&amp#27;s:[3967:40m &amp#27;[90m27 ms - 164&amp#27;)
[39m
&amp#27;[35m[H&amp#27;[35mTTP]&amp#27;[[MJSONWP]&amp#27;[39m     at Gen39merato &amp#27;[9rFunc0m&amp#27;[3ti9m
onPrototype.invoke [as _invoke] (/usr/local/lib/node_modules/appium/node_modules/babel-runtime/regenerator/runtime.js:315:22)
&amp#27;[35m[MJSONWP]&amp#27;[39m     at GeneratorFunctionPrototype.prototype.(anonymous function) [as throw] (/usr/local/lib/node_modules/appium/node_modules/babel-runtime/regenerator/runtime.js:100:21)
&amp#27;[35m[MJSONWP]&amp#27;[39m     at GeneratorFunctionPrototype.invoke (/usr/local/lib/node_modules/appium/node_modules/babel-runtime/regenerator/runtime.js:136:37)
&amp#27;[35m[HTTP]&amp#27;[39m &amp#27;[37m-->&amp#27;[39m &amp#27;[37mPOST&amp#27;[39m &amp#27;[37m/wd/hub/session/6c033502-fd88-4722-8b5b-92e91949d161/element&amp#27;[39m
&amp#27;[35m[HTTP]&amp#27;[39m &amp#27;[90m{"using":"id","value":"com.Slack:id/next_button_url_entry"}&amp#27;[39m
[debug] &amp#27;[35m[W3C]&amp#27;[39m Calling AppiumDriver.findElement() with args: ["id","com.Slack:id/next_button_url_entry","6c033502-fd88-4722-8b5b-92e91949d161"]
[debug] &amp#27;[35m[BaseDriver]&amp#27;[39m Valid locator strategies for this request: xpath, id, class name, accessibility id, -android uiautomator
[debug] &amp#27;[35m[BaseDriver]&amp#27;[39m Waiting up to 0 ms for condition
[debug] &amp#27;[35m[JSONWP Proxy]&amp#27;[39m Matched '/element' to command name 'findElement'
[debug] &amp#27;[35m[JSONWP Proxy]&amp#27;[39m Proxying [POST /element] to [POST http://localhost:8201/wd/hub/session/5a27c767-9791-4751-872d-2ed612cd606d/element] with body: {"strategy":"id","selector":"com.Slack:id/next_button_url_entry","context":"","multiple":false}
[debug] &amp#27;[35m[MJSONWP]&amp#27;[39m Matched JSONWP error code 7 to NoSuchElementError
&amp#27;[35m[MJSONWP]&amp#27;[39m Encountered internal error running command: NoSuchElementError: An element could not be located on the page using the given search parameters.
&amp#27;[35m[MJSONWP]&amp#27;[39m     at AndroidUiautomator2Driver.callee$0$0$ (/usr/local/lib/node_modules/appium/node_modules/appium-android-driver/lib/command&amp#27;[35m[HTTP]&amp#27;[39m &amp#27;[37m<-- POST /wd/hub/session/6c0s/fi33n502-fd.d88-js:75:4722-811)
&amp#27;[35m[MJSb5b-92ONe91949dWP16]&amp#27;[39m     at try1/elementCatch (/usr/ &amp#27;[39mlo&amp#27;[31m500&amp#27;[39m &amp#27;[90m2cal/0 mslib/node_m - 1odu64les/appium/&amp#27;[3node_modu9m
le&amp#27;[s/35babel-rm[HTuntimTP]&amp#27;[e/regenerator/runtime39.js:67:40m &amp#27;[90m)
&amp#27;[&amp#27;[39m35m[
MJSONWP]&amp#27;[39m     at GeneratorFunctionPrototype.invoke [as _invoke] (/usr/local/lib/node_modules/appium/node_modules/babel-runtime/regenerator/runtime.js:315:22)
&amp#27;[35m[MJSONWP]&amp#27;[39m     at GeneratorFunctionPrototype.prototype.(anonymous function) [as throw] (/usr/local/lib/node_modules/appium/node_modules/babel-runtime/regenerator/runtime.js:100:21)
&amp#27;[35m[MJSONWP]&amp#27;[39m     at GeneratorFunctionPrototype.invoke (/usr/local/lib/node_modules/appium/node_modules/babel-runtime/regenerator/runtime.js:136:37)
&amp#27;[35m[HTTP]&amp#27;[39m &amp#27;[37m-->&amp#27;[39m &amp#27;[37mPOST&amp#27;[39m &amp#27;[37m/wd/hub/session/6c033502-fd88-4722-8b5b-92e91949d161/element&amp#27;[39m
&amp#27;[35m[HTTP]&amp#27;[39m &amp#27;[90m{"using":"id","value":"com.Slack:id/next_button_url_entry"}&amp#27;[39m
[debug] &amp#27;[35m[W3C]&amp#27;[39m Calling AppiumDriver.findElement() with args: ["id","com.Slack:id/next_button_url_entry","6c033502-fd88-4722-8b5b-92e91949d161"]
[debug] &amp#27;[35m[BaseDriver]&amp#27;[39m Valid locator strategies for this request: xpath, id, class name, accessibility id, -android uiautomator
[debug] &amp#27;[35m[BaseDriver]&amp#27;[39m Waiting up to 0 ms for condition
[debug] &amp#27;[35m[JSONWP Proxy]&amp#27;[39m Matched '/element' to command name 'findElement'
[debug] &amp#27;[35m[JSONWP Proxy]&amp#27;[39m Proxying [POST /element] to [POST http://localhost:8201/wd/hub/session/5a27c767-9791-4751-872d-2ed612cd606d/element] with body: {"strategy":"id","selector":"com.Slack:id/next_button_url_entry","context":"","multiple":false}
[debug] &amp#27;[35m[MJSONWP]&amp#27;[39m Matched JSONWP error code 7 to NoSuchElementError
&amp#27;[35m[MJSONWP]&amp#27;[39m Encountered internal error running command: NoSuchElementError: An element could not be located on the page using the given search parameters.
&amp#27;[35m[MJSONWP]&amp#27;[39m     at AndroidUiautomator2Driver.callee$0$0$ (/usr/local/lib/node_modules/&amp#27;[35appiumm[HTTP]&amp#27;[39m &amp#27;[/node37m<-- PO_modules/appium-android-driver/ST /wd/hub/selib/comssmion/6andc03s/find.js:75:11)3502-fd88-4722-8b5
&amp#27;b-92e91[35m[MJ949d1SONWP]61/eleme&amp#27;[39mnt    &amp#27;[39  atm&amp#27;[31m5 t00ry&amp#27;[Cat39m &amp#27;[9ch (/0m24 ms - 164&amp#27;[39m
usr/local/&amp#27;[35lib/m[HTTP]node&amp#27;[3_mo9mdule &amp#27;[90m&amp#27;[39m
s/appium/node_modules/babel-runtime/regenerator/runtime.js:67:40)
&amp#27;[35m[MJSONWP]&amp#27;[39m     at GeneratorFunctionPrototype.invoke [as _invoke] (/usr/local/lib/node_modules/appium/node_modules/babel-runtime/regenerator/runtime.js:315:22)
&amp#27;[35m[MJSONWP]&amp#27;[39m     at GeneratorFunctionPrototype.prototype.(anonymous function) [as throw] (/usr/local/lib/node_modules/appium/node_modules/babel-runtime/regenerator/runtime.js:100:21)
&amp#27;[35m[MJSONWP]&amp#27;[39m     at GeneratorFunctionPrototype.invoke (/usr/local/lib/node_modules/appium/node_modules/babel-runtime/regenerator/runtime.js:136:37)
&amp#27;[35m[HTTP]&amp#27;[39m &amp#27;[37m-->&amp#27;[39m &amp#27;[37mPOST&amp#27;[39m &amp#27;[37m/wd/hub/session/6c033502-fd88-4722-8b5b-92e91949d161/element&amp#27;[39m
&amp#27;[35m[HTTP]&amp#27;[39m &amp#27;[90m{"using":"id","value":"com.Slack:id/next_button_url_entry"}&amp#27;[39m
[debug] &amp#27;[35m[W3C]&amp#27;[39m Calling AppiumDriver.findElement() with args: ["id","com.Slack:id/next_button_url_entry","6c033502-fd88-4722-8b5b-92e91949d161"]
[debug] &amp#27;[35m[BaseDriver]&amp#27;[39m Valid locator strategies for this request: xpath, id, class name, accessibility id, -android uiautomator
[debug] &amp#27;[35m[BaseDriver]&amp#27;[39m Waiting up to 0 ms for condition
[debug] &amp#27;[35m[JSONWP Proxy]&amp#27;[39m Matched '/element' to command name 'findElement'
[debug] &amp#27;[35m[JSONWP Proxy]&amp#27;[39m Proxying [POST /element] to [POST http://localhost:8201/wd/hub/session/5a27c767-9791-4751-872d-2ed612cd606d/element] with body: {"strategy":"id","selector":"com.Slack:id/next_button_url_entry","context":"","multiple":false}
[debug] &amp#27;[35m[MJSONWP]&amp#27;[39m Matched JSONWP error code 7 to NoSuchElementError
&amp#27;[35m[MJSONWP]&amp#27;[39m Encountered internal error running command: NoSuchElementError: An element could not be located on the page using the given search parameters.
&amp#27;[35m[MJSONWP]&amp#27;[39m     at AndroidUiautomator2Driver.callee$0$0$ (/usr/local/lib/node_module&amp#27;[3s/5mappi[HTumTP]/nod&amp#27;[e_m39m &amp#27;[37odm<ul--es/a PppiumOST /wd/hub/ses-androsion/6cid033502-driv-fer/lib/commands/find.js:75:11d88-4722-8b5b-9)
&amp#27;[35m2e91949[Md161JSONWP/el]&amp#27;[39m   ement   at&amp#27;[39m&amp#27;[31m500&amp#27;[39m &amp#27;[90m21 ms -  tryCatch164&amp#27; (/usr[39/lom
cal&amp#27;[/lib/no35m[HTTP]de_modules/appium/node_modules/babel-runtime/regenerator/runtime.js:67:40)
&amp#27;[35m[MJSONWP]&amp#27;[39m     at GeneratorFunctionPrototyp&amp#27;[39m &amp#27;[90m&amp#27;e.invoke [as _invok[39m
e] (/usr/local/lib/node_modules/appium/node_modules/babel-runtime/regenerator/runtime.js:315:22)
&amp#27;[35m[MJSONWP]&amp#27;[39m     at GeneratorFunctionPrototype.prototype.(anonymous function) [as throw] (/usr/local/lib/node_modules/appium/node_modules/babel-runtime/regenerator/runtime.js:100:21)
&amp#27;[35m[MJSONWP]&amp#27;[39m     at GeneratorFunctionPrototype.invoke (/usr/local/lib/node_&amp#27;[mo35m[HTduleTP]&amp#27;[39ms/appium/node_module &amp#27;[3s/ba7m-bel-ru->nt&amp#27;[39m &amp#27;[37mPimOSTe/&amp#27;[re39m &amp#27;ge[37nem/rator/ruwd/ntime.js:136:37)
hub/session/6c033502-fd88-4722-8b5b-92e91949d161/element&amp#27;[39m
&amp#27;[35m[HTTP]&amp#27;[39m &amp#27;[90m{"using":"id","value":"com.Slack:id/next_button_url_entry"}&amp#27;[39m
[debug] &amp#27;[35m[W3C]&amp#27;[39m Calling AppiumDriver.findElement() with args: ["id","com.Slack:id/next_button_url_entry","6c033502-fd88-4722-8b5b-92e91949d161"]
[debug] &amp#27;[35m[BaseDriver]&amp#27;[39m Valid locator strategies for this request: xpath, id, class name, accessibility id, -android uiautomator
[debug] &amp#27;[35m[BaseDriver]&amp#27;[39m Waiting up to 0 ms for condition
[debug] &amp#27;[35m[JSONWP Proxy]&amp#27;[39m Matched '/element' to command name 'findElement'
[debug] &amp#27;[35m[JSONWP Proxy]&amp#27;[39m Proxying [POST /element] to [POST http://localhost:8201/wd/hub/session/5a27c767-9791-4751-872d-2ed612cd606d/element] with body: {"strategy":"id","selector":"com.Slack:id/next_button_url_entry","context":"","multiple":false}
[debug] &amp#27;[35m[MJSONWP]&amp#27;[39m Matched JSONWP error code 7 to NoSuchElementError
&amp#27;[35m[MJSONWP]&amp#27;[39m Encountered internal error running command: NoSuchElementError: An element could not be located on the page using the given search parameters.
&amp#27;[35m[MJSONWP]&amp#27;[39m     at AndroidUiautomator2Driver.callee$0$0$ (/usr/local/lib/node_modules/appium/node_modules/appiu&amp#27;[3m-android-driver/lib/commands/find.js:75:15m[HTTP]&amp#27;1[39)
&amp#27;[35m m[MJS&amp#27;[37m<-- POST /wd/huONWP]&amp#27;[39m     at trb/sessyCion/6c033502-fd88-4722-8batch (/usr/5b-92e91949local/lib/nd161/elemeode_modulens/appt &amp#27;[39m&amp#27;ium/[3node1m50_m0&amp#27;odul[3es/9m babel-runtime/regenerator/&amp#27;[9ru0m19 mntime.js - s:67:164&amp#27;[39m
&amp#27;[35m[HTTP]&amp#27;[39m &amp#27;[90m&amp#27;[39m
40)
&amp#27;[35m[MJSONWP]&amp#27;[39m     at GeneratorFunctionPrototype.invoke [as _invoke] (/usr/local/lib/node_modules/appium/node_modules/babel-runtime/regenerator/runtime.js:315:22)
&amp#27;[35m[MJSONWP]&amp#27;[39m     at GeneratorFunctionPrototype.prototype.(anonymous functio&amp#27;[35n) m[HTTP]&amp#27;[39[as throw] (m &amp#27;[/u37m-->&amp#27;sr[39m /local/lib&amp#27;[37mPOST&amp#27;[39m/node_m &amp#27;[37odules/am/wdppium/node_modul/es/babelhub/session-runtime/rege/6c033502nerator/runtime.j-fd88-4722-8b5bs:100:21)
&amp#27;[35-9m[M2e9JS19ON49WP]&amp#27;d161/e[3le9m men    at Gt&amp#27;eneratorFunctio[3nPro9mtotyp
e.i&amp#27;[35m[HTTP]&amp#27;[39m &amp#27;[9nvok0m{"using":e (/usr/loc"id"al,"val/lue":"ibcom.Slack:id/next_button_url_/node_modulesentr/ay"}&amp#27;pp[3iu9mm/node_m
[debuodg] &amp#27;[35m[ulesW3C/b]&amp#27;[39m Callabinel-g AppiumDriruntimeve/regenerator.r/runfindElemetime.js:13nt() 6:37)
with args: ["id","com.Slack:id/next_button_url_entry","6c033502-fd88-4722-8b5b-92e91949d161"]
[debug] &amp#27;[35m[BaseDriver]&amp#27;[39m Valid locator strategies for this request: xpath, id, class name, accessibility id, -android uiautomator
[debug] &amp#27;[35m[BaseDriver]&amp#27;[39m Waiting up to 0 ms for condition
[debug] &amp#27;[35m[JSONWP Proxy]&amp#27;[39m Matched '/element' to command name 'findElement'
[debug] &amp#27;[35m[JSONWP Proxy]&amp#27;[39m Proxying [POST /element] to [POST http://localhost:8201/wd/hub/session/5a27c767-9791-4751-872d-2ed612cd606d/element] with body: {"strategy":"id","selector":"com.Slack:id/next_button_url_entry","context":"","multiple":false}
[debug] &amp#27;[35m[MJSONWP]&amp#27;[39m Matched JSONWP error code 7 to NoSuchElementError
&amp#27;[35m[MJSONWP]&amp#27;[39m Encountered internal error running command: NoSuchElementError: An element could not be located on the page using the given search parameters.
&amp#27;[35m[MJSONWP]&amp#27;[39m     at AndroidUiautomator2Driver.callee$0$0$ (/usr/local/lib/node_modules/appium/node_mod&amp#27;[ul35m[HTTP]&amp#27;es/[39m &amp#27;[37m<-- POST /wd/huappium-ab/sndression/6c033502oid--fd88-4722-8b5driver/lib/commanb-92e91949d1ds61/element &amp#27;[39m&amp#27;[/find.js:731m500&amp#27;[39m &amp#27;5:11)[90m2
&amp#27;1 ms - [35m[MJSONWP]164&amp#27;[39m
&amp#27;[39m     at&amp#27;[35 tm[ryHTTP]&amp#27;[39Catchm &amp#27;[9 (0m&amp#27;[39m
/usr/local/lib/node_modules/appium/node_modules/babel-runtime/regenerator/runtime.js:67:40)
&amp#27;[35m[MJSONWP]&amp#27;[39m     at GeneratorFunctionPrototype.invoke [as _invoke] (/usr/local/lib/node_modules/appium/node_modules/babel-runtime/regenerator/runtime.js:315:22)
&amp#27;[35m[MJSONWP]&amp#27;[39m     at GeneratorFunctionPrototype.prototype.(anonymous function) [as throw] (/usr/local/lib/node_modules/appium/node_modules/babel-runtime/regenerator/runtime.js:100:21)
&amp#27;[35m[MJSONWP]&amp#27;[39m     at GeneratorFunctionPrototype.invoke (/usr/local/lib/node_modules/appium/node_modules/babel-runtime/regenerator/runtime.js:136:37)
&amp#27;[35m[HTTP]&amp#27;[39m &amp#27;[37m-->&amp#27;[39m &amp#27;[37mPOST&amp#27;[39m &amp#27;[37m/wd/hub/session/6c033502-fd88-4722-8b5b-92e91949d161/element&amp#27;[39m
&amp#27;[35m[HTTP]&amp#27;[39m &amp#27;[90m{"using":"id","value":"com.Slack:id/next_button_url_entry"}&amp#27;[39m
[debug] &amp#27;[35m[W3C]&amp#27;[39m Calling AppiumDriver.findElement() with args: ["id","com.Slack:id/next_button_url_entry","6c033502-fd88-4722-8b5b-92e91949d161"]
[debug] &amp#27;[35m[BaseDriver]&amp#27;[39m Valid locator strategies for this request: xpath, id, class name, accessibility id, -android uiautomator
[debug] &amp#27;[35m[BaseDriver]&amp#27;[39m Waiting up to 0 ms for condition
[debug] &amp#27;[35m[JSONWP Proxy]&amp#27;[39m Matched '/element' to command name 'findElement'
[debug] &amp#27;[35m[JSONWP Proxy]&amp#27;[39m Proxying [POST /element] to [POST http://localhost:8201/wd/hub/session/5a27c767-9791-4751-872d-2ed612cd606d/element] with body: {"strategy":"id","selector":"com.Slack:id/next_button_url_entry","context":"","multiple":false}
[debug] &amp#27;[35m[MJSONWP]&amp#27;[39m Matched JSONWP error code 7 to NoSuchElementError
&amp#27;[35m[MJSONWP]&amp#27;[39m Encountered internal error running command: NoSuchElementError: An element could not be located on the page using the given search parameters.
&amp#27;[35m[MJSONWP]&amp#27;[39m     at AndroidUiautomator2Driver.callee$0$0$ (/usr/local/lib/node_modules/appium/node_m&amp#27;[od35ules/appium-android-dm[HTTriver/lib/commandP]&amp#27;[39m s/&amp#27;[find37m.js:75:<-- POST /wd/h11ub)
&amp#27;[35m[MJSONWP]&amp#27;[39m   /ses  at trsion/6c0yCat33502-chfd88-4722-8b5b-92 (/usr/loe9ca19l/lib/node_m49d16odule1/s/elemenappt &amp#27;[ium/nod39m&amp#27;[31e_modulem500&amp#27;s/babel-runtime/regenerator/ru[3nt9mime &amp#27;[90m19 ms -.js: 1664&amp#27;[39m
7:&amp#27;[35m[H40)
TTP&amp#27;[35]&amp#27;[39m &amp#27;[m[MJS90m&amp#27;[3ON9m
WP]&amp#27;[39m     at GeneratorFunctionPrototype.invoke [as _invoke] (/usr/local/lib/node_modules/appium/node_modules/babel-runtime/regenerator/runtime.js:315:22)
&amp#27;[35m[MJSONWP]&amp#27;[39m     at GeneratorFunctionPrototype.prototype.(anonymous function) [as throw] (/usr/local/lib/node_modules/appium/node_modules/babel-runtime/regenerator/runtime.js:100:21)
&amp#27;[35m[MJSONWP]&amp#27;[39m     at GeneratorFunctionPrototype.invoke (/us&amp#27;[35m[HTTPr/local/l]&amp#27;[39ib/nom de&amp#27;[37_modulesm-/app->&amp#27;ium/node[39m &amp#27;_mod[37mPOST&amp#27;[3ul9m &amp#27;[37m/wd/hubes/sess/babion/6c0el-r33502unt-fd88ime-4722/regenerator/runtime.js:-8b5136:37)
b-92e91949d161/element&amp#27;[39m
&amp#27;[35m[HTTP]&amp#27;[39m &amp#27;[90m{"using":"id","value":"com.Slack:id/next_button_url_entry"}&amp#27;[39m
[debug] &amp#27;[35m[W3C]&amp#27;[39m Calling AppiumDriver.findElement() with args: ["id","com.Slack:id/next_button_url_entry","6c033502-fd88-4722-8b5b-92e91949d161"]
[debug] &amp#27;[35m[BaseDriver]&amp#27;[39m Valid locator strategies for this request: xpath, id, class name, accessibility id, -android uiautomator
[debug] &amp#27;[35m[BaseDriver]&amp#27;[39m Waiting up to 0 ms for condition
[debug] &amp#27;[35m[JSONWP Proxy]&amp#27;[39m Matched '/element' to command name 'findElement'
[debug] &amp#27;[35m[JSONWP Proxy]&amp#27;[39m Proxying [POST /element] to [POST http://localhost:8201/wd/hub/session/5a27c767-9791-4751-872d-2ed612cd606d/element] with body: {"strategy":"id","selector":"com.Slack:id/next_button_url_entry","context":"","multiple":false}
[debug] &amp#27;[35m[MJSONWP]&amp#27;[39m Matched JSONWP error code 7 to NoSuchElementError
&amp#27;[35m[MJSONWP]&amp#27;[39m Encountered internal error running command: NoSuchElementError: An element could not be located on the page using the given search parameters.
&amp#27;[35m[MJSONWP]&amp#27;[39m     at AndroidUiautomator2Driver.callee$0$&amp#27;[35m[HT0$ (/uTP]&amp#27;[sr/39localm &amp#27;[37m<-- POST /wd/h/lub/ibsessi/nodeon_mod/6ulec033502-fd8s/appi8-472um/node_modules/appium-and2-8b5rob-9id-driver/2e91949d161/elementlib/commands/find.j &amp#27;[s:39m&amp#27;75:11)
&amp#27;[35m[MJ[31m500&amp#27;SONWP]&amp#27;[39m     at t[3ryCatch 9m &amp#27;(/usr/lo[9ca0m19 l/lib/ms - no16de_4&amp#27;modu[39les/appium/nm
ode_modules/babel-runtime&amp#27;[3/regen5m[HTTP]&amp#27;[er39m &amp#27;ato[90m&amp#27;r/ru[39m
ntime.js:67:40)
&amp#27;[35m[MJSONWP]&amp#27;[39m     at GeneratorFunctionPrototype.invoke [as _invoke] (/usr/local/lib/node_modules/appium/node_modules/babel-runtime/regenerator/runtime.js:315:22)
&amp#27;[35m[MJSONWP]&amp#27;[39m     at GeneratorFunctionPrototype.prototype.(anonymous function) [as throw] (/usr/local/lib/node_modules/appium/node_modules/babel-ru&amp#27;[ntime/re35mgener[HTTP]&amp#27;[39m &amp#27;ato[3r/runt7m--ime.>&amp#27;[3js:9m &amp#27;[37mPOS100:21)T&amp#27;[3
&amp#27;[359m &amp#27;m[[37mMJSON/wd/hub/WP]se&amp#27;[39m     at Genession/6c03rat3502-orFunctfd88-47ionP22-8b5broto-92e9194type.inv9d161/element&amp#27;[39okm
e &amp#27;[3(/u5msr/lo[HTTP]&amp#27;ca[3l/lib/n9m &amp#27;[90odm{e_modu"ules/appium/nosideng":"id","value":"_modules/babel-runtime/recogenerator/rum.Slack:idntime.js:136:37)
/next_button_url_entry"}&amp#27;[39m
[debug] &amp#27;[35m[W3C]&amp#27;[39m Calling AppiumDriver.findElement() with args: ["id","com.Slack:id/next_button_url_entry","6c033502-fd88-4722-8b5b-92e91949d161"]
[debug] &amp#27;[35m[BaseDriver]&amp#27;[39m Valid locator strategies for this request: xpath, id, class name, accessibility id, -android uiautomator
[debug] &amp#27;[35m[BaseDriver]&amp#27;[39m Waiting up to 0 ms for condition
[debug] &amp#27;[35m[JSONWP Proxy]&amp#27;[39m Matched '/element' to command name 'findElement'
[debug] &amp#27;[35m[JSONWP Proxy]&amp#27;[39m Proxying [POST /element] to [POST http://localhost:8201/wd/hub/session/5a27c767-9791-4751-872d-2ed612cd606d/element] with body: {"strategy":"id","selector":"com.Slack:id/next_button_url_entry","context":"","multiple":false}
[debug] &amp#27;[35m[MJSONWP]&amp#27;[39m Matched JSONWP error code 7 to NoSuchElementError
&amp#27;[35m[MJSONWP]&amp#27;[39m Encountered internal error running command: NoSuchElementError: An element could not be located on the page using the given search parameters.
&amp#27;[35m[MJSONWP]&amp#27;[39m     at AndroidUiautomator2Driver.callee$0$0$ (/usr/local/lib/node_modules/appium/node_m&amp#27;[35m[HodTTulesP]/a&amp#27;[39m &amp#27;ppium-[37andrm<oid-driver/lib/c--ommands/find.j POSTs: /wd/75hub/sessi:1on1)
&amp#27;[35m[MJSONWP]&amp#27;[39m     a/6c033502-fd88-4722-8b5b-92e919t t49dryCat161ch/elem (/usr/local/ent lib/no&amp#27;[39m&amp#27;[31m500&amp#27;[3de9m &amp#27;[_mo90m19 mdus - 1le64&amp#27;[s/39m
app&amp#27;[35m[iumHTTP]&amp#27;[39m &amp#27;[90m&amp#27;[39m
/node_modules/babel-runtime/regenerator/runtime.js:67:40)
&amp#27;[35m[MJSONWP]&amp#27;[39m     at GeneratorFunctionPrototype.invoke [as _invoke] (/usr/local/lib/node_modules/appium/node_modules/babel-runtime/regenerator/runtime.js:315:22)
&amp#27;[35m[MJSONWP]&amp#27;[39m     at GeneratorFunctionPrototype.prototype.(anonymous function) [as throw] (/usr/local/lib/node_modules/appium/node_modules/babel-runtime/regenerator/runtime.js:100:21)
&amp#27;[35m[MJSONWP]&amp#27;[39m     at GeneratorFunctionPrototype.invoke (/usr/local/lib/node_modules/appium/node_modules/babel-runtime/regenerator/runtime.js:136:37)
&amp#27;[35m[HTTP]&amp#27;[39m &amp#27;[37m-->&amp#27;[39m &amp#27;[37mPOST&amp#27;[39m &amp#27;[37m/wd/hub/session/6c033502-fd88-4722-8b5b-92e91949d161/element&amp#27;[39m
&amp#27;[35m[HTTP]&amp#27;[39m &amp#27;[90m{"using":"id","value":"com.Slack:id/next_button_url_entry"}&amp#27;[39m
[debug] &amp#27;[35m[W3C]&amp#27;[39m Calling AppiumDriver.findElement() with args: ["id","com.Slack:id/next_button_url_entry","6c033502-fd88-4722-8b5b-92e91949d161"]
[debug] &amp#27;[35m[BaseDriver]&amp#27;[39m Valid locator strategies for this request: xpath, id, class name, accessibility id, -android uiautomator
[debug] &amp#27;[35m[BaseDriver]&amp#27;[39m Waiting up to 0 ms for condition
[debug] &amp#27;[35m[JSONWP Proxy]&amp#27;[39m Matched '/element' to command name 'findElement'
[debug] &amp#27;[35m[JSONWP Proxy]&amp#27;[39m Proxying [POST /element] to [POST http://localhost:8201/wd/hub/session/5a27c767-9791-4751-872d-2ed612cd606d/element] with body: {"strategy":"id","selector":"com.Slack:id/next_button_url_entry","context":"","multiple":false}
[debug] &amp#27;[35m[MJSONWP]&amp#27;[39m Matched JSONWP error code 7 to NoSuchElementError
&amp#27;[35m[MJSONWP]&amp#27;[39m Encountered internal error running command: NoSuchElementError: An element could not be located on the page using the given search parameters.
&amp#27;[35m[MJSONWP]&amp#27;[39m     at AndroidUiautomator2Driver.callee$0$0$ (/usr/local/lib/node_modules/appium/node_modules/appium-and&amp#27;[35m[HTTP]&amp#27;[39m &amp#27;[37m<roid---drive rPO/lib/commaST /wd/hunds/find.js:75:11)
&amp#27;[35m[MJSONWP]&amp#27;[b/session/6c39m03     at tryCatch (/usr/loca3502-fd8l/li8-b/node_modules/appium/no47de_mo22-8b5b-92edu91les94/b9d161abe/element &amp#27;l-[39m&amp#27;[run31m50ti0&amp#27;[39m &amp#27;[90m2me/r0 ms -egener 1at64&amp#27;or[39m/r
untim&amp#27;[e.35js:m[HTTP]&amp#27;[39m &amp#27;[67:4900)m&amp#27;[
&amp#27;[35m39m
[MJSONWP]&amp#27;[39m     at GeneratorFunctionPrototype.invoke [as _invoke] (/usr/local/lib/node_modules/appium/node_modules/babel-runtime/regenerator/runtime.js:315:22)
&amp#27;[35m[MJSONWP]&amp#27;[39m     at GeneratorFunctionPrototype.prototype.(anonymous function) [as throw] (/usr/local/lib/node_modules/appium/node_modules/babel-runtime/regenerator/runtime.js:100:21)
&amp#27;[35m[MJSONWP]&amp#27;[39m     at GeneratorFunctionPrototype.invoke (/usr/local/lib/node_modules/appium/node_mo&amp#27;[3dules/babel5m[HTT-rP]&amp#27;[3untime9m &amp#27;[37m-->&amp#27;[39m &amp#27;/regener[37mator/POST&amp#27;[39mru &amp#27;[37m/wd/hub/sntime.js:13es6:37)
sion/6c033502-fd88-4722-8b5b-92e91949d161/element&amp#27;[39m
&amp#27;[35m[HTTP]&amp#27;[39m &amp#27;[90m{"using":"id","value":"com.Slack:id/next_button_url_entry"}&amp#27;[39m
[debug] &amp#27;[35m[W3C]&amp#27;[39m Calling AppiumDriver.findElement() with args: ["id","com.Slack:id/next_button_url_entry","6c033502-fd88-4722-8b5b-92e91949d161"]
[debug] &amp#27;[35m[BaseDriver]&amp#27;[39m Valid locator strategies for this request: xpath, id, class name, accessibility id, -android uiautomator
[debug] &amp#27;[35m[BaseDriver]&amp#27;[39m Waiting up to 0 ms for condition
[debug] &amp#27;[35m[JSONWP Proxy]&amp#27;[39m Matched '/element' to command name 'findElement'
[debug] &amp#27;[35m[JSONWP Proxy]&amp#27;[39m Proxying [POST /element] to [POST http://localhost:8201/wd/hub/session/5a27c767-9791-4751-872d-2ed612cd606d/element] with body: {"strategy":"id","selector":"com.Slack:id/next_button_url_entry","context":"","multiple":false}
[debug] &amp#27;[35m[MJSONWP]&amp#27;[39m Matched JSONWP error code 7 to NoSuchElementError
&amp#27;[35m[MJSONWP]&amp#27;[39m Encountered internal error running command: NoSuchElementError: An element could not be located on the page using the given search parameters.
&amp#27;[35m[MJSONWP]&amp#27;[39m     at AndroidUiautomator2Driver.callee$0$0$ (/usr/local/lib/node_modules/appium/node_modules/&amp#27;[35m[HTTP]&amp#27;[39m &amp#27;[37m<-- POST /wd/hub/sessappium-android-driver/iolib/cn/6c0om33502-fd8mand8-47s/f2in2-8b5b-92e91d.js:75:11)
&amp#27;[35m[MJSONWP]&amp#27;94[399d16m     at try1/eleCatcment &amp#27;[39m&amp#27;h (/u[31srm/local/500&amp#27;[39m &amp#27;[9li0m23 ms b/node_mo- 16du4&amp#27;le[3s/appium/node9m
_&amp#27;[35m[HTTP]&amp#27;modules/[39m &amp#27;[90m&amp#27;[3babe9ml-
runtime/regenerator/runtime.js:67:40)
&amp#27;[35m[MJSONWP]&amp#27;[39m     at GeneratorFunctionPrototype.invoke [as _invoke] (/usr/local/lib/node_modules/appium/node_modules/babel-runtime/regenerator/runtime.js:315:22)
&amp#27;[35m[MJSONWP]&amp#27;[39m     at GeneratorFunctionPrototype.prototype.(anonymous function) [as throw] (/usr/local/lib/node_modules/appium/node_modules/babel-runtime/regenerator/runtime.js:100:21)
&amp#27;[35m[MJSONWP]&amp#27;[39m     at GeneratorFunctionPrototype.invoke (/usr/local/lib/node_modules/appium/node_modules/babel-ru&amp#27;[35m[HTTP]&amp#27;[39ntime/m &amp#27;[re37generatorm-->/run&amp#27;[39m &amp#27;[37mPOST&amp#27;[ti39mme &amp#27;[37m/wd/h.jubs:136/sessio:37)
n/6c033502-fd88-4722-8b5b-92e91949d161/element&amp#27;[39m
&amp#27;[35m[HTTP]&amp#27;[39m &amp#27;[90m{"using":"id","value":"com.Slack:id/next_button_url_entry"}&amp#27;[39m
[debug] &amp#27;[35m[W3C]&amp#27;[39m Calling AppiumDriver.findElement() with args: ["id","com.Slack:id/next_button_url_entry","6c033502-fd88-4722-8b5b-92e91949d161"]
[debug] &amp#27;[35m[BaseDriver]&amp#27;[39m Valid locator strategies for this request: xpath, id, class name, accessibility id, -android uiautomator
[debug] &amp#27;[35m[BaseDriver]&amp#27;[39m Waiting up to 0 ms for condition
[debug] &amp#27;[35m[JSONWP Proxy]&amp#27;[39m Matched '/element' to command name 'findElement'
[debug] &amp#27;[35m[JSONWP Proxy]&amp#27;[39m Proxying [POST /element] to [POST http://localhost:8201/wd/hub/session/5a27c767-9791-4751-872d-2ed612cd606d/element] with body: {"strategy":"id","selector":"com.Slack:id/next_button_url_entry","context":"","multiple":false}
[debug] &amp#27;[35m[MJSONWP]&amp#27;[39m Matched JSONWP error code 7 to NoSuchElementError
&amp#27;[35m[MJSONWP]&amp#27;[39m Encountered internal error running command: NoSuchElementError: An element could not be located on the page using the given search parameters.
&amp#27;[35m[MJSONWP]&amp#27;[39m     at AndroidUiautomator2Driver.callee$0$0$ (/usr/local/lib/node_modules/appium/node_modules/appium-android-driver/lib/commands&amp#27;[/fi35m[HTTP]&amp#27;[39m nd.js:75:11&amp#27;[37m<-)
&amp#27;[35- m[PMJSONWP]&amp#27;[39m     at tryCatch (/usrOS/local/T /wd/lib/node_mohub/session/6c033502-fdud88-4le722-8s/b5b-92appie9um1949d/node16_mod1/uleles/baembel-enrut &amp#27;[39ntimm&amp#27;[31e/rem5gen00erat&amp#27;[or39m &amp#27;/runtime.j[9s:670m23 ms - 164&amp#27;[39m
&amp#27;[:435m[HTTP]&amp#27;[30)
&amp#27;[35m[MJSONWP]&amp#27;[39m     at GeneratorFu9m &amp#27;[90m&amp#27;[39m
nctionPrototype.invoke [as _invoke] (/usr/local/lib/node_modules/appium/node_modules/babel-runtime/regenerator/runtime.js:315:22)
&amp#27;[35m[MJSONWP]&amp#27;[39m     at GeneratorFunctionPrototype.prototype.(anonymous function) [as throw] (/usr/local/lib/node_modules/appium/node_modules/babel-runtime/regenerator/runtime.js:100:21)
&amp#27;[35m[MJSONWP]&amp#27;[39m     at GeneratorFunctionPrototype.invoke (/usr/local/lib/node_modules/appium/node_modules/babel-runtime/regenerator/runtime.js:136:37)
&amp#27;[35m[HTTP]&amp#27;[39m &amp#27;[37m-->&amp#27;[39m &amp#27;[37mPOST&amp#27;[39m &amp#27;[37m/wd/hub/session/6c033502-fd88-4722-8b5b-92e91949d161/element&amp#27;[39m
&amp#27;[35m[HTTP]&amp#27;[39m &amp#27;[90m{"using":"id","value":"com.Slack:id/next_button_url_entry"}&amp#27;[39m
[debug] &amp#27;[35m[W3C]&amp#27;[39m Calling AppiumDriver.findElement() with args: ["id","com.Slack:id/next_button_url_entry","6c033502-fd88-4722-8b5b-92e91949d161"]
[debug] &amp#27;[35m[BaseDriver]&amp#27;[39m Valid locator strategies for this request: xpath, id, class name, accessibility id, -android uiautomator
[debug] &amp#27;[35m[BaseDriver]&amp#27;[39m Waiting up to 0 ms for condition
[debug] &amp#27;[35m[JSONWP Proxy]&amp#27;[39m Matched '/element' to command name 'findElement'
[debug] &amp#27;[35m[JSONWP Proxy]&amp#27;[39m Proxying [POST /element] to [POST http://localhost:8201/wd/hub/session/5a27c767-9791-4751-872d-2ed612cd606d/element] with body: {"strategy":"id","selector":"com.Slack:id/next_button_url_entry","context":"","multiple":false}
[debug] &amp#27;[35m[MJSONWP]&amp#27;[39m Matched JSONWP error code 7 to NoSuchElementError
&amp#27;[35m[MJSONWP]&amp#27;[39m Encountered internal error running command: NoSuchElementError: An element could not be located on the page using the given search parameters.
&amp#27;[35m[MJSONWP]&amp#27;[39m     at AndroidUiautomator2Driver.callee$0$0$ (/usr/local&amp#27;[35m[HTTP]&amp#27;[39/lm ib/nod&amp#27;[3e_mo7mdules/appiu<-m/n- odPOSe_T /wd/humodules/appib/sumess-andioroin/6d-c033502-fd88-4driver/lib/722-8b5b-92e91comm949andsd161/elemen/ft &amp#27;[in39d.js:75:11)
&amp#27;[35m[MJSOm&amp#27;[31m500&amp#27;NWP[3]&amp#27;[39m 9m   &amp#27;[90m20   ms - 164&amp#27;at[3 tryCa9mtch (
/usr/&amp#27;[35mloca[HTTP]&amp#27;[39m &amp#27;[90m&amp#27;[39m
l/lib/node_modules/appium/node_modules/babel-runtime/regenerator/runtime.js:67:40)
&amp#27;[35m[MJSONWP]&amp#27;[39m     at GeneratorFunctionPrototype.invoke [as _invoke] (/usr/local/lib/node_modules/appium/node_modules/babel-runtime/regenerator/runtime.js:315:22)
&amp#27;[35m[MJSONWP]&amp#27;[39m     at GeneratorFunctionPrototype.prototype.(anonymous function) [as throw] (/usr/local/lib/node_modules/appium/node_modules/babel-runtime/regenerator/runtime.js:100:21)
&amp#27;[35m[MJSONWP]&amp#27;[39m     at GeneratorFunctionPrototype.invoke (/usr/local/lib/node_modules/appium/node_modules/babel-runtime/regenerator/runtime.js:136:37)
&amp#27;[35m[HTTP]&amp#27;[39m &amp#27;[37m-->&amp#27;[39m &amp#27;[37mPOST&amp#27;[39m &amp#27;[37m/wd/hub/session/6c033502-fd88-4722-8b5b-92e91949d161/element&amp#27;[39m
&amp#27;[35m[HTTP]&amp#27;[39m &amp#27;[90m{"using":"id","value":"com.Slack:id/next_button_url_entry"}&amp#27;[39m
[debug] &amp#27;[35m[W3C]&amp#27;[39m Calling AppiumDriver.findElement() with args: ["id","com.Slack:id/next_button_url_entry","6c033502-fd88-4722-8b5b-92e91949d161"]
[debug] &amp#27;[35m[BaseDriver]&amp#27;[39m Valid locator strategies for this request: xpath, id, class name, accessibility id, -android uiautomator
[debug] &amp#27;[35m[BaseDriver]&amp#27;[39m Waiting up to 0 ms for condition
[debug] &amp#27;[35m[JSONWP Proxy]&amp#27;[39m Matched '/element' to command name 'findElement'
[debug] &amp#27;[35m[JSONWP Proxy]&amp#27;[39m Proxying [POST /element] to [POST http://localhost:8201/wd/hub/session/5a27c767-9791-4751-872d-2ed612cd606d/element] with body: {"strategy":"id","selector":"com.Slack:id/next_button_url_entry","context":"","multiple":false}
[debug] &amp#27;[35m[MJSONWP]&amp#27;[39m Matched JSONWP error code 7 to NoSuchElementError
&amp#27;[35m[MJSONWP]&amp#27;[39m Encountered internal error running command: NoSuchElementError: An element could not be located on the page using the given search parameters.
&amp#27;[35m[MJSONWP]&amp#27;[39m     at AndroidUiautomator2Driver.callee$0$0$ (/usr/local/lib/node_modules/appium/node_module&amp#27;[35m[HTs/appium-TPan]&amp#27;dr[39oim d-&amp#27;[drive37r/lim<b/comm-- PanOST /wd/huds/fb/seind.jssion/6c033502-fd88-s:4722-875:1b5b-1)
&amp#27;[92e919435m[MJ9SONWd161/element P]&amp#27;&amp#27;[39m&amp#27;[[331m500&amp#27;[39m &amp#27;[99m0m23 m     s -at tr 1yCatch64 (&amp#27;[39m
/usr&amp#27;[35m[HTTP]&amp#27;[3/l9m &amp#27;[ocal/lib/90m&amp#27;[39m
node_modules/appium/node_modules/babel-runtime/regenerator/runtime.js:67:40)
&amp#27;[35m[MJSONWP]&amp#27;[39m     at GeneratorFunctionPrototype.invoke [as _invoke] (/usr/local/lib/node_modules/appium/node_modules/babel-runtime/regenerator/runtime.js:315:22)
&amp#27;[35m[MJSONWP]&amp#27;[39m     at GeneratorFunctionPrototype.prototype.(anonymous function) [as throw] (/usr/local/lib/node_modules/appium/node_modules/babel-runtime/regenerator/runtime.js:100:21)
&amp#27;[35m[MJSONWP]&amp#27;[39m     at GeneratorFunctionPrototype.invoke (/usr/local/lib/node_modules/appium/node_modules/babel-runtime/regenerator/runtime.js:136:37)
&amp#27;[35m[HTTP]&amp#27;[39m &amp#27;[37m-->&amp#27;[39m &amp#27;[37mPOST&amp#27;[39m &amp#27;[37m/wd/hub/session/6c033502-fd88-4722-8b5b-92e91949d161/element&amp#27;[39m
&amp#27;[35m[HTTP]&amp#27;[39m &amp#27;[90m{"using":"id","value":"com.Slack:id/next_button_url_entry"}&amp#27;[39m
[debug] &amp#27;[35m[W3C]&amp#27;[39m Calling AppiumDriver.findElement() with args: ["id","com.Slack:id/next_button_url_entry","6c033502-fd88-4722-8b5b-92e91949d161"]
[debug] &amp#27;[35m[BaseDriver]&amp#27;[39m Valid locator strategies for this request: xpath, id, class name, accessibility id, -android uiautomator
[debug] &amp#27;[35m[BaseDriver]&amp#27;[39m Waiting up to 0 ms for condition
[debug] &amp#27;[35m[JSONWP Proxy]&amp#27;[39m Matched '/element' to command name 'findElement'
[debug] &amp#27;[35m[JSONWP Proxy]&amp#27;[39m Proxying [POST /element] to [POST http://localhost:8201/wd/hub/session/5a27c767-9791-4751-872d-2ed612cd606d/element] with body: {"strategy":"id","selector":"com.Slack:id/next_button_url_entry","context":"","multiple":false}
[debug] &amp#27;[35m[MJSONWP]&amp#27;[39m Matched JSONWP error code 7 to NoSuchElementError
&amp#27;[35m[MJSONWP]&amp#27;[39m Encountered internal error running command: NoSuchElementError: An element could not be located on the page using the given search parameters.
&amp#27;[35m[MJSONWP]&amp#27;[39m     at AndroidUiautomator2Driver.callee$0$0$ (/usr/local/lib&amp#27;[35m[HTTP]&amp#27;[/node_modul39m &amp#27;[37mes/ap<--pium P/nodOST /e_moduleswd/hu/appium-b/seanssdrion/6c0335oi02-fd88-4722-8b5b-92d-e919dr49d161/elemenivt &amp#27;[er/l39ib/commandm&amp#27;[31s/m500&amp#27;find.j[39m &amp#27;s:75[9:10m20 m1)
&amp#27;[3s 5- 16m[MJ4&amp#27;[39SOm
NWP]&amp#27;[39m   &amp#27;[35m[  at tryCHTTP]&amp#27;[atch (/u39srm /local/li&amp#27;[90m&amp#27;[39m
b/node_modules/appium/node_modules/babel-runtime/regenerator/runtime.js:67:40)
&amp#27;[35m[MJSONWP]&amp#27;[39m     at GeneratorFunctionPrototype.invoke [as _invoke] (/usr/local/lib/node_modules/appium/node_modules/babel-runtime/regenerator/runtime.js:315:22)
&amp#27;[35m[MJSONWP]&amp#27;[39m     at GeneratorFunctionPrototype.prototype.(anonymous function) [as throw] (/usr/local/lib/node_modules/appium/node_modules/babel-runtime/regenerator/r&amp#27;[3un5m[HTTP]&amp#27;[39m &amp#27;time.js[37m:10-->&amp#27;[30:21)
&amp#27;[35m[MJSON9m &amp#27;[37mPOWP]&amp#27;[39m ST&amp#27;[39  m   &amp#27;[at Gener37m/wd/hub/satorFunctionProtession/6c033502-fd88-4722ot-8ype.invob5b-92e9194ke (/usr/9d161/elemelont&amp#27;cal/l[39m
i&amp#27;[35b/nm[HTTP]&amp#27;[3od9me_mod &amp#27;ules/appiu[90m/m{"usinode_modulng":es/babe"id","valul-re":untime/re"comgener.Slack:id/nexatot_r/rbuttonunt_uime.jrl_ens:136:tr37y"}&amp#27;)
[39m
[debug] &amp#27;[35m[W3C]&amp#27;[39m Calling AppiumDriver.findElement() with args: ["id","com.Slack:id/next_button_url_entry","6c033502-fd88-4722-8b5b-92e91949d161"]
[debug] &amp#27;[35m[BaseDriver]&amp#27;[39m Valid locator strategies for this request: xpath, id, class name, accessibility id, -android uiautomator
[debug] &amp#27;[35m[BaseDriver]&amp#27;[39m Waiting up to 0 ms for condition
[debug] &amp#27;[35m[JSONWP Proxy]&amp#27;[39m Matched '/element' to command name 'findElement'
[debug] &amp#27;[35m[JSONWP Proxy]&amp#27;[39m Proxying [POST /element] to [POST http://localhost:8201/wd/hub/session/5a27c767-9791-4751-872d-2ed612cd606d/element] with body: {"strategy":"id","selector":"com.Slack:id/next_button_url_entry","context":"","multiple":false}
[debug] &amp#27;[35m[MJSONWP]&amp#27;[39m Matched JSONWP error code 7 to NoSuchElementError
&amp#27;[35m[MJSONWP]&amp#27;[39m Encountered internal error running command: NoSuchElementError: An element could not be located on the page using the given search parameters.
&amp#27;[35m[MJSONWP]&amp#27;[39m     at AndroidUiautomator2D&amp#27;[35m[HTTriverP]&amp#27;[39m &amp#27;[37m<.callee$0$0$ --(/usr/local/li POSb/nT ode_m/woduld/es/appiumhub/se/node_ssion/mod6cules/appium03-and3502-fd88-47ro22-8id-driver/lbib/com5b-92e9man1949d161/element &amp#27;[39m&amp#27;[ds/fin31d.js:75:1m500&amp#27;[31)
&amp#27;[359m &amp#27;[m[MJSONW90m2P]&amp#27;[39m   0 ms  at tr - 164&amp#27;[yC39m
atch&amp#27;[35m[HTTP]&amp#27;[39m (/usr/local &amp#27;[90m&amp#27;/lib/node_mod[39m
ules/appium/node_modules/babel-runtime/regenerator/runtime.js:67:40)
&amp#27;[35m[MJSONWP]&amp#27;[39m     at GeneratorFunctionPrototype.invoke [as _invoke] (/usr/local/lib/node_modules/appium/node_modules/babel-runtime/regenerator/runtime.js:315:22)
&amp#27;[35m[MJSONWP]&amp#27;[39m     at GeneratorFunctionPrototype.prototype.(anonymous function) [as throw] (/usr/local/lib/node_modules/appium/node_modules/babel-runtime/regenerator/runtime.js:100:21)
&amp#27;[35m[MJSONWP]&amp#27;[39m     at GeneratorFunctionPrototype.invoke (/usr/local/lib/node_modules/appium/node_modules/babel-runtime/regenerator/runtime.js:136:37)
&amp#27;[35m[HTTP]&amp#27;[39m &amp#27;[37m-->&amp#27;[39m &amp#27;[37mPOST&amp#27;[39m &amp#27;[37m/wd/hub/session/6c033502-fd88-4722-8b5b-92e91949d161/element&amp#27;[39m
&amp#27;[35m[HTTP]&amp#27;[39m &amp#27;[90m{"using":"id","value":"com.Slack:id/next_button_url_entry"}&amp#27;[39m
[debug] &amp#27;[35m[W3C]&amp#27;[39m Calling AppiumDriver.findElement() with args: ["id","com.Slack:id/next_button_url_entry","6c033502-fd88-4722-8b5b-92e91949d161"]
[debug] &amp#27;[35m[BaseDriver]&amp#27;[39m Valid locator strategies for this request: xpath, id, class name, accessibility id, -android uiautomator
[debug] &amp#27;[35m[BaseDriver]&amp#27;[39m Waiting up to 0 ms for condition
[debug] &amp#27;[35m[JSONWP Proxy]&amp#27;[39m Matched '/element' to command name 'findElement'
[debug] &amp#27;[35m[JSONWP Proxy]&amp#27;[39m Proxying [POST /element] to [POST http://localhost:8201/wd/hub/session/5a27c767-9791-4751-872d-2ed612cd606d/element] with body: {"strategy":"id","selector":"com.Slack:id/next_button_url_entry","context":"","multiple":false}
[debug] &amp#27;[35m[MJSONWP]&amp#27;[39m Matched JSONWP error code 7 to NoSuchElementError
&amp#27;[35m[MJSONWP]&amp#27;[39m Encountered internal error running command: NoSuchElementError: An element could not be located on the page using the given search parameters.
&amp#27;[35m[MJSONWP]&amp#27;[39m     at AndroidUiautomator2Driver.callee$0$0$ (/usr/local/lib/node_modules/appium/node_modules/&amp#27;[35m[apHTpiuTP]m-an&amp#27;[39m &amp#27;[37droid-driver/lib/commm<-- POST /wd/anhuds/fb/sesindsi.jons:75:11/6c)03
&amp#27;[35m[MJSONWP]&amp#27;[39m   35  at tryCat02-fd88-4722ch-8 (/usr/locab5l/lib/node_b-92e91949d1modules/appium/node_modules/babel-runtime/reg61/element &amp#27;[39men&amp#27;[31m500&amp#27;[39m &amp#27;[90merator/21runtime.js:67:40 ms)
&amp#27;[35m[MJSON WP- 16]&amp#27;[39m 4&amp#27;[    at Gen39eratorFum
ncti&amp#27;[35onPm[HTTPrototype.invoke [as]&amp#27;[39m  _&amp#27;[invoke] (90m&amp#27;[39m
/usr/local/lib/node_modules/appium/node_modules/babel-runtime/regenerator/runtime.js:315:22)
&amp#27;[35m[MJSONWP]&amp#27;[39m     at GeneratorFunctionPrototype.prototype.(anonymous function) [as throw] (/usr/local/lib/node_modules/appium/node_modules/babel-runtime/regenerator/runtime.js:100:21)
&amp#27;[35m[MJSONWP]&amp#27;[39m     at GeneratorFunctionPrototype.invoke (/usr/local/lib/node_modules/appium/node_modules/babel-runtime/regenerator/runtime.j&amp#27;[3s:5m136:37)
[HTTP]&amp#27;[39m &amp#27;[37m-->&amp#27;[39m &amp#27;[37mPOST&amp#27;[39m &amp#27;[37m/wd/hub/session/6c033502-fd88-4722-8b5b-92e91949d161/element&amp#27;[39m
&amp#27;[35m[HTTP]&amp#27;[39m &amp#27;[90m{"using":"id","value":"com.Slack:id/next_button_url_entry"}&amp#27;[39m
[debug] &amp#27;[35m[W3C]&amp#27;[39m Calling AppiumDriver.findElement() with args: ["id","com.Slack:id/next_button_url_entry","6c033502-fd88-4722-8b5b-92e91949d161"]
[debug] &amp#27;[35m[BaseDriver]&amp#27;[39m Valid locator strategies for this request: xpath, id, class name, accessibility id, -android uiautomator
[debug] &amp#27;[35m[BaseDriver]&amp#27;[39m Waiting up to 0 ms for condition
[debug] &amp#27;[35m[JSONWP Proxy]&amp#27;[39m Matched '/element' to command name 'findElement'
[debug] &amp#27;[35m[JSONWP Proxy]&amp#27;[39m Proxying [POST /element] to [POST http://localhost:8201/wd/hub/session/5a27c767-9791-4751-872d-2ed612cd606d/element] with body: {"strategy":"id","selector":"com.Slack:id/next_button_url_entry","context":"","multiple":false}
[debug] &amp#27;[35m[MJSONWP]&amp#27;[39m Matched JSONWP error code 7 to NoSuchElementError
&amp#27;[35m[MJSONWP]&amp#27;[39m Encountered internal error running command: NoSuchElementError: An element could not be located on the page using the given search parameters.
&amp#27;[35m[MJSONWP]&amp#27;[39m     at AndroidUiautomator2Driver.callee$0$0$ (/usr/local/lib/node_modules/appium/node_modules/appium-android-driver/lib/commands/find.js:75:11)
&amp#27;[35m[MJSONWP]&amp#27;[39m     at tryCatch (/usr/local/lib/node&amp#27;[35m_modules/a[HTTPppium/node_modules/ba]&amp#27;[39bem &amp#27;l-runtime[37m/reg<-- POSTenerator/runtime.js: /wd/hub/s67:40)
&amp#27;ession/[35m[MJSONWP]&amp#27;[39m     at Gene6crato03rFunctionP35rototyp02-fd88-4722-8b5b-92e919e.49dinvoke [as _in161/elvokemene] (/usr/locat &amp#27;l/lib/n[39m&amp#27;[31m500&amp#27;[3ode9m _mo&amp#27;[90dum22 mles/appium/nos - 164&amp#27;[39m
de&amp#27;[_mod35m[HTTP]&amp#27;ules[39m &amp#27;/babel-runtim[90me/regenerator/ru&amp#27;[39m
ntime.js:315:22)
&amp#27;[35m[MJSONWP]&amp#27;[39m     at GeneratorFunctionPrototype.prototype.(anonymous function) [as throw] (/usr/local/lib/node_modules/appium/node_modules/babel-runtime/regenerator/runtime.js:100:21)
&amp#27;[35m[MJSONWP]&amp#27;[39m     at GeneratorFunctionPrototype.invoke (/usr/local/lib/node_modules/appium/node_modules/babel-runtime/regene&amp#27;[35ratorm[/runHTTP]&amp#27;[39m &amp#27;[37m-->&amp#27;[tim39e.m js:136:37)
&amp#27;[37mPOST&amp#27;[39m &amp#27;[37m/wd/hub/session/6c033502-fd88-4722-8b5b-92e91949d161/element&amp#27;[39m
&amp#27;[35m[HTTP]&amp#27;[39m &amp#27;[90m{"using":"id","value":"com.Slack:id/next_button_url_entry"}&amp#27;[39m
[debug] &amp#27;[35m[W3C]&amp#27;[39m Calling AppiumDriver.findElement() with args: ["id","com.Slack:id/next_button_url_entry","6c033502-fd88-4722-8b5b-92e91949d161"]
[debug] &amp#27;[35m[BaseDriver]&amp#27;[39m Valid locator strategies for this request: xpath, id, class name, accessibility id, -android uiautomator
[debug] &amp#27;[35m[BaseDriver]&amp#27;[39m Waiting up to 0 ms for condition
[debug] &amp#27;[35m[JSONWP Proxy]&amp#27;[39m Matched '/element' to command name 'findElement'
[debug] &amp#27;[35m[JSONWP Proxy]&amp#27;[39m Proxying [POST /element] to [POST http://localhost:8201/wd/hub/session/5a27c767-9791-4751-872d-2ed612cd606d/element] with body: {"strategy":"id","selector":"com.Slack:id/next_button_url_entry","context":"","multiple":false}
[debug] &amp#27;[35m[MJSONWP]&amp#27;[39m Matched JSONWP error code 7 to NoSuchElementError
&amp#27;[35m[MJSONWP]&amp#27;[39m Encountered internal error running command: NoSuchElementError: An element could not be located on the page using the given search parameters.
&amp#27;[35m[MJSONWP]&amp#27;[39m     at AndroidUiautomator2Driver.callee$0$&amp#27;[30$ (/usr/local/lib/node_mod5m[HTTP]&amp#27;[39m ules/a&amp#27;[ppium37m<-/nod-e_module POs/STapp /wium-androd/id-drivhub/session/6c033502-fd88-4722er/-8b5bli-92e9b/co194mmands/find.js:75:119d161/element &amp#27;[39m&amp#27;[31m500&amp#27;[39m)
&amp#27;[35m[MJSONWP &amp#27;]&amp#27;[9[39m     0m22 ms - 164&amp#27;at t[39m
ryCatch (/usr/lo&amp#27;[ca35m[l/HTTliP]b/&amp#27;[39mnode &amp#27;_module[90m&amp#27;[39m
s/appium/node_modules/babel-runtime/regenerator/runtime.js:67:40)
&amp#27;[35m[MJSONWP]&amp#27;[39m     at GeneratorFunctionPrototype.invoke [as _invoke] (/usr/local/lib/node_modules/appium/node_modules/babel-runtime/regenerator/runtime.js:315:22)
&amp#27;[35m[MJSONWP]&amp#27;[39m     at GeneratorFunctionPrototype.prototype.(anonymous function) [as throw] (/usr/local/lib/node_modules/appium/node_modules/babel-runtime/regenerator/runtime.js:100:21)
&amp#27;[35m[MJSONWP]&amp#27;[39m     at GeneratorFunctionPrototype.invoke (/usr/local/lib/node_modules/appium/node_modules/babel-runtime/regen&amp#27;[er35m[HTTP]ato&amp#27;[39m &amp#27;[3r/7m--runtime>&amp#27;.j[3s:19m &amp#27;36[3:37)
7mPOST&amp#27;[39m &amp#27;[37m/wd/hub/session/6c033502-fd88-4722-8b5b-92e91949d161/element&amp#27;[39m
&amp#27;[35m[HTTP]&amp#27;[39m &amp#27;[90m{"using":"id","value":"com.Slack:id/next_button_url_entry"}&amp#27;[39m
[debug] &amp#27;[35m[W3C]&amp#27;[39m Calling AppiumDriver.findElement() with args: ["id","com.Slack:id/next_button_url_entry","6c033502-fd88-4722-8b5b-92e91949d161"]
[debug] &amp#27;[35m[BaseDriver]&amp#27;[39m Valid locator strategies for this request: xpath, id, class name, accessibility id, -android uiautomator
[debug] &amp#27;[35m[BaseDriver]&amp#27;[39m Waiting up to 0 ms for condition
[debug] &amp#27;[35m[JSONWP Proxy]&amp#27;[39m Matched '/element' to command name 'findElement'
[debug] &amp#27;[35m[JSONWP Proxy]&amp#27;[39m Proxying [POST /element] to [POST http://localhost:8201/wd/hub/session/5a27c767-9791-4751-872d-2ed612cd606d/element] with body: {"strategy":"id","selector":"com.Slack:id/next_button_url_entry","context":"","multiple":false}
[debug] &amp#27;[35m[MJSONWP]&amp#27;[39m Matched JSONWP error code 7 to NoSuchElementError
&amp#27;[35m[MJSONWP]&amp#27;[39m Encountered internal error running command: NoSuchElementError: An element could not be located on the page using the given search parameters.
&amp#27;[35m[MJSONWP]&amp#27;[39m     at AndroidUiautomator2Driver.callee$0$0$ (/usr/local/lib/node_modules/app&amp#27;[iu35m[HTm/node_modules/appium-android-driver/TPli]&amp#27;[b/c39omm mands/fin&amp#27;[d.js:75:11)
&amp#27;[3537m<-- POST /wd/hub/session/6c033502-fd88-4722-8b5b-92e91949d161/element &amp#27;[39m[MJSOm&amp#27;[31m500&amp#27;NW[3P]9m &amp#27;[&amp#27;[39m  90m   a21t tryCatch (/u ms - 164&amp#27;[3sr/local/9m
&amp#27;[35m[HlibTTP]&amp#27;[/n39m &amp#27;[ode_m90m&amp#27;od[39ules/am
ppium/node_modules/babel-runtime/regenerator/runtime.js:67:40)
&amp#27;[35m[MJSONWP]&amp#27;[39m     at GeneratorFunctionPrototype.invoke [as _invoke] (/usr/local/lib/node_modules/appium/node_modules/babel-runtime/regenerator/runtime.js:315:22)
&amp#27;[35m[MJSONWP]&amp#27;[39m     at GeneratorFunctionPrototype.prototype.(anonymous function) [as throw] (/usr/local/lib/node_modules/appium/node_modules/babel-runtime/regenerator/runtime.js:100:21)
&amp#27;[35m[MJSONWP]&amp#27;[39m     at Ge&amp#27;[35neratorFuncm[HtioTTPnPro]&amp#27;[39m &amp#27;[37m-->&amp#27;[39m &amp#27;[37mtotypePO.invoST&amp#27;ke (/usr/local/[39m &amp#27;[lib/node_modul37m/wd/hesub/se/appium/node_mssion/6c033502-fd88-472odul2-8b5bes/bab-9el-2e9runtime/regenerator194/r9duntim161/ele.js:136:37ement&amp#27;[39)m

&amp#27;[35m[HTTP]&amp#27;[39m &amp#27;[90m{"using":"id","value":"com.Slack:id/next_button_url_entry"}&amp#27;[39m
[debug] &amp#27;[35m[W3C]&amp#27;[39m Calling AppiumDriver.findElement() with args: ["id","com.Slack:id/next_button_url_entry","6c033502-fd88-4722-8b5b-92e91949d161"]
[debug] &amp#27;[35m[BaseDriver]&amp#27;[39m Valid locator strategies for this request: xpath, id, class name, accessibility id, -android uiautomator
[debug] &amp#27;[35m[BaseDriver]&amp#27;[39m Waiting up to 0 ms for condition
[debug] &amp#27;[35m[JSONWP Proxy]&amp#27;[39m Matched '/element' to command name 'findElement'
[debug] &amp#27;[35m[JSONWP Proxy]&amp#27;[39m Proxying [POST /element] to [POST http://localhost:8201/wd/hub/session/5a27c767-9791-4751-872d-2ed612cd606d/element] with body: {"strategy":"id","selector":"com.Slack:id/next_button_url_entry","context":"","multiple":false}
[debug] &amp#27;[35m[MJSONWP]&amp#27;[39m Matched JSONWP error code 7 to NoSuchElementError
&amp#27;[35m[MJSONWP]&amp#27;[39m Encountered internal error running command: NoSuchElementError: An element could not be located on the page using the given search parameters.
&amp#27;[35m[MJSONWP]&amp#27;[39m     at AndroidUiautomator2Driver.callee$0$0$ (/usr/local/lib/node_modules/appium/node_modul&amp#27;[es/app35ium[HTTP]&amp#27;[39m-android-m &amp#27;[3driver/7m<-lib- POST /wd/hub/s/cession/om6c033502mands/f-fdind.js88-4722-:78b5:11)
&amp#27;[5b35m[MJSO-92eNWP91949d]&amp#27;16[39m     1/elemat tryCatent &amp#27;[ch (/usr/lo39m&amp#27;[31cal/lim500&amp#27;[39b/nm ode_modules/appi&amp#27;[9um/nod0m3e_3 msmodul -es/babel-runtime/re 164gener&amp#27;[ator/run39time.m
js:&amp#27;[35m67[H:40)TTP]
&amp#27;&amp#27;[3[39m5m[M &amp#27;JS[90m&amp#27;[ONWP]&amp#27;[39m  39m
   at GeneratorFunctionPrototype.invoke [as _invoke] (/usr/local/lib/node_modules/appium/node_modules/babel-runtime/regenerator/runtime.js:315:22)
&amp#27;[35m[MJSONWP]&amp#27;[39m     at GeneratorFunctionPrototype.prototype.(anonymous function) [as throw] (/usr/local/lib/node_modules/appium/node_modules/babel-runtime/regenerator/runtime.js:100:21)
&amp#27;[35m[MJSONWP]&amp#27;[39m     at GeneratorFunctionPrototype.invoke (/usr/local/lib/node_modules/appium/node_m&amp#27;[odul35es/m[Hbabel-runtime/regenerator/runtime.js:136:37)
TTP]&amp#27;[39m &amp#27;[37m-->&amp#27;[39m &amp#27;[37mPOST&amp#27;[39m &amp#27;[37m/wd/hub/session/6c033502-fd88-4722-8b5b-92e91949d161/element&amp#27;[39m
&amp#27;[35m[HTTP]&amp#27;[39m &amp#27;[90m{"using":"id","value":"com.Slack:id/next_button_url_entry"}&amp#27;[39m
[debug] &amp#27;[35m[W3C]&amp#27;[39m Calling AppiumDriver.findElement() with args: ["id","com.Slack:id/next_button_url_entry","6c033502-fd88-4722-8b5b-92e91949d161"]
[debug] &amp#27;[35m[BaseDriver]&amp#27;[39m Valid locator strategies for this request: xpath, id, class name, accessibility id, -android uiautomator
[debug] &amp#27;[35m[BaseDriver]&amp#27;[39m Waiting up to 0 ms for condition
[debug] &amp#27;[35m[JSONWP Proxy]&amp#27;[39m Matched '/element' to command name 'findElement'
[debug] &amp#27;[35m[JSONWP Proxy]&amp#27;[39m Proxying [POST /element] to [POST http://localhost:8201/wd/hub/session/5a27c767-9791-4751-872d-2ed612cd606d/element] with body: {"strategy":"id","selector":"com.Slack:id/next_button_url_entry","context":"","multiple":false}
[debug] &amp#27;[35m[MJSONWP]&amp#27;[39m Matched JSONWP error code 7 to NoSuchElementError
&amp#27;[35m[MJSONWP]&amp#27;[39m Encountered internal error running command: NoSuchElementError: An element could not be located on the page using the given search parameters.
&amp#27;[35m[MJSONWP]&amp#27;[39m     at AndroidUiautomator2Driver.callee$0$0$ (/usr/local/lib/&amp#27;[no35mde_modules/appium[HTT/P]&amp#27;[39m &amp#27;[37m<-- POST /wd/hub/session/6c033502-fd88-4722-8b5b-92e91949d16nod1/element e_modules/ap&amp#27;[39m&amp#27;[31m50pium-a0&amp#27;[39m ndroid-d&amp#27;[r90m21 ms - 164&amp#27;[39m
&amp#27;[35m[HiTTP]&amp#27;[39m &amp#27;[90m&amp#27;[39vem
r/lib/commands/find.js:75:11)
&amp#27;[35m[MJSONWP]&amp#27;[39m     at tryCatch (/usr/local/lib/node_modules/appium/node_modules/babel-runtime/regenerator/runtime.js:67:40)
&amp#27;[35m[MJSONWP]&amp#27;[39m     at GeneratorFunctionPrototype.invoke [as _invoke] (/usr/local/lib/node_modules/appium/node_modules/babel-runtime/regenerator/runtime.js:315:22)
&amp#27;[35m[MJSONWP]&amp#27;[39m     at GeneratorFunctionPrototype.prototype.(anonymous function) [as throw] (/usr/local/lib/node_modules/appium/node_modules/babel-runtime/regenerator/runtime.js:100:21)
&amp#27;[35m[MJSONWP]&amp#27;[39m     at GeneratorFunctionPrototype.invoke (/usr/local/lib/node_modules/appium/node_modules/babel-runtime/regenerator/runtime.js:136:37)
&amp#27;[35m[HTTP]&amp#27;[39m &amp#27;[37m-->&amp#27;[39m &amp#27;[37mPOST&amp#27;[39m &amp#27;[37m/wd/hub/session/6c033502-fd88-4722-8b5b-92e91949d161/element&amp#27;[39m
&amp#27;[35m[HTTP]&amp#27;[39m &amp#27;[90m{"using":"id","value":"com.Slack:id/next_button_url_entry"}&amp#27;[39m
[debug] &amp#27;[35m[W3C]&amp#27;[39m Calling AppiumDriver.findElement() with args: ["id","com.Slack:id/next_button_url_entry","6c033502-fd88-4722-8b5b-92e91949d161"]
[debug] &amp#27;[35m[BaseDriver]&amp#27;[39m Valid locator strategies for this request: xpath, id, class name, accessibility id, -android uiautomator
[debug] &amp#27;[35m[BaseDriver]&amp#27;[39m Waiting up to 0 ms for condition
[debug] &amp#27;[35m[JSONWP Proxy]&amp#27;[39m Matched '/element' to command name 'findElement'
[debug] &amp#27;[35m[JSONWP Proxy]&amp#27;[39m Proxying [POST /element] to [POST http://localhost:8201/wd/hub/session/5a27c767-9791-4751-872d-2ed612cd606d/element] with body: {"strategy":"id","selector":"com.Slack:id/next_button_url_entry","context":"","multiple":false}
[debug] &amp#27;[35m[MJSONWP]&amp#27;[39m Matched JSONWP error code 7 to NoSuchElementError
&amp#27;[35m[MJSONWP]&amp#27;[39m Encountered internal error running command: NoSuchElementError: An element could not be located on the page using the given search parameters.
&amp#27;[35m[MJSONWP]&amp#27;[39m     at AndroidUiautomator2Driver.callee$0$0$ (/u&amp#27;[35m[HTTP]&amp#27;[39sr/local/lib/nm &amp#27;[37m<-- POST ode_module/wd/hub/s/appium/nsession/6c033502-fd8ode_mo8-4dules722-8/appib5um-androb-92e91949d161/elementid- &amp#27;[39drivem&amp#27;r/[li31m500&amp#27;b/co[3mmands/find9m &amp#27;[90m20 m.js:75:11)
&amp#27;[35ms - 164&amp#27;[MJSONWP][3&amp#27;[9m39
m    &amp#27;[ at 35tryCatchm[HTTP]&amp#27;[3 (/us9m &amp#27;[9r/l0mocal/lib/node_modul&amp#27;[es/39m
appium/node_modules/babel-runtime/regenerator/runtime.js:67:40)
&amp#27;[35m[MJSONWP]&amp#27;[39m     at GeneratorFunctionPrototype.invoke [as _invoke] (/usr/local/lib/node_modules/appium/node_modules/babel-runtime/regenerator/runtime.js:315:22)
&amp#27;[35m[MJSONWP]&amp#27;[39m     at GeneratorFunctionPrototype.prototype.(anonymous function) [as throw] (/usr/local/lib/node_modu&amp#27;[35m[les/appiHTTPum/node_]&amp#27;[mo39mdul &amp#27;es/bab[3el-runtime/7mreg-->&amp#27;[39m &amp#27;[37mPOSenerT&amp#27;[ator/runtime39m.js:10 &amp#27;[37m/wd/hu0:b/session/6c033502-fd88-214722-8b5b-92e9194)
&amp#27;[9d161/elem35m[MJSONWP]&amp#27;en[39m     at t&amp#27;[Gene39mra
torF&amp#27;[unctionProt35m[Hotype.invTToke (P]&amp#27;[39m/usr/ &amp#27;lo[90m{"usical/ngli":"ib/nod","vade_modlue":ul"com.Slaces/ak:id/next_button_url_eppiuntry"}m/node_module&amp#27;[s/babel-runti39mem
/rege[debug] nerator/runtim&amp#27;[3e.5m[W3Cjs]&amp#27;[39:136:37)
m Calling AppiumDriver.findElement() with args: ["id","com.Slack:id/next_button_url_entry","6c033502-fd88-4722-8b5b-92e91949d161"]
[debug] &amp#27;[35m[BaseDriver]&amp#27;[39m Valid locator strategies for this request: xpath, id, class name, accessibility id, -android uiautomator
[debug] &amp#27;[35m[BaseDriver]&amp#27;[39m Waiting up to 0 ms for condition
[debug] &amp#27;[35m[JSONWP Proxy]&amp#27;[39m Matched '/element' to command name 'findElement'
[debug] &amp#27;[35m[JSONWP Proxy]&amp#27;[39m Proxying [POST /element] to [POST http://localhost:8201/wd/hub/session/5a27c767-9791-4751-872d-2ed612cd606d/element] with body: {"strategy":"id","selector":"com.Slack:id/next_button_url_entry","context":"","multiple":false}
[debug] &amp#27;[35m[MJSONWP]&amp#27;[39m Matched JSONWP error code 7 to NoSuchElementError
&amp#27;[35m[MJSONWP]&amp#27;[39m Encountered internal error running command: NoSuchElementError: An element could not be located on the page using the given search parameters.
&amp#27;[35m[MJSONWP]&amp#27;[39m     at AndroidUiautomator2Driver.callee$0$0$ (/usr/local/lib/node_modules/appium/node_modules/appium-android-d&amp#27;[35m[riHTTverP]&amp#27;[/lib/39commanm ds/f&amp#27;[37mind.js:<-- 75:11)
&amp#27;[35mPOST /wd/hub/session/6c033502-fd88-47[M22-8JSONWb5b-92e9194P]&amp#27;[39d161/elem9ment &amp#27;[39m&amp#27;    [31m at tryCatch500&amp#27;[39m ( &amp#27;[90m/usr/lo20 cams l/lib/no- de164_m&amp#27;[odules/app39m
iu&amp#27;[m/35m[HTTP]&amp#27;[3no9m &amp#27;[90mde_modules&amp#27;[39m/ba
bel-runtime/regenerator/runtime.js:67:40)
&amp#27;[35m[MJSONWP]&amp#27;[39m     at GeneratorFunctionPrototype.invoke [as _invoke] (/usr/local/lib/node_modules/appium/node_modules/babel-runtime/regenerator/runtime.js:315:22)
&amp#27;[35m[MJSONWP]&amp#27;[39m     at GeneratorFunctionPrototype.prototype.(anonymous function) [as throw] (/usr/local/lib/node_modules/appium/node_modules/babel-runtime/regenerator/runtime.js:100:21)
&amp#27;[35m[MJSONWP]&amp#27;[39m     at GeneratorFunctionPrototype.invoke (/usr/local/lib/node_modules/appium/node_modules/babel-runtime/regenerator/runtime.js:136:37)
&amp#27;[35m[HTTP]&amp#27;[39m &amp#27;[37m-->&amp#27;[39m &amp#27;[37mPOST&amp#27;[39m &amp#27;[37m/wd/hub/session/6c033502-fd88-4722-8b5b-92e91949d161/element&amp#27;[39m
&amp#27;[35m[HTTP]&amp#27;[39m &amp#27;[90m{"using":"id","value":"com.Slack:id/next_button_url_entry"}&amp#27;[39m
[debug] &amp#27;[35m[W3C]&amp#27;[39m Calling AppiumDriver.findElement() with args: ["id","com.Slack:id/next_button_url_entry","6c033502-fd88-4722-8b5b-92e91949d161"]
[debug] &amp#27;[35m[BaseDriver]&amp#27;[39m Valid locator strategies for this request: xpath, id, class name, accessibility id, -android uiautomator
[debug] &amp#27;[35m[BaseDriver]&amp#27;[39m Waiting up to 0 ms for condition
[debug] &amp#27;[35m[JSONWP Proxy]&amp#27;[39m Matched '/element' to command name 'findElement'
[debug] &amp#27;[35m[JSONWP Proxy]&amp#27;[39m Proxying [POST /element] to [POST http://localhost:8201/wd/hub/session/5a27c767-9791-4751-872d-2ed612cd606d/element] with body: {"strategy":"id","selector":"com.Slack:id/next_button_url_entry","context":"","multiple":false}
[debug] &amp#27;[35m[MJSONWP]&amp#27;[39m Matched JSONWP error code 7 to NoSuchElementError
&amp#27;[35m[MJSONWP]&amp#27;[39m Encountered internal error running command: NoSuchElementError: An element could not be located on the page using the given search parameters.
&amp#27;[35m[MJSONWP]&amp#27;[39m   &amp#27;[35m[HTTP]&amp#27;[39m &amp#27;[37m<-- POST /  at AndroidUiwd/hub/sautomessionator2/6c0335Driver.callee$0$0$ (/usr/l02-fd88ocal/li-4b/722-no8bde5b-_modules/appi92um/node_me91949dod161/element &amp#27;[39m&amp#27;[3ules/app1mium-500&amp#27;[39mandroid-driv &amp#27;[90m1er/lib/c9 ms - 1ommands64&amp#27;[39m
/find.j&amp#27;[35s:75:11m[HTTP]&amp#27;[39m &amp#27;[90m&amp#27;[39)
&amp#27;[35m[MJSm
ONWP]&amp#27;[39m     at tryCatch (/usr/local/lib/node_modules/appium/node_modules/babel-runtime/regenerator/runtime.js:67:40)
&amp#27;[35m[MJSONWP]&amp#27;[39m     at GeneratorFunctionPrototype.invoke [as _invoke] (/usr/local/lib/node_modules/appium/node_modules/babel-runtime/regenerator/runtime.js:315:22)
&amp#27;[35m[MJSONWP]&amp#27;[39m     at GeneratorFunctionPrototype.prototype.(anonymous function) [as throw] (/usr/local/lib/&amp#27;[35node_mom[duleHTTPs/appiu]&amp#27;[3m/9m &amp#27;node_mod[37m-->ules&amp#27;[3/bab9m &amp#27;el[37mPOS-rT&amp#27;[untime/r3egen9merator &amp#27;/runtime.js:100:21)
&amp#27;[35m[MJSONWP]&amp#27;[39m     [37m/wd/huat Generab/torseFunctissionPronototy/6c03pe.invoke 3502-fd8(/usr/lo8-cal/lib47/node_modules/22appium/no-8de_mb5bod-92e91ules/babe949dl-runtime/reg16en1/element&amp#27;[3erator/runtim9me.js:136:37)

&amp#27;[35m[HTTP]&amp#27;[39m &amp#27;[90m{"using":"id","value":"com.Slack:id/next_button_url_entry"}&amp#27;[39m
[debug] &amp#27;[35m[W3C]&amp#27;[39m Calling AppiumDriver.findElement() with args: ["id","com.Slack:id/next_button_url_entry","6c033502-fd88-4722-8b5b-92e91949d161"]
[debug] &amp#27;[35m[BaseDriver]&amp#27;[39m Valid locator strategies for this request: xpath, id, class name, accessibility id, -android uiautomator
[debug] &amp#27;[35m[BaseDriver]&amp#27;[39m Waiting up to 0 ms for condition
[debug] &amp#27;[35m[JSONWP Proxy]&amp#27;[39m Matched '/element' to command name 'findElement'
[debug] &amp#27;[35m[JSONWP Proxy]&amp#27;[39m Proxying [POST /element] to [POST http://localhost:8201/wd/hub/session/5a27c767-9791-4751-872d-2ed612cd606d/element] with body: {"strategy":"id","selector":"com.Slack:id/next_button_url_entry","context":"","multiple":false}
[debug] &amp#27;[35m[MJSONWP]&amp#27;[39m Matched JSONWP error code 7 to NoSuchElementError
&amp#27;[35m[MJSONWP]&amp#27;[39m Encountered internal error running command: NoSuchElementError: An element could not be located on the page using the given search parameters.
&amp#27;[35m[MJSONWP]&amp#27;[39m     at AndroidUiautomator2Driver.callee$0$0$ (/usr/local/lib/node_modules/appium/node_modules/appium-a&amp#27;[35ndm[roiHTTd-P]dr&amp#27;[39ivm &amp#27;[3er/lib/c7m<-om- POSTman /wd/hubds/s/fiesndsion.j/6c0335s:75:02-fd88-4722-811)
&amp#27;[35b5bm[MJSO-92eNW9194P]9d161/&amp#27;[39m element &amp#27;[39   m&amp#27;[31m5 a00&amp#27;t t[39m &amp#27;[90mryCatch 19(/ ms -us 1r/loca64&amp#27;[39m
l/lib/n&amp#27;[35m[ode_modules/HTTP]&amp#27;app[39m &amp#27;[9ium/0mnode&amp#27;[39m_mo
dules/babel-runtime/regenerator/runtime.js:67:40)
&amp#27;[35m[MJSONWP]&amp#27;[39m     at GeneratorFunctionPrototype.invoke [as _invoke] (/usr/local/lib/node_modules/appium/node_modules/babel-runtime/regenerator/runtime.js:315:22)
&amp#27;[35m[MJSONWP]&amp#27;[39m     at GeneratorFunctionPrototype.prototype.(anonymous function) [as throw] (/usr/local/lib/node_modules/appium/node_modules/babel-runtime/regenerator/runtime.js:100:21)
&amp#27;[35m[MJSONWP]&amp#27;[39m     at GeneratorFunctionPrototype.invoke (/usr/local/lib/node_modules/appium/node_modules/babel-runtime/regenerator/runtime.js:136:37)
&amp#27;[35m[HTTP]&amp#27;[39m &amp#27;[37m-->&amp#27;[39m &amp#27;[37mPOST&amp#27;[39m &amp#27;[37m/wd/hub/session/6c033502-fd88-4722-8b5b-92e91949d161/element&amp#27;[39m
&amp#27;[35m[HTTP]&amp#27;[39m &amp#27;[90m{"using":"id","value":"com.Slack:id/next_button_url_entry"}&amp#27;[39m
[debug] &amp#27;[35m[W3C]&amp#27;[39m Calling AppiumDriver.findElement() with args: ["id","com.Slack:id/next_button_url_entry","6c033502-fd88-4722-8b5b-92e91949d161"]
[debug] &amp#27;[35m[BaseDriver]&amp#27;[39m Valid locator strategies for this request: xpath, id, class name, accessibility id, -android uiautomator
[debug] &amp#27;[35m[BaseDriver]&amp#27;[39m Waiting up to 0 ms for condition
[debug] &amp#27;[35m[JSONWP Proxy]&amp#27;[39m Matched '/element' to command name 'findElement'
[debug] &amp#27;[35m[JSONWP Proxy]&amp#27;[39m Proxying [POST /element] to [POST http://localhost:8201/wd/hub/session/5a27c767-9791-4751-872d-2ed612cd606d/element] with body: {"strategy":"id","selector":"com.Slack:id/next_button_url_entry","context":"","multiple":false}
[debug] &amp#27;[35m[MJSONWP]&amp#27;[39m Matched JSONWP error code 7 to NoSuchElementError
&amp#27;[35m[MJSONWP]&amp#27;[39m Encountered internal error running command: NoSuchElementError: An element could not be located on the page using the given search parameters.
&amp#27;[35m[MJSONWP]&amp#27;[39m     at AndroidUiautomator2Driver.callee$0$0$ (/usr/local/lib/node_modules/appium/node_mod&amp#27;[35m[HuleTTs/P]appiu&amp#27;[m-andr39oid-m &amp#27;[37mdr<-iver/- Plib/commandOST /wds//hub/sfind.jessis:75:11)
&amp#27;on/6c0[35m[MJSON33502-fd88-4722-8b5b-92e91949d161/elemWP]&amp#27;[39m    en at t t&amp#27;[ry39mCa&amp#27;[31m500&amp#27;[3tc9m h (/usr/local&amp#27;[/lib/90m21 mnodes _modules/appiu- m/164&amp#27;[no39dem
_mo&amp#27;[dules/ba35m[beHTTPl-runtime/reg]&amp#27;[39enem &amp#27;[90m&amp#27;[39m
rator/runtime.js:67:40)
&amp#27;[35m[MJSONWP]&amp#27;[39m     at GeneratorFunctionPrototype.invoke [as _invoke] (/usr/local/lib/node_modules/appium/node_modules/babel-runtime/regenerator/runtime.js:315:22)
&amp#27;[35m[MJSONWP]&amp#27;[39m     at GeneratorFunctionPrototype.prototype.(anonymous function) [as throw] (/usr/local/lib/node_modules/appium/node_modules/babel-runtime/regenerator/runtime.js:100:21)
&amp#27;[35m[MJSONWP]&amp#27;[39m     at GeneratorFunctionPro&amp#27;[tot35m[HTTypP]&amp#27;[39m &amp#27;e.invoke [37m--(/>&amp#27;[39musr/local/ &amp#27;[lib/node_37mPOST&amp#27;[39m &amp#27;[mo37dules/am/wd/huppb/session/6cium/node_m03odu3502-fdle88-4s/babe722-8b5b-92e919l-49d161/runelemetime/regenerator/runtime.js:nt&amp#27;[39m
136&amp#27;[:37)35
m[HTTP]&amp#27;[39m &amp#27;[90m{"using":"id","value":"com.Slack:id/next_button_url_entry"}&amp#27;[39m
[debug] &amp#27;[35m[W3C]&amp#27;[39m Calling AppiumDriver.findElement() with args: ["id","com.Slack:id/next_button_url_entry","6c033502-fd88-4722-8b5b-92e91949d161"]
[debug] &amp#27;[35m[BaseDriver]&amp#27;[39m Valid locator strategies for this request: xpath, id, class name, accessibility id, -android uiautomator
[debug] &amp#27;[35m[BaseDriver]&amp#27;[39m Waiting up to 0 ms for condition
[debug] &amp#27;[35m[JSONWP Proxy]&amp#27;[39m Matched '/element' to command name 'findElement'
[debug] &amp#27;[35m[JSONWP Proxy]&amp#27;[39m Proxying [POST /element] to [POST http://localhost:8201/wd/hub/session/5a27c767-9791-4751-872d-2ed612cd606d/element] with body: {"strategy":"id","selector":"com.Slack:id/next_button_url_entry","context":"","multiple":false}
[debug] &amp#27;[35m[MJSONWP]&amp#27;[39m Matched JSONWP error code 7 to NoSuchElementError
&amp#27;[35m[MJSONWP]&amp#27;[39m Encountered internal error running command: NoSuchElementError: An element could not be located on the page using the given search parameters.
&amp#27;[35m[MJSONWP]&amp#27;[39m     at AndroidUiautomator2Driver.callee$0$0$ (/usr/local/lib/node_&amp#27;[35m[HTTP]&amp#27;[39m &amp#27;[37mmodules/appi<-- POST /wd/hub/sum/node_modules/appium-essionandroid-driver/lib/comm/6c033502-fd88-4722ands/fin-8b5b-92e91949d16d.js1/el:75ement &amp#27;[39:11)
&amp#27;[35m[MJm&amp#27;[31m500SONWP&amp#27;[39m]&amp#27;[39m   &amp#27;[90m22    atms - 164&amp#27;[ tryCatc39m
h (/usr/local/lib/no&amp#27;[de35_modum[les/appium/node_modules/babelHTTP]-r&amp#27;[39m &amp#27;untime/r[9egenerator/runtime0m&amp#27;[.j39ms:67:
40)
&amp#27;[35m[MJSONWP]&amp#27;[39m     at GeneratorFunctionPrototype.invoke [as _invoke] (/usr/local/lib/node_modules/appium/node_modules/babel-runtime/regenerator/runtime.js:315:22)
&amp#27;[35m[MJSONWP]&amp#27;[39m     at GeneratorFunctionPrototype.prototype.(anonymous function) [as throw] (/usr/local/lib/node_modules/appium/node_modules/babe&amp#27;[35m[l-runtimeHTTP]&amp#27;/r[39meg &amp#27;[37m-->&amp#27;[enera39m tor/ru&amp#27;[37mPntOST&amp#27;[ime.39m &amp#27;[37mjs:1/wd/hub00:2/session/6c0335021)-fd88-4
&amp#27;[35m[MJSONWP]&amp#27;[39m  722-8b5   at b-GeneratorFunctionPr92e91949ototyped161/element&amp#27;[3.invok9m
e (/usr/local/lib/node_modul&amp#27;[35m[HTTP]&amp#27;[39mes/ &amp#27;[appi90m{"um/node_modulesusi/babel-rung":"intime/regd","valuenee":"com.Slraacktor/runtime.js::id/next_button136:37)
_url_entry"}&amp#27;[39m
[debug] &amp#27;[35m[W3C]&amp#27;[39m Calling AppiumDriver.findElement() with args: ["id","com.Slack:id/next_button_url_entry","6c033502-fd88-4722-8b5b-92e91949d161"]
[debug] &amp#27;[35m[BaseDriver]&amp#27;[39m Valid locator strategies for this request: xpath, id, class name, accessibility id, -android uiautomator
[debug] &amp#27;[35m[BaseDriver]&amp#27;[39m Waiting up to 0 ms for condition
[debug] &amp#27;[35m[JSONWP Proxy]&amp#27;[39m Matched '/element' to command name 'findElement'
[debug] &amp#27;[35m[JSONWP Proxy]&amp#27;[39m Proxying [POST /element] to [POST http://localhost:8201/wd/hub/session/5a27c767-9791-4751-872d-2ed612cd606d/element] with body: {"strategy":"id","selector":"com.Slack:id/next_button_url_entry","context":"","multiple":false}
[debug] &amp#27;[35m[MJSONWP]&amp#27;[39m Matched JSONWP error code 7 to NoSuchElementError
&amp#27;[35m[MJSONWP]&amp#27;[39m Encountered internal error running command: NoSuchElementError: An element could not be located on the page using the given search parameters.
&amp#27;[35m[MJSONWP]&amp#27;[39m     at AndroidUiautomator2Driver.callee$0$0$ (/usr/local/lib/node_modules/appium/node_module&amp#27;[s/ap35piumm[-aHTndroid-drTiver/lib/coP]&amp#27;[mman39mds/ &amp#27;[37find.jm<-- s:75PO:11ST /wd/hub/session/6c033)
&amp#27;502-fd88-4722-[35m[MJSONWP]&amp#27;[39m  8b5b-92   at tryCatch (/e91949d161/element &amp#27;usr/[39m&amp#27;[31m50loca0&amp#27;[39m l/l&amp#27;[90mib/n26 oms -de 164_modules/ap&amp#27;[3piu9m
m/&amp#27;[35m[HTTP]&amp#27;[node_39m &amp#27;[modu90m&amp#27;[3le9ms/babel-runtime
/regenerator/runtime.js:67:40)
&amp#27;[35m[MJSONWP]&amp#27;[39m     at GeneratorFunctionPrototype.invoke [as _invoke] (/usr/local/lib/node_modules/appium/node_modules/babel-runtime/regenerator/runtime.js:315:22)
&amp#27;[35m[MJSONWP]&amp#27;[39m     at GeneratorFunctionPrototype.prototype.(anonymous function) [as throw] (/usr/local/lib/node_modules/appium/node_modules/babel-runtime/regenerator/runtime.js:100:21)
&amp#27;[35m[MJSONWP]&amp#27;[39m     at GeneratorFunctionPrototype.invoke (/usr/local/lib/node_modules/appium/node_modules/babel-r&amp#27;[unt35imem[/regenHTTP]erator/ru&amp#27;[3nti9mme.j &amp#27;s:[37m-->&amp#27;[39m &amp#27;[3137mP6:37)
OST&amp#27;[39m &amp#27;[37m/wd/hub/session/6c033502-fd88-4722-8b5b-92e91949d161/element&amp#27;[39m
&amp#27;[35m[HTTP]&amp#27;[39m &amp#27;[90m{"using":"id","value":"com.Slack:id/next_button_url_entry"}&amp#27;[39m
[debug] &amp#27;[35m[W3C]&amp#27;[39m Calling AppiumDriver.findElement() with args: ["id","com.Slack:id/next_button_url_entry","6c033502-fd88-4722-8b5b-92e91949d161"]
[debug] &amp#27;[35m[BaseDriver]&amp#27;[39m Valid locator strategies for this request: xpath, id, class name, accessibility id, -android uiautomator
[debug] &amp#27;[35m[BaseDriver]&amp#27;[39m Waiting up to 0 ms for condition
[debug] &amp#27;[35m[JSONWP Proxy]&amp#27;[39m Matched '/element' to command name 'findElement'
[debug] &amp#27;[35m[JSONWP Proxy]&amp#27;[39m Proxying [POST /element] to [POST http://localhost:8201/wd/hub/session/5a27c767-9791-4751-872d-2ed612cd606d/element] with body: {"strategy":"id","selector":"com.Slack:id/next_button_url_entry","context":"","multiple":false}
[debug] &amp#27;[35m[MJSONWP]&amp#27;[39m Matched JSONWP error code 7 to NoSuchElementError
&amp#27;[35m[MJSONWP]&amp#27;[39m Encountered internal error running command: NoSuchElementError: An element could not be located on the page using the given search parameters.
&amp#27;[35m[MJSONWP]&amp#27;[39m     at AndroidUiautomator2Driver.callee$0$0$ (/usr/local/lib/node_modules/appium/node_modules/appium-android-driver/lib/commands/&amp#27;[35find.js:75m[HT:1TP1)
&amp#27;[35m[MJSONWP]&amp#27;[39m]&amp#27;[3     a9m &amp#27;[t tr37yCm<at-- POST /wdch (/hub/session/6/usr/lc033502oc-fd88-4722-8b5b-al92e91949d/l161ib/node_mo/elemendulet &amp#27;[39s/appiumm&amp#27;[3/nod1m500&amp#27;[39me_modu &amp#27;[90m19 msles - /babel-164&amp#27;runtime[39m
/re&amp#27;[3gener5m[HTTP]&amp#27;[ator/run39m &amp#27;[90m&amp#27;[3time.js:67:49m
0)
&amp#27;[35m[MJSONWP]&amp#27;[39m     at GeneratorFunctionPrototype.invoke [as _invoke] (/usr/local/lib/node_modules/appium/node_modules/babel-runtime/regenerator/runtime.js:315:22)
&amp#27;[35m[MJSONWP]&amp#27;[39m     at GeneratorFunctionPrototype.prototype.(anonymous function) [as throw] (/usr/local/lib/node_modules/appium/node_modules/babel-runtime/regenerator/runtime.js:100:21)
&amp#27;[35m[MJSONWP]&amp#27;[39m     at GeneratorFunctionPrototype.invoke (/usr/local/lib/node_modules/appium/node_modules/babel-runtime/regenerator/runtime.js:136:37)
&amp#27;[35m[HTTP]&amp#27;[39m &amp#27;[37m-->&amp#27;[39m &amp#27;[37mPOST&amp#27;[39m &amp#27;[37m/wd/hub/session/6c033502-fd88-4722-8b5b-92e91949d161/element&amp#27;[39m
&amp#27;[35m[HTTP]&amp#27;[39m &amp#27;[90m{"using":"id","value":"com.Slack:id/next_button_url_entry"}&amp#27;[39m
[debug] &amp#27;[35m[W3C]&amp#27;[39m Calling AppiumDriver.findElement() with args: ["id","com.Slack:id/next_button_url_entry","6c033502-fd88-4722-8b5b-92e91949d161"]
[debug] &amp#27;[35m[BaseDriver]&amp#27;[39m Valid locator strategies for this request: xpath, id, class name, accessibility id, -android uiautomator
[debug] &amp#27;[35m[BaseDriver]&amp#27;[39m Waiting up to 0 ms for condition
[debug] &amp#27;[35m[JSONWP Proxy]&amp#27;[39m Matched '/element' to command name 'findElement'
[debug] &amp#27;[35m[JSONWP Proxy]&amp#27;[39m Proxying [POST /element] to [POST http://localhost:8201/wd/hub/session/5a27c767-9791-4751-872d-2ed612cd606d/element] with body: {"strategy":"id","selector":"com.Slack:id/next_button_url_entry","context":"","multiple":false}
[debug] &amp#27;[35m[MJSONWP]&amp#27;[39m Matched JSONWP error code 7 to NoSuchElementError
&amp#27;[35m[MJSONWP]&amp#27;[39m Encountered internal error running command: NoSuchElementError: An element could not be located on the page using the given search parameters.
&amp#27;[35m[MJSONWP]&amp#27;[39m     at AndroidUiautomator2Driver.callee$0$0$ (/usr/local/lib/node_modules/appium/node&amp#27;[_modul35m[esHTT/aP]&amp#27;[39m &amp#27;[37mppi<-um-and- POroSTid- /wd/driver/lib/chub/session/6c0ommands33502-fd88-47/find.js:22-8b75:115b)
&amp#27;[35m[MJSONWP-9]&amp#27;[39m 2e91949d161/elemen    at tryCatch (t /u&amp#27;sr/lo[39m&amp#27;cal/lib/no[31m5d00&amp#27;[39m &amp#27;[9e_module0m20s/appium ms - /n164&amp#27;[39m
ode_modu&amp#27;[les35/babm[HTel-TP]&amp#27;[3runtim9m &amp#27;[90e/regem&amp#27;[39m
nerator/runtime.js:67:40)
&amp#27;[35m[MJSONWP]&amp#27;[39m     at GeneratorFunctionPrototype.invoke [as _invoke] (/usr/local/lib/node_modules/appium/node_modules/babel-runtime/regenerator/runtime.js:315:22)
&amp#27;[35m[MJSONWP]&amp#27;[39m     at GeneratorFunctionPrototype.prototype.(anonymous function) [as throw] (/usr/local/lib/node_modules/appium/node_modules/babel-runtime/regenerator/runtime.js:100:21)
&amp#27;[35m[MJSONWP]&amp#27;[39m     at GeneratorFunctionPrototype.invoke (/usr/local/lib/node_modules/appium/node_modules/babel-runtime/regenerator/runtime.js:136:37)
&amp#27;[35m[HTTP]&amp#27;[39m &amp#27;[37m-->&amp#27;[39m &amp#27;[37mPOST&amp#27;[39m &amp#27;[37m/wd/hub/session/6c033502-fd88-4722-8b5b-92e91949d161/element&amp#27;[39m
&amp#27;[35m[HTTP]&amp#27;[39m &amp#27;[90m{"using":"id","value":"com.Slack:id/next_button_url_entry"}&amp#27;[39m
[debug] &amp#27;[35m[W3C]&amp#27;[39m Calling AppiumDriver.findElement() with args: ["id","com.Slack:id/next_button_url_entry","6c033502-fd88-4722-8b5b-92e91949d161"]
[debug] &amp#27;[35m[BaseDriver]&amp#27;[39m Valid locator strategies for this request: xpath, id, class name, accessibility id, -android uiautomator
[debug] &amp#27;[35m[BaseDriver]&amp#27;[39m Waiting up to 0 ms for condition
[debug] &amp#27;[35m[JSONWP Proxy]&amp#27;[39m Matched '/element' to command name 'findElement'
[debug] &amp#27;[35m[JSONWP Proxy]&amp#27;[39m Proxying [POST /element] to [POST http://localhost:8201/wd/hub/session/5a27c767-9791-4751-872d-2ed612cd606d/element] with body: {"strategy":"id","selector":"com.Slack:id/next_button_url_entry","context":"","multiple":false}
[debug] &amp#27;[35m[MJSONWP]&amp#27;[39m Matched JSONWP error code 7 to NoSuchElementError
&amp#27;[35m[MJSONWP]&amp#27;[39m Encountered internal error running command: NoSuchElementError: An element could not be located on the page using the given search parameters.
&amp#27;[35m[MJSONWP]&amp#27;[39m     at AndroidUiautomator2Driver.callee$0$0$ (/usr/local/lib/node_modules/appium/node_modules/appium-android-dri&amp#27;[35m[HTTP]&amp#27;[39m &amp#27;[37m<-- POST /wd/hub/session/6c033502-fd88-4722-8b5b-92e91949d161/element &amp#27;[39m&amp#27;[31m500&amp#27;[39m &amp#27;[90m18 ms - 164&amp#27;[39m
&amp#27;[35m[HTTP]&amp#27;[39m &amp#27;[90m&amp#27;[39m
ver/lib/commands/find.js:75:11)
&amp#27;[35m[MJSONWP]&amp#27;[39m     at tryCatch (/usr/local/lib/node_modules/appium/node_modules/babel-runtime/regenerator/runtime.js:67:40)
&amp#27;[35m[MJSONWP]&amp#27;[39m     at GeneratorFunctionPrototype.invoke [as _invoke] (/usr/local/lib/node_modules/appium/node_modules/babel-runtime/regenerator/runtime.js:315:22)
&amp#27;[35m[MJSONWP]&amp#27;[39m     at GeneratorFunctionPrototype.prototype.(anonymous function) [as throw] (/usr/local/lib/node_modules/appium/node_modules/babel-runtime/regenerator/runtime.js:100:21)
&amp#27;[35m[MJSONWP]&amp#27;[39m     at GeneratorFunctionPrototype.invoke (/usr/local/lib/node_modules/appium/node_modules/babel-runtime/regenerator/runtime.js:136:37)
&amp#27;[35m[HTTP]&amp#27;[39m &amp#27;[37m-->&amp#27;[39m &amp#27;[37mPOST&amp#27;[39m &amp#27;[37m/wd/hub/session/6c033502-fd88-4722-8b5b-92e91949d161/element&amp#27;[39m
&amp#27;[35m[HTTP]&amp#27;[39m &amp#27;[90m{"using":"id","value":"com.Slack:id/next_button_url_entry"}&amp#27;[39m
[debug] &amp#27;[35m[W3C]&amp#27;[39m Calling AppiumDriver.findElement() with args: ["id","com.Slack:id/next_button_url_entry","6c033502-fd88-4722-8b5b-92e91949d161"]
[debug] &amp#27;[35m[BaseDriver]&amp#27;[39m Valid locator strategies for this request: xpath, id, class name, accessibility id, -android uiautomator
[debug] &amp#27;[35m[BaseDriver]&amp#27;[39m Waiting up to 0 ms for condition
[debug] &amp#27;[35m[JSONWP Proxy]&amp#27;[39m Matched '/element' to command name 'findElement'
[debug] &amp#27;[35m[JSONWP Proxy]&amp#27;[39m Proxying [POST /element] to [POST http://localhost:8201/wd/hub/session/5a27c767-9791-4751-872d-2ed612cd606d/element] with body: {"strategy":"id","selector":"com.Slack:id/next_button_url_entry","context":"","multiple":false}
[debug] &amp#27;[35m[MJSONWP]&amp#27;[39m Matched JSONWP error code 7 to NoSuchElementError
&amp#27;[35m[MJSONWP]&amp#27;[39m Encountered internal error running command: NoSuchElementError: An element could not be located on the page using the given search parameters.
&amp#27;[35m[MJSONWP]&amp#27;[39m     at AndroidUi&amp#27;[35m[HautomatTTP]&amp#27;or2Dr[39m &amp#27;[37ivm<-- Per.cOSalleT /wde$0$0$ (/usr/hub//locsealssion/l/6c03350ib2-fd88-4722-8b5b/no-9de_modu2e91949d161/les/aelppium/nemeode_ntmodule &amp#27;[39m&amp#27;[31m500&amp#27;[39m &amp#27;[s/90appium2m-android-driver/lib/command7 ms - s/find.js:7164&amp#27;[39m
5&amp#27;[3:11)
&amp#27;[355m[HTTP]m[MJSONW&amp#27;[39m &amp#27;[90m&amp#27;[39m
P]&amp#27;[39m     at tryCatch (/usr/local/lib/node_modules/appium/node_modules/babel-runtime/regenerator/runtime.js:67:40)
&amp#27;[35m[MJSONWP]&amp#27;[39m     at GeneratorFunctionPrototype.invoke [as _invoke] (/usr/local/lib/node_modules/appium/node_modules/babel-runtime/regenerator/runtime.js:315:22)
&amp#27;[35m[MJSONWP]&amp#27;[39m     at GeneratorFunctionPrototype.prototype.(anonymous function) [as throw] (/usr/local/lib/node_modules/appium/node_modules/babel-runtime/regenerator/runtime.js:100:21)
&amp#27;[35m[MJSONWP]&amp#27;[39m     at GeneratorFunctionPrototype.invoke (/usr/local/lib/node_modules/appium/node_modules/babel-runtime/regenerator/runtime.js:136:37)
&amp#27;[35m[HTTP]&amp#27;[39m &amp#27;[37m-->&amp#27;[39m &amp#27;[37mPOST&amp#27;[39m &amp#27;[37m/wd/hub/session/6c033502-fd88-4722-8b5b-92e91949d161/element&amp#27;[39m
&amp#27;[35m[HTTP]&amp#27;[39m &amp#27;[90m{"using":"id","value":"com.Slack:id/next_button_url_entry"}&amp#27;[39m
[debug] &amp#27;[35m[W3C]&amp#27;[39m Calling AppiumDriver.findElement() with args: ["id","com.Slack:id/next_button_url_entry","6c033502-fd88-4722-8b5b-92e91949d161"]
[debug] &amp#27;[35m[BaseDriver]&amp#27;[39m Valid locator strategies for this request: xpath, id, class name, accessibility id, -android uiautomator
[debug] &amp#27;[35m[BaseDriver]&amp#27;[39m Waiting up to 0 ms for condition
[debug] &amp#27;[35m[JSONWP Proxy]&amp#27;[39m Matched '/element' to command name 'findElement'
[debug] &amp#27;[35m[JSONWP Proxy]&amp#27;[39m Proxying [POST /element] to [POST http://localhost:8201/wd/hub/session/5a27c767-9791-4751-872d-2ed612cd606d/element] with body: {"strategy":"id","selector":"com.Slack:id/next_button_url_entry","context":"","multiple":false}
[debug] &amp#27;[35m[MJSONWP]&amp#27;[39m Matched JSONWP error code 7 to NoSuchElementError
&amp#27;[35m[MJSONWP]&amp#27;[39m Encountered internal error running command: NoSuchElementError: An element could not be located on the page using the given search parameters.
&amp#27;[35m[MJSONWP]&amp#27;[39m     at AndroidUiautomator2Driver.callee$0$0$ (/usr/local/lib/node_modules/appium/node_modules/appium-android-driver/lib/commands/find.js:75:11)
&amp#27;[35m[MJSONWP]&amp#27;[39m     at tryCatch (/usr/local/lib/node_modu&amp#27;[35m[HTTP]&amp#27;[39m &amp#27;[37m<-- POST /wles/appium/node_modd/ules/hub/session/6cbab033502-fdel-runti88-4722-8b5b-92e91me/regenerator/runti949d161/element &amp#27;[39m&amp#27;[31m500&amp#27;[39m &amp#27;[90m2me.js:67:40)
0 &amp#27;[35m[MJSONmsWP -]&amp#27;[39m   1   64&amp#27;[39m
at &amp#27;[35m[HTTP]&amp#27;[39m &amp#27;[90m&amp#27;[39m
GeneratorFunctionPrototype.invoke [as _invoke] (/usr/local/lib/node_modules/appium/node_modules/babel-runtime/regenerator/runtime.js:315:22)
&amp#27;[35m[MJSONWP]&amp#27;[39m     at GeneratorFunctionPrototype.prototype.(anonymous function) [as throw] (/usr/local/lib/node_modules/appium/node_modules/babel-runtime/regenerator/runtime.js:100:21)
&amp#27;[35m[MJSONWP]&amp#27;[39m     at GeneratorFunctionPrototype.invoke (/usr/local/lib/node_modules/appium/node_modules/babel-runtime/regenerator/runtime.js:136:37)
&amp#27;[35m[HTTP]&amp#27;[39m &amp#27;[37m-->&amp#27;[39m &amp#27;[37mPOST&amp#27;[39m &amp#27;[37m/wd/hub/session/6c033502-fd88-4722-8b5b-92e91949d161/element&amp#27;[39m
&amp#27;[35m[HTTP]&amp#27;[39m &amp#27;[90m{"using":"id","value":"com.Slack:id/next_button_url_entry"}&amp#27;[39m
[debug] &amp#27;[35m[W3C]&amp#27;[39m Calling AppiumDriver.findElement() with args: ["id","com.Slack:id/next_button_url_entry","6c033502-fd88-4722-8b5b-92e91949d161"]
[debug] &amp#27;[35m[BaseDriver]&amp#27;[39m Valid locator strategies for this request: xpath, id, class name, accessibility id, -android uiautomator
[debug] &amp#27;[35m[BaseDriver]&amp#27;[39m Waiting up to 0 ms for condition
[debug] &amp#27;[35m[JSONWP Proxy]&amp#27;[39m Matched '/element' to command name 'findElement'
[debug] &amp#27;[35m[JSONWP Proxy]&amp#27;[39m Proxying [POST /element] to [POST http://localhost:8201/wd/hub/session/5a27c767-9791-4751-872d-2ed612cd606d/element] with body: {"strategy":"id","selector":"com.Slack:id/next_button_url_entry","context":"","multiple":false}
[debug] &amp#27;[35m[MJSONWP]&amp#27;[39m Matched JSONWP error code 7 to NoSuchElementError
&amp#27;[35m[MJSONWP]&amp#27;[39m Encountered internal error running command: NoSuchElementError: An element could not be located on the page using the given search parameters.
&amp#27;[35m[MJSONWP]&amp#27;[39m     at AndroidUiautomator2Driver.callee$0$0$ (/usr/local/lib/node_modules/appium/node_modules/appium-android-driver/lib&amp#27;[35/commands/find.js:75:11)
&amp#27;[35m[MJSONWP]&amp#27;[39m     at tryCatch (/usr/local/lib/node_modulem[HTTP]&amp#27;[39m &amp#27;[37m<-- POST /wd/hub/session/6c033502-fd88-4722-8b5b-92e91949d161/elems/appium/node_moent &amp#27;[39m&amp#27;[31m50dules/babel-runtime/rege0&amp#27;[ne39rator/runtime.js:m &amp#27;[967:40)
&amp#27;[35m[MJSONWP]&amp#27;[39m0m21      ms - 164&amp#27;[39m
at GeneratorFunctionPro&amp#27;[to35type.invoke [as _im[HTTP]&amp#27;[39m &amp#27;[90m&amp#27;[39m
nvoke] (/usr/local/lib/node_modules/appium/node_modules/babel-runtime/regenerator/runtime.js:315:22)
&amp#27;[35m[MJSONWP]&amp#27;[39m     at GeneratorFunctionPrototype.prototype.(anonymous function) [as throw] (/usr/local/lib/node_modules/appium/node_modules/babel-runtime/regenerator/runtime.js:100:21)
&amp#27;[35m[MJSONWP]&amp#27;[39m     at GeneratorFunctionPrototype.invoke (/usr/local/lib/node_modules/appium/node_modules/babel-runtime/regenerator/runtime.js:136:37)
&amp#27;[35m[HTTP]&amp#27;[39m &amp#27;[37m-->&amp#27;[39m &amp#27;[37mPOST&amp#27;[39m &amp#27;[37m/wd/hub/session/6c033502-fd88-4722-8b5b-92e91949d161/element&amp#27;[39m
&amp#27;[35m[HTTP]&amp#27;[39m &amp#27;[90m{"using":"id","value":"com.Slack:id/next_button_url_entry"}&amp#27;[39m
[debug] &amp#27;[35m[W3C]&amp#27;[39m Calling AppiumDriver.findElement() with args: ["id","com.Slack:id/next_button_url_entry","6c033502-fd88-4722-8b5b-92e91949d161"]
[debug] &amp#27;[35m[BaseDriver]&amp#27;[39m Valid locator strategies for this request: xpath, id, class name, accessibility id, -android uiautomator
[debug] &amp#27;[35m[BaseDriver]&amp#27;[39m Waiting up to 0 ms for condition
[debug] &amp#27;[35m[JSONWP Proxy]&amp#27;[39m Matched '/element' to command name 'findElement'
[debug] &amp#27;[35m[JSONWP Proxy]&amp#27;[39m Proxying [POST /element] to [POST http://localhost:8201/wd/hub/session/5a27c767-9791-4751-872d-2ed612cd606d/element] with body: {"strategy":"id","selector":"com.Slack:id/next_button_url_entry","context":"","multiple":false}
[debug] &amp#27;[35m[MJSONWP]&amp#27;[39m Matched JSONWP error code 7 to NoSuchElementError
&amp#27;[35m[MJSONWP]&amp#27;[39m Encountered internal error running command: NoSuchElementError: An element could not be located on the page using the given search parameters.
&amp#27;[35m[MJSONWP]&amp#27;[39m     at AndroidUiautomator2Driver.callee$0$0$ (/us&amp#27;[35mr/[HTTP]&amp#27;[39m &amp#27;[37m<-- POST /wd/hlocal/lib/node_modules/appium/node_modulub/sessesion//a6c0335ppium02-fd88-4722-8b5-anb-92e91droi949d161/element &amp#27;[39m&amp#27;[31m500&amp#27;[d-driver39m &amp#27;[90m22 ms - 164/lib/commands/&amp#27;[39mfind.js
:75:11)
&amp#27;[35m[&amp#27;[35m[MJSONWP]&amp#27;[39m     at tryCatch (/usr/local/lib/HTTnode_P]&amp#27;[39m &amp#27;[90m&amp#27;[39m
modules/appium/node_modules/babel-runtime/regenerator/runtime.js:67:40)
&amp#27;[35m[MJSONWP]&amp#27;[39m     at GeneratorFunctionPrototype.invoke [as _invoke] (/usr/local/lib/node_modules/appium/node_modules/babel-runtime/regenerator/runtime.js:315:22)
&amp#27;[35m[MJSONWP]&amp#27;[39m     at GeneratorFunctionPrototype.prototype.(anonymous function) [as throw] (/usr/local/lib/node_modules/appium/node_modules/babel-runtime/regenerator/runtime.js:100:21)
&amp#27;[35m[MJSONWP]&amp#27;[39m     at GeneratorFunctionPrototype.invoke (/usr/local/lib/node_modules/appium/node_modules/babel-runtime/regenerator/runtime.js:136:37)
&amp#27;[35m[HTTP]&amp#27;[39m &amp#27;[37m-->&amp#27;[39m &amp#27;[37mPOST&amp#27;[39m &amp#27;[37m/wd/hub/session/6c033502-fd88-4722-8b5b-92e91949d161/element&amp#27;[39m
&amp#27;[35m[HTTP]&amp#27;[39m &amp#27;[90m{"using":"id","value":"com.Slack:id/next_button_url_entry"}&amp#27;[39m
[debug] &amp#27;[35m[W3C]&amp#27;[39m Calling AppiumDriver.findElement() with args: ["id","com.Slack:id/next_button_url_entry","6c033502-fd88-4722-8b5b-92e91949d161"]
[debug] &amp#27;[35m[BaseDriver]&amp#27;[39m Valid locator strategies for this request: xpath, id, class name, accessibility id, -android uiautomator
[debug] &amp#27;[35m[BaseDriver]&amp#27;[39m Waiting up to 0 ms for condition
[debug] &amp#27;[35m[JSONWP Proxy]&amp#27;[39m Matched '/element' to command name 'findElement'
[debug] &amp#27;[35m[JSONWP Proxy]&amp#27;[39m Proxying [POST /element] to [POST http://localhost:8201/wd/hub/session/5a27c767-9791-4751-872d-2ed612cd606d/element] with body: {"strategy":"id","selector":"com.Slack:id/next_button_url_entry","context":"","multiple":false}
[debug] &amp#27;[35m[MJSONWP]&amp#27;[39m Matched JSONWP error code 7 to NoSuchElementError
&amp#27;[35m[MJSONWP]&amp#27;[39m Encountered internal error running command: NoSuchElementError: An element could not be located on the page using the given search parameters.
&amp#27;[35m[MJSONWP]&amp#27;[39m     at AndroidUiautomator2Driver.calle&amp#27;[35m[HTTP]&amp#27;[39m &amp#27;[37m<-- POST /wd/hub/sessie$0$0$ (/usr/local/lon/6c033502-fdib/node_mod88ul-4es/appium72/n2-od8be_5bmo-9dules/appi2e91949d161/um-androelid-driver/lib/comemenmands/find.jt &amp#27;[s:75:39m&amp#27;[31m11)
&amp#27;[35m[MJSONWP]&amp#27;[3500&amp#27;[39m &amp#27;[90m20 ms - 164&amp#27;[39m
&amp#27;[35m[HTTP]&amp#27;[39m &amp#27;[90m&amp#27;[39m
9m     at tryCatch (/usr/local/lib/node_modules/appium/node_modules/babel-runtime/regenerator/runtime.js:67:40)
&amp#27;[35m[MJSONWP]&amp#27;[39m     at GeneratorFunctionPrototype.invoke [as _invoke] (/usr/local/lib/node_modules/appium/node_modules/babel-runtime/regenerator/runtime.js:315:22)
&amp#27;[35m[MJSONWP]&amp#27;[39m     at GeneratorFunctionPrototype.prototype.(anonymous function) [as throw] (/usr/local/lib/node_modules/appium/node_modules/babel-runtime/regenerator/runtime.js:100:21)
&amp#27;[35m[MJSONWP]&amp#27;[39m     at Gene&amp#27;[35m[HTTP]&amp#27;[39m &amp#27;[37m-->&amp#27;[39m &amp#27;[37mratorFunctionPrototype.invoke (/usr/local/lib/node_modules/appium/node_modules/babel-runtime/regenerator/runtime.js:136:37)
POST&amp#27;[39m &amp#27;[37m/wd/hub/session/6c033502-fd88-4722-8b5b-92e91949d161/element&amp#27;[39m
&amp#27;[35m[HTTP]&amp#27;[39m &amp#27;[90m{"using":"id","value":"com.Slack:id/next_button_url_entry"}&amp#27;[39m
[debug] &amp#27;[35m[W3C]&amp#27;[39m Calling AppiumDriver.findElement() with args: ["id","com.Slack:id/next_button_url_entry","6c033502-fd88-4722-8b5b-92e91949d161"]
[debug] &amp#27;[35m[BaseDriver]&amp#27;[39m Valid locator strategies for this request: xpath, id, class name, accessibility id, -android uiautomator
[debug] &amp#27;[35m[BaseDriver]&amp#27;[39m Waiting up to 0 ms for condition
[debug] &amp#27;[35m[JSONWP Proxy]&amp#27;[39m Matched '/element' to command name 'findElement'
[debug] &amp#27;[35m[JSONWP Proxy]&amp#27;[39m Proxying [POST /element] to [POST http://localhost:8201/wd/hub/session/5a27c767-9791-4751-872d-2ed612cd606d/element] with body: {"strategy":"id","selector":"com.Slack:id/next_button_url_entry","context":"","multiple":false}
[debug] &amp#27;[35m[MJSONWP]&amp#27;[39m Matched JSONWP error code 7 to NoSuchElementError
&amp#27;[35m[MJSONWP]&amp#27;[39m Encountered internal error running command: NoSuchElementError: An element could not be located on the page using the given search parameters.
&amp#27;[35m[MJSONWP]&amp#27;[39m     at AndroidUiautomator2Driver.callee$0$0$ (/usr/local/lib/node_modules/appium/node_modules/appiu&amp#27;[35mm-andro[Hid-driTTP]&amp#27;[39m &amp#27;[ver/lib/commands/fin37m<-- d.POST /wjsd/hub/se:75:ssion/116c0)
&amp#27;[35m[MJSONWP]&amp#27;[39m     a33t tryCa50tch (/usr/local/lib/n2-fode_modules/appium/node_modules/babel-rd88-4722untime/-8b5b-92eregenerator/runti91949d161me.j/element &amp#27;[39m&amp#27;[31m5s:67:40)
&amp#27;[35m[MJSONWP]&amp#27;[39m     at Genera00&amp#27;[39m &amp#27;[90m20torFunctionPrototype. ms - 164&amp#27;[39m
&amp#27;[35m[HTTP]&amp#27;[39m &amp#27;[90m&amp#27;[39m
invoke [as _invoke] (/usr/local/lib/node_modules/appium/node_modules/babel-runtime/regenerator/runtime.js:315:22)
&amp#27;[35m[MJSONWP]&amp#27;[39m     at GeneratorFunctionPrototype.prototype.(anonymous function) [as throw] (/usr/local/lib/node_modules/appium/node_modules/babel-runtime/regenerator/runtime.js:100:21)
&amp#27;[35m[MJSONWP]&amp#27;[39m     at GeneratorFunctionPrototype.invoke (/usr/local/lib/node_modules/appium/node_modules/babel-runtime/regenerator/runtime.js:136:37)
&amp#27;[35m[HTTP]&amp#27;[39m &amp#27;[37m-->&amp#27;[39m &amp#27;[37mPOST&amp#27;[39m &amp#27;[37m/wd/hub/session/6c033502-fd88-4722-8b5b-92e91949d161/element&amp#27;[39m
&amp#27;[35m[HTTP]&amp#27;[39m &amp#27;[90m{"using":"id","value":"com.Slack:id/next_button_url_entry"}&amp#27;[39m
[debug] &amp#27;[35m[W3C]&amp#27;[39m Calling AppiumDriver.findElement() with args: ["id","com.Slack:id/next_button_url_entry","6c033502-fd88-4722-8b5b-92e91949d161"]
[debug] &amp#27;[35m[BaseDriver]&amp#27;[39m Valid locator strategies for this request: xpath, id, class name, accessibility id, -android uiautomator
[debug] &amp#27;[35m[BaseDriver]&amp#27;[39m Waiting up to 0 ms for condition
[debug] &amp#27;[35m[JSONWP Proxy]&amp#27;[39m Matched '/element' to command name 'findElement'
[debug] &amp#27;[35m[JSONWP Proxy]&amp#27;[39m Proxying [POST /element] to [POST http://localhost:8201/wd/hub/session/5a27c767-9791-4751-872d-2ed612cd606d/element] with body: {"strategy":"id","selector":"com.Slack:id/next_button_url_entry","context":"","multiple":false}
[debug] &amp#27;[35m[MJSONWP]&amp#27;[39m Matched JSONWP error code 7 to NoSuchElementError
&amp#27;[35m[MJSONWP]&amp#27;[39m Encountered internal error running command: NoSuchElementError: An element could not be located on the page using the given search parameters.
&amp#27;[35m[MJSONWP]&amp#27;[39m     at AndroidUiautomator2Driver.callee$0$0$ (/usr/local/lib/node_modules/appium/node_modules/appium-android-driver/lib/commands/find.js:75:11)
&amp#27;[35m[MJSON&amp#27;[35WP]&amp#27;[39m     at tryCatch m[H(/usrTTP]&amp#27;/loc[39m al/&amp#27;[37lib/node_modm<-- ules/POSTap /pium/nodewd/hub/session_modul/6c03es/babel-runtime/regenerator/runtime.js:67:40)
&amp#27;[35m[MJSONWP]&amp#27;[39m     at Gener35atorFun02-fd88-4722-8bctionPrototype.invok5be -9[as _invoke] (/usr/local/lib/no2de_modules/ae91949d16ppi1/elum/node_modules/babel-runtime/regeneremator/runtienmet &amp#27;.js:315:22)
&amp#27;[35m[MJSONWP]&amp#27;[39m     at GeneratorFun[39m&amp#27;[31m500&amp#27;[3ctionPrototype.prototype.9m &amp#27;[(anonymous fun90ction) [as throw] (/usr/local/lib/node_modules/appim27 um/node_modules/babms - 16el-runtime/regenerato4&amp#27;r/runtime.js:100:21)
&amp#27;[35m[39m[MJ
SONWP]&amp#27;[39m     at Generat&amp#27;[3orF5m[HTunctionPrototyTP]&amp#27;[pe.invoke (/usr/local/lib/node_modules/appium/node_modules/babel-runtime/regenerator/runtime.js:136:37)
39m &amp#27;[90m&amp#27;[39m
&amp#27;[35m[HTTP]&amp#27;[39m &amp#27;[37m-->&amp#27;[39m &amp#27;[37mPOST&amp#27;[39m &amp#27;[37m/wd/hub/session/6c033502-fd88-4722-8b5b-92e91949d161/element&amp#27;[39m
&amp#27;[35m[HTTP]&amp#27;[39m &amp#27;[90m{"using":"id","value":"com.Slack:id/next_button_url_entry"}&amp#27;[39m
[debug] &amp#27;[35m[W3C]&amp#27;[39m Calling AppiumDriver.findElement() with args: ["id","com.Slack:id/next_button_url_entry","6c033502-fd88-4722-8b5b-92e91949d161"]
[debug] &amp#27;[35m[BaseDriver]&amp#27;[39m Valid locator strategies for this request: xpath, id, class name, accessibility id, -android uiautomator
[debug] &amp#27;[35m[BaseDriver]&amp#27;[39m Waiting up to 0 ms for condition
[debug] &amp#27;[35m[JSONWP Proxy]&amp#27;[39m Matched '/element' to command name 'findElement'
[debug] &amp#27;[35m[JSONWP Proxy]&amp#27;[39m Proxying [POST /element] to [POST http://localhost:8201/wd/hub/session/5a27c767-9791-4751-872d-2ed612cd606d/element] with body: {"strategy":"id","selector":"com.Slack:id/next_button_url_entry","context":"","multiple":false}
[debug] &amp#27;[35m[MJSONWP]&amp#27;[39m Matched JSONWP error code 7 to NoSuchElementError
&amp#27;[35m[MJSONWP]&amp#27;[39m Encountered internal error running command: NoSuchElementError: An element could not be located on the page using the given search parameters.
&amp#27;[35m[MJSONWP]&amp#27;[39m     at AndroidUiautomator2Driver.callee$0$0$ (/usr/local/lib/node_modules/appium/node_modules/appium-android-driver/lib/commands/find.js:75:11)
&amp#27;[35m[MJSONWP]&amp#27;[39m &amp#27;[35m    at tryCatch (/usr/local/lib/node_modules/appium/no[Hde_modTTP]&amp#27;[3ules9m/bab &amp#27;el-[3runtim7me/regenera<-tor/r- POSuntime.js:67:4T /0)
&amp#27;[35m[MJSONWP]&amp#27;[39m  wd/   at GeneratorFunctionhub/sesProtsion/oty6c0335pe.invoke [as _invoke] (/us02r/local/lib/node_-fd88-472modules/appium/node2-8b5b_module-92e91949ds/ba16bel-runtime/re1/elegement nera&amp#27;[39mtor/&amp#27;[ru31ntimem500.j&amp#27;[39ms:3 &amp#27;15:22)
&amp#27;[[90m31 ms -35m[ 164&amp#27;[39m
MJSONW&amp#27;[P]&amp#27;[39m     at G35m[HeneraTTP]&amp#27;to[3rFunctionProtot9m &amp#27;yp[90m&amp#27;[39e.pm
rototype.(anonymous function) [as throw] (/usr/local/lib/node_modules/appium/node_modules/babel-runtime/reg&amp#27;[3enerator/runt5m[HTTP]&amp#27;[39ime.js:100:21)
m &amp#27;[35m[MJSONWP]&amp#27;[&amp#27;[39m     at GeneratorFunct37m-->&amp#27;[3ionProtot9m &amp#27;ype.invoke ([37mPOST&amp#27;[39/usr/localm /li&amp#27;[37m/wb/d/hub/snoesdesion/6c_modules/appium/node_modules/babel-runtime/regenerator/runtime.js:136:37)
033502-fd88-4722-8b5b-92e91949d161/element&amp#27;[39m
&amp#27;[35m[HTTP]&amp#27;[39m &amp#27;[90m{"using":"id","value":"com.Slack:id/next_button_url_entry"}&amp#27;[39m
[debug] &amp#27;[35m[W3C]&amp#27;[39m Calling AppiumDriver.findElement() with args: ["id","com.Slack:id/next_button_url_entry","6c033502-fd88-4722-8b5b-92e91949d161"]
[debug] &amp#27;[35m[BaseDriver]&amp#27;[39m Valid locator strategies for this request: xpath, id, class name, accessibility id, -android uiautomator
[debug] &amp#27;[35m[BaseDriver]&amp#27;[39m Waiting up to 0 ms for condition
[debug] &amp#27;[35m[JSONWP Proxy]&amp#27;[39m Matched '/element' to command name 'findElement'
[debug] &amp#27;[35m[JSONWP Proxy]&amp#27;[39m Proxying [POST /element] to [POST http://localhost:8201/wd/hub/session/5a27c767-9791-4751-872d-2ed612cd606d/element] with body: {"strategy":"id","selector":"com.Slack:id/next_button_url_entry","context":"","multiple":false}
[debug] &amp#27;[35m[MJSONWP]&amp#27;[39m Matched JSONWP error code 7 to NoSuchElementError
&amp#27;[35m[MJSONWP]&amp#27;[39m Encountered internal error running command: NoSuchElementError: An element could not be located on the page using the given search parameters.
&amp#27;[35m[MJSONWP]&amp#27;[39m     at AndroidUiautomator2Driver.callee$0$0$ (/usr/local/lib/node_modules/appium/node_modules/appium-android-driver/&amp#27;[3lib/com5m[maHTndTP]&amp#27;[39m s/find.js:&amp#27;[37m<--75 POST :11/wd/hub/sessi)
&amp#27;[35m[MJSONWon/6P]&amp#27;c0[39m     at tryCatch33502-fd88- (/usr/local47/l22-ib/node8b5b-_modu92e91949d161/les/appium/element &amp#27;node_modul[3es/babel-runtim9me/r&amp#27;[31m500&amp#27;egen[39m &amp#27;[90merator/runt22 ms - 164&amp#27;[39m
ime.js:67:40)
&amp#27;[35m[MJSO&amp#27;[3NWP]&amp#27;[5m39[Hm     aTTt P]&amp#27;[3Ge9m &amp#27;[9ne0m&amp#27;[ra39m
torFunctionPrototype.invoke [as _invoke] (/usr/local/lib/node_modules/appium/node_modules/babel-runtime/regenerator/runtime.js:315:22)
&amp#27;[35m[MJSONWP]&amp#27;[39m     at GeneratorFunctionPrototype.prototype.(anonymous function) [as throw] (/usr/local/lib/node_modules/appium/node_modules/babel-runtime/regenerator/runtime.js:100:21)
&amp#27;[35m[MJSONWP]&amp#27;[39m     at GeneratorFunctionPrototype.invoke (/usr/local/lib/node_modules/appium/node_modules/babel-runtime/regenerator/runtime.js:136:37)
&amp#27;[35m[HTTP]&amp#27;[39m &amp#27;[37m-->&amp#27;[39m &amp#27;[37mPOST&amp#27;[39m &amp#27;[37m/wd/hub/session/6c033502-fd88-4722-8b5b-92e91949d161/element&amp#27;[39m
&amp#27;[35m[HTTP]&amp#27;[39m &amp#27;[90m{"using":"id","value":"com.Slack:id/next_button_url_entry"}&amp#27;[39m
[debug] &amp#27;[35m[W3C]&amp#27;[39m Calling AppiumDriver.findElement() with args: ["id","com.Slack:id/next_button_url_entry","6c033502-fd88-4722-8b5b-92e91949d161"]
[debug] &amp#27;[35m[BaseDriver]&amp#27;[39m Valid locator strategies for this request: xpath, id, class name, accessibility id, -android uiautomator
[debug] &amp#27;[35m[BaseDriver]&amp#27;[39m Waiting up to 0 ms for condition
[debug] &amp#27;[35m[JSONWP Proxy]&amp#27;[39m Matched '/element' to command name 'findElement'
[debug] &amp#27;[35m[JSONWP Proxy]&amp#27;[39m Proxying [POST /element] to [POST http://localhost:8201/wd/hub/session/5a27c767-9791-4751-872d-2ed612cd606d/element] with body: {"strategy":"id","selector":"com.Slack:id/next_button_url_entry","context":"","multiple":false}
[debug] &amp#27;[35m[MJSONWP]&amp#27;[39m Matched JSONWP error code 7 to NoSuchElementError
&amp#27;[35m[MJSONWP]&amp#27;[39m Encountered internal error running command: NoSuchElementError: An element could not be located on the page using the given search parameters.
&amp#27;[35m[MJSONWP]&amp#27;[39m     at AndroidUiautomator2Driver.callee$0$0$ (/usr/local/lib/node_modules/appium/node_modules/appium-a&amp#27;[ndroid-35m[HTTP]&amp#27;[39m &amp#27;[37m<-driv- erPOST /wd/hub/ses/lsiibon/6c0335/commands/fi02-fd8nd.8-4js722-8b5b-:75:192e91949d161)
&amp#27;[35m[MJSONWP]&amp#27;1/[39m  e leme  at tryCatch (/usr/local/lib/node_mntodul &amp#27;[39m&amp#27;[es/a31mpp500&amp#27;[39m &amp#27;[9ium/no0m20 de_mmsodules - 16/b4&amp#27;[39m
abel-runtime/regenerator/run&amp#27;[35m[timHTTP]&amp#27;[39m &amp#27;e.js:67:40)
&amp#27;[35m[MJSONWP]&amp#27;[39m[90m&amp#27;[39    m
 at GeneratorFunctionPrototype.invoke [as _invoke] (/usr/local/lib/node_modules/appium/node_modules/babel-runtime/regenerator/runtime.js:315:22)
&amp#27;[35m[MJSONWP]&amp#27;[39m     at GeneratorFunctionPrototype.prototype.(anonymous function) [as throw] (/usr/local/lib/node_modules/appium/node_modules/babel-runtime/regenerator/runtime.js:100:21)
&amp#27;[35m[MJSONWP]&amp#27;[39m     at GeneratorFunctionPrototype.invoke (/usr/local/lib/node_modules/appium/node_modules/babel-runtime/regenerator/runtime.js:136:37)
&amp#27;[35m[HTTP]&amp#27;[39m &amp#27;[37m-->&amp#27;[39m &amp#27;[37mPOST&amp#27;[39m &amp#27;[37m/wd/hub/session/6c033502-fd88-4722-8b5b-92e91949d161/element&amp#27;[39m
&amp#27;[35m[HTTP]&amp#27;[39m &amp#27;[90m{"using":"id","value":"com.Slack:id/next_button_url_entry"}&amp#27;[39m
[debug] &amp#27;[35m[W3C]&amp#27;[39m Calling AppiumDriver.findElement() with args: ["id","com.Slack:id/next_button_url_entry","6c033502-fd88-4722-8b5b-92e91949d161"]
[debug] &amp#27;[35m[BaseDriver]&amp#27;[39m Valid locator strategies for this request: xpath, id, class name, accessibility id, -android uiautomator
[debug] &amp#27;[35m[BaseDriver]&amp#27;[39m Waiting up to 0 ms for condition
[debug] &amp#27;[35m[JSONWP Proxy]&amp#27;[39m Matched '/element' to command name 'findElement'
[debug] &amp#27;[35m[JSONWP Proxy]&amp#27;[39m Proxying [POST /element] to [POST http://localhost:8201/wd/hub/session/5a27c767-9791-4751-872d-2ed612cd606d/element] with body: {"strategy":"id","selector":"com.Slack:id/next_button_url_entry","context":"","multiple":false}
[debug] &amp#27;[35m[MJSONWP]&amp#27;[39m Matched JSONWP error code 7 to NoSuchElementError
&amp#27;[35m[MJSONWP]&amp#27;[39m Encountered internal error running command: NoSuchElementError: An element could not be located on the page using the given search parameters.
&amp#27;[35m[MJSONWP]&amp#27;[39m     at AndroidUiautomator2Driver.callee$0$0$ (/usr/local/lib/node_modules/appium/node_modules/appium-android-driver/lib/comma&amp#27;[nds/fin35d.js:75:m[H11TT)
&amp#27;[35m[MJSOP]NWP]&amp#27;[39m&amp#27;[39m &amp#27;[     37m<at tryCa-- POST /tch (/usr/localwd/hub/session/6/lib/nc0ode_m33502odules/app-fium/d8no8-47de_m22-8odulb5b-9es/b2eabel-runtim91e/reg949d16enerato1/elemenr/t &amp#27;[39mruntime.&amp#27;[31m500&amp#27;[39m &amp#27;[9js:67:40)0m20 ms - 164&amp#27;[39
&amp#27;[35m[m
MJS&amp#27;[35m[HTTP]ONWP]&amp#27;&amp#27;[39m &amp#27;[90m[39&amp#27;[39m
m     at GeneratorFunctionPrototype.invoke [as _invoke] (/usr/local/lib/node_modules/appium/node_modules/babel-runtime/regenerator/runtime.js:315:22)
&amp#27;[35m[MJSONWP]&amp#27;[39m     at GeneratorFunctionPrototype.prototype.(anonymous function) [as throw] (/usr/local/lib/node_modules/appium/node_modules/babel-runtime/regenerator/runtime.js:100:21)
&amp#27;[35m[MJSONWP]&amp#27;[39m     at GeneratorFunctionPrototype.invoke (/usr/local/lib/node_modules/appium/node_modules/babel-runtime/regenerator/runtime.&amp#27;[35m[Hjs:1TTP]&amp#27;[36:3739m &amp#27;)
[37m-->&amp#27;[39m &amp#27;[37mPOST&amp#27;[39m &amp#27;[37m/wd/hub/session/6c033502-fd88-4722-8b5b-92e91949d161/element&amp#27;[39m
&amp#27;[35m[HTTP]&amp#27;[39m &amp#27;[90m{"using":"id","value":"com.Slack:id/next_button_url_entry"}&amp#27;[39m
[debug] &amp#27;[35m[W3C]&amp#27;[39m Calling AppiumDriver.findElement() with args: ["id","com.Slack:id/next_button_url_entry","6c033502-fd88-4722-8b5b-92e91949d161"]
[debug] &amp#27;[35m[BaseDriver]&amp#27;[39m Valid locator strategies for this request: xpath, id, class name, accessibility id, -android uiautomator
[debug] &amp#27;[35m[BaseDriver]&amp#27;[39m Waiting up to 0 ms for condition
[debug] &amp#27;[35m[JSONWP Proxy]&amp#27;[39m Matched '/element' to command name 'findElement'
[debug] &amp#27;[35m[JSONWP Proxy]&amp#27;[39m Proxying [POST /element] to [POST http://localhost:8201/wd/hub/session/5a27c767-9791-4751-872d-2ed612cd606d/element] with body: {"strategy":"id","selector":"com.Slack:id/next_button_url_entry","context":"","multiple":false}
[debug] &amp#27;[35m[MJSONWP]&amp#27;[39m Matched JSONWP error code 7 to NoSuchElementError
&amp#27;[35m[MJSONWP]&amp#27;[39m Encountered internal error running command: NoSuchElementError: An element could not be located on the page using the given search parameters.
&amp#27;[35m[MJSONWP]&amp#27;[39m     at AndroidUiautomator2Driver.callee$0$0$ (/usr/local/lib/node_modules/appium/node_modules/appium-android-driver/lib/commands/find.&amp#27;[3js:75:11)5m
&amp#27;[H[35m[MTTJSONWP]&amp#27;[39m &amp#27;[3P]7m&amp#27;[39m <--     at tryCPOST /atwd/hub/session/6c033502-fd8ch (/usr/local/lib/n8-47ode_m22-8b5bod-9ules/appium/node_modules2e/babel-run91949d161/elemtient &amp#27;[39mme&amp#27;[31m500&amp#27;[39m &amp#27;[9/regene0m24 ms - 164ra&amp#27;[3tor/9m
runtime.js&amp#27;[35:67:40m[HT)
&amp#27;[TP]&amp#27;[39m &amp#27;[9035m[MJSONWP]&amp#27;[3m&amp#27;[39m    9m
 at GeneratorFunctionPrototype.invoke [as _invoke] (/usr/local/lib/node_modules/appium/node_modules/babel-runtime/regenerator/runtime.js:315:22)
&amp#27;[35m[MJSONWP]&amp#27;[39m     at GeneratorFunctionPrototype.prototype.(anonymous function) [as throw] (/usr/local/lib/node_modules/appium/node_modules/babel-runtime/regenerator/runtime.js:100:21)
&amp#27;[35m[MJSONWP]&amp#27;[39m     at GeneratorFunctionPrototype.invoke (/usr/local/lib/node_modules/appium/node_modules/babel-runtime/regenerator/runtime.js:136:37)
&amp#27;[35m[HTTP]&amp#27;[39m &amp#27;[37m-->&amp#27;[39m &amp#27;[37mPOST&amp#27;[39m &amp#27;[37m/wd/hub/session/6c033502-fd88-4722-8b5b-92e91949d161/element&amp#27;[39m
&amp#27;[35m[HTTP]&amp#27;[39m &amp#27;[90m{"using":"id","value":"com.Slack:id/next_button_url_entry"}&amp#27;[39m
[debug] &amp#27;[35m[W3C]&amp#27;[39m Calling AppiumDriver.findElement() with args: ["id","com.Slack:id/next_button_url_entry","6c033502-fd88-4722-8b5b-92e91949d161"]
[debug] &amp#27;[35m[BaseDriver]&amp#27;[39m Valid locator strategies for this request: xpath, id, class name, accessibility id, -android uiautomator
[debug] &amp#27;[35m[BaseDriver]&amp#27;[39m Waiting up to 0 ms for condition
[debug] &amp#27;[35m[JSONWP Proxy]&amp#27;[39m Matched '/element' to command name 'findElement'
[debug] &amp#27;[35m[JSONWP Proxy]&amp#27;[39m Proxying [POST /element] to [POST http://localhost:8201/wd/hub/session/5a27c767-9791-4751-872d-2ed612cd606d/element] with body: {"strategy":"id","selector":"com.Slack:id/next_button_url_entry","context":"","multiple":false}
[debug] &amp#27;[35m[MJSONWP]&amp#27;[39m Matched JSONWP error code 7 to NoSuchElementError
&amp#27;[35m[MJSONWP]&amp#27;[39m Encountered internal error running command: NoSuchElementError: An element could not be located on the page using the given search parameters.
&amp#27;[35m[MJSONWP]&amp#27;[39m     at AndroidUiautomator2Driver.callee$0$0$ (/usr/local/lib/node_modules/appium/node_modules/appium-android-driver/lib/commands/fi&amp#27;[nd.35js:75:11)
m[HTTP]&amp#27;[&amp#27;[3539m m[MJSONWP]&amp#27;[39m  &amp#27;[  37m<-- POS at tryCaT /tch (/wdusr/local/lib/n/hodub/sese_sion/6cmodu033502-fd88-4722-8b5b-92e91949d161/elelements/appium/node_modules/ &amp#27;[39m&amp#27;[31m500babel&amp#27;[39m-runtime/regener &amp#27;[9ator/0m19 ms -runtime.js:67:40)
&amp#27; 164&amp#27;[39[35m[MJSm
O&amp#27;[35m[HTTP]&amp#27;[39m &amp#27;[90mNWP]&amp#27;[39m
&amp#27;[39m     at GeneratorFunctionPrototype.invoke [as _invoke] (/usr/local/lib/node_modules/appium/node_modules/babel-runtime/regenerator/runtime.js:315:22)
&amp#27;[35m[MJSONWP]&amp#27;[39m     at GeneratorFunctionPrototype.prototype.(anonymous function) [as throw] (/usr/local/lib/node_modules/appium/node_modules/babel-runtime/regenerator/runtime.js:100:21)
&amp#27;[35m[MJSONWP]&amp#27;[39m     at GeneratorFunctionPrototype.invoke (/usr/local/lib/node_modules/appium/node_modules/babel-runtime/regenerator/runtime.js:136:37)
&amp#27;[35m[HTTP]&amp#27;[39m &amp#27;[37m-->&amp#27;[39m &amp#27;[37mPOST&amp#27;[39m &amp#27;[37m/wd/hub/session/6c033502-fd88-4722-8b5b-92e91949d161/element&amp#27;[39m
&amp#27;[35m[HTTP]&amp#27;[39m &amp#27;[90m{"using":"id","value":"com.Slack:id/next_button_url_entry"}&amp#27;[39m
[debug] &amp#27;[35m[W3C]&amp#27;[39m Calling AppiumDriver.findElement() with args: ["id","com.Slack:id/next_button_url_entry","6c033502-fd88-4722-8b5b-92e91949d161"]
[debug] &amp#27;[35m[BaseDriver]&amp#27;[39m Valid locator strategies for this request: xpath, id, class name, accessibility id, -android uiautomator
[debug] &amp#27;[35m[BaseDriver]&amp#27;[39m Waiting up to 0 ms for condition
[debug] &amp#27;[35m[JSONWP Proxy]&amp#27;[39m Matched '/element' to command name 'findElement'
[debug] &amp#27;[35m[JSONWP Proxy]&amp#27;[39m Proxying [POST /element] to [POST http://localhost:8201/wd/hub/session/5a27c767-9791-4751-872d-2ed612cd606d/element] with body: {"strategy":"id","selector":"com.Slack:id/next_button_url_entry","context":"","multiple":false}
[debug] &amp#27;[35m[MJSONWP]&amp#27;[39m Matched JSONWP error code 7 to NoSuchElementError
&amp#27;[35m[MJSONWP]&amp#27;[39m Encountered internal error running command: NoSuchElementError: An element could not be located on the page using the given search parameters.
&amp#27;[35m[MJSONWP]&amp#27;[39m     at AndroidUiautomator2Driver.callee$0$0$ (/usr/local/lib/node_modules/appium/node_modules/appium-android-driver/lib/commands/find.js:75:11)
&amp#27;[35m[MJSONWP]&amp#27;[3&amp#27;[35m[HTTP9m ]&amp#27;[3    at 9m &amp#27;[37m<--tr POyCatch (/usr/ST /wd/local/lib/nohub/sesdesion_modules/6c033502-fd88-/app47ium/no22de-8b5b-92e9_modu194le9d161s/b/element &amp#27;abel-r[3un9m&amp#27;[31m50ti0&amp#27;me/[39regm enerato&amp#27;[90m20 msr/ru - 164&amp#27;[39ntime.js:m
67&amp#27;[35m[H:40)
&amp#27;[35m[MJSONWPTTP]&amp#27;]&amp#27;[[39m &amp#27;[90m&amp#27;[39m
39m     at GeneratorFunctionPrototype.invoke [as _invoke] (/usr/local/lib/node_modules/appium/node_modules/babel-runtime/regenerator/runtime.js:315:22)
&amp#27;[35m[MJSONWP]&amp#27;[39m     at GeneratorFunctionPrototype.prototype.(anonymous function) [as throw] (/usr/local/lib/node_modules/appium/node_modules/babel-runtime/regenerator/runtime.js:100:21)
&amp#27;[35m[MJSONWP]&amp#27;[39m     at GeneratorFunctionPrototype.invoke (/usr/local/lib/node_modules/appium/node_modules/babel-runtime/regenerator/runtime.js:136:37)
&amp#27;[35m[HTTP]&amp#27;[39m &amp#27;[37m-->&amp#27;[39m &amp#27;[37mPOST&amp#27;[39m &amp#27;[37m/wd/hub/session/6c033502-fd88-4722-8b5b-92e91949d161/element&amp#27;[39m
&amp#27;[35m[HTTP]&amp#27;[39m &amp#27;[90m{"using":"id","value":"com.Slack:id/next_button_url_entry"}&amp#27;[39m
[debug] &amp#27;[35m[W3C]&amp#27;[39m Calling AppiumDriver.findElement() with args: ["id","com.Slack:id/next_button_url_entry","6c033502-fd88-4722-8b5b-92e91949d161"]
[debug] &amp#27;[35m[BaseDriver]&amp#27;[39m Valid locator strategies for this request: xpath, id, class name, accessibility id, -android uiautomator
[debug] &amp#27;[35m[BaseDriver]&amp#27;[39m Waiting up to 0 ms for condition
[debug] &amp#27;[35m[JSONWP Proxy]&amp#27;[39m Matched '/element' to command name 'findElement'
[debug] &amp#27;[35m[JSONWP Proxy]&amp#27;[39m Proxying [POST /element] to [POST http://localhost:8201/wd/hub/session/5a27c767-9791-4751-872d-2ed612cd606d/element] with body: {"strategy":"id","selector":"com.Slack:id/next_button_url_entry","context":"","multiple":false}
[debug] &amp#27;[35m[MJSONWP]&amp#27;[39m Matched JSONWP error code 7 to NoSuchElementError
&amp#27;[35m[MJSONWP]&amp#27;[39m Encountered internal error running command: NoSuchElementError: An element could not be located on the page using the given search parameters.
&amp#27;[35m[MJSONWP]&amp#27;[39m     at AndroidUiautomator2Driver.callee$0$0$ (/usr/local/lib/node_modules/appium/node_modules/appium-android-driver/lib/commands/find.js:75:11)
&amp#27;[35m[MJSONWP]&amp#27;[39m     at tryCatch (/usr/local/lib/node_modules/appium&amp#27;[35m[HTTP]&amp#27;[39m /node_m&amp#27;[37m<odules-- /bPOST /wd/abel-runtihub/smees/resion/6c0generator33/r50un2-fd88-4722-time.js:678b5b-92e91949d161/elemen:40)
&amp#27;t &amp#27;[[35m[MJSON39WP]&amp#27;m&amp#27;[31m[39m     at GeneratorFunctionPrototype.invoke [as _invok500&amp#27;[39m &amp#27;[9e] (/0m21 ms usr/l- oc164&amp#27;[39mal
/l&amp#27;[35m[ib/nHTTode_P]&amp#27;[3modules/ap9m &amp#27;[90pium/m&amp#27;[39m
node_modules/babel-runtime/regenerator/runtime.js:315:22)
&amp#27;[35m[MJSONWP]&amp#27;[39m     at GeneratorFunctionPrototype.prototype.(anonymous function) [as throw] (/usr/local/lib/node_modules/appium/node_modules/babel-runtime/regenerator/runtime.js:100:21)
&amp#27;[35m[MJSONWP]&amp#27;[39m     at GeneratorFunctionPrototype.invoke (/usr/local/lib/node_modules/appium/node_modules/babel-runtime/regenerator/runtime.js:136:37)
&amp#27;[35m[HTTP]&amp#27;[39m &amp#27;[37m-->&amp#27;[39m &amp#27;[37mPOST&amp#27;[39m &amp#27;[37m/wd/hub/session/6c033502-fd88-4722-8b5b-92e91949d161/element&amp#27;[39m
&amp#27;[35m[HTTP]&amp#27;[39m &amp#27;[90m{"using":"id","value":"com.Slack:id/next_button_url_entry"}&amp#27;[39m
[debug] &amp#27;[35m[W3C]&amp#27;[39m Calling AppiumDriver.findElement() with args: ["id","com.Slack:id/next_button_url_entry","6c033502-fd88-4722-8b5b-92e91949d161"]
[debug] &amp#27;[35m[BaseDriver]&amp#27;[39m Valid locator strategies for this request: xpath, id, class name, accessibility id, -android uiautomator
[debug] &amp#27;[35m[BaseDriver]&amp#27;[39m Waiting up to 0 ms for condition
[debug] &amp#27;[35m[JSONWP Proxy]&amp#27;[39m Matched '/element' to command name 'findElement'
[debug] &amp#27;[35m[JSONWP Proxy]&amp#27;[39m Proxying [POST /element] to [POST http://localhost:8201/wd/hub/session/5a27c767-9791-4751-872d-2ed612cd606d/element] with body: {"strategy":"id","selector":"com.Slack:id/next_button_url_entry","context":"","multiple":false}
[debug] &amp#27;[35m[MJSONWP]&amp#27;[39m Matched JSONWP error code 7 to NoSuchElementError
&amp#27;[35m[MJSONWP]&amp#27;[39m Encountered internal error running command: NoSuchElementError: An element could not be located on the page using the given search parameters.
&amp#27;[35m[MJSONWP]&amp#27;[39m     at AndroidUiautomator2Driver.callee$0$0$ (/usr/local/lib/node_modules/appium/node_modules/appium-android-driver/lib/commands/find.js:75:11)
&amp#27;[35m[MJSONWP]&amp#27;[39m     at tryCatch (/usr/local/lib/no&amp#27;[35m[HTTP]&amp#27;[39m de_&amp#27;[mo37mdules/appium/node_<-- POST /wd/hmodules/ub/session/6c0ba33bel-runtime/r502-fd88-egener4722-8b5b-92e91949d161/elatement &amp#27;[or/runt39ime.m&amp#27;[js:67:40)
&amp#27;[35m[M3JSO1m50NWP]&amp#27;[30&amp#27;9m[39m &amp#27;[90m18 ms -     1 at Ge64&amp#27;[neratorFun39ctm
i&amp#27;[35m[HonTTProtoP]&amp#27;[39m &amp#27;[90tym&amp#27;[39pe.invoke [as _invoke]m
 (/usr/local/lib/node_modules/appium/node_modules/babel-runtime/regenerator/runtime.js:315:22)
&amp#27;[35m[MJSONWP]&amp#27;[39m     at GeneratorFunctionPrototype.prototype.(anonymous function) [as throw] (/usr/local/lib/node_modules/appium/node_modules/babel-runtime/regenerator/runtime.js:100:21)
&amp#27;[35m[MJSONWP]&amp#27;[39m     at GeneratorFunctionPrototype.invoke (/usr/local/lib/node_modules/appium/node_modules/babel-runtime/regenerator/runtime.js:136:37)
&amp#27;[35m[HTTP]&amp#27;[39m &amp#27;[37m-->&amp#27;[39m &amp#27;[37mPOST&amp#27;[39m &amp#27;[37m/wd/hub/session/6c033502-fd88-4722-8b5b-92e91949d161/element&amp#27;[39m
&amp#27;[35m[HTTP]&amp#27;[39m &amp#27;[90m{"using":"id","value":"com.Slack:id/next_button_url_entry"}&amp#27;[39m
[debug] &amp#27;[35m[W3C]&amp#27;[39m Calling AppiumDriver.findElement() with args: ["id","com.Slack:id/next_button_url_entry","6c033502-fd88-4722-8b5b-92e91949d161"]
[debug] &amp#27;[35m[BaseDriver]&amp#27;[39m Valid locator strategies for this request: xpath, id, class name, accessibility id, -android uiautomator
[debug] &amp#27;[35m[BaseDriver]&amp#27;[39m Waiting up to 0 ms for condition
[debug] &amp#27;[35m[JSONWP Proxy]&amp#27;[39m Matched '/element' to command name 'findElement'
[debug] &amp#27;[35m[JSONWP Proxy]&amp#27;[39m Proxying [POST /element] to [POST http://localhost:8201/wd/hub/session/5a27c767-9791-4751-872d-2ed612cd606d/element] with body: {"strategy":"id","selector":"com.Slack:id/next_button_url_entry","context":"","multiple":false}
[debug] &amp#27;[35m[MJSONWP]&amp#27;[39m Matched JSONWP error code 7 to NoSuchElementError
&amp#27;[35m[MJSONWP]&amp#27;[39m Encountered internal error running command: NoSuchElementError: An element could not be located on the page using the given search parameters.
&amp#27;[35m[MJSONWP]&amp#27;[39m     at AndroidUiautomator2Driver.callee$0$0$&amp#27;[3 (/u5msr/[HTTP]&amp#27;[loca39l/lib/node_modm &amp#27;[37ulem<--s/ PappOSium/node_moduleT s/a/wppd/huiub/sessm-anion/6droid-dric0ver/l335ib02/comma-fdnds88-4/fin72d.j2-8b5b-s:75:11)
&amp#27;[392e95m[M1949d161JSONWP]/eleme&amp#27;[39m     at nt &amp#27;[39m&amp#27;[31mtry500&amp#27;[39m &amp#27;[90m2Catch (/u0 sr/local/ms lib/nod- 164&amp#27;e_m[39m
odules/app&amp#27;ium/[35m[HTTP]&amp#27;[3no9m &amp#27;de[90m&amp#27;[39m
_modules/babel-runtime/regenerator/runtime.js:67:40)
&amp#27;[35m[MJSONWP]&amp#27;[39m     at GeneratorFunctionPrototype.invoke [as _invoke] (/usr/local/lib/node_modules/appium/node_modules/babel-runtime/regenerator/runtime.js:315:22)
&amp#27;[35m[MJSONWP]&amp#27;[39m     at GeneratorFunctionPrototype.prototype.(anonymous function) [as throw] (/usr/local/lib/node&amp#27;[3_modul5mes[HTT/aP]&amp#27;[39m &amp#27;[ppiu37m-m/node_modules/->&amp#27;[39mbabel- &amp#27;[runtime/37mPOST&amp#27;[39m &amp#27;[3re7mgener/watod/rhub/se/runsstime.js:100:21)
&amp#27;ion/6c[3033502-5m[MJSONfdWP]88-4722-&amp#27;[8b539mb-9    2e91949d161/eleme at Gntenerator&amp#27;[Fun39ctim
onPrototype.i&amp#27;[nvoke35m[HTTP]&amp#27;[39m &amp#27;[90m{"using":"id","value":"com.Slack:id/next_butt (on/usr_url_entr/local/y"}&amp#27;[39mlib
[debug] &amp#27;[35m[/node_W3moC]dules/appi&amp#27;[um39m /node_mCallinodg Apules/babepil-runtime/regenerator/runtime.js:136umD:37)
river.findElement() with args: ["id","com.Slack:id/next_button_url_entry","6c033502-fd88-4722-8b5b-92e91949d161"]
[debug] &amp#27;[35m[BaseDriver]&amp#27;[39m Valid locator strategies for this request: xpath, id, class name, accessibility id, -android uiautomator
[debug] &amp#27;[35m[BaseDriver]&amp#27;[39m Waiting up to 0 ms for condition
[debug] &amp#27;[35m[JSONWP Proxy]&amp#27;[39m Matched '/element' to command name 'findElement'
[debug] &amp#27;[35m[JSONWP Proxy]&amp#27;[39m Proxying [POST /element] to [POST http://localhost:8201/wd/hub/session/5a27c767-9791-4751-872d-2ed612cd606d/element] with body: {"strategy":"id","selector":"com.Slack:id/next_button_url_entry","context":"","multiple":false}
[debug] &amp#27;[35m[MJSONWP]&amp#27;[39m Matched JSONWP error code 7 to NoSuchElementError
&amp#27;[35m[MJSONWP]&amp#27;[39m Encountered internal error running command: NoSuchElementError: An element could not be located on the page using the given search parameters.
&amp#27;[35m[MJSONWP]&amp#27;[39m     at AndroidUiautomator2Driver.callee$0$0$ (/usr/local/lib/node_modules/appium/node_modules/appium-android-dr&amp#27;[35m[HTTP]&amp#27;[39m &amp#27;[37m<-- POST /wd/hub/sessiver/lib/comion/6mands/find.js:7c033502-5:fd88-4711)
22-8b5b-&amp#27;[35m92e91949d161/element &amp#27;[39m&amp#27;[31m500&amp#27;[39m &amp#27;[90m1[MJSONW7 ms P]&amp#27;[39- m 16    4&amp#27;at tryCatch[39m (/usr/local/
lib&amp#27;[35m[HTTP]&amp#27;[39/nom &amp#27;[de90m_modules/&amp#27;[39m
appium/node_modules/babel-runtime/regenerator/runtime.js:67:40)
&amp#27;[35m[MJSONWP]&amp#27;[39m     at GeneratorFunctionPrototype.invoke [as _invoke] (/usr/local/lib/node_modules/appium/node_modules/babel-runtime/regenerator/runtime.js:315:22)
&amp#27;[35m[MJSONWP]&amp#27;[39m     at GeneratorFunctionPrototype.prototype.(anonymous function) [as throw] (/usr/local/lib/node_modules/appium/node_modules/babel-runtime/regenerator/runtime.js:100:21)
&amp#27;[35m[MJSONWP]&amp#27;[39m     at GeneratorFunctionPrototype.invoke (/usr/local/lib/node_modules/appium/node_modules/babel-runtime/regenerator/runtime.js:136:37)
&amp#27;[35m[HTTP]&amp#27;[39m &amp#27;[37m-->&amp#27;[39m &amp#27;[37mPOST&amp#27;[39m &amp#27;[37m/wd/hub/session/6c033502-fd88-4722-8b5b-92e91949d161/element&amp#27;[39m
&amp#27;[35m[HTTP]&amp#27;[39m &amp#27;[90m{"using":"id","value":"com.Slack:id/next_button_url_entry"}&amp#27;[39m
[debug] &amp#27;[35m[W3C]&amp#27;[39m Calling AppiumDriver.findElement() with args: ["id","com.Slack:id/next_button_url_entry","6c033502-fd88-4722-8b5b-92e91949d161"]
[debug] &amp#27;[35m[BaseDriver]&amp#27;[39m Valid locator strategies for this request: xpath, id, class name, accessibility id, -android uiautomator
[debug] &amp#27;[35m[BaseDriver]&amp#27;[39m Waiting up to 0 ms for condition
[debug] &amp#27;[35m[JSONWP Proxy]&amp#27;[39m Matched '/element' to command name 'findElement'
[debug] &amp#27;[35m[JSONWP Proxy]&amp#27;[39m Proxying [POST /element] to [POST http://localhost:8201/wd/hub/session/5a27c767-9791-4751-872d-2ed612cd606d/element] with body: {"strategy":"id","selector":"com.Slack:id/next_button_url_entry","context":"","multiple":false}
[debug] &amp#27;[35m[MJSONWP]&amp#27;[39m Matched JSONWP error code 7 to NoSuchElementError
&amp#27;[35m[MJSONWP]&amp#27;[39m Encountered internal error running command: NoSuchElementError: An element could not be located on the page using the given search parameters.
&amp#27;[35m[MJSONWP]&amp#27;[39m     at AndroidUiautomator2Driver.callee$0$0$ (/usr/local&amp#27;[35m/lib/node_m[HTodules/appium/nTP]&amp#27;[ode_mo39m &amp#27;dules/[3appium-an7m<-- PdrOST /wd/hoid-drivub/session/6c033502-fd88er-4722-8b5/libb-92e91949d161/element &amp#27;[/commands39/fm&amp#27;[ind.j31s:7m500&amp#27;[39m &amp#27;5:[9011)
&amp#27;m18 ms - 164&amp#27;[35m[MJ[39mSONWP]
&amp#27;&amp#27;[35m[HTTP][3&amp#27;[39m9m &amp#27;[90m&amp#27;[39m
     at tryCatch (/usr/local/lib/node_modules/appium/node_modules/babel-runtime/regenerator/runtime.js:67:40)
&amp#27;[35m[MJSONWP]&amp#27;[39m     at GeneratorFunctionPrototype.invoke [as _invoke] (/usr/local/lib/node_modules/appium/node_modules/babel-runtime/regenerator/runtime.js:315:22)
&amp#27;[35m[MJSONWP]&amp#27;[39m     at GeneratorFunctionPrototype.prototype.(anonymous function) [as throw] (/usr/local/lib/node_modules/appium/node_modules/babel-runtime/regenerator/runtime.js:100:21)
&amp#27;[35m[MJSONWP]&amp#27;[39m     at GeneratorFunctionPrototype.invoke (/usr/local/lib/node_modules/appium/node_modules/babel-runtime/rege&amp#27;[ne35m[HTTP]rator/runtime.js:136:3&amp#27;[39m &amp#27;7)
[37m-->&amp#27;[39m &amp#27;[37mPOST&amp#27;[39m &amp#27;[37m/wd/hub/session/6c033502-fd88-4722-8b5b-92e91949d161/element&amp#27;[39m
&amp#27;[35m[HTTP]&amp#27;[39m &amp#27;[90m{"using":"id","value":"com.Slack:id/next_button_url_entry"}&amp#27;[39m
[debug] &amp#27;[35m[W3C]&amp#27;[39m Calling AppiumDriver.findElement() with args: ["id","com.Slack:id/next_button_url_entry","6c033502-fd88-4722-8b5b-92e91949d161"]
[debug] &amp#27;[35m[BaseDriver]&amp#27;[39m Valid locator strategies for this request: xpath, id, class name, accessibility id, -android uiautomator
[debug] &amp#27;[35m[BaseDriver]&amp#27;[39m Waiting up to 0 ms for condition
[debug] &amp#27;[35m[JSONWP Proxy]&amp#27;[39m Matched '/element' to command name 'findElement'
[debug] &amp#27;[35m[JSONWP Proxy]&amp#27;[39m Proxying [POST /element] to [POST http://localhost:8201/wd/hub/session/5a27c767-9791-4751-872d-2ed612cd606d/element] with body: {"strategy":"id","selector":"com.Slack:id/next_button_url_entry","context":"","multiple":false}
[debug] &amp#27;[35m[MJSONWP]&amp#27;[39m Matched JSONWP error code 7 to NoSuchElementError
&amp#27;[35m[MJSONWP]&amp#27;[39m Encountered internal error running command: NoSuchElementError: An element could not be located on the page using the given search parameters.
&amp#27;[35m[MJSONWP]&amp#27;[39m     at AndroidUiautomator2Driver.callee$0$0$ (/usr/local/lib/node_modules/a&amp#27;[35m[HTppiTPum]&amp#27;/node_mo[39dum les/&amp#27;[37m<-- PapOST pium-/wand/droid-drhuivb/sessioer/lib/commn/6c033502-fdan88-47ds/fin22-d.8bjs5b:75:-92e11)
91949d161/el&amp#27;[3ement 5m[M&amp#27;[3JSONWP]&amp#27;[39m     at tryCatch 9m&amp#27;[31m500&amp#27;[39m &amp#27;(/usr/loca[90l/lib/nodm22 me_modusl - 164&amp#27;es/ap[3pi9m
um&amp#27;[35/nm[odeHT_moduleTPs/]&amp#27;babe[3l-runtim9me/reg &amp#27;enerator/r[90untm&amp#27;im[39m
e.js:67:40)
&amp#27;[35m[MJSONWP]&amp#27;[39m     at GeneratorFunctionPrototype.invoke [as _invoke] (/usr/local/lib/node_modules/appium/node_modules/babel-runtime/regenerator/runtime.js:315:22)
&amp#27;[35m[MJSONWP]&amp#27;[39m     at GeneratorFunctionPrototype.prototype.(anonymous function) [as throw] (/usr/local/lib/node_modules/appium/node_modules/babel-runtime/regenerator/runtime.js:100:21)
&amp#27;[35m[MJSONWP]&amp#27;[39m     at GeneratorFunctionPrototype.invoke (/usr/local/lib/node_modules/appium/node_modules/babel-runtime/regenerator/runtime.js:136:37)
&amp#27;[35m[HTTP]&amp#27;[39m &amp#27;[37m-->&amp#27;[39m &amp#27;[37mPOST&amp#27;[39m &amp#27;[37m/wd/hub/session/6c033502-fd88-4722-8b5b-92e91949d161/element&amp#27;[39m
&amp#27;[35m[HTTP]&amp#27;[39m &amp#27;[90m{"using":"id","value":"com.Slack:id/next_button_url_entry"}&amp#27;[39m
[debug] &amp#27;[35m[W3C]&amp#27;[39m Calling AppiumDriver.findElement() with args: ["id","com.Slack:id/next_button_url_entry","6c033502-fd88-4722-8b5b-92e91949d161"]
[debug] &amp#27;[35m[BaseDriver]&amp#27;[39m Valid locator strategies for this request: xpath, id, class name, accessibility id, -android uiautomator
[debug] &amp#27;[35m[BaseDriver]&amp#27;[39m Waiting up to 0 ms for condition
[debug] &amp#27;[35m[JSONWP Proxy]&amp#27;[39m Matched '/element' to command name 'findElement'
[debug] &amp#27;[35m[JSONWP Proxy]&amp#27;[39m Proxying [POST /element] to [POST http://localhost:8201/wd/hub/session/5a27c767-9791-4751-872d-2ed612cd606d/element] with body: {"strategy":"id","selector":"com.Slack:id/next_button_url_entry","context":"","multiple":false}
[debug] &amp#27;[35m[MJSONWP]&amp#27;[39m Matched JSONWP error code 7 to NoSuchElementError
&amp#27;[35m[MJSONWP]&amp#27;[39m Encountered internal error running command: NoSuchElementError: An element could not be located on the page using the given search parameters.
&amp#27;[35m[MJSONWP]&amp#27;[39m     at AndroidUiautomator2Driver.callee$0$0$ (/usr/local/lib/node_modules/appium/node_modules/appium-android-driver/lib/commands/find.js:75:11)
&amp#27;[35m[MJSONWP]&amp#27;[39m     at tryCatch (&amp#27;[35m[HTTP/usr/lo]&amp#27;[39m &amp#27;[37cal/lib/node_mom<-- dulesPOST /wd/hu/appb/iumsession/6c03/n3502-ode_modules/babel-fdrunt88-4722-8bime/regene5b-92e91949drato161/element r/&amp#27;[runtim39me.j&amp#27;[3s:671m500&amp#27;[39m &amp#27;[90m22 ms - 1:40)64&amp#27;[39m

&amp#27;[&amp#27;[3355mm[MJ[HSOTTNWP]&amp#27;[39mP]&amp#27;[  39m    a&amp#27;[90mt Gen&amp#27;[39merato
rFunctionPrototype.invoke [as _invoke] (/usr/local/lib/node_modules/appium/node_modules/babel-runtime/regenerator/runtime.js:315:22)
&amp#27;[35m[MJSONWP]&amp#27;[39m     at GeneratorFunctionPrototype.prototype.(anonymous function) [as throw] (/usr/local/lib/node_modules/appium/node_modules/babel-runtime/regenerator/runtime.js:100:21)
&amp#27;[35m[MJSONWP]&amp#27;[39m     at GeneratorFunctionPrototype.invoke (/usr/local/lib/node_modules/appium/node_modules/babel-runtime/regenerator/runtime.js:136:37)
&amp#27;[35m[HTTP]&amp#27;[39m &amp#27;[37m-->&amp#27;[39m &amp#27;[37mPOST&amp#27;[39m &amp#27;[37m/wd/hub/session/6c033502-fd88-4722-8b5b-92e91949d161/element&amp#27;[39m
&amp#27;[35m[HTTP]&amp#27;[39m &amp#27;[90m{"using":"id","value":"com.Slack:id/next_button_url_entry"}&amp#27;[39m
[debug] &amp#27;[35m[W3C]&amp#27;[39m Calling AppiumDriver.findElement() with args: ["id","com.Slack:id/next_button_url_entry","6c033502-fd88-4722-8b5b-92e91949d161"]
[debug] &amp#27;[35m[BaseDriver]&amp#27;[39m Valid locator strategies for this request: xpath, id, class name, accessibility id, -android uiautomator
[debug] &amp#27;[35m[BaseDriver]&amp#27;[39m Waiting up to 0 ms for condition
[debug] &amp#27;[35m[JSONWP Proxy]&amp#27;[39m Matched '/element' to command name 'findElement'
[debug] &amp#27;[35m[JSONWP Proxy]&amp#27;[39m Proxying [POST /element] to [POST http://localhost:8201/wd/hub/session/5a27c767-9791-4751-872d-2ed612cd606d/element] with body: {"strategy":"id","selector":"com.Slack:id/next_button_url_entry","context":"","multiple":false}
[debug] &amp#27;[35m[MJSONWP]&amp#27;[39m Matched JSONWP error code 7 to NoSuchElementError
&amp#27;[35m[MJSONWP]&amp#27;[39m Encountered internal error running command: NoSuchElementError: An element could not be located on the page using the given search parameters.
&amp#27;[35m[MJSONWP]&amp#27;[39m     at AndroidUiautomator2Driver.callee$0$0$ (/usr/local/lib/node_modules/appium/node_modules/appium-android-driver/lib/commands/find.js:75:11)
&amp#27;&amp#27;[[35m[35m[MJSHTTP]&amp#27;[39m &amp#27;[3ON7m<-WP- POST /]&amp#27;[wd/hu39b/sem  ssi   at on/6tryCatch (/usr/local/lib/nodc033502-e_mfd8od8-4722-8b5b-ules/appium/node_92e91949d1m61/element odu&amp#27;[39lm&amp#27;[31mes/500&amp#27;[39mba &amp#27;[90m22 msbel-run - time/regen16er4&amp#27;[3ator/runtime.9m
js:6&amp#27;[35m[HTTP]&amp#27;[7:40)
&amp#27;[39m &amp#27;[90m35m[MJSO&amp#27;[NWP]39&amp#27;[39m
m     at GeneratorFunctionPrototype.invoke [as _invoke] (/usr/local/lib/node_modules/appium/node_modules/babel-runtime/regenerator/runtime.js:315:22)
&amp#27;[35m[MJSONWP]&amp#27;[39m     at GeneratorFunctionPrototype.prototype.(anonymous function) [as throw] (/usr/local/lib/node_modules/appium/node_modules/babel-runtime/regenerator/runtime.js:100:21)
&amp#27;[35m[MJSONWP]&amp#27;[39m     at GeneratorFunctionProtot&amp#27;[35ype.m[invHTokTP]&amp#27;[3e (/usr/lo9mca &amp#27;[37m-l/lib->/n&amp#27;[39m ode_&amp#27;[37mmoPOSdulesT&amp#27;/appi[39m &amp#27;[um/n37m/wd/hode_modules/babel-runtime/regub/session/6c033enerator/runtime502-fd.j88s:-4722-8b5b13-92e91949d161/element&amp#27;[39m
6:37)
&amp#27;[35m[HTTP]&amp#27;[39m &amp#27;[90m{"using":"id","value":"com.Slack:id/next_button_url_entry"}&amp#27;[39m
[debug] &amp#27;[35m[W3C]&amp#27;[39m Calling AppiumDriver.findElement() with args: ["id","com.Slack:id/next_button_url_entry","6c033502-fd88-4722-8b5b-92e91949d161"]
[debug] &amp#27;[35m[BaseDriver]&amp#27;[39m Valid locator strategies for this request: xpath, id, class name, accessibility id, -android uiautomator
[debug] &amp#27;[35m[BaseDriver]&amp#27;[39m Waiting up to 0 ms for condition
[debug] &amp#27;[35m[JSONWP Proxy]&amp#27;[39m Matched '/element' to command name 'findElement'
[debug] &amp#27;[35m[JSONWP Proxy]&amp#27;[39m Proxying [POST /element] to [POST http://localhost:8201/wd/hub/session/5a27c767-9791-4751-872d-2ed612cd606d/element] with body: {"strategy":"id","selector":"com.Slack:id/next_button_url_entry","context":"","multiple":false}
[debug] &amp#27;[35m[MJSONWP]&amp#27;[39m Matched JSONWP error code 7 to NoSuchElementError
&amp#27;[35m[MJSONWP]&amp#27;[39m Encountered internal error running command: NoSuchElementError: An element could not be located on the page using the given search parameters.
&amp#27;[35m[MJSONWP]&amp#27;[39m     at AndroidUiautomator2Driver.callee$0$0$ (/usr&amp#27;[35/lm[HTTP]&amp#27;[39m &amp#27;[37m<-ocal/lib/- POST nod/wd/hub/se_modession/ul6c03es/appi3502-fd88-472um/node_modules/2-8b5appiumb-9-android-2edriv91949d161/eer/lib/commalement &amp#27;[39m&amp#27;[31m500&amp#27;[39m &amp#27;[90nds/find.jm20 s:75:11)
&amp#27;[ms -35m[ 164MJSONWP]&amp#27;[39m &amp#27;[39m
 &amp#27;[3  5m[HTTP]&amp#27;[ a39t mtryC &amp#27;[atch 90m&amp#27;[(/39usr/lom
cal/lib/node_modules/appium/node_modules/babel-runtime/regenerator/runtime.js:67:40)
&amp#27;[35m[MJSONWP]&amp#27;[39m     at GeneratorFunctionPrototype.invoke [as _invoke] (/usr/local/lib/node_modules/appium/node_modules/babel-runtime/regenerator/runtime.js:315:22)
&amp#27;[35m[MJSONWP]&amp#27;[39m     at GeneratorFunctionPrototype.prototype.(anonymous function) [as throw] (/usr/local/lib/node_modules/appium/node_modules/babel-runtime/regenerator/runtime.js:100:21)
&amp#27;[35m[MJSONWP]&amp#27;[39m     at GeneratorFunctionPrototype.invoke (/usr/local/lib/node_modules/appium/node_modules/babel-runtime/regenerator/runtime.js&amp#27;[:136:35m[H37TTP]&amp#27;[3)
9m &amp#27;[37m-->&amp#27;[39m &amp#27;[37mPOST&amp#27;[39m &amp#27;[37m/wd/hub/session/6c033502-fd88-4722-8b5b-92e91949d161/element&amp#27;[39m
&amp#27;[35m[HTTP]&amp#27;[39m &amp#27;[90m{"using":"id","value":"com.Slack:id/next_button_url_entry"}&amp#27;[39m
[debug] &amp#27;[35m[W3C]&amp#27;[39m Calling AppiumDriver.findElement() with args: ["id","com.Slack:id/next_button_url_entry","6c033502-fd88-4722-8b5b-92e91949d161"]
[debug] &amp#27;[35m[BaseDriver]&amp#27;[39m Valid locator strategies for this request: xpath, id, class name, accessibility id, -android uiautomator
[debug] &amp#27;[35m[BaseDriver]&amp#27;[39m Waiting up to 0 ms for condition
[debug] &amp#27;[35m[JSONWP Proxy]&amp#27;[39m Matched '/element' to command name 'findElement'
[debug] &amp#27;[35m[JSONWP Proxy]&amp#27;[39m Proxying [POST /element] to [POST http://localhost:8201/wd/hub/session/5a27c767-9791-4751-872d-2ed612cd606d/element] with body: {"strategy":"id","selector":"com.Slack:id/next_button_url_entry","context":"","multiple":false}
[debug] &amp#27;[35m[MJSONWP]&amp#27;[39m Matched JSONWP error code 7 to NoSuchElementError
&amp#27;[35m[MJSONWP]&amp#27;[39m Encountered internal error running command: NoSuchElementError: An element could not be located on the page using the given search parameters.
&amp#27;[35m[MJSONWP]&amp#27;[39m     at AndroidUiautomator2Driver.callee$0$0$ (/usr/local/lib/node_modules/appium/node_modules/appium-a&amp#27;ndroid-driver/[35m[HTTP]&amp#27;[39m lib/c&amp#27;[37ommands/find.js:75:11m<-- POST )
&amp#27;[35m[MJ/wd/hSONWPub/]&amp#27;[39m     sessionat try/6c03Ca3502-fdtch (/u88-4722-sr8b5b-92/loce9al1949d161//lib/nelemenodt &amp#27;[39m&amp#27;[31m500&amp#27;[39m e_mod&amp#27;[ules90m20 ms/appium/ - 1node_m64&amp#27;[odul39mes
/babel&amp#27;[-r35m[HTunTPtime]&amp#27;[39m &amp#27;[/regenerat90mor&amp#27;[39m
/runtime.js:67:40)
&amp#27;[35m[MJSONWP]&amp#27;[39m     at GeneratorFunctionPrototype.invoke [as _invoke] (/usr/local/lib/node_modules/appium/node_modules/babel-runtime/regenerator/runtime.js:315:22)
&amp#27;[35m[MJSONWP]&amp#27;[39m     at GeneratorFunctionPrototype.prototype.(anonymous function) [as throw] (/usr/local/lib/node_modules/appium/node_modules/babel-runtime/regenerator/runtime.js:100:21)
&amp#27;[&amp#27;[35m[35HTTPm[MJS]&amp#27;[39m &amp#27;[ONWP]&amp#27;[3937m   m-->&amp#27;[39m &amp#27;[37  amPt OSTGen&amp#27;[er39m &amp#27;ato[37m/wd/hub/srFunession/6c033502-fdcti88-47onProtot22-8b5ype.b-in92e9194vo9d161ke/eleme (/usr/locant&amp#27;[l/39m
l&amp#27;[35m[ib/noHTTP]&amp#27;[de_modules/appium39/nom &amp#27;[90de_modules/babel-rum{"using":nt"id","value":"com.ime/Slack:id/nreext_button_url_entry"}&amp#27;[39m
[debugeg]ne &amp#27;[35m[W3C]&amp#27;[39m Calling AppiumDriver.findElement() with args: ["id","com.Slack:id/next_button_uratorlr/runt_entrime.js:1y","6c036:37335)
02-fd88-4722-8b5b-92e91949d161"]
[debug] &amp#27;[35m[BaseDriver]&amp#27;[39m Valid locator strategies for this request: xpath, id, class name, accessibility id, -android uiautomator
[debug] &amp#27;[35m[BaseDriver]&amp#27;[39m Waiting up to 0 ms for condition
[debug] &amp#27;[35m[JSONWP Proxy]&amp#27;[39m Matched '/element' to command name 'findElement'
[debug] &amp#27;[35m[JSONWP Proxy]&amp#27;[39m Proxying [POST /element] to [POST http://localhost:8201/wd/hub/session/5a27c767-9791-4751-872d-2ed612cd606d/element] with body: {"strategy":"id","selector":"com.Slack:id/next_button_url_entry","context":"","multiple":false}
[debug] &amp#27;[35m[MJSONWP]&amp#27;[39m Matched JSONWP error code 7 to NoSuchElementError
&amp#27;[35m[MJSONWP]&amp#27;[39m Encountered internal error running command: NoSuchElementError: An element could not be located on the page using the given search parameters.
&amp#27;[35m[MJSONWP]&amp#27;[39m     at AndroidUiautomator2Driver.callee$0$0$ (/us&amp#27;[35m[r/HTTP]&amp#27;[39mlo &amp#27;[37m<-- POSTc /wdal/l/hib/nodub/session/6c033502-fd88-4722-8b5b-92e_modue91949dle161/s/appium/elemennodt &amp#27;[39me_mo&amp#27;[dules/app31m5ium-a00&amp#27;[ndroid3-dr9m &amp#27;[90m20 ms - ive164r/lib&amp#27;[/comman39m
d&amp#27;[35s/find.js:75m[HTTP]&amp#27;:1[31)
&amp#27;[9m &amp#27;[90m&amp#27;[39m
35m[MJSONWP]&amp#27;[39m     at tryCatch (/usr/local/lib/node_modules/appium/node_modules/babel-runtime/regenerator/runtime.js:67:40)
&amp#27;[35m[MJSONWP]&amp#27;[39m     at GeneratorFunctionPrototype.invoke [as _invoke] (/usr/local/lib/node_modules/appium/node_modules/babel-runtime/regenerator/runtime.js:315:22)
&amp#27;[35m[MJSONWP]&amp#27;[39m     at GeneratorFunctionPrototype.prototype.(anonymous function) [as throw] (/usr/local/lib/node_modules/appium/node_modules/babel-runtime/regenerator/runtime.js:100:21)&amp#27;[35m
&amp#27;[35[HTTP]&amp#27;[39m &amp#27;[37m-->&amp#27;[m[MJ39m &amp#27;[37mPSONWP]&amp#27;[39m     at GeneratorFunctiOST&amp#27;[39m &amp#27;[on37m/wd/hub/sessPrototype.ioinvn/6cok033502-fd8e (/usr8-/loc4722al/lib/nod-8be_modules/a5bppium/no-92e91949d161/element&amp#27;[39m
&amp#27;[35m[HTTP]&amp#27;[39m &amp#27;[90m{"using":"id","valdue":"ce_modules/babom.Slack:el-runtid/nexime/t_regenbutton_url_entry"}&amp#27;[39m
[eratordebug/runtime.js] :136:37&amp#27;[35m[W3C]&amp#27;)
[39m Calling AppiumDriver.findElement() with args: ["id","com.Slack:id/next_button_url_entry","6c033502-fd88-4722-8b5b-92e91949d161"]
[debug] &amp#27;[35m[BaseDriver]&amp#27;[39m Valid locator strategies for this request: xpath, id, class name, accessibility id, -android uiautomator
[debug] &amp#27;[35m[BaseDriver]&amp#27;[39m Waiting up to 0 ms for condition
[debug] &amp#27;[35m[JSONWP Proxy]&amp#27;[39m Matched '/element' to command name 'findElement'
[debug] &amp#27;[35m[JSONWP Proxy]&amp#27;[39m Proxying [POST /element] to [POST http://localhost:8201/wd/hub/session/5a27c767-9791-4751-872d-2ed612cd606d/element] with body: {"strategy":"id","selector":"com.Slack:id/next_button_url_entry","context":"","multiple":false}
[debug] &amp#27;[35m[MJSONWP]&amp#27;[39m Matched JSONWP error code 7 to NoSuchElementError
&amp#27;[35m[MJSONWP]&amp#27;[39m Encountered internal error running command: NoSuchElementError: An element could not be located on the page using the given search parameters.
&amp#27;[35m[MJSONWP]&amp#27;[39m     at AndroidUiautomator2Driver.callee$0$&amp#27;[30$5m[HT (TP]&amp#27;[3/u9msr &amp#27;[/l37m<--ocal P/lib/node_modulesOST /appium/node_modules/appium-and/wd/hroid-drub/seiver/lib/commssion/6c033502-fd88-47ands/22-8b5findb-92e9.j19s:7549d161/ele:1ment &amp#27;1)
&amp#27;[35m[39m&amp#27;[31m500[MJSONWP]&amp#27;&amp#27;[3[39m     at tr9m &amp#27;yC[9atch (/usr/local/lib0m21/n ms ode_modules/ap- pium/node_modul164&amp#27;[39mes/ba
bel-ru&amp#27;[35m[HntimeTT/P]&amp#27;[3r9m &amp#27;[90egenmerator/runtime.js&amp#27;[39m:6
7:40)
&amp#27;[35m[MJSONWP]&amp#27;[39m     at GeneratorFunctionPrototype.invoke [as _invoke] (/usr/local/lib/node_modules/appium/node_modules/babel-runtime/regenerator/runtime.js:315:22)
&amp#27;[35m[MJSONWP]&amp#27;[39m     at GeneratorFunctionPrototype.prototype.(anonymous function) [as throw] (/usr/local/lib/node_modules/appium/node_modules/babel-runtime/regenerator/runtime.js:100:21)
&amp#27;[35m[MJSONWP]&amp#27;&amp#27;[35m[3[H9m TTP]  &amp#27;[3  9m &amp#27;at[37m Gene-->ra&amp#27;[39m &amp#27;[37mtorPOFuSTncti&amp#27;[39onPrototym &amp#27;[3pe7m/wd.i/hub/nvsessioke (/usron/l/6c033ocal502-fd/lib/nod88-4722-8be_modules/5b-92e91ap949dpiu161/em/nolede_moment&amp#27;[du39m
les&amp#27;[/b35m[HTTP]&amp#27;abel[3-runti9m &amp#27;[90m{"me/regeneratusinor/g":"idruntime.","value":"cjs:136om.Sla:37)
ck:id/next_button_url_entry"}&amp#27;[39m
[debug] &amp#27;[35m[W3C]&amp#27;[39m Calling AppiumDriver.findElement() with args: ["id","com.Slack:id/next_button_url_entry","6c033502-fd88-4722-8b5b-92e91949d161"]
[debug] &amp#27;[35m[BaseDriver]&amp#27;[39m Valid locator strategies for this request: xpath, id, class name, accessibility id, -android uiautomator
[debug] &amp#27;[35m[BaseDriver]&amp#27;[39m Waiting up to 0 ms for condition
[debug] &amp#27;[35m[JSONWP Proxy]&amp#27;[39m Matched '/element' to command name 'findElement'
[debug] &amp#27;[35m[JSONWP Proxy]&amp#27;[39m Proxying [POST /element] to [POST http://localhost:8201/wd/hub/session/5a27c767-9791-4751-872d-2ed612cd606d/element] with body: {"strategy":"id","selector":"com.Slack:id/next_button_url_entry","context":"","multiple":false}
[debug] &amp#27;[35m[MJSONWP]&amp#27;[39m Matched JSONWP error code 7 to NoSuchElementError
&amp#27;[35m[MJSONWP]&amp#27;[39m Encountered internal error running command: NoSuchElementError: An element could not be located on the page using the given search parameters.
&amp#27;[35m[MJSONWP]&amp#27;[39m     at AndroidUiautomator2Driver.ca&amp#27;[35m[HTTP]&amp#27;[3lle9me$0$0$ (/us &amp#27;[37m<-- POST /wr/lod/cal/lib/nhubod/se_ession/6c033502-fd88-4722-8bmodules/appium/5b-92e91node_modu949d161/leeles/ment &amp#27;appium-a[39ndroid-drivm&amp#27;[31m500er/lib/command&amp#27;[39m s/fin&amp#27;[d.j90ms:75:118 ms - 164&amp#27;[39m1)

&amp#27;[35m[MJSONWP]&amp#27;[35m[HTTP]&amp#27;[39m &amp#27;[90m&amp#27;[39m
&amp#27;[39m     at tryCatch (/usr/local/lib/node_modules/appium/node_modules/babel-runtime/regenerator/runtime.js:67:40)
&amp#27;[35m[MJSONWP]&amp#27;[39m     at GeneratorFunctionPrototype.invoke [as _invoke] (/usr/local/lib/node_modules/appium/node_modules/babel-runtime/regenerator/runtime.js:315:22)
&amp#27;[35m[MJSONWP]&amp#27;[39m     at GeneratorFunctionPrototype.prototype.(anonymous function) [as throw] (/usr/local/lib/node_modules/appium/node_modules/babel-runtime/regenerator/runtime.js:100:21)
&amp#27;[35m[MJSONWP]&amp#27;[39m     at GeneratorFunctionPrototype.invo&amp#27;[35m[HTTP]ke&amp#27;[ (/usr/loc39m al/&amp#27;[37m-->&amp#27;[39m lib/node&amp#27;[37mPOST_modules/&amp#27;[appi39m &amp#27;[3um7m/n/wd/huode_mb/sessodules/babelio-run/6c0nt33502-fimd88-4722-8b5be/-92ere91949dgen161/element&amp#27;[39merat
or&amp#27;[35/rum[HTTP]&amp#27;ntime.js:136:[3379m &amp#27;[)
90m{"using":"id","value":"com.Slack:id/next_button_url_entry"}&amp#27;[39m
[debug] &amp#27;[35m[W3C]&amp#27;[39m Calling AppiumDriver.findElement() with args: ["id","com.Slack:id/next_button_url_entry","6c033502-fd88-4722-8b5b-92e91949d161"]
[debug] &amp#27;[35m[BaseDriver]&amp#27;[39m Valid locator strategies for this request: xpath, id, class name, accessibility id, -android uiautomator
[debug] &amp#27;[35m[BaseDriver]&amp#27;[39m Waiting up to 0 ms for condition
[debug] &amp#27;[35m[JSONWP Proxy]&amp#27;[39m Matched '/element' to command name 'findElement'
[debug] &amp#27;[35m[JSONWP Proxy]&amp#27;[39m Proxying [POST /element] to [POST http://localhost:8201/wd/hub/session/5a27c767-9791-4751-872d-2ed612cd606d/element] with body: {"strategy":"id","selector":"com.Slack:id/next_button_url_entry","context":"","multiple":false}
[debug] &amp#27;[35m[MJSONWP]&amp#27;[39m Matched JSONWP error code 7 to NoSuchElementError
&amp#27;[35m[MJSONWP]&amp#27;[39m Encountered internal error running command: NoSuchElementError: An element could not be located on the page using the given search parameters.
&amp#27;[35m[MJSONWP]&amp#27;[39m     at AndroidUiautomator2Driver.calle&amp#27;[35m[HTTP]&amp#27;[39m &amp#27;[3e$7m<0$0$ --(/us POST /wd/hur/local/lib/nob/sde_mession/6c03od3502-fuled88-s/app4722iu-8b5b-92e91m/node_mo949dules/apd1pium-and61/element &amp#27;roid[39m-driver/lib/comma&amp#27;[nds/find.j31m500&amp#27;[3s:75:119m)
&amp#27;[35 &amp#27;[m[MJSONWP]90&amp#27;[39m     at tryCm21atch (/usr/l ms ocal/lib/nod- 164&amp#27;[39m
e_modules/app&amp#27;[35ium[HTTPm/node_]&amp#27;[39m &amp#27;[90m&amp#27;[39m
modules/babel-runtime/regenerator/runtime.js:67:40)
&amp#27;[35m[MJSONWP]&amp#27;[39m     at GeneratorFunctionPrototype.invoke [as _invoke] (/usr/local/lib/node_modules/appium/node_modules/babel-runtime/regenerator/runtime.js:315:22)
&amp#27;[35m[MJSONWP]&amp#27;[39m     at GeneratorFunctionPrototype.prototype.(an&amp#27;[3onymous f5m[HTTunctioP]&amp#27;n) [[39m &amp#27;[37m--as t>&amp#27;[hrow]39m &amp#27;[37m (POST&amp#27;[39m &amp#27;[37m/wd/usr/local/hub/li/session/6b/c0node_modules/33ap502-fdpi88-4722-um/node_modul8b5bes/b-92e91abel-94ru9d161ntime/regen/elerator/rement&amp#27;untime.js:100:21)
&amp#27;[35m[MJSONW[3P]9m
&amp#27;&amp#27;[35[3m[HTTP]9m &amp#27;[39m &amp#27;[    a90m{"ut Gesineng":"id","value"ratorFunctionProtot:"com.Slack:id/neype.xt_button_url_entry"}invoke&amp#27;[39m
[deb (ug]/usr/local/lib &amp#27;/nod[35m[We_modul3C]&amp#27;es[39m/appium/n ode_mCalling AppiumDriver.finoddElement() witulesh a/babel-runtime/regeneratrgs: ["id",or"com./ruSlack:ntime.js:13id/next_b6:37)utton
_url_entry","6c033502-fd88-4722-8b5b-92e91949d161"]
[debug] &amp#27;[35m[BaseDriver]&amp#27;[39m Valid locator strategies for this request: xpath, id, class name, accessibility id, -android uiautomator
[debug] &amp#27;[35m[BaseDriver]&amp#27;[39m Waiting up to 0 ms for condition
[debug] &amp#27;[35m[JSONWP Proxy]&amp#27;[39m Matched '/element' to command name 'findElement'
[debug] &amp#27;[35m[JSONWP Proxy]&amp#27;[39m Proxying [POST /element] to [POST http://localhost:8201/wd/hub/session/5a27c767-9791-4751-872d-2ed612cd606d/element] with body: {"strategy":"id","selector":"com.Slack:id/next_button_url_entry","context":"","multiple":false}
[debug] &amp#27;[35m[MJSONWP]&amp#27;[39m Matched JSONWP error code 7 to NoSuchElementError
&amp#27;[35m[MJSONWP]&amp#27;[39m Encountered internal error running command: NoSuchElementError: An element could not be located on the page using the given search parameters.
&amp#27;[35m[MJSONWP]&amp#27;[39m     at AndroidUiautomator2Driver.callee$0$0$ (/usr/lo&amp#27;[35mcal/lib/nod[HTe_modules/appiTP]&amp#27;[39m &amp#27;[37m<-- POST /wdum/nod/hub/session/6e_modules/appium-android-driver/lib/commands/find.js:75:11)c033
&amp#27;[35m502-[MJSONWP]&amp#27;[39m     at tryCatch (/usr/local/lib/node_modules/appiumfd/nod88-47e_modules/babe22-8b5b-92e9l-runtime/regenerator/runtime.js:67:41949d161/0)
&amp#27;[35melemen[MJSONWP]&amp#27;[t &amp#27;[39m&amp#27;[31m500&amp#27;39m     at[39m &amp#27;[90m24 ms - 16 Gene4&amp#27;[39mratorFunctionPrototype.invoke [
as &amp#27;[35m[_invoke]HTTP]&amp#27;[39m &amp#27;[90 (m&amp#27;[/u39m
sr/local/lib/node_modules/appium/node_modules/babel-runtime/regenerator/runtime.js:315:22)
&amp#27;[35m[MJSONWP]&amp#27;[39m     at GeneratorFunctionPrototype.prototype.(anonymous function) [as throw] (/usr/local/lib/node_modules/appium/node_modules/babel-runtime/regenerator/runtime.js:100:21)
&amp#27;[35m[MJSONWP]&amp#27;[39m     at GeneratorFunctionPrototype.invoke (/usr/local/lib/node_modules/appium/node_modules/babel-runtime/regenerator/ru&amp#27;[35m[ntime.js:HTTP136:37)]&amp#27;[39
m &amp#27;[37m-->&amp#27;[39m &amp#27;[37mPOST&amp#27;[39m &amp#27;[37m/wd/hub/session/6c033502-fd88-4722-8b5b-92e91949d161/element&amp#27;[39m
&amp#27;[35m[HTTP]&amp#27;[39m &amp#27;[90m{"using":"id","value":"com.Slack:id/next_button_url_entry"}&amp#27;[39m
[debug] &amp#27;[35m[W3C]&amp#27;[39m Calling AppiumDriver.findElement() with args: ["id","com.Slack:id/next_button_url_entry","6c033502-fd88-4722-8b5b-92e91949d161"]
[debug] &amp#27;[35m[BaseDriver]&amp#27;[39m Valid locator strategies for this request: xpath, id, class name, accessibility id, -android uiautomator
[debug] &amp#27;[35m[BaseDriver]&amp#27;[39m Waiting up to 0 ms for condition
[debug] &amp#27;[35m[JSONWP Proxy]&amp#27;[39m Matched '/element' to command name 'findElement'
[debug] &amp#27;[35m[JSONWP Proxy]&amp#27;[39m Proxying [POST /element] to [POST http://localhost:8201/wd/hub/session/5a27c767-9791-4751-872d-2ed612cd606d/element] with body: {"strategy":"id","selector":"com.Slack:id/next_button_url_entry","context":"","multiple":false}
[debug] &amp#27;[35m[MJSONWP]&amp#27;[39m Matched JSONWP error code 7 to NoSuchElementError
&amp#27;[35m[MJSONWP]&amp#27;[39m Encountered internal error running command: NoSuchElementError: An element could not be located on the page using the given search parameters.
&amp#27;[35m[MJSONWP]&amp#27;[39m     at AndroidUiautomator2Driver.callee$0$0$ (/usr/local/lib/node_modules/appium/node_&amp#27;[35m[moHTTPdules]&amp#27;[39m &amp#27;/app[3ium7m<---andr POST /wd/hoid-driub/session/6c03ve3502-fr/lib/d88commands/find.js:75:11)
&amp#27;[35m[MJ-472SO2-8b5b-92e9NWP]&amp#27;[1949d161/el39ement m   &amp#27;[39m&amp#27;[31  at tryCatch (/usr/locam5l/lib/node_mo00dules/&amp#27;[39m &amp#27;[9appium/node_mo0mdu17les/babel- ms runti- 164&amp#27;[39me/regem
n&amp#27;[erator/runtim35e.js:67:40)
m[&amp#27;[35m[MJSONHTTP]WP]&amp#27;&amp#27;[[39m     at39m &amp#27;[90m&amp#27;[39m
 GeneratorFunctionPrototype.invoke [as _invoke] (/usr/local/lib/node_modules/appium/node_modules/babel-runtime/regenerator/runtime.js:315:22)
&amp#27;[35m[MJSONWP]&amp#27;[39m     at GeneratorFunctionPrototype.prototype.(anonymous func&amp#27;[35mtion[HTTP]&amp#27;[39m &amp#27;[37) m-->&amp#27;[39m[as throw] (/usr/ &amp#27;[37mloPOST&amp#27;[39m &amp#27;[37m/wd/hub/session/6ccal/li033b/502-nofd88-de4722-8b_modul5b-es92e91/a94pp9d161/eiulemenm/t&amp#27;[nod39e_m
modules/bab&amp#27;e[35ml-r[HTTP]&amp#27;[untime/r39m &amp#27;[90m{"using":"id"egene,"rator/valuruntime.e":"com.Sjs:1lack:id00:21/next)
&amp#27;_butt[3on_u5m[MJSONWrl_eP]&amp#27;[39mnt     aryt Ge"}nera&amp#27;[39m
[torFudenctionPrbug] &amp#27;[35m[Woto3C]&amp#27;[39m Calling Aptype.piumDrinvoke (iver.findEle/usr/ment() with args: ["idlocal/lib/node_module","com.Ss/laapck:ipid/next_um/node_mobuduttonles_url/b_enabel-runttry",ime"6/regenerc0ator/run33time502-fd.js:88-1364722:3-8b5b-97)
2e91949d161"]
[debug] &amp#27;[35m[BaseDriver]&amp#27;[39m Valid locator strategies for this request: xpath, id, class name, accessibility id, -android uiautomator
[debug] &amp#27;[35m[BaseDriver]&amp#27;[39m Waiting up to 0 ms for condition
[debug] &amp#27;[35m[JSONWP Proxy]&amp#27;[39m Matched '/element' to command name 'findElement'
[debug] &amp#27;[35m[JSONWP Proxy]&amp#27;[39m Proxying [POST /element] to [POST http://localhost:8201/wd/hub/session/5a27c767-9791-4751-872d-2ed612cd606d/element] with body: {"strategy":"id","selector":"com.Slack:id/next_button_url_entry","context":"","multiple":false}
[debug] &amp#27;[35m[MJSONWP]&amp#27;[39m Matched JSONWP error code 7 to NoSuchElementError
&amp#27;[35m[MJSONWP]&amp#27;[39m Encountered internal error running command: NoSuchElementError: An element could not be located on the page using the given search parameters.
&amp#27;[35m[MJSONWP]&amp#27;[39m   &amp#27;[35m[HTTP]&amp#27;[39m   at &amp#27;[37mAndroidUiautomat<-- POor2Driver.calleST /e$wd/hub0$0$/sessi (/uon/6sr/local/lib/node_moc03350dules/2-fdappium/nod88e_modul-472es2-8/appib5b-92e9194um-an9d16droid-driver/lib/co1/elmmandsement &amp#27;[39m&amp#27;[31m500&amp#27;[/f39ind.jsm &amp#27;[90m2:75:112 ms - )
&amp#27;16[34&amp#27;5m[MJ[39mSONW
P]&amp#27;[3&amp#27;[35m[HTTP9m    ]&amp#27; a[3t tryCatch (/9m &amp#27;[90m&amp#27;usr/[3lo9m
cal/lib/node_modules/appium/node_modules/babel-runtime/regenerator/runtime.js:67:40)
&amp#27;[35m[MJSONWP]&amp#27;[39m     at GeneratorFunctionPrototype.invoke [as _invoke] (/usr/local/lib/node_modules/appium/node_modules/babel-runtime/regenerator/runtime.js:315:22)
&amp#27;[35m[MJSONWP]&amp#27;[39m     at GeneratorFunctionPrototype.prototype.(anonymous function) [as throw] (/usr/local/lib/node_modules/appium/node_modules/babel-runtime/regenerator/runtime.js:100:21)
&amp#27;[35m[MJSONWP]&amp#27;[39m     at GeneratorFunctionPrototype.invoke (/usr/local/lib/node_modules/appium/nod&amp#27;[e_modul35mes/bab[HTTP]&amp#27;[el39m-runtime &amp#27;[3/r7mege-->&amp#27;[3nerator/runtime.js9m &amp#27;[37mPOST&amp#27;[39m &amp#27;:136:3[37m/wd/hu7)
b/session/6c033502-fd88-4722-8b5b-92e91949d161/element&amp#27;[39m
&amp#27;[35m[HTTP]&amp#27;[39m &amp#27;[90m{"using":"id","value":"com.Slack:id/next_button_url_entry"}&amp#27;[39m
[debug] &amp#27;[35m[W3C]&amp#27;[39m Calling AppiumDriver.findElement() with args: ["id","com.Slack:id/next_button_url_entry","6c033502-fd88-4722-8b5b-92e91949d161"]
[debug] &amp#27;[35m[BaseDriver]&amp#27;[39m Valid locator strategies for this request: xpath, id, class name, accessibility id, -android uiautomator
[debug] &amp#27;[35m[BaseDriver]&amp#27;[39m Waiting up to 0 ms for condition
[debug] &amp#27;[35m[JSONWP Proxy]&amp#27;[39m Matched '/element' to command name 'findElement'
[debug] &amp#27;[35m[JSONWP Proxy]&amp#27;[39m Proxying [POST /element] to [POST http://localhost:8201/wd/hub/session/5a27c767-9791-4751-872d-2ed612cd606d/element] with body: {"strategy":"id","selector":"com.Slack:id/next_button_url_entry","context":"","multiple":false}
[debug] &amp#27;[35m[MJSONWP]&amp#27;[39m Matched JSONWP error code 7 to NoSuchElementError
&amp#27;[35m[MJSONWP]&amp#27;[39m Encountered internal error running command: NoSuchElementError: An element could not be located on the page using the given search parameters.
&amp#27;[35m[MJSONWP]&amp#27;[39m     at AndroidUiautomator2Driver.callee$0$0$ (/usr/local/lib/node_modules/appium/node_modules/appium-android-driver/lib/commands/fi&amp#27;[35m[nd.jHTTP]&amp#27;s:[375:11)
9m &amp#27;[3&amp#27;[37m5m<-[M- PJSOST /wd/hub/session/6c033502-fd88-472ONW2-8b5b-92e91949d161/elP]&amp#27;[39m   em  enat tryCatch t &amp#27;[39m&amp#27;[31m500&amp#27;[3(/u9m &amp#27;[90m18 msrs - 1/local/lib/node_64&amp#27;[39m
modules/a&amp#27;[35ppm[HTTP]&amp#27;iu[39m &amp#27;[9m/0m&amp#27;nod[3e_mo9m
dules/babel-runtime/regenerator/runtime.js:67:40)
&amp#27;[35m[MJSONWP]&amp#27;[39m     at GeneratorFunctionPrototype.invoke [as _invoke] (/usr/local/lib/node_modules/appium/node_modules/babel-runtime/regenerator/runtime.js:315:22)
&amp#27;[35m[MJSONWP]&amp#27;[39m     at GeneratorFunctionPrototype.prototype.(anonymous function) [as throw] (/usr/local/lib/node_modules/appium/node_modules/babel-runtime/regenerator/runtime.js:100:21)
&amp#27;[35m[MJSONWP]&amp#27;[39m     at GeneratorFunctionPrototype.invoke (/usr/local/lib/node_modules/appium/node_modules/babel-runtime/regenerator/runtime.js:136:37)
&amp#27;[35m[HTTP]&amp#27;[39m &amp#27;[37m-->&amp#27;[39m &amp#27;[37mPOST&amp#27;[39m &amp#27;[37m/wd/hub/session/6c033502-fd88-4722-8b5b-92e91949d161/element&amp#27;[39m
&amp#27;[35m[HTTP]&amp#27;[39m &amp#27;[90m{"using":"id","value":"com.Slack:id/next_button_url_entry"}&amp#27;[39m
[debug] &amp#27;[35m[W3C]&amp#27;[39m Calling AppiumDriver.findElement() with args: ["id","com.Slack:id/next_button_url_entry","6c033502-fd88-4722-8b5b-92e91949d161"]
[debug] &amp#27;[35m[BaseDriver]&amp#27;[39m Valid locator strategies for this request: xpath, id, class name, accessibility id, -android uiautomator
[debug] &amp#27;[35m[BaseDriver]&amp#27;[39m Waiting up to 0 ms for condition
[debug] &amp#27;[35m[JSONWP Proxy]&amp#27;[39m Matched '/element' to command name 'findElement'
[debug] &amp#27;[35m[JSONWP Proxy]&amp#27;[39m Proxying [POST /element] to [POST http://localhost:8201/wd/hub/session/5a27c767-9791-4751-872d-2ed612cd606d/element] with body: {"strategy":"id","selector":"com.Slack:id/next_button_url_entry","context":"","multiple":false}
[debug] &amp#27;[35m[MJSONWP]&amp#27;[39m Matched JSONWP error code 7 to NoSuchElementError
&amp#27;[35m[MJSONWP]&amp#27;[39m Encountered internal error running command: NoSuchElementError: An element could not be located on the page using the given search parameters.
&amp#27;[35m[MJSONWP]&amp#27;[39m     at AndroidUiautomator2Driver.callee$0$0$ (/usr/local/lib/node_modules/appium/node_modules/appium-android-driver/lib/com&amp#27;[35m[HTTP]mands/fi&amp#27;[39nd.js:m &amp#27;[75:11)
37m<-&amp#27;[35m[MJS- POSONWP]&amp#27;[39T /wd/m    hub/session/ at tryC6cat03ch (/u3502sr/local/l-fib/nod88-4722de_modules-8b5b-92e91/app949d161ium/node_/elememont &amp#27;[39m&amp#27;[31mdu500les/&amp#27;[39m &amp#27;[90m19 ms - 1babe64&amp#27;[39m
&amp#27;[l-runtime/rege35m[HTTP]nerator/run&amp#27;[39m &amp#27;[90m&amp#27;[39m
time.js:67:40)
&amp#27;[35m[MJSONWP]&amp#27;[39m     at GeneratorFunctionPrototype.invoke [as _invoke] (/usr/local/lib/node_modules/appium/node_modules/babel-runtime/regenerator/runtime.js:315:22)
&amp#27;[35m[MJSONWP]&amp#27;[39m     at GeneratorFunctionPrototype.prototype.(anonymous function) [as throw] (/usr/local/lib/node_modules/appium/node_modules/babel-runtime/regenerator/runtime.js:100:21)
&amp#27;[35m[MJSONWP]&amp#27;[39m     at GeneratorFunctionPrototype.invoke (/usr/local/lib/node_modules/appium/node_modules/babel-runtime/regenerator/runtime.js&amp#27;[35m[:13HTTP]&amp#27;[39m6:37 &amp#27;)
[37m-->&amp#27;[39m &amp#27;[37mPOST&amp#27;[39m &amp#27;[37m/wd/hub/session/6c033502-fd88-4722-8b5b-92e91949d161/element&amp#27;[39m
&amp#27;[35m[HTTP]&amp#27;[39m &amp#27;[90m{"using":"id","value":"com.Slack:id/next_button_url_entry"}&amp#27;[39m
[debug] &amp#27;[35m[W3C]&amp#27;[39m Calling AppiumDriver.findElement() with args: ["id","com.Slack:id/next_button_url_entry","6c033502-fd88-4722-8b5b-92e91949d161"]
[debug] &amp#27;[35m[BaseDriver]&amp#27;[39m Valid locator strategies for this request: xpath, id, class name, accessibility id, -android uiautomator
[debug] &amp#27;[35m[BaseDriver]&amp#27;[39m Waiting up to 0 ms for condition
[debug] &amp#27;[35m[JSONWP Proxy]&amp#27;[39m Matched '/element' to command name 'findElement'
[debug] &amp#27;[35m[JSONWP Proxy]&amp#27;[39m Proxying [POST /element] to [POST http://localhost:8201/wd/hub/session/5a27c767-9791-4751-872d-2ed612cd606d/element] with body: {"strategy":"id","selector":"com.Slack:id/next_button_url_entry","context":"","multiple":false}
[debug] &amp#27;[35m[MJSONWP]&amp#27;[39m Matched JSONWP error code 7 to NoSuchElementError
&amp#27;[35m[MJSONWP]&amp#27;[39m Encountered internal error running command: NoSuchElementError: An element could not be located on the page using the given search parameters.
&amp#27;[35m[MJSONWP]&amp#27;[39m     at AndroidUiaut&amp#27;[omato35m[HTTPr2Driv]&amp#27;[3er9m &amp#27;[37m<-- POST /wd/hu.callb/session/6c0ee$33502-fd80$08-4722-8b5b-$ (/92e91usr/loc949dal/lib/node_modul161/es/appium/nelemodent &amp#27;e_[39m&amp#27;[modules/appium31m500-a&amp#27;[39m &amp#27;[90mndroid-drive20 ms -r/lib 1/command64&amp#27;[39s/m
f&amp#27;[35m[HTindTP]&amp#27;[39.js:7m 5:&amp#27;[90m11)
&amp#27;&amp#27;[[35m[MJSO39m
NWP]&amp#27;[39m     at tryCatch (/usr/local/lib/node_modules/appium/node_modules/babel-runtime/regenerator/runtime.js:67:40)
&amp#27;[35m[MJSONWP]&amp#27;[39m     at GeneratorFunctionPrototype.invoke [as _invoke] (/usr/local/lib/node_modules/appium/node_modules/babel-runtime/regenerator/runtime.js:315:22)
&amp#27;[35m[MJSONWP]&amp#27;[39m     at GeneratorFunctionPrototype.prototype.(anonymous function) [as throw] (/usr/local/lib/node_modules/appium/node_modules/babel-runtime/regenerator/runtime.js:100:21)
&amp#27;[35m[MJSONWP]&amp#27;[39m     at GeneratorFunctionPrototype.invoke (/usr&amp#27;[35m[HTTP/loca]&amp#27;[39m l/&amp#27;[37m-lib->&amp#27;[/n39m &amp#27;[ode_m37mPOST&amp#27;[39odm &amp#27;[3ul7m/es/appium/nodwd/hube_modules/b/sabessioel-runtin/6c0me/regen33502-efd8rato8-4r/ru722-8b5ntimb-92e.e91949jsd16:1361/el:3eme7)nt&amp#27;[39m

&amp#27;[35m[HTTP]&amp#27;[39m &amp#27;[90m{"using":"id","value":"com.Slack:id/next_button_url_entry"}&amp#27;[39m
[debug] &amp#27;[35m[W3C]&amp#27;[39m Calling AppiumDriver.findElement() with args: ["id","com.Slack:id/next_button_url_entry","6c033502-fd88-4722-8b5b-92e91949d161"]
[debug] &amp#27;[35m[BaseDriver]&amp#27;[39m Valid locator strategies for this request: xpath, id, class name, accessibility id, -android uiautomator
[debug] &amp#27;[35m[BaseDriver]&amp#27;[39m Waiting up to 0 ms for condition
[debug] &amp#27;[35m[JSONWP Proxy]&amp#27;[39m Matched '/element' to command name 'findElement'
[debug] &amp#27;[35m[JSONWP Proxy]&amp#27;[39m Proxying [POST /element] to [POST http://localhost:8201/wd/hub/session/5a27c767-9791-4751-872d-2ed612cd606d/element] with body: {"strategy":"id","selector":"com.Slack:id/next_button_url_entry","context":"","multiple":false}
[debug] &amp#27;[35m[MJSONWP]&amp#27;[39m Matched JSONWP error code 7 to NoSuchElementError
&amp#27;[35m[MJSONWP]&amp#27;[39m Encountered internal error running command: NoSuchElementError: An element could not be located on the page using the given search parameters.
&amp#27;[35m[MJSONWP]&amp#27;[39m     at AndroidUiautomator2Driver.callee$0$0$ (/usr/local/lib/n&amp#27;[35m[ode_modHTTulePs/appium]&amp#27;/n[3ode_9m &amp#27;[mo37m<-- POST dules/appium-an/wddr/hoiub/sd-driver/lessiib/oncommands/f/6inc03d.3502-fd8js:75:18-4722-81)
&amp#27;[3b55m[MJSOb-NWP]92e9&amp#27;[3919m 49d1  61/element &amp#27;[39m  &amp#27;[31m500&amp#27;[at39m &amp#27;[90 tryCatchm2 (2 m/usr/local/lib/ns - 164&amp#27;ode_modu[3les/app9m
i&amp#27;[35m[Hum/node_mTTP]&amp#27;[39m &amp#27;odules[9/b0m&amp#27;[39abm
el-runtime/regenerator/runtime.js:67:40)
&amp#27;[35m[MJSONWP]&amp#27;[39m     at GeneratorFunctionPrototype.invoke [as _invoke] (/usr/local/lib/node_modules/appium/node_modules/babel-runtime/regenerator/runtime.js:315:22)
&amp#27;[35m[MJSONWP]&amp#27;[39m     at GeneratorFunctionPrototype.prototype.(anonymous function) [as throw] (/usr/local/lib/node_modules/appium/node_modules/babel&amp#27;[35m[HTTP]&amp#27;[39m &amp#27;[37m-->&amp#27;[39m-r &amp#27;[37muntimPOST&amp#27;[39m e/regenerator/runtime&amp#27;[37m.js:100/wd/hub/session/:21)
6c033502-fd88-472&amp#27;[35m[MJS2-8b5ONWP]&amp#27;[3b-92e91949d9m     161/eleatme Gent&amp#27;[3ner9m
atorFun&amp#27;[35m[HctTTPio]&amp#27;[nPrototype.39invokm &amp#27;e [90m{"using":"id","(/usr/local/libvalue"/node_:"com.Slmoackdu:id/nelext_buts/appiton_url_entryum/no"}de_mo&amp#27;[dule39m
[des/babug]be &amp#27;[35ml-ru[Wntime/3C]&amp#27;[39m Cregenealling Appiumrator/runtime.js:136:37)
Driver.findElement() with args: ["id","com.Slack:id/next_button_url_entry","6c033502-fd88-4722-8b5b-92e91949d161"]
[debug] &amp#27;[35m[BaseDriver]&amp#27;[39m Valid locator strategies for this request: xpath, id, class name, accessibility id, -android uiautomator
[debug] &amp#27;[35m[BaseDriver]&amp#27;[39m Waiting up to 0 ms for condition
[debug] &amp#27;[35m[JSONWP Proxy]&amp#27;[39m Matched '/element' to command name 'findElement'
[debug] &amp#27;[35m[JSONWP Proxy]&amp#27;[39m Proxying [POST /element] to [POST http://localhost:8201/wd/hub/session/5a27c767-9791-4751-872d-2ed612cd606d/element] with body: {"strategy":"id","selector":"com.Slack:id/next_button_url_entry","context":"","multiple":false}
[debug] &amp#27;[35m[MJSONWP]&amp#27;[39m Matched JSONWP error code 7 to NoSuchElementError
&amp#27;[35m[MJSONWP]&amp#27;[39m Encountered internal error running command: NoSuchElementError: An element could not be located on the page using the given search parameters.
&amp#27;[35m[MJSONWP]&amp#27;[39m     at AndroidUiautomator2Driver.callee$0$0$ (/usr/local/lib/node_modules/appium/node_modu&amp#27;[35m[les/HTappiuTP]m-android-driver/l&amp#27;[39ibm &amp#27;[37m<-- P/comOST /wd/humab/nds/find.js:sess75ion/:16c033502-fd88-1)
&amp#27;[3547m[M22-8bJSONWP]&amp#27;5b-92e91949d161[39m   /ele  atment &amp#27;[39m t&amp#27;[ry31m500&amp#27;[39m &amp#27;[9Ca0m20tch (/usr/local/lib/nod ms - e_modules/appium/node164&amp#27;[39_mom
dule&amp#27;[35m[HTs/baTPbe]&amp#27;[39m l-runtim&amp#27;[9e/0m&amp#27;rege[39m
nerator/runtime.js:67:40)
&amp#27;[35m[MJSONWP]&amp#27;[39m     at GeneratorFunctionPrototype.invoke [as _invoke] (/usr/local/lib/node_modules/appium/node_modules/babel-runtime/regenerator/runtime.js:315:22)
&amp#27;[35m[MJSONWP]&amp#27;[39m     at GeneratorFunctionPrototype.prototype.(anonymous function) [as throw] (/usr/local/lib/node_modules/appium/node_modules/babel-runtime/regenerator/runtime.js:100:21)
&amp#27;[35m[MJSONWP]&amp#27;[39m     at GeneratorFunctionPrototype.invoke (/usr/local/lib/node_modules/appium/node_modules/babel-runtime/regenerator/runtime.js&amp#27;[35m[H:1TTP]&amp#27;[3936:m &amp#27;[37)
37m-->&amp#27;[39m &amp#27;[37mPOST&amp#27;[39m &amp#27;[37m/wd/hub/session/6c033502-fd88-4722-8b5b-92e91949d161/element&amp#27;[39m
&amp#27;[35m[HTTP]&amp#27;[39m &amp#27;[90m{"using":"id","value":"com.Slack:id/next_button_url_entry"}&amp#27;[39m
[debug] &amp#27;[35m[W3C]&amp#27;[39m Calling AppiumDriver.findElement() with args: ["id","com.Slack:id/next_button_url_entry","6c033502-fd88-4722-8b5b-92e91949d161"]
[debug] &amp#27;[35m[BaseDriver]&amp#27;[39m Valid locator strategies for this request: xpath, id, class name, accessibility id, -android uiautomator
[debug] &amp#27;[35m[BaseDriver]&amp#27;[39m Waiting up to 0 ms for condition
[debug] &amp#27;[35m[JSONWP Proxy]&amp#27;[39m Matched '/element' to command name 'findElement'
[debug] &amp#27;[35m[JSONWP Proxy]&amp#27;[39m Proxying [POST /element] to [POST http://localhost:8201/wd/hub/session/5a27c767-9791-4751-872d-2ed612cd606d/element] with body: {"strategy":"id","selector":"com.Slack:id/next_button_url_entry","context":"","multiple":false}
[debug] &amp#27;[35m[MJSONWP]&amp#27;[39m Matched JSONWP error code 7 to NoSuchElementError
&amp#27;[35m[MJSONWP]&amp#27;[39m Encountered internal error running command: NoSuchElementError: An element could not be located on the page using the given search parameters.
&amp#27;[35m[MJSONWP]&amp#27;[39m     at AndroidUiautomator2Driver.callee$0$0$ (/usr/local/lib/node_modules/appium/node_modules/appium-android-driver/lib/commands/find.j&amp#27;[35m[s:75:11)
&amp#27;[35m[MJSONWHTTP]&amp#27;[39m &amp#27;[37m<-- POST /P]&amp#27;[39m    wd/h aub/sesst tryCatioch (/usr/local/n/6c033502-fd88-4722-8b5blib/-92e91nod949d161e_modules/el/appiement &amp#27;[3um/node9m&amp#27;_m[3od1m5ules/babel-ru00&amp#27;ntime/regenerator/[3ru9m ntim&amp#27;[e.js:67:90m140)
&amp#27;[35m[MJSONWP]&amp#27;[9 ms -39m    1  at64&amp#27;[39m
 Gener&amp#27;[35m[HTTP]&amp#27;[39m atorFunctionProto&amp#27;[90m&amp#27;[39m
type.invoke [as _invoke] (/usr/local/lib/node_modules/appium/node_modules/babel-runtime/regenerator/runtime.js:315:22)
&amp#27;[35m[MJSONWP]&amp#27;[39m     at GeneratorFunctionPrototype.prototype.(anonymous function) [as throw] (/usr/local/lib/node_modules/appium/node_modules/babel-runtime/regenerator/runtime.js:100:21)
&amp#27;[35m[MJSONWP]&amp#27;[39m     at GeneratorFunctionPrototype.invoke (/usr/local/lib/node_modules/appium/node_modules/babel-runtime/regenerator/runtime.js:136:37&amp#27;[3)
5m[HTTP]&amp#27;[39m &amp#27;[37m-->&amp#27;[39m &amp#27;[37mPOST&amp#27;[39m &amp#27;[37m/wd/hub/session/6c033502-fd88-4722-8b5b-92e91949d161/element&amp#27;[39m
&amp#27;[35m[HTTP]&amp#27;[39m &amp#27;[90m{"using":"id","value":"com.Slack:id/next_button_url_entry"}&amp#27;[39m
[debug] &amp#27;[35m[W3C]&amp#27;[39m Calling AppiumDriver.findElement() with args: ["id","com.Slack:id/next_button_url_entry","6c033502-fd88-4722-8b5b-92e91949d161"]
[debug] &amp#27;[35m[BaseDriver]&amp#27;[39m Valid locator strategies for this request: xpath, id, class name, accessibility id, -android uiautomator
[debug] &amp#27;[35m[BaseDriver]&amp#27;[39m Waiting up to 0 ms for condition
[debug] &amp#27;[35m[JSONWP Proxy]&amp#27;[39m Matched '/element' to command name 'findElement'
[debug] &amp#27;[35m[JSONWP Proxy]&amp#27;[39m Proxying [POST /element] to [POST http://localhost:8201/wd/hub/session/5a27c767-9791-4751-872d-2ed612cd606d/element] with body: {"strategy":"id","selector":"com.Slack:id/next_button_url_entry","context":"","multiple":false}
[debug] &amp#27;[35m[MJSONWP]&amp#27;[39m Matched JSONWP error code 7 to NoSuchElementError
&amp#27;[35m[MJSONWP]&amp#27;[39m Encountered internal error running command: NoSuchElementError: An element could not be located on the page using the given search parameters.
&amp#27;[35m[MJSONWP]&amp#27;[39m     at AndroidUiautomator2Driver.callee$0$0$ (/usr/local/lib/node_modules/appium/node_modules/appium-android-&amp#27;[3driv5m[HTTer/lP]&amp#27;[ib/comm39m &amp#27;ands/[3find.j7ms:<-- P75OST :11)
&amp#27;[3/wd/hu5m[MJSONWP]b/session/6c033502-fd88-&amp#27;[39m     at try4722-8b5b-92eCa919tch (/u49d1sr/loc61al/element &amp#27;[39m&amp#27;[31m500&amp#27;[/lib/node_modul39m &amp#27;[90m20 ms - 164&amp#27;[39es/appium/m
node_m&amp#27;[35m[HTTP]&amp#27;odules/b[39abelm &amp#27;[90m&amp#27;[39m
-runtime/regenerator/runtime.js:67:40)
&amp#27;[35m[MJSONWP]&amp#27;[39m     at GeneratorFunctionPrototype.invoke [as _invoke] (/usr/local/lib/node_modules/appium/node_modules/babel-runtime/regenerator/runtime.js:315:22)
&amp#27;[35m[MJSONWP]&amp#27;[39m     at GeneratorFunctionPrototype.prototype.(anonymous function) [as throw] (/usr/local/lib/node_modules/appium/node_modules/babel-runtime/regenerator/runtime.js:100:21)
&amp#27;[35m[MJSONWP]&amp#27;[39m     at GeneratorFunctionPrototype.invoke (/usr/local/lib/node_modules/appium/node_modules/babel-runtime/regenerator/runtime.js:136:37)
&amp#27;[35m[HTTP]&amp#27;[39m &amp#27;[37m-->&amp#27;[39m &amp#27;[37mPOST&amp#27;[39m &amp#27;[37m/wd/hub/session/6c033502-fd88-4722-8b5b-92e91949d161/element&amp#27;[39m
&amp#27;[35m[HTTP]&amp#27;[39m &amp#27;[90m{"using":"id","value":"com.Slack:id/next_button_url_entry"}&amp#27;[39m
[debug] &amp#27;[35m[W3C]&amp#27;[39m Calling AppiumDriver.findElement() with args: ["id","com.Slack:id/next_button_url_entry","6c033502-fd88-4722-8b5b-92e91949d161"]
[debug] &amp#27;[35m[BaseDriver]&amp#27;[39m Valid locator strategies for this request: xpath, id, class name, accessibility id, -android uiautomator
[debug] &amp#27;[35m[BaseDriver]&amp#27;[39m Waiting up to 0 ms for condition
[debug] &amp#27;[35m[JSONWP Proxy]&amp#27;[39m Matched '/element' to command name 'findElement'
[debug] &amp#27;[35m[JSONWP Proxy]&amp#27;[39m Proxying [POST /element] to [POST http://localhost:8201/wd/hub/session/5a27c767-9791-4751-872d-2ed612cd606d/element] with body: {"strategy":"id","selector":"com.Slack:id/next_button_url_entry","context":"","multiple":false}
[debug] &amp#27;[35m[MJSONWP]&amp#27;[39m Matched JSONWP error code 7 to NoSuchElementError
&amp#27;[35m[MJSONWP]&amp#27;[39m Encountered internal error running command: NoSuchElementError: An element could not be located on the page using the given search parameters.
&amp#27;[35m[MJSONWP]&amp#27;[39m     at AndroidUiautomator2Driver.callee$0$0$ &amp#27;[35m[HTTP]&amp#27;(/usr/l[39mocal/lib/node_modules/appium/no &amp#27;[37de_modulem<--s/appium-android-drive POST /wd/hr/ub/seslision/6c033502b/commands/find.js:75:1-fd81)
8-&amp#27;[354722-8m[MJSONWb5b-92P]e91949d161/el&amp#27;[emen39t &amp#27;m [39m&amp#27;[3  1m5  at00 try&amp#27;[Catch 39m &amp#27;(/us[90m47 ms - r/164&amp#27;loc[39m
a&amp#27;[35l/m[HTlib/nodTP]&amp#27;[39m &amp#27;e_modu[90m&amp#27;[39m
les/appium/node_modules/babel-runtime/regenerator/runtime.js:67:40)
&amp#27;[35m[MJSONWP]&amp#27;[39m     at GeneratorFunctionPrototype.invoke [as _invoke] (/usr/local/lib/node_modules/appium/node_modules/babel-runtime/regenerator/runtime.js:315:22)
&amp#27;[35m[MJSONWP]&amp#27;[39m     at GeneratorFunctionPrototype.prototype.(anonymous function) [as throw] (/usr/local/lib/node_modul&amp#27;[35esm[HTTP]&amp#27;[39/apm pi&amp#27;[37umm-->&amp#27;[39/node_modum &amp#27;[3les/7mPOST&amp#27;[39babel-rm un&amp#27;[37time/rm/egwd/enehurator/runtime.js:b/ses100:2sion/1)
6c&amp#27;[35m[MJSONWP]&amp#27;[3039m   35  02-fd8at 8-4722Ge-8b5bner-92e91949d1atorFunction61/elePrmeototypent.i&amp#27;[nvoke 39m
(&amp#27;[/usr/local/li35m[b/noHTTP]de&amp#27;[39_modules/apm pium/node_module&amp#27;[90ms/ba{"bel-runtimusing":"ide/r",egenerator/ru"vantlue":"coime.jm.s:Slack:id/136:next_b37ut)
ton_url_entry"}&amp#27;[39m
[debug] &amp#27;[35m[W3C]&amp#27;[39m Calling AppiumDriver.findElement() with args: ["id","com.Slack:id/next_button_url_entry","6c033502-fd88-4722-8b5b-92e91949d161"]
[debug] &amp#27;[35m[BaseDriver]&amp#27;[39m Valid locator strategies for this request: xpath, id, class name, accessibility id, -android uiautomator
[debug] &amp#27;[35m[BaseDriver]&amp#27;[39m Waiting up to 0 ms for condition
[debug] &amp#27;[35m[JSONWP Proxy]&amp#27;[39m Matched '/element' to command name 'findElement'
[debug] &amp#27;[35m[JSONWP Proxy]&amp#27;[39m Proxying [POST /element] to [POST http://localhost:8201/wd/hub/session/5a27c767-9791-4751-872d-2ed612cd606d/element] with body: {"strategy":"id","selector":"com.Slack:id/next_button_url_entry","context":"","multiple":false}
[debug] &amp#27;[35m[MJSONWP]&amp#27;[39m Matched JSONWP error code 7 to NoSuchElementError
&amp#27;[35m[MJSONWP]&amp#27;[39m Encountered internal error running command: NoSuchElementError: An element could not be located on the page using the given search parameters.
&amp#27;[35m[MJSONWP]&amp#27;[39m     at Andr&amp#27;[35m[HTTP]&amp#27;[39moidUiautomator2Driver.ca &amp#27;[37m<-- POSllee$0$0$ (/usr/local/lib/noT /wd/hude_modb/ules/appiseum/nssionode_mod/6c033ules502-fd/appium-a88-4722-8b5bnd-92roid-e91949d161/elemdentr &amp#27;[iver/lib/command39s/find.jm&amp#27;[31m500&amp#27;[39m &amp#27;[90m24 ms - 164&amp#27;[39m
&amp#27;[3s:75:11)
&amp#27;5m[HTTP]&amp#27;[39m &amp#27;[35[90m&amp#27;[39m
m[MJSONWP]&amp#27;[39m     at tryCatch (/usr/local/lib/node_modules/appium/node_modules/babel-runtime/regenerator/runtime.js:67:40)
&amp#27;[35m[MJSONWP]&amp#27;[39m     at GeneratorFunctionPrototype.invoke [as _invoke] (/usr/local/lib/node_modules/appium/node_modules/babel-runtime/regenerator/runtime.js:315:22)
&amp#27;[35m[MJSONWP]&amp#27;[39m     at GeneratorFunctionPrototype.prototype.(anonymous&amp#27;[35m[H function) [as throw] (/usr/local/lib/node_modTTP]&amp#27;[39m &amp#27;[37m-->&amp#27;[39m &amp#27;[37mPOST&amp#27;[39m &amp#27;[37m/wd/hub/session/6c033502-fd88-4722-8b5b-92e91949d161/element&amp#27;[39m
&amp#27;[35m[HTTP]&amp#27;[39m &amp#27;[90m{"using":"id","value":ules/appium/node_"com.Slack:id/next_button_moduleurl_entry"}&amp#27;[39m
[debug] &amp#27;[35s/babel-runtime/regenerator/runtime.js:100:21)
&amp#27;[35m[MJSONWP]&amp#27;m[W3C]&amp#27;[39m Calling Appium[39m     Driver.findElement() with args: ["id","com.Slack:id/next_button_url_entry","6c033502-fd88-4722-8b5b-92e91949d161at GeneratorFunctionPrototype.invoke (/usr/local/lib/node_modules/appium/node_modules/babel-runtime/re"]
[debug] &amp#27;[35m[BasgeeDriver]&amp#27;[nera39m Valid locator strategitor/runtime.js:136:37)
es for this request: xpath, id, class name, accessibility id, -android uiautomator
[debug] &amp#27;[35m[BaseDriver]&amp#27;[39m Waiting up to 0 ms for condition
[debug] &amp#27;[35m[JSONWP Proxy]&amp#27;[39m Matched '/element' to command name 'findElement'
[debug] &amp#27;[35m[JSONWP Proxy]&amp#27;[39m Proxying [POST /element] to [POST http://localhost:8201/wd/hub/session/5a27c767-9791-4751-872d-2ed612cd606d/element] with body: {"strategy":"id","selector":"com.Slack:id/next_button_url_entry","context":"","multiple":false}
[debug] &amp#27;[35m[MJSONWP]&amp#27;[39m Matched JSONWP error code 7 to NoSuchElementError
&amp#27;[35m[MJSONWP]&amp#27;[39m Encountered internal error running command: NoSuchElementError: An element could not be located on the page using the given search parameters.
&amp#27;[35m[MJSONWP]&amp#27;[39m     at AndroidUiautomator2Driver.callee$0$0$ (/usr/local/lib/node_modules/appium/node_modules/appium-andro&amp#27;[35m[HTTP]&amp#27;[3id-drive9m &amp#27;[37m<-- POST /wd/hub/sessior/lib/cn/6c03ommands/find.js:73502-fd88-4722-8b5b-92e91949d161/element &amp#27;[39m&amp#27;[31m500&amp#27;[39m &amp#27;[90m26 ms - 164&amp#27;[39m
&amp#27;[35m[HTTP]&amp#27;[39m &amp#27;[90m&amp#27;[39m
5:11)
&amp#27;[35m[MJSONWP]&amp#27;[39m     at tryCatch (/usr/local/lib/node_modules/appium/node_modules/babel-runtime/regenerator/runtime.js:67:40)
&amp#27;[35m[MJSONWP]&amp#27;[39m     at GeneratorFunctionPrototype.invoke [as _invoke] (/usr/local/lib/node_modules/appium/node_modules/babel-runtime/regenerator/runtime.js:315:22)
&amp#27;[35m[MJSONWP]&amp#27;[39m     at GeneratorFunctionPrototype.prototype.(anonymous function) [as throw] (/usr/local/lib/node_modules/appium/node_modules/babel-runtime/regenerator/runtime.js:100:21)
&amp#27;[35m[MJSONWP]&amp#27;[39m     at GeneratorFunctionPrototype.invoke (/usr/local/lib/node_modules/appium/node_modules/babel-runtime/regenerator/runtime.js:136:37)
&amp#27;[35m[HTTP]&amp#27;[39m &amp#27;[37m-->&amp#27;[39m &amp#27;[37mPOST&amp#27;[39m &amp#27;[37m/wd/hub/session/6c033502-fd88-4722-8b5b-92e91949d161/element&amp#27;[39m
&amp#27;[35m[HTTP]&amp#27;[39m &amp#27;[90m{"using":"id","value":"com.Slack:id/next_button_url_entry"}&amp#27;[39m
[debug] &amp#27;[35m[W3C]&amp#27;[39m Calling AppiumDriver.findElement() with args: ["id","com.Slack:id/next_button_url_entry","6c033502-fd88-4722-8b5b-92e91949d161"]
[debug] &amp#27;[35m[BaseDriver]&amp#27;[39m Valid locator strategies for this request: xpath, id, class name, accessibility id, -android uiautomator
[debug] &amp#27;[35m[BaseDriver]&amp#27;[39m Waiting up to 0 ms for condition
[debug] &amp#27;[35m[JSONWP Proxy]&amp#27;[39m Matched '/element' to command name 'findElement'
[debug] &amp#27;[35m[JSONWP Proxy]&amp#27;[39m Proxying [POST /element] to [POST http://localhost:8201/wd/hub/session/5a27c767-9791-4751-872d-2ed612cd606d/element] with body: {"strategy":"id","selector":"com.Slack:id/next_button_url_entry","context":"","multiple":false}
[debug] &amp#27;[35m[MJSONWP]&amp#27;[39m Matched JSONWP error code 7 to NoSuchElementError
&amp#27;[35m[MJSONWP]&amp#27;[39m Encountered internal error running command: NoSuchElementError: An element could not be located on the page using the given search parameters.
&amp#27;[35m[MJSONWP]&amp#27;[39m     at AndroidUiautomator2Driver.callee$0$0$ (/usr/local/lib/node_modules/appium/node_modules/appium-android-driver/lib/commands/find.js&amp#27;[35m[H:7TT5:P]11&amp#27;[39)
&amp#27;[m 35m[MJS&amp#27;[3ONWP]7m<-- POS&amp#27;[39m     at trT /wd/hub/session/6c033502-fd8yCatch (/usr8-4722-8b5b-92e91/local/lib/node_mod949d161/element &amp#27;[3ules/appium/node_modules/babel-9m&amp#27;[31m500&amp#27;[39m &amp#27;[90m25 ms -run 164&amp#27;[39time/regem
&amp#27;[35m[HTTP]&amp#27;[39m &amp#27;[90m&amp#27;[3nerator/9m
runtime.js:67:40)
&amp#27;[35m[MJSONWP]&amp#27;[39m     at GeneratorFunctionPrototype.invoke [as _invoke] (/usr/local/lib/node_modules/appium/node_modules/babel-runtime/regenerator/runtime.js:315:22)
&amp#27;[35m[MJSONWP]&amp#27;[39m     at GeneratorFunctionPrototype.prototype.(anonymous function) [as throw] (/usr/local/lib/node_modules/appium/node_modules/babel-runtime/regenerator/runtime.js:100:21)
&amp#27;[35m[MJSONWP]&amp#27;[39m     at GeneratorFunctionPrototype.invoke (/usr/local/lib/node_modules/appium/node_modules/babel-runtime/re&amp#27;[35mgenerat[HTTP]or/run&amp#27;[39m &amp#27;[37m-->&amp#27;time.js:136:37)
[39m &amp#27;[37mPOST&amp#27;[39m &amp#27;[37m/wd/hub/session/6c033502-fd88-4722-8b5b-92e91949d161/element&amp#27;[39m
&amp#27;[35m[HTTP]&amp#27;[39m &amp#27;[90m{"using":"id","value":"com.Slack:id/next_button_url_entry"}&amp#27;[39m
[debug] &amp#27;[35m[W3C]&amp#27;[39m Calling AppiumDriver.findElement() with args: ["id","com.Slack:id/next_button_url_entry","6c033502-fd88-4722-8b5b-92e91949d161"]
[debug] &amp#27;[35m[BaseDriver]&amp#27;[39m Valid locator strategies for this request: xpath, id, class name, accessibility id, -android uiautomator
[debug] &amp#27;[35m[BaseDriver]&amp#27;[39m Waiting up to 0 ms for condition
[debug] &amp#27;[35m[JSONWP Proxy]&amp#27;[39m Matched '/element' to command name 'findElement'
[debug] &amp#27;[35m[JSONWP Proxy]&amp#27;[39m Proxying [POST /element] to [POST http://localhost:8201/wd/hub/session/5a27c767-9791-4751-872d-2ed612cd606d/element] with body: {"strategy":"id","selector":"com.Slack:id/next_button_url_entry","context":"","multiple":false}
[debug] &amp#27;[35m[MJSONWP]&amp#27;[39m Matched JSONWP error code 7 to NoSuchElementError
&amp#27;[35m[MJSONWP]&amp#27;[39m Encountered internal error running command: NoSuchElementError: An element could not be located on the page using the given search parameters.
&amp#27;[35m[MJSONWP]&amp#27;[39m     at AndroidUiautomator2Driver.callee$0$0$ (/usr/local/lib/node_modules/appium/node_modules/appium-androi&amp#27;[d-35drim[HTTP]&amp#27;[39m ver/lib/comman&amp#27;[ds/fin37m<-- d.js:POST /wd/hub/session75:11)
&amp#27;/6c033502-fd88-4722[35m[M-8b5b-92eJS919ONWP]&amp#27;[3499md1     61at t/elementry &amp#27;[39m&amp#27;[Catc31h (m500&amp#27;[39m &amp#27;[90m2/usr0 ms/ - l16ocal/4&amp#27;[3lib/node_mo9m
dul&amp#27;[35m[HTes/appTPiu]&amp#27;[3m/9m n&amp#27;[90ode_modules/babm&amp#27;[el39m
-runtime/regenerator/runtime.js:67:40)
&amp#27;[35m[MJSONWP]&amp#27;[39m     at GeneratorFunctionPrototype.invoke [as _invoke] (/usr/local/lib/node_modules/appium/node_modules/babel-runtime/regenerator/runtime.js:315:22)
&amp#27;[35m[MJSONWP]&amp#27;[39m     at GeneratorFunctionPrototype.prototype.(anonymous function) [as throw] (/usr/local/lib/node_modules/appium/node_modules/babel-runtime/regenerator/runtime.js:100:21)
&amp#27;[35m[MJSONWP]&amp#27;[39m     at GeneratorFunctionPrototype.invoke (/usr/local/lib/node_modules/appium/node_modules/babel-runtime/regenerator/runtime.js:136:37)
&amp#27;[35m[HTTP]&amp#27;[39m &amp#27;[37m-->&amp#27;[39m &amp#27;[37mPOST&amp#27;[39m &amp#27;[37m/wd/hub/session/6c033502-fd88-4722-8b5b-92e91949d161/element&amp#27;[39m
&amp#27;[35m[HTTP]&amp#27;[39m &amp#27;[90m{"using":"id","value":"com.Slack:id/next_button_url_entry"}&amp#27;[39m
[debug] &amp#27;[35m[W3C]&amp#27;[39m Calling AppiumDriver.findElement() with args: ["id","com.Slack:id/next_button_url_entry","6c033502-fd88-4722-8b5b-92e91949d161"]
[debug] &amp#27;[35m[BaseDriver]&amp#27;[39m Valid locator strategies for this request: xpath, id, class name, accessibility id, -android uiautomator
[debug] &amp#27;[35m[BaseDriver]&amp#27;[39m Waiting up to 0 ms for condition
[debug] &amp#27;[35m[JSONWP Proxy]&amp#27;[39m Matched '/element' to command name 'findElement'
[debug] &amp#27;[35m[JSONWP Proxy]&amp#27;[39m Proxying [POST /element] to [POST http://localhost:8201/wd/hub/session/5a27c767-9791-4751-872d-2ed612cd606d/element] with body: {"strategy":"id","selector":"com.Slack:id/next_button_url_entry","context":"","multiple":false}
[debug] &amp#27;[35m[MJSONWP]&amp#27;[39m Matched JSONWP error code 7 to NoSuchElementError
&amp#27;[35m[MJSONWP]&amp#27;[39m Encountered internal error running command: NoSuchElementError: An element could not be located on the page using the given search parameters.
&amp#27;[35m[MJSONWP]&amp#27;[39m     at AndroidUiautomator2Driver.callee$0$0$ (/usr/local/lib/node_modules/appium/node_modules/appium-android-driver/&amp#27;[35m[HTTP]&amp#27;[39m &amp#27;[37m<-- POST /wd/hub/session/6c033502-fd88-4722-8b5b-92e91949d161/element &amp#27;[39m&amp#27;[31m50lib/0&amp#27;[39m &amp#27;[90m25 ms - 164&amp#27;[39m
comma&amp#27;[35m[HTnds/TP]&amp#27;[39mfi &amp#27;nd.js:[90m&amp#27;[39m75:1
1)
&amp#27;[35m[MJSONWP]&amp#27;[39m     at tryCatch (/usr/local/lib/node_modules/appium/node_modules/babel-runtime/regenerator/runtime.js:67:40)
&amp#27;[35m[MJSONWP]&amp#27;[39m     at GeneratorFunctionPrototype.invoke [as _invoke] (/usr/local/lib/node_modules/appium/node_modules/babel-runtime/regenerator/runtime.js:315:22)
&amp#27;[35m[MJSONWP]&amp#27;[39m     at GeneratorFunctionPrototype.prototype.(anonymous function) [as throw] (/usr/local/lib/node_modules/appium/node_modules/babel-runtime/regenerator/runtime.js:100:21)
&amp#27;[35m[MJSONWP]&amp#27;[39m     at GeneratorFunctionPrototype.invoke (/usr/local/lib/node_modules/appium/node_modules/babel-runtime/regenerator/runtime.js:136:37)
&amp#27;[35m[HTTP]&amp#27;[39m &amp#27;[37m-->&amp#27;[39m &amp#27;[37mPOST&amp#27;[39m &amp#27;[37m/wd/hub/session/6c033502-fd88-4722-8b5b-92e91949d161/element&amp#27;[39m
&amp#27;[35m[HTTP]&amp#27;[39m &amp#27;[90m{"using":"id","value":"com.Slack:id/next_button_url_entry"}&amp#27;[39m
[debug] &amp#27;[35m[W3C]&amp#27;[39m Calling AppiumDriver.findElement() with args: ["id","com.Slack:id/next_button_url_entry","6c033502-fd88-4722-8b5b-92e91949d161"]
[debug] &amp#27;[35m[BaseDriver]&amp#27;[39m Valid locator strategies for this request: xpath, id, class name, accessibility id, -android uiautomator
[debug] &amp#27;[35m[BaseDriver]&amp#27;[39m Waiting up to 0 ms for condition
[debug] &amp#27;[35m[JSONWP Proxy]&amp#27;[39m Matched '/element' to command name 'findElement'
[debug] &amp#27;[35m[JSONWP Proxy]&amp#27;[39m Proxying [POST /element] to [POST http://localhost:8201/wd/hub/session/5a27c767-9791-4751-872d-2ed612cd606d/element] with body: {"strategy":"id","selector":"com.Slack:id/next_button_url_entry","context":"","multiple":false}
[debug] &amp#27;[35m[MJSONWP]&amp#27;[39m Matched JSONWP error code 7 to NoSuchElementError
&amp#27;[35m[MJSONWP]&amp#27;[39m Encountered internal error running command: NoSuchElementError: An element could not be located on the page using the given search parameters.
&amp#27;[35m[MJSONWP]&amp#27;[39m     at AndroidUiautomator2Driver.callee$0$0$ (/usr/local/lib&amp#27;[35m[HTTP]/node_modules/ap&amp#27;[39m &amp#27;[37m<-- POST pium/node/wd/_modules/appium-anhub/sessdroid-iodrin/6c0ver/lib/commands/find.js:75:11)
&amp#27;[35m[MJSONWP]&amp#27;[39m     at tryCatch (/usr/local/lib/node_modules/appium/node_modules/babel-runtime/regenerator/runtime.js:67:40)
&amp#27;[35m[MJSONWP]&amp#27;[39m     at Gen33502-fd88-4722-8b5b-92e919eratorFunctionPrototype.invoke [as49d161/element &amp#27;[39m&amp#27;[31m500&amp#27;[39m &amp#27;[90m21 ms - 164&amp#27;[39m
&amp#27;[35m[HTTP]&amp#27;[39m &amp#27;[90m&amp#27;[39m
 _invoke] (/usr/local/lib/node_modules/appium/node_modules/babel-runtime/regenerator/runtime.js:315:22)
&amp#27;[35m[MJSONWP]&amp#27;[39m     at GeneratorFunctionPrototype.prototype.(anonymous function) [as throw] (/usr/local/lib/node_modules/appium/node_modules/babel-runtime/regenerator/runtime.js:100:21)
&amp#27;[35m[MJSONWP]&amp#27;[39m     at GeneratorFunctionPrototype.invoke (/usr/local/lib/node_modules/appium/node_modules/babel-runtime/regenerator/runtime.js:136:37)
&amp#27;[35m[HTTP]&amp#27;[39m &amp#27;[37m-->&amp#27;[39m &amp#27;[37mPOST&amp#27;[39m &amp#27;[37m/wd/hub/session/6c033502-fd88-4722-8b5b-92e91949d161/element&amp#27;[39m
&amp#27;[35m[HTTP]&amp#27;[39m &amp#27;[90m{"using":"id","value":"com.Slack:id/next_button_url_entry"}&amp#27;[39m
[debug] &amp#27;[35m[W3C]&amp#27;[39m Calling AppiumDriver.findElement() with args: ["id","com.Slack:id/next_button_url_entry","6c033502-fd88-4722-8b5b-92e91949d161"]
[debug] &amp#27;[35m[BaseDriver]&amp#27;[39m Valid locator strategies for this request: xpath, id, class name, accessibility id, -android uiautomator
[debug] &amp#27;[35m[BaseDriver]&amp#27;[39m Waiting up to 0 ms for condition
[debug] &amp#27;[35m[JSONWP Proxy]&amp#27;[39m Matched '/element' to command name 'findElement'
[debug] &amp#27;[35m[JSONWP Proxy]&amp#27;[39m Proxying [POST /element] to [POST http://localhost:8201/wd/hub/session/5a27c767-9791-4751-872d-2ed612cd606d/element] with body: {"strategy":"id","selector":"com.Slack:id/next_button_url_entry","context":"","multiple":false}
[debug] &amp#27;[35m[MJSONWP]&amp#27;[39m Matched JSONWP error code 7 to NoSuchElementError
&amp#27;[35m[MJSONWP]&amp#27;[39m Encountered internal error running command: NoSuchElementError: An element could not be located on the page using the given search parameters.
&amp#27;[35m[MJSONWP]&amp#27;[39m     at AndroidUiautomator2Driver.callee$0$0$ (/usr/local/lib/node_modules/appium/node_modules/appium-android-driver/lib/commands/fi&amp#27;[35m[HTTP]&amp#27;[39m &amp#27;[37m<-- POST /wdnd.js:75:11)
&amp#27;[35m[MJSONWP]&amp#27;[39m     at tryCatch (/usr/local/lib/node_modu/hub/session/6c03les/appium/node_mod3502ules/-fd8babe8-4722-8b5b-92l-e91ru949ntimd1e/regen61er/element ator&amp#27;[39m/runtim&amp#27;[31e.jsm5:6700&amp#27;[39:40)
&amp#27;[35m &amp#27;[90m3m[MJSONW0 msP]&amp#27;[39 - 164&amp#27;[39m
m     at Generator&amp#27;[35m[HTFunctionPrototype.invoke TP]&amp#27;[39m &amp#27;[90m&amp#27;[39m
[as _invoke] (/usr/local/lib/node_modules/appium/node_modules/babel-runtime/regenerator/runtime.js:315:22)
&amp#27;[35m[MJSONWP]&amp#27;[39m     at GeneratorFunctionPrototype.prototype.(anonymous function) [as throw] (/usr/local/lib/node_modules/appium/node_modules/babel-runtime/regenerator/runtime.js:100:21)
&amp#27;[35m[MJSONWP]&amp#27;[39m     at &amp#27;[35m[HTTP]&amp#27;[39m &amp#27;[37m-->&amp#27;[39m &amp#27;[37mPOST&amp#27;[39m &amp#27;[37m/wd/hub/session/6c033502-fd88-Generat47or22-8b5b-92e91949d161/element&amp#27;[39m
&amp#27;[35m[HTTP]&amp#27;[39m &amp#27;[90m{"using":"idFunctionPrototype.invoke (/us","value":"com.Slack:id/next_buttr/on_url_entry"}&amp#27;[39mlo
[cal/libdebu/nodeg] &amp#27;[35m[W3C]&amp#27;[39m Calling AppiumDriver.findElement_m() with aodrgs: ["id","com.Slules/aack:id/nppiuext_bum/node_modules/babel-runtime/regenerator/runtime.js:1tton_36:37)
url_entry","6c033502-fd88-4722-8b5b-92e91949d161"]
[debug] &amp#27;[35m[BaseDriver]&amp#27;[39m Valid locator strategies for this request: xpath, id, class name, accessibility id, -android uiautomator
[debug] &amp#27;[35m[BaseDriver]&amp#27;[39m Waiting up to 0 ms for condition
[debug] &amp#27;[35m[JSONWP Proxy]&amp#27;[39m Matched '/element' to command name 'findElement'
[debug] &amp#27;[35m[JSONWP Proxy]&amp#27;[39m Proxying [POST /element] to [POST http://localhost:8201/wd/hub/session/5a27c767-9791-4751-872d-2ed612cd606d/element] with body: {"strategy":"id","selector":"com.Slack:id/next_button_url_entry","context":"","multiple":false}
[debug] &amp#27;[35m[MJSONWP]&amp#27;[39m Matched JSONWP error code 7 to NoSuchElementError
&amp#27;[35m[MJSONWP]&amp#27;[39m Encountered internal error running command: NoSuchElementError: An element could not be located on the page using the given search parameters.
&amp#27;[35m[MJSONWP]&amp#27;[39m     at AndroidUiautomator2Driver.callee$0$0$ (/usr/local/lib/node_m&amp#27;[35odm[HTTP]&amp#27;[39m &amp#27;[37m<-- POST /ulwd/hues/appib/sessium/node_modules/aonppium-a/6c03ndr3502-fd88-4722oid-drive-8b5b-r/lib/commands/find.js:75:11)
&amp#27;[35m[MJS92e9ONWP]&amp#27;[39m     at tryCatch (/usr/local/lib/no1949d161/element &amp#27;[3de_modules/appium9m/n&amp#27;[3ode_modules/1m500&amp#27;[39m babel-runtime/regenerator/runtime.js:67:40)
&amp#27;[35m[MJSONWP]&amp#27;[39m     at GeneratorFunctionPrototype.invoke [as _invoke] (/usr/l&amp#27;[90mocal23/lib/ ms - no16de4&amp#27;[39m
_mod&amp#27;[35m[HTTP]&amp#27;[39m &amp#27;[90m&amp#27;[3ules/app9miu
m/node_modules/babel-runtime/regenerator/runtime.js:315:22)
&amp#27;[35m[MJSONWP]&amp#27;[39m     at GeneratorFunctionPrototype.prototype.(anonymous function) [as throw] (/usr/local/lib/node_modules/appium/node_modules/babel-runtime/regenerator/runtime.js:100:21)
&amp#27;[35m[MJSONWP]&amp#27;[39m     at GeneratorFunctionPrototype.invoke (/usr/local/lib/node_modules/appium/node_modules/babel-runtime/regenerator/runtime.js:136:37&amp#27;[35m[HTTP]&amp#27;[3)
9m &amp#27;[37m-->&amp#27;[39m &amp#27;[37mPOST&amp#27;[39m &amp#27;[37m/wd/hub/session/6c033502-fd88-4722-8b5b-92e91949d161/element&amp#27;[39m
&amp#27;[35m[HTTP]&amp#27;[39m &amp#27;[90m{"using":"id","value":"com.Slack:id/next_button_url_entry"}&amp#27;[39m
[debug] &amp#27;[35m[W3C]&amp#27;[39m Calling AppiumDriver.findElement() with args: ["id","com.Slack:id/next_button_url_entry","6c033502-fd88-4722-8b5b-92e91949d161"]
[debug] &amp#27;[35m[BaseDriver]&amp#27;[39m Valid locator strategies for this request: xpath, id, class name, accessibility id, -android uiautomator
[debug] &amp#27;[35m[BaseDriver]&amp#27;[39m Waiting up to 0 ms for condition
[debug] &amp#27;[35m[JSONWP Proxy]&amp#27;[39m Matched '/element' to command name 'findElement'
[debug] &amp#27;[35m[JSONWP Proxy]&amp#27;[39m Proxying [POST /element] to [POST http://localhost:8201/wd/hub/session/5a27c767-9791-4751-872d-2ed612cd606d/element] with body: {"strategy":"id","selector":"com.Slack:id/next_button_url_entry","context":"","multiple":false}
[debug] &amp#27;[35m[MJSONWP]&amp#27;[39m Matched JSONWP error code 7 to NoSuchElementError
&amp#27;[35m[MJSONWP]&amp#27;[39m Encountered internal error running command: NoSuchElementError: An element could not be located on the page using the given search parameters.
&amp#27;[35m[MJSONWP]&amp#27;[39m     at AndroidUiautomator2Driver.callee$0$0$ (/usr/lo&amp#27;[35m[HTTP]&amp#27;[39m &amp#27;[37m<-- POST /wd/hub/session/6c033502-fd88-4722-8b5b-92e91ca949d161l/lib/node_modules//eappilemument &amp#27;/node_[3mod9m&amp#27;[ule31m50s/ap0&amp#27;[39m &amp#27;[90mpiu24 m-ms - an164&amp#27;[39m
&amp#27;[35m[HTTdrP]&amp#27;[39m &amp#27;[90m&amp#27;[39m
oid-driver/lib/commands/find.js:75:11)
&amp#27;[35m[MJSONWP]&amp#27;[39m     at tryCatch (/usr/local/lib/node_modules/appium/node_modules/babel-runtime/regenerator/runtime.js:67:40)
&amp#27;[35m[MJSONWP]&amp#27;[39m     at GeneratorFunctionPrototype.invoke [as _invoke] (/usr/local/lib/node_modules/appium/node_modules/babel-runtime/regenerator/runtime.js:315:22)
&amp#27;[35m[MJSONWP]&amp#27;[39m     at GeneratorFunctionPrototype.prototype.(anonymous function) [as throw] (/usr/local/lib/node_modules/appium/node_modules/babel-runtime/regenerator/runtime.js:100:2&amp#27;[1)
&amp#27;[3355m[MJSm[ONWP]&amp#27;[3HTTP]&amp#27;[39m9m &amp#27;     at G[37m-->ener&amp#27;[at39m &amp#27;or[37mPOST&amp#27;[FunctionProt39otm ype.invok&amp#27;[37m/wd/hub/sessioe (/usr/local/lib/node_modules/appium/node_modules/babel-runtime/regenerator/runtime.js:136:37)
n/6c033502-fd88-4722-8b5b-92e91949d161/element&amp#27;[39m
&amp#27;[35m[HTTP]&amp#27;[39m &amp#27;[90m{"using":"id","value":"com.Slack:id/next_button_url_entry"}&amp#27;[39m
[debug] &amp#27;[35m[W3C]&amp#27;[39m Calling AppiumDriver.findElement() with args: ["id","com.Slack:id/next_button_url_entry","6c033502-fd88-4722-8b5b-92e91949d161"]
[debug] &amp#27;[35m[BaseDriver]&amp#27;[39m Valid locator strategies for this request: xpath, id, class name, accessibility id, -android uiautomator
[debug] &amp#27;[35m[BaseDriver]&amp#27;[39m Waiting up to 0 ms for condition
[debug] &amp#27;[35m[JSONWP Proxy]&amp#27;[39m Matched '/element' to command name 'findElement'
[debug] &amp#27;[35m[JSONWP Proxy]&amp#27;[39m Proxying [POST /element] to [POST http://localhost:8201/wd/hub/session/5a27c767-9791-4751-872d-2ed612cd606d/element] with body: {"strategy":"id","selector":"com.Slack:id/next_button_url_entry","context":"","multiple":false}
[debug] &amp#27;[35m[MJSONWP]&amp#27;[39m Matched JSONWP error code 7 to NoSuchElementError
&amp#27;[35m[MJSONWP]&amp#27;[39m Encountered internal error running command: NoSuchElementError: An element could not be located on the page using the given search parameters.
&amp#27;[35m[MJSONWP]&amp#27;[39m     at AndroidUiautomator2Driver.callee$0$0$ (/usr/local/lib/node_modules/appium/node_modules/appium-a&amp#27;[35m[HTTP]&amp#27;[39m &amp#27;[3ndr7moid-drive<-- POST /wd/hub/sessir/lib/commonands/find.js:75:11)/6c
&amp#27;[3503m[3502-fd88-4722-8b5bMJSON-9WP2e]&amp#27;9194[39m    9d161 at t/eleryCatch (/ument sr/l&amp#27;[39m&amp#27;ocal[3/lib/nod1m500&amp#27;[3e_modu9m &amp#27;[90les/am21 ppmsium/node_ - modules/babel-runtime/regenerator/runtime.js:67:4164&amp#27;[39m0)
&amp#27;[35m[MJ
S&amp#27;[35m[HTTPONWP]&amp#27;[39m]&amp#27;[   39m &amp#27;[  at 90m&amp#27;[39m
GeneratorFunctionPrototype.invoke [as _invoke] (/usr/local/lib/node_modules/appium/node_modules/babel-runtime/regenerator/runtime.js:315:22)
&amp#27;[35m[MJSONWP]&amp#27;[39m     at GeneratorFunctionPrototype.prototype.(anonymous function) [as throw] (/usr/local/lib/node_modules/appium/node_modules/babel-runtime/regenerator/runtime.js:100:21)
&amp#27;[35m[MJSONWP]&amp#27;[39m     at GeneratorFunctionPrototype.invoke (/usr/local/lib/node_modules/appium/node_modules/babel-runtime/regenerator/runtime.js:136:37)
&amp#27;[35m[HTTP]&amp#27;[39m &amp#27;[37m-->&amp#27;[39m &amp#27;[37mPOST&amp#27;[39m &amp#27;[37m/wd/hub/session/6c033502-fd88-4722-8b5b-92e91949d161/element&amp#27;[39m
&amp#27;[35m[HTTP]&amp#27;[39m &amp#27;[90m{"using":"id","value":"com.Slack:id/next_button_url_entry"}&amp#27;[39m
[debug] &amp#27;[35m[W3C]&amp#27;[39m Calling AppiumDriver.findElement() with args: ["id","com.Slack:id/next_button_url_entry","6c033502-fd88-4722-8b5b-92e91949d161"]
[debug] &amp#27;[35m[BaseDriver]&amp#27;[39m Valid locator strategies for this request: xpath, id, class name, accessibility id, -android uiautomator
[debug] &amp#27;[35m[BaseDriver]&amp#27;[39m Waiting up to 0 ms for condition
[debug] &amp#27;[35m[JSONWP Proxy]&amp#27;[39m Matched '/element' to command name 'findElement'
[debug] &amp#27;[35m[JSONWP Proxy]&amp#27;[39m Proxying [POST /element] to [POST http://localhost:8201/wd/hub/session/5a27c767-9791-4751-872d-2ed612cd606d/element] with body: {"strategy":"id","selector":"com.Slack:id/next_button_url_entry","context":"","multiple":false}
[debug] &amp#27;[35m[MJSONWP]&amp#27;[39m Matched JSONWP error code 7 to NoSuchElementError
&amp#27;[35m[MJSONWP]&amp#27;[39m Encountered internal error running command: NoSuchElementError: An element could not be located on the page using the given search parameters.
&amp#27;[35m[MJSONWP]&amp#27;[39m     at AndroidUiautomator2Driver.callee$0$0$ (/usr/local/lib/node_modules/appium&amp#27;[35/nom[HTTP]&amp#27;[39mde_modules/ &amp#27;[37m<-- POST /wdappium-android-driver/lib/commands/find.js:75:11)
&amp#27;[35m[MJSONWP]&amp#27;[39m    /h atub tr/seyCssion/6c033atch (/us50r/l2-fd88-47ocal/lib/node_modules/a22ppiu-8b5m/b-92e91no949dde_modules/bab161el-runti/elememe/rentge &amp#27;[39nem&amp#27;[3rator/runtime.js:67:40)
&amp#27;[35m[MJS1mON50WP0&amp#27;[39m &amp#27;[90m25 ms - 164&amp#27;[39m
]&amp#27;[&amp#27;[3539m   m[HT  aTP]t Generator&amp#27;[3Functio9m &amp#27;[90m&amp#27;[39m
nPrototype.invoke [as _invoke] (/usr/local/lib/node_modules/appium/node_modules/babel-runtime/regenerator/runtime.js:315:22)
&amp#27;[35m[MJSONWP]&amp#27;[39m     at GeneratorFunctionPrototype.prototype.(anonymous function) [as throw] (/usr/local/lib/node_modules/appium/node_modules/babel-runtime/regenerator/runtime.js:100:21)
&amp#27;[35m[MJSONWP]&amp#27;&amp#27;[[39m 35m[    at HTTP]&amp#27;Gene[39m &amp#27;[37m-->&amp#27;[39m &amp#27;[37mPOST&amp#27;[39m rato&amp#27;[37m/wd/hub/session/6c033502-fd88-4722-8b5b-92e91949d161/element&amp#27;[rFu39m
nc&amp#27;[ti35onProtm[otypeHTT.invoP]&amp#27;[39mke &amp#27;[9 (0m{"us/usr/ling":"idoc","valalue":"com.S/lib/node_modules/lack:id/appium/node_modulnext_button_uresl_entr/by"}&amp#27;abel-runtim[39me/re
[gedebug]ne &amp#27;[35m[W3raC]&amp#27;[39tom Calling Ar/rppiumDrivuner.findElement() tiwith arme.jsgs::136:37)
 ["id","com.Slack:id/next_button_url_entry","6c033502-fd88-4722-8b5b-92e91949d161"]
[debug] &amp#27;[35m[BaseDriver]&amp#27;[39m Valid locator strategies for this request: xpath, id, class name, accessibility id, -android uiautomator
[debug] &amp#27;[35m[BaseDriver]&amp#27;[39m Waiting up to 0 ms for condition
[debug] &amp#27;[35m[JSONWP Proxy]&amp#27;[39m Matched '/element' to command name 'findElement'
[debug] &amp#27;[35m[JSONWP Proxy]&amp#27;[39m Proxying [POST /element] to [POST http://localhost:8201/wd/hub/session/5a27c767-9791-4751-872d-2ed612cd606d/element] with body: {"strategy":"id","selector":"com.Slack:id/next_button_url_entry","context":"","multiple":false}
[debug] &amp#27;[35m[MJSONWP]&amp#27;[39m Matched JSONWP error code 7 to NoSuchElementError
&amp#27;[35m[MJSONWP]&amp#27;[39m Encountered internal error running command: NoSuchElementError: An element could not be located on the page using the given search parameters.
&amp#27;[35m[MJSONWP]&amp#27;[39m     at AndroidUia&amp#27;[3utomator25m[HTDrTP]&amp#27;[39m &amp#27;[37m<-- POST /wd/hub/siveser.casillee$0on$0$ (/6/usc0r/loca33502-fdl/lib/node_mod88-47ule22-8b5s/b-appi92um/node_e919mo49d161/dules/appeleiumem-androidnt &amp#27;-driver[3/lib/9m&amp#27;[31m50commands0&amp#27;[/fin39d.m &amp#27;js:75[90:1m18 ms1)
&amp#27;[35m[MJ - 164&amp#27;[SO39m
NW&amp#27;[35P]&amp#27;[m[HTTP]&amp#27;39[3m 9m     at&amp#27;[90 tm&amp#27;[39m
ryCatch (/usr/local/lib/node_modules/appium/node_modules/babel-runtime/regenerator/runtime.js:67:40)
&amp#27;[35m[MJSONWP]&amp#27;[39m     at GeneratorFunctionPrototype.invoke [as _invoke] (/usr/local/lib/node_modules/appium/node_modules/babel-runtime/regenerator/runtime.js:315:22)
&amp#27;[35m[MJSONWP]&amp#27;[39m     at GeneratorFunctionProto&amp#27;[typ35m[HTTe.protP]&amp#27;otype[39m &amp#27;[37m-->&amp#27;[39m &amp#27;.(anonymous [37mfuncPOtiST&amp#27;[39m &amp#27;[on) [as thr37m/wd/ow]hub (/usr/local/lib/node_modules/appium//senodssion/e_modules/ba6c0be33502l-runti-fd8me/reg8-en47er22ator/runt-8b5b-92e9ime.js:1949d161100/element&amp#27;[39:21)
m
&amp#27;&amp#27;[35m[[3HT5m[MTP]&amp#27;[39mJSONWP] &amp#27;[90m{"using":"id","value":"co&amp#27;[39mm.S     atlac Gek:id/nneratexorFunctiot_nPbuttonro_url_entry"}&amp#27;[39m
[detobug] &amp#27;[35m[Wty3C]&amp#27;[3pe.invoke (/usr/loca9m Calling AppiumDriver.fl/lib/node_minoddElemeules/appiumnt() with a/nrgs: ["id","ode_modules/com.Slack:id/nextbabel-runtime/regenerator/runtime.js:136:37)
_button_url_entry","6c033502-fd88-4722-8b5b-92e91949d161"]
[debug] &amp#27;[35m[BaseDriver]&amp#27;[39m Valid locator strategies for this request: xpath, id, class name, accessibility id, -android uiautomator
[debug] &amp#27;[35m[BaseDriver]&amp#27;[39m Waiting up to 0 ms for condition
[debug] &amp#27;[35m[JSONWP Proxy]&amp#27;[39m Matched '/element' to command name 'findElement'
[debug] &amp#27;[35m[JSONWP Proxy]&amp#27;[39m Proxying [POST /element] to [POST http://localhost:8201/wd/hub/session/5a27c767-9791-4751-872d-2ed612cd606d/element] with body: {"strategy":"id","selector":"com.Slack:id/next_button_url_entry","context":"","multiple":false}
[debug] &amp#27;[35m[MJSONWP]&amp#27;[39m Matched JSONWP error code 7 to NoSuchElementError
&amp#27;[35m[MJSONWP]&amp#27;[39m Encountered internal error running command: NoSuchElementError: An element could not be located on the page using the given search parameters.
&amp#27;[35m[MJSONWP]&amp#27;[39m     at AndroidUiautomat&amp#27;[35m[HTTP]&amp#27;[39or2Driver.callee$0$0$ (/usr/local/lib/nom &amp#27;[37m<-- POST /wde_md/odules/appium/nhubode_modules/appium-android-driv/session/6c033502er/lib-fd88-4722-8/commandsb5b-92e91949d1/find.61js:75:11)
&amp#27;[35m[MJS/eONWlemeP]&amp#27;[39mnt &amp#27;     at[3 t9mryCatc&amp#27;[h 31m500&amp#27;[39m &amp#27;[9(/usr0m/local/l20 ib/node_momsdu - 164&amp#27;[39les/appim
um/node_modules/bab&amp#27;[35m[HTTP]&amp#27;[39m el-ru&amp#27;[90m&amp#27;ntime/reg[39m
enerator/runtime.js:67:40)
&amp#27;[35m[MJSONWP]&amp#27;[39m     at GeneratorFunctionPrototype.invoke [as _invoke] (/usr/local/lib/node_modules/appium/node_modules/babel-runtime/regenerator/runtime.js:315:22)
&amp#27;[35m[MJSONWP]&amp#27;[39m     at GeneratorFunctionPrototype.prototype.(anonymous function) [as throw] (/usr/local/lib/node_modules/appium/node_modules/babel-runtime/regene&amp#27;[3ra5m[HTtoTP]r/r&amp#27;[39muntime.js &amp#27;:1[37m-->&amp#27;[3900:21)
m &amp#27;[3&amp#27;[37mPO5m[ST&amp#27;MJSON[39m &amp#27;[WP37m/w]&amp#27;d/hub[39m     at/s GenesersionatorFu/6c03350nct2-ionPfdrototype88-4.invoke (/usr/loc722-8b5bal-92/le91949dib/n16ode_module1/es/lement&amp#27;[39m
appium/n&amp#27;[ode_m35odules/babel-m[HTTP]&amp#27;[ru39m nt&amp#27;[90ime/regm{"usieneratng":"id","vaor/ruluent":"comime..Slajs:1ck:i36:3d/ne7)
xt_button_url_entry"}&amp#27;[39m
[debug] &amp#27;[35m[W3C]&amp#27;[39m Calling AppiumDriver.findElement() with args: ["id","com.Slack:id/next_button_url_entry","6c033502-fd88-4722-8b5b-92e91949d161"]
[debug] &amp#27;[35m[BaseDriver]&amp#27;[39m Valid locator strategies for this request: xpath, id, class name, accessibility id, -android uiautomator
[debug] &amp#27;[35m[BaseDriver]&amp#27;[39m Waiting up to 0 ms for condition
[debug] &amp#27;[35m[JSONWP Proxy]&amp#27;[39m Matched '/element' to command name 'findElement'
[debug] &amp#27;[35m[JSONWP Proxy]&amp#27;[39m Proxying [POST /element] to [POST http://localhost:8201/wd/hub/session/5a27c767-9791-4751-872d-2ed612cd606d/element] with body: {"strategy":"id","selector":"com.Slack:id/next_button_url_entry","context":"","multiple":false}
[debug] &amp#27;[35m[MJSONWP]&amp#27;[39m Matched JSONWP error code 7 to NoSuchElementError
&amp#27;[35m[MJSONWP]&amp#27;[39m Encountered internal error running command: NoSuchElementError: An element could not be located on the page using the given search parameters.
&amp#27;[35m[MJSONWP]&amp#27;[39m     at AndroidUiautomator2Driver.callee$0$0$ (/usr/local/lib/node_m&amp#27;[35m[HTTPod]&amp#27;[39ulm &amp#27;[3es/7m<-app- POSTium/nod /wd/hub/session/6c033502-fde_modules88-4722-/appium-android-driver/lib/com8bmand5b-9s/find.js:75:12e91)
1949d161/element &amp#27;[3&amp#27;[35m[9m&amp#27;[3MJSONWP]&amp#27;[39m    1m50 at 0&amp#27;[39tryCam &amp#27;[9tc0mh (18 ms/usr/local -/lib/no 164&amp#27;de[39m
_mo&amp#27;[dul35es/am[HTppTP]&amp#27;[ium/node_module39s/babel-m &amp#27;[runtime90m&amp#27;[3/r9m
egenerator/runtime.js:67:40)
&amp#27;[35m[MJSONWP]&amp#27;[39m     at GeneratorFunctionPrototype.invoke [as _invoke] (/usr/local/lib/node_modules/appium/node_modules/babel-runtime/regenerator/runtime.js:315:22)
&amp#27;[35m[MJSONWP]&amp#27;[39m     at GeneratorFunctionPrototype.prototype.(anonymous function) [as throw] (/usr/local/lib/node_mod&amp#27;[35mules/appium[H/nodeTTP]&amp#27;[_mod39m &amp#27;[37m-->&amp#27;[ule39m &amp#27;[37mPOs/babST&amp#27;[39elm -r&amp#27;[37m/wd/unhub/timesess/regeneratoion/6cr/ru033ntime.js:100:502-21fd88)
&amp#27;[-473522-8b5b-92e91949dm[MJS16ONWP]1/&amp#27;[elem39m    ent&amp#27; a[3t 9m
Ge&amp#27;[35m[HTTP]&amp#27;[neratorF39mun &amp#27;[ctionP90m{"usirototype.invoke (/usr/local/libng":"id","/node_value":"moducom.Sllesack:id/next/appium/_bnoutde_moton_duleurl_entry"}s/babe&amp#27;[39ml-runtime/
[dregeneebug] ra&amp#27;[3tor/run5mtime.js:1[W3C]&amp#27;[39m Calling AppiumDriver.f36:37)
indElement() with args: ["id","com.Slack:id/next_button_url_entry","6c033502-fd88-4722-8b5b-92e91949d161"]
[debug] &amp#27;[35m[BaseDriver]&amp#27;[39m Valid locator strategies for this request: xpath, id, class name, accessibility id, -android uiautomator
[debug] &amp#27;[35m[BaseDriver]&amp#27;[39m Waiting up to 0 ms for condition
[debug] &amp#27;[35m[JSONWP Proxy]&amp#27;[39m Matched '/element' to command name 'findElement'
[debug] &amp#27;[35m[JSONWP Proxy]&amp#27;[39m Proxying [POST /element] to [POST http://localhost:8201/wd/hub/session/5a27c767-9791-4751-872d-2ed612cd606d/element] with body: {"strategy":"id","selector":"com.Slack:id/next_button_url_entry","context":"","multiple":false}
[debug] &amp#27;[35m[MJSONWP]&amp#27;[39m Matched JSONWP error code 7 to NoSuchElementError
&amp#27;[35m[MJSONWP]&amp#27;[39m Encountered internal error running command: NoSuchElementError: An element could not be located on the page using the given search parameters.
&amp#27;[35m[MJSONWP]&amp#27;[39m     at AndroidUiautomator2Driver.callee$0$0$ (/usr/local/lib/node_modules/appium/node_modules/appium-android-drive&amp#27;[35m[r/HTTliP]b/&amp#27;[commands/find.js:75:11)
39&amp#27;[35mm &amp#27;[37[MJSONWP]&amp#27;[39m     at tryCatcm<h -- POST(/usr/l /wdocal//hub/session/lib/node_modules/6cappium/no033502-fd88-4722-8deb5b_m-92e919odules49d161//belement &amp#27;[39m&amp#27;[31m5ab00&amp#27;el-run[39m &amp#27;tim[9e/0m20regenerat ms -or 1/runt64&amp#27;ime.[39m
js&amp#27;[:67:40)
&amp#27;[35m[MJ35m[SONWHTTP]&amp#27;[39m     at GeneratorFunctionProtoP]type.&amp#27;[39invokm e [as &amp#27;[9_invoke] (/us0m&amp#27;[3r/loca9m
l/lib/node_modules/appium/node_modules/babel-runtime/regenerator/runtime.js:315:22)
&amp#27;[35m[MJSONWP]&amp#27;[39m     at GeneratorFunctionPrototype.prototype.(anonymous function) [as throw] (/usr/local/lib/node_modules/appium/node_modules/babel-runtime/regenerator/runtime.js:100:21)
&amp#27;[35m[MJSONWP]&amp#27;[39m     at Generat&amp#27;[35m[HTTP]&amp#27;[39mor &amp#27;Function[3Prototyp7m-e.->&amp#27;[39m &amp#27;inv[3oke (7m/usr/local/lPOST&amp#27;[3ib/no9m &amp#27;[37m/wd/de_modulhues/appib/umsessi/noon/6c03de_m3502od-fd88-4ule722s/b-8b5b-92e91abe94l-9d1runti61me/re/elegenementrator&amp#27;[3/ru9mnt
ime.js:13&amp#27;[356:37m[HTTP)
]&amp#27;[39m &amp#27;[90m{"using":"id","value":"com.Slack:id/next_button_url_entry"}&amp#27;[39m
[debug] &amp#27;[35m[W3C]&amp#27;[39m Calling AppiumDriver.findElement() with args: ["id","com.Slack:id/next_button_url_entry","6c033502-fd88-4722-8b5b-92e91949d161"]
[debug] &amp#27;[35m[BaseDriver]&amp#27;[39m Valid locator strategies for this request: xpath, id, class name, accessibility id, -android uiautomator
[debug] &amp#27;[35m[BaseDriver]&amp#27;[39m Waiting up to 0 ms for condition
[debug] &amp#27;[35m[JSONWP Proxy]&amp#27;[39m Matched '/element' to command name 'findElement'
[debug] &amp#27;[35m[JSONWP Proxy]&amp#27;[39m Proxying [POST /element] to [POST http://localhost:8201/wd/hub/session/5a27c767-9791-4751-872d-2ed612cd606d/element] with body: {"strategy":"id","selector":"com.Slack:id/next_button_url_entry","context":"","multiple":false}
[debug] &amp#27;[35m[MJSONWP]&amp#27;[39m Matched JSONWP error code 7 to NoSuchElementError
&amp#27;[35m[MJSONWP]&amp#27;[39m Encountered internal error running command: NoSuchElementError: An element could not be located on the page using the given search parameters.
&amp#27;[35m[MJSONWP]&amp#27;[39m     at AndroidUiautomator2Driver.callee$0$0$&amp#27;[ (/u35msr[HTTP]&amp#27;/loca[39m &amp#27;[3l/lib/node_modules/7m<-- POSTappium //nodwd/e_modhub/sules/apessionpi/6um-andrc033oid-d502-fd88-47river22-8b5b-92e9/lib/1949d161/coelement &amp#27;[39mmands/m&amp#27;[31m500find&amp#27;[39m.js: &amp#27;75[90m22 ms - 164&amp#27;[39m
:&amp#27;[35m[11)
&amp#27;HTTP[35m[MJS]&amp#27;[39ONWPm ]&amp#27;[39&amp#27;[90m m&amp#27;[39m  
  at tryCatch (/usr/local/lib/node_modules/appium/node_modules/babel-runtime/regenerator/runtime.js:67:40)
&amp#27;[35m[MJSONWP]&amp#27;[39m     at GeneratorFunctionPrototype.invoke [as _invoke] (/usr/local/lib/node_modules/appium/node_modules/babel-runtime/regenerator/runtime.js:315:22)
&amp#27;[35m[MJSONWP]&amp#27;[39m     at GeneratorFunctionPrototype.prototype.(anonymous function) [as throw] (/usr/local/lib/node_module&amp#27;[35m[HTTP]&amp#27;[3s/appium/n9ode_modm &amp#27;[37m-ules/babel-runtime/re-gene>&amp#27;rator/[39mruntime.js:100:21)
&amp#27;[ &amp#27;[37mP35m[MJSONWP]&amp#27;[39m     at GenOST&amp#27;erat[39m or&amp#27;[37Fum/wd/hnctionPub/serotossiotyn/pe6c033502-fd8.invoke (/u8-sr/l4722-8b5b-92ocale91/l94ib/n9dod16e_1/moduelleements/a&amp#27;[3ppium/node9m
_mo&amp#27;[dules35m[/babelHTTP]-ru&amp#27;[39m &amp#27;[90m{"using":"id","value":"com.Slack:id/next_button_ntiurl_entme/ry"}&amp#27;[3regenerator/runtime.js:136:37)
9m
[debug] &amp#27;[35m[W3C]&amp#27;[39m Calling AppiumDriver.findElement() with args: ["id","com.Slack:id/next_button_url_entry","6c033502-fd88-4722-8b5b-92e91949d161"]
[debug] &amp#27;[35m[BaseDriver]&amp#27;[39m Valid locator strategies for this request: xpath, id, class name, accessibility id, -android uiautomator
[debug] &amp#27;[35m[BaseDriver]&amp#27;[39m Waiting up to 0 ms for condition
[debug] &amp#27;[35m[JSONWP Proxy]&amp#27;[39m Matched '/element' to command name 'findElement'
[debug] &amp#27;[35m[JSONWP Proxy]&amp#27;[39m Proxying [POST /element] to [POST http://localhost:8201/wd/hub/session/5a27c767-9791-4751-872d-2ed612cd606d/element] with body: {"strategy":"id","selector":"com.Slack:id/next_button_url_entry","context":"","multiple":false}
[debug] &amp#27;[35m[MJSONWP]&amp#27;[39m Matched JSONWP error code 7 to NoSuchElementError
&amp#27;[35m[MJSONWP]&amp#27;[39m Encountered internal error running command: NoSuchElementError: An element could not be located on the page using the given search parameters.
&amp#27;[35m[MJSONWP]&amp#27;[39m     at AndroidUiautomator2Dri&amp#27;[35m[HveTTP]r.callee$0$0&amp#27;[39$ (/usr/lm &amp#27;[ocal/l37mib<-- /noPOdeST /wd/_moduhules/appium/node_mb/odusessleion/6c033502-fd8s/8-app4722-8b5b-ium-92android-driver/lib/e91949commands/find.jsd1:75:1161/element)
&amp#27;[35m[MJS &amp#27;[3ONWP9m]&amp#27;[39m &amp#27;[    at tryCatch (/us31m500&amp#27;[39m &amp#27;[90m24 r/local/ms - 1lib/n64ode_modules/appiu&amp#27;[3m/node_9m
modules&amp#27;[35m[HTTP]&amp#27;/ba[3bel-runt9m &amp#27;[90mime/re&amp#27;[39m
generator/runtime.js:67:40)
&amp#27;[35m[MJSONWP]&amp#27;[39m     at GeneratorFunctionPrototype.invoke [as _invoke] (/usr/local/lib/node_modules/appium/node_modules/babel-runtime/regenerator/runtime.js:315:22)
&amp#27;[35m[MJSONWP]&amp#27;[39m     at GeneratorFunctionPrototype.prototype.(anonymous function) [as throw] (/usr/local/lib/node_modules/appium/node_modules/babel-runtime/regenerator/runtime.js:100:21)
&amp#27;[35m[MJSONWP]&amp#27;[&amp#27;[35m[39m     at HTTP]&amp#27;GeneratorF[39mun &amp#27;ct[3ion7mProt--oty>&amp#27;[39m &amp#27;[37mPOpe.iST&amp#27;[39nvokem  (/usr/l&amp#27;[ocal37/libm/wd//nhub/odsee_ssimoduonle/6c033502-s/fd8ap8-4pi72um/no2-de8b5b-92e919_mo4dules/bab9d16el-runtime/regenerator1/el/runtement&amp#27;im[3e.js9m:136
:37&amp#27;[35m[HTTP])
&amp#27;[39m &amp#27;[90m{"using":"id","value":"com.Slack:id/next_button_url_entry"}&amp#27;[39m
[debug] &amp#27;[35m[W3C]&amp#27;[39m Calling AppiumDriver.findElement() with args: ["id","com.Slack:id/next_button_url_entry","6c033502-fd88-4722-8b5b-92e91949d161"]
[debug] &amp#27;[35m[BaseDriver]&amp#27;[39m Valid locator strategies for this request: xpath, id, class name, accessibility id, -android uiautomator
[debug] &amp#27;[35m[BaseDriver]&amp#27;[39m Waiting up to 0 ms for condition
[debug] &amp#27;[35m[JSONWP Proxy]&amp#27;[39m Matched '/element' to command name 'findElement'
[debug] &amp#27;[35m[JSONWP Proxy]&amp#27;[39m Proxying [POST /element] to [POST http://localhost:8201/wd/hub/session/5a27c767-9791-4751-872d-2ed612cd606d/element] with body: {"strategy":"id","selector":"com.Slack:id/next_button_url_entry","context":"","multiple":false}
[debug] &amp#27;[35m[MJSONWP]&amp#27;[39m Matched JSONWP error code 7 to NoSuchElementError
&amp#27;[35m[MJSONWP]&amp#27;[39m Encountered internal error running command: NoSuchElementError: An element could not be located on the page using the given search parameters.
&amp#27;[35m[MJSONWP]&amp#27;[39m     at AndroidUiautomator2Driver.callee$0$0$ (/usr/local/lib/node_&amp#27;[35m[HTTP]&amp#27;[39m &amp#27;[37mmodules/a<-- POST /ppwd/hium/node_modules/appium-anub/session/6c03350droi2-fd88-d-driver4722/lib-8b5b-92e91/commands/f949din161/elemd.js:75:11ent &amp#27;[39m)
&amp#27;[35m[MJSONWP]&amp#27;&amp#27;[[39m31m500&amp#27;     at [3tryCatch 9m &amp#27;[90m20 ms - 164&amp#27;[39m
&amp#27;[35m[HTTP](/usr/local/lib/node_mo&amp#27;du[3les9m /app&amp#27;[9iu0m&amp#27;[39m
m/node_modules/babel-runtime/regenerator/runtime.js:67:40)
&amp#27;[35m[MJSONWP]&amp#27;[39m     at GeneratorFunctionPrototype.invoke [as _invoke] (/usr/local/lib/node_modules/appium/node_modules/babel-runtime/regenerator/runtime.js:315:22)
&amp#27;[35m[MJSONWP]&amp#27;[39m     at GeneratorFunctionPrototype.prototype.(anonymous function) [as throw] (/usr/local/lib/node_modules/appium/node_modules/b&amp#27;[35m[abel-ruHTntimeTP]&amp#27;[/r39egm &amp#27;[3ene7mra--to>&amp#27;[39mr/runt &amp#27;[37mPimOST&amp#27;[39e.jsm &amp#27;[37m/wd/:100hu:21b/)
se&amp#27;[35m[MJssiSONWP]on&amp#27;[/6c03350239-fm  d88-4   at GeneratorFunctionProt722-8otype.b5b-92einvok91949d161/eleme (/usr/local/libent&amp#27;[3/nod9m
e_m&amp#27;[odules/app35m[HTTP]&amp#27;[39miu &amp#27;[90m{"using":m/"inod","value":"com.Slack:id/next_button_url_entry"}&amp#27;[39m
[debugde_modules/babel-runtime/rege] &amp#27;[35m[W3C]&amp#27;nerator/run[39m Caltiling AppiumDrme.ivejsr.fi:136:37)
ndElement() with args: ["id","com.Slack:id/next_button_url_entry","6c033502-fd88-4722-8b5b-92e91949d161"]
[debug] &amp#27;[35m[BaseDriver]&amp#27;[39m Valid locator strategies for this request: xpath, id, class name, accessibility id, -android uiautomator
[debug] &amp#27;[35m[BaseDriver]&amp#27;[39m Waiting up to 0 ms for condition
[debug] &amp#27;[35m[JSONWP Proxy]&amp#27;[39m Matched '/element' to command name 'findElement'
[debug] &amp#27;[35m[JSONWP Proxy]&amp#27;[39m Proxying [POST /element] to [POST http://localhost:8201/wd/hub/session/5a27c767-9791-4751-872d-2ed612cd606d/element] with body: {"strategy":"id","selector":"com.Slack:id/next_button_url_entry","context":"","multiple":false}
[debug] &amp#27;[35m[MJSONWP]&amp#27;[39m Matched JSONWP error code 7 to NoSuchElementError
&amp#27;[35m[MJSONWP]&amp#27;[39m Encountered internal error running command: NoSuchElementError: An element could not be located on the page using the given search parameters.
&amp#27;[35m[MJSONWP]&amp#27;[39m     at AndroidUiautomator2Driver.callee$0$0&amp#27;[$ (/35usm[r/locHTTP]&amp#27;al/lib[39m/node_modules/ &amp#27;[37apm<-- POSTpi /wd/hum/noub/session/6c033de_mo502-fdulesd88-472/app2-8b5b-92e91ium-android-driver949d/lib/161command/element &amp#27;[s/find.js39:75:11)m&amp#27;
&amp#27;[35m[MJSONWP[31m500&amp#27;]&amp#27;[39m    [3 at9m &amp#27;[ t90ryCm2at0 chms - 164&amp#27;[ (39m
/usr/lo&amp#27;[35mcal/lib/node_modules[HT/aTP]&amp#27;[39m &amp#27;[90m&amp#27;ppium/n[39ode_modum
les/babel-runtime/regenerator/runtime.js:67:40)
&amp#27;[35m[MJSONWP]&amp#27;[39m     at GeneratorFunctionPrototype.invoke [as _invoke] (/usr/local/lib/node_modules/appium/node_modules/babel-runtime/regenerator/runtime.js:315:22)
&amp#27;[35m[MJSONWP]&amp#27;[39m     at GeneratorFunctionPrototype.prototype.(anonymous function) [as throw] (/&amp#27;[35m[HTTP]&amp#27;[39usm r/l&amp#27;[oc37mal/lib/no-->&amp#27;[3de_m9m &amp#27;od[3ules/appi7mPOST&amp#27;[39um/nodem _modules/bab&amp#27;[3el7m/w-runtime/red/hub/segenerator/runtission/6c03me.j35s:1002-fd88-4722-0:21)8b5b
&amp#27;[35-9m[MJS2e91949d161/eONlement&amp#27;[39mWP]&amp#27;[39m  
 &amp#27;[35  m[HTTP]&amp#27;[3at9m &amp#27;[9 G0m{"using":"id",ener"vaatorFulue":"com.Slack:id/ncnextti_buonPrototyttpe.invokon_ure (/usl_entry"}&amp#27;[39m
[debug]r/loca &amp#27;[35m[Wl/lib/no3Cde_mo]&amp#27;du[39m Calling AppiumDriver.findElement() with args: ["id","com.Slack:id/next_button_url_entry","6c033502-fd88-4722-8b5b-92e91949d161"]
[debles/appium/node_modules/babel-urug] &amp#27;[35m[Bantime/regenseDriverer]&amp#27;[39m Valid locator/rator strategies for thuntime.js:136:37)
is request: xpath, id, class name, accessibility id, -android uiautomator
[debug] &amp#27;[35m[BaseDriver]&amp#27;[39m Waiting up to 0 ms for condition
[debug] &amp#27;[35m[JSONWP Proxy]&amp#27;[39m Matched '/element' to command name 'findElement'
[debug] &amp#27;[35m[JSONWP Proxy]&amp#27;[39m Proxying [POST /element] to [POST http://localhost:8201/wd/hub/session/5a27c767-9791-4751-872d-2ed612cd606d/element] with body: {"strategy":"id","selector":"com.Slack:id/next_button_url_entry","context":"","multiple":false}
[debug] &amp#27;[35m[MJSONWP]&amp#27;[39m Matched JSONWP error code 7 to NoSuchElementError
&amp#27;[35m[MJSONWP]&amp#27;[39m Encountered internal error running command: NoSuchElementError: An element could not be located on the page using the given search parameters.
&amp#27;[35m[MJSONWP]&amp#27;[39m     &amp#27;[35m[HTatTP]&amp#27;[ A39ndroidm &amp#27;[Uiau37tomatorm<-- POS2DrivT er.cal/wd/lee$hu0$0$ (/ub/sr/locasessl/lib/noioden/6c033502-_modufd88-4les/appi722-8b5b-92e919um49d/n16ode_mod1/elemeulesnt/appium-and &amp#27;ro[39m&amp#27;[3id-d1m500&amp#27;[39mriver/lib/ &amp#27;[comm90anm21 ms ds- /fin16d.js:74&amp#27;[39m
5&amp#27;[35m:1[H1)TT
&amp#27;P]&amp#27;[[35m[M39m &amp#27;[JSONWP90m&amp#27;[39m]&amp#27;[39
m     at tryCatch (/usr/local/lib/node_modules/appium/node_modules/babel-runtime/regenerator/runtime.js:67:40)
&amp#27;[35m[MJSONWP]&amp#27;[39m     at GeneratorFunctionPrototype.invoke [as _invoke] (/usr/local/lib/node_modules/app&amp#27;[35m[HTTP]&amp#27;[39mium/nod &amp#27;e_[37mmo--du>&amp#27;le[39m &amp#27;[3s/babel-run7mtimePO/rST&amp#27;egener[39m &amp#27;[37atm/wd/hor/runubtime./sjs:315:22ession/6c)
033&amp#27;[5035m[2-fd88-4MJSONWP722-8b]&amp#27;[395b-92m     at Generatore9Fu1949d161/element&amp#27;nctionProto[39m
ty&amp#27;[35m[HTTP]&amp#27;[39mpe &amp#27;.prototyp[90e.(anonymoum{s function) "usi[ang":"s tihrow] (/d","valusuer/l":ocal/lib/n"comod.Slae_modules/appium/nodck:id/next_e_modules/babelbu-rtton_uuntime/rl_erentry"}&amp#27;[39generator/runtime.js:100:21)
&amp#27;[35m[MJSONWP]&amp#27;[39m     at GeneratorFunctim
[donebProug] &amp#27;[35m[totW3C]&amp#27;[39ype.invoke (/m Causr/local/lib/llinode_modung les/appiuAppiumm/node_modulDriver.fes/bindElabel-runemtiment() with args: e/regenerat["or/id","comruntime.j.Sls:ack:id/136:nex37)
t_button_url_entry","6c033502-fd88-4722-8b5b-92e91949d161"]
[debug] &amp#27;[35m[BaseDriver]&amp#27;[39m Valid locator strategies for this request: xpath, id, class name, accessibility id, -android uiautomator
[debug] &amp#27;[35m[BaseDriver]&amp#27;[39m Waiting up to 0 ms for condition
[debug] &amp#27;[35m[JSONWP Proxy]&amp#27;[39m Matched '/element' to command name 'findElement'
[debug] &amp#27;[35m[JSONWP Proxy]&amp#27;[39m Proxying [POST /element] to [POST http://localhost:8201/wd/hub/session/5a27c767-9791-4751-872d-2ed612cd606d/element] with body: {"strategy":"id","selector":"com.Slack:id/next_button_url_entry","context":"","multiple":false}
[debug] &amp#27;[35m[MJSONWP]&amp#27;[39m Matched JSONWP error code 7 to NoSuchElementError
&amp#27;[35m[MJSONWP]&amp#27;[39m Encountered internal error running command: NoSuchElementError: An element could not be located on the page using the given search parameters.
&amp#27;[35m[MJSONWP]&amp#27;[39m     at AndroidUiautomator2Driver.callee$0$0$ (/usr/local/lib/node_modules/appium/node_modules/appium-android-dri&amp#27;[35m[HTTP]&amp#27;ver[3/lib/com9m &amp#27;[37m<-- POST /wd/hub/session/6cman033ds/f502-fd88-4722-8ind.js:75:11)
&amp#27;b5[35b-92e9m[1949d161/element &amp#27;MJSONWP][39&amp#27;m&amp#27;[31m[39m     at try5C00&amp#27;[39mat &amp#27;[90m24 ms - 164&amp#27;[39m
c&amp#27;[35m[HTTP]&amp#27;[39h (/usr/m local/&amp#27;[90lib/node_modulm&amp#27;[es/appium39m
/node_modules/babel-runtime/regenerator/runtime.js:67:40)
&amp#27;[35m[MJSONWP]&amp#27;[39m     at GeneratorFunctionPrototype.invoke [as _invoke] (/usr/local/lib/node_modules/appium/node_modules/babel-runtime/regenerator/runtime.js:315:22)
&amp#27;[35m[MJSONWP]&amp#27;[39m     at GeneratorFunctionPrototype.prototype.(anonymous function) [as throw] (/usr/local/lib/node_modules/appium/node_modules/babel-runtime/regenerator/runtime.js:100:21)
&amp#27;[35m[MJSONWP]&amp#27;[39m     at GeneratorFunctionPrototype.invoke (/usr/local/lib/node_modules/&amp#27;[app35m[HTTP]&amp#27;[39m ium/no&amp#27;[37m--de>&amp#27;[_m39m &amp#27;[37mPOSTodules/babel-&amp#27;[39runtm &amp#27;[3ime/regenera7m/wd/htor/rubun/sessionti/6me.js:136:37)
c033502-fd88-4722-8b5b-92e91949d161/element&amp#27;[39m
&amp#27;[35m[HTTP]&amp#27;[39m &amp#27;[90m{"using":"id","value":"com.Slack:id/next_button_url_entry"}&amp#27;[39m
[debug] &amp#27;[35m[W3C]&amp#27;[39m Calling AppiumDriver.findElement() with args: ["id","com.Slack:id/next_button_url_entry","6c033502-fd88-4722-8b5b-92e91949d161"]
[debug] &amp#27;[35m[BaseDriver]&amp#27;[39m Valid locator strategies for this request: xpath, id, class name, accessibility id, -android uiautomator
[debug] &amp#27;[35m[BaseDriver]&amp#27;[39m Waiting up to 0 ms for condition
[debug] &amp#27;[35m[JSONWP Proxy]&amp#27;[39m Matched '/element' to command name 'findElement'
[debug] &amp#27;[35m[JSONWP Proxy]&amp#27;[39m Proxying [POST /element] to [POST http://localhost:8201/wd/hub/session/5a27c767-9791-4751-872d-2ed612cd606d/element] with body: {"strategy":"id","selector":"com.Slack:id/next_button_url_entry","context":"","multiple":false}
[debug] &amp#27;[35m[MJSONWP]&amp#27;[39m Matched JSONWP error code 7 to NoSuchElementError
&amp#27;[35m[MJSONWP]&amp#27;[39m Encountered internal error running command: NoSuchElementError: An element could not be located on the page using the given search parameters.
&amp#27;[35m[MJSONWP]&amp#27;[39m     at AndroidUiautomator2Driv&amp#27;[35m[Her.callee$0$T0$ (/usTP]r/&amp#27;[39m &amp#27;[37m<-- POST /wd/hub/sloession/6cal/lib/node_modulec0s/ap33502-fpium/node_md8od8-ules/app4722-8b5b-92ium-e91949d161/element &amp#27;[39man&amp#27;[31mdroid-500&amp#27;dr[39m &amp#27;[iver/li90b/commands/m25 find.jsms:75: - 111)
64&amp#27;[35&amp#27;[39m
m[&amp#27;[35m[HTTP]&amp#27;[MJSO39NWP]&amp#27;[m &amp#27;[90m&amp#27;[39m39
m     at tryCatch (/usr/local/lib/node_modules/appium/node_modules/babel-runtime/regenerator/runtime.js:67:40)
&amp#27;[35m[MJSONWP]&amp#27;[39m     at GeneratorFunctionPrototype.invoke [as _invoke] (/usr/local/lib/node_modules/appium/node_modules/babel-runtime/regenerator/runtime.js:315:22)
&amp#27;[35m[MJSONWP]&amp#27;[39m     at GeneratorFunctionPrototype.prototype.(anonymous function) [as throw] (/&amp#27;[35m[HTTP]&amp#27;[39m &amp#27;[37m-->&amp#27;[39m &amp#27;[37mPOST&amp#27;[3usr/local9m/lib &amp#27;[37m/wd/hu/node_modulb/session/6c033502-fes/d88-appium/node_4722-8b5b-92e91949d161/element&amp#27;[39m
&amp#27;[35m[HTTP]&amp#27;[39m &amp#27;[90m{"using":"id","value":"comodules/babel-runtime/regenerm.Slack:id/next_button_url_enator/rtry"}&amp#27;[39muntime.js:100:21)
&amp#27;
[debug] &amp#27;[35m[W3C]&amp#27;[39m Calling AppiumDriver.findElement() with args: [[35"id","com.Slam[MJSONWck:P]id/ne&amp#27;[xt39_butm  to   at Generaton_url_entryrF","6c033502-fd88-4722unctionProtot-8b5b-92e91949d161"]
[debug] &amp#27;[35m[BaseDriver]&amp#27;[39m Valid locator strategies for this request: xype.invoke (/upath, id, class namsr/local/lie, acb/node_modules/appium/nodcee_ssmodibiullityes/babel-runtime/ rid,egenerator/runtime.js:136:3 -and7)
roid uiautomator
[debug] &amp#27;[35m[BaseDriver]&amp#27;[39m Waiting up to 0 ms for condition
[debug] &amp#27;[35m[JSONWP Proxy]&amp#27;[39m Matched '/element' to command name 'findElement'
[debug] &amp#27;[35m[JSONWP Proxy]&amp#27;[39m Proxying [POST /element] to [POST http://localhost:8201/wd/hub/session/5a27c767-9791-4751-872d-2ed612cd606d/element] with body: {"strategy":"id","selector":"com.Slack:id/next_button_url_entry","context":"","multiple":false}
[debug] &amp#27;[35m[MJSONWP]&amp#27;[39m Matched JSONWP error code 7 to NoSuchElementError
&amp#27;[35m[MJSONWP]&amp#27;[39m Encountered internal error running command: NoSuchElementError: An element could not be located on the page using the given search parameters.
&amp#27;[35m[MJSONWP]&amp#27;[39m     at AndroidUiautomator2Driver.callee$0$0$ (/usr/local&amp#27;[/lib/n35odm[He_modTTuleP]&amp#27;[39m &amp#27;s/[37m<--appium/node_modu POST /wd/hub/sesles/appiusim-andon/6c0ro33502-fd88-472id-driver/lib/commands/find.js2-8b5b:75:11)
&amp#27;-92e9[3519m[49d161MJSONWP]&amp#27;[39m  /e  le at tryCatch (/ment &amp#27;[3us9mr/loca&amp#27;[3l/lib/node_modules1m500/ap&amp#27;[pium39m &amp#27;[90m23 ms - 164&amp#27;[/no39mde_modules/babel
-&amp#27;[35runm[HTtime/regTP]&amp#27;[39menerato &amp#27;[90r/runtime.js:67:40)m&amp#27;[
&amp#27;[3539m
m[MJSONWP]&amp#27;[39m     at GeneratorFunctionPrototype.invoke [as _invoke] (/usr/local/lib/node_modules/appium/node_modules/babel-runtime/regenerator/runtime.js:315:22)
&amp#27;[35m[MJSONWP]&amp#27;[39m     at GeneratorFunctionPrototype.prototy&amp#27;[35m[HTTP]&amp#27;[39m &amp#27;[37m-->&amp#27;[39m &amp#27;[37mPpe.(anoOnymousST&amp#27;[ functi39m &amp#27;[on37m) /wd[a/hs ub/session/6cth033502-frod88-w] 4722-8(/usrb5b-92e91/lo949d16ca1/el/lemlib/nenode_modules/appiut&amp#27;m/node_mo[39m
dule&amp#27;[3s/babel-r5m[unHTTP]&amp#27;[39mti &amp#27;me/regenera[9tor/runtim0m{"using":e.js:100"id","valu:21)
&amp#27;[35m[e":"MJSONWcom.SP]&amp#27;[39m   la  at Generack:id/ntoexrFunct_button_urltionProt_entrotype.invoke (/usr/y"}&amp#27;[39m
[delobug] &amp#27;[35m[W3C]ca&amp#27;[39l/m Calling lib/node_modulesAppiumD/appium/noriver.findde_modules/babElement() withel-runt argsime/re: ["id","com.Slack:id/next_button_url_egentnery","6c033502ra-fd88-4to722-8r/b5bru-9ntime.js:136:2e91949d16371"])

[debug] &amp#27;[35m[BaseDriver]&amp#27;[39m Valid locator strategies for this request: xpath, id, class name, accessibility id, -android uiautomator
[debug] &amp#27;[35m[BaseDriver]&amp#27;[39m Waiting up to 0 ms for condition
[debug] &amp#27;[35m[JSONWP Proxy]&amp#27;[39m Matched '/element' to command name 'findElement'
[debug] &amp#27;[35m[JSONWP Proxy]&amp#27;[39m Proxying [POST /element] to [POST http://localhost:8201/wd/hub/session/5a27c767-9791-4751-872d-2ed612cd606d/element] with body: {"strategy":"id","selector":"com.Slack:id/next_button_url_entry","context":"","multiple":false}
[debug] &amp#27;[35m[MJSONWP]&amp#27;[39m Matched JSONWP error code 7 to NoSuchElementError
&amp#27;[35m[MJSONWP]&amp#27;[39m Encountered internal error running command: NoSuchElementError: An element could not be located on the page using the given search parameters.
&amp#27;[35m[MJSONWP]&amp#27;[39m     at AndroidUiaut&amp#27;[omator35m[2Driver.calHTTP]&amp#27;[3le9m &amp#27;[37m<--e$0$0$ (/ POST /wusrd//lohucal/lib/sessb/ionode_mon/6c0dul33502-fd8es/8-4722-8appb5ium/nb-92e9194ode_9d161modules/app/elemium-android-driver/enlib/t &amp#27;[39m&amp#27;[31mcomman50ds/find.js:0&amp#27;[3975:11)
m &amp#27;[90m20 ms - 164&amp#27;[3&amp#27;[359m
m[MJSON&amp#27;[35m[HTTP]&amp#27;[39m &amp#27;[90WP]&amp#27;[m&amp#27;[3939m
m     at tryCatch (/usr/local/lib/node_modules/appium/node_modules/babel-runtime/regenerator/runtime.js:67:40)
&amp#27;[35m[MJSONWP]&amp#27;[39m     at GeneratorFunctionPrototype.invoke [as _invoke] (/usr/local/lib/node_modules/appium/node_modules/babel-runtime/&amp#27;[35m[HTTP]&amp#27;[39m &amp#27;[37m-->&amp#27;[39m &amp#27;[37mPOST&amp#27;regenera[39m &amp#27;[3tor/runtim7m/wd/e.hub/sjs:31essi5:22on/)
&amp#27;[35m[MJSO6c03NW3502P]-fd88-4&amp#27;[39m   722-8b5b-92e91949d16  at 1/GeneratorFuelement&amp#27;[nctionPr39m
ototype&amp#27;[35m[H.prototype.(anonymous funcTTP]ti&amp#27;[on) 39[as tm &amp#27;hr[90mow] ({"/usrusing"/l:"ocaid"l/lib/nod,"value":"com.Slace_mk:id/nexodt_buultton_url_enestry/app"}&amp#27;[39mium/no
[de_debug] &amp#27;[modules35m/babel-ru[W3ntime/C]&amp#27;[39m Calling AppiuregemDriver.findElemneratorent() /rwith argsun: ["id","com.Sltime.jack:s:id100:21/next_b)
utton_url_en&amp#27;[tr35my",[M"6cJS03ON3502WP]&amp#27;[39m     -fd88-4722-8at Gb5eneb-ratorFun92ctionProte91949d161"]
[debug]oty &amp#27;[35m[Basepe.Driver]&amp#27;[39m Valid locainvotor strateke (/usr/locagies fl/lor this ribequest: xp/node_modules/appatium/nodeh, id, c_modules/bablael-runss namtime/ree,ge accenessibrailittoy ir/d,runti -androime.js:d 136:uiautomator
[debug] &amp#27;[35m[BaseDriver]&amp#27;37)
[39m Waiting up to 0 ms for condition
[debug] &amp#27;[35m[JSONWP Proxy]&amp#27;[39m Matched '/element' to command name 'findElement'
[debug] &amp#27;[35m[JSONWP Proxy]&amp#27;[39m Proxying [POST /element] to [POST http://localhost:8201/wd/hub/session/5a27c767-9791-4751-872d-2ed612cd606d/element] with body: {"strategy":"id","selector":"com.Slack:id/next_button_url_entry","context":"","multiple":false}
[debug] &amp#27;[35m[MJSONWP]&amp#27;[39m Matched JSONWP error code 7 to NoSuchElementError
&amp#27;[35m[MJSONWP]&amp#27;[39m Encountered internal error running command: NoSuchElementError: An element could not be located on the page using the given search parameters.
&amp#27;[35m[MJSONWP]&amp#27;[39m     at AndroidUiautomator2Driver.callee$0$0$ (/usr/local/lib/n&amp#27;[35m[ode_moHTTP]&amp#27;[39m &amp#27;[37m<-- POdules/appST /wd/ium/node_mhub/odules/asession/6c033502-fd88-4722-8b5ppium-android-driveb-92e91949d1r/61/element &amp#27;[39m&amp#27;[31lib/cm5ommands/f00&amp#27;[39m &amp#27;[ind.js:75:11)
&amp#27;[35m[MJSONWP]&amp#27;[39m 90    at tryCatch (/usr/local/lib/node_modules/appiumm21 ms - 164&amp#27;[39m
/node_mo&amp#27;[dul35m[HTTP]&amp#27;[3es/b9m &amp#27;[90mabel-runtime&amp#27;[39m
/regenerator/runtime.js:67:40)
&amp#27;[35m[MJSONWP]&amp#27;[39m     at GeneratorFunctionPrototype.invoke [as _invoke] (/usr/local/lib/node_modules/appium/node_modules/babel-runtime/regenerator/runtime.js:315:22)
&amp#27;[35m[MJSONWP]&amp#27;[39m     at GeneratorFunctionPrototype.prototype.(anonymous function) [as throw] (/usr/local/lib/node_modules/appium/node_modules/babel-runtime/regenerator/runtime.js:100:21)
&amp#27;[35m[MJSONWP]&amp#27;[39m     at GeneratorFunctionPrototype.invoke (/usr/local/lib/node_modules/appium/node_modules/babel-runtime/regenerator/runti&amp#27;[35m[HTTP]&amp#27;[39me.js:136:37)
m &amp#27;[37m-->&amp#27;[39m &amp#27;[37mPOST&amp#27;[39m &amp#27;[37m/wd/hub/session/6c033502-fd88-4722-8b5b-92e91949d161/element&amp#27;[39m
&amp#27;[35m[HTTP]&amp#27;[39m &amp#27;[90m{"using":"id","value":"com.Slack:id/next_button_url_entry"}&amp#27;[39m
[debug] &amp#27;[35m[W3C]&amp#27;[39m Calling AppiumDriver.findElement() with args: ["id","com.Slack:id/next_button_url_entry","6c033502-fd88-4722-8b5b-92e91949d161"]
[debug] &amp#27;[35m[BaseDriver]&amp#27;[39m Valid locator strategies for this request: xpath, id, class name, accessibility id, -android uiautomator
[debug] &amp#27;[35m[BaseDriver]&amp#27;[39m Waiting up to 0 ms for condition
[debug] &amp#27;[35m[JSONWP Proxy]&amp#27;[39m Matched '/element' to command name 'findElement'
[debug] &amp#27;[35m[JSONWP Proxy]&amp#27;[39m Proxying [POST /element] to [POST http://localhost:8201/wd/hub/session/5a27c767-9791-4751-872d-2ed612cd606d/element] with body: {"strategy":"id","selector":"com.Slack:id/next_button_url_entry","context":"","multiple":false}
[debug] &amp#27;[35m[MJSONWP]&amp#27;[39m Matched JSONWP error code 7 to NoSuchElementError
&amp#27;[35m[MJSONWP]&amp#27;[39m Encountered internal error running command: NoSuchElementError: An element could not be located on the page using the given search parameters.
&amp#27;[35m[MJSONWP]&amp#27;[39m     at AndroidUiautomator2Driver.callee$0$0$ (/usr/local/lib/node_modules/appium/node_modules/&amp#27;[35m[HTTP]&amp#27;[39m &amp#27;[37m<-- POSappiuT /m-wd/hub/seandroid-dssion/ri6c033502-fd88-4722-8bver/lib/commands/find.js:75:11)
&amp#27;[35m[MJSONWP]&amp#27;[395bm    -92e91949d1 at tryCatch (/61/usr/leleocment &amp#27;[39m&amp#27;[al/l31m500&amp#27;[39m &amp#27;[90m26 ms ib/no- 164&amp#27;de_[39m
modules/appiu&amp#27;[35m[m/node_modules/babel-runtime/regenerator/runtime.jHTTPs:67:40)
&amp#27;[35m[MJSONWP]&amp#27;[39m     at Generato]&amp#27;rF[39m &amp#27;[90m&amp#27;[39munctionProto
type.invoke [as _invoke] (/usr/local/lib/node_modules/appium/node_modules/babel-runtime/regenerator/runtime.js:315:22)
&amp#27;[35m[MJSONWP]&amp#27;[39m     at GeneratorFunctionPrototype.prototype.(anonymous function) [as throw] (/usr/local/lib/node_modules/appium/node_modules/babel-runtime/regenerator/runtime.js:100:21)
&amp#27;[35m[MJSONWP]&amp#27;[39m     at GeneratorFunctionPrototype.invoke (/usr/local/lib/node_modules/appium/node_modules/babel-runtime/regenerator/runtime.js:136:37)
&amp#27;[35m[HTTP]&amp#27;[39m &amp#27;[37m-->&amp#27;[39m &amp#27;[37mPOST&amp#27;[39m &amp#27;[37m/wd/hub/session/6c033502-fd88-4722-8b5b-92e91949d161/element&amp#27;[39m
&amp#27;[35m[HTTP]&amp#27;[39m &amp#27;[90m{"using":"id","value":"com.Slack:id/next_button_url_entry"}&amp#27;[39m
[debug] &amp#27;[35m[W3C]&amp#27;[39m Calling AppiumDriver.findElement() with args: ["id","com.Slack:id/next_button_url_entry","6c033502-fd88-4722-8b5b-92e91949d161"]
[debug] &amp#27;[35m[BaseDriver]&amp#27;[39m Valid locator strategies for this request: xpath, id, class name, accessibility id, -android uiautomator
[debug] &amp#27;[35m[BaseDriver]&amp#27;[39m Waiting up to 0 ms for condition
[debug] &amp#27;[35m[JSONWP Proxy]&amp#27;[39m Matched '/element' to command name 'findElement'
[debug] &amp#27;[35m[JSONWP Proxy]&amp#27;[39m Proxying [POST /element] to [POST http://localhost:8201/wd/hub/session/5a27c767-9791-4751-872d-2ed612cd606d/element] with body: {"strategy":"id","selector":"com.Slack:id/next_button_url_entry","context":"","multiple":false}
[debug] &amp#27;[35m[MJSONWP]&amp#27;[39m Matched JSONWP error code 7 to NoSuchElementError
&amp#27;[35m[MJSONWP]&amp#27;[39m Encountered internal error running command: NoSuchElementError: An element could not be located on the page using the given search parameters.
&amp#27;[35m[MJSONWP]&amp#27;[39m     at AndroidUiautomator2Driver.callee$0$0$ (/usr/local/lib/node_modules/appium/node_modules/appium-android-driver/lib/comman&amp#27;[ds35/fm[HTTP]&amp#27;[39m &amp#27;[37m<-- ind.POST /js:wd75:11)
&amp#27;[35m[MJSONWP]&amp#27;[39m     at tryCatch (/usr/local/lib//hub/sesnode_sion/6modulc03350es/a2-fd88-4722-8bppium/nod5e_modules/babel-runtime/regb-92e91949d161/elenerator/runtime.js:67:40)
&amp#27;[ement &amp#27;[39m&amp#27;[31m500&amp#27;[39m &amp#27;[90m28 ms - 164&amp#27;[39m
3&amp#27;[35m[HTTP]&amp#27;[39m &amp#27;[90m&amp#27;5m[MJSONWP]&amp#27;[39[39m
m     at GeneratorFunctionPrototype.invoke [as _invoke] (/usr/local/lib/node_modules/appium/node_modules/babel-runtime/regenerator/runtime.js:315:22)
&amp#27;[35m[MJSONWP]&amp#27;[39m     at GeneratorFunctionPrototype.prototype.(anonymous function) [as throw] (/usr/local/lib/node_modules/appium/node_modules/babel-runtime/regenerator/runtime.js:100:21)
&amp#27;[35m[MJSONWP]&amp#27;[39m     at GeneratorFunctionProt&amp#27;[35m[HTTP]&amp#27;[39m &amp#27;[37m-->&amp#27;[39m &amp#27;ot[3ype.invoke (7m/usPOST&amp#27;[r/local/lib/nod39m e_modul&amp#27;[37m/wdes/app/hub/sesium/node_modules/babel-runtime/regenerator/sion/ru6c0ntime.33502-fd88-4722-8b5b-92e91949d161/element&amp#27;[39m
&amp#27;[3js5m[H:136TTP]&amp#27;[39m &amp#27;[90m{"using":"id","value":"com.:37)
Slack:id/next_button_url_entry"}&amp#27;[39m
[debug] &amp#27;[35m[W3C]&amp#27;[39m Calling AppiumDriver.findElement() with args: ["id","com.Slack:id/next_button_url_entry","6c033502-fd88-4722-8b5b-92e91949d161"]
[debug] &amp#27;[35m[BaseDriver]&amp#27;[39m Valid locator strategies for this request: xpath, id, class name, accessibility id, -android uiautomator
[debug] &amp#27;[35m[BaseDriver]&amp#27;[39m Waiting up to 0 ms for condition
[debug] &amp#27;[35m[JSONWP Proxy]&amp#27;[39m Matched '/element' to command name 'findElement'
[debug] &amp#27;[35m[JSONWP Proxy]&amp#27;[39m Proxying [POST /element] to [POST http://localhost:8201/wd/hub/session/5a27c767-9791-4751-872d-2ed612cd606d/element] with body: {"strategy":"id","selector":"com.Slack:id/next_button_url_entry","context":"","multiple":false}
[debug] &amp#27;[35m[MJSONWP]&amp#27;[39m Matched JSONWP error code 7 to NoSuchElementError
&amp#27;[35m[MJSONWP]&amp#27;[39m Encountered internal error running command: NoSuchElementError: An element could not be located on the page using the given search parameters.
&amp#27;[35m[MJSONWP]&amp#27;[39m     at AndroidUiautomator2Driver.callee$0$0$ (/usr/local/lib/node_modules/appium/node_modules/appium-android-d&amp#27;[35m[HTTP]river/lib/co&amp#27;[39m mm&amp#27;[an37m<-- POST /wd/hubds/find.js:75:11)
&amp#27;[3/session/6c03355m[MJSONWP]&amp#27;[02-fd88-47239m     at tryCatch (/usr/local/lib/nod2-8be_modules/appium/node_mo5bdules/ba-92e91949d16bel-runtime/regenerator/runtime.js:67:40)
&amp#27;[35m1/element &amp#27;[39m&amp#27;[31m500&amp#27;[39[Mm &amp#27;[90m19 ms JS- 164&amp#27;[39mON
WP&amp#27;[35m[HT]&amp#27;[39m     at GeneratorFunctionProtTP]&amp#27;[39m &amp#27;[otype.invoke [90m&amp#27;[39m
as _invoke] (/usr/local/lib/node_modules/appium/node_modules/babel-runtime/regenerator/runtime.js:315:22)
&amp#27;[35m[MJSONWP]&amp#27;[39m     at GeneratorFunctionPrototype.prototype.(anonymous function) [as throw] (/usr/local/lib/node_modules/appium/node_modules/babel-runtime/regenerator/runtime.js:100:21)
&amp#27;[35m[MJSONWP]&amp#27;[39m     &amp#27;[35m[HTTP]&amp#27;[at GeneratorFunctionPrototype.invoke (/usr/local/39m &amp#27;[37m-->&amp#27;[39m &amp#27;[37mPOST&amp#27;[39m &amp#27;[37m/wd/lib/node_modules/hub/sesappsion/6c033502-fd88-4722-8b5b-92e91949d161/element&amp#27;[39m
iu&amp#27;[35m[HTTP]&amp#27;[39m &amp#27;[90m{"m/using":"id","value":"node_modules/babel-rucom.Slack:id/next_button_url_entry"}&amp#27;[39m
[debug] &amp#27;[35mnti[W3C]&amp#27;[39m Calling AppiumDmeri/regeneverator/runtime.js:136:37)
r.findElement() with args: ["id","com.Slack:id/next_button_url_entry","6c033502-fd88-4722-8b5b-92e91949d161"]
[debug] &amp#27;[35m[BaseDriver]&amp#27;[39m Valid locator strategies for this request: xpath, id, class name, accessibility id, -android uiautomator
[debug] &amp#27;[35m[BaseDriver]&amp#27;[39m Waiting up to 0 ms for condition
[debug] &amp#27;[35m[JSONWP Proxy]&amp#27;[39m Matched '/element' to command name 'findElement'
[debug] &amp#27;[35m[JSONWP Proxy]&amp#27;[39m Proxying [POST /element] to [POST http://localhost:8201/wd/hub/session/5a27c767-9791-4751-872d-2ed612cd606d/element] with body: {"strategy":"id","selector":"com.Slack:id/next_button_url_entry","context":"","multiple":false}
[debug] &amp#27;[35m[MJSONWP]&amp#27;[39m Matched JSONWP error code 7 to NoSuchElementError
&amp#27;[35m[MJSONWP]&amp#27;[39m Encountered internal error running command: NoSuchElementError: An element could not be located on the page using the given search parameters.
&amp#27;[35m[MJSONWP]&amp#27;[39m     at AndroidUiautomator2Driver.callee$0$0$ (/usr/local/lib/node_modules/appium/node_modules/a&amp#27;[35m[ppium-aHTTPndroi]&amp#27;[39md-dri &amp#27;[37m<-- POSTve /wd/hr/libub/session/6c033502-fd88-4722-8/cb5b-92e91949d161/elemommanentds/fi &amp#27;[39m&amp#27;[31m500&amp#27;[39m nd.j&amp#27;[s:75:11)
&amp#27;[90m24 ms 35m- 164&amp#27;[39m
[MJ&amp#27;[SO35NWP]&amp#27;[39m[HTTP]&amp#27;[m     a39m &amp#27;[t tryCatch (/usr/local/lib/nod90m&amp#27;[39e_modm
ules/appium/node_modules/babel-runtime/regenerator/runtime.js:67:40)
&amp#27;[35m[MJSONWP]&amp#27;[39m     at GeneratorFunctionPrototype.invoke [as _invoke] (/usr/local/lib/node_modules/appium/node_modules/babel-runtime/regenerator/runtime.js:315:22)
&amp#27;[35m[MJSONWP]&amp#27;[39m     at GeneratorFunctionPrototype.prototype.(anonymous function) [as throw] (/usr/local/lib/node_modules/appium/node_modules/babel-runtime/regenerator/runtime.js:100:21)
&amp#27;[35m[MJSONWP]&amp#27;[39m     at GeneratorFunctionPrototype.invoke (/usr/local/lib/node_modules/appium/node_modules/babel-runtime/regenerator/runtime.js:136:37)
&amp#27;[35m[HTTP]&amp#27;[39m &amp#27;[37m-->&amp#27;[39m &amp#27;[37mPOST&amp#27;[39m &amp#27;[37m/wd/hub/session/6c033502-fd88-4722-8b5b-92e91949d161/element&amp#27;[39m
&amp#27;[35m[HTTP]&amp#27;[39m &amp#27;[90m{"using":"id","value":"com.Slack:id/next_button_url_entry"}&amp#27;[39m
[debug] &amp#27;[35m[W3C]&amp#27;[39m Calling AppiumDriver.findElement() with args: ["id","com.Slack:id/next_button_url_entry","6c033502-fd88-4722-8b5b-92e91949d161"]
[debug] &amp#27;[35m[BaseDriver]&amp#27;[39m Valid locator strategies for this request: xpath, id, class name, accessibility id, -android uiautomator
[debug] &amp#27;[35m[BaseDriver]&amp#27;[39m Waiting up to 0 ms for condition
[debug] &amp#27;[35m[JSONWP Proxy]&amp#27;[39m Matched '/element' to command name 'findElement'
[debug] &amp#27;[35m[JSONWP Proxy]&amp#27;[39m Proxying [POST /element] to [POST http://localhost:8201/wd/hub/session/5a27c767-9791-4751-872d-2ed612cd606d/element] with body: {"strategy":"id","selector":"com.Slack:id/next_button_url_entry","context":"","multiple":false}
[debug] &amp#27;[35m[MJSONWP]&amp#27;[39m Matched JSONWP error code 7 to NoSuchElementError
&amp#27;[35m[MJSONWP]&amp#27;[39m Encountered internal error running command: NoSuchElementError: An element could not be located on the page using the given search parameters.
&amp#27;[35m[MJSONWP]&amp#27;[39m     at AndroidUiautomator2&amp#27;[35m[HTTP]&amp#27;[39m &amp#27;[37mDriver.callee$0$0$ (/usr/local/lib/node_modules/appium/node_modules/app<-ium-- POSanT /wd/hudroid-b/driver/lisession/b/c6c033omma502-fnds/find.d88-4722-8b5b-92e91949d1js:7615:11)
&amp#27;[35m[MJSONWP]&amp#27;[39m     at tryCatch (/usr/local/lib/node_modules/appium/node_modules/babel-/eleruntime/regenerator/runtime.js:67:40)
ment &amp#27;[39m&amp#27;[&amp#27;[31m35m[MJSON500&amp#27;[3WP]&amp#27;[39m     at GeneratorFu9m &amp#27;[90m21 ms - 164&amp#27;nc[39m
tion&amp#27;[Pr35ototypm[HTTP]&amp#27;[39m &amp#27;[9e.invoke [0m&amp#27;as[3 _9min
voke] (/usr/local/lib/node_modules/appium/node_modules/babel-runtime/regenerator/runtime.js:315:22)
&amp#27;[35m[MJSONWP]&amp#27;[39m     at GeneratorFunctionPrototype.prototype.(anonymous function) [as throw] (/usr/local/lib/node_modules/appium/node_modules/babe&amp#27;[35m[l-rHTTP]&amp#27;[39m untime/regenerator/runti&amp#27;[me.js:100:237m-->1)
&amp#27;[35&amp#27;[39m &amp#27;[37mPOST&amp#27;[39m[m &amp#27;[37m/wd/hub/session/6c033502-fd88-MJSONW4722-8b5b-92e919P]49d161/ele&amp#27;[3ment&amp#27;9m   [39m  at 
GeneratorFu&amp#27;[35m[HnctionTTP]&amp#27;[39m &amp#27;[90m{"usiProngtotype.invoke (/usr/loc":"id","val/libalue":"co/node_modm.Slack:id/nules/appium/noext_button_url_de_modentules/barybel-runtime/regenerator/runtime"}&amp#27;[39m
[debug] &amp#27;[35m[W3C]&amp#27;[39m Calling.js:136:37)
 AppiumDriver.findElement() with args: ["id","com.Slack:id/next_button_url_entry","6c033502-fd88-4722-8b5b-92e91949d161"]
[debug] &amp#27;[35m[BaseDriver]&amp#27;[39m Valid locator strategies for this request: xpath, id, class name, accessibility id, -android uiautomator
[debug] &amp#27;[35m[BaseDriver]&amp#27;[39m Waiting up to 0 ms for condition
[debug] &amp#27;[35m[JSONWP Proxy]&amp#27;[39m Matched '/element' to command name 'findElement'
[debug] &amp#27;[35m[JSONWP Proxy]&amp#27;[39m Proxying [POST /element] to [POST http://localhost:8201/wd/hub/session/5a27c767-9791-4751-872d-2ed612cd606d/element] with body: {"strategy":"id","selector":"com.Slack:id/next_button_url_entry","context":"","multiple":false}
[debug] &amp#27;[35m[MJSONWP]&amp#27;[39m Matched JSONWP error code 7 to NoSuchElementError
&amp#27;[35m[MJSONWP]&amp#27;[39m Encountered internal error running command: NoSuchElementError: An element could not be located on the page using the given search parameters.
&amp#27;[35m[MJSONWP]&amp#27;[39m     at AndroidUiautomator2Driver.callee$0$0$ (/usr/local/lib/node_modules/appium&amp#27;[/node35_modm[HTulTPes/app]&amp#27;ium-android-driver/lib/commands/find.js:75:11)
[3&amp#27;[35m[MJSON9m &amp#27;[37m<-- POSWP]T /wd/hub/ses&amp#27;[39m sion/6c033502-fd88  -472  at2-8 tb5ryCatch (/usr/b-92e919loc49al/lib/node_modulesd161/element &amp#27;[39m&amp#27;[31m500&amp#27;[39m &amp#27;[90m24 ms - 164&amp#27;[39m
&amp#27;[35m[HTTP]&amp#27;[39m &amp#27;[90m&amp#27;[39m
/appium/node_modules/babel-runtime/regenerator/runtime.js:67:40)
&amp#27;[35m[MJSONWP]&amp#27;[39m     at GeneratorFunctionPrototype.invoke [as _invoke] (/usr/local/lib/node_modules/appium/node_modules/babel-runtime/regenerator/runtime.js:315:22)
&amp#27;[35m[MJSONWP]&amp#27;[39m     at GeneratorFunctionPrototype.prototype.(anonymous function) [as throw] (/usr/local/lib/node_modules/appium/node_modules/babel-runtime/regenerator/runtime.js:100:21)
&amp#27;[35m[MJSONWP]&amp#27;[39m     at GeneratorF&amp#27;[35munctionPrototype.invoke (/usr/local/lib/node_modules/appium/node_modules/babel-runtime/regenerator/runtime.js:136:37)
[HTTP]&amp#27;[39m &amp#27;[37m-->&amp#27;[39m &amp#27;[37mPOST&amp#27;[39m &amp#27;[37m/wd/hub/session/6c033502-fd88-4722-8b5b-92e91949d161/element&amp#27;[39m
&amp#27;[35m[HTTP]&amp#27;[39m &amp#27;[90m{"using":"id","value":"com.Slack:id/next_button_url_entry"}&amp#27;[39m
[debug] &amp#27;[35m[W3C]&amp#27;[39m Calling AppiumDriver.findElement() with args: ["id","com.Slack:id/next_button_url_entry","6c033502-fd88-4722-8b5b-92e91949d161"]
[debug] &amp#27;[35m[BaseDriver]&amp#27;[39m Valid locator strategies for this request: xpath, id, class name, accessibility id, -android uiautomator
[debug] &amp#27;[35m[BaseDriver]&amp#27;[39m Waiting up to 0 ms for condition
[debug] &amp#27;[35m[JSONWP Proxy]&amp#27;[39m Matched '/element' to command name 'findElement'
[debug] &amp#27;[35m[JSONWP Proxy]&amp#27;[39m Proxying [POST /element] to [POST http://localhost:8201/wd/hub/session/5a27c767-9791-4751-872d-2ed612cd606d/element] with body: {"strategy":"id","selector":"com.Slack:id/next_button_url_entry","context":"","multiple":false}
[debug] &amp#27;[35m[MJSONWP]&amp#27;[39m Matched JSONWP error code 7 to NoSuchElementError
&amp#27;[35m[MJSONWP]&amp#27;[39m Encountered internal error running command: NoSuchElementError: An element could not be located on the page using the given search parameters.
&amp#27;[35m[MJSONWP]&amp#27;[39m     at AndroidUiautomator2Driver.callee$0$0$ (/usr/local/lib/node_modules/appium/node_modules/appium-android-driver/lib/commands/find.js:75:11)
&amp#27;[35m[MJSONWP]&amp#27;[39m     at tryCatch (/usr/local/lib/node_modules/appium/node_modules/babel-runtime/regenerator/runtime.js:67:40)
&amp#27;[35m[MJSONWP]&amp#27;[39m     at GeneratorFunctionP&amp#27;[ro35m[HtotypTTP]e.invoke &amp#27;[39m &amp#27;[3[as 7m_i<--nvok Pe]OST /wd/hub/ (/usr/local/sessionli/6b/noc033502-fded88-4722-8b5b-9_modules/appium/node_modules/babel-runtime/regenerator/runtime.js:315:22)
&amp#27;[35m[MJSONWP]&amp#27;[39m     at GeneratorFunctionPrototype.prototype.(anonymous fun2e91949ction) [ad161/element &amp#27;[3s th9m&amp#27;[31mro50w] (/usr/local/lib/node_modules/appium/node_modules/babel-runtime/regenerator/runtime.js:100:21)
&amp#27;[35m[MJSONWP]&amp#27;[39m     at GeneratorFunctionPrototype.invoke (/usr/local/lib/node_modules/appium/node_modules/babel-runtime/regen0&amp#27;[3era9m &amp#27;tor/runtime.js:136[90m:37)
21 ms - 164&amp#27;[39m
&amp#27;[35m[HTTP]&amp#27;[39m &amp#27;[90m&amp#27;[39m
&amp#27;[35m[HTTP]&amp#27;[39m &amp#27;[37m-->&amp#27;[39m &amp#27;[37mPOST&amp#27;[39m &amp#27;[37m/wd/hub/session/6c033502-fd88-4722-8b5b-92e91949d161/element&amp#27;[39m
&amp#27;[35m[HTTP]&amp#27;[39m &amp#27;[90m{"using":"id","value":"com.Slack:id/next_button_url_entry"}&amp#27;[39m
[debug] &amp#27;[35m[W3C]&amp#27;[39m Calling AppiumDriver.findElement() with args: ["id","com.Slack:id/next_button_url_entry","6c033502-fd88-4722-8b5b-92e91949d161"]
[debug] &amp#27;[35m[BaseDriver]&amp#27;[39m Valid locator strategies for this request: xpath, id, class name, accessibility id, -android uiautomator
[debug] &amp#27;[35m[BaseDriver]&amp#27;[39m Waiting up to 0 ms for condition
[debug] &amp#27;[35m[JSONWP Proxy]&amp#27;[39m Matched '/element' to command name 'findElement'
[debug] &amp#27;[35m[JSONWP Proxy]&amp#27;[39m Proxying [POST /element] to [POST http://localhost:8201/wd/hub/session/5a27c767-9791-4751-872d-2ed612cd606d/element] with body: {"strategy":"id","selector":"com.Slack:id/next_button_url_entry","context":"","multiple":false}
[debug] &amp#27;[35m[MJSONWP]&amp#27;[39m Matched JSONWP error code 7 to NoSuchElementError
&amp#27;[35m[MJSONWP]&amp#27;[39m Encountered internal error running command: NoSuchElementError: An element could not be located on the page using the given search parameters.
&amp#27;[35m[MJSONWP]&amp#27;[39m     at AndroidUiautomator2Driver.callee$0$0$ (/usr/local/lib/node_modules/appium/node_modules/appium-andro&amp#27;[35id-drm[HTTP]&amp#27;[39m &amp#27;[3iver/lib/comm7m<-- POST /wdan/hubds//sefind.js:75:11)
&amp#27;[35m[MJSONWP]&amp#27;[39m     at tryCasstch ion/6c03(/usr/loc3502-fd88-4722-8al/lib/node_b5b-92e9194modules9d/a161ppium/node_modules//elementbabel-runtime/regenerator/runtime.js:67:40)
&amp#27;[35m[MJSON &amp#27;[39m&amp#27;[31m500&amp#27;WP]&amp#27;[39m     at G[39m &amp#27;[90menera23 msto -rF unct164&amp#27;ionProt[39m
oty&amp#27;[pe.invo35kem[ [as _iHTnvokTPe] ]&amp#27;[39m &amp#27;[90m&amp#27;[39m
(/usr/local/lib/node_modules/appium/node_modules/babel-runtime/regenerator/runtime.js:315:22)
&amp#27;[35m[MJSONWP]&amp#27;[39m     at GeneratorFunctionPrototype.prototype.(anonymous function) [as throw] (/usr/local/lib/node_modules/appium/node_modules/babel-runtime/regenerator/runtime.js:100:21)
&amp#27;[35m[MJSONWP]&amp#27;[39m     at GeneratorFunctionProtot&amp#27;[35ype.m[invoke (HTTP]&amp#27;[/usr/local/lib/no39m de_mod&amp#27;[3ules/7m-->&amp#27;[3ap9m &amp#27;[37mPOSpium/node_modulT&amp#27;[39mes/bab &amp#27;[3el7m/wd/h-runtimub/se/regenesserator/runtiion/me.js:136:37)6c
033502-fd88-4722-8b5b-92e91949d161/element&amp#27;[39m
&amp#27;[35m[HTTP]&amp#27;[39m &amp#27;[90m{"using":"id","value":"com.Slack:id/next_button_url_entry"}&amp#27;[39m
[debug] &amp#27;[35m[W3C]&amp#27;[39m Calling AppiumDriver.findElement() with args: ["id","com.Slack:id/next_button_url_entry","6c033502-fd88-4722-8b5b-92e91949d161"]
[debug] &amp#27;[35m[BaseDriver]&amp#27;[39m Valid locator strategies for this request: xpath, id, class name, accessibility id, -android uiautomator
[debug] &amp#27;[35m[BaseDriver]&amp#27;[39m Waiting up to 0 ms for condition
[debug] &amp#27;[35m[JSONWP Proxy]&amp#27;[39m Matched '/element' to command name 'findElement'
[debug] &amp#27;[35m[JSONWP Proxy]&amp#27;[39m Proxying [POST /element] to [POST http://localhost:8201/wd/hub/session/5a27c767-9791-4751-872d-2ed612cd606d/element] with body: {"strategy":"id","selector":"com.Slack:id/next_button_url_entry","context":"","multiple":false}
[debug] &amp#27;[35m[MJSONWP]&amp#27;[39m Matched JSONWP error code 7 to NoSuchElementError
&amp#27;[35m[MJSONWP]&amp#27;[39m Encountered internal error running command: NoSuchElementError: An element could not be located on the page using the given search parameters.
&amp#27;[35m[MJSONWP]&amp#27;[39m     at AndroidUiautomator2Driver.callee$0$0$ (/usr/local/lib/node_modules/appium/node_modu&amp#27;[35m[HTTPles]&amp#27;[39/apm &amp#27;pium-android[37m<-- -dPOST /wd/hub/session/6c033502-fd88-47river/lib/comm22-ands/find.js:75:11)
&amp#27;[35m[MJSONWP]&amp#27;[39m     at tryCatch (/usr/local/lib/node_mod8b5b-ules/a92e919pp49ium/nd16od1/eleme_modulenes/babel-runtime/regenerator/runtime.js:67:40t &amp#27;[39m&amp#27;[31m500&amp#27;[39m &amp#27;[90m22 ms - 164&amp#27;[39m
&amp#27;[35m[HTTP]&amp#27;[39m &amp#27;[90m&amp#27;[39m
)
&amp#27;[35m[MJSONWP]&amp#27;[39m     at GeneratorFunctionPrototype.invoke [as _invoke] (/usr/local/lib/node_modules/appium/node_modules/babel-runtime/regenerator/runtime.js:315:22)
&amp#27;[35m[MJSONWP]&amp#27;[39m     at GeneratorFunctionPrototype.prototype.(anonymous function) [as throw] (/usr/local/lib/node_modules/appium/node_modules/babel-runtime/regenerator/runtime.js:100:21)
&amp#27;[35m[MJSONWP]&amp#27;[39m     at GeneratorFunctionPrototype.invoke (/usr/local/lib/node_modules/ap&amp#27;[35mpium/[HTTP]&amp#27;[39mnode_ &amp#27;[37m-mo->&amp#27;[3dules9m/bab &amp#27;[37mPel-runtimeOS/regenT&amp#27;[39m &amp#27;[37m/werator/d/hruubntime.js:136:/se37)
ssion/6c033502-fd88-4722-8b5b-92e91949d161/element&amp#27;[39m
&amp#27;[35m[HTTP]&amp#27;[39m &amp#27;[90m{"using":"id","value":"com.Slack:id/next_button_url_entry"}&amp#27;[39m
[debug] &amp#27;[35m[W3C]&amp#27;[39m Calling AppiumDriver.findElement() with args: ["id","com.Slack:id/next_button_url_entry","6c033502-fd88-4722-8b5b-92e91949d161"]
[debug] &amp#27;[35m[BaseDriver]&amp#27;[39m Valid locator strategies for this request: xpath, id, class name, accessibility id, -android uiautomator
[debug] &amp#27;[35m[BaseDriver]&amp#27;[39m Waiting up to 0 ms for condition
[debug] &amp#27;[35m[JSONWP Proxy]&amp#27;[39m Matched '/element' to command name 'findElement'
[debug] &amp#27;[35m[JSONWP Proxy]&amp#27;[39m Proxying [POST /element] to [POST http://localhost:8201/wd/hub/session/5a27c767-9791-4751-872d-2ed612cd606d/element] with body: {"strategy":"id","selector":"com.Slack:id/next_button_url_entry","context":"","multiple":false}
[debug] &amp#27;[35m[MJSONWP]&amp#27;[39m Matched JSONWP error code 7 to NoSuchElementError
&amp#27;[35m[MJSONWP]&amp#27;[39m Encountered internal error running command: NoSuchElementError: An element could not be located on the page using the given search parameters.
&amp#27;[35m[MJSONWP]&amp#27;[39m     at AndroidUiautomator2Driver.callee$0$0$ (/usr/local/lib/node_modules/appium/node_modules/appium-android-driver/lib/commands/find.js:75&amp#27;[:1351)
&amp#27;[m[35mHT[MJSONWP]&amp#27;[3TP]&amp#27;[39m 9m&amp#27;[  37m<-- P  OST / at tryCatcwh (/usr/local/lib/node_modud/hleub/s/appseium/ssion/6c033502-fd88-node_modu4722-8b5les/babelb-92e91949d161-r/euntilemme/regeneent &amp#27;[39m&amp#27;rator/runtime.js:67:40)
&amp#27;[3[31m500&amp#27;[395m[Mm JS&amp#27;[ONWP]&amp#27;[390m19 m9m     at Gs -en 1eratorFu64&amp#27;[nc39m
t&amp#27;[35mio[HTTP]&amp#27;[nPrototype.invo39kem &amp#27;[90m&amp#27;[3 [as _invoke] (/usr9m/local/l
ib/node_modules/appium/node_modules/babel-runtime/regenerator/runtime.js:315:22)
&amp#27;[35m[MJSONWP]&amp#27;[39m     at GeneratorFunctionPrototype.prototype.(anonymous function) [as throw] (/usr/local/lib/node_modules/appium/node_modules/babel-runtime/regenerator/runtime.js:100:21)
&amp#27;[35m[MJSONWP]&amp#27;[39m     at GeneratorFunctionPrototype.invoke (/&amp#27;[35usr/local/lib/node_modules/appium/node_modm[HTTP]&amp#27;[39m &amp#27;[3ules/babel-runtime/regenera7mto-->&amp#27;r/runt[39m &amp#27;[37mPOST&amp#27;[im39m &amp#27;[37m/wd/hub/session/6c0e.3350js:12-36:37)
fd88-4722-8b5b-92e91949d161/element&amp#27;[39m
&amp#27;[35m[HTTP]&amp#27;[39m &amp#27;[90m{"using":"id","value":"com.Slack:id/next_button_url_entry"}&amp#27;[39m
[debug] &amp#27;[35m[W3C]&amp#27;[39m Calling AppiumDriver.findElement() with args: ["id","com.Slack:id/next_button_url_entry","6c033502-fd88-4722-8b5b-92e91949d161"]
[debug] &amp#27;[35m[BaseDriver]&amp#27;[39m Valid locator strategies for this request: xpath, id, class name, accessibility id, -android uiautomator
[debug] &amp#27;[35m[BaseDriver]&amp#27;[39m Waiting up to 0 ms for condition
[debug] &amp#27;[35m[JSONWP Proxy]&amp#27;[39m Matched '/element' to command name 'findElement'
[debug] &amp#27;[35m[JSONWP Proxy]&amp#27;[39m Proxying [POST /element] to [POST http://localhost:8201/wd/hub/session/5a27c767-9791-4751-872d-2ed612cd606d/element] with body: {"strategy":"id","selector":"com.Slack:id/next_button_url_entry","context":"","multiple":false}
[debug] &amp#27;[35m[MJSONWP]&amp#27;[39m Matched JSONWP error code 7 to NoSuchElementError
&amp#27;[35m[MJSONWP]&amp#27;[39m Encountered internal error running command: NoSuchElementError: An element could not be located on the page using the given search parameters.
&amp#27;[35m[MJSONWP]&amp#27;[39m     at AndroidUiautomator2Driver.callee$0$0$ (/usr/local/lib/node&amp#27;[_mod35ulm[HTes/TP]&amp#27;[app39ium/nm &amp#27;[37m<-- ode_mPOodulST /wd/eshub/ses/asionpp/6ium-c033502-fd88-47android-22-8b5b-92e919driver49d161/lib//ecommands/findle.js:75ment :11)
&amp#27;[&amp#27;[39m&amp#27;[31m53500&amp#27;[39m &amp#27;[90m2m1 ms - 16[MJSONWP]&amp#27;[4&amp#27;[3939m
m    &amp#27;[35m at tryC[HTTP]&amp#27;[39m &amp#27;[90m&amp#27;[3atc9m
h (/usr/local/lib/node_modules/appium/node_modules/babel-runtime/regenerator/runtime.js:67:40)
&amp#27;[35m[MJSONWP]&amp#27;[39m     at GeneratorFunctionPrototype.invoke [as _invoke] (/usr/local/lib/node_modules/appium/node_modules/babel-runtime/regenerator/runtime.js:315:22)
&amp#27;[35m[MJSONWP]&amp#27;[39m     at GeneratorFunctionPrototype.prototype.(anonymous function) [as throw] (/usr/local/lib/node_modules/appium/node_modules/babel-runtime/&amp#27;[35m[Hregenerator/runtime.js:TTP]&amp#27;[39m &amp#27;[100:21)
&amp#27;[3537m-->&amp#27;m[MJSONWP][39m&amp#27;[3 &amp#27;[37mPOST&amp#27;[39m9m &amp#27;[     at Ge37m/neratorFwd/unchubti/sessiononPro/6c033502-ftotd88-4722-8bype.in5b-92e91949dvoke 16(/1/eleusr/local/ment&amp#27;[39mli
b/no&amp#27;[3de_modules/ap5m[HTTpiP]&amp#27;[um/no39m &amp#27;de[90m{"_musiodng":"iulesd","value":/ba"com.Sbel-rulack:id/next_bntutimtoe/n_urlrege_entry"ne}&amp#27;[39m
[debug] &amp#27;[35m[W3C]&amp#27;rator[3/runt9mime.js Calling AppiumDriver.findE:136:lement() wit37)
h args: ["id","com.Slack:id/next_button_url_entry","6c033502-fd88-4722-8b5b-92e91949d161"]
[debug] &amp#27;[35m[BaseDriver]&amp#27;[39m Valid locator strategies for this request: xpath, id, class name, accessibility id, -android uiautomator
[debug] &amp#27;[35m[BaseDriver]&amp#27;[39m Waiting up to 0 ms for condition
[debug] &amp#27;[35m[JSONWP Proxy]&amp#27;[39m Matched '/element' to command name 'findElement'
[debug] &amp#27;[35m[JSONWP Proxy]&amp#27;[39m Proxying [POST /element] to [POST http://localhost:8201/wd/hub/session/5a27c767-9791-4751-872d-2ed612cd606d/element] with body: {"strategy":"id","selector":"com.Slack:id/next_button_url_entry","context":"","multiple":false}
[debug] &amp#27;[35m[MJSONWP]&amp#27;[39m Matched JSONWP error code 7 to NoSuchElementError
&amp#27;[35m[MJSONWP]&amp#27;[39m Encountered internal error running command: NoSuchElementError: An element could not be located on the page using the given search parameters.
&amp#27;[35m[MJSONWP]&amp#27;[39m     at AndroidUiautomator2Driver.callee$0$0$ (/usr/local/lib/node_modules/appium/node&amp#27;[35_modulem[HTs/apTP]&amp#27;[39pium &amp#27;[3m-android-driver/7m<-- POST /wd/hub/sesslib/coion/6mmands/fc0335ind.js:7025:11)
&amp#27;[35m[MJSONWP]&amp#27;[39m   -fd  at tryCatc88-4722-8b5b-92e91949h (/usr/local/lib/noded1_m61/element &amp#27;[39m&amp#27;[31m500&amp#27;[39m &amp#27;odules[90m1/a9 ms - 164&amp#27;[ppi39um/nom
&amp#27;[35m[HdeTTP]&amp#27;[3_9mmodule &amp#27;[90m&amp#27;[39ms/babel-runtime/r
egenerator/runtime.js:67:40)
&amp#27;[35m[MJSONWP]&amp#27;[39m     at GeneratorFunctionPrototype.invoke [as _invoke] (/usr/local/lib/node_modules/appium/node_modules/babel-runtime/regenerator/runtime.js:315:22)
&amp#27;[35m[MJSONWP]&amp#27;[39m     at GeneratorFunctionPrototype.prototype.(anonymous function) [as throw] (/usr/local/lib/node_modules/appium/node_modules/babel-runtime/regenerator/runtime.js:100:21)
&amp#27;[35m[MJSONWP]&amp#27;[39m     at GeneratorFunctionPrototy&amp#27;[35pe.invom[HTTP]&amp#27;[39m &amp#27;[37m-->&amp#27;[39m ke (/usr/local&amp#27;[37m/lPOST&amp#27;ib/nod[39m &amp#27;[37m/e_mwdodule/hubs/app/sessionium/node_modul/6c033502-fd88-4722es/b-8b5b-9abel-r2e91949d161unt/elemimeent/regenerator/runtime.js:1&amp#27;[39m
3&amp#27;[6:37)
35m[HTTP]&amp#27;[39m &amp#27;[90m{"using":"id","value":"com.Slack:id/next_button_url_entry"}&amp#27;[39m
[debug] &amp#27;[35m[W3C]&amp#27;[39m Calling AppiumDriver.findElement() with args: ["id","com.Slack:id/next_button_url_entry","6c033502-fd88-4722-8b5b-92e91949d161"]
[debug] &amp#27;[35m[BaseDriver]&amp#27;[39m Valid locator strategies for this request: xpath, id, class name, accessibility id, -android uiautomator
[debug] &amp#27;[35m[BaseDriver]&amp#27;[39m Waiting up to 0 ms for condition
[debug] &amp#27;[35m[JSONWP Proxy]&amp#27;[39m Matched '/element' to command name 'findElement'
[debug] &amp#27;[35m[JSONWP Proxy]&amp#27;[39m Proxying [POST /element] to [POST http://localhost:8201/wd/hub/session/5a27c767-9791-4751-872d-2ed612cd606d/element] with body: {"strategy":"id","selector":"com.Slack:id/next_button_url_entry","context":"","multiple":false}
[debug] &amp#27;[35m[MJSONWP]&amp#27;[39m Matched JSONWP error code 7 to NoSuchElementError
&amp#27;[35m[MJSONWP]&amp#27;[39m Encountered internal error running command: NoSuchElementError: An element could not be located on the page using the given search parameters.
&amp#27;[35m[MJSONWP]&amp#27;[39m     at AndroidUiautomator2Driver.callee$0$0$ (/usr/loca&amp#27;[35m[HTTP]&amp#27;[39m &amp#27;[37m<-- POST /wd/hub/sessiol/lib/node_mn/odules/appiu6cm/node_modul033502-fd88-4es/ap722-8b5pium-androib-9d-driver/lib/commands/find.js:752e9:11949d1)
&amp#27;[161/elem35m[MJSONWP]&amp#27;[39men  t &amp#27;[39m&amp#27;[31m500&amp#27;[39m &amp#27;[90m19 ms - 1  64&amp#27;[3 a9m
t &amp#27;[35m[HTTP]&amp#27;[39m &amp#27;[90m&amp#27;[39m
tryCatch (/usr/local/lib/node_modules/appium/node_modules/babel-runtime/regenerator/runtime.js:67:40)
&amp#27;[35m[MJSONWP]&amp#27;[39m     at GeneratorFunctionPrototype.invoke [as _invoke] (/usr/local/lib/node_modules/appium/node_modules/babel-runtime/regenerator/runtime.js:315:22)
&amp#27;[35m[MJSONWP]&amp#27;[39m     at GeneratorFunctionPrototype.prototype.(anonymous function) [as throw] (/usr/local/lib/node_modules/appium/node_modules/babel-runtime/regenerator/runtime.js:100:21)
&amp#27;[35m[MJSONWP]&amp#27;[39m     at GeneratorFunctionPrototype.invoke (/usr/local/lib/node_modules/appium/node_modules/babel-runtime/regenerator/runtime.js:136:37)
&amp#27;[35m[HTTP]&amp#27;[39m &amp#27;[37m-->&amp#27;[39m &amp#27;[37mPOST&amp#27;[39m &amp#27;[37m/wd/hub/session/6c033502-fd88-4722-8b5b-92e91949d161/element&amp#27;[39m
&amp#27;[35m[HTTP]&amp#27;[39m &amp#27;[90m{"using":"id","value":"com.Slack:id/next_button_url_entry"}&amp#27;[39m
[debug] &amp#27;[35m[W3C]&amp#27;[39m Calling AppiumDriver.findElement() with args: ["id","com.Slack:id/next_button_url_entry","6c033502-fd88-4722-8b5b-92e91949d161"]
[debug] &amp#27;[35m[BaseDriver]&amp#27;[39m Valid locator strategies for this request: xpath, id, class name, accessibility id, -android uiautomator
[debug] &amp#27;[35m[BaseDriver]&amp#27;[39m Waiting up to 0 ms for condition
[debug] &amp#27;[35m[JSONWP Proxy]&amp#27;[39m Matched '/element' to command name 'findElement'
[debug] &amp#27;[35m[JSONWP Proxy]&amp#27;[39m Proxying [POST /element] to [POST http://localhost:8201/wd/hub/session/5a27c767-9791-4751-872d-2ed612cd606d/element] with body: {"strategy":"id","selector":"com.Slack:id/next_button_url_entry","context":"","multiple":false}
[debug] &amp#27;[35m[MJSONWP]&amp#27;[39m Matched JSONWP error code 7 to NoSuchElementError
&amp#27;[35m[MJSONWP]&amp#27;[39m Encountered internal error running command: NoSuchElementError: An element could not be located on the page using the given search parameters.
&amp#27;[35m[MJSONWP]&amp#27;[39m     at AndroidUiautomator2Driver.callee$0$0$ (/usr/local/lib/node&amp#27;[35m[HT_mTP]&amp#27;[39m &amp#27;[37m<-- POST /wd/hub/seodulssion/6c033502-fd88-4722-8b5b-92e9es1949d161/elemen/appiut &amp#27;[39m&amp#27;[31mm/node_modules/appi500um&amp#27;[39m -android-&amp#27;[90m18 ms -driver/lib/comma 164&amp#27;[39m
nds/find.js:75:11)
&amp#27;[35m[MJSONWP]&amp#27;[39m &amp#27;[35m[HTTP]&amp#27;    at tryCa[39m &amp#27;[90m&amp#27;tch (/usr/lo[39cam
l/lib/node_modules/appium/node_modules/babel-runtime/regenerator/runtime.js:67:40)
&amp#27;[35m[MJSONWP]&amp#27;[39m     at GeneratorFunctionPrototype.invoke [as _invoke] (/usr/local/lib/node_modules/appium/node_modules/babel-runtime/regenerator/runtime.js:315:22)
&amp#27;[35m[MJSONWP]&amp#27;[39m     at GeneratorFunctionPrototype.prototype.(anonymous function) [as throw] (/usr/local/lib/node_modules/appium/node_modules/babel-runtime/regenerator/runtime.js:100:21)
&amp#27;[35m[MJSONWP]&amp#27;[39m     at GeneratorFunctionPrototype.invoke (/usr/local/lib/node_modules/appium/node_modules/babel-runtime/regenerator/runtime.js:136:37)
&amp#27;[35m[HTTP]&amp#27;[39m &amp#27;[37m-->&amp#27;[39m &amp#27;[37mPOST&amp#27;[39m &amp#27;[37m/wd/hub/session/6c033502-fd88-4722-8b5b-92e91949d161/element&amp#27;[39m
&amp#27;[35m[HTTP]&amp#27;[39m &amp#27;[90m{"using":"id","value":"com.Slack:id/next_button_url_entry"}&amp#27;[39m
[debug] &amp#27;[35m[W3C]&amp#27;[39m Calling AppiumDriver.findElement() with args: ["id","com.Slack:id/next_button_url_entry","6c033502-fd88-4722-8b5b-92e91949d161"]
[debug] &amp#27;[35m[BaseDriver]&amp#27;[39m Valid locator strategies for this request: xpath, id, class name, accessibility id, -android uiautomator
[debug] &amp#27;[35m[BaseDriver]&amp#27;[39m Waiting up to 0 ms for condition
[debug] &amp#27;[35m[JSONWP Proxy]&amp#27;[39m Matched '/element' to command name 'findElement'
[debug] &amp#27;[35m[JSONWP Proxy]&amp#27;[39m Proxying [POST /element] to [POST http://localhost:8201/wd/hub/session/5a27c767-9791-4751-872d-2ed612cd606d/element] with body: {"strategy":"id","selector":"com.Slack:id/next_button_url_entry","context":"","multiple":false}
[debug] &amp#27;[35m[MJSONWP]&amp#27;[39m Matched JSONWP error code 7 to NoSuchElementError
&amp#27;[35m[MJSONWP]&amp#27;[39m Encountered internal error running command: NoSuchElementError: An element could not be located on the page using the given search parameters.
&amp#27;[35m[MJSONWP]&amp#27;[39m     at AndroidUiautomator2Driver.callee$0$0$ (/usr/local/lib/node_modules/appium/node&amp#27;[35m[HTTP]&amp#27;[39m_modules/appium-android-driver/ &amp#27;[37m<-- lib/coPOST /wd/hub/mmandsses/finsiond./6c033502-js:75:11)
&amp#27;[fd88-472352-8b5b-92e91949d161/elemenm[MJSONWt P]&amp#27;[39&amp#27;[m  39m   a&amp#27;[t tryCatch (/us31m50r/local/l0&amp#27;[3ib/node9m_m &amp#27;[90mod18ules/app mium/nos - de_16modules/babel-r4&amp#27;unti[3me/regenerato9m
r/runtime.j&amp#27;[s:35m[HTTP]&amp#27;[3967:40)
&amp#27;[35m &amp#27;m[90[MJSONWP]&amp#27;[39m m&amp#27;[39m
    at GeneratorFunctionPrototype.invoke [as _invoke] (/usr/local/lib/node_modules/appium/node_modules/babel-runtime/regenerator/runtime.js:315:22)
&amp#27;[35m[MJSONWP]&amp#27;[39m     at GeneratorFunctionPrototype.prototype.(anonymous function) [as throw] (/usr/local/lib/node_modules/appium/node_modules/babel-runtime/regenerator/runtime.js:100:21)
&amp#27;[35m[MJSONWP]&amp#27;[39m     at GeneratorFunctionPrototype.invoke (/usr/local/lib/node_modules/appium/node_modules/babel-runtime/regenerator/runtime.js:136:37)
&amp#27;[35m[HTTP]&amp#27;[39m &amp#27;[37m-->&amp#27;[39m &amp#27;[37mPOST&amp#27;[39m &amp#27;[37m/wd/hub/session/6c033502-fd88-4722-8b5b-92e91949d161/element&amp#27;[39m
&amp#27;[35m[HTTP]&amp#27;[39m &amp#27;[90m{"using":"id","value":"com.Slack:id/next_button_url_entry"}&amp#27;[39m
[debug] &amp#27;[35m[W3C]&amp#27;[39m Calling AppiumDriver.findElement() with args: ["id","com.Slack:id/next_button_url_entry","6c033502-fd88-4722-8b5b-92e91949d161"]
[debug] &amp#27;[35m[BaseDriver]&amp#27;[39m Valid locator strategies for this request: xpath, id, class name, accessibility id, -android uiautomator
[debug] &amp#27;[35m[BaseDriver]&amp#27;[39m Waiting up to 0 ms for condition
[debug] &amp#27;[35m[JSONWP Proxy]&amp#27;[39m Matched '/element' to command name 'findElement'
[debug] &amp#27;[35m[JSONWP Proxy]&amp#27;[39m Proxying [POST /element] to [POST http://localhost:8201/wd/hub/session/5a27c767-9791-4751-872d-2ed612cd606d/element] with body: {"strategy":"id","selector":"com.Slack:id/next_button_url_entry","context":"","multiple":false}
[debug] &amp#27;[35m[MJSONWP]&amp#27;[39m Matched JSONWP error code 7 to NoSuchElementError
&amp#27;[35m[MJSONWP]&amp#27;[39m Encountered internal error running command: NoSuchElementError: An element could not be located on the page using the given search parameters.
&amp#27;[35m[MJSONWP]&amp#27;[39m     at AndroidUiautomator2Driver.callee$0$0$ (/usr&amp#27;[35m[/loHTTPcal/lib/no]&amp#27;[39m &amp#27;[37mde_modules/a<-ppium/node_- POSmodulT es//wd/appium-ahub/sessindroid-drivon/6c033er502/lib/co-fmmands/d8find.js:75:11)8-4
&amp#27;[35m[MJSONWP]&amp#27;[39m     at tryC722-8batch5b-92e91 (94/usr/local/lib/node_mo9d161/elemendut &amp#27;[39m&amp#27;[31m500les/ap&amp#27;[pi39m &amp#27;[90umm17 m/nodes - 16_modules/4&amp#27;babe[3l-runt9mime/
r&amp#27;[3eg5m[HeneratoTTP]&amp#27;[39r/runtim &amp#27;[me90.js:67:40)
&amp#27;[m&amp#27;35m[MJS[39mONW
P]&amp#27;[39m     at GeneratorFunctionPrototype.invoke [as _invoke] (/usr/local/lib/node_modules/appium/node_modules/babel-runtime/regenerator/runtime.js:315:22)
&amp#27;[35m[MJSONWP]&amp#27;[39m     at GeneratorFunctionPrototype.prototype.(anonymous function) [as throw] (/usr/local/lib/node_modules/appium/node_modules/babel-runtime/regenerator/runtime.js:100:21)
&amp#27;[35m[MJSONWP]&amp#27;[39m     a&amp#27;[35t Gm[HTeneratorFunctionPrTPototype.i]&amp#27;nvoke (/usr/local/[3lib9m/node_modules/ &amp#27;ap[3piu7m--m/>&amp#27;[39m &amp#27;[node37mP_moduOSTles/babel&amp#27;[-runtime/regenerator/runtime.js:136:37)
39m &amp#27;[37m/wd/hub/session/6c033502-fd88-4722-8b5b-92e91949d161/element&amp#27;[39m
&amp#27;[35m[HTTP]&amp#27;[39m &amp#27;[90m{"using":"id","value":"com.Slack:id/next_button_url_entry"}&amp#27;[39m
[debug] &amp#27;[35m[W3C]&amp#27;[39m Calling AppiumDriver.findElement() with args: ["id","com.Slack:id/next_button_url_entry","6c033502-fd88-4722-8b5b-92e91949d161"]
[debug] &amp#27;[35m[BaseDriver]&amp#27;[39m Valid locator strategies for this request: xpath, id, class name, accessibility id, -android uiautomator
[debug] &amp#27;[35m[BaseDriver]&amp#27;[39m Waiting up to 0 ms for condition
[debug] &amp#27;[35m[JSONWP Proxy]&amp#27;[39m Matched '/element' to command name 'findElement'
[debug] &amp#27;[35m[JSONWP Proxy]&amp#27;[39m Proxying [POST /element] to [POST http://localhost:8201/wd/hub/session/5a27c767-9791-4751-872d-2ed612cd606d/element] with body: {"strategy":"id","selector":"com.Slack:id/next_button_url_entry","context":"","multiple":false}
[debug] &amp#27;[35m[MJSONWP]&amp#27;[39m Matched JSONWP error code 7 to NoSuchElementError
&amp#27;[35m[MJSONWP]&amp#27;[39m Encountered internal error running command: NoSuchElementError: An element could not be located on the page using the given search parameters.
&amp#27;[35m[MJSONWP]&amp#27;[39m     at AndroidUiautomator2Driver.callee$0$0$ (/usr/local/lib/node_modul&amp#27;[es/35apm[HTTP]&amp#27;[pium/node_mod39ulm es&amp#27;[/a37m<-- POST /wppid/huum-b/session/6c033502-fand88dro-472id2-8b5b-9-driv2eer/lib/co919mm49d161/elands/fiemendnt.j &amp#27;s:75:11)[39m&amp#27;[31m500&amp#27;[39m 
&amp#27;[&amp#27;[9035mm24 [Mms - 1JSONWP]&amp#27;[39m 64&amp#27;[3    at 9m
t&amp#27;[35m[HTTP]&amp#27;[3ryCatc9m &amp#27;[h 90(/usm&amp#27;r/local/[39m
lib/node_modules/appium/node_modules/babel-runtime/regenerator/runtime.js:67:40)
&amp#27;[35m[MJSONWP]&amp#27;[39m     at GeneratorFunctionPrototype.invoke [as _invoke] (/usr/local/lib/node_modules/appium/node_modules/babel-runtime/regenerator/runtime.js:315:22)
&amp#27;[35m[MJSONWP]&amp#27;[39m     at GeneratorFunctionPrototype.prototype.(anonymous function) [as throw] (/usr/local/lib/node_modules/appium/node_modules/babel-runtime/regenerator/runtime.js:100:21)
&amp#27;[35m[MJSONWP]&amp#27;[39m     at GeneratorFunctionPrototype.invoke (/usr/local/lib/node_modules/appium/node_modules/babel-runtime/regenerator/runtime.js:136:37)
&amp#27;[35m[HTTP]&amp#27;[39m &amp#27;[37m-->&amp#27;[39m &amp#27;[37mPOST&amp#27;[39m &amp#27;[37m/wd/hub/session/6c033502-fd88-4722-8b5b-92e91949d161/element&amp#27;[39m
&amp#27;[35m[HTTP]&amp#27;[39m &amp#27;[90m{"using":"id","value":"com.Slack:id/next_button_url_entry"}&amp#27;[39m
[debug] &amp#27;[35m[W3C]&amp#27;[39m Calling AppiumDriver.findElement() with args: ["id","com.Slack:id/next_button_url_entry","6c033502-fd88-4722-8b5b-92e91949d161"]
[debug] &amp#27;[35m[BaseDriver]&amp#27;[39m Valid locator strategies for this request: xpath, id, class name, accessibility id, -android uiautomator
[debug] &amp#27;[35m[BaseDriver]&amp#27;[39m Waiting up to 0 ms for condition
[debug] &amp#27;[35m[JSONWP Proxy]&amp#27;[39m Matched '/element' to command name 'findElement'
[debug] &amp#27;[35m[JSONWP Proxy]&amp#27;[39m Proxying [POST /element] to [POST http://localhost:8201/wd/hub/session/5a27c767-9791-4751-872d-2ed612cd606d/element] with body: {"strategy":"id","selector":"com.Slack:id/next_button_url_entry","context":"","multiple":false}
[debug] &amp#27;[35m[MJSONWP]&amp#27;[39m Matched JSONWP error code 7 to NoSuchElementError
&amp#27;[35m[MJSONWP]&amp#27;[39m Encountered internal error running command: NoSuchElementError: An element could not be located on the page using the given search parameters.
&amp#27;[35m[MJSONWP]&amp#27;[39m     at AndroidUiautomator2Driver.callee$0$0$ (/usr/local/lib/node_modules/appium/node_modules/appium-android-driv&amp#27;[35m[HTTP]&amp#27;[39mer/lib/c &amp#27;[37m<-- ommands/find.js:75:POST /11)
&amp#27;[35mwd/hub/session/6[MJSONWP]&amp#27;[39c033502-fd8m     8-4at t722ry-8bCatc5b-92e91949d161/eh (/usr/lemlocal/lient &amp#27;[39b/node_modules/apm&amp#27;[3pi1mum/500node_modul&amp#27;[39m &amp#27;[90m19 ms - 16es/babe4&amp#27;[39l-rum
ntime/regenerator/&amp#27;[runtime.js:67:40)35m[HTTP]&amp#27;[
&amp#27;39m &amp#27;[90m&amp#27;[[339m
5m[MJSONWP]&amp#27;[39m     at GeneratorFunctionPrototype.invoke [as _invoke] (/usr/local/lib/node_modules/appium/node_modules/babel-runtime/regenerator/runtime.js:315:22)
&amp#27;[35m[MJSONWP]&amp#27;[39m     at GeneratorFunctionPrototype.prototype.(anonymous function) [as throw] (/usr/local/lib/node_modules/appium/node_modules/babel-runtime/regenerator/runtime.js:100:21)
&amp#27;[35m[MJSONWP]&amp#27;[39m     at Generat&amp#27;[35orFunctim[HTTP]&amp#27;[39onm &amp#27;[37m-->&amp#27;[39Prom totype.invoke&amp#27;[3 (/usr/7mPlocaOST&amp#27;[39m &amp#27;[l/lib/n37m/ode_modulwd/hub/session/6ces/appium/node_m033502-fd88-4722odules/-8b5babelb-92e919-run49dti161/elmeement&amp#27;[39m
/&amp#27;[35m[HregeneratTTP]&amp#27;[39mor/runtime &amp#27;[9.js0m{"u:136:37sin)
g":"id","value":"com.Slack:id/next_button_url_entry"}&amp#27;[39m
[debug] &amp#27;[35m[W3C]&amp#27;[39m Calling AppiumDriver.findElement() with args: ["id","com.Slack:id/next_button_url_entry","6c033502-fd88-4722-8b5b-92e91949d161"]
[debug] &amp#27;[35m[BaseDriver]&amp#27;[39m Valid locator strategies for this request: xpath, id, class name, accessibility id, -android uiautomator
[debug] &amp#27;[35m[BaseDriver]&amp#27;[39m Waiting up to 0 ms for condition
[debug] &amp#27;[35m[JSONWP Proxy]&amp#27;[39m Matched '/element' to command name 'findElement'
[debug] &amp#27;[35m[JSONWP Proxy]&amp#27;[39m Proxying [POST /element] to [POST http://localhost:8201/wd/hub/session/5a27c767-9791-4751-872d-2ed612cd606d/element] with body: {"strategy":"id","selector":"com.Slack:id/next_button_url_entry","context":"","multiple":false}
[debug] &amp#27;[35m[MJSONWP]&amp#27;[39m Matched JSONWP error code 7 to NoSuchElementError
&amp#27;[35m[MJSONWP]&amp#27;[39m Encountered internal error running command: NoSuchElementError: An element could not be located on the page using the given search parameters.
&amp#27;[35m[MJSONWP]&amp#27;[39m     at AndroidUiautomator2Driver.callee$0$0$ (/u&amp#27;[35m[HTTP]&amp#27;[sr/local/lib/no39m &amp#27;[37m<de-- POST /wd/hub/s_modules/appiuession/6c033502-m/fd88-4722-8node_modules/appb5b-92e91949d161/elemeiuntm-a &amp#27;[39m&amp#27;[31m5nd00&amp#27;[39m &amp#27;[90roid-driver/lib/commands/find.jm16s:75:11)
&amp#27;[ ms - 164&amp#27;35m[MJSO[39m
&amp#27;[NWP]&amp#27;[35m[HTTP]39&amp#27;[3m     at tryCatch (9m &amp#27;[90m&amp#27;[39m
/usr/local/lib/node_modules/appium/node_modules/babel-runtime/regenerator/runtime.js:67:40)
&amp#27;[35m[MJSONWP]&amp#27;[39m     at GeneratorFunctionPrototype.invoke [as _invoke] (/usr/local/lib/node_modules/appium/node_modules/babel-runtime/regenerator/runtime.js:315:22)
&amp#27;[35m[MJSONWP]&amp#27;[39m     at GeneratorFunctionPrototype.prototype.(anonymous function) [as throw] (/usr/local/lib/node_modules/appium/node_modules/babel-runtime/regenerator/runtime.js:100:21)
&amp#27;[35m[MJSONWP]&amp#27;[39m     at GeneratorFunctionPrototype.invoke (/usr/local/lib/node_modules/appium/node_modules/babel-runtime/regenerator/runtime.js:136:37)
&amp#27;[35m[HTTP]&amp#27;[39m &amp#27;[37m-->&amp#27;[39m &amp#27;[37mPOST&amp#27;[39m &amp#27;[37m/wd/hub/session/6c033502-fd88-4722-8b5b-92e91949d161/element&amp#27;[39m
&amp#27;[35m[HTTP]&amp#27;[39m &amp#27;[90m{"using":"id","value":"com.Slack:id/next_button_url_entry"}&amp#27;[39m
[debug] &amp#27;[35m[W3C]&amp#27;[39m Calling AppiumDriver.findElement() with args: ["id","com.Slack:id/next_button_url_entry","6c033502-fd88-4722-8b5b-92e91949d161"]
[debug] &amp#27;[35m[BaseDriver]&amp#27;[39m Valid locator strategies for this request: xpath, id, class name, accessibility id, -android uiautomator
[debug] &amp#27;[35m[BaseDriver]&amp#27;[39m Waiting up to 0 ms for condition
[debug] &amp#27;[35m[JSONWP Proxy]&amp#27;[39m Matched '/element' to command name 'findElement'
[debug] &amp#27;[35m[JSONWP Proxy]&amp#27;[39m Proxying [POST /element] to [POST http://localhost:8201/wd/hub/session/5a27c767-9791-4751-872d-2ed612cd606d/element] with body: {"strategy":"id","selector":"com.Slack:id/next_button_url_entry","context":"","multiple":false}
[debug] &amp#27;[35m[MJSONWP]&amp#27;[39m Matched JSONWP error code 7 to NoSuchElementError
&amp#27;[35m[MJSONWP]&amp#27;[39m Encountered internal error running command: NoSuchElementError: An element could not be located on the page using the given search parameters.
&amp#27;[35m[MJSONWP]&amp#27;[39m     at AndroidUiautomator2Driver.callee$0$0$ (/usr/local/lib/node_modules/appium/node_modules/appium&amp#27;[-a35ndroid-driver/lib/commands/findm[HTT.js:75:1P]&amp#27;[39m &amp#27;[37m<-1)
&amp#27;- PO[3ST /w5m[d/hub/session/6cMJSONW0335P]02&amp#27;[-fd88-3947m 22-8b    at5b-9 tryCatch (/usr/2elo91949d1cal/lib/nod61/ele_moemduleent s/&amp#27;[appium/no39m&amp#27;[31m500&amp#27;de_modules[39m /b&amp#27;[90m18 msabel-runtime/regenerator/runtime.js:67: - 164&amp#27;[3409m
)
&amp#27;[35&amp#27;[m[HTTP35]&amp#27;[3m[MJSON9m &amp#27;[90WPm&amp#27;]&amp#27;[39m[39
m     at GeneratorFunctionPrototype.invoke [as _invoke] (/usr/local/lib/node_modules/appium/node_modules/babel-runtime/regenerator/runtime.js:315:22)
&amp#27;[35m[MJSONWP]&amp#27;[39m     at GeneratorFunctionPrototype.prototype.(anonymous function) [as throw] (/usr/local/lib/node_modules/appium/node_modules/babel-runtime/regenerator/runtime.js:100:21)
&amp#27;[35m[MJSONWP]&amp#27;[39m     at GeneratorFunctionPrototype.invoke (/&amp#27;usr/local/[35m[HTTP]li&amp#27;[39m &amp#27;[b/37nodem-->&amp#27;[_m39m &amp#27;[odul37mPOesST/appium/n&amp#27;[39ode_mom du&amp#27;[les/babel-run37m/wd/hub/stimeession/regen/6c033502era-fd88-tor/runt47ime.22-8b5jsb-92e91949:136:3d17)
61/element&amp#27;[39m
&amp#27;[35m[HTTP]&amp#27;[39m &amp#27;[90m{"using":"id","value":"com.Slack:id/next_button_url_entry"}&amp#27;[39m
[debug] &amp#27;[35m[W3C]&amp#27;[39m Calling AppiumDriver.findElement() with args: ["id","com.Slack:id/next_button_url_entry","6c033502-fd88-4722-8b5b-92e91949d161"]
[debug] &amp#27;[35m[BaseDriver]&amp#27;[39m Valid locator strategies for this request: xpath, id, class name, accessibility id, -android uiautomator
[debug] &amp#27;[35m[BaseDriver]&amp#27;[39m Waiting up to 0 ms for condition
[debug] &amp#27;[35m[JSONWP Proxy]&amp#27;[39m Matched '/element' to command name 'findElement'
[debug] &amp#27;[35m[JSONWP Proxy]&amp#27;[39m Proxying [POST /element] to [POST http://localhost:8201/wd/hub/session/5a27c767-9791-4751-872d-2ed612cd606d/element] with body: {"strategy":"id","selector":"com.Slack:id/next_button_url_entry","context":"","multiple":false}
[debug] &amp#27;[35m[MJSONWP]&amp#27;[39m Matched JSONWP error code 7 to NoSuchElementError
&amp#27;[35m[MJSONWP]&amp#27;[39m Encountered internal error running command: NoSuchElementError: An element could not be located on the page using the given search parameters.
&amp#27;[35m[MJSONWP]&amp#27;[39m     at AndroidUiautomator2Driver.callee$0$0$ (/u&amp#27;[sr/35m[Hlocal/lTTib/noP]&amp#27;[39de_mm &amp#27;odu[3les/appium/no7m<-- PdeOST /wd/_modules/aphupium-androb/sid-driveres/lsiib/coon/6c033mmands/f50ind.js:75:2-11fd88-4722-8)
b5&amp#27;[b-3592e919m[MJSONWP]&amp#27;49d[39m     at t161/elryCatch (/usr/loement &amp#27;[39cal/lm&amp#27;ib/node_modules/a[31m50pp0&amp#27;[3ium/node_modules/babel9m-runtime/re &amp#27;ge[90neratm28 ms or/runtime.js:67:- 164&amp#27;[39m
4&amp#27;[35m[H0)
&amp#27;TTP]&amp#27;[39m &amp#27;[90m[35m[MJSON&amp#27;[WP]39m
&amp#27;[39m     at GeneratorFunctionPrototype.invoke [as _invoke] (/usr/local/lib/node_modules/appium/node_modules/babel-runtime/regenerator/runtime.js:315:22)
&amp#27;[35m[MJSONWP]&amp#27;[39m     at GeneratorFunctionPrototype.prototype.(anon&amp#27;[35m[HTTP]&amp#27;ymous [39m &amp#27;[37mfunction) [as thr--ow] (/usr/loc>&amp#27;[39m &amp#27;[al/37mPOST&amp#27;li[39m &amp#27;[37b/m/wd/hub/session/node_mod6c0ules/335ap02-fd88-4722pium/node-8b5b-92_me91949dod161/eules/lemebabent&amp#27;[39l-runtm
im&amp#27;[35me/regenerator/r[HTTPun]&amp#27;ti[39m &amp#27;[90m{me.js:100:"usin21)
&amp#27;[3g":"id",5m[MJSONW"value"P]&amp#27;[3:"com.9m     atSl Gack:eneidratorFunctionPrototype.inv/neokext_but (/usrton/l_url_eocntry"}&amp#27;al/li[3b/no9mde
[debug] &amp#27;[35m[W3C]&amp#27;[39m Calling AppiumDriver.findElement() with_modules/appi argums:/nod ["id","coe_mm.odules/babel-runtime/regenSlackerator:id/n/runext_butitton_me.js:1url_36:37)en
try","6c033502-fd88-4722-8b5b-92e91949d161"]
[debug] &amp#27;[35m[BaseDriver]&amp#27;[39m Valid locator strategies for this request: xpath, id, class name, accessibility id, -android uiautomator
[debug] &amp#27;[35m[BaseDriver]&amp#27;[39m Waiting up to 0 ms for condition
[debug] &amp#27;[35m[JSONWP Proxy]&amp#27;[39m Matched '/element' to command name 'findElement'
[debug] &amp#27;[35m[JSONWP Proxy]&amp#27;[39m Proxying [POST /element] to [POST http://localhost:8201/wd/hub/session/5a27c767-9791-4751-872d-2ed612cd606d/element] with body: {"strategy":"id","selector":"com.Slack:id/next_button_url_entry","context":"","multiple":false}
[debug] &amp#27;[35m[MJSONWP]&amp#27;[39m Matched JSONWP error code 7 to NoSuchElementError
&amp#27;[35m[MJSONWP]&amp#27;[39m Encountered internal error running command: NoSuchElementError: An element could not be located on the page using the given search parameters.
&amp#27;[35m[MJSONWP]&amp#27;[39m     at AndroidUiautomator2Driver.callee$0$0$ (/usr/local/lib/node_modules/appium/node_modules/appium-android-driver/lib/com&amp#27;[35m[HTTP]ma&amp#27;[39m &amp#27;nds/find.js:75:11)
&amp#27;[35m[MJSONWP]&amp#27;[[37m<--39m POST /wd/h     at tryCub/sessioatch (/n/6usr/loc03cal/35lib/02-node_fd88-47modul22es-8b/appiu5bm/-92e91no949d161/edeleme_modules/babel-runtime/regenerator/runtimne.js:67:40)
&amp#27;[35mt [M&amp#27;[JSO39m&amp#27;[31m500&amp#27;[39m &amp#27;[90m2NWP]&amp#27;[8 39m ms -   164&amp#27;[  at G39m
en&amp#27;[eratorFunct35m[ionHTTPrP]&amp#27;[39m oto&amp#27;[type90m&amp#27;[39.invm
oke [as _invoke] (/usr/local/lib/node_modules/appium/node_modules/babel-runtime/regenerator/runtime.js:315:22)
&amp#27;[35m[MJSONWP]&amp#27;[39m     at GeneratorFunctionPrototype.prototype.(anonymou&amp#27;[35s fm[unHTTP]&amp#27;[39ctm &amp#27;[37m-->&amp#27;[39ion) [as throm &amp#27;[37mPOST&amp#27;[39m w]&amp#27;[37m/wd/hub/s (essi/usr/lon/6c033502-focal/libd88-4722-8b5b/n-9ode2e9194_modules9d/appium/node_161/elemmodent&amp#27;ule[39m
s/bab&amp#27;[35mel-r[HTTPun]&amp#27;ti[39me/rm egen&amp#27;[9era0m{"using":"toidr/r","vunalue":"ctime.om.Sjslack:id/next_button_url_:100:21)
&amp#27;[35entrym[MJ"}&amp#27;[39m
[SONdebug]WP] &amp#27;&amp#27;[39m     at[3 Ge5m[W3C]&amp#27;[39m Caneratlling AporpiFunctiumonPrototyDrivpe.iernv.fokeindElement( (/) usr/lowicath arl/lib/nodgs: e_modules/["id"a,"cppium/noom.Sde_modules/black:id/abnextel-run_btime/rutegenton_url_erator/ruentry","6c033502-fntime.js:136:3d88-47227)-8
b5b-92e91949d161"]
[debug] &amp#27;[35m[BaseDriver]&amp#27;[39m Valid locator strategies for this request: xpath, id, class name, accessibility id, -android uiautomator
[debug] &amp#27;[35m[BaseDriver]&amp#27;[39m Waiting up to 0 ms for condition
[debug] &amp#27;[35m[JSONWP Proxy]&amp#27;[39m Matched '/element' to command name 'findElement'
[debug] &amp#27;[35m[JSONWP Proxy]&amp#27;[39m Proxying [POST /element] to [POST http://localhost:8201/wd/hub/session/5a27c767-9791-4751-872d-2ed612cd606d/element] with body: {"strategy":"id","selector":"com.Slack:id/next_button_url_entry","context":"","multiple":false}
[debug] &amp#27;[35m[MJSONWP]&amp#27;[39m Matched JSONWP error code 7 to NoSuchElementError
&amp#27;[35m[MJSONWP]&amp#27;[39m Encountered internal error running command: NoSuchElementError: An element could not be located on the page using the given search parameters.
&amp#27;[35m[MJSONWP]&amp#27;[39m     at AndroidUiautomator2Driver.ca&amp#27;[35m[HTTP]&amp#27;[llee$0$0$ (/us39mr/lo &amp#27;[37m<-- POST /calwd/hub/lib//snodeessi_moduon/6les/c033502-appfd8ium/8-4722-8b5b-9no2e91949de_modules/appium-and161/edroid-driver/lib/commands/find.js:75:11)
lement &amp#27;[39m&amp#27;&amp#27;[35m[M[31m500&amp#27;[3JS9m &amp#27;ONWP[90m21 ms]&amp#27;[39m     at try - 1Catch (/64&amp#27;[us39m
r/loca&amp#27;[35m[HTTPl/lib]&amp#27;/no[39mde_modules &amp#27;[/app90ium/nm&amp#27;[od39m
e_modules/babel-runtime/regenerator/runtime.js:67:40)
&amp#27;[35m[MJSONWP]&amp#27;[39m     at GeneratorFunctionPrototype.invoke [as _invoke] (/usr/local/lib/node_modules/appium/node_modules/babel-runtime/regenerator/runtime.js:315:22)
&amp#27;[35m[MJSONWP]&amp#27;[39m     at GeneratorFunctionPrototype.prototype.(anonymous function) [as throw] (/usr/local/lib/node_modules/appium/node_modules/babel-runtime/regenerator/runtime.js:100:21)
&amp#27;[35m[MJSONWP]&amp#27;[39m     at GeneratorFunctionPrototype.invoke (/usr/local/lib/node_modules/appium/&amp#27;[35m[nodeHT_modulTP]&amp#27;es[39m/b &amp#27;[37abel-m-->runtime/&amp#27;[re39gem &amp#27;[37mnerPOST&amp#27;ato[39m &amp#27;[37r/rm/wd/hub/seunssion/6ctime03350.js:136:32-fd88-477)22
-8b5b-92e91949d161/element&amp#27;[39m
&amp#27;[35m[HTTP]&amp#27;[39m &amp#27;[90m{"using":"id","value":"com.Slack:id/next_button_url_entry"}&amp#27;[39m
[debug] &amp#27;[35m[W3C]&amp#27;[39m Calling AppiumDriver.findElement() with args: ["id","com.Slack:id/next_button_url_entry","6c033502-fd88-4722-8b5b-92e91949d161"]
[debug] &amp#27;[35m[BaseDriver]&amp#27;[39m Valid locator strategies for this request: xpath, id, class name, accessibility id, -android uiautomator
[debug] &amp#27;[35m[BaseDriver]&amp#27;[39m Waiting up to 0 ms for condition
[debug] &amp#27;[35m[JSONWP Proxy]&amp#27;[39m Matched '/element' to command name 'findElement'
[debug] &amp#27;[35m[JSONWP Proxy]&amp#27;[39m Proxying [POST /element] to [POST http://localhost:8201/wd/hub/session/5a27c767-9791-4751-872d-2ed612cd606d/element] with body: {"strategy":"id","selector":"com.Slack:id/next_button_url_entry","context":"","multiple":false}
[debug] &amp#27;[35m[MJSONWP]&amp#27;[39m Matched JSONWP error code 7 to NoSuchElementError
&amp#27;[35m[MJSONWP]&amp#27;[39m Encountered internal error running command: NoSuchElementError: An element could not be located on the page using the given search parameters.
&amp#27;[35m[MJSONWP]&amp#27;[39m     at AndroidUiautomator2Driver.callee$0$0$ (/usr/local/lib/node_modules/&amp#27;[appium/node_modules/appium-android-driver/lib/commands/35m[findHTTP]&amp#27;[39m .j&amp#27;[37m<--s:75 PO:1ST /1)
&amp#27;[3wd/hub/se5m[MJSONWP]&amp#27;[39ssion/m     at t6cryCat03350ch2-fd8 (8-/usr/lo4722-8b5b-9cal/lib/node_modul2e91es/app949ium/d16node_mod1/ulelement &amp#27;[39m&amp#27;[31esm500&amp#27;[3/babel-r9m &amp#27;[90m1untim8 ms - 164&amp#27;[39m
e/r&amp#27;[35megen[HTerTP]&amp#27;[39m &amp#27;[90m&amp#27;[39m
ator/runtime.js:67:40)
&amp#27;[35m[MJSONWP]&amp#27;[39m     at GeneratorFunctionPrototype.invoke [as _invoke] (/usr/local/lib/node_modules/appium/node_modules/babel-runtime/regenerator/runtime.js:315:22)
&amp#27;[35m[MJSONWP]&amp#27;[39m     at GeneratorFunctionPrototype.prototype.(anonymous function) [as throw] (/usr/local/lib/node_modules/appium/node_modules/babel-runtime/regenerator/runtime.js:100:21)
&amp#27;[35m[MJSONWP]&amp#27;[39m     &amp#27;[3at G5mene[HratorFTTunP]&amp#27;[39m ctio&amp#27;[37m-->&amp#27;[3nPrototype.invoke (/usr9m &amp#27;[/l37ocalmP/lOSib/T&amp#27;[39m &amp#27;[node_modu37lem/wd/s/aphupium/bnode_/smoession/6c033dules502-/babefd88-4722l-runtim-8b5b-92e/regenee91949rator/runtd161/element&amp#27;[3im9me.js:
136:37)
&amp#27;[35m[HTTP]&amp#27;[39m &amp#27;[90m{"using":"id","value":"com.Slack:id/next_button_url_entry"}&amp#27;[39m
[debug] &amp#27;[35m[W3C]&amp#27;[39m Calling AppiumDriver.findElement() with args: ["id","com.Slack:id/next_button_url_entry","6c033502-fd88-4722-8b5b-92e91949d161"]
[debug] &amp#27;[35m[BaseDriver]&amp#27;[39m Valid locator strategies for this request: xpath, id, class name, accessibility id, -android uiautomator
[debug] &amp#27;[35m[BaseDriver]&amp#27;[39m Waiting up to 0 ms for condition
[debug] &amp#27;[35m[JSONWP Proxy]&amp#27;[39m Matched '/element' to command name 'findElement'
[debug] &amp#27;[35m[JSONWP Proxy]&amp#27;[39m Proxying [POST /element] to [POST http://localhost:8201/wd/hub/session/5a27c767-9791-4751-872d-2ed612cd606d/element] with body: {"strategy":"id","selector":"com.Slack:id/next_button_url_entry","context":"","multiple":false}
[debug] &amp#27;[35m[MJSONWP]&amp#27;[39m Matched JSONWP error code 7 to NoSuchElementError
&amp#27;[35m[MJSONWP]&amp#27;[39m Encountered internal error running command: NoSuchElementError: An element could not be located on the page using the given search parameters.
&amp#27;[35m[MJSONWP]&amp#27;[39m     at AndroidUiautomator2Driver.callee$0$0$ (/usr/local/lib/node_modules/appium/node_modules/appium-androi&amp#27;[3d-driver/lib/commands/find.js:75:11)
&amp#27;5m[HT[35m[MJSONWP]&amp#27;[39m    TP at ]&amp#27;[39m &amp#27;tryCatch (/usr/local/lib/node_[37m<-- POSmodT /wd/hub/session/6c033502-fd8ule8-4722-8b5s/apb-9pi2eum/n91949d161/eleode_modumelent &amp#27;[s/ba39m&amp#27;bel-ru[31m500ntime&amp#27;[39m &amp#27;[90m18 ms/regenerator/runtime. - 164&amp#27;[39js:6m
7:&amp#27;[40)35m[
&amp#27;HT[3TP]&amp#27;5m[M[39m &amp#27;JSON[9WP]0m&amp#27;[39m
&amp#27;[39m     at GeneratorFunctionPrototype.invoke [as _invoke] (/usr/local/lib/node_modules/appium/node_modules/babel-runtime/regenerator/runtime.js:315:22)
&amp#27;[35m[MJSONWP]&amp#27;[39m     at GeneratorFunctionPrototype.prototype.(anonymous function) [as throw] (/usr/local/lib/node_modules/appium/node_modules/babel-runtime/regenerator/runtime.js:100:21)
&amp#27;[35m[MJSONWP]&amp#27;[39m     at GeneratorFunctionPrototype.invoke (/usr/local/lib/node_modules/appium/node_modules/babel-runtime/regenerator/runtime.js:136:37)
&amp#27;[35m[HTTP]&amp#27;[39m &amp#27;[37m-->&amp#27;[39m &amp#27;[37mPOST&amp#27;[39m &amp#27;[37m/wd/hub/session/6c033502-fd88-4722-8b5b-92e91949d161/element&amp#27;[39m
&amp#27;[35m[HTTP]&amp#27;[39m &amp#27;[90m{"using":"id","value":"com.Slack:id/next_button_url_entry"}&amp#27;[39m
[debug] &amp#27;[35m[W3C]&amp#27;[39m Calling AppiumDriver.findElement() with args: ["id","com.Slack:id/next_button_url_entry","6c033502-fd88-4722-8b5b-92e91949d161"]
[debug] &amp#27;[35m[BaseDriver]&amp#27;[39m Valid locator strategies for this request: xpath, id, class name, accessibility id, -android uiautomator
[debug] &amp#27;[35m[BaseDriver]&amp#27;[39m Waiting up to 0 ms for condition
[debug] &amp#27;[35m[JSONWP Proxy]&amp#27;[39m Matched '/element' to command name 'findElement'
[debug] &amp#27;[35m[JSONWP Proxy]&amp#27;[39m Proxying [POST /element] to [POST http://localhost:8201/wd/hub/session/5a27c767-9791-4751-872d-2ed612cd606d/element] with body: {"strategy":"id","selector":"com.Slack:id/next_button_url_entry","context":"","multiple":false}
[debug] &amp#27;[35m[MJSONWP]&amp#27;[39m Matched JSONWP error code 7 to NoSuchElementError
&amp#27;[35m[MJSONWP]&amp#27;[39m Encountered internal error running command: NoSuchElementError: An element could not be located on the page using the given search parameters.
&amp#27;[35m[MJSONWP]&amp#27;[39m     at AndroidUiautomator2Driver.callee$0$0$ (/usr&amp#27;[35m/local/[HTTP]&amp#27;[lib/no39m de&amp#27;[37_mom<-du- POST /lewd/s/appium/node_modulhubes/a/sesppium-android-driver/lisib/comonmand/6c033s/fin502-fd88-4722-8b5b-92e91949d161/d.elemjsent:7 &amp#27;[395:m&amp#27;11)
&amp#27;[35m[[31m500&amp#27;[3MJSONW9m &amp#27;[90P]&amp#27;m18 m[39ms -      a164&amp#27;[39t trym
Catch &amp#27;[35m[HTTP]&amp#27;[39m(/usr/l &amp#27;[90m&amp#27;oc[39alm
/lib/node_modules/appium/node_modules/babel-runtime/regenerator/runtime.js:67:40)
&amp#27;[35m[MJSONWP]&amp#27;[39m     at GeneratorFunctionPrototype.invoke [as _invoke] (/usr/local/lib/node_modules/appium/node_modules/babel-runtime/regenerator/runtime.js:315:22)
&amp#27;[35m[MJSONWP]&amp#27;[39m     at GeneratorFunctionPrototype.prototype.(anonymous function) [as throw] (/usr/local/lib/node_modules/appium/node_modules/babel-runtime/regenerator/runtime.js:100:21)
&amp#27;[35m[MJSONWP]&amp#27;[39m     at GeneratorFunctionPrototype.invoke (/usr/local/lib/node_modules/appium/node_modules/babel-runtime/regenerator/runtime.js:136:37)
&amp#27;[35m[HTTP]&amp#27;[39m &amp#27;[37m-->&amp#27;[39m &amp#27;[37mPOST&amp#27;[39m &amp#27;[37m/wd/hub/session/6c033502-fd88-4722-8b5b-92e91949d161/element&amp#27;[39m
&amp#27;[35m[HTTP]&amp#27;[39m &amp#27;[90m{"using":"id","value":"com.Slack:id/next_button_url_entry"}&amp#27;[39m
[debug] &amp#27;[35m[W3C]&amp#27;[39m Calling AppiumDriver.findElement() with args: ["id","com.Slack:id/next_button_url_entry","6c033502-fd88-4722-8b5b-92e91949d161"]
[debug] &amp#27;[35m[BaseDriver]&amp#27;[39m Valid locator strategies for this request: xpath, id, class name, accessibility id, -android uiautomator
[debug] &amp#27;[35m[BaseDriver]&amp#27;[39m Waiting up to 0 ms for condition
[debug] &amp#27;[35m[JSONWP Proxy]&amp#27;[39m Matched '/element' to command name 'findElement'
[debug] &amp#27;[35m[JSONWP Proxy]&amp#27;[39m Proxying [POST /element] to [POST http://localhost:8201/wd/hub/session/5a27c767-9791-4751-872d-2ed612cd606d/element] with body: {"strategy":"id","selector":"com.Slack:id/next_button_url_entry","context":"","multiple":false}
[debug] &amp#27;[35m[MJSONWP]&amp#27;[39m Matched JSONWP error code 7 to NoSuchElementError
&amp#27;[35m[MJSONWP]&amp#27;[39m Encountered internal error running command: NoSuchElementError: An element could not be located on the page using the given search parameters.
&amp#27;[35m[MJSONWP]&amp#27;[39m     at AndroidUiautomator2Driver.callee$0$0$ (/usr/local/lib/node_&amp#27;[35m[HTmoduleTP]&amp#27;s/appium/nod[39me_modu &amp#27;[37m<-- POST /wd/hubles/ap/session/pium-androi6c033502-fd88-d-driver/lib/comma47nds/find.js:7522-8:11)
&amp#27;[3b5b-925me919[MJSON49d161/WPelement &amp#27;[]&amp#27;39m&amp#27;[3[39m 1m500&amp#27;[39m   &amp#27;[90m18 ms -  at tr 164&amp#27;[39m
yC&amp#27;[35m[HTTP]&amp#27;at[3ch 9m &amp#27;(/[90mus&amp#27;[r/lo39m
cal/lib/node_modules/appium/node_modules/babel-runtime/regenerator/runtime.js:67:40)
&amp#27;[35m[MJSONWP]&amp#27;[39m     at GeneratorFunctionPrototype.invoke [as _invoke] (/usr/local/lib/node_modules/appium/node_modules/babel-runtime/regenerator/runtime.js:315:22)
&amp#27;[35m[MJSONWP]&amp#27;[39m     at GeneratorFunctionPrototype.prototype.(anonymous function) [as throw] (/usr/local/lib/node_modules/appium/node_modules/babel-runtime/regenerator/runtime.js:100:21)
&amp#27;[35m[MJSONWP]&amp#27;[39m     at GeneratorFunctionPrototype.invoke (/usr/local/lib/node_module&amp#27;[3s/appium/5mnode_mod[HTTP]&amp#27;[ules/39m &amp#27;[37m-->&amp#27;[39m &amp#27;[37mPOST&amp#27;[3ba9m &amp#27;[37bel-runtime/regenm/wd/huerb/seatorss/runtiionme.j/6c0335s:136:02-fd88-47237)
2-8b5b-92e91949d161/element&amp#27;[39m
&amp#27;[35m[HTTP]&amp#27;[39m &amp#27;[90m{"using":"id","value":"com.Slack:id/next_button_url_entry"}&amp#27;[39m
[debug] &amp#27;[35m[W3C]&amp#27;[39m Calling AppiumDriver.findElement() with args: ["id","com.Slack:id/next_button_url_entry","6c033502-fd88-4722-8b5b-92e91949d161"]
[debug] &amp#27;[35m[BaseDriver]&amp#27;[39m Valid locator strategies for this request: xpath, id, class name, accessibility id, -android uiautomator
[debug] &amp#27;[35m[BaseDriver]&amp#27;[39m Waiting up to 0 ms for condition
[debug] &amp#27;[35m[JSONWP Proxy]&amp#27;[39m Matched '/element' to command name 'findElement'
[debug] &amp#27;[35m[JSONWP Proxy]&amp#27;[39m Proxying [POST /element] to [POST http://localhost:8201/wd/hub/session/5a27c767-9791-4751-872d-2ed612cd606d/element] with body: {"strategy":"id","selector":"com.Slack:id/next_button_url_entry","context":"","multiple":false}
[debug] &amp#27;[35m[MJSONWP]&amp#27;[39m Matched JSONWP error code 7 to NoSuchElementError
&amp#27;[35m[MJSONWP]&amp#27;[39m Encountered internal error running command: NoSuchElementError: An element could not be located on the page using the given search parameters.
&amp#27;[35m[MJSONWP]&amp#27;[39m     at AndroidUiautomator2Driver.callee$0$0$ (/u&amp#27;[sr/loc35m[HTTP]&amp#27;[3al/l9m &amp#27;[3ib7m<-- PO/node_moST /wd/hub/sedules/appium/nodession/6c033_m502-fodd8ules/appium-8-4722-8b5b-92e9194android-dr9d161iver//elib/lement commands/find.js:75:11&amp#27;[39)m
&amp#27;&amp#27;[31m[35m[MJS50ONWP]&amp#27;[39m     at 0&amp#27;tryCatch (/usr/[39locam l/l&amp#27;[ib/node_mod90m20ul mes/aps - 1pi64um/&amp#27;[39mnod
e&amp#27;[_modul35m[HTTP]es&amp#27;[/babel39m -r&amp#27;[untim90m&amp#27;[e/regenerator39m
/runtime.js:67:40)
&amp#27;[35m[MJSONWP]&amp#27;[39m     at GeneratorFunctionPrototype.invoke [as _invoke] (/usr/local/lib/node_modules/appium/node_modules/babel-runtime/regenerator/runtime.js:315:22)
&amp#27;[35m[MJSONWP]&amp#27;[39m     at GeneratorFunctionPrototype.prototype.(anonymous function) [as throw] (/usr/local/lib/node_modules/appium/node_modules/babel-runtime/regenerator/runtime.js:100:21)
&amp#27;[35m[MJSONWP]&amp#27;[39m     at GeneratorFunctionPrototype.invoke (/usr/local/lib/node_modules/appium/node_modul&amp#27;[35es/babel-rum[HTTP]&amp#27;[39ntime/rem &amp#27;[3ge7mnera--tor/ru>&amp#27;[nt39m &amp#27;[ime.37mPOST&amp#27;js:136:3[39m7) &amp#27;[37m/
wd/hub/session/6c033502-fd88-4722-8b5b-92e91949d161/element&amp#27;[39m
&amp#27;[35m[HTTP]&amp#27;[39m &amp#27;[90m{"using":"id","value":"com.Slack:id/next_button_url_entry"}&amp#27;[39m
[debug] &amp#27;[35m[W3C]&amp#27;[39m Calling AppiumDriver.findElement() with args: ["id","com.Slack:id/next_button_url_entry","6c033502-fd88-4722-8b5b-92e91949d161"]
[debug] &amp#27;[35m[BaseDriver]&amp#27;[39m Valid locator strategies for this request: xpath, id, class name, accessibility id, -android uiautomator
[debug] &amp#27;[35m[BaseDriver]&amp#27;[39m Waiting up to 0 ms for condition
[debug] &amp#27;[35m[JSONWP Proxy]&amp#27;[39m Matched '/element' to command name 'findElement'
[debug] &amp#27;[35m[JSONWP Proxy]&amp#27;[39m Proxying [POST /element] to [POST http://localhost:8201/wd/hub/session/5a27c767-9791-4751-872d-2ed612cd606d/element] with body: {"strategy":"id","selector":"com.Slack:id/next_button_url_entry","context":"","multiple":false}
[debug] &amp#27;[35m[MJSONWP]&amp#27;[39m Matched JSONWP error code 7 to NoSuchElementError
&amp#27;[35m[MJSONWP]&amp#27;[39m Encountered internal error running command: NoSuchElementError: An element could not be located on the page using the given search parameters.
&amp#27;[35m[MJSONWP]&amp#27;[39m     at AndroidUiautomato&amp#27;[35m[HTTP]&amp#27;[39mr2Driver.call &amp#27;[ee37m<-- POS$0$0$ (T /wd/h/usr/local/lub/seib/node_modssioules/n/6c033appium/no50de_modules2-fd88-4722-8b5b-92e91949d161/element &amp#27;/appium-android-[39m&amp#27;[31drim5ver00/&amp#27;[lib/commands/find.js:75:11)
&amp#27;[35m[39m &amp#27;[90m18 mMJSOs NWP]&amp#27;- 164&amp#27;[39m
[39m    &amp#27;[ at tryC35m[HTTatch (/usr/localP/lib/node_]&amp#27;[39m &amp#27;[90m&amp#27;[3module9m
s/appium/node_modules/babel-runtime/regenerator/runtime.js:67:40)
&amp#27;[35m[MJSONWP]&amp#27;[39m     at GeneratorFunctionPrototype.invoke [as _invoke] (/usr/local/lib/node_modules/appium/node_modules/babel-runtime/regenerator/runtime.js:315:22)
&amp#27;[35m[MJSONWP]&amp#27;[39m     at GeneratorFunctionPrototype.prototype.(anonymous function) [as throw] (/usr/local/lib/node_modules/appium/node_modules/babel-runtime/regenerator/runtime.js:100:21)
&amp#27;[35m[MJSONWP]&amp#27;[39m     at GeneratorFunctionPrototype.invoke (/usr/local/lib/node_modules/&amp#27;[appium35m[HTTP]&amp#27;[39m &amp#27;[37m-->&amp#27;[39m &amp#27;[37mPOST&amp#27;[3/node_modul9m es/babel&amp#27;[3-runti7m/me/regwd/enehub/sraessioton/6c033502-fr/runtime.d88-4722-8b5js:136:37)
b-92e91949d161/element&amp#27;[39m
&amp#27;[35m[HTTP]&amp#27;[39m &amp#27;[90m{"using":"id","value":"com.Slack:id/next_button_url_entry"}&amp#27;[39m
[debug] &amp#27;[35m[W3C]&amp#27;[39m Calling AppiumDriver.findElement() with args: ["id","com.Slack:id/next_button_url_entry","6c033502-fd88-4722-8b5b-92e91949d161"]
[debug] &amp#27;[35m[BaseDriver]&amp#27;[39m Valid locator strategies for this request: xpath, id, class name, accessibility id, -android uiautomator
[debug] &amp#27;[35m[BaseDriver]&amp#27;[39m Waiting up to 0 ms for condition
[debug] &amp#27;[35m[JSONWP Proxy]&amp#27;[39m Matched '/element' to command name 'findElement'
[debug] &amp#27;[35m[JSONWP Proxy]&amp#27;[39m Proxying [POST /element] to [POST http://localhost:8201/wd/hub/session/5a27c767-9791-4751-872d-2ed612cd606d/element] with body: {"strategy":"id","selector":"com.Slack:id/next_button_url_entry","context":"","multiple":false}
[debug] &amp#27;[35m[MJSONWP]&amp#27;[39m Matched JSONWP error code 7 to NoSuchElementError
&amp#27;[35m[MJSONWP]&amp#27;[39m Encountered internal error running command: NoSuchElementError: An element could not be located on the page using the given search parameters.
&amp#27;[35m[MJSONWP]&amp#27;[39m     at AndroidUiautomator2Driver.callee$0$0$ (/usr/local&amp#27;[35m[HTT/lib/nP]&amp#27;[3ode_module9m &amp#27;[3s/7mappiu<--m/ PnodeOST /wd_m/huoduleb/sessios/an/ppi6c033502-fdum88-a-4ndroi722d-dri-8veb5r/b-li92b/come91949d161/elememands/find.jnts:75:11)
&amp#27;[35m[MJSONWP]&amp#27;[39m     &amp#27;[39 am&amp#27;[31t trm500&amp#27;[39m &amp#27;[9yC0m20 ms - 1atc64&amp#27;[39h m
(/usr/lo&amp#27;[35m[cal/liHTTPb/node_mod]&amp#27;[39m &amp#27;[ule90s/apm&amp#27;[3pium/node_module9m
s/babel-runtime/regenerator/runtime.js:67:40)
&amp#27;[35m[MJSONWP]&amp#27;[39m     at GeneratorFunctionPrototype.invoke [as _invoke] (/usr/local/lib/node_modules/appium/node_modules/babel-runtime/regenerator/runtime.js:315:22)
&amp#27;[35m[MJSONWP]&amp#27;[39m     at GeneratorFunctionPrototype.prototype.(anonymous function) [as throw] (/usr/local/lib/node_modules/appium/node_modules/babel-runtime/regenerator/runtime.js:100:21)
&amp#27;[35m[MJSONWP]&amp#27;[39m     at GeneratorFunctionPrototype.invoke (/usr/local/lib/node_modules/appium/node_modules/babel-runtime/regenerator/runtime.js:136:3&amp#27;[37)
5m[HTTP]&amp#27;[39m &amp#27;[37m-->&amp#27;[39m &amp#27;[37mPOST&amp#27;[39m &amp#27;[37m/wd/hub/session/6c033502-fd88-4722-8b5b-92e91949d161/element&amp#27;[39m
&amp#27;[35m[HTTP]&amp#27;[39m &amp#27;[90m{"using":"id","value":"com.Slack:id/next_button_url_entry"}&amp#27;[39m
[debug] &amp#27;[35m[W3C]&amp#27;[39m Calling AppiumDriver.findElement() with args: ["id","com.Slack:id/next_button_url_entry","6c033502-fd88-4722-8b5b-92e91949d161"]
[debug] &amp#27;[35m[BaseDriver]&amp#27;[39m Valid locator strategies for this request: xpath, id, class name, accessibility id, -android uiautomator
[debug] &amp#27;[35m[BaseDriver]&amp#27;[39m Waiting up to 0 ms for condition
[debug] &amp#27;[35m[JSONWP Proxy]&amp#27;[39m Matched '/element' to command name 'findElement'
[debug] &amp#27;[35m[JSONWP Proxy]&amp#27;[39m Proxying [POST /element] to [POST http://localhost:8201/wd/hub/session/5a27c767-9791-4751-872d-2ed612cd606d/element] with body: {"strategy":"id","selector":"com.Slack:id/next_button_url_entry","context":"","multiple":false}
[debug] &amp#27;[35m[MJSONWP]&amp#27;[39m Matched JSONWP error code 7 to NoSuchElementError
&amp#27;[35m[MJSONWP]&amp#27;[39m Encountered internal error running command: NoSuchElementError: An element could not be located on the page using the given search parameters.
&amp#27;[35m[MJSONWP]&amp#27;[39m     at AndroidUiautomator2Driver.callee$0$0$ (/usr/local/lib/node_modules/appium/node_modules/appium-android-driv&amp#27;[35mer[HT/lib/commands/find.js:7TP5:]&amp#27;[39m 11)
&amp#27;[35m[&amp#27;[3MJ7mSON<-WP- ]&amp#27;POST /w[39m   d/hub/session/6c  at t033ryCatc502-fd88-4722-8b5bh -9(/2e91949d161/elemusr/loent cal/lib/node&amp#27;[39m_mod&amp#27;[31m500&amp#27;[39m &amp#27;[90mul17 es/appiumms - /n164&amp#27;[39ode_modm
ules/ba&amp#27;[35m[belHTTP]&amp#27;[39m &amp#27;[90m&amp#27;-runtime/regenerator/[39m
runtime.js:67:40)
&amp#27;[35m[MJSONWP]&amp#27;[39m     at GeneratorFunctionPrototype.invoke [as _invoke] (/usr/local/lib/node_modules/appium/node_modules/babel-runtime/regenerator/runtime.js:315:22)
&amp#27;[35m[MJSONWP]&amp#27;[39m     at GeneratorFunctionPrototype.prototype.(anonymous function) [as throw] (/usr/local/lib/node_modules/appium/node_modules/babel-runtime&amp#27;[35m[HTTP]&amp#27;/r[39m ege&amp#27;[37neratm-->&amp#27;[3or/ru9m &amp#27;[3nt7mPOST&amp#27;[3ime.js:100:21)
&amp#27;[35m[MJSONWP]&amp#27;[39m   9m  at Generator &amp#27;FunctionP[37m/wdro/hub/tosession/6c033502-fdtype88-.i4722-8nvob5ke (/b-92e91usr/l949ocd1al/lib61//node_elmodulemes/aent&amp#27;[39m
ppium/n&amp#27;[35m[ode_moHTduTP]le&amp#27;[39s/m &amp#27;[90m{"usbabel-runtimeing":"i/regeneratd"or,"value":"c/runtimom.Sle.jsack::136:37)
id/next_button_url_entry"}&amp#27;[39m
[debug] &amp#27;[35m[W3C]&amp#27;[39m Calling AppiumDriver.findElement() with args: ["id","com.Slack:id/next_button_url_entry","6c033502-fd88-4722-8b5b-92e91949d161"]
[debug] &amp#27;[35m[BaseDriver]&amp#27;[39m Valid locator strategies for this request: xpath, id, class name, accessibility id, -android uiautomator
[debug] &amp#27;[35m[BaseDriver]&amp#27;[39m Waiting up to 0 ms for condition
[debug] &amp#27;[35m[JSONWP Proxy]&amp#27;[39m Matched '/element' to command name 'findElement'
[debug] &amp#27;[35m[JSONWP Proxy]&amp#27;[39m Proxying [POST /element] to [POST http://localhost:8201/wd/hub/session/5a27c767-9791-4751-872d-2ed612cd606d/element] with body: {"strategy":"id","selector":"com.Slack:id/next_button_url_entry","context":"","multiple":false}
[debug] &amp#27;[35m[MJSONWP]&amp#27;[39m Matched JSONWP error code 7 to NoSuchElementError
&amp#27;[35m[MJSONWP]&amp#27;[39m Encountered internal error running command: NoSuchElementError: An element could not be located on the page using the given search parameters.
&amp#27;[35m[MJSONWP]&amp#27;[39m     at AndroidUiautomator2Driver.callee$0$&amp#27;[35m[HTTP]&amp#27;[309m &amp#27;[$ (/usr/l3o7m<cal/-- POSTlib /wd/node_mod/hules/ubappi/session/6c0um/node33502-_mfd88-odules/app4722-8b5b-92e9ium-and19roid-dri4ver/9d161lib//elemencomt &amp#27;[3mands9m&amp#27;[/fin31d.js:75:11)m500&amp#27;[39m &amp#27;[9
&amp#27;[35m[MJSONWP]&amp#27;[0m24 ms39m - 16  4&amp#27;[39m
   &amp#27;[at 35m[tryCatch HT(/TP]&amp#27;usr/[39mlocal/li &amp#27;[90m&amp#27;[39b/node_modulem
s/appium/node_modules/babel-runtime/regenerator/runtime.js:67:40)
&amp#27;[35m[MJSONWP]&amp#27;[39m     at GeneratorFunctionPrototype.invoke [as _invoke] (/usr/local/lib/node_modules/appium/node_modules/babel-runtime/regenerator/runtime.js:315:22)
&amp#27;[35m[MJSONWP]&amp#27;[39m     at GeneratorFunctionPrototype.prototype.(anonymous function) [as throw] (/usr/local/lib/node_modules/appium/node_modules/babel-runtime/regenerator/runtime.js:100:21)
&amp#27;[35m[MJSONWP]&amp#27;[39m     at GeneratorFunctionPrototype.invoke (/usr/local/lib/nod&amp#27;[35m[HTTP]&amp#27;[e_modules/appium39m/node_mod &amp#27;ul[37m-->&amp#27;[39m &amp#27;es/ba[3bel-ru7mntimPOe/ST&amp#27;[regener39atorm /ru&amp#27;[37mnt/wd/hub/sessionim/6c033e.50js:12-f36:3d88-7)
4722-8b5b-92e91949d161/element&amp#27;[39m
&amp#27;[35m[HTTP]&amp#27;[39m &amp#27;[90m{"using":"id","value":"com.Slack:id/next_button_url_entry"}&amp#27;[39m
[debug] &amp#27;[35m[W3C]&amp#27;[39m Calling AppiumDriver.findElement() with args: ["id","com.Slack:id/next_button_url_entry","6c033502-fd88-4722-8b5b-92e91949d161"]
[debug] &amp#27;[35m[BaseDriver]&amp#27;[39m Valid locator strategies for this request: xpath, id, class name, accessibility id, -android uiautomator
[debug] &amp#27;[35m[BaseDriver]&amp#27;[39m Waiting up to 0 ms for condition
[debug] &amp#27;[35m[JSONWP Proxy]&amp#27;[39m Matched '/element' to command name 'findElement'
[debug] &amp#27;[35m[JSONWP Proxy]&amp#27;[39m Proxying [POST /element] to [POST http://localhost:8201/wd/hub/session/5a27c767-9791-4751-872d-2ed612cd606d/element] with body: {"strategy":"id","selector":"com.Slack:id/next_button_url_entry","context":"","multiple":false}
[debug] &amp#27;[35m[MJSONWP]&amp#27;[39m Matched JSONWP error code 7 to NoSuchElementError
&amp#27;[35m[MJSONWP]&amp#27;[39m Encountered internal error running command: NoSuchElementError: An element could not be located on the page using the given search parameters.
&amp#27;[35m[MJSONWP]&amp#27;[39m     at AndroidUiautomator2Driver.callee$0$0$ (/usr/local/lib/node_module&amp#27;[s/app35ium/nodem[HTTP]&amp#27;[39m_m &amp#27;[37m<-- POSTod /wdul/hub/sessies/aon/6c033ppiu502-fd88-4722-8m-android-drb5b-92e919iver/l49ibd161/element &amp#27;/com[39m&amp#27;[31m500&amp#27;[39m &amp#27;[90m18 msmands/find.js:75 - 1:11)
&amp#27;[35m[MJS64&amp#27;[39m
ON&amp#27;WP]&amp#27;[39[35m[HTTPm  ]&amp#27;   at [39mt &amp#27;[ryCa90m&amp#27;[tc39m
h (/usr/local/lib/node_modules/appium/node_modules/babel-runtime/regenerator/runtime.js:67:40)
&amp#27;[35m[MJSONWP]&amp#27;[39m     at GeneratorFunctionPrototype.invoke [as _invoke] (/usr/local/lib/node_modules/appium/node_modules/babel-runtime/regenerator/runtime.js:315:22)
&amp#27;[35m[MJSONWP]&amp#27;[39m     at GeneratorFunctionPrototype.prototype.(anonymous function) [as throw] (/usr/local/lib/node_modules/appium/node_mod&amp#27;[35ulm[esHTTP]&amp#27;[39/babem &amp#27;[3l-7mrunt--im>&amp#27;[39m &amp#27;[e/37mPOST&amp#27;regene[39m rato&amp#27;[r/runt37ime.js:m/10wd/hub/ses0:2si1)
&amp#27;[3on/5m6c033502[MJSONWP-fd]&amp#27;88-4722-[39m     a8b5bt -9Ge2e91ne949rad1tor61Fu/elemenctntion&amp#27;[39Prototype.invm
oke&amp#27;[ (/35m[HTusTP]&amp#27;[39m &amp#27;r/local/[9li0mb/nod{"using"e_modules:"/aidppiu",m/"value":"nocomde_.Slamoduck:iles/babel-d/nruexntime/t_regebuttneraton_or/runurl_enttiry"}me.js:1&amp#27;[39m
36:3[debug]7)
 &amp#27;[35m[W3C]&amp#27;[39m Calling AppiumDriver.findElement() with args: ["id","com.Slack:id/next_button_url_entry","6c033502-fd88-4722-8b5b-92e91949d161"]
[debug] &amp#27;[35m[BaseDriver]&amp#27;[39m Valid locator strategies for this request: xpath, id, class name, accessibility id, -android uiautomator
[debug] &amp#27;[35m[BaseDriver]&amp#27;[39m Waiting up to 0 ms for condition
[debug] &amp#27;[35m[JSONWP Proxy]&amp#27;[39m Matched '/element' to command name 'findElement'
[debug] &amp#27;[35m[JSONWP Proxy]&amp#27;[39m Proxying [POST /element] to [POST http://localhost:8201/wd/hub/session/5a27c767-9791-4751-872d-2ed612cd606d/element] with body: {"strategy":"id","selector":"com.Slack:id/next_button_url_entry","context":"","multiple":false}
[debug] &amp#27;[35m[MJSONWP]&amp#27;[39m Matched JSONWP error code 7 to NoSuchElementError
&amp#27;[35m[MJSONWP]&amp#27;[39m Encountered internal error running command: NoSuchElementError: An element could not be located on the page using the given search parameters.
&amp#27;[35m[MJSONWP]&amp#27;[39m     at AndroidUiautomator2Driver.callee$0$0$ (/usr/local/lib/node_modules/appium/node_modules/appium-andr&amp#27;[3oid-driv5m[HTTer/lib/commaP]nds/find.j&amp#27;[39m &amp#27;[37m<--s POST /wd/hub/ses:75:11)s
&amp#27;[ion35m[/6c033MJSON502-fWP]&amp#27;[d839m     at8- try4722-8b5b-92e919Catch49d161/ (/usr/lelocemental/lib/node_modul &amp#27;[39m&amp#27;[31m500&amp#27;[39m &amp#27;[90mes/ap22 ms -pium/ 1node_64&amp#27;[3modules9m
/b&amp#27;[35abem[HTTP]&amp#27;[39m &amp#27;[90m&amp#27;l-runtime/reg[39m
enerator/runtime.js:67:40)
&amp#27;[35m[MJSONWP]&amp#27;[39m     at GeneratorFunctionPrototype.invoke [as _invoke] (/usr/local/lib/node_modules/appium/node_modules/babel-runtime/regenerator/runtime.js:315:22)
&amp#27;[35m[MJSONWP]&amp#27;[39m     at GeneratorFunctionPrototype.prototype.(anonymous function) [as throw] (/usr/local/lib/node_modules/appium/node_modules/babel-runtime/regenerator/runtime.js:100:21)
&amp#27;[35m[MJSONWP]&amp#27;[39m     at GeneratorFunctionPrototype.invoke (/usr/local/lib/node_modules/appium/node_modules/babel-runtime/regenerator/runtime&amp#27;[.js:35m[HTTP]136:37)
&amp#27;[39m &amp#27;[37m-->&amp#27;[39m &amp#27;[37mPOST&amp#27;[39m &amp#27;[37m/wd/hub/session/6c033502-fd88-4722-8b5b-92e91949d161/element&amp#27;[39m
&amp#27;[35m[HTTP]&amp#27;[39m &amp#27;[90m{"using":"id","value":"com.Slack:id/next_button_url_entry"}&amp#27;[39m
[debug] &amp#27;[35m[W3C]&amp#27;[39m Calling AppiumDriver.findElement() with args: ["id","com.Slack:id/next_button_url_entry","6c033502-fd88-4722-8b5b-92e91949d161"]
[debug] &amp#27;[35m[BaseDriver]&amp#27;[39m Valid locator strategies for this request: xpath, id, class name, accessibility id, -android uiautomator
[debug] &amp#27;[35m[BaseDriver]&amp#27;[39m Waiting up to 0 ms for condition
[debug] &amp#27;[35m[JSONWP Proxy]&amp#27;[39m Matched '/element' to command name 'findElement'
[debug] &amp#27;[35m[JSONWP Proxy]&amp#27;[39m Proxying [POST /element] to [POST http://localhost:8201/wd/hub/session/5a27c767-9791-4751-872d-2ed612cd606d/element] with body: {"strategy":"id","selector":"com.Slack:id/next_button_url_entry","context":"","multiple":false}
[debug] &amp#27;[35m[MJSONWP]&amp#27;[39m Matched JSONWP error code 7 to NoSuchElementError
&amp#27;[35m[MJSONWP]&amp#27;[39m Encountered internal error running command: NoSuchElementError: An element could not be located on the page using the given search parameters.
&amp#27;[35m[MJSONWP]&amp#27;[39m     at AndroidUiautomator2Driver.callee$0$0$ (/usr/local/lib/node_modules/appium/node_mo&amp#27;[du35m[les/aHTppTP]&amp#27;[39m ium-android-&amp#27;[37m<-- driver/liPOb/commandST /wd/hub/s/find.jses:75ssio:11)
&amp#27;[35mn/[M6c033502-fJSONWPd88]&amp#27;-4[39m     a722-8b5b-t tryCatch (/u92sr/local/lie91b/949d1node_m61/eleodulesment &amp#27;[39m&amp#27;[31m500/a&amp#27;[39ppim &amp#27;[90m19 ms - 1um/64&amp#27;[39m
node_m&amp#27;[35m[HTTP]&amp#27;[39modul &amp#27;es/[90m&amp#27;[39m
babel-runtime/regenerator/runtime.js:67:40)
&amp#27;[35m[MJSONWP]&amp#27;[39m     at GeneratorFunctionPrototype.invoke [as _invoke] (/usr/local/lib/node_modules/appium/node_modules/babel-runtime/regenerator/runtime.js:315:22)
&amp#27;[35m[MJSONWP]&amp#27;[39m     at GeneratorFunctionPrototype.prototype.(anonymous function) [as throw] (/usr/local/lib/node_modules/appium/node_modules/babel-runtime/regenerator/runtime.js:100:21)
&amp#27;[35m[MJSONWP]&amp#27;[39m     at Genera&amp#27;[to35rFm[uncHTTtioP]&amp#27;[nPrototype39.invoke m (/us&amp#27;[37mr/local--/li>&amp#27;[39m b/nod&amp#27;[37mPOST&amp#27;e_mod[39mule &amp#27;[37m/wd/hubs//session/appiu6c0m/node_modules/babel-runt33ime/502-fd88-47regene22-ra8b5b-92etor91949/runtimd161/ele.js:136:37)
ement&amp#27;[39m
&amp#27;[35m[HTTP]&amp#27;[39m &amp#27;[90m{"using":"id","value":"com.Slack:id/next_button_url_entry"}&amp#27;[39m
[debug] &amp#27;[35m[W3C]&amp#27;[39m Calling AppiumDriver.findElement() with args: ["id","com.Slack:id/next_button_url_entry","6c033502-fd88-4722-8b5b-92e91949d161"]
[debug] &amp#27;[35m[BaseDriver]&amp#27;[39m Valid locator strategies for this request: xpath, id, class name, accessibility id, -android uiautomator
[debug] &amp#27;[35m[BaseDriver]&amp#27;[39m Waiting up to 0 ms for condition
[debug] &amp#27;[35m[JSONWP Proxy]&amp#27;[39m Matched '/element' to command name 'findElement'
[debug] &amp#27;[35m[JSONWP Proxy]&amp#27;[39m Proxying [POST /element] to [POST http://localhost:8201/wd/hub/session/5a27c767-9791-4751-872d-2ed612cd606d/element] with body: {"strategy":"id","selector":"com.Slack:id/next_button_url_entry","context":"","multiple":false}
[debug] &amp#27;[35m[MJSONWP]&amp#27;[39m Matched JSONWP error code 7 to NoSuchElementError
&amp#27;[35m[MJSONWP]&amp#27;[39m Encountered internal error running command: NoSuchElementError: An element could not be located on the page using the given search parameters.
&amp#27;[35m[MJSONWP]&amp#27;[39m     at AndroidUiautomator2Driver.callee$0$0&amp#27;[35m[$ (/usrHTTP]&amp#27;[/lo39cal/lib/node_modules/appim um&amp#27;[/n37ode_modules/appium-andm<-roid-dr- ivePOST /wd/hub/sr/libe/comsmsion/6c03ands3502-fd8/8-f4722-8b5b-92e91949d1ind.61/elemjs:75:11)
&amp#27;[35m[MJSONWP]ent &amp#27;[39m&amp#27;[3&amp#27;[39m1m500&amp#27;  [39m &amp#27;[   at tryCat90m2ch (/usr3 /locamsl/lib/ - 164&amp#27;nod[39e_modum
le&amp#27;[s35m[HTTP]/a&amp#27;[39ppium/nm &amp#27;ode_modules/[9bab0mel-run&amp#27;[39mtime/
regenerator/runtime.js:67:40)
&amp#27;[35m[MJSONWP]&amp#27;[39m     at GeneratorFunctionPrototype.invoke [as _invoke] (/usr/local/lib/node_modules/appium/node_modules/babel-runtime/regenerator/runtime.js:315:22)
&amp#27;[35m[MJSONWP]&amp#27;[39m     at GeneratorFunctionPrototype.prototype.(anonymous function) [as throw] (/usr/local/lib/node_modules/appium/n&amp#27;[35mod[HTTe_modP]&amp#27;[39mul &amp#27;[37es/bm-abel-r->&amp#27;[39m &amp#27;untim[3e/regene7mrator/POruntSTime.js:&amp#27;[10390:m 21)&amp#27;
[3&amp#27;[7m/wd/hub/s35m[MJession/6SOc033NWP]&amp#27;50[39m     a2-t fd8Ge8-472ne2-8b5ratob-92rFune9ction1949Prd1ototyp61/ele.ementinvo&amp#27;[39mke
 (/u&amp#27;[sr3/lo5m[HTTP]cal/l&amp#27;[39m &amp#27;[90m{"ib/nodusing":"id","e_value":"modules/acoppiumm./node_modules/babeSlack:l-idruntim/ne/ext_regenerator/buttrunon_url_entry"}&amp#27;[39timem
.j[ds:136:37)
ebug] &amp#27;[35m[W3C]&amp#27;[39m Calling AppiumDriver.findElement() with args: ["id","com.Slack:id/next_button_url_entry","6c033502-fd88-4722-8b5b-92e91949d161"]
[debug] &amp#27;[35m[BaseDriver]&amp#27;[39m Valid locator strategies for this request: xpath, id, class name, accessibility id, -android uiautomator
[debug] &amp#27;[35m[BaseDriver]&amp#27;[39m Waiting up to 0 ms for condition
[debug] &amp#27;[35m[JSONWP Proxy]&amp#27;[39m Matched '/element' to command name 'findElement'
[debug] &amp#27;[35m[JSONWP Proxy]&amp#27;[39m Proxying [POST /element] to [POST http://localhost:8201/wd/hub/session/5a27c767-9791-4751-872d-2ed612cd606d/element] with body: {"strategy":"id","selector":"com.Slack:id/next_button_url_entry","context":"","multiple":false}
[debug] &amp#27;[35m[MJSONWP]&amp#27;[39m Matched JSONWP error code 7 to NoSuchElementError
&amp#27;[35m[MJSONWP]&amp#27;[39m Encountered internal error running command: NoSuchElementError: An element could not be located on the page using the given search parameters.
&amp#27;[35m[MJSONWP]&amp#27;[39m     at AndroidUiautomator2Driver.callee$&amp#27;[35m[HTT0$0$ (/usr/local/lib/noP]&amp#27;[39m &amp#27;[de_m37m<-odu- POST les//wappium/node_modules/appium-android-driverd/hub/s/lib/commands/feind.js:7ssion/6c05:11)
335&amp#27;[02-f35m[d88-MJSONWP]&amp#27;47[39m   22-8b5b-92  at tryCate9ch 19(/usr49/local/libd1/node_modules61//element &amp#27;ap[3pium/node_mod9mu&amp#27;[31m500&amp#27;[3les9m /b&amp#27;[ab90elm21-r ms unt- ime/regenerato164&amp#27;[39rm
/&amp#27;[35m[HTruTP]&amp#27;[39m &amp#27;[nt90m&amp#27;[ime.js:6739m:40)

&amp#27;[35m[MJSONWP]&amp#27;[39m     at GeneratorFunctionPrototype.invoke [as _invoke] (/usr/local/lib/node_modules/appium/node_modules/babel-runtime/regenerator/runtime.js:315:22)
&amp#27;[35m[MJSONWP]&amp#27;[39m     at GeneratorFunctionPrototype.prototype.(anonymous function) [as throw] (/usr/local/lib/node_modules/appium/node_modules/babel-runtime/regenerator/runtime.js:100:21)
&amp#27;[35m[MJSONWP]&amp#27;[39m     at GeneratorFunctionPrototype.invoke (/usr/local/lib/node_modules/appium/node_modules/babel-runtime/regenerator/runtime.js:136:37)
&amp#27;[35m[HTTP]&amp#27;[39m &amp#27;[37m-->&amp#27;[39m &amp#27;[37mPOST&amp#27;[39m &amp#27;[37m/wd/hub/session/6c033502-fd88-4722-8b5b-92e91949d161/element&amp#27;[39m
&amp#27;[35m[HTTP]&amp#27;[39m &amp#27;[90m{"using":"id","value":"com.Slack:id/next_button_url_entry"}&amp#27;[39m
[debug] &amp#27;[35m[W3C]&amp#27;[39m Calling AppiumDriver.findElement() with args: ["id","com.Slack:id/next_button_url_entry","6c033502-fd88-4722-8b5b-92e91949d161"]
[debug] &amp#27;[35m[BaseDriver]&amp#27;[39m Valid locator strategies for this request: xpath, id, class name, accessibility id, -android uiautomator
[debug] &amp#27;[35m[BaseDriver]&amp#27;[39m Waiting up to 0 ms for condition
[debug] &amp#27;[35m[JSONWP Proxy]&amp#27;[39m Matched '/element' to command name 'findElement'
[debug] &amp#27;[35m[JSONWP Proxy]&amp#27;[39m Proxying [POST /element] to [POST http://localhost:8201/wd/hub/session/5a27c767-9791-4751-872d-2ed612cd606d/element] with body: {"strategy":"id","selector":"com.Slack:id/next_button_url_entry","context":"","multiple":false}
[debug] &amp#27;[35m[MJSONWP]&amp#27;[39m Matched JSONWP error code 7 to NoSuchElementError
&amp#27;[35m[MJSONWP]&amp#27;[39m Encountered internal error running command: NoSuchElementError: An element could not be located on the page using the given search parameters.
&amp#27;[35m[MJSONWP]&amp#27;[39m     at AndroidUiautomator2Driver.callee$0$0$ (/usr/local/lib/n&amp#27;[35m[odHTTP]&amp#27;[39m &amp#27;[37m<-- POST /wd/hue_modules/appib/um/node_msessodion/6c033ul502-fd8es/appium-8-4an722-8bdroid5b-92e9-driver/l19ib/commands/49d161/element &amp#27;find.js[3:759m:1&amp#27;[31m51)
&amp#27;[3500m[MJS&amp#27;[39mO &amp#27;[NWP90m1]&amp#27;[39m    6 ms a - 164&amp#27;[3t tr9myCat
ch&amp#27;[ (35/usr/lm[ocHTTP]&amp#27;al/lib/no[39m &amp#27;[90mde&amp#27;[_m39odm
ules/appium/node_modules/babel-runtime/regenerator/runtime.js:67:40)
&amp#27;[35m[MJSONWP]&amp#27;[39m     at GeneratorFunctionPrototype.invoke [as _invoke] (/usr/local/lib/node_modules/appium/node_modules/babel-runtime/regenerator/runtime.js:315:22)
&amp#27;[35m[MJSONWP]&amp#27;[39m     at GeneratorFunctionPrototype.prototype.(anonymous function) [as throw] (/usr/local/lib/node_modules/appium/node_modules/babel-runtime/regenerator/runtime.js:100:21)
&amp#27;[35m[MJSONWP]&amp#27;[39m     at GeneratorFun&amp#27;[ct35m[HTionTP]&amp#27;[Prot39m &amp#27;[37m-->&amp#27;otype.[39m &amp#27;[37mPOSinvoT&amp#27;ke (/[39usr/locam &amp#27;l/[37m/wdlib/node_modules/hub/a/sesppsion/6ciu033m/node_modu502-fd8le8-4722-s8/babeb5bl--92runtie91949d161/elementme/rege&amp#27;[39mnerator/runtime.js
:136:37)
&amp#27;[35m[HTTP]&amp#27;[39m &amp#27;[90m{"using":"id","value":"com.Slack:id/next_button_url_entry"}&amp#27;[39m
[debug] &amp#27;[35m[W3C]&amp#27;[39m Calling AppiumDriver.findElement() with args: ["id","com.Slack:id/next_button_url_entry","6c033502-fd88-4722-8b5b-92e91949d161"]
[debug] &amp#27;[35m[BaseDriver]&amp#27;[39m Valid locator strategies for this request: xpath, id, class name, accessibility id, -android uiautomator
[debug] &amp#27;[35m[BaseDriver]&amp#27;[39m Waiting up to 0 ms for condition
[debug] &amp#27;[35m[JSONWP Proxy]&amp#27;[39m Matched '/element' to command name 'findElement'
[debug] &amp#27;[35m[JSONWP Proxy]&amp#27;[39m Proxying [POST /element] to [POST http://localhost:8201/wd/hub/session/5a27c767-9791-4751-872d-2ed612cd606d/element] with body: {"strategy":"id","selector":"com.Slack:id/next_button_url_entry","context":"","multiple":false}
[debug] &amp#27;[35m[MJSONWP]&amp#27;[39m Matched JSONWP error code 7 to NoSuchElementError
&amp#27;[35m[MJSONWP]&amp#27;[39m Encountered internal error running command: NoSuchElementError: An element could not be located on the page using the given search parameters.
&amp#27;[35m[MJSONWP]&amp#27;[39m     at AndroidUiautomator2Driver&amp#27;[35m[HTTP].callee$0$0$ (/&amp#27;[39m &amp#27;[us37m<-- POST /wd/hub/sessir/local/lib/node_moon/6duc033les/a50ppi2-fd88-4um/72node_2-8b5b-92e91949dmo161/element &amp#27;[39mdules/appiu&amp#27;[31m500&amp#27;[39m-android-driver/m &amp#27;lib/co[9mmand0m21 ms - 164s/find.j&amp#27;[39m
s:7&amp#27;[35:11)
&amp#27;[35m[MJ5mSONWP]&amp#27;[[H39mTT   P]&amp#27;[39m  at &amp#27;[90m&amp#27;[ tryCatc39h m
(/usr/local/lib/node_modules/appium/node_modules/babel-runtime/regenerator/runtime.js:67:40)
&amp#27;[35m[MJSONWP]&amp#27;[39m     at GeneratorFunctionPrototype.invoke [as _invoke] (/usr/local/lib/node_modules/appium/node_modules/babel-runtime/regenerator/runtime.js:315:22)
&amp#27;[35m[MJSONWP]&amp#27;[39m     at GeneratorFunctionPrototype.prototype.(anonymous function) [as throw] (/usr/local/lib/node_modules/appium/node_modules/babel-runtime/regenerator/runtime.js:100:21)
&amp#27;[35m[MJSONWP]&amp#27;[39m     at GeneratorFunctionPrototype.invoke (/usr/local/lib/node_modules/appium/node_modules/babel-runtime/regenerator/runtime.js:&amp#27;[35m136:37)
[HTTP]&amp#27;[39m &amp#27;[37m-->&amp#27;[39m &amp#27;[37mPOST&amp#27;[39m &amp#27;[37m/wd/hub/session/6c033502-fd88-4722-8b5b-92e91949d161/element&amp#27;[39m
&amp#27;[35m[HTTP]&amp#27;[39m &amp#27;[90m{"using":"id","value":"com.Slack:id/next_button_url_entry"}&amp#27;[39m
[debug] &amp#27;[35m[W3C]&amp#27;[39m Calling AppiumDriver.findElement() with args: ["id","com.Slack:id/next_button_url_entry","6c033502-fd88-4722-8b5b-92e91949d161"]
[debug] &amp#27;[35m[BaseDriver]&amp#27;[39m Valid locator strategies for this request: xpath, id, class name, accessibility id, -android uiautomator
[debug] &amp#27;[35m[BaseDriver]&amp#27;[39m Waiting up to 0 ms for condition
[debug] &amp#27;[35m[JSONWP Proxy]&amp#27;[39m Matched '/element' to command name 'findElement'
[debug] &amp#27;[35m[JSONWP Proxy]&amp#27;[39m Proxying [POST /element] to [POST http://localhost:8201/wd/hub/session/5a27c767-9791-4751-872d-2ed612cd606d/element] with body: {"strategy":"id","selector":"com.Slack:id/next_button_url_entry","context":"","multiple":false}
[debug] &amp#27;[35m[MJSONWP]&amp#27;[39m Matched JSONWP error code 7 to NoSuchElementError
&amp#27;[35m[MJSONWP]&amp#27;[39m Encountered internal error running command: NoSuchElementError: An element could not be located on the page using the given search parameters.
&amp#27;[35m[MJSONWP]&amp#27;[39m     at AndroidUiautomator2Driver.callee$0$0$ (/usr/local/lib/node_modules/appium/node_modules/appium-android-driver/lib/commands/find.js:75:11)&amp#27;[
&amp#27;[35m[HTTP]&amp#27;[35m[MJS39m &amp#27;[37m<ON-- POST WP]&amp#27;[39m     at tr/wd/hub/seyCatchssion/6c033502-fd88 (/usr/local/li-4722-8b/node_mb5b-9od2e919ules/a49dppium/161/noelemende_modulest /babel-&amp#27;[39m&amp#27;[31m500&amp#27;runt[39m im&amp#27;[90m22 ms -e/regenerator/ 16ru4&amp#27;[ntime.js39m:67:40)
&amp#27;[3
5m[MJSONWP]&amp#27;[39m    &amp#27;[35m[HTTP]&amp#27;[39m &amp#27;[90m&amp#27;[3 a9m
t GeneratorFunctionPrototype.invoke [as _invoke] (/usr/local/lib/node_modules/appium/node_modules/babel-runtime/regenerator/runtime.js:315:22)
&amp#27;[35m[MJSONWP]&amp#27;[39m     at GeneratorFunctionPrototype.prototype.(anonymous function) [as throw] (/usr/local/lib/node_modules/appium&amp#27;[35m/n[HodTTe_moduP]&amp#27;[39m les/b&amp#27;[37abem-->l-&amp#27;[39m &amp#27;[3runtime/7mPOregenerST&amp#27;[ator/ru39mnt &amp#27;ime.j[3s:107m/wd/hub/s0:21)
&amp#27;[es35m[MJSONWsion/6cP]033502-fd88-4722-8b5b-&amp#27;[3929me919    49d1 at Ge61/eleneratmentorFunct&amp#27;[ionP39rom
totype.invoke (&amp#27;[35m[H/usr/locTTP]&amp#27;[39al/lib/node_mom &amp#27;[du90m{"usingle":"s/aid"ppium/n,"value"od:"com.Slack:id/next_button_uerl_mod_enules/btry"abel-r}&amp#27;[3unt9mime
[debug] &amp#27;[35m[W3C]&amp#27;[39/regm Calling AppiumDriver.findElement() with args: ["id","com.Slack:enerid/nextator/runtime.js:136:37)
_button_url_entry","6c033502-fd88-4722-8b5b-92e91949d161"]
[debug] &amp#27;[35m[BaseDriver]&amp#27;[39m Valid locator strategies for this request: xpath, id, class name, accessibility id, -android uiautomator
[debug] &amp#27;[35m[BaseDriver]&amp#27;[39m Waiting up to 0 ms for condition
[debug] &amp#27;[35m[JSONWP Proxy]&amp#27;[39m Matched '/element' to command name 'findElement'
[debug] &amp#27;[35m[JSONWP Proxy]&amp#27;[39m Proxying [POST /element] to [POST http://localhost:8201/wd/hub/session/5a27c767-9791-4751-872d-2ed612cd606d/element] with body: {"strategy":"id","selector":"com.Slack:id/next_button_url_entry","context":"","multiple":false}
[debug] &amp#27;[35m[MJSONWP]&amp#27;[39m Matched JSONWP error code 7 to NoSuchElementError
&amp#27;[35m[MJSONWP]&amp#27;[39m Encountered internal error running command: NoSuchElementError: An element could not be located on the page using the given search par&amp#27;[35m[HTTP]&amp#27;[39mameters.
 &amp#27;[37m<-- POST /wd/&amp#27;[35m[MJSONWP]&amp#27;[39m     at AndroidUiautomator2Driver.callee$0$0$ (/usr/lhub/sessionocal/6/lib/c033node_modu502-fd8les/appium/no8-de_modules/app4722-8ib5b-um-a92e91949ndrod161i/element &amp#27;[39m&amp#27;[d-driver31m500&amp#27;[39m &amp#27;[90m26 ms - 164&amp#27;[39m
&amp#27;[35m[HTTP]&amp#27;[39m &amp#27;[90m/lib/commands/find.js:75:11)
&amp#27;[35m[MJSONWP]&amp#27;[39m     at tryCatch (/u&amp#27;[39m
sr/local/lib/node_modules/appium/node_modules/babel-runtime/regenerator/runtime.js:67:40)
&amp#27;[35m[MJSONWP]&amp#27;[39m     at GeneratorFunctionPrototype.invoke [as _invoke] (/usr/local/lib/node_modules/appium/node_modules/babel-runtime/regenerator/runtime.js:315:22)
&amp#27;[35m[MJSONWP]&amp#27;[39m     at Genera&amp#27;[torFun35m[HTTP]&amp#27;[39mct &amp#27;[37m--io>&amp#27;[39mnProtot &amp#27;[37mPOypST&amp#27;e.[39m &amp#27;[37m/wd/hub/session/6cprot03ot350yp2-e.(afd88-4nonymous functio722n-8) [as throw] (/usr/local/lib/node_modulb5b-92es/appium/node_modules/babee91949d161/element&amp#27;[39m
l-runtime/regenerator/runtime.js:100&amp#27;[35m[HTTP]&amp#27;[39m &amp#27;[90m{"using":"id","value":"c:om.Slack:id/nex21)
&amp#27;[35m[t_button_url_entry"}&amp#27;[39m
[debug] &amp#27;[35mMJSONW[W3C]&amp#27;[39m Calling AppiuP]mDri&amp#27;[39mver.findElement() with args: ["id","c     at omGeneratorFun.Slactck:id/next_button_ionPrototype.iurl_entry","6c033502-fd8nvoke8-4722-8 (/usr/b5b-92local/lib/noe9de_modules/appium/node_modules/bab1el94-ru9d16nti1"]
me[d/rebug]egener &amp#27;[35m[atorBaseD/rurintime.jsver]&amp#27;[3:19m 36Vali:37d l)
ocator strategies for this request: xpath, id, class name, accessibility id, -android uiautomator
[debug] &amp#27;[35m[BaseDriver]&amp#27;[39m Waiting up to 0 ms for condition
[debug] &amp#27;[35m[JSONWP Proxy]&amp#27;[39m Matched '/element' to command name 'findElement'
[debug] &amp#27;[35m[JSONWP Proxy]&amp#27;[39m Proxying [POST /element] to [POST http://localhost:8201/wd/hub/session/5a27c767-9791-4751-872d-2ed612cd606d/element] with body: {"strategy":"id","selector":"com.Slack:id/next_button_url_entry","context":"","multiple":false}
[debug] &amp#27;[35m[MJSONWP]&amp#27;[39m Matched JSONWP error code 7 to NoSuchElementError
&amp#27;[35m[MJSONWP]&amp#27;[39m Encountered internal error running command: NoSuchElementError: An element could not be located on the page using the given search parameters.
&amp#27;[35m[MJSONWP]&amp#27;[39m     at AndroidUiautomator2Driver.callee$0$0$ (/usr/local/lib/node_modules/appium/node_modules/appium-android-driver/&amp#27;[35lib/commands/findm[HTT.js:P]&amp#27;[375:11)
&amp#27;[9m 35&amp#27;[m[MJ37SONWP]m<&amp#27;[39m     at tryCatch (-- POST /usr/lo/wd/hub/secassion/6c0l/lib/node_modules/33502-fd8appium/no8-4de_modu72les/babe2-l-8bru5b-92e91949dntime/re161/elegenerator/rumentint &amp#27;[39m&amp#27;[31me.jm500&amp#27;[39ms:67 &amp#27;:40)
&amp#27;[35m[90m29[MJSONWP]&amp#27;[39m     at Gen meratorFuns - 164&amp#27;[39m
&amp#27;[35m[HTTP]&amp#27;[39m &amp#27;[90m&amp#27;[39m
ctionPrototype.invoke [as _invoke] (/usr/local/lib/node_modules/appium/node_modules/babel-runtime/regenerator/runtime.js:315:22)
&amp#27;[35m[MJSONWP]&amp#27;[39m     at GeneratorFunctionPrototype.prototype.(anonymous function) [as throw] (/usr/local/lib/node_modules/appium/nod&amp#27;[e_mod35m[HulTTP]es&amp#27;[/ba39m be&amp#27;[l-37m-->&amp#27;[39m &amp#27;[run37mPOStimeT&amp#27;[39m/rege &amp#27;[nerator/runtime37.js:100m/:2wd/hub/sess1)
&amp#27;ion/6c033502-fd[35m[MJSONWP]&amp#27;[39m     at GeneratorF88unct-4ionPrototyp722-8b5b-9e.2e91invo949d1ke (/usr/l61/element&amp#27;[ocal39m
/lib&amp#27;[/node35m[H_mTTodules/appium/node_modulesP]&amp#27;/babel-[39runtimem &amp#27;[9/regenera0m{"utosir/runting":"me.jsid",":1value":36:37)
"com.Slack:id/next_button_url_entry"}&amp#27;[39m
[debug] &amp#27;[35m[W3C]&amp#27;[39m Calling AppiumDriver.findElement() with args: ["id","com.Slack:id/next_button_url_entry","6c033502-fd88-4722-8b5b-92e91949d161"]
[debug] &amp#27;[35m[BaseDriver]&amp#27;[39m Valid locator strategies for this request: xpath, id, class name, accessibility id, -android uiautomator
[debug] &amp#27;[35m[BaseDriver]&amp#27;[39m Waiting up to 0 ms for condition
[debug] &amp#27;[35m[JSONWP Proxy]&amp#27;[39m Matched '/element' to command name 'findElement'
[debug] &amp#27;[35m[JSONWP Proxy]&amp#27;[39m Proxying [POST /element] to [POST http://localhost:8201/wd/hub/session/5a27c767-9791-4751-872d-2ed612cd606d/element] with body: {"strategy":"id","selector":"com.Slack:id/next_button_url_entry","context":"","multiple":false}
[debug] &amp#27;[35m[MJSONWP]&amp#27;[39m Matched JSONWP error code 7 to NoSuchElementError
&amp#27;[35m[MJSONWP]&amp#27;[39m Encountered internal error running command: NoSuchElementError: An element could not be located on the page using the given search parameters.
&amp#27;[35m[MJSONWP]&amp#27;[39m     at AndroidUiautomator2Driver.callee$0$0$ (/usr/local/lib/node_modules/appium/node_modules&amp#27;[3/a5m[HTTP]&amp#27;[39m &amp#27;[37mppi<-- POSTum-android-driver/lib/command /wd/hs/find.js:75:11)
&amp#27;[35m[MJub/session/6c03SONW35P]&amp#27;[0239m     a-ft tryCatchd8 (8-4722-8b/us5b-r/loca92e919l/l49ibd161/e/node_modules/appium/node_modulement &amp#27;les/b[3abel-9m&amp#27;[runtime/r31m500eg&amp#27;[39m &amp#27;[90m21 ms - 164&amp#27;[39m
&amp#27;[35m[HTTP]&amp#27;[39m &amp#27;[9enerator/run0m&amp#27;[39m
time.js:67:40)
&amp#27;[35m[MJSONWP]&amp#27;[39m     at GeneratorFunctionPrototype.invoke [as _invoke] (/usr/local/lib/node_modules/appium/node_modules/babel-runtime/regenerator/runtime.js:315:22)
&amp#27;[35m[MJSONWP]&amp#27;[39m     at GeneratorFunctionPrototype.prototype.(anonymous function) [as throw] (/usr/local/lib/node_modules/appium/node_modules/babe&amp#27;[l-35rum[HTTntiP]me/re&amp#27;[ge39nerator/rm unti&amp#27;[me.js37:100m-->&amp#27;[3:21)
&amp#27;9m &amp#27;[37m[POST&amp#27;[39m &amp#27;[37m/wd/hub35m[MJSONWP]&amp#27;[39m     at Generat/soression/6c033502-fd88-4FunctionProt722o-8typeb5b-92e91949.ind1voke (/61usr/local/lib/nod/ee_modules/appiulem/node_modulment&amp#27;[es/b39m
abel&amp#27;[35m[HTTP]-runtime/regenerator/runtime.j&amp#27;[39ms:136:37)
 &amp#27;[90m{"using":"id","value":"com.Slack:id/next_button_url_entry"}&amp#27;[39m
[debug] &amp#27;[35m[W3C]&amp#27;[39m Calling AppiumDriver.findElement() with args: ["id","com.Slack:id/next_button_url_entry","6c033502-fd88-4722-8b5b-92e91949d161"]
[debug] &amp#27;[35m[BaseDriver]&amp#27;[39m Valid locator strategies for this request: xpath, id, class name, accessibility id, -android uiautomator
[debug] &amp#27;[35m[BaseDriver]&amp#27;[39m Waiting up to 0 ms for condition
[debug] &amp#27;[35m[JSONWP Proxy]&amp#27;[39m Matched '/element' to command name 'findElement'
[debug] &amp#27;[35m[JSONWP Proxy]&amp#27;[39m Proxying [POST /element] to [POST http://localhost:8201/wd/hub/session/5a27c767-9791-4751-872d-2ed612cd606d/element] with body: {"strategy":"id","selector":"com.Slack:id/next_button_url_entry","context":"","multiple":false}
[debug] &amp#27;[35m[MJSONWP]&amp#27;[39m Matched JSONWP error code 7 to NoSuchElementError
&amp#27;[35m[MJSONWP]&amp#27;[39m Encountered internal error running command: NoSuchElementError: An element could not be located on the page using the given search parameters.
&amp#27;[35m[MJSONWP]&amp#27;[39m     at AndroidUiautomator2Driver.callee$0$0$ (/usr/lo&amp#27;[3cal5m[H/liTTP]&amp#27;b/node_modules/ap[3pium9m &amp#27;[3/node7m<-- POST /wd/h_modules/appium-aub/ndroidsession/6-driver/lib/commands/find.js:c075:11)
33502-fd&amp#27;[35m[MJSONWP]&amp#27;[39m     at tryCatch (/usr/local/lib/n88ode-4722-8b_mo5bdul-92e91949d1es/61appium/element /node_mod&amp#27;[ule39s/babel-rum&amp#27;[31ntime/regeneratom5r/ru00&amp#27;[39ntime.js:67:40)
&amp#27;m &amp#27;[90m17 ms - 164&amp#27;[39m
&amp#27;[35m[HTTP]&amp#27;[39m &amp#27;[[35m[MJ90m&amp#27;[39m
SONWP]&amp#27;[39m     at GeneratorFunctionPrototype.invoke [as _invoke] (/usr/local/lib/node_modules/appium/node_modules/babel-runtime/regenerator/runtime.js:315:22)
&amp#27;[35m[MJSONWP]&amp#27;[39m     at GeneratorFunctionPrototype.prototype.(anonymous function) [as throw] (/usr/local/lib/node_modules/appium/node_modules/babel-runtime/regenerator/runtime.js:100:21)
&amp#27;[35m[MJSONWP]&amp#27;[39m     at GeneratorFunctionPrototype.invoke (/usr/local/lib/no&amp#27;[35m[HTTP]&amp#27;[39m &amp#27;[37m-->&amp#27;[39m &amp#27;[37mPOST&amp#27;de_[3modules9m &amp#27;/app[37m/wdium/hub/s/essnoiode_n/6cmodules/babe033502-fd88-4722-8b5b-92e91949d161/element&amp#27;[39m
&amp#27;[35m[HTTP]&amp#27;[39m &amp#27;[90m{"using":"id","value":"com.Slacl-runtimek:id/r/negenext_buttonerator/_ururlntime.js:1_e36:3ntry"}&amp#27;[39m
[debug] &amp#27;[35m[W3C]&amp#27;[39m Calling AppiumDriver.findEleme7)
nt() with args: ["id","com.Slack:id/next_button_url_entry","6c033502-fd88-4722-8b5b-92e91949d161"]
[debug] &amp#27;[35m[BaseDriver]&amp#27;[39m Valid locator strategies for this request: xpath, id, class name, accessibility id, -android uiautomator
[debug] &amp#27;[35m[BaseDriver]&amp#27;[39m Waiting up to 0 ms for condition
[debug] &amp#27;[35m[JSONWP Proxy]&amp#27;[39m Matched '/element' to command name 'findElement'
[debug] &amp#27;[35m[JSONWP Proxy]&amp#27;[39m Proxying [POST /element] to [POST http://localhost:8201/wd/hub/session/5a27c767-9791-4751-872d-2ed612cd606d/element] with body: {"strategy":"id","selector":"com.Slack:id/next_button_url_entry","context":"","multiple":false}
[debug] &amp#27;[35m[MJSONWP]&amp#27;[39m Matched JSONWP error code 7 to NoSuchElementError
&amp#27;[35m[MJSONWP]&amp#27;[39m Encountered internal error running command: NoSuchElementError: An element could not be located on the page using the given search parameters.
&amp#27;[35m[MJSONWP]&amp#27;[39m     at AndroidUiautomator2Driver.callee$0$0$ (/usr/local/lib/node_modu&amp#27;[35les/appium[Hm/node_TTmodules/appium-andP]&amp#27;[3ro9mid- &amp#27;[37m<-- POST /wddri/hver/liub/session/6c033502-b/cfd88omman-4722-8b5ds/find.jb-92s:75:11e919)
&amp#27;[49d161/ele35ment &amp#27;[39m&amp#27;[31m500&amp#27;[m[MJSONWP]&amp#27;[39m39     at tryCatch (/usr/local/lib/nm &amp#27;[90m20 ode_ms modu- 164&amp#27;[39m
les/appium&amp#27;[/no35m[Hde_modulTTP]&amp#27;[39m &amp#27;[90m&amp#27;[39m
es/babel-runtime/regenerator/runtime.js:67:40)
&amp#27;[35m[MJSONWP]&amp#27;[39m     at GeneratorFunctionPrototype.invoke [as _invoke] (/usr/local/lib/node_modules/appium/node_modules/babel-runtime/regenerator/runtime.js:315:22)
&amp#27;[35m[MJSONWP]&amp#27;[39m     at GeneratorFunctionPrototype.prototype.(anonymous function) [as throw] (/usr/local/lib/node_modules/appium/node_modules/babel-runtime/regenerator/runtime.js:100:21)
&amp#27;[35m[MJSONWP]&amp#27;[39m     at GeneratorFunctionPrototype.invoke (/usr/local/lib/node_modules/appium/node_modules/babel-runtime/regenerator/runtime.js:136:37)
&amp#27;[35m[HTTP]&amp#27;[39m &amp#27;[37m-->&amp#27;[39m &amp#27;[37mPOST&amp#27;[39m &amp#27;[37m/wd/hub/session/6c033502-fd88-4722-8b5b-92e91949d161/element&amp#27;[39m
&amp#27;[35m[HTTP]&amp#27;[39m &amp#27;[90m{"using":"id","value":"com.Slack:id/next_button_url_entry"}&amp#27;[39m
[debug] &amp#27;[35m[W3C]&amp#27;[39m Calling AppiumDriver.findElement() with args: ["id","com.Slack:id/next_button_url_entry","6c033502-fd88-4722-8b5b-92e91949d161"]
[debug] &amp#27;[35m[BaseDriver]&amp#27;[39m Valid locator strategies for this request: xpath, id, class name, accessibility id, -android uiautomator
[debug] &amp#27;[35m[BaseDriver]&amp#27;[39m Waiting up to 0 ms for condition
[debug] &amp#27;[35m[JSONWP Proxy]&amp#27;[39m Matched '/element' to command name 'findElement'
[debug] &amp#27;[35m[JSONWP Proxy]&amp#27;[39m Proxying [POST /element] to [POST http://localhost:8201/wd/hub/session/5a27c767-9791-4751-872d-2ed612cd606d/element] with body: {"strategy":"id","selector":"com.Slack:id/next_button_url_entry","context":"","multiple":false}
[debug] &amp#27;[35m[MJSONWP]&amp#27;[39m Matched JSONWP error code 7 to NoSuchElementError
&amp#27;[35m[MJSONWP]&amp#27;[39m Encountered internal error running command: NoSuchElementError: An element could not be located on the page using the given search parameters.
&amp#27;[35m[MJSONWP]&amp#27;[39m     at AndroidUiautomator2Driver.callee$0$0$ (/usr/local/lib/node_modules/appium/node_modules/appium-android-driver/lib/commands/find.js:75:11)
&amp#27;[35m[MJSONWP]&amp#27;[39m     at tryCatch (/usr/local/lib/node_modules&amp#27;[35m[HTTP]&amp#27;[39m/appium/node_modul &amp#27;[37m<-- POST /wd/hubes/b/sessiabel-runtime/ron/6c033502-fd88eg-4ene722-ra8b5b-92e91tor/ru949d16ntime1/ele.js:67:40)
&amp#27;[3ment &amp#27;[5m[MJS39m&amp#27;ON[31m500&amp#27;[39m &amp#27;[90mWP]&amp#27;[39m     at GeneratorFunctionP18 msro - 1to64&amp#27;[39type.invoke m
[a&amp#27;[s _invoke] (/usr/local/lib/node_modules/appium/node_modul35m[HTTP]&amp#27;[39m &amp#27;[90m&amp#27;[39m
es/babel-runtime/regenerator/runtime.js:315:22)
&amp#27;[35m[MJSONWP]&amp#27;[39m     at GeneratorFunctionPrototype.prototype.(anonymous function) [as throw] (/usr/local/lib/node_modules/appium/node_modules/babel-runtime/regenerator/runtime.js:100:21)
&amp#27;[35m[MJSONWP]&amp#27;[39m     at GeneratorFunctionPrototype.invoke (/usr/local/lib/node_modules/ap&amp#27;[35m[HTTP]&amp#27;[3pium/node_modules/babel-runtime/regenerator/runtime.js:136:37)
9m &amp#27;[37m-->&amp#27;[39m &amp#27;[37mPOST&amp#27;[39m &amp#27;[37m/wd/hub/session/6c033502-fd88-4722-8b5b-92e91949d161/element&amp#27;[39m
&amp#27;[35m[HTTP]&amp#27;[39m &amp#27;[90m{"using":"id","value":"com.Slack:id/next_button_url_entry"}&amp#27;[39m
[debug] &amp#27;[35m[W3C]&amp#27;[39m Calling AppiumDriver.findElement() with args: ["id","com.Slack:id/next_button_url_entry","6c033502-fd88-4722-8b5b-92e91949d161"]
[debug] &amp#27;[35m[BaseDriver]&amp#27;[39m Valid locator strategies for this request: xpath, id, class name, accessibility id, -android uiautomator
[debug] &amp#27;[35m[BaseDriver]&amp#27;[39m Waiting up to 0 ms for condition
[debug] &amp#27;[35m[JSONWP Proxy]&amp#27;[39m Matched '/element' to command name 'findElement'
[debug] &amp#27;[35m[JSONWP Proxy]&amp#27;[39m Proxying [POST /element] to [POST http://localhost:8201/wd/hub/session/5a27c767-9791-4751-872d-2ed612cd606d/element] with body: {"strategy":"id","selector":"com.Slack:id/next_button_url_entry","context":"","multiple":false}
[debug] &amp#27;[35m[MJSONWP]&amp#27;[39m Matched JSONWP error code 7 to NoSuchElementError
&amp#27;[35m[MJSONWP]&amp#27;[39m Encountered internal error running command: NoSuchElementError: An element could not be located on the page using the given search parameters.
&amp#27;[35m[MJSONWP]&amp#27;[39m     at AndroidUiautomator2Driver.callee$0$0$ (/usr/local/lib/node_modules/appium/node_modules/appium-android-driver/lib/commands/find.js:75:11)
&amp#27;[35m[MJSONWP]&amp#27;[39m     at&amp#27;[35m[HTTP]&amp#27;[39m &amp#27;[37m<-- POST /wd/hub/ trysession/6c033502-fd88-4722-8b5Catch (b-92e91949d16/u1/elsr/local/libem/nent &amp#27;od[39m&amp#27;[31m500&amp#27;[39m &amp#27;[90e_modm3ules5 /appium/node_modules/babel-runms -time/r 1egenerat64or/runtime.js&amp#27;[:67:40)
&amp#27;[35m[MJSONWP]&amp#27;[39m     at GeneratorFunctionPrototype.invoke [as _invoke] (/usr/local/lib/node_modules/appium/node_modules/babel-runtime/regenerator/runtime.js:315:22)
&amp#27;[35m39m[MJSON
&amp#27;WP]&amp#27;[35m[HTTP]&amp#27;[39m &amp#27;[90m&amp#27;[39m
[39m     at GeneratorFunctionPrototype.prototype.(anonymous function) [as throw] (/usr/l&amp#27;[35m[HTTP]&amp#27;oc[3al/l9mib/nod &amp#27;[e_modu37m-->le&amp#27;[39m s/&amp#27;[ap37piumPOSTm/node&amp#27;[39_modulm es/babe&amp#27;[37m/wd/hul-runtb/session/6c0335ime/regenerator/runtime.js:102-fd88-400:21)
&amp#27;[35m[MJSONWP]&amp#27;[722-8b5b-92e91949d161/element&amp#27;[39m
&amp#27;[35m[HTTP]&amp#27;[39m &amp#27;[90m{"using":"id","value":"com.Slack:id/next_button_url_entry"}&amp#27;[39m
[debug]39m  &amp#27;[35m[W3C]&amp#27;[39m Calli    ang AppiumDriver.findElement() wt GeitnheratorF args: ["id"unc,"tcom.SlionPrototype.invoke ac(/usrk:/locidal/lib/no/ndeext_m_button_url_eontrydu","6c033502-fd88-4722-8leb5b-92e9s/appium/node_modules/bab19el-runt49d161"]
ime/regenerat[debug] &amp#27;or/r[3un5m[BtiaseDrime.js:136:ver]&amp#27;[39m Valid locator strategies for this request: xpa37)th, id, class name, a
ccessibility id, -android uiautomator
[debug] &amp#27;[35m[BaseDriver]&amp#27;[39m Waiting up to 0 ms for condition
[debug] &amp#27;[35m[JSONWP Proxy]&amp#27;[39m Matched '/element' to command name 'findElement'
[debug] &amp#27;[35m[JSONWP Proxy]&amp#27;[39m Proxying [POST /element] to [POST http://localhost:8201/wd/hub/session/5a27c767-9791-4751-872d-2ed612cd606d/element] with body: {"strategy":"id","selector":"com.Slack:id/next_button_url_entry","context":"","multiple":false}
[debug] &amp#27;[35m[MJSONWP]&amp#27;[39m Matched JSONWP error code 7 to NoSuchElementError
&amp#27;[35m[MJSONWP]&amp#27;[39m Encountered internal error running command: NoSuchElementError: An element could not be located on the page using the given search parameters.
&amp#27;[35m[MJSONWP]&amp#27;[39m     at AndroidUiautomator2Driver.callee$0$0$ (/usr/local/lib/node_modules/appium/node_modules/appium-android-driver/lib/commands/find.js:7&amp#27;[35m5:1[H1)
&amp#27;[35m[MJSONWP]&amp#27;[39mT   TP]&amp#27;[39m  at tr &amp#27;[37m<-- POST yCat/wch d/hub/sessi(/uon/6sr/c0335local/l02-fd88-472ib/node_modules/appium/node_modules/babel-2-runti8b5b-9me2e91949d1/reg61/eenlemeerator/runtint &amp#27;[39mme.js:67:40)
&amp#27;[&amp#27;[3135m[MJSONWP]&amp#27;[39m     at Generam50to0&amp#27;[39m &amp#27;[90m2rFunctionPrototyp5 ms - 164e.inv&amp#27;[39m
oke [as _invoke] (/&amp#27;[usr/local/lib/node_m35odules/appiumm[HT/nodeTP_modules/]&amp#27;[39m &amp#27;[90m&amp#27;babel[3-runtime/regenerator/runtime.js:315:22)
&amp#27;[35m[MJSONWP]&amp#27;[39m     at GeneratorFunctio9mnP
rototype.prototype.(anonymous function) [as throw] (/usr/local/lib/node_modules/appium/node_modules/babel-runtime/regenerator/runtime.js:100:21)
&amp#27;[35m[MJSONWP]&amp#27;[39m     at GeneratorFunctionPro&amp#27;[totype35.im[HTTnvP]ok&amp#27;[e (/usr39/lm &amp#27;[oca37ml/lib/no-->&amp#27;[39de_m &amp#27;modu[37mPleOSs/appT&amp#27;[39m &amp#27;[37m/wd/hub/ium/nodesession/6c0_mo33dules/babel-runti502-fmed88-472/regenera2-tor/runt8b5b-ime.js:136:37)
92e91949d161/element&amp#27;[39m
&amp#27;[35m[HTTP]&amp#27;[39m &amp#27;[90m{"using":"id","value":"com.Slack:id/next_button_url_entry"}&amp#27;[39m
[debug] &amp#27;[35m[W3C]&amp#27;[39m Calling AppiumDriver.findElement() with args: ["id","com.Slack:id/next_button_url_entry","6c033502-fd88-4722-8b5b-92e91949d161"]
[debug] &amp#27;[35m[BaseDriver]&amp#27;[39m Valid locator strategies for this request: xpath, id, class name, accessibility id, -android uiautomator
[debug] &amp#27;[35m[BaseDriver]&amp#27;[39m Waiting up to 0 ms for condition
[debug] &amp#27;[35m[JSONWP Proxy]&amp#27;[39m Matched '/element' to command name 'findElement'
[debug] &amp#27;[35m[JSONWP Proxy]&amp#27;[39m Proxying [POST /element] to [POST http://localhost:8201/wd/hub/session/5a27c767-9791-4751-872d-2ed612cd606d/element] with body: {"strategy":"id","selector":"com.Slack:id/next_button_url_entry","context":"","multiple":false}
[debug] &amp#27;[35m[MJSONWP]&amp#27;[39m Matched JSONWP error code 7 to NoSuchElementError
&amp#27;[35m[MJSONWP]&amp#27;[39m Encountered internal error running command: NoSuchElementError: An element could not be located on the page using the given search parameters.
&amp#27;[35m[MJSONWP]&amp#27;[39m     at AndroidUiautomator2Driver.callee$0$0$ (/usr/local/lib/node_modules/appium/node_modules/appium-android-driver/lib/commands/find.js:75:11)
&amp#27;[35m[MJSONWP]&amp#27;[39m     at tryCatch (/usr/local/lib/node_modules/appium/node_modules/babel-runtime/regenerator/runtime.js:67:40)
&amp#27;[35m[MJSONWP]&amp#27;[39m     at GeneratorFunctionProto&amp#27;[type.invoke [35m[HTTPas _in]&amp#27;[39m &amp#27;[37m<-- POSTvoke] (/u /wdsr/lo/hubcal/lib//session/6c033502-node_modules/appfd88-4722-8b5b-92ium/e91949d1node_modules/babel-runtim61/element &amp#27;[39m&amp#27;[31e/regenerator/runtime.jsm5:31500&amp#27;[39m &amp#27;[90m:22)
&amp#27;[2035 ms - 164&amp#27;[m[MJSONWP]39m&amp#27;[39m
&amp#27;  [3  5m[HTTP]&amp#27; at GeneratorFunctionP[rototype.prototype.(anonymous function) [as throw] (/usr/local/3lib/node_modules/appium/node_modules/babel-runtime/regenerator/runtime.js:100:21)
&amp#27;[35m[MJSONWP]&amp#27;[39m     at GeneratorFunctionPrototype.invoke (/usr/local/lib/node_modules/appium/node_modules/babel-r9m &amp#27;[90munt&amp#27;ime/regenerator/runtime.js:136:37)
[39m
&amp#27;[35m[HTTP]&amp#27;[39m &amp#27;[37m-->&amp#27;[39m &amp#27;[37mPOST&amp#27;[39m &amp#27;[37m/wd/hub/session/6c033502-fd88-4722-8b5b-92e91949d161/element&amp#27;[39m
&amp#27;[35m[HTTP]&amp#27;[39m &amp#27;[90m{"using":"id","value":"com.Slack:id/next_button_url_entry"}&amp#27;[39m
[debug] &amp#27;[35m[W3C]&amp#27;[39m Calling AppiumDriver.findElement() with args: ["id","com.Slack:id/next_button_url_entry","6c033502-fd88-4722-8b5b-92e91949d161"]
[debug] &amp#27;[35m[BaseDriver]&amp#27;[39m Valid locator strategies for this request: xpath, id, class name, accessibility id, -android uiautomator
[debug] &amp#27;[35m[BaseDriver]&amp#27;[39m Waiting up to 0 ms for condition
[debug] &amp#27;[35m[JSONWP Proxy]&amp#27;[39m Matched '/element' to command name 'findElement'
[debug] &amp#27;[35m[JSONWP Proxy]&amp#27;[39m Proxying [POST /element] to [POST http://localhost:8201/wd/hub/session/5a27c767-9791-4751-872d-2ed612cd606d/element] with body: {"strategy":"id","selector":"com.Slack:id/next_button_url_entry","context":"","multiple":false}
[debug] &amp#27;[35m[MJSONWP]&amp#27;[39m Matched JSONWP error code 7 to NoSuchElementError
&amp#27;[35m[MJSONWP]&amp#27;[39m Encountered internal error running command: NoSuchElementError: An element could not be located on the page using the given search parameters.
&amp#27;[35m[MJSONWP]&amp#27;[39m     at AndroidUiautomator2Driver.callee$0$0$ (/usr/local/lib/node_modules/appium/node_modules/appium-android-driver/lib/commands/find.js:75:11)
&amp#27;[35m[MJSONWP]&amp#27;[39m     at tryCatch (/usr/local/lib/node_modules/appium/node_modules/babel-runtime/regenerator/runtime.js:6&amp#27;[35m[HTTP]7:40)
&amp#27;&amp#27;[[35m[MJSON39m &amp#27;[37WP]&amp#27;[39m    m<-- POS at GeneratorFunctioT nPro/wtotypd/e.invoke [as _invoke] (/usr/local/lib/node_modules/appium/node_modules/babel-runtime/regenerhub/sator/runtime.js:315essi:22on/6)
c033&amp#27;[35m[MJSONWP]502-&amp#27;[fd8839-47m   22  a-8bt GeneratorFunct5b-9ionPro2e91949d161/elemtotype.prototype.(anonymous function) [as throw] (/usr/local/entlib/node_ &amp#27;mo[3dules/appium/9m&amp#27;[31m500&amp#27;[39m &amp#27;[node_modules/babel-runtime/regenerator/runtime.js:10090:21)
&amp#27;[35m[MJSm27 ms - 164&amp#27;[39m
&amp#27;ONWP]&amp#27;[39m     at GeneratorFunctionPrototype.invoke (/usr[3/l5mocal/lib/node_modul[HTes/appium/nodTeP]&amp#27;[3_m9m &amp#27;[9odules/babel-runtime/r0megen&amp#27;[erator/runtime.js:136:37)
39m
&amp#27;[35m[HTTP]&amp#27;[39m &amp#27;[37m-->&amp#27;[39m &amp#27;[37mPOST&amp#27;[39m &amp#27;[37m/wd/hub/session/6c033502-fd88-4722-8b5b-92e91949d161/element&amp#27;[39m
&amp#27;[35m[HTTP]&amp#27;[39m &amp#27;[90m{"using":"id","value":"com.Slack:id/next_button_url_entry"}&amp#27;[39m
[debug] &amp#27;[35m[W3C]&amp#27;[39m Calling AppiumDriver.findElement() with args: ["id","com.Slack:id/next_button_url_entry","6c033502-fd88-4722-8b5b-92e91949d161"]
[debug] &amp#27;[35m[BaseDriver]&amp#27;[39m Valid locator strategies for this request: xpath, id, class name, accessibility id, -android uiautomator
[debug] &amp#27;[35m[BaseDriver]&amp#27;[39m Waiting up to 0 ms for condition
[debug] &amp#27;[35m[JSONWP Proxy]&amp#27;[39m Matched '/element' to command name 'findElement'
[debug] &amp#27;[35m[JSONWP Proxy]&amp#27;[39m Proxying [POST /element] to [POST http://localhost:8201/wd/hub/session/5a27c767-9791-4751-872d-2ed612cd606d/element] with body: {"strategy":"id","selector":"com.Slack:id/next_button_url_entry","context":"","multiple":false}
[debug] &amp#27;[35m[MJSONWP]&amp#27;[39m Matched JSONWP error code 7 to NoSuchElementError
&amp#27;[35m[MJSONWP]&amp#27;[39m Encountered internal error running command: NoSuchElementError: An element could not be located on the page using the given search parameters.
&amp#27;[35m[MJSONWP]&amp#27;[39m     at AndroidUiautomator2Driver.callee$0$0$ (/usr/local/lib/node_modules/appium/node_modules/appium-androi&amp#27;[35m[d-dHTriTP]ver/lib/commands/find.&amp#27;[3js:75:11)
&amp#27;[35m[MJSON9m &amp#27;[37m<-- POST /wWP]&amp#27;[39md/h  ub/ses   at tsion/6c033502-fd88r-47yC22atch (/usr/local/lib/node_modules/appium/node_modules/babel-runtime/regenerator/runtime.j-8s:b5b-92e91949d167:61/element &amp#27;40)
&amp#27;[35m[MJSONWP]&amp#27;[39m     a[39m&amp#27;[31m500&amp#27;t Gener[39m &amp#27;[90mator19Fu msncti - 164&amp#27;[39onPrototypem
.i&amp#27;[35m[Hnvoke TTP]&amp#27;[39m [as &amp#27;[_invoke]90m&amp#27;[39m
 (/usr/local/lib/node_modules/appium/node_modules/babel-runtime/regenerator/runtime.js:315:22)
&amp#27;[35m[MJSONWP]&amp#27;[39m     at GeneratorFunctionPrototype.prototype.(anonymous function) [as throw] (/usr/local/lib/node_modules/appium/node_modules/babel-runtime/regenerator/runtime.js:100:21)
&amp#27;[35m[MJSONWP]&amp#27;[39m     at GeneratorFunctionPrototype.invoke (/usr/local/lib/node_modules/appium/node_modules/babel-runtime/regenerator/runtime.js:136:37)
&amp#27;[35m[HTTP]&amp#27;[39m &amp#27;[37m-->&amp#27;[39m &amp#27;[37mPOST&amp#27;[39m &amp#27;[37m/wd/hub/session/6c033502-fd88-4722-8b5b-92e91949d161/element&amp#27;[39m
&amp#27;[35m[HTTP]&amp#27;[39m &amp#27;[90m{"using":"id","value":"com.Slack:id/next_button_url_entry"}&amp#27;[39m
[debug] &amp#27;[35m[W3C]&amp#27;[39m Calling AppiumDriver.findElement() with args: ["id","com.Slack:id/next_button_url_entry","6c033502-fd88-4722-8b5b-92e91949d161"]
[debug] &amp#27;[35m[BaseDriver]&amp#27;[39m Valid locator strategies for this request: xpath, id, class name, accessibility id, -android uiautomator
[debug] &amp#27;[35m[BaseDriver]&amp#27;[39m Waiting up to 0 ms for condition
[debug] &amp#27;[35m[JSONWP Proxy]&amp#27;[39m Matched '/element' to command name 'findElement'
[debug] &amp#27;[35m[JSONWP Proxy]&amp#27;[39m Proxying [POST /element] to [POST http://localhost:8201/wd/hub/session/5a27c767-9791-4751-872d-2ed612cd606d/element] with body: {"strategy":"id","selector":"com.Slack:id/next_button_url_entry","context":"","multiple":false}
[debug] &amp#27;[35m[MJSONWP]&amp#27;[39m Matched JSONWP error code 7 to NoSuchElementError
&amp#27;[35m[MJSONWP]&amp#27;[39m Encountered internal error running command: NoSuchElementError: An element could not be located on the page using the given search parameters.
&amp#27;[35m[MJSONWP]&amp#27;[39m     at AndroidUiautomator2Driver.callee$0$0$ (/usr/local/lib/node_modules/appium/node_modules/appium-android-driver/lib/commands/find.js:75:11)
&amp#27;[35m[MJSONWP]&amp#27;[39m     at tryCatch (/usr/local/lib/node_modules/appium/node_modules/babel-runtime/regenerator/runtime.js:67:40)
&amp#27;[35m[MJSONWP]&amp#27;[39m     at GeneratorFunctionPrototype.invoke [as _invoke] (/usr/local/lib/node_modules/appium/node_modules/babel-runtime/regenerator/runtime.js:315:22)
&amp#27;[35m[MJSONWP]&amp#27;[39m     at GeneratorFunctionPrototype.prototype.(anonymous function) [as throw] (/usr/local/lib/node_modules/appium/node_modules/babel-runtime/regenerator/runtime.js:100:21)
&amp#27;[35m[MJSONWP]&amp#27;[39m     at GeneratorFunctionPrototype.invoke (/usr/local/lib/node_modules/appium/node_modules/babel-runtime/regenerator/runtime.js:136:37)
&amp#27;[35m[HTTP]&amp#27;[39m &amp#27;[37m<-- POST /wd/hub/session/6c033502-fd88-4722-8b5b-92e91949d161/element &amp#27;[39m&amp#27;[31m500&amp#27;[39m &amp#27;[90m23 ms - 164&amp#27;[39m
&amp#27;[35m[HTTP]&amp#27;[39m &amp#27;[90m&amp#27;[39m
&amp#27;[35m[HTTP]&amp#27;[39m &amp#27;[37m-->&amp#27;[39m &amp#27;[37mPOST&amp#27;[39m &amp#27;[37m/wd/hub/session/6c033502-fd88-4722-8b5b-92e91949d161/element&amp#27;[39m
&amp#27;[35m[HTTP]&amp#27;[39m &amp#27;[90m{"using":"id","value":"com.Slack:id/next_button_url_entry"}&amp#27;[39m
[debug] &amp#27;[35m[W3C]&amp#27;[39m Calling AppiumDriver.findElement() with args: ["id","com.Slack:id/next_button_url_entry","6c033502-fd88-4722-8b5b-92e91949d161"]
[debug] &amp#27;[35m[BaseDriver]&amp#27;[39m Valid locator strategies for this request: xpath, id, class name, accessibility id, -android uiautomator
[debug] &amp#27;[35m[BaseDriver]&amp#27;[39m Waiting up to 0 ms for condition
[debug] &amp#27;[35m[JSONWP Proxy]&amp#27;[39m Matched '/element' to command name 'findElement'
[debug] &amp#27;[35m[JSONWP Proxy]&amp#27;[39m Proxying [POST /element] to [POST http://localhost:8201/wd/hub/session/5a27c767-9791-4751-872d-2ed612cd606d/element] with body: {"strategy":"id","selector":"com.Slack:id/next_button_url_entry","context":"","multiple":false}
[debug] &amp#27;[35m[MJSONWP]&amp#27;[39m Matched JSONWP error code 7 to NoSuchElementError
&amp#27;[35m[MJSONWP]&amp#27;[39m Encountered internal error running command: NoSuchElementError: An element could not be located on the page using the given search parameters.
&amp#27;[35m[MJSONWP]&amp#27;[39m     at AndroidUiautomator2Driver.callee$0$0$ (/usr/local/lib/node_modules/a&amp#27;[35m[HTTPppium/]no&amp#27;[39m &amp#27;[37m<-- POST /wd/hde_modules/appium-androub/sesid-sidrivon/6c033er/l502ib-fd88/command-47s/f22ind-8b5b-92e9.j1949d161/elems:7en5:t &amp#27;[39m11)
&amp#27;[35m[MJSO&amp#27;[31m500&amp#27;[39m &amp#27;[90m18 NWP]ms &amp#27;[39m     at tryCatch (/usr/- loc16al4&amp#27;[39m
/lib/nod&amp#27;[35me_m[HTTP]odul&amp#27;[es39m/appi &amp#27;[90m&amp#27;[39m
um/node_modules/babel-runtime/regenerator/runtime.js:67:40)
&amp#27;[35m[MJSONWP]&amp#27;[39m     at GeneratorFunctionPrototype.invoke [as _invoke] (/usr/local/lib/node_modules/appium/node_modules/babel-runtime/regenerator/runtime.js:315:22)
&amp#27;[35m[MJSONWP]&amp#27;[39m     at GeneratorFunctionPrototype.prototype.(anonymous function) [as throw] (/usr/local/lib/node_modules/appium/node_modules/babel-runtime/regenerator/runtime.js:100:21)
&amp#27;[35m[MJ&amp#27;[SONWP]&amp#27;[39m     at G35m[HTTP]&amp#27;[3eneratorFunctionPro9m &amp#27;totype.in[3vo7mke (--/usr/>&amp#27;[39m &amp#27;[37mlocalPOS/lib/T&amp#27;[3node9m &amp#27;[3_m7modu/wd/les/appium/node_mhuodb/session/6c03ules/babe3502-fd88-4722-8l-runtib5b-9me2e91949d161/regenerator/runtim/element&amp#27;[39m
e.js:136:37)
&amp#27;[35m[HTTP]&amp#27;[39m &amp#27;[90m{"using":"id","value":"com.Slack:id/next_button_url_entry"}&amp#27;[39m
[debug] &amp#27;[35m[W3C]&amp#27;[39m Calling AppiumDriver.findElement() with args: ["id","com.Slack:id/next_button_url_entry","6c033502-fd88-4722-8b5b-92e91949d161"]
[debug] &amp#27;[35m[BaseDriver]&amp#27;[39m Valid locator strategies for this request: xpath, id, class name, accessibility id, -android uiautomator
[debug] &amp#27;[35m[BaseDriver]&amp#27;[39m Waiting up to 0 ms for condition
[debug] &amp#27;[35m[JSONWP Proxy]&amp#27;[39m Matched '/element' to command name 'findElement'
[debug] &amp#27;[35m[JSONWP Proxy]&amp#27;[39m Proxying [POST /element] to [POST http://localhost:8201/wd/hub/session/5a27c767-9791-4751-872d-2ed612cd606d/element] with body: {"strategy":"id","selector":"com.Slack:id/next_button_url_entry","context":"","multiple":false}
[debug] &amp#27;[35m[MJSONWP]&amp#27;[39m Matched JSONWP error code 7 to NoSuchElementError
&amp#27;[35m[MJSONWP]&amp#27;[39m Encountered internal error running command: NoSuchElementError: An element could not be located on the page using the given search parameters.
&amp#27;[35m[MJSONWP]&amp#27;[39m     at AndroidUiautomator2Driver.callee$0$0$ (/usr/local/lib&amp#27;[35/nm[HTTP]&amp#27;[39m ode_modules/appium/no&amp#27;[de_modules/appium-androi37m<-- POSd-driver/T li/wd/hub/session/6c033502-fd88-4722-8b5b-92e9b/co1949d161/elmmanement &amp#27;[39m&amp#27;[ds/find31m500.js:75:11)
&amp#27;[35m[MJSON&amp#27;[39m &amp#27;[90m17 ms - 164&amp#27;[39m
&amp#27;[3WP]&amp#27;[39m  5m[HTTP]&amp#27;[39m &amp#27;[90m&amp#27;[   at tr39myCa
tch (/usr/local/lib/node_modules/appium/node_modules/babel-runtime/regenerator/runtime.js:67:40)
&amp#27;[35m[MJSONWP]&amp#27;[39m     at GeneratorFunctionPrototype.invoke [as _invoke] (/usr/local/lib/node_modules/appium/node_modules/babel-runtime/regenerator/runtime.js:315:22)
&amp#27;[35m[MJSONWP]&amp#27;[39m     at GeneratorFunctionPrototype.prototype.(anonymous function) [as throw] (/usr/local/lib/node_modules/appium/node_modules/babel-runtime/regenerator/runtime.js:100:21)
&amp#27;[35m[MJSONWP]&amp#27;[39m     at GeneratorFunctionPrototype.invoke (/usr/local/lib/node_modules/appium/node_modules/babel-runtime/regenerator/runtime.js:136:37)
&amp#27;[35m[HTTP]&amp#27;[39m &amp#27;[37m-->&amp#27;[39m &amp#27;[37mPOST&amp#27;[39m &amp#27;[37m/wd/hub/session/6c033502-fd88-4722-8b5b-92e91949d161/element&amp#27;[39m
&amp#27;[35m[HTTP]&amp#27;[39m &amp#27;[90m{"using":"id","value":"com.Slack:id/next_button_url_entry"}&amp#27;[39m
[debug] &amp#27;[35m[W3C]&amp#27;[39m Calling AppiumDriver.findElement() with args: ["id","com.Slack:id/next_button_url_entry","6c033502-fd88-4722-8b5b-92e91949d161"]
[debug] &amp#27;[35m[BaseDriver]&amp#27;[39m Valid locator strategies for this request: xpath, id, class name, accessibility id, -android uiautomator
[debug] &amp#27;[35m[BaseDriver]&amp#27;[39m Waiting up to 0 ms for condition
[debug] &amp#27;[35m[JSONWP Proxy]&amp#27;[39m Matched '/element' to command name 'findElement'
[debug] &amp#27;[35m[JSONWP Proxy]&amp#27;[39m Proxying [POST /element] to [POST http://localhost:8201/wd/hub/session/5a27c767-9791-4751-872d-2ed612cd606d/element] with body: {"strategy":"id","selector":"com.Slack:id/next_button_url_entry","context":"","multiple":false}
[debug] &amp#27;[35m[MJSONWP]&amp#27;[39m Matched JSONWP error code 7 to NoSuchElementError
&amp#27;[35m[MJSONWP]&amp#27;[39m Encountered internal error running command: NoSuchElementError: An element could not be located on the page using the given search parameters.
&amp#27;[35m[MJSONWP]&amp#27;[39m     at AndroidUiautomator2Driver.callee$0$0$ (/usr/local/lib/node_mod&amp#27;[35m[HTTP]&amp#27;[ules/ap39m &amp#27;[37mpium/node_mod<-- POST /ules/appiumwd/-android-driver/lhub/sesib/cosion/6c03mmands350/find.js2-:75:11)
fd88-4722-8b&amp#27;[35m[MJS5b-92e91949dON16WP]&amp#27;[31/ele9m     at tryCametch (/usnt &amp#27;[39m&amp#27;[3r/loc1m5al/lib/node_00modu&amp#27;[3le9ms/ &amp#27;[90m19 ms - 16ap4&amp#27;[39m
pium/no&amp#27;[de_modul35m[HTTes/baP]&amp#27;be[39ml-ru &amp#27;[90m&amp#27;[39m
ntime/regenerator/runtime.js:67:40)
&amp#27;[35m[MJSONWP]&amp#27;[39m     at GeneratorFunctionPrototype.invoke [as _invoke] (/usr/local/lib/node_modules/appium/node_modules/babel-runtime/regenerator/runtime.js:315:22)
&amp#27;[35m[MJSONWP]&amp#27;[39m     at GeneratorFunctionPrototype.prototype.(anonymous function) [as throw] (/usr/local/lib/node_modules/appium/node_modules/babel-runtime/regenerator/runtime.js:100:21)
&amp#27;[35m[MJSONWP]&amp#27;[39m     at GeneratorFunctionPrototype.invoke (/usr/local/lib/node_modules/a&amp#27;[ppi35m[HTTPum/no]&amp#27;de[39m &amp#27;_m[37m-->&amp#27;od[39m &amp#27;[37ulmPOes/bST&amp#27;[3abel-r9muntime/reg &amp#27;en[37m/wd/erhuatb/orsess/runtiiomen/6c0.js:136:333502-f7)d8
8-4722-8b5b-92e91949d161/element&amp#27;[39m
&amp#27;[35m[HTTP]&amp#27;[39m &amp#27;[90m{"using":"id","value":"com.Slack:id/next_button_url_entry"}&amp#27;[39m
[debug] &amp#27;[35m[W3C]&amp#27;[39m Calling AppiumDriver.findElement() with args: ["id","com.Slack:id/next_button_url_entry","6c033502-fd88-4722-8b5b-92e91949d161"]
[debug] &amp#27;[35m[BaseDriver]&amp#27;[39m Valid locator strategies for this request: xpath, id, class name, accessibility id, -android uiautomator
[debug] &amp#27;[35m[BaseDriver]&amp#27;[39m Waiting up to 0 ms for condition
[debug] &amp#27;[35m[JSONWP Proxy]&amp#27;[39m Matched '/element' to command name 'findElement'
[debug] &amp#27;[35m[JSONWP Proxy]&amp#27;[39m Proxying [POST /element] to [POST http://localhost:8201/wd/hub/session/5a27c767-9791-4751-872d-2ed612cd606d/element] with body: {"strategy":"id","selector":"com.Slack:id/next_button_url_entry","context":"","multiple":false}
[debug] &amp#27;[35m[MJSONWP]&amp#27;[39m Matched JSONWP error code 7 to NoSuchElementError
&amp#27;[35m[MJSONWP]&amp#27;[39m Encountered internal error running command: NoSuchElementError: An element could not be located on the page using the given search parameters.
&amp#27;[35m[MJSONWP]&amp#27;[39m     at AndroidUiautomator2Driver.callee$0$0$ (/usr/local/lib/node_modules/appium/node_modules/appium-android-driver/lib/commands/find.js:75:11)
&amp#27;[35m[MJSONWP]&amp#27;[39m     at tryCatch (/usr/local/lib/node_modules/appium/node_modules/babel-runtime/regenerator/runtime.js:67:40)
&amp#27;[35m[MJSONWP]&amp#27;[39m     at GeneratorFunctionPrototype.invoke [as _invoke] (/usr/local/lib/node_modules/appium/node_modules/babel-runtime/regenerator/runtime.js:315:22)
&amp#27;[35m[MJSONWP]&amp#27;[39m     at GeneratorFunctionPrototype.prototype.(anonymous function) [as throw] (/usr/local/lib/node_modules/appium/node_modules/babel-runtime/regenerator/runtime.js:100:21)
&amp#27;[35m[MJSONWP]&amp#27;[39m     at GeneratorFunctionPrototype.invoke (/usr/local/lib/node_modules/appium/node_modules/babel-runtime/regenerato&amp#27;[r/ru35ntim[me.js:136:37)
HTTP]&amp#27;[39m &amp#27;[37m<-- POST /wd/hub/session/6c033502-fd88-4722-8b5b-92e91949d161/element &amp#27;[39m&amp#27;[31m500&amp#27;[39m &amp#27;[90m24 ms - 164&amp#27;[39m
&amp#27;[35m[HTTP]&amp#27;[39m &amp#27;[90m&amp#27;[39m
&amp#27;[35m[HTTP]&amp#27;[39m &amp#27;[37m-->&amp#27;[39m &amp#27;[37mPOST&amp#27;[39m &amp#27;[37m/wd/hub/session/6c033502-fd88-4722-8b5b-92e91949d161/element&amp#27;[39m
&amp#27;[35m[HTTP]&amp#27;[39m &amp#27;[90m{"using":"id","value":"com.Slack:id/next_button_url_entry"}&amp#27;[39m
[debug] &amp#27;[35m[W3C]&amp#27;[39m Calling AppiumDriver.findElement() with args: ["id","com.Slack:id/next_button_url_entry","6c033502-fd88-4722-8b5b-92e91949d161"]
[debug] &amp#27;[35m[BaseDriver]&amp#27;[39m Valid locator strategies for this request: xpath, id, class name, accessibility id, -android uiautomator
[debug] &amp#27;[35m[BaseDriver]&amp#27;[39m Waiting up to 0 ms for condition
[debug] &amp#27;[35m[JSONWP Proxy]&amp#27;[39m Matched '/element' to command name 'findElement'
[debug] &amp#27;[35m[JSONWP Proxy]&amp#27;[39m Proxying [POST /element] to [POST http://localhost:8201/wd/hub/session/5a27c767-9791-4751-872d-2ed612cd606d/element] with body: {"strategy":"id","selector":"com.Slack:id/next_button_url_entry","context":"","multiple":false}
[debug] &amp#27;[35m[MJSONWP]&amp#27;[39m Matched JSONWP error code 7 to NoSuchElementError
&amp#27;[35m[MJSONWP]&amp#27;[39m Encountered internal error running command: NoSuchElementError: An element could not be located on the page using the given search parameters.
&amp#27;[35m[MJSONWP]&amp#27;[39m     at AndroidUiautom&amp#27;ator2Dr[35m[HTTP]&amp#27;[39miver.c &amp#27;[3allee$7m<-0$0$-  (POS/uT sr/wd//lochual/lib/node_mb/odsessiules/appium/non/6ode_modulec03350s/appium-android-drive2-fd88-4722-8b5b-92e9194r/9dlib/com16ma1/elemenndt &amp#27;[39m&amp#27;[31ms/find.js:75:11500)
&amp#27;[&amp#27;[335m[MJSO9m &amp#27;[90m19 ms - 16NW4&amp#27;[39P]&amp#27;[39m     at tryCam
&amp#27;tch[35m (/u[HTsr/loTP]&amp#27;[39m &amp#27;[cal/l90m&amp#27;[39mib/node_mod
ules/appium/node_modules/babel-runtime/regenerator/runtime.js:67:40)
&amp#27;[35m[MJSONWP]&amp#27;[39m     at GeneratorFunctionPrototype.invoke [as _invoke] (/usr/local/lib/node_modules/appium/node_modules/babel-runtime/regenerator/runtime.js:315:22)
&amp#27;[35m[MJSONWP]&amp#27;[39m     at GeneratorFunctionPrototype.prototype.(anonymous function) [as throw] (/usr/local/lib/node_modules/appium/node_modules/babel-runtime/regenerator/runtime.js:100:21)
&amp#27;[35m[MJSONWP]&amp#27;[39m     at GeneratorFunctionPrototype.&amp#27;[invoke (35m[H/usTTP]&amp#27;[r/loca39m &amp#27;[3l/lib/n7mode_--m>&amp#27;[39m od&amp#27;[37mules/appium/nodPOe_modules/ST&amp#27;[39m &amp#27;bab[3el-runt7m/wd/hubime/reg/seneessioran/6c033502-fd88-4tor/runtime.js:136:37)722-8b5b
-92e91949d161/element&amp#27;[39m
&amp#27;[35m[HTTP]&amp#27;[39m &amp#27;[90m{"using":"id","value":"com.Slack:id/next_button_url_entry"}&amp#27;[39m
[debug] &amp#27;[35m[W3C]&amp#27;[39m Calling AppiumDriver.findElement() with args: ["id","com.Slack:id/next_button_url_entry","6c033502-fd88-4722-8b5b-92e91949d161"]
[debug] &amp#27;[35m[BaseDriver]&amp#27;[39m Valid locator strategies for this request: xpath, id, class name, accessibility id, -android uiautomator
[debug] &amp#27;[35m[BaseDriver]&amp#27;[39m Waiting up to 0 ms for condition
[debug] &amp#27;[35m[JSONWP Proxy]&amp#27;[39m Matched '/element' to command name 'findElement'
[debug] &amp#27;[35m[JSONWP Proxy]&amp#27;[39m Proxying [POST /element] to [POST http://localhost:8201/wd/hub/session/5a27c767-9791-4751-872d-2ed612cd606d/element] with body: {"strategy":"id","selector":"com.Slack:id/next_button_url_entry","context":"","multiple":false}
[debug] &amp#27;[35m[MJSONWP]&amp#27;[39m Matched JSONWP error code 7 to NoSuchElementError
&amp#27;[35m[MJSONWP]&amp#27;[39m Encountered internal error running command: NoSuchElementError: An element could not be located on the page using the given search parameters.
&amp#27;[35m[MJSONWP]&amp#27;[39m     at AndroidUiautomator2Driver.callee$0$0$ (/usr/local/lib/node_modules/appium/node_modules/appium-android-driver/lib/commands/find.js:75:11)
&amp#27;[35m[MJSONWP]&amp#27;[39m     at tryCatch (/usr/local/lib/node_modules&amp#27;[35m[HTTP]&amp#27;[39m &amp#27;[37m<-- POST/appium /wd/hub/session/6c03/node_mod3502-fd88-47ules/babe22-8b5l-runtib-92e91me/regenerator/runtime.js:67:40)
&amp#27;[35m[MJSONWP949d161/]el&amp#27;eme[3nt &amp#27;[39m&amp#27;9m  [3   a1m500t G&amp#27;[39m &amp#27;[90m18 ms - 164&amp#27;[39eneratm
or&amp#27;[35Funm[ctHTTP]&amp#27;ion[39m &amp#27;[90Protm&amp#27;[39otypm
e.invoke [as _invoke] (/usr/local/lib/node_modules/appium/node_modules/babel-runtime/regenerator/runtime.js:315:22)
&amp#27;[35m[MJSONWP]&amp#27;[39m     at GeneratorFunctionPrototype.prototype.(anonymous function) [as throw] (/usr/local/lib/node_modules/appium/node_modules/babel-runtime/regenerator/runtime.js:100:21)
&amp#27;[35m[MJSONWP]&amp#27;[39m     at GeneratorFunctionPrototype.invoke (/usr/local/lib/node_modules/appium/node_modules/babel-runtime/regenerator/runtime.js:136:37)
&amp#27;[35m[HTTP]&amp#27;[39m &amp#27;[37m-->&amp#27;[39m &amp#27;[37mPOST&amp#27;[39m &amp#27;[37m/wd/hub/session/6c033502-fd88-4722-8b5b-92e91949d161/element&amp#27;[39m
&amp#27;[35m[HTTP]&amp#27;[39m &amp#27;[90m{"using":"id","value":"com.Slack:id/next_button_url_entry"}&amp#27;[39m
[debug] &amp#27;[35m[W3C]&amp#27;[39m Calling AppiumDriver.findElement() with args: ["id","com.Slack:id/next_button_url_entry","6c033502-fd88-4722-8b5b-92e91949d161"]
[debug] &amp#27;[35m[BaseDriver]&amp#27;[39m Valid locator strategies for this request: xpath, id, class name, accessibility id, -android uiautomator
[debug] &amp#27;[35m[BaseDriver]&amp#27;[39m Waiting up to 0 ms for condition
[debug] &amp#27;[35m[JSONWP Proxy]&amp#27;[39m Matched '/element' to command name 'findElement'
[debug] &amp#27;[35m[JSONWP Proxy]&amp#27;[39m Proxying [POST /element] to [POST http://localhost:8201/wd/hub/session/5a27c767-9791-4751-872d-2ed612cd606d/element] with body: {"strategy":"id","selector":"com.Slack:id/next_button_url_entry","context":"","multiple":false}
[debug] &amp#27;[35m[MJSONWP]&amp#27;[39m Matched JSONWP error code 7 to NoSuchElementError
&amp#27;[35m[MJSONWP]&amp#27;[39m Encountered internal error running command: NoSuchElementError: An element could not be located on the page using the given search parameters.
&amp#27;[35m[MJSONWP]&amp#27;[39m     at AndroidUiautomator2Driver.calle&amp#27;[35me$0$0$ (/usr[HTTP]&amp#27;[39m &amp#27;/local/li[37m<-- b/node_moduPOST /wles/apd/hupium/nb/session/od6e_modules/appium-android-drc0iver/lib/33502-fd88-472comm2-8ands/finb5b-92d.e9js1949d:75:161/element &amp#27;11)
&amp#27;[[39m&amp#27;[31m500&amp#27;35m[MJSO[3NWP]&amp#27;[39m 9m   &amp#27;  [9at t0mryCatch (32 m/us sr- 164&amp#27;[/local/lib39m/node_
modu&amp#27;[35les/am[ppiuHTm/nTPode_]&amp#27;mo[39m &amp#27;[9dules0m&amp#27;[/b39abel-m
runtime/regenerator/runtime.js:67:40)
&amp#27;[35m[MJSONWP]&amp#27;[39m     at GeneratorFunctionPrototype.invoke [as _invoke] (/usr/local/lib/node_modules/appium/node_modules/babel-runtime/regenerator/runtime.js:315:22)
&amp#27;[35m[MJSONWP]&amp#27;[39m     at GeneratorFunctionPrototyp&amp#27;e.p[35m[HTTPrototype.(ano]&amp#27;[39mnymo &amp#27;[37m--us fun>&amp#27;ction) [as th[3row] 9m(/u &amp#27;[sr/loca37mPOl/ST&amp#27;[lib39/nodem _m&amp#27;[odule37s/m/appium/node_modules/babwdel-runtime/reg/hub/session/6c033502-fd88-4722enerator/runti-8b5me.js:b-92e91949d16100:21)
&amp#27;[35m[1/elementMJSONW&amp#27;[39m
P]&amp#27;[&amp#27;[339m     at5m Gen[HTTP]&amp#27;[39m &amp#27;[eratorF90unctionProtom{"utype.invoke (/usr/locsingal":"/ilib/nd","value":"com.Slaode_modck:id/next_button_url_entruley"s/appium/no}&amp#27;[39de_mom
dul[debeug] &amp#27;[35m[s/bW3abel-runtiC]&amp#27;[3me/regenerator/runtime.js9m Calling AppiumDriver.find:136Elemen:37)
t() with args: ["id","com.Slack:id/next_button_url_entry","6c033502-fd88-4722-8b5b-92e91949d161"]
[debug] &amp#27;[35m[BaseDriver]&amp#27;[39m Valid locator strategies for this request: xpath, id, class name, accessibility id, -android uiautomator
[debug] &amp#27;[35m[BaseDriver]&amp#27;[39m Waiting up to 0 ms for condition
[debug] &amp#27;[35m[JSONWP Proxy]&amp#27;[39m Matched '/element' to command name 'findElement'
[debug] &amp#27;[35m[JSONWP Proxy]&amp#27;[39m Proxying [POST /element] to [POST http://localhost:8201/wd/hub/session/5a27c767-9791-4751-872d-2ed612cd606d/element] with body: {"strategy":"id","selector":"com.Slack:id/next_button_url_entry","context":"","multiple":false}
[debug] &amp#27;[35m[MJSONWP]&amp#27;[39m Matched JSONWP error code 7 to NoSuchElementError
&amp#27;[35m[MJSONWP]&amp#27;[39m Encountered internal error running command: NoSuchElementError: An element could not be located on the page using the given search parameters.
&amp#27;[35m[MJSONWP]&amp#27;[39m     at AndroidUiautomator2Driver.callee$0$0$ (/usr/local/lib/node_modules/appium/node_&amp#27;[mo35dules/appium-am[HTTndP]ro&amp#27;[id39m -d&amp#27;[rive37m<-- POSr/liT b/com/wmands/find.js:75d/:11)
hu&amp#27;[35m[MJSb/session/6c033ON502-fWP]&amp#27;[3d89m  8-4722-8b5b-9   a2t tryCatch (/usr/local/lib/node_modules/appium/noe91949d16de1/e_mleodmentules/babe &amp#27;[39m&amp#27;[l-runt31m500&amp#27;[39m &amp#27;[90ime/m27 ms - reg164&amp#27;[39m
enerator/runtime.js&amp#27;[35m[:67:40)
HTTP]&amp#27;[&amp#27;[3395mm &amp#27;[90m&amp#27;[39m[MJSON
WP]&amp#27;[39m     at GeneratorFunctionPrototype.invoke [as _invoke] (/usr/local/lib/node_modules/appium/node_modules/babel-runtime/regenerator/runtime.js:315:22)
&amp#27;[35m[MJSONWP]&amp#27;[39m     at GeneratorFunctionPrototype.prototype.(anonymous function) [as throw] (/usr/local/lib/node_modu&amp#27;[le35ms/ap[HTTP]&amp#27;[39m &amp#27;[3pi7mum/n-->&amp#27;[3ode_m9m &amp#27;[3od7mulePOST&amp#27;[39ms/b &amp#27;[abe37m/wd/l-rhub/unsesstimeion/6c0/r3350ege2-fd88-4nera722-tor/runtim8b5be.js-92e91949d161/element&amp#27;[:139m
0&amp#27;[35m[0:21)
&amp#27;[35m[MJSONWHTP]&amp#27;[3TP]&amp#27;[9m   39m   &amp#27;[90at m{GeneratorF"uusingncti":"id",onPrototyp"vale.uein":voke (/"com.Slack:id/usrnext/local/li_bub/ttonno_url_entde_ry"}&amp#27;[39m
[debug] &amp#27;[35modulm[W3C]&amp#27;[39m Cales/appium/lingnode_m Apodules/piubabel-runtime/regeneratomDrir/rvunertime..fjs:indEl13emen6:3t() 7)
with args: ["id","com.Slack:id/next_button_url_entry","6c033502-fd88-4722-8b5b-92e91949d161"]
[debug] &amp#27;[35m[BaseDriver]&amp#27;[39m Valid locator strategies for this request: xpath, id, class name, accessibility id, -android uiautomator
[debug] &amp#27;[35m[BaseDriver]&amp#27;[39m Waiting up to 0 ms for condition
[debug] &amp#27;[35m[JSONWP Proxy]&amp#27;[39m Matched '/element' to command name 'findElement'
[debug] &amp#27;[35m[JSONWP Proxy]&amp#27;[39m Proxying [POST /element] to [POST http://localhost:8201/wd/hub/session/5a27c767-9791-4751-872d-2ed612cd606d/element] with body: {"strategy":"id","selector":"com.Slack:id/next_button_url_entry","context":"","multiple":false}
[debug] &amp#27;[35m[MJSONWP]&amp#27;[39m Matched JSONWP error code 7 to NoSuchElementError
&amp#27;[35m[MJSONWP]&amp#27;[39m Encountered internal error running command: NoSuchElementError: An element could not be located on the page using the given search parameters.
&amp#27;[35m[MJSONWP]&amp#27;[39m     at AndroidUiautomator2Driver.callee$0$0$ (/usr/local/lib/node_modules/appium/node_modules/appium-android-driver/lib/commands/find.js:75:11)
&amp#27;[35m[MJSONWP]&amp#27;[39m     at tryCatch (/usr/local/lib/node_modul&amp#27;[35m[HTTP]&amp#27;[39m &amp#27;[37m<-- POST /wd/hub/session/6c033502-fd88-4722-8b5b-92e91949es/d161/element &amp#27;[ap39m&amp#27;[31m500&amp#27;[39m piu&amp#27;[9m/node_mod0m19 msules/babel-ru - 164ntim&amp#27;[e/regen39m
&amp#27;[35m[HTTP]&amp#27;[39m &amp#27;[90m&amp#27;[39m
erator/runtime.js:67:40)
&amp#27;[35m[MJSONWP]&amp#27;[39m     at GeneratorFunctionPrototype.invoke [as _invoke] (/usr/local/lib/node_modules/appium/node_modules/babel-runtime/regenerator/runtime.js:315:22)
&amp#27;[35m[MJSONWP]&amp#27;[39m     at GeneratorFunctionPrototype.prototype.(anonymous function) [as throw] (/usr/local/lib/node_modules/appium/node_modules/babel-runtime/regenerator/runtime.js:100:21)
&amp#27;[35m[MJSONWP]&amp#27;[39m     at GeneratorFunctionPrototype.invoke (/usr/local/lib/node_modules/appium/node_modules/babel-runtime/regenerator/runtime.js:136:37)
&amp#27;[35m[HTTP]&amp#27;[39m &amp#27;[37m-->&amp#27;[39m &amp#27;[37mPOST&amp#27;[39m &amp#27;[37m/wd/hub/session/6c033502-fd88-4722-8b5b-92e91949d161/element&amp#27;[39m
&amp#27;[35m[HTTP]&amp#27;[39m &amp#27;[90m{"using":"id","value":"com.Slack:id/next_button_url_entry"}&amp#27;[39m
[debug] &amp#27;[35m[W3C]&amp#27;[39m Calling AppiumDriver.findElement() with args: ["id","com.Slack:id/next_button_url_entry","6c033502-fd88-4722-8b5b-92e91949d161"]
[debug] &amp#27;[35m[BaseDriver]&amp#27;[39m Valid locator strategies for this request: xpath, id, class name, accessibility id, -android uiautomator
[debug] &amp#27;[35m[BaseDriver]&amp#27;[39m Waiting up to 0 ms for condition
[debug] &amp#27;[35m[JSONWP Proxy]&amp#27;[39m Matched '/element' to command name 'findElement'
[debug] &amp#27;[35m[JSONWP Proxy]&amp#27;[39m Proxying [POST /element] to [POST http://localhost:8201/wd/hub/session/5a27c767-9791-4751-872d-2ed612cd606d/element] with body: {"strategy":"id","selector":"com.Slack:id/next_button_url_entry","context":"","multiple":false}
[debug] &amp#27;[35m[MJSONWP]&amp#27;[39m Matched JSONWP error code 7 to NoSuchElementError
&amp#27;[35m[MJSONWP]&amp#27;[39m Encountered internal error running command: NoSuchElementError: An element could not be located on the page using the given search parameters.
&amp#27;[35m[MJSONWP]&amp#27;[39m     at AndroidUiautomator2Driver.cal&amp#27;[3lee$5m[HTTP]&amp#27;0$0[3$ (/u9msr/local/lib/nod &amp#27;[37e_m<modules/-- POappiST um/node_mod/wuld/huesb//asessippiumon-an/6droid-driver/lic0b/33502-cofd88-4722-8b5b-92e91949d161/elementmmands/find.js: &amp#27;[39m75&amp#27;[3:11)1m500&amp#27;[
&amp#27;39m [35&amp#27;[90mm[M22 ms - JSONWP164&amp#27;]&amp#27;[39m     at try[3Catch9m
 &amp#27;[(/usr/loc3al/5m[HTTP]lib&amp#27;[39m /node_&amp#27;[modules90/am&amp#27;ppium/node_[39mmodules
/babel-runtime/regenerator/runtime.js:67:40)
&amp#27;[35m[MJSONWP]&amp#27;[39m     at GeneratorFunctionPrototype.invoke [as _invoke] (/usr/local/lib/node_modules/appium/node_modules/babel-runtime/regenerator/runtime.js:315:22)
&amp#27;[35m[MJSONWP]&amp#27;[39m     at GeneratorFunctionPrototype.prototype.(anonymous function) [as throw] (/usr/local/lib/node_modules/appium/n&amp#27;[ode35m[HTTP]_mo&amp#27;[3dules9m &amp#27;[37m/b--abel->&amp#27;[runt39m &amp#27;[3im7me/POSreT&amp#27;[39m &amp#27;[37m/wd/genehub/ratorsess/rion/6cuntime.js:1033502-fd88-4722-8b5b-92e91949d161/element&amp#27;[39m
00:21&amp#27;[35m[H)
&amp#27;[35mTT[MP]&amp#27;JSONW[39m &amp#27;P]&amp#27;[39[9m     at Ge0mneratorFunctio{"using":"nPidrototype","va.ilue":"com.Slanvck:id/next_buttono_urlke_e (/ntryusr"}&amp#27;[/local/lib/node_modules/39apm
piu[dem/node_bug] &amp#27;[35m[Wmo3C]&amp#27;[39m Cdules/baallinbel-runtg Appiuime/rmDrivegeer.fnerator/runtiime.js:136:37)
ndElement() with args: ["id","com.Slack:id/next_button_url_entry","6c033502-fd88-4722-8b5b-92e91949d161"]
[debug] &amp#27;[35m[BaseDriver]&amp#27;[39m Valid locator strategies for this request: xpath, id, class name, accessibility id, -android uiautomator
[debug] &amp#27;[35m[BaseDriver]&amp#27;[39m Waiting up to 0 ms for condition
[debug] &amp#27;[35m[JSONWP Proxy]&amp#27;[39m Matched '/element' to command name 'findElement'
[debug] &amp#27;[35m[JSONWP Proxy]&amp#27;[39m Proxying [POST /element] to [POST http://localhost:8201/wd/hub/session/5a27c767-9791-4751-872d-2ed612cd606d/element] with body: {"strategy":"id","selector":"com.Slack:id/next_button_url_entry","context":"","multiple":false}
[debug] &amp#27;[35m[MJSONWP]&amp#27;[39m Matched JSONWP error code 7 to NoSuchElementError
&amp#27;[35m[MJSONWP]&amp#27;[39m Encountered internal error running command: NoSuchElementError: An element could not be located on the page using the given search parameters.
&amp#27;[35m[MJSONWP]&amp#27;[39m     at AndroidUiautomator2Driver.callee$0$0$ (/usr/local/lib/node_modules/appium/node_modules/a&amp#27;[35m[HTTppium-android-drP]&amp#27;[39m &amp#27;[37miver/lib/c<-- POSommands/T /wd/hubfind/s.jession/6c0335s:75:11)
&amp#27;02-[35m[Mfd88JSONWP-47]&amp#27;[3922-8b5b-92e91949d161/element &amp#27;[39m&amp#27;[31m500&amp#27;[m  39m   &amp#27;[ a90m21t  ms - tryCatch (/u16sr/local4&amp#27;[39m
/lib/nod&amp#27;[35me_[HmoduleTTP]&amp#27;[39s/m &amp#27;appium/node[90m&amp#27;[39m
_modules/babel-runtime/regenerator/runtime.js:67:40)
&amp#27;[35m[MJSONWP]&amp#27;[39m     at GeneratorFunctionPrototype.invoke [as _invoke] (/usr/local/lib/node_modules/appium/node_modules/babel-runtime/regenerator/runtime.js:315:22)
&amp#27;[35m[MJSONWP]&amp#27;[39m     at GeneratorFunctionPrototype.prototype.(anonymous function) [as throw] (/usr/local/lib/node_modules/appium/node_modules/babel-runtime/regenerator/runtime.js:100:21)
&amp#27;[35m[MJSONWP]&amp#27;[39m     at GeneratorFunctionPrototype.invoke (/usr/local/lib/node_modules/appium/node_modules/babel-runtime/regenerator/runtime.js:136:37)
&amp#27;[35m[HTTP]&amp#27;[39m &amp#27;[37m-->&amp#27;[39m &amp#27;[37mPOST&amp#27;[39m &amp#27;[37m/wd/hub/session/6c033502-fd88-4722-8b5b-92e91949d161/element&amp#27;[39m
&amp#27;[35m[HTTP]&amp#27;[39m &amp#27;[90m{"using":"id","value":"com.Slack:id/next_button_url_entry"}&amp#27;[39m
[debug] &amp#27;[35m[W3C]&amp#27;[39m Calling AppiumDriver.findElement() with args: ["id","com.Slack:id/next_button_url_entry","6c033502-fd88-4722-8b5b-92e91949d161"]
[debug] &amp#27;[35m[BaseDriver]&amp#27;[39m Valid locator strategies for this request: xpath, id, class name, accessibility id, -android uiautomator
[debug] &amp#27;[35m[BaseDriver]&amp#27;[39m Waiting up to 0 ms for condition
[debug] &amp#27;[35m[JSONWP Proxy]&amp#27;[39m Matched '/element' to command name 'findElement'
[debug] &amp#27;[35m[JSONWP Proxy]&amp#27;[39m Proxying [POST /element] to [POST http://localhost:8201/wd/hub/session/5a27c767-9791-4751-872d-2ed612cd606d/element] with body: {"strategy":"id","selector":"com.Slack:id/next_button_url_entry","context":"","multiple":false}
[debug] &amp#27;[35m[MJSONWP]&amp#27;[39m Matched JSONWP error code 7 to NoSuchElementError
&amp#27;[35m[MJSONWP]&amp#27;[39m Encountered internal error running command: NoSuchElementError: An element could not be located on the page using the given search parameters.
&amp#27;[35m[MJSONWP]&amp#27;[39m     at AndroidUiautomator2Driver.callee$0$0$ (/usr/local/l&amp#27;[35m[HTTP]&amp#27;[39m &amp#27;[37m<-- POSTib /wd/n/hub/sesosion/de_6c03modules/35app02-fium/nodd88-472e_mo2-8bdule5b-92s/ape91949d16pi1/um-android-driver/lelemib/commanends/fit &amp#27;[3nd.js:75:11)
&amp#27;[35m[MJSO9m&amp#27;[31NWP]&amp#27;[39m     m500&amp#27;[39m &amp#27;[90mat tryCatch (/usr/loc18al/lib/ ms - 16no4&amp#27;[de_mod39m
ules/app&amp#27;[ium35m[H/noTTP]&amp#27;[de_modules/ba39m &amp#27;[be90m&amp#27;[l-39runtime/m
regenerator/runtime.js:67:40)
&amp#27;[35m[MJSONWP]&amp#27;[39m     at GeneratorFunctionPrototype.invoke [as _invoke] (/usr/local/lib/node_modules/appium/node_modules/babel-runtime/regenerator/runtime.js:315:22)
&amp#27;[35m[MJSONWP]&amp#27;[39m     at GeneratorFunctionPrototype.prototype.(anonymous function) [as throw] (/usr/local/lib/node_modules/appium/node_modules/babel-runtime/regenerator/r&amp#27;[35m[unHTtime.jsTP]&amp#27;[39m:1 &amp#27;[300:7m-->&amp#27;21)
&amp#27;[35m[MJS[39m &amp#27;[ONW37mP]&amp#27;[39m     at GeneratorFuncPOST&amp#27;[39m &amp#27;[37m/wd/hub/sestionPrototsion/6ypc033502-fd88-4722-8b5b-e.92e919in49voke (d161/usr/loc/elemeal/lib/nt&amp#27;[39m
n&amp#27;[35mode_modul[HTTP]&amp#27;[39mes/appium/n &amp#27;[9ode_modules/babel-0mru{"untime/sing":"id","valuregeneratoe":"r/com.Srunlatickme.js:id:136:37)
/next_button_url_entry"}&amp#27;[39m
[debug] &amp#27;[35m[W3C]&amp#27;[39m Calling AppiumDriver.findElement() with args: ["id","com.Slack:id/next_button_url_entry","6c033502-fd88-4722-8b5b-92e91949d161"]
[debug] &amp#27;[35m[BaseDriver]&amp#27;[39m Valid locator strategies for this request: xpath, id, class name, accessibility id, -android uiautomator
[debug] &amp#27;[35m[BaseDriver]&amp#27;[39m Waiting up to 0 ms for condition
[debug] &amp#27;[35m[JSONWP Proxy]&amp#27;[39m Matched '/element' to command name 'findElement'
[debug] &amp#27;[35m[JSONWP Proxy]&amp#27;[39m Proxying [POST /element] to [POST http://localhost:8201/wd/hub/session/5a27c767-9791-4751-872d-2ed612cd606d/element] with body: {"strategy":"id","selector":"com.Slack:id/next_button_url_entry","context":"","multiple":false}
[debug] &amp#27;[35m[MJSONWP]&amp#27;[39m Matched JSONWP error code 7 to NoSuchElementError
&amp#27;[35m[MJSONWP]&amp#27;[39m Encountered internal error running command: NoSuchElementError: An element could not be located on the page using the given search parameters.
&amp#27;[35m[MJSONWP]&amp#27;[39m     at AndroidUiautomator2Driver.callee$0$0$ (/usr/local/lib/node_modules/appium/node_modules/appium-android-driver/lib/commands/find.js:75:11)
&amp#27;[35m[MJSONWP]&amp#27;[39m     at tryCatch (/usr/local/lib/node_modules/appium/node_modules/babel-runtime/regenerator/runtime.js:67:40)
&amp#27;[35m[MJSONWP]&amp#27;[39m     at GeneratorFunctionPro&amp#27;[35m[HTTP]&amp#27;[39m &amp#27;[37m<-- totype.invoke [as _invoke] (/usr/local/lib/node_moPOST /wd/hub/session/6c033502-fd88d-4722-8b5b-92e91949d161/element &amp#27;[39m&amp#27;[31m500&amp#27;[39m &amp#27;[90m20 ms - 164&amp#27;[39m
&amp#27;[35m[HTTP]&amp#27;[39m &amp#27;[90m&amp#27;[39m
ules/appium/node_modules/babel-runtime/regenerator/runtime.js:315:22)
&amp#27;[35m[MJSONWP]&amp#27;[39m     at GeneratorFunctionPrototype.prototype.(anonymous function) [as throw] (/usr/local/lib/node_modules/appium/node_modules/babel-runtime/regenerator/runtime.js:100:21)
&amp#27;[35m[MJSONWP]&amp#27;[39m     at GeneratorFunctionPrototype.invoke (/usr/local/lib/node_modules/appium/node_modules/babel-runtime/regenerator/runtime.js:136:37)
&amp#27;[35m[HTTP]&amp#27;[39m &amp#27;[37m-->&amp#27;[39m &amp#27;[37mPOST&amp#27;[39m &amp#27;[37m/wd/hub/session/6c033502-fd88-4722-8b5b-92e91949d161/element&amp#27;[39m
&amp#27;[35m[HTTP]&amp#27;[39m &amp#27;[90m{"using":"id","value":"com.Slack:id/next_button_url_entry"}&amp#27;[39m
[debug] &amp#27;[35m[W3C]&amp#27;[39m Calling AppiumDriver.findElement() with args: ["id","com.Slack:id/next_button_url_entry","6c033502-fd88-4722-8b5b-92e91949d161"]
[debug] &amp#27;[35m[BaseDriver]&amp#27;[39m Valid locator strategies for this request: xpath, id, class name, accessibility id, -android uiautomator
[debug] &amp#27;[35m[BaseDriver]&amp#27;[39m Waiting up to 0 ms for condition
[debug] &amp#27;[35m[JSONWP Proxy]&amp#27;[39m Matched '/element' to command name 'findElement'
[debug] &amp#27;[35m[JSONWP Proxy]&amp#27;[39m Proxying [POST /element] to [POST http://localhost:8201/wd/hub/session/5a27c767-9791-4751-872d-2ed612cd606d/element] with body: {"strategy":"id","selector":"com.Slack:id/next_button_url_entry","context":"","multiple":false}
[debug] &amp#27;[35m[MJSONWP]&amp#27;[39m Matched JSONWP error code 7 to NoSuchElementError
&amp#27;[35m[MJSONWP]&amp#27;[39m Encountered internal error running command: NoSuchElementError: An element could not be located on the page using the given search parameters.
&amp#27;[35m[MJSONWP]&amp#27;[39m     at AndroidUiautomator2Driver.callee$0$0$ (/usr/local/lib/node_&amp#27;[35m[HTTP]&amp#27;[39mmodules/appium/node_modules/appium-android-driver/lib/commands/find.js:75:11 &amp#27;)
[37m<-&amp#27;[3- POST /wd/5m[MhubJSONW/session/6c0P]&amp#27;[33359m 02-fd8    at tryCatch (/us8-47r/lo22-8b5cal/b-lib92/node919e_modules/appi49d161um/node_/emolemendules/babel-t &amp#27;[runtime/re39genem&amp#27;[ra31m500&amp#27;[39tom &amp#27;r/runtime.j[90m24 ms s:- 6716:44&amp#27;[39m
0)&amp#27;[
&amp#27;[35m[MJSO35NWm[P]&amp#27;[HTTP]&amp#27;[39m 39&amp#27;[m 90    am&amp#27;[t Gen39m
eratorFunctionPrototype.invoke [as _invoke] (/usr/local/lib/node_modules/appium/node_modules/babel-runtime/regenerator/runtime.&amp#27;[js:315:22)
&amp#27;[35m[MJSONWP]&amp#27;[39m  35m[HTT   at GeP]&amp#27;[39m &amp#27;neratorF[37uncm-ti->&amp#27;[39m &amp#27;[37mPOonProST&amp#27;[39totm ype&amp#27;[37m/wd/hub/sess.priootn/6cotype.03350(anon2-fd88-4722-8b5ymous funb-9ct2e91949ion) [asd161 throw] (/us/element&amp#27;[39rm
/lo&amp#27;[35mca[HTl/TP]&amp#27;li[39m &amp#27;[90m{"usinb/nodeg":"id",_m"vodualue"les/appi:"comum/n.Slaode_mock:id/next_button_url_endutryles/b"}&amp#27;[39m
[dabel-runtime/regeneraebugto] r/runtime.js:100&amp#27;[35:21)
&amp#27;[35m[m[MW3CJSONWP]&amp#27;[39]&amp#27;m  [39m Call   at GenerinatorFunctiog AppnPriumDriveototype.invr.fioke (/usrndEleme/lnt()oc walith ar/lib/nodegs: ["id_m","coduomles/.Sappium/lack:noid/nexdet__modules/babel-runtimeb/reguttoeneratorn_ur/runl_entry"ti,"6me.c0js:136:333502-fd7)
88-4722-8b5b-92e91949d161"]
[debug] &amp#27;[35m[BaseDriver]&amp#27;[39m Valid locator strategies for this request: xpath, id, class name, accessibility id, -android uiautomator
[debug] &amp#27;[35m[BaseDriver]&amp#27;[39m Waiting up to 0 ms for condition
[debug] &amp#27;[35m[JSONWP Proxy]&amp#27;[39m Matched '/element' to command name 'findElement'
[debug] &amp#27;[35m[JSONWP Proxy]&amp#27;[39m Proxying [POST /element] to [POST http://localhost:8201/wd/hub/session/5a27c767-9791-4751-872d-2ed612cd606d/element] with body: {"strategy":"id","selector":"com.Slack:id/next_button_url_entry","context":"","multiple":false}
[debug] &amp#27;[35m[MJSONWP]&amp#27;[39m Matched JSONWP error code 7 to NoSuchElementError
&amp#27;[35m[MJSONWP]&amp#27;[39m Encountered internal error running command: NoSuchElementError: An element could not be located on the page using the given search parameters.
&amp#27;[35m[MJSONWP]&amp#27;[39m     at AndroidUiautomator2Dr&amp#27;[35m[HiveTTr.callP]&amp#27;[39m &amp#27;[37mee$0$<-- POST 0$ /wd/hub/session/6c033502-fd88-4722-8b(/u5b-92e91949d161/element &amp#27;sr/loca[39m&amp#27;[31m5l/lib/node_m00od&amp#27;[39m &amp#27;[90m20 ms -ules/a 1pp64&amp#27;iu[3m/9m
node&amp#27;[35m[HTT_mP]&amp#27;[39m odul&amp#27;[90mes/a&amp#27;[39m
ppium-android-driver/lib/commands/find.js:75:11)
&amp#27;[35m[MJSONWP]&amp#27;[39m     at tryCatch (/usr/local/lib/node_modules/appium/node_modules/babel-runtime/regenerator/runtime.js:67:40)
&amp#27;[35m[MJSONWP]&amp#27;[39m     at GeneratorFunctionPrototype.invoke [as _invoke] (/usr/local/lib/node_modules/appium/node_modules/babel-runtime/regenerator/runtime.js:315:22)
&amp#27;[35m[MJSONWP]&amp#27;[39m     at GeneratorFunctionPrototype.prototype.(anonymous function) [as throw] (/us&amp#27;[r35m[HTTP]&amp#27;[39m &amp#27;[3/loca7m-->&amp#27;[3l/lib9m &amp#27;[/node_modules/ap37piumPOSTm/node&amp#27;[_mo39dules/babel-m runtime/re&amp#27;[37m/generator/runtime.wd/hujs:100:21b/sessio)
&amp#27;[35m[MJSOn/6c03NWP]&amp#27;[3539m 02  -f  atd88-4 Genera72to2-rF8b5b-92eunctionPrototype.invoke (/usr/loc91al/li94b/node_m9d161/oduleels/emapent&amp#27;[39m
pium&amp#27;[/node_35m[HTmodTP]&amp#27;ul[3es/babel-ru9m &amp#27;[nt90m{ime/regenera"usingtor":"id",/ru"vntialue"me.:"com.Slajs:136:37)
ck:id/next_button_url_entry"}&amp#27;[39m
[debug] &amp#27;[35m[W3C]&amp#27;[39m Calling AppiumDriver.findElement() with args: ["id","com.Slack:id/next_button_url_entry","6c033502-fd88-4722-8b5b-92e91949d161"]
[debug] &amp#27;[35m[BaseDriver]&amp#27;[39m Valid locator strategies for this request: xpath, id, class name, accessibility id, -android uiautomator
[debug] &amp#27;[35m[BaseDriver]&amp#27;[39m Waiting up to 0 ms for condition
[debug] &amp#27;[35m[JSONWP Proxy]&amp#27;[39m Matched '/element' to command name 'findElement'
[debug] &amp#27;[35m[JSONWP Proxy]&amp#27;[39m Proxying [POST /element] to [POST http://localhost:8201/wd/hub/session/5a27c767-9791-4751-872d-2ed612cd606d/element] with body: {"strategy":"id","selector":"com.Slack:id/next_button_url_entry","context":"","multiple":false}
[debug] &amp#27;[35m[MJSONWP]&amp#27;[39m Matched JSONWP error code 7 to NoSuchElementError
&amp#27;[35m[MJSONWP]&amp#27;[39m Encountered internal error running command: NoSuchElementError: An element could not be located on the page using the given search parameters.
&amp#27;[35m[MJSONWP]&amp#27;[39m     at AndroidUiautomator2Driver.callee$0$0$ (/usr/local/lib/node_modules/a&amp#27;[35m[HTTP]&amp#27;[39ppium/nodem &amp#27;[37_modulem<--s/ POappium-androST /wd/hid-ubdriver/li/sessb/commionands/fi/6c03nd35.js:75:11)
&amp#27;[3502-fd88-4722-8b5b-92e91949m[MJSONd16WP]1/e&amp#27;[39m     at tryCatch (lement &amp#27;[39m&amp#27;[31m/u500&amp#27;[39m sr/local/l&amp#27;[ib/no90m18 ms - 1de64_modules/&amp#27;[39m
a&amp#27;[35m[HTTP]ppium/node_modules/babel-runtime/regen&amp#27;[er39m &amp#27;ator/[90m&amp#27;[39m
runtime.js:67:40)
&amp#27;[35m[MJSONWP]&amp#27;[39m     at GeneratorFunctionPrototype.invoke [as _invoke] (/usr/local/lib/node_modules/appium/node_modules/babel-runtime/regenerator/runtime.js:315:22)
&amp#27;[35m[MJSONWP]&amp#27;[39m     at GeneratorFunctionPrototype.prototype.(anonymous function) [as throw] (/usr/local/lib/node_modules/appium/node_modules/babel-runtime/regenerator/runtime.js:100:21)
&amp#27;[35m[MJSONWP]&amp#27;[39m     at GeneratorFunctionPrototype.invoke (/usr/local/lib/node_modules/appium/node_modules/babel-runtime/regenerator/runtime.js:136:37)
&amp#27;[35m[HTTP]&amp#27;[39m &amp#27;[37m-->&amp#27;[39m &amp#27;[37mPOST&amp#27;[39m &amp#27;[37m/wd/hub/session/6c033502-fd88-4722-8b5b-92e91949d161/element&amp#27;[39m
&amp#27;[35m[HTTP]&amp#27;[39m &amp#27;[90m{"using":"id","value":"com.Slack:id/next_button_url_entry"}&amp#27;[39m
[debug] &amp#27;[35m[W3C]&amp#27;[39m Calling AppiumDriver.findElement() with args: ["id","com.Slack:id/next_button_url_entry","6c033502-fd88-4722-8b5b-92e91949d161"]
[debug] &amp#27;[35m[BaseDriver]&amp#27;[39m Valid locator strategies for this request: xpath, id, class name, accessibility id, -android uiautomator
[debug] &amp#27;[35m[BaseDriver]&amp#27;[39m Waiting up to 0 ms for condition
[debug] &amp#27;[35m[JSONWP Proxy]&amp#27;[39m Matched '/element' to command name 'findElement'
[debug] &amp#27;[35m[JSONWP Proxy]&amp#27;[39m Proxying [POST /element] to [POST http://localhost:8201/wd/hub/session/5a27c767-9791-4751-872d-2ed612cd606d/element] with body: {"strategy":"id","selector":"com.Slack:id/next_button_url_entry","context":"","multiple":false}
[debug] &amp#27;[35m[MJSONWP]&amp#27;[39m Matched JSONWP error code 7 to NoSuchElementError
&amp#27;[35m[MJSONWP]&amp#27;[39m Encountered internal error running command: NoSuchElementError: An element could not be located on the page using the given search parameters.
&amp#27;[35m[MJSONWP]&amp#27;[39m     at AndroidUiautomator2Driver.callee$0$0$ (/usr/loc&amp#27;[35m[HTTP]&amp#27;al/lib/[39m &amp#27;[37mnode<-_mod-u POST /wles/d/appium/node_mohudub/les/appium-androsessiid-don/6c0rive33502r/-fd88-lib/co472mm2-8bands/f5b-ind.js:9275:11e919)
&amp#27;[35m[MJ49d161/elSONemWPent &amp#27;[39m&amp#27;[3]&amp#27;[39m  1m500&amp#27;[39   at trm &amp#27;[yCatch (/90m19 ms - 16usr/lo4&amp#27;[39mcal/
lib/n&amp#27;[35ode_modulem[Hs/TTP]&amp#27;[39m &amp#27;[9app0mium/node_&amp#27;[39m
modules/babel-runtime/regenerator/runtime.js:67:40)
&amp#27;[35m[MJSONWP]&amp#27;[39m     at GeneratorFunctionPrototype.invoke [as _invoke] (/usr/local/lib/node_modules/appium/node_modules/babel-runtime/regenerator/runtime.js:315:22)
&amp#27;[35m[MJSONWP]&amp#27;[39m     at GeneratorFunctionPrototype.prototype.(anonymous function) [as throw] (/usr/local/lib/node_modules/appium/node_modules/babel-runtime/regenerator/runtime.js:100:21)
&amp#27;[35m[MJSONWP]&amp#27;[39m     at GeneratorFunctionPrototype.invoke (/usr/local/lib/node_modules/appium/no&amp#27;[35m[HTTde_modP]&amp#27;[39ules/bm &amp#27;[37m-->abe&amp#27;[39m &amp#27;[37mPOl-runtime/rST&amp#27;[egen39m &amp#27;[37m/wd/hub/session/6c03erator/run35time.js02-fd8:138-4722-8b5b-92e91949d161/element&amp#27;[39m
6:37)
&amp#27;[35m[HTTP]&amp#27;[39m &amp#27;[90m{"using":"id","value":"com.Slack:id/next_button_url_entry"}&amp#27;[39m
[debug] &amp#27;[35m[W3C]&amp#27;[39m Calling AppiumDriver.findElement() with args: ["id","com.Slack:id/next_button_url_entry","6c033502-fd88-4722-8b5b-92e91949d161"]
[debug] &amp#27;[35m[BaseDriver]&amp#27;[39m Valid locator strategies for this request: xpath, id, class name, accessibility id, -android uiautomator
[debug] &amp#27;[35m[BaseDriver]&amp#27;[39m Waiting up to 0 ms for condition
[debug] &amp#27;[35m[JSONWP Proxy]&amp#27;[39m Matched '/element' to command name 'findElement'
[debug] &amp#27;[35m[JSONWP Proxy]&amp#27;[39m Proxying [POST /element] to [POST http://localhost:8201/wd/hub/session/5a27c767-9791-4751-872d-2ed612cd606d/element] with body: {"strategy":"id","selector":"com.Slack:id/next_button_url_entry","context":"","multiple":false}
[debug] &amp#27;[35m[MJSONWP]&amp#27;[39m Matched JSONWP error code 7 to NoSuchElementError
&amp#27;[35m[MJSONWP]&amp#27;[39m Encountered internal error running command: NoSuchElementError: An element could not be located on the page using the given search parameters.
&amp#27;[35m[MJSONWP]&amp#27;[39m     at AndroidUiautomator2Driver.callee$0$0$ (/usr/local/lib/node_modules/appi&amp#27;[3um5m[HTTP]&amp#27;[39m &amp#27;[37m<-- PO/nSTode_modul /wesd/h/aub/session/6c03ppi3502-fdum88-47-and22-8b5b-92roe9id-dri1949d16ver/l1/elibem/commands/find.js:7ent &amp#27;[35:11)
&amp#27;[35m[MJS9m&amp#27;[31m500&amp#27;[ONWP]&amp#27;[39m     at tryCatch (/us39m &amp#27;[90m20 ms r/- 164&amp#27;[lo39m
cal/lib&amp#27;[35m[HTTP]&amp#27;[39m &amp#27;[90m&amp#27;[/node_modul39m
es/appium/node_modules/babel-runtime/regenerator/runtime.js:67:40)
&amp#27;[35m[MJSONWP]&amp#27;[39m     at GeneratorFunctionPrototype.invoke [as _invoke] (/usr/local/lib/node_modules/appium/node_modules/babel-runtime/regenerator/runtime.js:315:22)
&amp#27;[35m[MJSONWP]&amp#27;[39m     at GeneratorFunctionPrototype.prototype.(anonymous function) [as throw] (/usr/local/lib/node_modules/appium/node_modules/babel-runtime/regenerator/runtime.js:100:21)
&amp#27;[35m[MJSONWP]&amp#27;[39m     at GeneratorFunctionPrototype.invoke (/usr/local/lib/node_modules/appium/node_modules/babel-runtime/regenerator/runtime.js:136:37)
&amp#27;[35m[HTTP]&amp#27;[39m &amp#27;[37m-->&amp#27;[39m &amp#27;[37mPOST&amp#27;[39m &amp#27;[37m/wd/hub/session/6c033502-fd88-4722-8b5b-92e91949d161/element&amp#27;[39m
&amp#27;[35m[HTTP]&amp#27;[39m &amp#27;[90m{"using":"id","value":"com.Slack:id/next_button_url_entry"}&amp#27;[39m
[debug] &amp#27;[35m[W3C]&amp#27;[39m Calling AppiumDriver.findElement() with args: ["id","com.Slack:id/next_button_url_entry","6c033502-fd88-4722-8b5b-92e91949d161"]
[debug] &amp#27;[35m[BaseDriver]&amp#27;[39m Valid locator strategies for this request: xpath, id, class name, accessibility id, -android uiautomator
[debug] &amp#27;[35m[BaseDriver]&amp#27;[39m Waiting up to 0 ms for condition
[debug] &amp#27;[35m[JSONWP Proxy]&amp#27;[39m Matched '/element' to command name 'findElement'
[debug] &amp#27;[35m[JSONWP Proxy]&amp#27;[39m Proxying [POST /element] to [POST http://localhost:8201/wd/hub/session/5a27c767-9791-4751-872d-2ed612cd606d/element] with body: {"strategy":"id","selector":"com.Slack:id/next_button_url_entry","context":"","multiple":false}
[debug] &amp#27;[35m[MJSONWP]&amp#27;[39m Matched JSONWP error code 7 to NoSuchElementError
&amp#27;[35m[MJSONWP]&amp#27;[39m Encountered internal error running command: NoSuchElementError: An element could not be located on the page using the given search parameters.
&amp#27;[35m[MJSONWP]&amp#27;[39m     at AndroidUiautomator2Driver.callee$0$0$ (/usr/local/lib/node_mod&amp#27;[ul35m[HTTPes/a]&amp#27;[39ppium/m &amp#27;[37m<-- PnodOST /we_md/huodulb/seses/appium-sion/and6c0roid3350-d2-fd88-4722ri-8b5b-9ve2e91949d16r/l1ib/e/cleommanment ds/&amp#27;[39m&amp#27;[31mfind.j500&amp#27;[39m &amp#27;[9s:75:11)
0m20 &amp#27;[35mms - 164&amp#27;[3[MJSONWP]9m
&amp#27;[39&amp#27;[35m m[H  TT  P]&amp#27;at tryCatch (/usr[39m &amp#27;[90m&amp#27;[39m
/local/lib/node_modules/appium/node_modules/babel-runtime/regenerator/runtime.js:67:40)
&amp#27;[35m[MJSONWP]&amp#27;[39m     at GeneratorFunctionPrototype.invoke [as _invoke] (/usr/local/lib/node_modules/appium/node_modules/babel-runtime/regenerator/runtime.js:315:22)
&amp#27;[35m[MJSONWP]&amp#27;[39m     at GeneratorFunctionPrototype.prototype.(anonymous function) [as throw] (/usr/local/lib/node_modules/appium/node_modules/babel-runtime/regenerator/runtime.js:100:21)
&amp#27;[35m[MJSONWP]&amp#27;[39m     at GeneratorFunctionPrototype.invoke (/usr/local/lib/node_modules/appium/node_modules/babel-runtim&amp#27;[e/regenera35mtor/runt[HimTTP]&amp#27;[3e.js9m &amp#27;:136:[37m-37->&amp#27;[3)
9m &amp#27;[37mPOST&amp#27;[39m &amp#27;[37m/wd/hub/session/6c033502-fd88-4722-8b5b-92e91949d161/element&amp#27;[39m
&amp#27;[35m[HTTP]&amp#27;[39m &amp#27;[90m{"using":"id","value":"com.Slack:id/next_button_url_entry"}&amp#27;[39m
[debug] &amp#27;[35m[W3C]&amp#27;[39m Calling AppiumDriver.findElement() with args: ["id","com.Slack:id/next_button_url_entry","6c033502-fd88-4722-8b5b-92e91949d161"]
[debug] &amp#27;[35m[BaseDriver]&amp#27;[39m Valid locator strategies for this request: xpath, id, class name, accessibility id, -android uiautomator
[debug] &amp#27;[35m[BaseDriver]&amp#27;[39m Waiting up to 0 ms for condition
[debug] &amp#27;[35m[JSONWP Proxy]&amp#27;[39m Matched '/element' to command name 'findElement'
[debug] &amp#27;[35m[JSONWP Proxy]&amp#27;[39m Proxying [POST /element] to [POST http://localhost:8201/wd/hub/session/5a27c767-9791-4751-872d-2ed612cd606d/element] with body: {"strategy":"id","selector":"com.Slack:id/next_button_url_entry","context":"","multiple":false}
[debug] &amp#27;[35m[MJSONWP]&amp#27;[39m Matched JSONWP error code 7 to NoSuchElementError
&amp#27;[35m[MJSONWP]&amp#27;[39m Encountered internal error running command: NoSuchElementError: An element could not be located on the page using the given search parameters.
&amp#27;[35m[MJSONWP]&amp#27;[39m     at AndroidUiautomator2Driver.callee$0$0$ (/usr/local/lib/node_&amp#27;[3modules5m/appiu[HTm/nodeTP]_modules/appium-&amp#27;[android-dr39m iver/lib&amp#27;[37m<-- POST/comman /wds/d/hub/sefind.ssionjs:75:11/6)
c0&amp#27;[35m[M33JS50ON2-fd88WP-4]&amp#27;72[32-8b5b9m   -9  at t2e919ryC49d161/elementatc &amp#27;[39m&amp#27;h (/u[31m500&amp#27;[39sr/local/lib/node_modulesm &amp#27;[90m/appi21 ms -um/node 1_modules/babel-runtime/reg64&amp#27;[39m
en&amp#27;[3er5m[ator/runtime.js:67:40HTTP])
&amp#27;[35m&amp#27;[39m &amp#27;[M[90m&amp#27;JSONWP]&amp#27;[39m    [39m
 at GeneratorFunctionPrototype.invoke [as _invoke] (/usr/local/lib/node_modules/appium/node_modules/babel-runtime/regenerator/runtime.js:315:22)
&amp#27;[35m[MJSONWP]&amp#27;[39m     at GeneratorFunctionPrototype.prototype.(anonymous function) [as throw] (/usr/local/lib/node_modules/appium/nod&amp#27;[e_modules/35babem[HTTPl-runti]&amp#27;me/re[39mgene &amp#27;rator/runtim[3e.7m-->js:1&amp#27;[0039m:21)
&amp#27; &amp#27;[[337mPOST5m[&amp#27;[39m &amp#27;[37m/wd/hMJSOub/sessionNW/6c033P]&amp#27;5[302-f9m     ad8t Gene8-4722-8b5bratorFunctionPro-92e91to949d161/element&amp#27;[39tym
pe&amp#27;[35.invoke (/usr/local/m[HTTP]lib/node_module&amp#27;[s/appi39um/nom &amp#27;[90mde{"usin_modulesg":"id","v/babalue":el-"corum.Slack:idntim/next_butte/onregene_url_enratry"}&amp#27;[39m
[tor/runtime.js:136:37)debug]
 &amp#27;[35m[W3C]&amp#27;[39m Calling AppiumDriver.findElement() with args: ["id","com.Slack:id/next_button_url_entry","6c033502-fd88-4722-8b5b-92e91949d161"]
[debug] &amp#27;[35m[BaseDriver]&amp#27;[39m Valid locator strategies for this request: xpath, id, class name, accessibility id, -android uiautomator
[debug] &amp#27;[35m[BaseDriver]&amp#27;[39m Waiting up to 0 ms for condition
[debug] &amp#27;[35m[JSONWP Proxy]&amp#27;[39m Matched '/element' to command name 'findElement'
[debug] &amp#27;[35m[JSONWP Proxy]&amp#27;[39m Proxying [POST /element] to [POST http://localhost:8201/wd/hub/session/5a27c767-9791-4751-872d-2ed612cd606d/element] with body: {"strategy":"id","selector":"com.Slack:id/next_button_url_entry","context":"","multiple":false}
[debug] &amp#27;[35m[MJSONWP]&amp#27;[39m Matched JSONWP error code 7 to NoSuchElementError
&amp#27;[35m[MJSONWP]&amp#27;[39m Encountered internal error running command: NoSuchElementError: An element could not be located on the page using the given search parameters.
&amp#27;[35m[MJSONWP]&amp#27;[39m     at AndroidUiautomator2Driver.callee$0$0$ (/usr/local/lib/node_modules/appium/node_modules/appium-android-driver/lib/commands/find.js:75:11)
&amp#27;[35m[MJSONWP]&amp#27;[39m     at tryCatch (/usr/local/lib/node_modules/appium/node_modules/babel-runtime/regenerator/runtime.js:67&amp#27;[:435m[0)HT
&amp#27;TP[35]&amp#27;m[[39m MJ&amp#27;[SONWP37m<-- POST ]&amp#27;[39m    /w at GeneratorFud/hub/sesnctionPsioron/6ctot03ype.invoke [as 3502-fd8_i8-nvoke] (/4722-8usr/lob5cal/b-lib/node_modu92e91949d161/element &amp#27;[39m&amp#27;les/appium/[31m500&amp#27;[39m &amp#27;[90m26 nomsde_modules - 164&amp#27;[39m/babel-runt
ime/regenerat&amp#27;[or35/rm[untime.js:HTTP]&amp#27;[39m &amp#27;[90m&amp#27;[39m
315:22)
&amp#27;[35m[MJSONWP]&amp#27;[39m     at GeneratorFunctionPrototype.prototype.(anonymous function) [as throw] (/usr/local/lib/node_modules/appium/node_modules/babel-runtime/regenerator/runtime.js:100:21)
&amp#27;[35m[MJSONWP]&amp#27;[39m     at GeneratorFunctionPrototype.invoke (/usr/local/lib/node_modules/appium/node_modules/babel-runtime/regenerator/runtime.js:136:37)
&amp#27;[35m[HTTP]&amp#27;[39m &amp#27;[37m-->&amp#27;[39m &amp#27;[37mPOST&amp#27;[39m &amp#27;[37m/wd/hub/session/6c033502-fd88-4722-8b5b-92e91949d161/element&amp#27;[39m
&amp#27;[35m[HTTP]&amp#27;[39m &amp#27;[90m{"using":"id","value":"com.Slack:id/next_button_url_entry"}&amp#27;[39m
[debug] &amp#27;[35m[W3C]&amp#27;[39m Calling AppiumDriver.findElement() with args: ["id","com.Slack:id/next_button_url_entry","6c033502-fd88-4722-8b5b-92e91949d161"]
[debug] &amp#27;[35m[BaseDriver]&amp#27;[39m Valid locator strategies for this request: xpath, id, class name, accessibility id, -android uiautomator
[debug] &amp#27;[35m[BaseDriver]&amp#27;[39m Waiting up to 0 ms for condition
[debug] &amp#27;[35m[JSONWP Proxy]&amp#27;[39m Matched '/element' to command name 'findElement'
[debug] &amp#27;[35m[JSONWP Proxy]&amp#27;[39m Proxying [POST /element] to [POST http://localhost:8201/wd/hub/session/5a27c767-9791-4751-872d-2ed612cd606d/element] with body: {"strategy":"id","selector":"com.Slack:id/next_button_url_entry","context":"","multiple":false}
[debug] &amp#27;[35m[MJSONWP]&amp#27;[39m Matched JSONWP error code 7 to NoSuchElementError
&amp#27;[35m[MJSONWP]&amp#27;[39m Encountered internal error running command: NoSuchElementError: An element could not be located on the page using the given search parameters.
&amp#27;[35m[MJSONWP]&amp#27;[39m     at AndroidUiautomator2Driver.callee$0$0$ (/usr/local/lib/node_modules/appium/node_mod&amp#27;[35m[HTTP]&amp#27;[39m &amp#27;[37ulem<-- POST /wd/s/huapb/sesspiuion/m-6c033android502-driver/lib/commands/find.-fd88-472js2-:78b5b-92e9195:4911)
&amp#27;[35m[Md1JSONWP]&amp#27;[361/el9m ement &amp#27;[39m&amp#27;[  31m5  00at&amp#27;[ tryC39m &amp#27;[90m29 ms -atc 164&amp#27;[39h (/usr/localm
/lib/&amp#27;[node_mo35m[dules/appium/nodHTTe_P]modules&amp#27;[39m &amp#27;[90m&amp#27;/babel-runtime/r[39m
egenerator/runtime.js:67:40)
&amp#27;[35m[MJSONWP]&amp#27;[39m     at GeneratorFunctionPrototype.invoke [as _invoke] (/usr/local/lib/node_modules/appium/node_modules/babel-runtime/regenerator/runtime.js:315:22)
&amp#27;[35m[MJSONWP]&amp#27;[39m     at GeneratorFunctionPrototype.prototype.(anonymous function) [as throw] (/usr/local/lib/node_modules/appium/node_modules/babel-runtime/regenerator/runtime.js:100:21)
&amp#27;[35m[MJSONWP]&amp#27;[39m     at GeneratorFunctionPrototype.invoke (/usr/local/lib/node_modules/appium/node_modules/babel-runtime/regenerator/runtime.js:136:37)
&amp#27;[35m[HTTP]&amp#27;[39m &amp#27;[37m-->&amp#27;[39m &amp#27;[37mPOST&amp#27;[39m &amp#27;[37m/wd/hub/session/6c033502-fd88-4722-8b5b-92e91949d161/element&amp#27;[39m
&amp#27;[35m[HTTP]&amp#27;[39m &amp#27;[90m{"using":"id","value":"com.Slack:id/next_button_url_entry"}&amp#27;[39m
[debug] &amp#27;[35m[W3C]&amp#27;[39m Calling AppiumDriver.findElement() with args: ["id","com.Slack:id/next_button_url_entry","6c033502-fd88-4722-8b5b-92e91949d161"]
[debug] &amp#27;[35m[BaseDriver]&amp#27;[39m Valid locator strategies for this request: xpath, id, class name, accessibility id, -android uiautomator
[debug] &amp#27;[35m[BaseDriver]&amp#27;[39m Waiting up to 0 ms for condition
[debug] &amp#27;[35m[JSONWP Proxy]&amp#27;[39m Matched '/element' to command name 'findElement'
[debug] &amp#27;[35m[JSONWP Proxy]&amp#27;[39m Proxying [POST /element] to [POST http://localhost:8201/wd/hub/session/5a27c767-9791-4751-872d-2ed612cd606d/element] with body: {"strategy":"id","selector":"com.Slack:id/next_button_url_entry","context":"","multiple":false}
[debug] &amp#27;[35m[MJSONWP]&amp#27;[39m Matched JSONWP error code 7 to NoSuchElementError
&amp#27;[35m[MJSONWP]&amp#27;[39m Encountered internal error running command: NoSuchElementError: An element could not be located on the page using the given search parameters.
&amp#27;[35m[MJSONWP]&amp#27;[39m     at AndroidUiautomator2Driver.callee$0$0$ (/usr/local/lib/node_modules/appium/&amp#27;[35m[HTTP]&amp#27;[node_39m &amp#27;[37m<-- POSTmodul /wd/hub/es/appsession/6c03ium35-an02-fd88-47dr22oid-d-8b5b-92e9rive19r/49d16lib/comm1/anelemedsnt &amp#27;[39m&amp#27;[3/find.js1m:75:11)
&amp#27;[35m[M500&amp#27;[39m JSO&amp#27;[NWP]&amp#27;[39m 90    at tryCatch (/m17 ms - 164&amp#27;[39m
usr/local/lib/nod&amp#27;[35m[HTTP]&amp#27;e_modules/appium/node_modules[3/bab9m &amp#27;[el90m&amp#27;[39m
-runtime/regenerator/runtime.js:67:40)
&amp#27;[35m[MJSONWP]&amp#27;[39m     at GeneratorFunctionPrototype.invoke [as _invoke] (/usr/local/lib/node_modules/appium/node_modules/babel-runtime/regenerator/runtime.js:315:22)
&amp#27;[35m[MJSONWP]&amp#27;[39m     at GeneratorFunctionPrototype.prototype.(anonymous function) [as throw] (/usr/local/lib/node_modules/appium/node_modules/babel-runtime/regenerator/runtime.js:100:21)
&amp#27;[35m[MJSONWP]&amp#27;[39m     at GeneratorFunctionPrototype.invoke (/usr/local/lib/node_modules/appium/node_modules/babel-runtime/regenerator/runtime.js:136:37)
&amp#27;[35m[HTTP]&amp#27;[39m &amp#27;[37m-->&amp#27;[39m &amp#27;[37mPOST&amp#27;[39m &amp#27;[37m/wd/hub/session/6c033502-fd88-4722-8b5b-92e91949d161/element&amp#27;[39m
&amp#27;[35m[HTTP]&amp#27;[39m &amp#27;[90m{"using":"id","value":"com.Slack:id/next_button_url_entry"}&amp#27;[39m
[debug] &amp#27;[35m[W3C]&amp#27;[39m Calling AppiumDriver.findElement() with args: ["id","com.Slack:id/next_button_url_entry","6c033502-fd88-4722-8b5b-92e91949d161"]
[debug] &amp#27;[35m[BaseDriver]&amp#27;[39m Valid locator strategies for this request: xpath, id, class name, accessibility id, -android uiautomator
[debug] &amp#27;[35m[BaseDriver]&amp#27;[39m Waiting up to 0 ms for condition
[debug] &amp#27;[35m[JSONWP Proxy]&amp#27;[39m Matched '/element' to command name 'findElement'
[debug] &amp#27;[35m[JSONWP Proxy]&amp#27;[39m Proxying [POST /element] to [POST http://localhost:8201/wd/hub/session/5a27c767-9791-4751-872d-2ed612cd606d/element] with body: {"strategy":"id","selector":"com.Slack:id/next_button_url_entry","context":"","multiple":false}
[debug] &amp#27;[35m[MJSONWP]&amp#27;[39m Matched JSONWP error code 7 to NoSuchElementError
&amp#27;[35m[MJSONWP]&amp#27;[39m Encountered internal error running command: NoSuchElementError: An element could not be located on the page using the given search parameters.
&amp#27;[35m[MJSONWP]&amp#27;[39m     at AndroidUiautomator2Driver.callee$0$0$ (/usr/local/lib/node_modules&amp#27;[35m[/appiuHTTP]&amp#27;[39m/nodm &amp#27;[37e_modules/appium-android-m<dr-- POST /wivd/hub/session/6c033502-fd88-4722-8b5b-92e91er/lib949d16/co1/element mmands/find.js:75:11)
&amp#27;[35m[MJSONWP]&amp#27;&amp#27;[39m&amp#27;[39m [31m500&amp#27;[   39 at m &amp#27;[90m18 ms - 164&amp#27;[39m
tryCatch &amp#27;[(/usr/local/lib/35node_modulem[Hs/appiumTT/nP]&amp#27;[3ode_modules/9mba &amp#27;[90m&amp#27;[bel-r39m
untime/regenerator/runtime.js:67:40)
&amp#27;[35m[MJSONWP]&amp#27;[39m     at GeneratorFunctionPrototype.invoke [as _invoke] (/usr/local/lib/node_modules/appium/node_modules/babel-runtime/regenerator/runtime.js:315:22)
&amp#27;[35m[MJSONWP]&amp#27;[39m     at GeneratorFunctionPrototype.prototype.(anonymous function) [as throw] (/usr/local/lib/node_modules/appium/node_modules/babel-runtime/regenerator/runtime.js:100:21)
&amp#27;[35m[MJSONWP]&amp#27;[39m     at GeneratorFunctionPrototype.invoke (/usr/local/lib/node_modules/appium/node_modules/babel-runtime/regenerator/runtime.js:136:37)
&amp#27;[35m[HTTP]&amp#27;[39m &amp#27;[37m-->&amp#27;[39m &amp#27;[37mPOST&amp#27;[39m &amp#27;[37m/wd/hub/session/6c033502-fd88-4722-8b5b-92e91949d161/element&amp#27;[39m
&amp#27;[35m[HTTP]&amp#27;[39m &amp#27;[90m{"using":"id","value":"com.Slack:id/next_button_url_entry"}&amp#27;[39m
[debug] &amp#27;[35m[W3C]&amp#27;[39m Calling AppiumDriver.findElement() with args: ["id","com.Slack:id/next_button_url_entry","6c033502-fd88-4722-8b5b-92e91949d161"]
[debug] &amp#27;[35m[BaseDriver]&amp#27;[39m Valid locator strategies for this request: xpath, id, class name, accessibility id, -android uiautomator
[debug] &amp#27;[35m[BaseDriver]&amp#27;[39m Waiting up to 0 ms for condition
[debug] &amp#27;[35m[JSONWP Proxy]&amp#27;[39m Matched '/element' to command name 'findElement'
[debug] &amp#27;[35m[JSONWP Proxy]&amp#27;[39m Proxying [POST /element] to [POST http://localhost:8201/wd/hub/session/5a27c767-9791-4751-872d-2ed612cd606d/element] with body: {"strategy":"id","selector":"com.Slack:id/next_button_url_entry","context":"","multiple":false}
[debug] &amp#27;[35m[MJSONWP]&amp#27;[39m Matched JSONWP error code 7 to NoSuchElementError
&amp#27;[35m[MJSONWP]&amp#27;[39m Encountered internal error running command: NoSuchElementError: An element could not be located on the page using the given search parameters.
&amp#27;[35m[MJSONWP]&amp#27;[39m     at AndroidUiautomator2Driver.callee$0$0$ (/usr/local/lib/node_modu&amp#27;[35m[HleTTP]&amp#27;[3s/ap9m &amp#27;[37m<-pi- um/nodPOST /wd/hue_moduleb/session/6c03350s/ap2-pium-androifd8d-driver/l8-ib4722-8/cb5b-92e9ommands1949d16/fin1/d.eljement &amp#27;[39m&amp#27;[31m500s:7&amp#27;[39m &amp#27;[90m18 m5:11)
&amp#27;[35ms - 164[MJ&amp#27;[39m
SONW&amp#27;[35m[HTP]&amp#27;TP[3]&amp#27;[39m &amp#27;[90m&amp#27;[39m
9m     at tryCatch (/usr/local/lib/node_modules/appium/node_modules/babel-runtime/regenerator/runtime.js:67:40)
&amp#27;[35m[MJSONWP]&amp#27;[39m     at GeneratorFunctionPrototype.invoke [as _invoke] (/usr/local/lib/node_modules/appium/node_modules/babel-runtime/regenerator/runtime.js:315:22)
&amp#27;[35m[MJSONWP]&amp#27;[39m     at GeneratorFunctionPrototype.prototype.(anonymous function) [as throw] (/usr/local/lib/node_modules/appium/node_modules/babel-runtime/regenerator/runtime.js:100:21)
&amp#27;[35m[MJSONWP]&amp#27;[39m     at GeneratorFunctionPrototype.invoke (/usr/local/lib/node_modules/appium/node_modules/babel-runtime/regenerator/runtime.js:136:37)
&amp#27;[35m[HTTP]&amp#27;[39m &amp#27;[37m-->&amp#27;[39m &amp#27;[37mPOST&amp#27;[39m &amp#27;[37m/wd/hub/session/6c033502-fd88-4722-8b5b-92e91949d161/element&amp#27;[39m
&amp#27;[35m[HTTP]&amp#27;[39m &amp#27;[90m{"using":"id","value":"com.Slack:id/next_button_url_entry"}&amp#27;[39m
[debug] &amp#27;[35m[W3C]&amp#27;[39m Calling AppiumDriver.findElement() with args: ["id","com.Slack:id/next_button_url_entry","6c033502-fd88-4722-8b5b-92e91949d161"]
[debug] &amp#27;[35m[BaseDriver]&amp#27;[39m Valid locator strategies for this request: xpath, id, class name, accessibility id, -android uiautomator
[debug] &amp#27;[35m[BaseDriver]&amp#27;[39m Waiting up to 0 ms for condition
[debug] &amp#27;[35m[JSONWP Proxy]&amp#27;[39m Matched '/element' to command name 'findElement'
[debug] &amp#27;[35m[JSONWP Proxy]&amp#27;[39m Proxying [POST /element] to [POST http://localhost:8201/wd/hub/session/5a27c767-9791-4751-872d-2ed612cd606d/element] with body: {"strategy":"id","selector":"com.Slack:id/next_button_url_entry","context":"","multiple":false}
[debug] &amp#27;[35m[MJSONWP]&amp#27;[39m Matched JSONWP error code 7 to NoSuchElementError
&amp#27;[35m[MJSONWP]&amp#27;[39m Encountered internal error running command: NoSuchElementError: An element could not be located on the page using the given search parameters.
&amp#27;[35m[MJSONWP]&amp#27;[39m     at AndroidUiautomator2Driver.callee$0$0$ (/usr/local/lib/node_modules/appium/node_modules/appium-android-driver/lib/commands/fin&amp#27;[d.js:35m[H75:11)TTP
&amp#27;[35m[MJSON]&amp#27;[3WP9m ]&amp#27;&amp#27;[37m<-- P[39OST /wm d/    at hubtryC/session/6atch (/usr/local/lib/nodc0e_m33502-fd88-4722-8b5odules/apb-92e9pium1949d161/element &amp#27;[3/node_modules/ba9m&amp#27;[31belm500&amp#27;[39m &amp#27;[90m38 m-runs - 164&amp#27;time[39m/regen
erator/runti&amp#27;[3me5m.js:67[HTTP]&amp#27;[39:40)
&amp#27;[35m[MJSONm &amp#27;[90m&amp#27;WP[39m
]&amp#27;[39m     at GeneratorFunctionPrototype.invoke [as _invoke] (/usr/local/lib/node_modules/appium/node_modules/babel-runtime/regenerator/runtime.js:315:22)
&amp#27;[35m[MJSONWP]&amp#27;[39m     at GeneratorFunctionPrototype.prototype.(anonymous function) [as throw] (/usr/local/lib/node_modules/appium/node_modules/babel-runtime/regenerator/runtime.js:100:21)
&amp#27;[35m[MJSONWP]&amp#27;[39m     at GeneratorFunctionPrototype.invoke (/usr/local/lib/node_modules/appium/node_modules/babel-runtime/regenerator/runtime.js:136:37)
&amp#27;[35m[HTTP]&amp#27;[39m &amp#27;[37m-->&amp#27;[39m &amp#27;[37mPOST&amp#27;[39m &amp#27;[37m/wd/hub/session/6c033502-fd88-4722-8b5b-92e91949d161/element&amp#27;[39m
&amp#27;[35m[HTTP]&amp#27;[39m &amp#27;[90m{"using":"id","value":"com.Slack:id/next_button_url_entry"}&amp#27;[39m
[debug] &amp#27;[35m[W3C]&amp#27;[39m Calling AppiumDriver.findElement() with args: ["id","com.Slack:id/next_button_url_entry","6c033502-fd88-4722-8b5b-92e91949d161"]
[debug] &amp#27;[35m[BaseDriver]&amp#27;[39m Valid locator strategies for this request: xpath, id, class name, accessibility id, -android uiautomator
[debug] &amp#27;[35m[BaseDriver]&amp#27;[39m Waiting up to 0 ms for condition
[debug] &amp#27;[35m[JSONWP Proxy]&amp#27;[39m Matched '/element' to command name 'findElement'
[debug] &amp#27;[35m[JSONWP Proxy]&amp#27;[39m Proxying [POST /element] to [POST http://localhost:8201/wd/hub/session/5a27c767-9791-4751-872d-2ed612cd606d/element] with body: {"strategy":"id","selector":"com.Slack:id/next_button_url_entry","context":"","multiple":false}
[debug] &amp#27;[35m[MJSONWP]&amp#27;[39m Matched JSONWP error code 7 to NoSuchElementError
&amp#27;[35m[MJSONWP]&amp#27;[39m Encountered internal error running command: NoSuchElementError: An element could not be located on the page using the given search parameters.
&amp#27;[35m[MJSONWP]&amp#27;[39m     at AndroidUiautomator2Driver.callee$0$0$ (/usr/local/lib/node_mod&amp#27;[35ules/appium/nm[HTTP]&amp#27;[39m &amp#27;[ode_mod37m<-- POSulesT /wd/hub/ses/appiumsion/6-androc03350id-driver/lib2-/comfd88-4722-8b5b-92e91949d161/element &amp#27;[3mands/find.j9m&amp#27;[31m500&amp#27;[39m s:75:11)
&amp#27;[35&amp#27;[90m1m[MJ9 SONWms P]- 16&amp#27;[39m     at tryCatch (4&amp#27;/usr/lo[3cal/lib/nod9m
e_&amp#27;[35m[HmodTTP]&amp#27;[39ulm &amp#27;[e90m&amp#27;[39m
s/appium/node_modules/babel-runtime/regenerator/runtime.js:67:40)
&amp#27;[35m[MJSONWP]&amp#27;[39m     at GeneratorFunctionPrototype.invoke [as _invoke] (/usr/local/lib/node_modules/appium/node_modules/babel-runtime/regenerator/runtime.js:315:22)
&amp#27;[35m[MJSONWP]&amp#27;[39m     at GeneratorFunctionPrototype.prototype.(anonymous function) [as throw] (/usr/local/lib/node_modules/appium/node_modules/babel-runtime/regenerator/runtime.js:100:21)
&amp#27;[35m[MJSONWP]&amp#27;[39m    &amp#27;[35m[HTTP]&amp#27; [39m &amp#27;[37at Gm--ene>&amp#27;rator[39m &amp#27;[3Fu7mPOSTnctionPrototype.&amp#27;[3invoke (9m/us &amp#27;r/[37m/wd/hub/session/6c033502-locafdl/88-4722li-8b/b5b-9nod2e9e_1949d161/emolemedules/appium/node_mnt&amp#27;[39m
odule&amp#27;[35s/bam[HTTPbe]&amp#27;[39m &amp#27;[l-runtime90m{"using":"id","/rvaegluene"erator/ru:"com.ntimeSlac.js:136:37)
k:id/next_button_url_entry"}&amp#27;[39m
[debug] &amp#27;[35m[W3C]&amp#27;[39m Calling AppiumDriver.findElement() with args: ["id","com.Slack:id/next_button_url_entry","6c033502-fd88-4722-8b5b-92e91949d161"]
[debug] &amp#27;[35m[BaseDriver]&amp#27;[39m Valid locator strategies for this request: xpath, id, class name, accessibility id, -android uiautomator
[debug] &amp#27;[35m[BaseDriver]&amp#27;[39m Waiting up to 0 ms for condition
[debug] &amp#27;[35m[JSONWP Proxy]&amp#27;[39m Matched '/element' to command name 'findElement'
[debug] &amp#27;[35m[JSONWP Proxy]&amp#27;[39m Proxying [POST /element] to [POST http://localhost:8201/wd/hub/session/5a27c767-9791-4751-872d-2ed612cd606d/element] with body: {"strategy":"id","selector":"com.Slack:id/next_button_url_entry","context":"","multiple":false}
[debug] &amp#27;[35m[MJSONWP]&amp#27;[39m Matched JSONWP error code 7 to NoSuchElementError
&amp#27;[35m[MJSONWP]&amp#27;[39m Encountered internal error running command: NoSuchElementError: An element could not be located on the page using the given search parameters.
&amp#27;[35m[MJSONWP]&amp#27;[39m     at AndroidUiautomator2Driver.callee$0$0$ (/usr/local/lib/node_modules/appium/node_modules/appium-android-driver/lib/commands/find.js:75:11)
&amp#27;[35m[MJSONWP]&amp#27;[39m     at tryCatch (/usr/local/lib/&amp#27;[35m[HTTP]node_modules/appium/node_module&amp#27;[3s/babel-runtime/rege9m &amp#27;[3nerat7m<or/-- POruntime.ST /wd/hjsub:67:40)/s
&amp#27;[ession/635mc0335[MJSO02NWP-fd88-47]&amp#27;[39m     a22-8b5b-92t Gene91949d161/elemeeratorFuntn &amp#27;[39ctionmProt&amp#27;[31m50otype.i0&amp#27;nvoke [a[3s 9m &amp#27;[90m2_i1 nvoms - 164&amp#27;[ke] (/u39msr/local/lib/node_modules/appi
&amp#27;um[3/node_mo5m[HTTduleP]&amp#27;[39m &amp#27;[90m&amp#27;[39s/m
babel-runtime/regenerator/runtime.js:315:22)
&amp#27;[35m[MJSONWP]&amp#27;[39m     at GeneratorFunctionPrototype.prototype.(anonymous function) [as throw] (/usr/local/lib/node_modules/appium/node_modules/babel-runtime/regenerator/runtime.js:100:21)
&amp#27;[35m[MJSONWP]&amp#27;&amp#27;[35m[HTTP]&amp#27;[[39m  39m &amp#27;[37m-->&amp#27;[39m &amp#27;[37mPOST&amp#27;[3   at GeneratorFunctionProto9m &amp#27;[37m/wd/hub/session/6c033502-fd8type.invoke (/usr/loc8-al/lib4722-8/node_modb5bules-9/a2e91949d1ppium/no61de/ele_modument&amp#27;[3le9m
s&amp#27;[35m/bab[HTTP]&amp#27;[3el9m &amp#27;[9-run0mtime/regenerato{"usr/runtiing":me"id".js:1,"value"36:37)
:"com.Slack:id/next_button_url_entry"}&amp#27;[39m
[debug] &amp#27;[35m[W3C]&amp#27;[39m Calling AppiumDriver.findElement() with args: ["id","com.Slack:id/next_button_url_entry","6c033502-fd88-4722-8b5b-92e91949d161"]
[debug] &amp#27;[35m[BaseDriver]&amp#27;[39m Valid locator strategies for this request: xpath, id, class name, accessibility id, -android uiautomator
[debug] &amp#27;[35m[BaseDriver]&amp#27;[39m Waiting up to 0 ms for condition
[debug] &amp#27;[35m[JSONWP Proxy]&amp#27;[39m Matched '/element' to command name 'findElement'
[debug] &amp#27;[35m[JSONWP Proxy]&amp#27;[39m Proxying [POST /element] to [POST http://localhost:8201/wd/hub/session/5a27c767-9791-4751-872d-2ed612cd606d/element] with body: {"strategy":"id","selector":"com.Slack:id/next_button_url_entry","context":"","multiple":false}
[debug] &amp#27;[35m[MJSONWP]&amp#27;[39m Matched JSONWP error code 7 to NoSuchElementError
&amp#27;[35m[MJSONWP]&amp#27;[39m Encountered internal error running command: NoSuchElementError: An element could not be located on the page using the given search parameters.
&amp#27;[35m[MJSONWP]&amp#27;[39m     at AndroidUiautomator2Driver.callee$0$0$ (/usr/local/lib/node_modules/ap&amp#27;[pium/node_modules/appi35m[HTum-andTP]&amp#27;[39mroid-driver &amp#27;[37/libm</com-- POST /wd/hub/sessmaion/6c033502nd-fd88-s/47fin22-8b5bd.-92e91949jsd161/element &amp#27;[:75:139m&amp#27;[31m1)
&amp#27;[35m[500&amp#27;[3MJS9m &amp#27;[90m17 ms - 164&amp#27;ONWP]&amp#27;[39m
[3&amp#27;[9m     at 35tryCatch (/usr/local/lm[HTTP]&amp#27;[39m &amp#27;[90m&amp#27;[39m
ib/node_modules/appium/node_modules/babel-runtime/regenerator/runtime.js:67:40)
&amp#27;[35m[MJSONWP]&amp#27;[39m     at GeneratorFunctionPrototype.invoke [as _invoke] (/usr/local/lib/node_modules/appium/node_modules/babel-runtime/regenerator/runtime.js:315:22)
&amp#27;[35m[MJSONWP]&amp#27;[39m     at GeneratorFunctionPrototype.prototype.(anonymous function) [as throw] (/usr/local/lib/node_modules/appium/node_modules/babel-runtime/regenerator/runtime.js:100:21)&amp#27;[
&amp#27;[3355m[MJSONWm[HP]&amp#27;[39TTm P]  &amp#27;[39m   &amp#27;[3at Generat7morFunctionP--ro>&amp#27;[39m &amp#27;[37mPOST&amp#27;totype[3.invo9m &amp#27;ke (/usr[3/l7m/ocwdal/l/hibub//nsession/6c0ode_modules/ap33502pi-fum/d88-472node2-8_modb5b-92e91949d1ules/babe61/ell-ement&amp#27;[3runtime/regener9mator/r
unti&amp#27;[me.js35:136m[:37)
HTTP]&amp#27;[39m &amp#27;[90m{"using":"id","value":"com.Slack:id/next_button_url_entry"}&amp#27;[39m
[debug] &amp#27;[35m[W3C]&amp#27;[39m Calling AppiumDriver.findElement() with args: ["id","com.Slack:id/next_button_url_entry","6c033502-fd88-4722-8b5b-92e91949d161"]
[debug] &amp#27;[35m[BaseDriver]&amp#27;[39m Valid locator strategies for this request: xpath, id, class name, accessibility id, -android uiautomator
[debug] &amp#27;[35m[BaseDriver]&amp#27;[39m Waiting up to 0 ms for condition
[debug] &amp#27;[35m[JSONWP Proxy]&amp#27;[39m Matched '/element' to command name 'findElement'
[debug] &amp#27;[35m[JSONWP Proxy]&amp#27;[39m Proxying [POST /element] to [POST http://localhost:8201/wd/hub/session/5a27c767-9791-4751-872d-2ed612cd606d/element] with body: {"strategy":"id","selector":"com.Slack:id/next_button_url_entry","context":"","multiple":false}
[debug] &amp#27;[35m[MJSONWP]&amp#27;[39m Matched JSONWP error code 7 to NoSuchElementError
&amp#27;[35m[MJSONWP]&amp#27;[39m Encountered internal error running command: NoSuchElementError: An element could not be located on the page using the given search parameters.
&amp#27;[35m[MJSONWP]&amp#27;[39m     at AndroidUiautomator2Driver.callee$0$0$ (/usr/local/lib/node_modules/appium/node_modules/appium-android-driver/l&amp#27;[ib/commands35/fm[HTTP]ind.&amp#27;[39m &amp#27;[37m<-js:7- P5:11)
&amp#27;[OS35m[MJT SONW/wd/huP]b/&amp#27;[39m sess  ion/6c  at tryC03atch (/usr/3502-fd88-4722-8b5b-92elocal/lib/node_modules/ap9194pium/node_modules/b9d161/abel-runtime/regenerator/elerument &amp#27;[39m&amp#27;[3nt1m500&amp#27;[39m &amp#27;[90m19 ms - 164&amp#27;[39m
&amp#27;[35m[HTTP]&amp#27;[ime.j39m &amp#27;[90m&amp#27;[39m
s:67:40)
&amp#27;[35m[MJSONWP]&amp#27;[39m     at GeneratorFunctionPrototype.invoke [as _invoke] (/usr/local/lib/node_modules/appium/node_modules/babel-runtime/regenerator/runtime.js:315:22)
&amp#27;[35m[MJSONWP]&amp#27;[39m     at GeneratorFunctionPrototype.prototype.(anonymous function) [as throw] (/usr/local/lib/node_modules/appium/node_modules/babel-runtime/regenerator/runtime.js:100:21)
&amp#27;[35m[MJSONWP]&amp#27;[39m     at GeneratorFunctionPrototype.invoke (/usr/local/lib/node_modules/appium/node_modules/babel-runtime/regenerator/ru&amp#27;[ntim35m[HTTP]&amp#27;[e.js:136:39m &amp#27;[37m-->&amp#27;[39m &amp#27;[37)
37mPOST&amp#27;[39m &amp#27;[37m/wd/hub/session/6c033502-fd88-4722-8b5b-92e91949d161/element&amp#27;[39m
&amp#27;[35m[HTTP]&amp#27;[39m &amp#27;[90m{"using":"id","value":"com.Slack:id/next_button_url_entry"}&amp#27;[39m
[debug] &amp#27;[35m[W3C]&amp#27;[39m Calling AppiumDriver.findElement() with args: ["id","com.Slack:id/next_button_url_entry","6c033502-fd88-4722-8b5b-92e91949d161"]
[debug] &amp#27;[35m[BaseDriver]&amp#27;[39m Valid locator strategies for this request: xpath, id, class name, accessibility id, -android uiautomator
[debug] &amp#27;[35m[BaseDriver]&amp#27;[39m Waiting up to 0 ms for condition
[debug] &amp#27;[35m[JSONWP Proxy]&amp#27;[39m Matched '/element' to command name 'findElement'
[debug] &amp#27;[35m[JSONWP Proxy]&amp#27;[39m Proxying [POST /element] to [POST http://localhost:8201/wd/hub/session/5a27c767-9791-4751-872d-2ed612cd606d/element] with body: {"strategy":"id","selector":"com.Slack:id/next_button_url_entry","context":"","multiple":false}
[debug] &amp#27;[35m[MJSONWP]&amp#27;[39m Matched JSONWP error code 7 to NoSuchElementError
&amp#27;[35m[MJSONWP]&amp#27;[39m Encountered internal error running command: NoSuchElementError: An element could not be located on the page using the given search parameters.
&amp#27;[35m[MJSONWP]&amp#27;[39m     at AndroidUiautomator2Driver.callee$0$0$ (/usr/local/lib/node_modules/appium/node_modules/appium-android-driv&amp#27;[35m[HTTPer/lib/commands/find.js:75:11)
&amp#27;[35m[MJS]&amp#27;[3ONWP]&amp#27;9m &amp#27;[37[39m     at tryCatm<-- POST /wd/hub/session/6c033502-fd88-472ch (/usr/local/lib/node_modules/appium/n2-8b5b-92e91949d1ode61/e_modlemeules/babel-runtnt &amp#27;[39m&amp#27;[31m500&amp#27;[39m ime/&amp#27;[90rem17 ms genera- tor/164&amp#27;[39m
&amp#27;[35m[HTTP]&amp#27;[39m &amp#27;[90m&amp#27;[39m
runtime.js:67:40)
&amp#27;[35m[MJSONWP]&amp#27;[39m     at GeneratorFunctionPrototype.invoke [as _invoke] (/usr/local/lib/node_modules/appium/node_modules/babel-runtime/regenerator/runtime.js:315:22)
&amp#27;[35m[MJSONWP]&amp#27;[39m     at GeneratorFunctionPrototype.prototype.(anonymous function) [as throw] (/usr/local/lib/node_modules/appium/node_modules/babel-runtime/regenerator/runtime.js:100:21)
&amp#27;[35m[MJSONWP]&amp#27;[39m     at GeneratorFunctionPrototype.invoke (/usr/local/lib/node_modules/appium/node_modules/babel-runtime/regenerator/runtime.js:136:37)
&amp#27;[35m[HTTP]&amp#27;[39m &amp#27;[37m-->&amp#27;[39m &amp#27;[37mPOST&amp#27;[39m &amp#27;[37m/wd/hub/session/6c033502-fd88-4722-8b5b-92e91949d161/element&amp#27;[39m
&amp#27;[35m[HTTP]&amp#27;[39m &amp#27;[90m{"using":"id","value":"com.Slack:id/next_button_url_entry"}&amp#27;[39m
[debug] &amp#27;[35m[W3C]&amp#27;[39m Calling AppiumDriver.findElement() with args: ["id","com.Slack:id/next_button_url_entry","6c033502-fd88-4722-8b5b-92e91949d161"]
[debug] &amp#27;[35m[BaseDriver]&amp#27;[39m Valid locator strategies for this request: xpath, id, class name, accessibility id, -android uiautomator
[debug] &amp#27;[35m[BaseDriver]&amp#27;[39m Waiting up to 0 ms for condition
[debug] &amp#27;[35m[JSONWP Proxy]&amp#27;[39m Matched '/element' to command name 'findElement'
[debug] &amp#27;[35m[JSONWP Proxy]&amp#27;[39m Proxying [POST /element] to [POST http://localhost:8201/wd/hub/session/5a27c767-9791-4751-872d-2ed612cd606d/element] with body: {"strategy":"id","selector":"com.Slack:id/next_button_url_entry","context":"","multiple":false}
[debug] &amp#27;[35m[MJSONWP]&amp#27;[39m Matched JSONWP error code 7 to NoSuchElementError
&amp#27;[35m[MJSONWP]&amp#27;[39m Encountered internal error running command: NoSuchElementError: An element could not be located on the page using the given search parameters.
&amp#27;[35m[MJSONWP]&amp#27;[39m     at AndroidUiautomator2Driver.callee$0$0$ (/usr/local/lib/node_modules/appium/node_mo&amp#27;[35m[HTduleTP]&amp#27;[39m &amp#27;[37m<-- s/POappiuST /wd/hub/session/6cm-andro033502-fd8id-d8river/-lib/commands472/fin2-8d.b5b-js:75:1921)
&amp#27;[35m[MJSONe91949WP]&amp#27;[39md16     at tr1/eleyCatcment h (/usr/local/lib/node_m&amp#27;[odules/appium/nod39m&amp#27;[31me_modu500&amp#27;[39m &amp#27;[90m20 lems - 164&amp#27;[39ms/babe
l-&amp#27;[3runt5m[HTTimeP]&amp#27;[39m &amp#27;[90m&amp#27;[/regen39m
erator/runtime.js:67:40)
&amp#27;[35m[MJSONWP]&amp#27;[39m     at GeneratorFunctionPrototype.invoke [as _invoke] (/usr/local/lib/node_modules/appium/node_modules/babel-runtime/regenerator/runtime.js:315:22)
&amp#27;[35m[MJSONWP]&amp#27;[39m     at GeneratorFunctionPrototype.prototype.(anonymous function) [as throw] (/usr/local/lib/node_modules/appium/node_modules/babel-runtime/regenerator/runtime.js:100:21)
&amp#27;[35m[MJSONWP]&amp#27;[39m     at GeneratorFunctionPrototy&amp#27;[35mpe[H.invoke TTP]&amp#27;(/[3usr/9mlocal/l &amp#27;[ib/node_modul37m-->&amp#27;[es/appium/39m &amp#27;[37mPnode_modules/bOST&amp#27;[39mabel-runtime/regene &amp#27;[37mrator/runtime/w.js:1d/36hub/sessi:3on7)/6c0
33502-fd88-4722-8b5b-92e91949d161/element&amp#27;[39m
&amp#27;[35m[HTTP]&amp#27;[39m &amp#27;[90m{"using":"id","value":"com.Slack:id/next_button_url_entry"}&amp#27;[39m
[debug] &amp#27;[35m[W3C]&amp#27;[39m Calling AppiumDriver.findElement() with args: ["id","com.Slack:id/next_button_url_entry","6c033502-fd88-4722-8b5b-92e91949d161"]
[debug] &amp#27;[35m[BaseDriver]&amp#27;[39m Valid locator strategies for this request: xpath, id, class name, accessibility id, -android uiautomator
[debug] &amp#27;[35m[BaseDriver]&amp#27;[39m Waiting up to 0 ms for condition
[debug] &amp#27;[35m[JSONWP Proxy]&amp#27;[39m Matched '/element' to command name 'findElement'
[debug] &amp#27;[35m[JSONWP Proxy]&amp#27;[39m Proxying [POST /element] to [POST http://localhost:8201/wd/hub/session/5a27c767-9791-4751-872d-2ed612cd606d/element] with body: {"strategy":"id","selector":"com.Slack:id/next_button_url_entry","context":"","multiple":false}
[debug] &amp#27;[35m[MJSONWP]&amp#27;[39m Matched JSONWP error code 7 to NoSuchElementError
&amp#27;[35m[MJSONWP]&amp#27;[39m Encountered internal error running command: NoSuchElementError: An element could not be located on the page using the given search parameters.
&amp#27;[35m[MJSONWP]&amp#27;[39m     at AndroidUiautomator2Driver.callee$0$0$ (/usr/local/lib/node_modules/appium/node_mod&amp#27;[ul35es/am[HTTppium-android-drP]ive&amp#27;[3r/lib/9m &amp#27;[3comm7m<-an- ds/fiPOnd.js:7ST 5:/wd/hub/11)
&amp#27;[35m[MJSONWP]&amp#27;session/[39m     at6c tryCatch (/us033502-fr/local/lib/nd88-4722-8b5b-od92e91e_mo94du9d1les61/appi/eum/lement &amp#27;[39m&amp#27;[31m50node_0&amp#27;[39m &amp#27;mo[90m18 ms du- 164&amp#27;[39m
&amp#27;[35m[HTTP]&amp#27;[39m &amp#27;[90m&amp#27;[le39m
s/babel-runtime/regenerator/runtime.js:67:40)
&amp#27;[35m[MJSONWP]&amp#27;[39m     at GeneratorFunctionPrototype.invoke [as _invoke] (/usr/local/lib/node_modules/appium/node_modules/babel-runtime/regenerator/runtime.js:315:22)
&amp#27;[35m[MJSONWP]&amp#27;[39m     at GeneratorFunctionPrototype.prototype.(anonymous function) [as throw] (/usr/local/lib/node_modules/appium/node_modules/babel-runtime/regenerator/runtime.js:100:21)
&amp#27;[35m[MJSONWP]&amp#27;[39m     at GeneratorFunctionPrototype.invoke (/usr/loca&amp#27;[l/lib/node_m35m[odHTuleTPs/appi]&amp#27;[um/n39ode_modum les/&amp#27;[ba37m-->&amp#27;bel[3-ru9m &amp#27;ntime/[37mregenPOSTerato&amp#27;[r/runtime.j39m &amp#27;s:136:37)
[37m/wd/hub/session/6c033502-fd88-4722-8b5b-92e91949d161/element&amp#27;[39m
&amp#27;[35m[HTTP]&amp#27;[39m &amp#27;[90m{"using":"id","value":"com.Slack:id/next_button_url_entry"}&amp#27;[39m
[debug] &amp#27;[35m[W3C]&amp#27;[39m Calling AppiumDriver.findElement() with args: ["id","com.Slack:id/next_button_url_entry","6c033502-fd88-4722-8b5b-92e91949d161"]
[debug] &amp#27;[35m[BaseDriver]&amp#27;[39m Valid locator strategies for this request: xpath, id, class name, accessibility id, -android uiautomator
[debug] &amp#27;[35m[BaseDriver]&amp#27;[39m Waiting up to 0 ms for condition
[debug] &amp#27;[35m[JSONWP Proxy]&amp#27;[39m Matched '/element' to command name 'findElement'
[debug] &amp#27;[35m[JSONWP Proxy]&amp#27;[39m Proxying [POST /element] to [POST http://localhost:8201/wd/hub/session/5a27c767-9791-4751-872d-2ed612cd606d/element] with body: {"strategy":"id","selector":"com.Slack:id/next_button_url_entry","context":"","multiple":false}
[debug] &amp#27;[35m[MJSONWP]&amp#27;[39m Matched JSONWP error code 7 to NoSuchElementError
&amp#27;[35m[MJSONWP]&amp#27;[39m Encountered internal error running command: NoSuchElementError: An element could not be located on the page using the given search parameters.
&amp#27;[35m[MJSONWP]&amp#27;[39m     at AndroidUiautomator2Driver.callee&amp#27;[35m[HTTP]&amp#27;[39m &amp#27;[37m<-- POST /wd/hub/session/6c033502-fd88-4$0$0$ (722/usr/-8local/lb5b-9ib/node2e919_mod49d161/element ul&amp#27;[39m&amp#27;[31mes/appium/no50de0&amp#27;_modu[39m &amp#27;[les/ap90m21 ms -piu 164&amp#27;[3m-9m
an&amp#27;[droid-driver/l35ibm[HTTP/com]&amp#27;[39m &amp#27;[90mam&amp#27;[39m
nds/find.js:75:11)
&amp#27;[35m[MJSONWP]&amp#27;[39m     at tryCatch (/usr/local/lib/node_modules/appium/node_modules/babel-runtime/regenerator/runtime.js:67:40)
&amp#27;[35m[MJSONWP]&amp#27;[39m     at GeneratorFunctionPrototype.invoke [as _invoke] (/usr/local/lib/node_modules/appium/node_modules/babel-runtime/regenerator/runtime.js:315:22)
&amp#27;[35m[MJSONWP]&amp#27;[39m     at GeneratorFunctionPrototype.prototype.(anonymous function) [as throw] (/usr/local/lib/node_modules/appium/n&amp#27;[35m[HTTode_mP]&amp#27;odule[39ms/babel- &amp#27;[37m-runti->&amp#27;[me/regenerator/run39m &amp#27;[37mPtime.js:100:OST&amp#27;21)
&amp#27;[35[3m[MJS9mONWP &amp#27;[37]&amp#27;m/[3wd/hub/sessio9m   n/6c03350  at2-fd8 GeneratorFunc8-4722-8b5tionb-Prototype.invoke (/us92r/local/lie91b/node_modules949d161/eleme/apnt&amp#27;[piu39m
m/&amp#27;[35m[noHTTP]de_mod&amp#27;[39ulesm /b&amp#27;[90m{"using":abel"id-runtime/regen","value":era"ctor/runtiom.Slame.js:136:37)
ck:id/next_button_url_entry"}&amp#27;[39m
[debug] &amp#27;[35m[W3C]&amp#27;[39m Calling AppiumDriver.findElement() with args: ["id","com.Slack:id/next_button_url_entry","6c033502-fd88-4722-8b5b-92e91949d161"]
[debug] &amp#27;[35m[BaseDriver]&amp#27;[39m Valid locator strategies for this request: xpath, id, class name, accessibility id, -android uiautomator
[debug] &amp#27;[35m[BaseDriver]&amp#27;[39m Waiting up to 0 ms for condition
[debug] &amp#27;[35m[JSONWP Proxy]&amp#27;[39m Matched '/element' to command name 'findElement'
[debug] &amp#27;[35m[JSONWP Proxy]&amp#27;[39m Proxying [POST /element] to [POST http://localhost:8201/wd/hub/session/5a27c767-9791-4751-872d-2ed612cd606d/element] with body: {"strategy":"id","selector":"com.Slack:id/next_button_url_entry","context":"","multiple":false}
[debug] &amp#27;[35m[MJSONWP]&amp#27;[39m Matched JSONWP error code 7 to NoSuchElementError
&amp#27;[35m[MJSONWP]&amp#27;[39m Encountered internal error running command: NoSuchElementError: An element could not be located on the page using the given search parameters.
&amp#27;[35m[MJSONWP]&amp#27;[39m     at AndroidUiautomator2Driver.callee$0$0$ (/usr/local/lib/node_modules/appium&amp#27;[35/nm[HTTP]&amp#27;[ode_modules/a39ppm &amp#27;[37m<ium-a-- POST /wndrod/hub/seid-driver/lssion/6c033502-fd8ib/c8-4722-ommands/f8b5bind.js-92e91949:75:11)d161
&amp#27;[3/e5m[MJSONWP]&amp#27;lem[39men  t &amp#27;   at [39m&amp#27;[31m500&amp#27;[39tryCatch (/usr/localm &amp#27;[/l90m23 ms ib/nod- 164&amp#27;[39me_m
odules&amp#27;[35/appium[HTm/nodTe_mP]odules/&amp#27;[39babel-runm &amp#27;[tim90e/rem&amp#27;[39mgen
erator/runtime.js:67:40)
&amp#27;[35m[MJSONWP]&amp#27;[39m     at GeneratorFunctionPrototype.invoke [as _invoke] (/usr/local/lib/node_modules/appium/node_modules/babel-runtime/regenerator/runtime.j&amp#27;[35ms:315[HTTP]&amp#27;[39m &amp#27;[3:22)
7m&amp#27;[-->&amp#27;35[39m m[MJ&amp#27;[37mPOSOST&amp#27;[3NWP]&amp#27;[39m     at Gen9m &amp#27;[37erm/wd/atorFunchub/stiesonsionPrototy/6c03pe.pro3502tot-fypd88-47e.(anonymo22-8usb5 functib-92e919on) 49d161[as thr/eow] (/usr/local/lib/node_modules/aplepium/menode_mnt&amp#27;[od39m
ul&amp#27;[35m[Hes/babeTTP]&amp#27;l-[39m &amp#27;[90m{"using":"id","value":"com.Slacruntime/regenerak:itord//runtime.jnext_buttons:100:2_url_1)
&amp#27;entry"}&amp#27;[39m
[debug[35m[MJ] &amp#27;[35m[SONWP]&amp#27;[39m W3C    at G]&amp#27;[39eneratorFunctionPrototype.im Callinnvoke (/usr/log AppiumDriver.findElementcal/lib/() nwith argsode_modules/appium/nod: ["id",e"com.Slack:i_moduld/next_button_url_entes/babery","6c033502l-ru-fd88-4722-8b5b-ntim92e91949d161"]
[debug] &amp#27;[35m[BaseDriver]&amp#27;[39m Valid locator ste/regenerrategator/ries for thisuntim reque.js:136:37est: )
xpath, id, class name, accessibility id, -android uiautomator
[debug] &amp#27;[35m[BaseDriver]&amp#27;[39m Waiting up to 0 ms for condition
[debug] &amp#27;[35m[JSONWP Proxy]&amp#27;[39m Matched '/element' to command name 'findElement'
[debug] &amp#27;[35m[JSONWP Proxy]&amp#27;[39m Proxying [POST /element] to [POST http://localhost:8201/wd/hub/session/5a27c767-9791-4751-872d-2ed612cd606d/element] with body: {"strategy":"id","selector":"com.Slack:id/next_button_url_entry","context":"","multiple":false}
[debug] &amp#27;[35m[MJSONWP]&amp#27;[39m Matched JSONWP error code 7 to NoSuchElementError
&amp#27;[35m[MJSONWP]&amp#27;[39m Encountered internal error running command: NoSuchElementError: An element could not be located on the page using the given search parameters.
&amp#27;[3&amp#27;[35m5m[HTTP]&amp#27;[3[MJSONW9P]m &amp#27;[&amp#27;[39m37m<--   PO   aSTt Andro /wd/idhubUiautom/session/6c0ator2335Dr02ive-fr.d88-472ca2-8b5b-92e9194llee$9d161/elemen0$0t &amp#27;[39$ (/usr/local/m&amp#27;[31mlib/no500&amp#27;[39m &amp#27;[90dem23 _modums - 164&amp#27;[39m
&amp#27;[35m[HTTP]&amp#27;[39m &amp#27;[90mle&amp#27;[39m
s/appium/node_modules/appium-android-driver/lib/commands/find.js:75:11)
&amp#27;[35m[MJSONWP]&amp#27;[39m     at tryCatch (/usr/local/lib/node_modules/appium/node_modules/babel-runtime/regenerator/runtime.js:67:40)
&amp#27;[35m[MJSONWP]&amp#27;[39m     at GeneratorFunctionPrototype.invoke [as _invoke] (/usr/local/lib/node_modules/appium/node_modules/babel-runti&amp#27;[35m[HTTme/regenP]&amp#27;[39m &amp#27;[37m-->&amp#27;[erator/runtime.js:315:39m22)
&amp#27; &amp#27;[37mPOST&amp#27;[35m[M[39m &amp#27;[JSONWP]37m/wd/hub/ses&amp#27;[39sion/6cm  03   3502at-f Generad88-47torFunc22-8btionPrototype.prototype.(5ban-92e919onymo4us 9d161/element&amp#27;[function) [as throw]39 (/usr/lm
oca&amp#27;[35m[l/HTTP]&amp#27;[39m &amp#27;[90mlib/n{"using":"odide_modules/appiu",m/node_modules/babel-runtime/re"value":"comge.Slack:idne/next_buratottonr/ru_url_entrynti"}me.js:100:&amp#27;[39m
[de21)
&amp#27;[35m[MJSONWP]&amp#27;bug] &amp#27;[35m[W3C]&amp#27;[39m C[all39m   i  at Generng AatppiorFunctionProtuotype.invoke (mDriver.fi/usr/localndElement() w/lib/node_mith args: ["id","codom.Slack:ulid/next_esbutton_url_entry","6c/appium/no033502-fd88-d4722-8b5be_m-92e91949odud161"]
[debules/babel-runtimg]e/regenerator/run &amp#27;[35m[Batime.js:136:37)
seDriver]&amp#27;[39m Valid locator strategies for this request: xpath, id, class name, accessibility id, -android uiautomator
[debug] &amp#27;[35m[BaseDriver]&amp#27;[39m Waiting up to 0 ms for condition
[debug] &amp#27;[35m[JSONWP Proxy]&amp#27;[39m Matched '/element' to command name 'findElement'
[debug] &amp#27;[35m[JSONWP Proxy]&amp#27;[39m Proxying [POST /element] to [POST http://localhost:8201/wd/hub/session/5a27c767-9791-4751-872d-2ed612cd606d/element] with body: {"strategy":"id","selector":"com.Slack:id/next_button_url_entry","context":"","multiple":false}
[debug] &amp#27;[35m[MJSONWP]&amp#27;[39m Matched JSONWP error code 7 to NoSuchElementError
&amp#27;[35m[MJSONWP]&amp#27;[39m Encountered internal error running command: NoSuchElementError: An element could not be located on the page using the given search parameters.
&amp#27;[35m[MJSONWP]&amp#27;&amp#27;[35m[HT[3TP]&amp#27;[39m 9m     at &amp#27;[37m<And-- roidUiaPOutomatST /wd/hub/seor2Driver.callee$0$0$ (/usr/ssion/6c033local/lib502-fd88-4722-/node_modu8b5b-92e9les1949/appium/nd16ode_modules/a1/elppium-android-demenrit ve&amp#27;[39mr/l&amp#27;[31m500&amp#27;ib/c[39m &amp#27;[9omm0m2ands1 ms/find. - 16js4&amp#27;[3:75:9m
&amp#27;[35m[HTTP]11)
&amp#27;[39m &amp#27;[90m&amp#27;&amp#27;[35m[MJSON[39m
WP]&amp#27;[39m     at tryCatch (/usr/local/lib/node_modules/appium/node_modules/babel-runtime/regenerator/runtime.js:67:40)
&amp#27;[35m[MJSONWP]&amp#27;[39m     at GeneratorFunctionPrototype.invoke [as _invoke] (/usr/local/lib/node_modules/appium/node_modules/babel-runtime/regenerator/runtime.js:315:22)
&amp#27;[35m[MJSONWP]&amp#27;[39m     at GeneratorFu&amp#27;[35m[HnctioTTP]&amp#27;nP[3ro9m &amp#27;[37m--tot>&amp#27;[3ype9m &amp#27;[37mPOST&amp#27;[39m &amp#27;[.prototy37m/wd/hubpe.(a/sesnonymous functionsion/6c033502-fd) [a88-4722-s 8b5b-92e91949dthr161/element&amp#27;[39m
ow] &amp#27;[35(/m[HTusrTP/loca]&amp#27;[39m &amp#27;[l/90m{"lib/nusing":o"id","valudee":"com.Sl_moack:id/nduext_button_url_entry"}&amp#27;[les/appium/39m
[debug] &amp#27;[35m[W3C]&amp#27;[no39mde_m Calling AppiuodulmDriveser/babel-runti.findElme/reement(ge) withne args: ["id","com.Slratackor:id/next/r_button_url_euntimntrye.j","6cs:100:21)
033502-f&amp#27;[35m[MJSONd88-472WP]&amp#27;[39m     at2- Gener8b5b-92atorFe91949d1unctionP61"ro]
[debug] &amp#27;[3totyp5m[Basee.Drivinvoke (er/usr/]&amp#27;[39local/m Valid lliocatob/node_modulr es/astrppium/node_modules/bategies fabelor this re-runtime/rquegeest: xpath, id, cneralator/rssuntime.js:136:37)
 name, accessibility id, -android uiautomator
[debug] &amp#27;[35m[BaseDriver]&amp#27;[39m Waiting up to 0 ms for condition
[debug] &amp#27;[35m[JSONWP Proxy]&amp#27;[39m Matched '/element' to command name 'findElement'
[debug] &amp#27;[35m[JSONWP Proxy]&amp#27;[39m Proxying [POST /element] to [POST http://localhost:8201/wd/hub/session/5a27c767-9791-4751-872d-2ed612cd606d/element] with body: {"strategy":"id","selector":"com.Slack:id/next_button_url_entry","context":"","multiple":false}
[debug] &amp#27;[35m[MJSONWP]&amp#27;[39m Matched JSONWP error code 7 to NoSuchElementError
&amp#27;[35m[MJSONWP]&amp#27;[39m Encountered internal error running command: NoSuchElementError: An element could not be located on the page using the given search parameters.
&amp#27;[35m[MJSONWP]&amp#27;[39m     at AndroidUiautomator2Driver.callee$0$0$ (/usr/loc&amp#27;[35al/lm[ibHTT/nodP]&amp#27;[39m &amp#27;[3e_modules/a7m<-ppiu- m/POST /wnod/hub/sesside_modules/on/6c033appium-an502-fd8dr8-4oid72-drive2-8r/b5bli-92e91949b/commd16ands/fin1/element &amp#27;[39d.jsm&amp#27;:75:[31m11)
&amp#27;[35m[M50JS0&amp#27;[ONWP]&amp#27;[39m     39at m &amp#27;[90m22 ms - 164&amp#27;tryCatch (/usr/local/lib/node_modules/appi[3um/node_mo9m
dules/bab&amp#27;el-runtime/r[3egenerator/runt5m[HTTP]ime.js:&amp#27;[39m &amp#27;[90m&amp#27;[67:39m40)
&amp#27;[
35m[MJSONWP]&amp#27;[39m     at GeneratorFunctionPrototype.invoke [as _invoke] (/usr/local/lib/node_modules/appium/node_modules/babel-runtime/regenerator/runtime.js:31&amp#27;[35:25m[2)HT
&amp#27;[TP]&amp#27;[335m[MJSONWP]9m &amp#27;[&amp#27;[37m-->39m     at Gen&amp#27;[39m &amp#27;[3eratorF7mPunOST&amp#27;[39ctm &amp#27;[io37m/wd/hub/snPessiorototypn/e.p6c03ro3502totype.(a-fdnonym88-4722-ous8b5b-92 functione919) [49das throw161] (/elemen/usr/t&amp#27;local[39m
&amp#27;/lib/[3node5m[HTTP]&amp#27;[39m &amp#27;[90_mm{"usingod":"idul","value":"com.Sles/appium/node_moduleack:id/nexts/babe_button_url_entrl-ry"untime/re}&amp#27;[39mgenerato
[debugr/runt] &amp#27;[3ime.js:105m[W0:3C21)
&amp#27;[3]&amp#27;[5m[39m CalMJSling ONWPAppium]&amp#27;[39m     at GDreneraiver.findElement(torFunctionPr) witototype.invh args: ["id","com.Slackoke (/usr:i/ld/next_buttonoc_url_eal/lntrib/nody"e_mod,"6c03350ules2-f/apd88-4722-8bpium5b-9/nod2ee_m9194odule9d1s/babe61"]
[debug] &amp#27;[35m[l-ruBaseDriver]&amp#27;ntime/regener[3ator/runti9m me.js:1Valid36:37)
 locator strategies for this request: xpath, id, class name, accessibility id, -android uiautomator
[debug] &amp#27;[35m[BaseDriver]&amp#27;[39m Waiting up to 0 ms for condition
[debug] &amp#27;[35m[JSONWP Proxy]&amp#27;[39m Matched '/element' to command name 'findElement'
[debug] &amp#27;[35m[JSONWP Proxy]&amp#27;[39m Proxying [POST /element] to [POST http://localhost:8201/wd/hub/session/5a27c767-9791-4751-872d-2ed612cd606d/element] with body: {"strategy":"id","selector":"com.Slack:id/next_button_url_entry","context":"","multiple":false}
[debug] &amp#27;[35m[MJSONWP]&amp#27;[39m Matched JSONWP error code 7 to NoSuchElementError
&amp#27;[35m[MJSONWP]&amp#27;[39m Encountered internal error running command: NoSuchElementError: An element could not be located on the page using the given search parameters.
&amp#27;[35m[MJSONWP]&amp#27;[39m     at AndroidUiautomator2Driver.callee$0$0$ (/usr/loc&amp#27;[35m[HTTP]&amp#27;[39m &amp#27;[37al/m<-- POST /wdlib/hub//nodese_modulesssion/a/6c0ppium/n33502-fd88-4ode_722-8b5modules/appium-bandroid-d-9river/lib/comma2e91949d161nds/find./element &amp#27;[39mjs:75&amp#27;[:11)
&amp#27;[35m[MJSON31m5WP]&amp#27;[39m     a00&amp#27;[39mt t &amp#27;[9ryCat0mch (18 /usrms -/l 1oc64&amp#27;[39m
a&amp#27;[3l/lib/5m[HTTnode_modules/appium/noP]&amp#27;[39m &amp#27;[9de0m&amp#27;[39_modm
ules/babel-runtime/regenerator/runtime.js:67:40)
&amp#27;[35m[MJSONWP]&amp#27;[39m     at GeneratorFunctionPrototype.invoke [as _invoke] (/usr/local/lib/node_modules/appium/node_modules/babel-runtime/regenerator/runtime.js:315:22)
&amp#27;[35m[MJSONWP]&amp#27;[39m     at GeneratorFunctionPrototype.prototype.(anonymous function) [as throw] (/usr/local/lib/node_modules/appium/node_modules/babel-runtime/regenerator/runtime.js:100:21)
&amp#27;[35m[MJSONWP]&amp#27;[39m     at GeneratorFunctio&amp#27;[nP35m[HTTP]&amp#27;[rototype.39invom ke (&amp#27;[37m/u-->sr/&amp#27;[3loca9m &amp#27;[37l/lib/mPOSnode_moT&amp#27;[39m &amp#27;dules[37m/wd/hub/appiu/sm/nodession/6c033502-e_fd88mo-472dul2-8bes/b5b-92abe91949el-runtimd161/elemee/regentner&amp#27;[39mator/run
tim&amp#27;[e.35m[jsHT:13TP]&amp#27;[36:9m37)
 &amp#27;[90m{"using":"id","value":"com.Slack:id/next_button_url_entry"}&amp#27;[39m
[debug] &amp#27;[35m[W3C]&amp#27;[39m Calling AppiumDriver.findElement() with args: ["id","com.Slack:id/next_button_url_entry","6c033502-fd88-4722-8b5b-92e91949d161"]
[debug] &amp#27;[35m[BaseDriver]&amp#27;[39m Valid locator strategies for this request: xpath, id, class name, accessibility id, -android uiautomator
[debug] &amp#27;[35m[BaseDriver]&amp#27;[39m Waiting up to 0 ms for condition
[debug] &amp#27;[35m[JSONWP Proxy]&amp#27;[39m Matched '/element' to command name 'findElement'
[debug] &amp#27;[35m[JSONWP Proxy]&amp#27;[39m Proxying [POST /element] to [POST http://localhost:8201/wd/hub/session/5a27c767-9791-4751-872d-2ed612cd606d/element] with body: {"strategy":"id","selector":"com.Slack:id/next_button_url_entry","context":"","multiple":false}
[debug] &amp#27;[35m[MJSONWP]&amp#27;[39m Matched JSONWP error code 7 to NoSuchElementError
&amp#27;[35m[MJSONWP]&amp#27;[39m Encountered internal error running command: NoSuchElementError: An element could not be located on the page using the given search parameters.
&amp#27;[35m[MJSONWP]&amp#27;[39m     at AndroidUiautomator2Driver.callee$0$0$ (/usr/local/l&amp#27;[35m[HTib/node_modulesTP]&amp#27;[3/appium/node_modul9mes/ &amp#27;[37m<-- appPOST /iumwd/-android-driver/lihubb/commands//sesfind.js:7sion/5:11)
&amp#27;[36c033502-fd5m[MJSO88-4722-8b5bNWP]-92e919&amp#27;[39m  49d161 /  at element &amp#27;[39m&amp#27;[3tr1m500&amp#27;[39m &amp#27;yC[90m23 ms - 164&amp#27;[39m
atch (/usr/local/lib/no&amp#27;[35m[HTTP]&amp#27;[39m &amp#27;[de_mo90m&amp#27;[39m
dules/appium/node_modules/babel-runtime/regenerator/runtime.js:67:40)
&amp#27;[35m[MJSONWP]&amp#27;[39m     at GeneratorFunctionPrototype.invoke [as _invoke] (/usr/local/lib/node_modules/appium/node_modules/babel-runtime/regenerator/runtime.js:315:22)
&amp#27;[35m[MJSONWP]&amp#27;[39m     at GeneratorFunctionPrototype.prototype.(anonymous function) [as throw] (/usr/local/lib/node_modules/appium/node_modules/babel-runtime/regenerator/runtime.js:100:21)
&amp#27;[35m[MJSONWP]&amp#27;[39m     at GeneratorFunctionPrototype.invoke (/usr/local/lib/node_modules/appium/node_modules/babel-runtime/regene&amp#27;[3rator/ru5mntime.js:136:[HTTP]&amp#27;[3937)
m &amp#27;[37m-->&amp#27;[39m &amp#27;[37mPOST&amp#27;[39m &amp#27;[37m/wd/hub/session/6c033502-fd88-4722-8b5b-92e91949d161/element&amp#27;[39m
&amp#27;[35m[HTTP]&amp#27;[39m &amp#27;[90m{"using":"id","value":"com.Slack:id/next_button_url_entry"}&amp#27;[39m
[debug] &amp#27;[35m[W3C]&amp#27;[39m Calling AppiumDriver.findElement() with args: ["id","com.Slack:id/next_button_url_entry","6c033502-fd88-4722-8b5b-92e91949d161"]
[debug] &amp#27;[35m[BaseDriver]&amp#27;[39m Valid locator strategies for this request: xpath, id, class name, accessibility id, -android uiautomator
[debug] &amp#27;[35m[BaseDriver]&amp#27;[39m Waiting up to 0 ms for condition
[debug] &amp#27;[35m[JSONWP Proxy]&amp#27;[39m Matched '/element' to command name 'findElement'
[debug] &amp#27;[35m[JSONWP Proxy]&amp#27;[39m Proxying [POST /element] to [POST http://localhost:8201/wd/hub/session/5a27c767-9791-4751-872d-2ed612cd606d/element] with body: {"strategy":"id","selector":"com.Slack:id/next_button_url_entry","context":"","multiple":false}
[debug] &amp#27;[35m[MJSONWP]&amp#27;[39m Matched JSONWP error code 7 to NoSuchElementError
&amp#27;[35m[MJSONWP]&amp#27;[39m Encountered internal error running command: NoSuchElementError: An element could not be located on the page using the given search parameters.
&amp#27;[35m[MJSONWP]&amp#27;[39m     at AndroidUiautomator2Driver.calle&amp#27;[35m[e$HTT0$0$P]&amp#27;[39m &amp#27;[ (/usr/local/l37m<-- ib/nPOST /ode_wd/hmoub/sessiduon/6c033502-fdles/a88-pp47iu22-8b5b-92e91949dm/161/enode_modulesleme/apnt &amp#27;[39m&amp#27;[3pium-an1m500&amp#27;[dr39m &amp#27;[oid-90m19 drivemsr - 1/lib/64comm&amp#27;[ands/find.js:75:39m
11)
&amp#27;[&amp#27;[35m[HTTP35m[]&amp#27;[3MJ9m &amp#27;[9SONWP0m&amp#27;[39m
]&amp#27;[39m     at tryCatch (/usr/local/lib/node_modules/appium/node_modules/babel-runtime/regenerator/runtime.js:67:40)
&amp#27;[35m[MJSONWP]&amp#27;[39m     at GeneratorFunctionPrototype.invoke [as _invoke] (/usr/local/lib/node_modules/appium/node_modules/babel-runtime/regenerator/runtime.js:315:22)
&amp#27;[35m[MJSONWP]&amp#27;[39m     at GeneratorFunctionPrototype.prototype.(anonymous function) [as throw] (/usr/local/lib/node_modules/appium/node_modules/babel-runtime/regenerator/runtime.js:100:21)
&amp#27;[35m[MJSON&amp#27;[35m[WP]&amp#27;[39HTm     atTP]&amp#27;[39m Gen &amp#27;[37erm-atorFun->&amp#27;[3ctionProto9m &amp#27;[3type7mPOS.invoke (T&amp#27;/usr/lo[39m &amp#27;[37m/wd/hcal/liubb/no/sesside_modon/ul6c03es/app3502-fd88ium/node-4_modul722-es/b8b5b-92eabel-r919untime/re49ged161/enelemenrat&amp#27;[39mtor/run
tim&amp#27;[e.js:13536:37)
m[HTTP]&amp#27;[39m &amp#27;[90m{"using":"id","value":"com.Slack:id/next_button_url_entry"}&amp#27;[39m
[debug] &amp#27;[35m[W3C]&amp#27;[39m Calling AppiumDriver.findElement() with args: ["id","com.Slack:id/next_button_url_entry","6c033502-fd88-4722-8b5b-92e91949d161"]
[debug] &amp#27;[35m[BaseDriver]&amp#27;[39m Valid locator strategies for this request: xpath, id, class name, accessibility id, -android uiautomator
[debug] &amp#27;[35m[BaseDriver]&amp#27;[39m Waiting up to 0 ms for condition
[debug] &amp#27;[35m[JSONWP Proxy]&amp#27;[39m Matched '/element' to command name 'findElement'
[debug] &amp#27;[35m[JSONWP Proxy]&amp#27;[39m Proxying [POST /element] to [POST http://localhost:8201/wd/hub/session/5a27c767-9791-4751-872d-2ed612cd606d/element] with body: {"strategy":"id","selector":"com.Slack:id/next_button_url_entry","context":"","multiple":false}
[debug] &amp#27;[35m[MJSONWP]&amp#27;[39m Matched JSONWP error code 7 to NoSuchElementError
&amp#27;[35m[MJSONWP]&amp#27;[39m Encountered internal error running command: NoSuchElementError: An element could not be located on the page using the given search parameters.
&amp#27;[35m[MJSONWP]&amp#27;[39m     at AndroidUiautomator2Driver.callee$0$0$ (/usr/local/lib/node_modules/appium/node_modules/appium-android-driver/lib/commands/find.js:75:11)
&amp#27;[35m[MJSONWP]&amp#27;[39m     at tryCatch (/usr/local/lib/node_modules/appium/no&amp#27;[3de_mo5m[HTTPdu]&amp#27;le[39m s/babel-runtime/regenerato&amp#27;[3r/runtim7me.js<-:67:40)
&amp#27;[35m[MJSONW- POP]&amp#27;[ST39 /wm d/    hub/session/at Ge6c0335ne02rato-frFund88-ct47ionProt22-8b5b-92e9otype.i1949d1nvoke [as _invoke61/elem] (/ent usr/local/&amp#27;[39mli&amp#27;[31m5b/node_modules/appium/nod00e_module&amp#27;[s/babe39m l-runt&amp#27;[90mime/reg29 ms en- er164&amp#27;ator/run[3time.9mjs
&amp#27;[3:35m[HTTP]&amp#27;[39m &amp#27;[90m&amp#27;[39m
15:22)
&amp#27;[35m[MJSONWP]&amp#27;[35&amp#27;[39m[HTTP]&amp#27;[39m &amp#27;[37m-->&amp#27;[39m &amp#27;[37mPOm   ST&amp#27;[  at GeneratorFuncti39m &amp#27;[37m/wonPrdototype.p/hrototyubpe/ses.(sioanonnymo/6c0us 3350fun2-ction)fd88-4722-8b5b- [as throw] 92(/use91949r/locad16l/lib/n1ode_modules/appium/n/element&amp#27;[39ode_mom
dules/ba&amp#27;[35mbel-runtime/r[HTegeTP]&amp#27;[39m &amp#27;[90mne{"rausing":"id","valtor/runtueime.":"js:100co:2m.Sl1)
&amp#27;[35m[Mack:id/nextJSON_button_uWPrl_en]&amp#27;[3try"}&amp#27;9m     a[39m
[debug] &amp#27;[35m[W3C]&amp#27;[39m Calling Appiut mDrGeiver.findElenerametorFunt() with argsncti: ["id","com.Sonlack:Proid/ntotexype.it_button_nvuroke (/l_entry","6c03usr/l35oca0l/lib/node_modu2-les/appiufd88m/node_modules/-4722-babel-runtime/reg8b5b-9en2e9194erat9d161"]
[debug] &amp#27;[35m[BaseDriver]&amp#27;[39m Valid locator straotegires for this request: xpath, id, cl/ruass name, accesntime.js:136:37)
sibility id, -android uiautomator
[debug] &amp#27;[35m[BaseDriver]&amp#27;[39m Waiting up to 0 ms for condition
[debug] &amp#27;[35m[JSONWP Proxy]&amp#27;[39m Matched '/element' to command name 'findElement'
[debug] &amp#27;[35m[JSONWP Proxy]&amp#27;[39m Proxying [POST /element] to [POST http://localhost:8201/wd/hub/session/5a27c767-9791-4751-872d-2ed612cd606d/element] with body: {"strategy":"id","selector":"com.Slack:id/next_button_url_entry","context":"","multiple":false}
[debug] &amp#27;[35m[MJSONWP]&amp#27;[39m Matched JSONWP error code 7 to NoSuchElementError
&amp#27;[35m[MJSONWP]&amp#27;[39m Encountered internal error running command: NoSuchElementError: An element could not be located on the page using the given search parameters.
&amp#27;[35m[MJSONWP]&amp#27;[39m     at AndroidUiautomator2Driver.callee$0$0$ (/usr/local/lib/node_modules/appium/node_modules/appium-android-driver/lib/commands/find.js:75:11)
&amp#27;[35m[MJSONWP]&amp#27;[39m     at tryCatch (/usr/local/l&amp#27;[35m[ib/node_modules/HTTP]ap&amp#27;[39m &amp#27;[37pium/m<no--de POS_moduleT s//wd/hubbabel-r/sunession/6tic03me/rege35nerator/ru02-fntimed88-.js:4722-8b67:5b40)
&amp#27;[3-92e91949d161/element &amp#27;[39m&amp#27;5m[MJSONWP]&amp#27;[39[m     at31m50 Gen0&amp#27;[39m &amp#27;eratorFunctionProtot[9y0m2pe.invok1 ms - 1e [64&amp#27;[as _i39nvmoke] 
(/usr/local&amp#27;[/l35mib/n[Hode_TTmodP]&amp#27;[39mules/appiu &amp#27;[90m&amp#27;m/node[_39m
modules/babel-runtime/regenerator/runtime.js:315:22)
&amp#27;[35m[MJSONWP]&amp#27;[39m     at GeneratorFunctionPrototype.prototype.(anonymous function) [as throw] (/usr/local/lib/node_module&amp#27;[35m[HTTPs]&amp#27;[39m &amp#27;[37m-->&amp#27;[39m &amp#27;[37mPOST&amp#27;[/appium/39m &amp#27;[37m/wd/hub/sessnode_modules/babeion/6c03350l-2-fd88-4722-8b5b-92e91949d16runtime/regenerator/runtime1/element&amp#27;[39m
.&amp#27;[35m[HTTP]&amp#27;[39m &amp#27;[90m{"usjsing":"id","value":"com:100:21)
&amp#27;[35m[MJ.SlSack:ONWid/P]next_button_url_&amp#27;[entry"}&amp#27;[39m
[debug]39 &amp#27;[35m[W3Cm  ]&amp#27;   at [39m CalGenerling AppiumDriver.fatorFunctionProindtotype.invElementoke (/us() with args: ["id"r,"com.S/local/liblack/n:id/nodext_button_ure_modules/apl_enpium/trnode_modules/by","6abc03el-r3502untime/regenerator/-fd88runtime.js:13-4722-8b6:375b-92e9194)
9d161"]
[debug] &amp#27;[35m[BaseDriver]&amp#27;[39m Valid locator strategies for this request: xpath, id, class name, accessibility id, -android uiautomator
[debug] &amp#27;[35m[BaseDriver]&amp#27;[39m Waiting up to 0 ms for condition
[debug] &amp#27;[35m[JSONWP Proxy]&amp#27;[39m Matched '/element' to command name 'findElement'
[debug] &amp#27;[35m[JSONWP Proxy]&amp#27;[39m Proxying [POST /element] to [POST http://localhost:8201/wd/hub/session/5a27c767-9791-4751-872d-2ed612cd606d/element] with body: {"strategy":"id","selector":"com.Slack:id/next_button_url_entry","context":"","multiple":false}
[debug] &amp#27;[35m[MJSONWP]&amp#27;[39m Matched JSONWP error code 7 to NoSuchElementError
&amp#27;[35m[MJSONWP]&amp#27;[39m Encountered internal error running command: NoSuchElementError: An element could not be located on the page using the given search parameters.
&amp#27;[35m[MJSONWP]&amp#27;[39m     at AndroidUiautomator2Driver.callee$0$0$ (/usr/local/lib/node_modules/appium/&amp#27;[35m[HTnodTP]&amp#27;[3e_mo9m &amp#27;[37m<--dules/ap PpiOST /wd/hubum-an/sessiondroid/6c03350-driver/2-lifd8b/comma8-nd472s/find.js:75:12-8b51)
&amp#27;[35m[MJSONWP]b-92e91949d161/eleme&amp#27;[39m     at tryntCatch (/ &amp#27;[39m&amp#27;[31m500&amp#27;[39m &amp#27;usr/local/li[90m23 ms b/node_modul- es/appium/node_mo164&amp#27;[39dules/babel-m
runtime/re&amp#27;[g35m[HTenerator/runtime.js:TP67:40)
&amp#27;[35m]&amp#27;[MJSO[39m &amp#27;[90m&amp#27;NWP]&amp#27;[39m[39m
     at GeneratorFunctionPrototype.invoke [as _invoke] (/usr/local/lib/node_modules/appium/node_modules/babel-runtime/regenerator/runtime.js:315:22)
&amp#27;[35m[MJSONWP]&amp#27;[39m     at GeneratorFunctionPrototype.prototype.(anonymous function) [as th&amp#27;[35m[row] (/HTTP]&amp#27;usr/local[39m/l &amp#27;[37mib/node_modu-->&amp#27;[39m les/appium/node_mo&amp#27;dules/b[37abelmPOST&amp#27;[39-runm &amp#27;[ti37m/wd/hume/reb/session/6gec033502-nerfd88-at4722-8b5b-92e91949d161or//elemenruntt&amp#27;ime.js:[39m
100:21)
&amp#27;[&amp#27;[35m35m[MJ[HTSONWTPP]&amp#27;[39]&amp#27;[3m   9m &amp#27;[90m{"u  at Genersiang":"id"torFunctionPrototype.invoke (/usr/lo,"valucae"l/:"lib/com.node_Slmoack:id/nexdules/apt_buttpium/onnode__url_modules/babel-runtimeen/regenetry"}&amp#27;rat[39m
[dor/runtime.js:136:37)ebug] &amp#27;[35m[W3C]&amp#27;[
39m Calling AppiumDriver.findElement() with args: ["id","com.Slack:id/next_button_url_entry","6c033502-fd88-4722-8b5b-92e91949d161"]
[debug] &amp#27;[35m[BaseDriver]&amp#27;[39m Valid locator strategies for this request: xpath, id, class name, accessibility id, -android uiautomator
[debug] &amp#27;[35m[BaseDriver]&amp#27;[39m Waiting up to 0 ms for condition
[debug] &amp#27;[35m[JSONWP Proxy]&amp#27;[39m Matched '/element' to command name 'findElement'
[debug] &amp#27;[35m[JSONWP Proxy]&amp#27;[39m Proxying [POST /element] to [POST http://localhost:8201/wd/hub/session/5a27c767-9791-4751-872d-2ed612cd606d/element] with body: {"strategy":"id","selector":"com.Slack:id/next_button_url_entry","context":"","multiple":false}
[debug] &amp#27;[35m[MJSONWP]&amp#27;[39m Matched JSONWP error code 7 to NoSuchElementError
&amp#27;[35m[MJSONWP]&amp#27;[39m Encountered internal error running command: NoSuchElementError: An element could not be located on the page using the given search parameters.
&amp#27;[35m[MJSONWP]&amp#27;[39m     at AndroidUiautomator2Driver.callee$0$0$ (/usr/local&amp#27;[35m[H/liTTb/node_modules/appium/nP]&amp#27;[39mode_mod &amp#27;[37m<-- Pules/appium-android-driveOST /wr/lib/commd/anhub/sessionds/find/6c.js:0335075:112-)
&amp#27;[fd88-4722-35m[MJSONWP]&amp#27;[39m     at try8bCatch (/usr/5blocal/lib/node_modules/appi-92e9194um/node_mo9d1du61/elelems/bent &amp#27;[39m&amp#27;[31m500&amp#27;[39mab &amp#27;el[90m20 ms - 16-runtime/reg4&amp#27;[39m
en&amp#27;[er35m[HTTP]&amp#27;[39m &amp#27;[90m&amp#27;[ator39/runm
time.js:67:40)
&amp#27;[35m[MJSONWP]&amp#27;[39m     at GeneratorFunctionPrototype.invoke [as _invoke] (/usr/local/lib/node_modules/appium/node_modules/babel-runtime/regenerator/runtime.js:315:22)
&amp#27;[35m[MJSONWP]&amp#27;[39m     at GeneratorFunctionPrototype.prototype.(anonymous function) [as throw] (/usr/local/lib/node_modules/appium/node_modules&amp#27;[/babel35-runtime/regem[HTTPner]&amp#27;at[3or/runtime.js:100:29m &amp#27;[37m-->1)
&amp#27;[&amp#27;[39m 35&amp#27;[37m[MJSONWP]&amp#27;[39mPOSTm     at &amp#27;[39Generam &amp#27;[37torm/wd/huFub/ncsessiontionPrototy/6c033502-fd88-pe47.inv22-8b5b-92e91oke (/94usr/9dlocal/l16ib/node_modules/appium/no1/eledement&amp#27;_modules/ba[39bel-runtm
ime&amp#27;[/r35m[HTTP]eg&amp#27;[39enerm &amp#27;[90mat{"or/rusuning":"id","value":ti"cme.omjs:136:.Sla37)ck
:id/next_button_url_entry"}&amp#27;[39m
[debug] &amp#27;[35m[W3C]&amp#27;[39m Calling AppiumDriver.findElement() with args: ["id","com.Slack:id/next_button_url_entry","6c033502-fd88-4722-8b5b-92e91949d161"]
[debug] &amp#27;[35m[BaseDriver]&amp#27;[39m Valid locator strategies for this request: xpath, id, class name, accessibility id, -android uiautomator
[debug] &amp#27;[35m[BaseDriver]&amp#27;[39m Waiting up to 0 ms for condition
[debug] &amp#27;[35m[JSONWP Proxy]&amp#27;[39m Matched '/element' to command name 'findElement'
[debug] &amp#27;[35m[JSONWP Proxy]&amp#27;[39m Proxying [POST /element] to [POST http://localhost:8201/wd/hub/session/5a27c767-9791-4751-872d-2ed612cd606d/element] with body: {"strategy":"id","selector":"com.Slack:id/next_button_url_entry","context":"","multiple":false}
[debug] &amp#27;[35m[MJSONWP]&amp#27;[39m Matched JSONWP error code 7 to NoSuchElementError
&amp#27;[35m[MJSONWP]&amp#27;[39m Encountered internal error running command: NoSuchElementError: An element could not be located on the page using the given search parameters.
&amp#27;[35m[MJSONWP]&amp#27;[39m     at AndroidUiautomator2Driver.callee$0$0$ (/usr/local/lib/node_modules/appium/node_modules/appium-android-driver/lib/commands/find.js:75:11)
&amp#27;[35m[MJSONWP]&amp#27;[39m     at tryCatch (/usr/local/lib/node_modules/appium/node_modules/babel-runtime/regenerator/runtime.js:67:40)
&amp#27;[35m[MJSONWP]&amp#27;[39m     at Generator&amp#27;[35m[HTTP]&amp#27;[39m &amp#27;[37m<-- POST /wd/hub/session/6c033502-fd88-4722-8b5b-92e91949d161/element &amp#27;[39m&amp#27;[31m500&amp#27;[39m &amp#27;[90m23 ms - 164&amp#27;[39m
&amp#27;[35m[HTTP]&amp#27;[39m &amp#27;[90m&amp#27;[39m
FunctionPrototype.invoke [as _invoke] (/usr/local/lib/node_modules/appium/node_modules/babel-runtime/regenerator/runtime.js:315:22)
&amp#27;[35m[MJSONWP]&amp#27;[39m     at GeneratorFunctionPrototype.prototype.(anonymous function) [as throw] (/usr/local/lib/node_modules/appium/node_modules/babel-runtime/regenerator/runtime.js:100:21)
&amp#27;[35m[MJSONWP]&amp#27;[39m     at GeneratorFunctionPrototype.invoke (/usr/local/lib/node_modules/appium/node_modules/babel-runtime/regenerator/runtime.js:136:37)
&amp#27;[35m[HTTP]&amp#27;[39m &amp#27;[37m-->&amp#27;[39m &amp#27;[37mPOST&amp#27;[39m &amp#27;[37m/wd/hub/session/6c033502-fd88-4722-8b5b-92e91949d161/element&amp#27;[39m
&amp#27;[35m[HTTP]&amp#27;[39m &amp#27;[90m{"using":"id","value":"com.Slack:id/next_button_url_entry"}&amp#27;[39m
[debug] &amp#27;[35m[W3C]&amp#27;[39m Calling AppiumDriver.findElement() with args: ["id","com.Slack:id/next_button_url_entry","6c033502-fd88-4722-8b5b-92e91949d161"]
[debug] &amp#27;[35m[BaseDriver]&amp#27;[39m Valid locator strategies for this request: xpath, id, class name, accessibility id, -android uiautomator
[debug] &amp#27;[35m[BaseDriver]&amp#27;[39m Waiting up to 0 ms for condition
[debug] &amp#27;[35m[JSONWP Proxy]&amp#27;[39m Matched '/element' to command name 'findElement'
[debug] &amp#27;[35m[JSONWP Proxy]&amp#27;[39m Proxying [POST /element] to [POST http://localhost:8201/wd/hub/session/5a27c767-9791-4751-872d-2ed612cd606d/element] with body: {"strategy":"id","selector":"com.Slack:id/next_button_url_entry","context":"","multiple":false}
[debug] &amp#27;[35m[MJSONWP]&amp#27;[39m Matched JSONWP error code 7 to NoSuchElementError
&amp#27;[35m[MJSONWP]&amp#27;[39m Encountered internal error running command: NoSuchElementError: An element could not be located on the page using the given search parameters.
&amp#27;[35m[MJSONWP]&amp#27;[39m     at AndroidUiautomator2Driver.calle&amp#27;[35m[HTTP]&amp#27;[39m &amp#27;[37m<-- POST /wd/hub/session/6c033502-fd88-4722-8b5b-92e91949d161/element &amp#27;[39m&amp#27;[31m500&amp#27;[39m &amp#27;[90m26 ms - 164&amp#27;[39m
&amp#27;[35m[HTTP]&amp#27;[39m &amp#27;[90m&amp#27;[e$0$0$ (/usr/local/lib/node_modules/appium/node_modul39m
es/appium-android-driver/lib/commands/find.js:75:11)
&amp#27;[35m[MJSONWP]&amp#27;[39m     at tryCatch (/usr/local/lib/node_modules/appium/node_modules/babel-runtime/regenerator/runtime.js:67:40)
&amp#27;[35m[MJSONWP]&amp#27;[39m     at GeneratorFunctionPrototype.invoke [as _invoke] (/usr/local/lib/node_modules/appium/node_modules/babel-runtime/regenerator/runtime.js:315:22)
&amp#27;[35m[MJSONWP]&amp#27;[39m     at GeneratorFunctionPrototype.prototype.(anonymous function) [as throw] (/usr/local/lib/node_modules/appium/node_modules/babel-runtime/rege&amp#27;[35m[HTTPnerator/runtime.]&amp#27;[3js:19m 00&amp#27;[37:21)m-->&amp#27;[39m
&amp#27;[35 &amp#27;[37m[mPMJOSSOT&amp#27;NW[39m &amp#27;[37P]m/wd&amp#27;[/h39m ub/session/6c033502-fd88-4722-8    at Genb5eratob-92e9194rFunctionPrototyp9d161/element&amp#27;[39m
e.i&amp#27;[35nvoke (/usr/local/lib/nodm[HTe_modTP]&amp#27;[39mules &amp#27;[90m{"/appium/nusoding":"id","value":"com.Slack:id/neext_mo_bdules/babel-utton_ruurntl_ime/regenerator/runtentryime.js:"}&amp#27;[39136:37)
m
[debug] &amp#27;[35m[W3C]&amp#27;[39m Calling AppiumDriver.findElement() with args: ["id","com.Slack:id/next_button_url_entry","6c033502-fd88-4722-8b5b-92e91949d161"]
[debug] &amp#27;[35m[BaseDriver]&amp#27;[39m Valid locator strategies for this request: xpath, id, class name, accessibility id, -android uiautomator
[debug] &amp#27;[35m[BaseDriver]&amp#27;[39m Waiting up to 0 ms for condition
[debug] &amp#27;[35m[JSONWP Proxy]&amp#27;[39m Matched '/element' to command name 'findElement'
[debug] &amp#27;[35m[JSONWP Proxy]&amp#27;[39m Proxying [POST /element] to [POST http://localhost:8201/wd/hub/session/5a27c767-9791-4751-872d-2ed612cd606d/element] with body: {"strategy":"id","selector":"com.Slack:id/next_button_url_entry","context":"","multiple":false}
[debug] &amp#27;[35m[MJSONWP]&amp#27;[39m Matched JSONWP error code 7 to NoSuchElementError
&amp#27;[35m[MJSONWP]&amp#27;[39m Encountered internal error running command: NoSuchElementError: An element could not be located on the page using the given search parameters.
&amp#27;[35m[MJSONWP]&amp#27;[39m     at AndroidUiautomator2Driver.callee$0&amp#27;[35m[H$0$ (/usTTr/lP]ocal&amp#27;[/lib/node39_modm &amp#27;[37m<-- POules/appiuSTm/n /wd/hub/sode_modules/aessionppiu/6c033m-android-d502-fd88-4722-river/lib8b/com5bmand-92e91949d16s/find.js:75:11)
&amp#27;[351/elementm[MJ &amp#27;[3SO9m&amp#27;[31m500&amp#27;NWP]&amp#27;[39m     at try[3Ca9mtch (/ &amp#27;[90musr/loca21l/lib/node_modules/appium/n mode_mods - ules/babe16l-run4&amp#27;[39m
time/regener&amp#27;[35m[HTTP]&amp#27;[39m &amp#27;ato[90m&amp#27;[r/39runm
time.js:67:40)
&amp#27;[35m[MJSONWP]&amp#27;[39m     at GeneratorFunctionPrototype.invoke [as _invoke] (/usr/local/lib/node_modules/appium/node_modules/babel-runtime/regenerator/runtime.js:315:22)
&amp#27;[35m[MJSONWP]&amp#27;[39m     at GeneratorFunctionPrototype.prototype.(anonymous function) [as throw] (/usr/local/&amp#27;[35mlib/n[HTTPode_modules/appi]&amp#27;[39mum/ &amp#27;[37m-->&amp#27;[node_modules/bab39m &amp#27;[3el-run7mPOSTtime&amp#27;[39m &amp#27;[37m/r/wd/egenehurator/b/session/ru6c03nt3502-fimd88-47e.js:22-8b5100:21b-92e919)
&amp#27;49[3d161/e5mle[MmentJS&amp#27;[39mONWP]
&amp#27;[39m     at&amp#27;[35m[ GHTTP]&amp#27;[39m eneratorFunctionPrototy&amp#27;[90m{"using":"pe.invoke (/usr/local/lib/node_modules/appium/node_moduleid","value":"s/babel-runcom.Slack:id/next_button_url_time/regenerator/runtime.jentry"}&amp#27;[39m
[debug] &amp#27;[35m[W3C]&amp#27;[39m Callings:136:37)
 AppiumDriver.findElement() with args: ["id","com.Slack:id/next_button_url_entry","6c033502-fd88-4722-8b5b-92e91949d161"]
[debug] &amp#27;[35m[BaseDriver]&amp#27;[39m Valid locator strategies for this request: xpath, id, class name, accessibility id, -android uiautomator
[debug] &amp#27;[35m[BaseDriver]&amp#27;[39m Waiting up to 0 ms for condition
[debug] &amp#27;[35m[JSONWP Proxy]&amp#27;[39m Matched '/element' to command name 'findElement'
[debug] &amp#27;[35m[JSONWP Proxy]&amp#27;[39m Proxying [POST /element] to [POST http://localhost:8201/wd/hub/session/5a27c767-9791-4751-872d-2ed612cd606d/element] with body: {"strategy":"id","selector":"com.Slack:id/next_button_url_entry","context":"","multiple":false}
[debug] &amp#27;[35m[MJSONWP]&amp#27;[39m Matched JSONWP error code 7 to NoSuchElementError
&amp#27;[35m[MJSONWP]&amp#27;[39m Encountered internal error running command: NoSuchElementError: An element could not be located on the page using the given search parameters.
&amp#27;[35m[MJSONWP]&amp#27;[39m     at An&amp#27;[dr35m[HTTP]&amp#27;oi[3dUiaut9m &amp#27;[37m<-- POoSmatT /wd/huor2b/sessiDriveon/6c0r.ca33502-fd88-lle472e$02-8b5b-92$0$e91 949d(/us161/element &amp#27;[39m&amp#27;[r/31mlocal50/li0&amp#27;[39m &amp#27;b/node_m[90odulem28 mss/a - 164ppi&amp#27;[3um/node_modules9m
&amp#27;[35m[/appiHTTPum-android-driv]&amp#27;[39erm &amp#27;[90m&amp#27;/lib[39m
/commands/find.js:75:11)
&amp#27;[35m[MJSONWP]&amp#27;[39m     at tryCatch (/usr/local/lib/node_modules/appium/node_modules/babel-runtime/regenerator/runtime.js:67:40)
&amp#27;[35m[MJSONWP]&amp#27;[39m     at GeneratorFunctionPrototype.invoke [as _invoke] (/usr/local/lib/node_modules/appium/node_modules/babel-runtime/regenerator/runtime.js:315:22)
&amp#27;[35m[MJSONWP]&amp#27;[39m     at GeneratorFunctionPro&amp#27;[35mto[Htype.proTTPtotype.(ano]&amp#27;[39m &amp#27;[37m-->&amp#27;[39m &amp#27;[37mPOST&amp#27;[39m &amp#27;[37mnymous /wfunctd/ion) [ahub/sesss ion/6c03th3502row] (-fd88-4722-/usr/8bloca5bl/l-9ib2e9/node_mo1949ddule161/element&amp#27;[39m
&amp#27;[35ms/app[HTTP]&amp#27;[39ium &amp#27;[90m{"using"m/no:"id","value":"com.Slack:id/nde_mexodt_butules/batoben_l-url_entrruy"}nti&amp#27;[me/re39mgenerator/r
[debug] &amp#27;[3un5mtime.[W3C]&amp#27;[js:139m Calling 00AppiumDriver:21)
&amp#27;[35m[M.findElJSONWP]&amp#27;[39m     ement() with argsat G: ["id","comenera.Slack:id/next_button_url_entry"to,"rF6c033502-fd88-4722-8b5b-unctio92e919nP49d161"]
[debug] &amp#27;[35m[BaseDriver]&amp#27;[39m Valrid locator strategies forotot thype.isinv reoke qu(/estusr/local/: xpath, id, class name,lib accessibility id, -an/noddroid uiautomator
e_modules/app[debug]ium/node_modules/babel-runtime/regene &amp#27;rator[35m[BaseDriver]&amp#27;[39m Waiting up t/runtimo e.js:130 6:37)ms for condition
[debug] &amp#27;[35m[JSON
WP Proxy]&amp#27;[39m Matched '/element' to command name 'findElement'
[debug] &amp#27;[35m[JSONWP Proxy]&amp#27;[39m Proxying [POST /element] to [POST http://localhost:8201/wd/hub/session/5a27c767-9791-4751-872d-2ed612cd606d/element] with body: {"strategy":"id","selector":"com.Slack:id/next_button_url_entry","context":"","multiple":false}
[debug] &amp#27;[35m[MJSONWP]&amp#27;[39m Matched JSONWP error code 7 to NoSuchElementError
&amp#27;[35m[MJSONWP]&amp#27;[39m Encountered internal error running command: NoSuchElementError: An element could not be located on the page using the given search parameters.
&amp#27;[35m[MJSONWP]&amp#27;[39m     at AndroidUiautomator2Driver.callee$0$0$ (/usr/local/lib/node_modules/appium/node_modules/appium-android-driver/lib&amp#27;[35/comm[HTTP]&amp#27;[man39dsm &amp#27;[/find.js:75:137m<--1)
&amp#27;[ POST /w35m[d/hub/seMJssionSONWP]&amp#27;[39m /6c033502-fd    a88t tryCatch -4722-8b5(/usr/lb-92e9ocal/lib1949d161/el/nemeode_modunt &amp#27;[le39s/m&amp#27;[31m500&amp#27;[39m &amp#27;appi[9um/node_0m51 ms -modules 1/babel-runt64&amp#27;[ime/regenera3to9mr/runtime.js:67
:40&amp#27;[35m)
&amp#27;[35m[MJSO[HNWTTP]&amp#27;[39m P]&amp#27;[39m    &amp#27;[ at Ge90m&amp#27;[nera39mto
rFunctionP&amp#27;[ro35totype.invoke [m[as _iHTTP]&amp#27;nvo[39m &amp#27;[37m--ke>&amp#27;[3] (/u9msr/ &amp#27;[local/lib/node_modules/ap37mPOST&amp#27;[39pium m/&amp#27;[37nom/wdde_modules/hu/bb/absesselion/6-runtic0me/rege33502-fdnerator/runt88-ime.4722-8b5b-js:92e91949315:22)
d&amp#27;[35161/elementm[&amp#27;[39mMJSONWP]
&amp#27;[39m   &amp#27;[3  at Gene5mratorFun[HctioTTnPP]&amp#27;[39m &amp#27;[90m{"rotoustype.ingprototype.":(anonymous function) [as"i td","value":"com.hrow] (/usr/local/liSlb/node_modules/appium/node_modules/baback:el-runtime/regenerator/runtime.js:1id/next_butt00on_:2url_e1)
&amp#27;[35m[MJSONWP]&amp#27;[39ntm     ryat "}&amp#27;Genera[39m
[debutorFunctionProtg] &amp#27;[3otyp5m[e.iW3nvoke (/usrC]&amp#27;[/loc39m al/lib/nCalodlinge_mod Appiules/appumDriveriu.findElement(m/) with argnos: ["id","cde_modomules/bab.Slack:id/neel-runtimxt_button_e/regeneraturl_entry","6c0335or/r02-funtid88-4me722-8b5b-.js:13692e9:37)
1949d161"]
[debug] &amp#27;[35m[BaseDriver]&amp#27;[39m Valid locator strategies for this request: xpath, id, class name, accessibility id, -android uiautomator
[debug] &amp#27;[35m[BaseDriver]&amp#27;[39m Waiting up to 0 ms for condition
[debug] &amp#27;[35m[JSONWP Proxy]&amp#27;[39m Matched '/element' to command name 'findElement'
[debug] &amp#27;[35m[JSONWP Proxy]&amp#27;[39m Proxying [POST /element] to [POST http://localhost:8201/wd/hub/session/5a27c767-9791-4751-872d-2ed612cd606d/element] with body: {"strategy":"id","selector":"com.Slack:id/next_button_url_entry","context":"","multiple":false}
[debug] &amp#27;[35m[MJSONWP]&amp#27;[39m Matched JSONWP error code 7 to NoSuchElementError
&amp#27;[35m[MJSONWP]&amp#27;[39m Encountered internal error running command: NoSuchElementError: An element could not be located on the page using the given search parameters.
&amp#27;[35m[MJSONWP]&amp#27;[39m     at AndroidUiautomator2Driver.callee$0$0$ (/usr/local/lib/node_modules/appium/node_modules/appium-android-driver/lib/commands/find.js:75:11&amp#27;[35m[HTTP]&amp#27;[39m )
&amp#27;[37m&amp#27;[<-- 35POST /wd/hub/sem[MJSONWP]ssion&amp#27;[39m  /6c033502-fd88   at tryCatc-4722-8h b5b-92e(/usr/l919ocal/lib/node_modules/appium/node_modules/babel-r49d161/elemuntime/regeenerator/runtime.js:67:40)
&amp#27;[35m[MJSONWnt &amp#27;[39mP]&amp#27;[39m     at Gener&amp#27;[31atorFunctionProtom500&amp#27;[3type.invoke [as _9m &amp#27;[90m4in1 msv - ok164&amp#27;[39e] (/usr/local/m
li&amp#27;[35m[Hb/node_modules/appiTTP]&amp#27;[um/node_modules/babel-runtime/regenerat39m &amp#27;[90m&amp#27;[39m
or/runtime.js:315:22)
&amp#27;[35m[MJSONWP]&amp#27;[39m  &amp#27;[35m[HT   at GeneratorFunctionPrototype.prototype.TP]&amp#27;[39m( &amp#27;[37m-->&amp#27;[39m &amp#27;[37anonymous function) [as throw] (/usr/local/lib/node_modules/appium/node_modules/babel-runtimmPOST&amp#27;[39e/regeneratm &amp#27;[37m/wd/hub/sessior/runtime.js:100:21)
&amp#27;on/6c033502-fd88-4722-8b5[35m[MJSONWP]&amp#27;[39m     at GeneratorFunctib-92e91onPrototype.invoke (/usr/loca949d161/l/lielb/nodeement&amp#27;[_modules/appium/node_modules/babel-runtime/regenerator/39m
run&amp#27;[35m[HTTP]&amp#27;[3time.js:136:9m &amp#27;[37)
90m{"using":"id","value":"com.Slack:id/next_button_url_entry"}&amp#27;[39m
[debug] &amp#27;[35m[W3C]&amp#27;[39m Calling AppiumDriver.findElement() with args: ["id","com.Slack:id/next_button_url_entry","6c033502-fd88-4722-8b5b-92e91949d161"]
[debug] &amp#27;[35m[BaseDriver]&amp#27;[39m Valid locator strategies for this request: xpath, id, class name, accessibility id, -android uiautomator
[debug] &amp#27;[35m[BaseDriver]&amp#27;[39m Waiting up to 0 ms for condition
[debug] &amp#27;[35m[JSONWP Proxy]&amp#27;[39m Matched '/element' to command name 'findElement'
[debug] &amp#27;[35m[JSONWP Proxy]&amp#27;[39m Proxying [POST /element] to [POST http://localhost:8201/wd/hub/session/5a27c767-9791-4751-872d-2ed612cd606d/element] with body: {"strategy":"id","selector":"com.Slack:id/next_button_url_entry","context":"","multiple":false}
[debug] &amp#27;[35m[MJSONWP]&amp#27;[39m Matched JSONWP error code 7 to NoSuchElementError
&amp#27;[35m[MJSONWP]&amp#27;[39m Encountered internal error running command: NoSuchElementError: An element could not be located on the page using the given search parameters.
&amp#27;[35m[MJSONWP]&amp#27;[39m     at AndroidUiautomator2Driver.callee$0$0$ (/usr/local/lib/node_modules/appium/node_modules/appium-android-driver/lib/commands/find.js:75:11)
&amp#27;[35m[MJSONWP]&amp#27;[39m     at tryCatch (/usr/local/lib/node_modules/appium/node_modules/babel-runtime/regenerator/runtime.js:67:40)
&amp#27;[35m[MJSO&amp#27;[3NWP]&amp#27;[39m 5m    at [HTTPGeneratorFuncti]&amp#27;[39mon &amp#27;[Pr37m<-- POST /wd/othub/sesotysion/pe.i6c03nvoke [as _invoke] 350(/usr/lo2-fd88-ca47l/22lib-8b5b-/node_modules/appium/92eno91de94_m9d161/elemenodut les/b&amp#27;[39abm&amp#27;[31m500&amp#27;[39m &amp#27;[90m28 ms - 164&amp#27;[39m
el-runtime/re&amp#27;[35m[HgeneraTTPtor/r]&amp#27;untime.j[39m &amp#27;s:31[90m&amp#27;[395:m
22)
&amp#27;[35m[MJSONWP]&amp#27;[39m     at GeneratorFunctionPrototype.prototype.(anonymous function) [as throw] (/usr/local/lib/node_modules/appium/node_modules/babel-runtime/regenerator/runtime.js:100:21)
&amp#27;[35m[MJSONWP]&amp#27;[39m     at GeneratorFunctionPrototype.invoke (/usr/local/lib/node_modules/appium/node_modules/babel-runtime/regenerator/runtime.js:136:37)
&amp#27;[35m[HTTP]&amp#27;[39m &amp#27;[37m-->&amp#27;[39m &amp#27;[37mPOST&amp#27;[39m &amp#27;[37m/wd/hub/session/6c033502-fd88-4722-8b5b-92e91949d161/element&amp#27;[39m
&amp#27;[35m[HTTP]&amp#27;[39m &amp#27;[90m{"using":"id","value":"com.Slack:id/next_button_url_entry"}&amp#27;[39m
[debug] &amp#27;[35m[W3C]&amp#27;[39m Calling AppiumDriver.findElement() with args: ["id","com.Slack:id/next_button_url_entry","6c033502-fd88-4722-8b5b-92e91949d161"]
[debug] &amp#27;[35m[BaseDriver]&amp#27;[39m Valid locator strategies for this request: xpath, id, class name, accessibility id, -android uiautomator
[debug] &amp#27;[35m[BaseDriver]&amp#27;[39m Waiting up to 0 ms for condition
[debug] &amp#27;[35m[JSONWP Proxy]&amp#27;[39m Matched '/element' to command name 'findElement'
[debug] &amp#27;[35m[JSONWP Proxy]&amp#27;[39m Proxying [POST /element] to [POST http://localhost:8201/wd/hub/session/5a27c767-9791-4751-872d-2ed612cd606d/element] with body: {"strategy":"id","selector":"com.Slack:id/next_button_url_entry","context":"","multiple":false}
[debug] &amp#27;[35m[MJSONWP]&amp#27;[39m Matched JSONWP error code 7 to NoSuchElementError
&amp#27;[35m[MJSONWP]&amp#27;[39m Encountered internal error running command: NoSuchElementError: An element could not be located on the page using the given search parameters.
&amp#27;[35m[MJSONWP]&amp#27;[39m     at AndroidUiautomator2Driver.callee$0$0$ (/usr/local/lib/node_modules/appium/node_modules/appium-android-driver/lib/commands/find.j&amp#27;[35m[HTTP]&amp#27;[39m &amp#27;[37m<-- POST /wd/hub/ss:75:1ession/6c033502-fd88-4722-8b5b-92e9191)49d161/element &amp#27;[39m&amp#27;[31m500&amp#27;[
&amp#27;39m &amp#27;[90m25 ms - 164&amp#27;[35m[MJSONWP[39]&amp#27;m
[39m   &amp#27;[35m[HTT  atP]&amp#27;[39m &amp#27;[90m&amp#27;[39m
 tryCatch (/usr/local/lib/node_modules/appium/node_modules/babel-runtime/regenerator/runtime.js:67:40)
&amp#27;[35m[MJSONWP]&amp#27;[39m     at GeneratorFunctionPrototype.invoke [as _invoke] (/usr/local/lib/node_modules/appium/node_modules/babel-runtime/regenerator/runtime.js:315:22)
&amp#27;[35m[MJSONWP]&amp#27;[39m     at GeneratorFunctionPrototype.prototype.(anonymous function) [as throw] (/usr/local/lib/node_modules/appium/node_modules/babel-runtime/regenerator/runtime.js:100:21)
&amp#27;[35m[MJSONWP]&amp#27;[39m     at GeneratorFunctionPrototype.invoke (/usr/local/lib/node_modules/appium/node_modules/babel-runtime/regenerator/runtime.js:136:37)
&amp#27;[35m[HTTP]&amp#27;[39m &amp#27;[37m-->&amp#27;[39m &amp#27;[37mPOST&amp#27;[39m &amp#27;[37m/wd/hub/session/6c033502-fd88-4722-8b5b-92e91949d161/element&amp#27;[39m
&amp#27;[35m[HTTP]&amp#27;[39m &amp#27;[90m{"using":"id","value":"com.Slack:id/next_button_url_entry"}&amp#27;[39m
[debug] &amp#27;[35m[W3C]&amp#27;[39m Calling AppiumDriver.findElement() with args: ["id","com.Slack:id/next_button_url_entry","6c033502-fd88-4722-8b5b-92e91949d161"]
[debug] &amp#27;[35m[BaseDriver]&amp#27;[39m Valid locator strategies for this request: xpath, id, class name, accessibility id, -android uiautomator
[debug] &amp#27;[35m[BaseDriver]&amp#27;[39m Waiting up to 0 ms for condition
[debug] &amp#27;[35m[JSONWP Proxy]&amp#27;[39m Matched '/element' to command name 'findElement'
[debug] &amp#27;[35m[JSONWP Proxy]&amp#27;[39m Proxying [POST /element] to [POST http://localhost:8201/wd/hub/session/5a27c767-9791-4751-872d-2ed612cd606d/element] with body: {"strategy":"id","selector":"com.Slack:id/next_button_url_entry","context":"","multiple":false}
[debug] &amp#27;[35m[MJSONWP]&amp#27;[39m Matched JSONWP error code 7 to NoSuchElementError
&amp#27;[35m[MJSONWP]&amp#27;[39m Encountered internal error running command: NoSuchElementError: An element could not be located on the page using the given search parameters.
&amp#27;[35m[MJSONWP]&amp#27;[39m     at AndroidUiautomator2Driver.callee$0$0$ (/usr/local/lib/node_modules/appium/node_modules/appium-android-driver/lib/commands/find.js:75:11)
&amp#27;[35m[MJSO&amp#27;[3NWP]&amp#27;5m[39m[HTTP]&amp#27;[39m &amp#27;[37     am<--t  POtryST Catch (/us/wr/ld/hub/session/6c03ocal/l35ib/n02-fd88-472ode_modules/appium/node_mo2-8b5b-92e91949d16dules/babel-ru1/elemntime/regeent ne&amp#27;[39m&amp#27;[31m500&amp#27;rator/runtime.js:67:40[39m &amp#27;[9)
0m24 ms - 164&amp#27;[39m
&amp#27;[&amp#27;[35m[MJSON35m[WP]HTTP]&amp#27;[39&amp#27;[39m     m &amp#27;at GeneratorFunct[90m&amp#27;[ionPrototype.invoke [as39 _im
nvoke] (/usr/local/lib/node_modules/appium/node_modules/babel-runtime/regenerator/runtime.js:315:22)
&amp#27;[35m[MJSONWP]&amp#27;[39m     at GeneratorFunctionPrototype.prototype.(anonymous function) [as throw] (/usr/local/lib/node_modules/appium/node_modules/babel-runtime/regenerator/runtime.js:100:21)
&amp#27;[35m[MJSONWP]&amp#27;[39m     at GeneratorFunctionPrototype.invoke (/usr/local/lib/node_modules/appium/node_modules/babel-runtime/regenerator/runtime.js:136:37)
&amp#27;[35m[HTTP]&amp#27;[39m &amp#27;[37m-->&amp#27;[39m &amp#27;[37mPOST&amp#27;[39m &amp#27;[37m/wd/hub/session/6c033502-fd88-4722-8b5b-92e91949d161/element&amp#27;[39m
&amp#27;[35m[HTTP]&amp#27;[39m &amp#27;[90m{"using":"id","value":"com.Slack:id/next_button_url_entry"}&amp#27;[39m
[debug] &amp#27;[35m[W3C]&amp#27;[39m Calling AppiumDriver.findElement() with args: ["id","com.Slack:id/next_button_url_entry","6c033502-fd88-4722-8b5b-92e91949d161"]
[debug] &amp#27;[35m[BaseDriver]&amp#27;[39m Valid locator strategies for this request: xpath, id, class name, accessibility id, -android uiautomator
[debug] &amp#27;[35m[BaseDriver]&amp#27;[39m Waiting up to 0 ms for condition
[debug] &amp#27;[35m[JSONWP Proxy]&amp#27;[39m Matched '/element' to command name 'findElement'
[debug] &amp#27;[35m[JSONWP Proxy]&amp#27;[39m Proxying [POST /element] to [POST http://localhost:8201/wd/hub/session/5a27c767-9791-4751-872d-2ed612cd606d/element] with body: {"strategy":"id","selector":"com.Slack:id/next_button_url_entry","context":"","multiple":false}
[debug] &amp#27;[35m[MJSONWP]&amp#27;[39m Matched JSONWP error code 7 to NoSuchElementError
&amp#27;[35m[MJSONWP]&amp#27;[39m Encountered internal error running command: NoSuchElementError: An element could not be located on the page using the given search parameters.
&amp#27;[35m[MJSONWP]&amp#27;[39m     at AndroidUiautomator2Driver.callee$0$0$ (/usr/local/lib/node_modules/appium/node_modules/appiu&amp#27;[35m[HTTP]&amp#27;[m-android-driver/39m &amp#27;[37m<-- POST /wd/hub/session/6c033502-fd88-4722-8b5b-92e91lib/comma94nds/find.js:75:19d161/element1)
&amp#27;[35m[MJSONWP]&amp#27;[39m     at tryCatch (/usr/local/lib/node_modules/appium/node_m &amp#27;[39m&amp#27;[31m500odules/bab&amp#27;[39el-rum ntime/regenera&amp#27;[90mtor/runtim20 e.jsms - 1:67:40)
&amp#27;[35m[MJSONWP]&amp#27;[39m     at64 G&amp#27;[39meneratorFunctio
n&amp#27;[3Pr5m[HTTPot]&amp#27;[3oty9m &amp#27;[90m&amp#27;[39pe.invm
oke [as _invoke] (/usr/local/lib/node_modules/appium/node_modules/babel-runtime/regenerator/runtime.js:315:22)
&amp#27;[35m[MJSONWP]&amp#27;[39m     at GeneratorFunctionPrototype.prototype.(anonymous function) [as throw] (/usr/local/lib/node_modules/appium/node_modules/babel-runtime/regenerator/runtime.js:100:21)
&amp#27;[35m[MJSONWP]&amp#27;[39m     at GeneratorFunctionPrototype.invoke (/usr/local/lib/node_modules/appium/node_modules/babel-runtime/regenerator/runtime.js:136:37)
&amp#27;[35m[HTTP]&amp#27;[39m &amp#27;[37m-->&amp#27;[39m &amp#27;[37mPOST&amp#27;[39m &amp#27;[37m/wd/hub/session/6c033502-fd88-4722-8b5b-92e91949d161/element&amp#27;[39m
&amp#27;[35m[HTTP]&amp#27;[39m &amp#27;[90m{"using":"id","value":"com.Slack:id/next_button_url_entry"}&amp#27;[39m
[debug] &amp#27;[35m[W3C]&amp#27;[39m Calling AppiumDriver.findElement() with args: ["id","com.Slack:id/next_button_url_entry","6c033502-fd88-4722-8b5b-92e91949d161"]
[debug] &amp#27;[35m[BaseDriver]&amp#27;[39m Valid locator strategies for this request: xpath, id, class name, accessibility id, -android uiautomator
[debug] &amp#27;[35m[BaseDriver]&amp#27;[39m Waiting up to 0 ms for condition
[debug] &amp#27;[35m[JSONWP Proxy]&amp#27;[39m Matched '/element' to command name 'findElement'
[debug] &amp#27;[35m[JSONWP Proxy]&amp#27;[39m Proxying [POST /element] to [POST http://localhost:8201/wd/hub/session/5a27c767-9791-4751-872d-2ed612cd606d/element] with body: {"strategy":"id","selector":"com.Slack:id/next_button_url_entry","context":"","multiple":false}
[debug] &amp#27;[35m[MJSONWP]&amp#27;[39m Matched JSONWP error code 7 to NoSuchElementError
&amp#27;[35m[MJSONWP]&amp#27;[39m Encountered internal error running command: NoSuchElementError: An element could not be located on the page using the given search parameters.
&amp#27;[35m[MJSONWP]&amp#27;[39m     at AndroidUiautomator2Driver.callee$0$0$ (/usr/local/lib/node_modules/appium/node_modules/appium-android-driver/lib/commands/find.js:75:11)
&amp#27;[35m[MJSONWP]&amp#27;[39m    &amp#27;[35 am[HTt tTP]&amp#27;[39m &amp#27;[3ryC7m<-atch (- PO/usr/STloc /alwd/hub/lib/s/noesde_msionodu/6cles/appium/033502-nodfd88-e_4722-modules/babel-r8buntime/regenerator/runtime.js:67:40)
&amp#27;[35m[MJSONWP]&amp#27;[39m   5b-  at G92e91en949d1er61at/elemenorFunct tion&amp#27;[39m&amp#27;[3Pro1m50totype.0&amp#27;[invoke [as39m &amp#27;[9 _in0m1voke] (/usr/8 ms - 164&amp#27;[3loc9m
al/&amp#27;[35m[Hlib/node_modules/TTPapp]&amp#27;[39ium/nom &amp#27;[90m&amp#27;de[3_mod9mule
s/babel-runtime/regenerator/runtime.js:315:22)
&amp#27;[35m[MJSONWP]&amp#27;[39m     at GeneratorFunctionPrototype.prototype.(anonymous function) [as throw] (/usr/local/lib/node_modules/appium/node_modules/babel-runtime/regenerator/runtime.js:100:21)
&amp#27;[35m[MJSONWP]&amp#27;[39m     at GeneratorFunctionPrototype.invoke (/usr/local/lib/node_modules/appium/node_modules/babel-runtime/regenerator/runtime.js:136:37)
&amp#27;[35m[HTTP]&amp#27;[39m &amp#27;[37m-->&amp#27;[39m &amp#27;[37mPOST&amp#27;[39m &amp#27;[37m/wd/hub/session/6c033502-fd88-4722-8b5b-92e91949d161/element&amp#27;[39m
&amp#27;[35m[HTTP]&amp#27;[39m &amp#27;[90m{"using":"id","value":"com.Slack:id/next_button_url_entry"}&amp#27;[39m
[debug] &amp#27;[35m[W3C]&amp#27;[39m Calling AppiumDriver.findElement() with args: ["id","com.Slack:id/next_button_url_entry","6c033502-fd88-4722-8b5b-92e91949d161"]
[debug] &amp#27;[35m[BaseDriver]&amp#27;[39m Valid locator strategies for this request: xpath, id, class name, accessibility id, -android uiautomator
[debug] &amp#27;[35m[BaseDriver]&amp#27;[39m Waiting up to 0 ms for condition
[debug] &amp#27;[35m[JSONWP Proxy]&amp#27;[39m Matched '/element' to command name 'findElement'
[debug] &amp#27;[35m[JSONWP Proxy]&amp#27;[39m Proxying [POST /element] to [POST http://localhost:8201/wd/hub/session/5a27c767-9791-4751-872d-2ed612cd606d/element] with body: {"strategy":"id","selector":"com.Slack:id/next_button_url_entry","context":"","multiple":false}
[debug] &amp#27;[35m[MJSONWP]&amp#27;[39m Matched JSONWP error code 7 to NoSuchElementError
&amp#27;[35m[MJSONWP]&amp#27;[39m Encountered internal error running command: NoSuchElementError: An element could not be located on the page using the given search parameters.
&amp#27;[35m[MJSONWP]&amp#27;[39m     at AndroidUiautomator2Driver.callee$0$0$ (/usr/local/lib/node_modules/appium/node_modules/appium-android-driver/lib/commands/find.js:75:11)
&amp#27;[35m[MJSONWP]&amp#27;[39m     at tryCatch (/usr/local/lib/node_modules/appium/node_modules/babel-runtime/regenerator/runtime.js:67:40)
&amp#27;[35m[MJSONWP]&amp#27;[39m     at GeneratorFunctionPrototype.invoke [as _invoke] (/usr/local/lib/node_modules/appium/node_modules/babel-runtime/regenerator/runtime.js:315:22)
&amp#27;[35m[MJSONWP]&amp#27;[39m     at GeneratorFunctionPrototype.prototype.(anonymous function) [as throw] (/usr/local/lib/node_modules/appium/node_modules/babel-runtime/regenerator/runtime.js:100:21)
&amp#27;[35m[MJSONWP]&amp#27;[39m     at GeneratorFunctionPrototype.invoke (/usr/local/lib/node_modules/appium/node_modules/babel-runtime/regenerator/runtime.js:136:37)
&amp#27;[35m[HTTP]&amp#27;[39m &amp#27;[37m<-- POST /wd/hub/session/6c033502-fd88-4722-8b5b-92e91949d161/element &amp#27;[39m&amp#27;[31m500&amp#27;[39m &amp#27;[90m23 ms - 164&amp#27;[39m
&amp#27;[35m[HTTP]&amp#27;[39m &amp#27;[90m&amp#27;[39m
&amp#27;[35m[HTTP]&amp#27;[39m &amp#27;[37m-->&amp#27;[39m &amp#27;[37mPOST&amp#27;[39m &amp#27;[37m/wd/hub/session/6c033502-fd88-4722-8b5b-92e91949d161/element&amp#27;[39m
&amp#27;[35m[HTTP]&amp#27;[39m &amp#27;[90m{"using":"id","value":"com.Slack:id/next_button_url_entry"}&amp#27;[39m
[debug] &amp#27;[35m[W3C]&amp#27;[39m Calling AppiumDriver.findElement() with args: ["id","com.Slack:id/next_button_url_entry","6c033502-fd88-4722-8b5b-92e91949d161"]
[debug] &amp#27;[35m[BaseDriver]&amp#27;[39m Valid locator strategies for this request: xpath, id, class name, accessibility id, -android uiautomator
[debug] &amp#27;[35m[BaseDriver]&amp#27;[39m Waiting up to 0 ms for condition
[debug] &amp#27;[35m[JSONWP Proxy]&amp#27;[39m Matched '/element' to command name 'findElement'
[debug] &amp#27;[35m[JSONWP Proxy]&amp#27;[39m Proxying [POST /element] to [POST http://localhost:8201/wd/hub/session/5a27c767-9791-4751-872d-2ed612cd606d/element] with body: {"strategy":"id","selector":"com.Slack:id/next_button_url_entry","context":"","multiple":false}
[debug] &amp#27;[35m[MJSONWP]&amp#27;[39m Matched JSONWP error code 7 to NoSuchElementError
&amp#27;[35m[MJSONWP]&amp#27;[39m Encountered internal error running command: NoSuchElementError: An element could not be located on the page using the given search parameters.
&amp#27;[35m[MJSONWP]&amp#27;[39m     at AndroidUiautomator2Driver.callee$0$0$ (/usr/local/lib&amp#27;[35/node_modum[leHTs/appiTP]&amp#27;[39m &amp#27;[37m<-- POSum/node_modT ules/appium-an/wdroid-dd/rivehubr//seslibsion//commands/fin6c0d.js:75:33502-fd8811)
-4&amp#27;[35m[MJSO722-NW8bP]5b&amp#27;[39-9m     at t2e91949d16ry1/eleCatch (/usmentr/local &amp#27;/l[39mib/n&amp#27;[31m5ode_00&amp#27;[39mmodu &amp#27;les/appium/[9no0m24de ms _m- odules/ba16be4&amp#27;l-[39m
run&amp#27;[35time/regenerm[ator/ruHTntimeTP]&amp#27;[39.jsm &amp#27;[90m&amp#27;[39m
:67:40)
&amp#27;[35m[MJSONWP]&amp#27;[39m     at GeneratorFunctionPrototype.invoke [as _invoke] (/usr/local/lib/node_modules/appium/node_modules/babel-runtime/regenerator/runtime.js:315:22)
&amp#27;[35m[MJSONWP]&amp#27;[39m     at GeneratorFunctionPrototype.prototype.(anonymous function) [as throw] (/usr/local/lib/node_modules/appium/node_modules/babel-runtime/regenerator/runtime.js:100:21)
&amp#27;[35m[MJSONWP]&amp#27;[39m     at GeneratorFunctionPrototype.invoke (/usr/local/lib/node_modules/appium/node_modules/babel-runtime/regenerator/runtime.js:136:37)
&amp#27;[35m[HTTP]&amp#27;[39m &amp#27;[37m-->&amp#27;[39m &amp#27;[37mPOST&amp#27;[39m &amp#27;[37m/wd/hub/session/6c033502-fd88-4722-8b5b-92e91949d161/element&amp#27;[39m
&amp#27;[35m[HTTP]&amp#27;[39m &amp#27;[90m{"using":"id","value":"com.Slack:id/next_button_url_entry"}&amp#27;[39m
[debug] &amp#27;[35m[W3C]&amp#27;[39m Calling AppiumDriver.findElement() with args: ["id","com.Slack:id/next_button_url_entry","6c033502-fd88-4722-8b5b-92e91949d161"]
[debug] &amp#27;[35m[BaseDriver]&amp#27;[39m Valid locator strategies for this request: xpath, id, class name, accessibility id, -android uiautomator
[debug] &amp#27;[35m[BaseDriver]&amp#27;[39m Waiting up to 0 ms for condition
[debug] &amp#27;[35m[JSONWP Proxy]&amp#27;[39m Matched '/element' to command name 'findElement'
[debug] &amp#27;[35m[JSONWP Proxy]&amp#27;[39m Proxying [POST /element] to [POST http://localhost:8201/wd/hub/session/5a27c767-9791-4751-872d-2ed612cd606d/element] with body: {"strategy":"id","selector":"com.Slack:id/next_button_url_entry","context":"","multiple":false}
[debug] &amp#27;[35m[MJSONWP]&amp#27;[39m Matched JSONWP error code 7 to NoSuchElementError
&amp#27;[35m[MJSONWP]&amp#27;[39m Encountered internal error running command: NoSuchElementError: An element could not be located on the page using the given search parameters.
&amp#27;[35m[MJSONWP]&amp#27;[39m     at AndroidUiautomator2Driver.callee$0$0$ (/usr/local/lib/node_modules/appium/node_modules/appium-android-driv&amp#27;[35m[HTTP]&amp#27;[39m &amp#27;[37m<-er/lib/commands/fin- POST /wd/hub/sesd.js:75:11)
&amp#27;[3sion/6c033502-fd85m[MJSONWP]&amp#27;[39m  8-4722   at t-8b5b-92ryCae9tch (1949d161/e/ulement &amp#27;[39m&amp#27;[3sr1m500&amp#27;[/l39m &amp#27;[90m25 ms - ocal16/lib/nod4&amp#27;[e_39mom
dules/app&amp#27;[35m[Hium/noTTde_moP]&amp#27;[39mdules/babel-ru &amp#27;[90m&amp#27;[39m
ntime/regenerator/runtime.js:67:40)
&amp#27;[35m[MJSONWP]&amp#27;[39m     at GeneratorFunctionPrototype.invoke [as _invoke] (/usr/local/lib/node_modules/appium/node_modules/babel-runtime/regenerator/runtime.js:315:22)
&amp#27;[35m[MJSONWP]&amp#27;[39m     at GeneratorFunctionPrototype.prototype.(anonymous function) [as throw] (/usr/local/lib/node_modules/appium/node_modules/babel-runtime/regenerator/runtime.js:100:21)
&amp#27;[35m[MJSONWP]&amp#27;[39m     at GeneratorFunctionPrototype.invoke (/usr/local/lib/node_modules/appium/node_modules/babel-ru&amp#27;[35m[Hntime/regTTP]&amp#27;enerator[39m &amp#27;[37/rm-->&amp#27;[39m &amp#27;[37mPOST&amp#27;[39m &amp#27;[37m/wd/hub/untimesession/6c03350.js:2-fd88-4722-136:37)
8b5b-92e91949d161/element&amp#27;[39m
&amp#27;[35m[HTTP]&amp#27;[39m &amp#27;[90m{"using":"id","value":"com.Slack:id/next_button_url_entry"}&amp#27;[39m
[debug] &amp#27;[35m[W3C]&amp#27;[39m Calling AppiumDriver.findElement() with args: ["id","com.Slack:id/next_button_url_entry","6c033502-fd88-4722-8b5b-92e91949d161"]
[debug] &amp#27;[35m[BaseDriver]&amp#27;[39m Valid locator strategies for this request: xpath, id, class name, accessibility id, -android uiautomator
[debug] &amp#27;[35m[BaseDriver]&amp#27;[39m Waiting up to 0 ms for condition
[debug] &amp#27;[35m[JSONWP Proxy]&amp#27;[39m Matched '/element' to command name 'findElement'
[debug] &amp#27;[35m[JSONWP Proxy]&amp#27;[39m Proxying [POST /element] to [POST http://localhost:8201/wd/hub/session/5a27c767-9791-4751-872d-2ed612cd606d/element] with body: {"strategy":"id","selector":"com.Slack:id/next_button_url_entry","context":"","multiple":false}
[debug] &amp#27;[35m[MJSONWP]&amp#27;[39m Matched JSONWP error code 7 to NoSuchElementError
&amp#27;[35m[MJSONWP]&amp#27;[39m Encountered internal error running command: NoSuchElementError: An element could not be located on the page using the given search parameters.
&amp#27;[35m[MJSONWP]&amp#27;[39m     at AndroidUiautomator2Driver.callee$0$0$ (/usr/local/lib/node_modules/appium/node_mod&amp#27;[3ules5m[/appiuHTTP]m-a&amp#27;[3ndroid-driver/li9mb/co &amp#27;[37mmands/find.m<-- POST /wd/hjs:7ub/sess5:11io)
&amp#27;[3n/6c0335m502-fd88-4722-8b5b-[MJSONWP]&amp#27;[39m     at tryC92atch (e91949d/usr/l161/element &amp#27;[ocal/l39mib&amp#27;[31m5/node_modules/a00&amp#27;[39m pp&amp#27;[90ium2m/node_mo2 msdules/babel-runt -im 164&amp#27;e/[39m
r&amp#27;[35egm[HTeneratTP]&amp#27;or[39m &amp#27;[9/r0m&amp#27;[3untime.9m
js:67:40)
&amp#27;[35m[MJSONWP]&amp#27;[39m     at GeneratorFunctionPrototype.invoke [as _invoke] (/usr/local/lib/node_modules/appium/node_modules/babel-runtime/regenerator/runtime.js:315:22)
&amp#27;[35m[MJSONWP]&amp#27;[39m     at GeneratorFunctionPrototype.prototype.(anonymous function) [as throw] (/usr/local/lib/node_modules/appium/node_modules/babel-runtime/regenerator/runtime.js:100:21)
&amp#27;[35m[MJSONWP]&amp#27;[39m     at GeneratorFunctionPrototype.invoke (/usr/local/lib/node_modules/appium/node_modules/babel-runtime/regenerator/runtime.js:136:37)&amp#27;[35m[HT
TP]&amp#27;[39m &amp#27;[37m-->&amp#27;[39m &amp#27;[37mPOST&amp#27;[39m &amp#27;[37m/wd/hub/session/6c033502-fd88-4722-8b5b-92e91949d161/element&amp#27;[39m
&amp#27;[35m[HTTP]&amp#27;[39m &amp#27;[90m{"using":"id","value":"com.Slack:id/next_button_url_entry"}&amp#27;[39m
[debug] &amp#27;[35m[W3C]&amp#27;[39m Calling AppiumDriver.findElement() with args: ["id","com.Slack:id/next_button_url_entry","6c033502-fd88-4722-8b5b-92e91949d161"]
[debug] &amp#27;[35m[BaseDriver]&amp#27;[39m Valid locator strategies for this request: xpath, id, class name, accessibility id, -android uiautomator
[debug] &amp#27;[35m[BaseDriver]&amp#27;[39m Waiting up to 0 ms for condition
[debug] &amp#27;[35m[JSONWP Proxy]&amp#27;[39m Matched '/element' to command name 'findElement'
[debug] &amp#27;[35m[JSONWP Proxy]&amp#27;[39m Proxying [POST /element] to [POST http://localhost:8201/wd/hub/session/5a27c767-9791-4751-872d-2ed612cd606d/element] with body: {"strategy":"id","selector":"com.Slack:id/next_button_url_entry","context":"","multiple":false}
[debug] &amp#27;[35m[MJSONWP]&amp#27;[39m Matched JSONWP error code 7 to NoSuchElementError
&amp#27;[35m[MJSONWP]&amp#27;[39m Encountered internal error running command: NoSuchElementError: An element could not be located on the page using the given search parameters.
&amp#27;[35m[MJSONWP]&amp#27;[39m     at AndroidUiautomator2Driver.callee$0$0$ (/usr/local/lib/no&amp#27;[de_mod35m[HTTP]&amp#27;[39m &amp#27;[37m<-ul- es/POST /wd/hapubpi/sumes/nsion/od6c033e_5modules/appi02-um-afd88-4722ndro-8b5b-92e91949d16id-dri1/element &amp#27;[39m&amp#27;[31m500&amp#27;[39m ver/&amp#27;[90mlib/commands/find.js:7517 ms - :11)
&amp#27;[164&amp#27;[35m[MJ39SONWP]&amp#27;[39m   m
 &amp#27;[3 at tr5m[HTTP]&amp#27;[39m &amp#27;[9yC0m&amp#27;[39m
atch (/usr/local/lib/node_modules/appium/node_modules/babel-runtime/regenerator/runtime.js:67:40)
&amp#27;[35m[MJSONWP]&amp#27;[39m     at GeneratorFunctionPrototype.invoke [as _invoke] (/usr/local/lib/node_modules/appium/node_modules/babel-runtime/regenerator/runtime.js:315:22)
&amp#27;[35m[MJSONWP]&amp#27;[39m     at GeneratorFunctionPrototype.prototype.(anonymous function) [as throw] (/usr/local/lib/node_modules/appium/node_modules/babel-runtime/regenerato&amp#27;[35m[HTTr/runtime.jP]&amp#27;[39m &amp#27;[3s:17m-->&amp#27;[3009m &amp#27;[37:21)
&amp#27;[3mPOS5m[MJT&amp#27;[39m &amp#27;[37m/wd/hub/sessiSONWP]&amp#27;[3on/6c0339m 50  2-  at Gefd88-4722-8bne5b-92e91949d161/elemeratorFuncnt&amp#27;[39m
tionPrototype.invoke (/&amp#27;[usr/loca35m[Hl/lib/node_modulesTTP]&amp#27;[39m &amp#27;[90m{"using/ap":"ipium/d","vanode_modules/babel-runtilue":"com.Slack:id/next_buttonme/regene_urator/runtimrl_entry"}&amp#27;[39m
[debug] &amp#27;[35e.js:m[W3C]136:&amp#27;[39m Ca37)
lling AppiumDriver.findElement() with args: ["id","com.Slack:id/next_button_url_entry","6c033502-fd88-4722-8b5b-92e91949d161"]
[debug] &amp#27;[35m[BaseDriver]&amp#27;[39m Valid locator strategies for this request: xpath, id, class name, accessibility id, -android uiautomator
[debug] &amp#27;[35m[BaseDriver]&amp#27;[39m Waiting up to 0 ms for condition
[debug] &amp#27;[35m[JSONWP Proxy]&amp#27;[39m Matched '/element' to command name 'findElement'
[debug] &amp#27;[35m[JSONWP Proxy]&amp#27;[39m Proxying [POST /element] to [POST http://localhost:8201/wd/hub/session/5a27c767-9791-4751-872d-2ed612cd606d/element] with body: {"strategy":"id","selector":"com.Slack:id/next_button_url_entry","context":"","multiple":false}
[debug] &amp#27;[35m[MJSONWP]&amp#27;[39m Matched JSONWP error code 7 to NoSuchElementError
&amp#27;[35m[MJSONWP]&amp#27;[39m Encountered internal error running command: NoSuchElementError: An element could not be located on the page using the given search parameters.
&amp#27;[35m[MJSONWP]&amp#27;[39m     at AndroidUiautomator2Driver.callee$0$0$ (/usr/local/lib/node_modules/appium/node_modules/appium-android-driver/l&amp#27;[35m[HTTP]&amp#27;[39m &amp#27;[37m<-- POST /wd/hib/commands/find.js:75:11)
&amp#27;[35m[MJSONWPub]&amp#27;/session/6c[39m     at tryCatch (/usr/local/lib/node_modules/app033502-fd88-ium/n47ode_22modules/-8b5bbabel-runtim-92e9194e/9d1re61/egeneralement &amp#27;[39m&amp#27;[31mtor/runtime.js:6500&amp#27;[39m &amp#27;[97:40)0m31 ms 
&amp#27;[3- 5m[MJSONWP]&amp#27;[39m     at Gener164&amp#27;[39atom
rF&amp#27;[35m[uncHTtioTP]&amp#27;[nPrototype.invoke3 [as 9m &amp#27;[90_invoke] m&amp#27;(/us[39m
r/local/lib/node_modules/appium/node_modules/babel-runtime/regenerator/runtime.js:315:22)
&amp#27;[35m[MJSONWP]&amp#27;[39m     at GeneratorFunctionPrototype.prototype.(anonymous function) [as throw] (/usr/local/lib/node_modules/appium/node_modules/babel-runtime/regenerator/runtime.js:100:21)
&amp#27;[35m[MJSONWP]&amp#27;[39m     at GeneratorFunctionPrototype.invoke (/usr/local/lib/node_modules/appium/node_modules/babel-runtime/r&amp#27;[35m[HTTP]&amp#27;[3egenerator/runtime.js:136:39m &amp#27;[37m-->7)
&amp#27;[39m &amp#27;[37mPOST&amp#27;[39m &amp#27;[37m/wd/hub/session/6c033502-fd88-4722-8b5b-92e91949d161/element&amp#27;[39m
&amp#27;[35m[HTTP]&amp#27;[39m &amp#27;[90m{"using":"id","value":"com.Slack:id/next_button_url_entry"}&amp#27;[39m
[debug] &amp#27;[35m[W3C]&amp#27;[39m Calling AppiumDriver.findElement() with args: ["id","com.Slack:id/next_button_url_entry","6c033502-fd88-4722-8b5b-92e91949d161"]
[debug] &amp#27;[35m[BaseDriver]&amp#27;[39m Valid locator strategies for this request: xpath, id, class name, accessibility id, -android uiautomator
[debug] &amp#27;[35m[BaseDriver]&amp#27;[39m Waiting up to 0 ms for condition
[debug] &amp#27;[35m[JSONWP Proxy]&amp#27;[39m Matched '/element' to command name 'findElement'
[debug] &amp#27;[35m[JSONWP Proxy]&amp#27;[39m Proxying [POST /element] to [POST http://localhost:8201/wd/hub/session/5a27c767-9791-4751-872d-2ed612cd606d/element] with body: {"strategy":"id","selector":"com.Slack:id/next_button_url_entry","context":"","multiple":false}
[debug] &amp#27;[35m[MJSONWP]&amp#27;[39m Matched JSONWP error code 7 to NoSuchElementError
&amp#27;[35m[MJSONWP]&amp#27;[39m Encountered internal error running command: NoSuchElementError: An element could not be located on the page using the given search parameters.
&amp#27;[35m[MJSONWP]&amp#27;[39m     at AndroidUiautomator2Driver.callee$0$0$ (/usr/local/lib/node_modules/appium/node_module&amp#27;[3s/a5mppium-[HTandroid-driver/lib/commands/findTP]&amp#27;[.js39:7m 5:&amp#27;[311)
&amp#27;[37m<--5m[ POST /wdMJSONWP]&amp#27;/hub/s[3ession9m    /6c033 at502-f trd88-4722yC-8b5b-9at2e919ch (49d1/usr/loca61/l/lielement b/node_module&amp#27;[39m&amp#27;[31m500&amp#27;[3s/appium/no9mde_mod &amp#27;[90m23 mules/s - 16babel-runtime/re4&amp#27;ge[39m
nerat&amp#27;[or/r35m[HTTPunti]&amp#27;me[39m.js:6 &amp#27;7:40)
&amp#27;[[90m&amp#27;[39m
35m[MJSONWP]&amp#27;[39m     at GeneratorFunctionPrototype.invoke [as _invoke] (/usr/local/lib/node_modules/appium/node_modules/babel-runtime/regenerator/runtime.js:315:22)
&amp#27;[35m[MJSONWP]&amp#27;[39m     at GeneratorFunctionPrototype.prototype.(anonymous function) [as throw] (/usr/local/lib/node_modules/appium/node_modules/babel-runtime/regenerator/runtime.js:100:21)
&amp#27;[35m[MJSONWP]&amp#27;[39m     at GeneratorFunctionPrototype.invoke (/usr/local/lib/node&amp#27;[_m35odm[HTTulP]&amp#27;[39mes/ &amp#27;appiu[37m-->&amp#27;[39m &amp#27;[37mPOST&amp#27;[39m &amp#27;[37m/wd/hum/nb/session/6code_m033502-fd88-47od22-ule8b5s/babelb--ru92enti91949d1me/regenera61/eltoemr/runtime.js:136ent&amp#27;[39m
:3&amp#27;[35m7)
[HTTP]&amp#27;[39m &amp#27;[90m{"using":"id","value":"com.Slack:id/next_button_url_entry"}&amp#27;[39m
[debug] &amp#27;[35m[W3C]&amp#27;[39m Calling AppiumDriver.findElement() with args: ["id","com.Slack:id/next_button_url_entry","6c033502-fd88-4722-8b5b-92e91949d161"]
[debug] &amp#27;[35m[BaseDriver]&amp#27;[39m Valid locator strategies for this request: xpath, id, class name, accessibility id, -android uiautomator
[debug] &amp#27;[35m[BaseDriver]&amp#27;[39m Waiting up to 0 ms for condition
[debug] &amp#27;[35m[JSONWP Proxy]&amp#27;[39m Matched '/element' to command name 'findElement'
[debug] &amp#27;[35m[JSONWP Proxy]&amp#27;[39m Proxying [POST /element] to [POST http://localhost:8201/wd/hub/session/5a27c767-9791-4751-872d-2ed612cd606d/element] with body: {"strategy":"id","selector":"com.Slack:id/next_button_url_entry","context":"","multiple":false}
[debug] &amp#27;[35m[MJSONWP]&amp#27;[39m Matched JSONWP error code 7 to NoSuchElementError
&amp#27;[35m[MJSONWP]&amp#27;[39m Encountered internal error running command: NoSuchElementError: An element could not be located on the page using the given search parameters.
&amp#27;[35m[MJSONWP]&amp#27;[39m     at AndroidUiautomator2Driver.callee&amp#27;[$0$0$ 35m[HT(/usr/TP]&amp#27;[39mlo &amp#27;[37m<-- POcalST //liwdb/node_modules/hub/sessio/appiumn/6c/node_mod033502-fules/ad88-4ppium-722-android-driver/lib/com8b5b-92e91949d1mands/find61/ele.js:75:1ment &amp#27;[1)
&amp#27;[35m[MJSONWP]&amp#27;39m&amp#27;[31m500&amp#27;[39m &amp#27;[[39m     at try90m16 Catch (/ms - usr/local/lib/node_modul164&amp#27;[3es/app9mium/node_modules/b
a&amp#27;[3bel-r5m[HTTuntimP]&amp#27;[39e/rm &amp#27;[egenera90m&amp#27;[3tor/runtime.js:69m
7:40)
&amp#27;[35m[MJSONWP]&amp#27;[39m     at GeneratorFunctionPrototype.invoke [as _invoke] (/usr/local/lib/node_modules/appium/node_modules/babel-runtime/regenerator/runtime.js:315:22)
&amp#27;[35m[MJSONWP]&amp#27;[39m     at GeneratorFunctionPrototype.prototype.(&amp#27;[35m[HanTTonP]ym&amp#27;[39m ous f&amp#27;[37m-unction) [a->&amp#27;[s th39m &amp#27;[37mPOST&amp#27;[39m row] (/usr&amp#27;[/local/lib/n37mode_modules/ap/wd/hpium/ub/session/6c0no33502-de_mfdodul88es-4722-8b5b-92e/babel-runti91949dme161/eleme/rent&amp#27;[39m
genera&amp#27;[35m[HTtor/rTuntiP]&amp#27;[39me.js:1m &amp#27;[90m{"u00:21sing":"id","value":"com.)
Slack&amp#27;[:id35m[/next_button_url_entry"}&amp#27;[MJSONWP]&amp#27;[39m
[d39m     at Gebug] &amp#27;[35m[eneW3C]&amp#27;[39m CallinratorFug nctionProAppiumDtorivetyr.findpe.invElemoke (/enusr/local/lib/nodt() with are_gs: ["id"mo,"com.Slack:idules/appium/d/next_buttnoon_urlde_m_entry","6c033502-fd88odules/babel-runtime/regenerator-4/runtime.j722-8b5s:1b-92e91949d36161"]
[:3deb7)
ug] &amp#27;[35m[BaseDriver]&amp#27;[39m Valid locator strategies for this request: xpath, id, class name, accessibility id, -android uiautomator
[debug] &amp#27;[35m[BaseDriver]&amp#27;[39m Waiting up to 0 ms for condition
[debug] &amp#27;[35m[JSONWP Proxy]&amp#27;[39m Matched '/element' to command name 'findElement'
[debug] &amp#27;[35m[JSONWP Proxy]&amp#27;[39m Proxying [POST /element] to [POST http://localhost:8201/wd/hub/session/5a27c767-9791-4751-872d-2ed612cd606d/element] with body: {"strategy":"id","selector":"com.Slack:id/next_button_url_entry","context":"","multiple":false}
[debug] &amp#27;[35m[MJSONWP]&amp#27;[39m Matched JSONWP error code 7 to NoSuchElementError
&amp#27;[35m[MJSONWP]&amp#27;[39m Encountered internal error running command: NoSuchElementError: An element could not be located on the page using the given search parameters.
&amp#27;[35m[MJSONWP]&amp#27;[39m     at AndroidUiautomator2Driver.callee$0$0$ (/us&amp#27;[35m[HTTP]&amp#27;[3r/local/lib9m /no&amp#27;[37m<-- POST /wd/hub/session/de_modules/app6c0335ium/node_02-fd88-4722-8b5b-92e919mod49ules/appium-androd161/element &amp#27;[id-d39m&amp#27;[31m500&amp#27;ri[39m &amp#27;[90m19 mvers - 164&amp#27;/lib/c[39m
ommands/find.js:75&amp#27;[:135m[HTTP]&amp#27;[39m &amp#27;1)
&amp#27;[[9035m&amp#27;[39mm[
MJSONWP]&amp#27;[39m     at tryCatch (/usr/local/lib/node_modules/appium/node_modules/babel-runtime/regenerator/runtime.js:67:40)
&amp#27;[35m[MJSONWP]&amp#27;[39m     at GeneratorFunctionPrototype.invoke [as _invoke] (/usr/local/lib/node_modules/appium/node_modules/babel-runtime/regenerator/runtime.js:315:22)
&amp#27;[35m[MJSONWP]&amp#27;[39m     at GeneratorF&amp#27;[35m[HunTTP]&amp#27;cti[3onPr9m &amp#27;otot[37m-->&amp#27;ype.p[39m &amp#27;ro[3totyp7me.(anonymous POST&amp#27;[3func9mtion) [as &amp#27;[37m/wd/hub throw] (/s/uessr/losiocal/lin/b/6c03node3502-fd_mo88dules/ap-4722-8bpiu5b-92e91949m/nd161/eleodment&amp#27;[39m
e_mod&amp#27;[35m[HTTPules/]&amp#27;[bab39m el&amp#27;[-r90untimm{"using"e/reg:"id",ener"valuator/runte"ime.j:"s:100:21)com.Slack:id/next_bu
&amp#27;tt[35m[MJon_urSOl_entry"}&amp#27;[39mNW
[debugP]&amp#27;[39m    ]  a&amp#27;[35m[W3Ct Ge]&amp#27;[39mner CatorFunctalliiong AppiumDriver.finnPrototype.invoke (/usr/dElement() wilocath al/lib/rgs: ["id",node_modu"coles/am.Slappium/ck:idnode_mo/nexdulest_/babel-runtime/regebunetton_urrlat_entry","6c033502-fd88-4722-8b5b-92e91949d1or/r61"]
[deuntibume.jg] &amp#27;[35m[Bas:136:se37Driver])
&amp#27;[39m Valid locator strategies for this request: xpath, id, class name, accessibility id, -android uiautomator
[debug] &amp#27;[35m[BaseDriver]&amp#27;[39m Waiting up to 0 ms for condition
[debug] &amp#27;[35m[JSONWP Proxy]&amp#27;[39m Matched '/element' to command name 'findElement'
[debug] &amp#27;[35m[JSONWP Proxy]&amp#27;[39m Proxying [POST /element] to [POST http://localhost:8201/wd/hub/session/5a27c767-9791-4751-872d-2ed612cd606d/element] with body: {"strategy":"id","selector":"com.Slack:id/next_button_url_entry","context":"","multiple":false}
[debug] &amp#27;[35m[MJSONWP]&amp#27;[39m Matched JSONWP error code 7 to NoSuchElementError
&amp#27;[35m[MJSONWP]&amp#27;[39m Encountered internal error running command: NoSuchElementError: An element could not be located on the page using the given search parameters.
&amp#27;[35m[MJSONWP]&amp#27;[39m     at AndroidUiautomator2Driver.callee$0$0$ (/usr/l&amp#27;[ocal/35m[HTTlib/nodeP]_modu&amp#27;[39m &amp#27;le[3s/appiu7m<--m/node_module POSTs/appium-an /wddroid-driver/lib/comman/hub/session/6cds/find.js:75:033502-fd88-4722-8b511)
&amp#27;[35m[MJSONWb-P]&amp#27;[9239m     at tryCatch (/usr/local/lie91b/no949de_moduld1es61/el/apement &amp#27;[39m&amp#27;[31pium/node_modulem5s/00babel-&amp#27;[39m &amp#27;[runtime90m20 /regenerator/runtimsme.js: - 16467&amp#27;[39m
:&amp#27;[35m[HT40)
&amp#27;TP[3]&amp#27;[39m 5m[MJSONW&amp#27;[90m&amp#27;[39m
P]&amp#27;[39m     at GeneratorFunctionPrototype.invoke [as _invoke] (/usr/local/lib/node_modules/appium/node_modules/babel-runtime/regenerator/runtime.js:315:22)
&amp#27;[35m[MJSONWP]&amp#27;[39m     at GeneratorFunctionPrototype.prototype.(anonymous function) [as throw] (/usr/loc&amp#27;[35m[HTal/libTP/n]&amp#27;[39ode_mom &amp#27;[37m-->&amp#27;[39dules/apm pi&amp#27;[37mPOST&amp#27;[39m &amp#27;[37m/wd/hub/sessionum//6c033502-node_modules/babel-runtime/regenefd88-rator47/runti22-8b5bme.js:100:-92e919421)
9d161/eleme&amp#27;[nt&amp#27;[39m
35m[MJSONWP]&amp#27;&amp#27;[35m[39m [HTTP]   &amp#27;[39m a &amp#27;[90m{t GeneratorFunctionP"using":"id","valueroto":"comtype.invoke (.Sla/usr/local/ck:id/nexlib/nt_butode_tomoduln_url_esen/appiumtr/node_y"}&amp#27;[39m
[modules/babel-runtime/regeneratordebug] &amp#27;[35m[W3C]&amp#27;[/runt39m Cimallie.jngs:136:37)
 AppiumDriver.findElement() with args: ["id","com.Slack:id/next_button_url_entry","6c033502-fd88-4722-8b5b-92e91949d161"]
[debug] &amp#27;[35m[BaseDriver]&amp#27;[39m Valid locator strategies for this request: xpath, id, class name, accessibility id, -android uiautomator
[debug] &amp#27;[35m[BaseDriver]&amp#27;[39m Waiting up to 0 ms for condition
[debug] &amp#27;[35m[JSONWP Proxy]&amp#27;[39m Matched '/element' to command name 'findElement'
[debug] &amp#27;[35m[JSONWP Proxy]&amp#27;[39m Proxying [POST /element] to [POST http://localhost:8201/wd/hub/session/5a27c767-9791-4751-872d-2ed612cd606d/element] with body: {"strategy":"id","selector":"com.Slack:id/next_button_url_entry","context":"","multiple":false}
[debug] &amp#27;[35m[MJSONWP]&amp#27;[39m Matched JSONWP error code 7 to NoSuchElementError
&amp#27;[35m[MJSONWP]&amp#27;[39m Encountered internal error running command: NoSuchElementError: An element could not be located on the page using the given search parameters.
&amp#27;[35m[MJSONWP]&amp#27;[39m     at AndroidUiautomator2Driver.callee$0$0$ (/usr/local/lib/node_modules/appium/node_modules/appium-android-driv&amp#27;[er/l35m[ibHTTP/comma]&amp#27;nds/fin[39d.js:m &amp#27;[37m75<-- PO:11)ST 
&amp#27;[3/wd/hub/5m[MJsesSOsiNWP]&amp#27;[39m     at tryCon/6c033502-fdatch 88-4(/usr/722-8localb5/lb-92e9194ib/n9d161/odeeleme_mnt &amp#27;[odules/appium/39node_mm&amp#27;[3odu1m500&amp#27;[39m les/babel-runtime&amp#27;[90m21 m/res gene- rato164&amp#27;r/r[3untime.js:67:40)9m

&amp#27;[35&amp#27;[35m[m[HTMJSOTP]&amp#27;[NWP]&amp#27;[339m9m     at Gene &amp#27;[90m&amp#27;ratorFunctionP[3rototype9m
.invoke [as _invoke] (/usr/local/lib/node_modules/appium/node_modules/babel-runtime/regenerator/runtime.js:315:22)
&amp#27;[35m[MJSONWP]&amp#27;[39m     at GeneratorFunctionPrototype.prototype.(anonymous function) [as throw] (/usr/local/lib/node_modules/appium/node_modules/babel-runtime/regenerator/runtime.js:100:21)
&amp#27;[35m[MJSONWP]&amp#27;[39m     at GeneratorFunctionPrototype.invoke (/usr/local/lib/node_modules/app&amp#27;[35m[HTTP]&amp#27;[39m &amp#27;[37m-->&amp#27;[39ium/node_modules/babel-runtime/rem gener&amp#27;[37mPOSTator/runtime.js:1&amp#27;[39m &amp#27;36:37[3)
7m/wd/hub/session/6c033502-fd88-4722-8b5b-92e91949d161/element&amp#27;[39m
&amp#27;[35m[HTTP]&amp#27;[39m &amp#27;[90m{"using":"id","value":"com.Slack:id/next_button_url_entry"}&amp#27;[39m
[debug] &amp#27;[35m[W3C]&amp#27;[39m Calling AppiumDriver.findElement() with args: ["id","com.Slack:id/next_button_url_entry","6c033502-fd88-4722-8b5b-92e91949d161"]
[debug] &amp#27;[35m[BaseDriver]&amp#27;[39m Valid locator strategies for this request: xpath, id, class name, accessibility id, -android uiautomator
[debug] &amp#27;[35m[BaseDriver]&amp#27;[39m Waiting up to 0 ms for condition
[debug] &amp#27;[35m[JSONWP Proxy]&amp#27;[39m Matched '/element' to command name 'findElement'
[debug] &amp#27;[35m[JSONWP Proxy]&amp#27;[39m Proxying [POST /element] to [POST http://localhost:8201/wd/hub/session/5a27c767-9791-4751-872d-2ed612cd606d/element] with body: {"strategy":"id","selector":"com.Slack:id/next_button_url_entry","context":"","multiple":false}
[debug] &amp#27;[35m[MJSONWP]&amp#27;[39m Matched JSONWP error code 7 to NoSuchElementError
&amp#27;[35m[MJSONWP]&amp#27;[39m Encountered internal error running command: NoSuchElementError: An element could not be located on the page using the given search parameters.
&amp#27;[35m[MJSONWP]&amp#27;[39m     at AndroidUiautomator2Driver.callee$0$0$ (/usr/&amp#27;[35m[HTTlocal/lib/node_modules/appium/P]&amp#27;[39mno &amp#27;[37m<-- POST /wd/hub/sesde_msiodon/6c0ul335es/appium02-f-ad88-4722-8b5b-92e91949d161/elemendroid-drint &amp#27;[ver/li39m&amp#27;[31m500&amp#27;[39m &amp#27;[b/c90omm20 manmsds/f -in 164&amp#27;[d.js:39m
75&amp#27;[35m[HTTP:11)]&amp#27;[
&amp#27;[339m5m &amp#27;[90[Mm&amp#27;JS[3ON9m
WP]&amp#27;[39m     at tryCatch (/usr/local/lib/node_modules/appium/node_modules/babel-runtime/regenerator/runtime.js:67:40)
&amp#27;[35m[MJSONWP]&amp#27;[39m     at GeneratorFunctionPrototype.invoke [as _invoke] (/usr/local/lib/node_modules/appium/node_modules/babel-runtime/regenerator/runtime.js:315:22)
&amp#27;[35m[MJSONWP]&amp#27;[39m     at GeneratorFunctionPrototype.prototype.(anonymous function) [as throw] (/usr/local/lib/node_modules/appium/node_modu&amp#27;[le35m[HTTs/P]&amp#27;[39m babel&amp#27;[37m---runtim>&amp#27;[3e/9m &amp#27;regenerator/ru[3nti7mPOmeST.j&amp#27;[39ms:100:21)
&amp#27;[35m[MJSON &amp#27;[37m/wWPd/]&amp#27;hub/sessi[39onm  /6   c0at G33eneratorFunctionPrototype.in502-fvoke (/usrd88-47/l22-ocal/li8bb/5bnod-9e_2e91modul949d1es/61appium/n/eode_mleodulemes/nt&amp#27;[ba39bel-rm
un&amp#27;[35m[HTtiTPme/rege]&amp#27;[nerat39or/runtm ime&amp#27;[9.j0ms:136{"using":"id":37),"va
lue":"com.Slack:id/next_button_url_entry"}&amp#27;[39m
[debug] &amp#27;[35m[W3C]&amp#27;[39m Calling AppiumDriver.findElement() with args: ["id","com.Slack:id/next_button_url_entry","6c033502-fd88-4722-8b5b-92e91949d161"]
[debug] &amp#27;[35m[BaseDriver]&amp#27;[39m Valid locator strategies for this request: xpath, id, class name, accessibility id, -android uiautomator
[debug] &amp#27;[35m[BaseDriver]&amp#27;[39m Waiting up to 0 ms for condition
[debug] &amp#27;[35m[JSONWP Proxy]&amp#27;[39m Matched '/element' to command name 'findElement'
[debug] &amp#27;[35m[JSONWP Proxy]&amp#27;[39m Proxying [POST /element] to [POST http://localhost:8201/wd/hub/session/5a27c767-9791-4751-872d-2ed612cd606d/element] with body: {"strategy":"id","selector":"com.Slack:id/next_button_url_entry","context":"","multiple":false}
[debug] &amp#27;[35m[MJSONWP]&amp#27;[39m Matched JSONWP error code 7 to NoSuchElementError
&amp#27;[35m[MJSONWP]&amp#27;[39m Encountered internal error running command: NoSuchElementError: An element could not be located on the page using the given search parameters.
&amp#27;[35m[MJSONWP]&amp#27;[39m     at AndroidUiautomator2Driver.callee$0$0$ (/usr&amp#27;[/loca35m[l/HTTPlib/no]&amp#27;[39m &amp#27;[37de_mm<-od- POST /ules/appwd/hium/noubde_m/sodules/appium-aessiondron/6c033id502-fd88-4722-8b5b-92e9-driver/lib/command1949d161/eles/find.js:ment &amp#27;[39m&amp#27;[31m50075:11)
&amp#27;[35m[MJS&amp#27;[39m &amp#27;[90m18ONWP]&amp#27;[39m     ms - 164&amp#27;[39m
 at &amp#27;[35mtr[HTTyCatch P]&amp#27;[3(/9m usr/lo&amp#27;[90m&amp#27;[39m
cal/lib/node_modules/appium/node_modules/babel-runtime/regenerator/runtime.js:67:40)
&amp#27;[35m[MJSONWP]&amp#27;[39m     at GeneratorFunctionPrototype.invoke [as _invoke] (/usr/local/lib/node_modules/appium/node_modules/babel-runtime/regenerator/runtime.js:315:22)
&amp#27;[35m[MJSONWP]&amp#27;[39m     at GeneratorFunctionPrototype.prototype.(anonymous function) [as throw] (/usr/local/lib/node_modules/appium/node_modules/babel-runtime/regenerator/runti&amp#27;[me.j35s:100:21)
&amp#27;[35m[MJSOm[HTTP]NW&amp#27;[P]&amp#27;[39m39m      at G&amp#27;[en37eram-->&amp#27;[39torFm &amp#27;[unc37tionmPOST&amp#27;[Pro39totypem &amp#27;[37m/wd/h.invokeub/se (/usr/locssion/6cal/lib/n03350od2-e_fd88-4mo722dule-8b5s/b-appi92eum/nod91949d1e_mod61/eleules/babment&amp#27;[3el-runti9mme/
regenerato&amp#27;[r/35m[HruTTP]&amp#27;[39mnti &amp#27;[90me.js:136:m{"usin37g":"id","va)
lue":"com.Slack:id/next_button_url_entry"}&amp#27;[39m
[debug] &amp#27;[35m[W3C]&amp#27;[39m Calling AppiumDriver.findElement() with args: ["id","com.Slack:id/next_button_url_entry","6c033502-fd88-4722-8b5b-92e91949d161"]
[debug] &amp#27;[35m[BaseDriver]&amp#27;[39m Valid locator strategies for this request: xpath, id, class name, accessibility id, -android uiautomator
[debug] &amp#27;[35m[BaseDriver]&amp#27;[39m Waiting up to 0 ms for condition
[debug] &amp#27;[35m[JSONWP Proxy]&amp#27;[39m Matched '/element' to command name 'findElement'
[debug] &amp#27;[35m[JSONWP Proxy]&amp#27;[39m Proxying [POST /element] to [POST http://localhost:8201/wd/hub/session/5a27c767-9791-4751-872d-2ed612cd606d/element] with body: {"strategy":"id","selector":"com.Slack:id/next_button_url_entry","context":"","multiple":false}
[debug] &amp#27;[35m[MJSONWP]&amp#27;[39m Matched JSONWP error code 7 to NoSuchElementError
&amp#27;[35m[MJSONWP]&amp#27;[39m Encountered internal error running command: NoSuchElementError: An element could not be located on the page using the given search parameters.
&amp#27;[35m[MJSONWP]&amp#27;[39m     at AndroidUiautomator2Driver.callee$0$0$ (/usr&amp#27;[35m[HTTP]/local/&amp#27;[39m lib&amp#27;[37m<-/node_- PmoOST /wd/dules/appihuum/node_mob/dusesles/appium-andsionroid-drive/6c033502-fr/lib/cd8omma8-4722-8bnds/fin5b-92e91949d161/elemend.js:75:11)
&amp#27;[3t &amp#27;5m[MJSO[39m&amp#27;[3NWP]&amp#27;[39m     at1m5 tryCatch (/us00&amp#27;[39m &amp#27;[90mr/local/li19 ms b/- 164&amp#27;[node_modu39m
les/appi&amp#27;[um/35m[node_mHTTodP]ules/bab&amp#27;[39m &amp#27;[90m&amp#27;[el39m
-runtime/regenerator/runtime.js:67:40)
&amp#27;[35m[MJSONWP]&amp#27;[39m     at GeneratorFunctionPrototype.invoke [as _invoke] (/usr/local/lib/node_modules/appium/node_modules/babel-runtime/regenerator/runtime.js:315:22)
&amp#27;[35m[MJSONWP]&amp#27;[39m     at GeneratorFunctionPro&amp#27;[35m[HTTP]totyp&amp#27;[39m &amp#27;[37m-->e.&amp#27;[39m &amp#27;[protot37mPype.(anonOST&amp#27;[39mymo &amp#27;us func[37mtion/w) [ad/hub/sessios thron/6c0w] (/3350usr/lo2-fd88-47ca22-8l/lib/nb5b-od92e91949e_modud16les/ap1/pielemeum/nont&amp#27;[de_mod39ules/bm
abel-ru&amp#27;[ntime35m[HTTP/regen]&amp#27;[39m &amp#27;[erator/90m{"urusing"ntime.j:"is:100:21)
d","v&amp#27;[35m[alue":"cMJSONWP]om&amp#27;[.S39m    lack at GeneratorFunctionPrototype.invoke :id(/usr/local/next/lib/node__butmoton_url_entrdules/apy"}&amp#27;[pium39m
[debug] /node&amp#27;[_m35m[odules/baW3C]&amp#27;[3be9ml-runti Callmeing AppiumDri/reverge.finneratodEr/runtime.js:lem136:ent() with args:37)
 ["id","com.Slack:id/next_button_url_entry","6c033502-fd88-4722-8b5b-92e91949d161"]
[debug] &amp#27;[35m[BaseDriver]&amp#27;[39m Valid locator strategies for this request: xpath, id, class name, accessibility id, -android uiautomator
[debug] &amp#27;[35m[BaseDriver]&amp#27;[39m Waiting up to 0 ms for condition
[debug] &amp#27;[35m[JSONWP Proxy]&amp#27;[39m Matched '/element' to command name 'findElement'
[debug] &amp#27;[35m[JSONWP Proxy]&amp#27;[39m Proxying [POST /element] to [POST http://localhost:8201/wd/hub/session/5a27c767-9791-4751-872d-2ed612cd606d/element] with body: {"strategy":"id","selector":"com.Slack:id/next_button_url_entry","context":"","multiple":false}
[debug] &amp#27;[35m[MJSONWP]&amp#27;[39m Matched JSONWP error code 7 to NoSuchElementError
&amp#27;[35m[MJSONWP]&amp#27;[39m Encountered internal error running command: NoSuchElementError: An element could not be located on the page using the given search parameters.
&amp#27;[35m[MJSONWP]&amp#27;[39m     at AndroidUiautomator2Driver.callee$0$0$ (/usr/local/lib/node_modules/appium/node_module&amp#27;[35m[HTTP]&amp#27;[39s/appm &amp#27;[37m<ium--- POST android/w-dd/hub/sessiorin/6vec0r/l3350ib/commands2-fd88-/fin4722-8b5b-92e91949d161d.j/element &amp#27;[s:7539:1m&amp#27;[31m500&amp#27;1)
&amp#27;[3[39m &amp#27;[90m205m m[MJSONWPs -]&amp#27;[39m  16    at tryCat4&amp#27;ch (/usr/local/lib/nod[39m
e_&amp#27;[35m[modules/aHTTP]&amp#27;[39mppium/node_ &amp#27;[9modules/b0m&amp#27;abel-[39runm
time/regenerator/runtime.js:67:40)
&amp#27;[35m[MJSONWP]&amp#27;[39m     at GeneratorFunctionPrototype.invoke [as _invoke] (/usr/local/lib/node_modules/appium/node_modules/babel-runtime/regenerator/runtime.js:315:22)
&amp#27;[35m[MJSONWP]&amp#27;[39m     at GeneratorFunctionPrototype.prototype.(anonymous function) [as throw] (/usr/local/lib/node_modules/appium/node_modules/babel-runtime/regenerator/runtime.js:100:21)
&amp#27;[35m[MJSONWP]&amp#27;&amp#27;[3[35m9m [HTT    at GeneratorFunP]&amp#27;[ct39iom &amp#27;[37mnPrototype.invoke (/usr/-->&amp#27;[39m &amp#27;[37mPOST&amp#27;[39m loca&amp#27;[37l/lib/node_modulm/wd/hes/aub/sppesium/nodsion/6c0e_modules33502-f/bd88-4abel-runtime/regen722-8b5b-9erator/runtime.js:136:32e97)
1949d161/element&amp#27;[39m
&amp#27;[35m[HTTP]&amp#27;[39m &amp#27;[90m{"using":"id","value":"com.Slack:id/next_button_url_entry"}&amp#27;[39m
[debug] &amp#27;[35m[W3C]&amp#27;[39m Calling AppiumDriver.findElement() with args: ["id","com.Slack:id/next_button_url_entry","6c033502-fd88-4722-8b5b-92e91949d161"]
[debug] &amp#27;[35m[BaseDriver]&amp#27;[39m Valid locator strategies for this request: xpath, id, class name, accessibility id, -android uiautomator
[debug] &amp#27;[35m[BaseDriver]&amp#27;[39m Waiting up to 0 ms for condition
[debug] &amp#27;[35m[JSONWP Proxy]&amp#27;[39m Matched '/element' to command name 'findElement'
[debug] &amp#27;[35m[JSONWP Proxy]&amp#27;[39m Proxying [POST /element] to [POST http://localhost:8201/wd/hub/session/5a27c767-9791-4751-872d-2ed612cd606d/element] with body: {"strategy":"id","selector":"com.Slack:id/next_button_url_entry","context":"","multiple":false}
[debug] &amp#27;[35m[MJSONWP]&amp#27;[39m Matched JSONWP error code 7 to NoSuchElementError
&amp#27;[35m[MJSONWP]&amp#27;[39m Encountered internal error running command: NoSuchElementError: An element could not be located on the page using the given search parameters.
&amp#27;[35m[MJSONWP]&amp#27;[39m     at AndroidUiautomator2Driver.callee$0$0$ (/usr/local/lib/node_mod&amp#27;[35m[Hules/appiumTTP]&amp#27;[39m &amp#27;[37m<--/n Pode_modules/appiOSumT -android-driver/li/wd/hub/sb/commessands/find.js:75:11)
&amp#27;[35ion/6m[Mc033502-fJSONWP]d8&amp#27;[39m   8-4722  -8b5at tryCb-92e9194atch (/us9d161/elemenr/lot &amp#27;[3cal/li9m&amp#27;[b/31m5nod00&amp#27;[39m &amp#27;[90m2e_modules/appium/node_mod4 ms - ules/bab164&amp#27;[39m
el-runti&amp#27;[35mme/r[HTTP]&amp#27;[egen39mer &amp#27;ator[90m&amp#27;[39m
/runtime.js:67:40)
&amp#27;[35m[MJSONWP]&amp#27;[39m     at GeneratorFunctionPr&amp#27;[35m[HTTP]&amp#27;ot[39mot &amp#27;[37mype.invo--ke [>&amp#27;as _invoke[3] (/9musr/local/lib/node_ &amp#27;[37mPOST&amp#27;[39modulem &amp#27;[37m/wd/hus/appium/b/node_modsession/6c03350ules/babel-ru2-fd88-4722-8b5b-92e91949d1ntim61/element&amp#27;[e/r39m
eg&amp#27;[enerator/run35time.js:3m[HTTP]&amp#27;[3915m &amp#27;[90m:22)
{"using":"i&amp#27;[d","value":"com35m.Slack:id/nex[t_butMJSOton_url_entry"}&amp#27;NWP]&amp#27;[[39m
[39m     at debug] Ge&amp#27;[35m[W3C]&amp#27;[3ne9m Calling AppiumDriverratorFu.fnctindEionPrlementototype.()pr with argsot: ["iotd","cypeom.S.(anonymous functionlack:id/next_button_) url_e[as thrntry","6c033502-fd8ow]8-4722-8b5b-92e91949d161"] (/
[dusebug] &amp#27;[35m[BaseDr/lriveroc]&amp#27;[39m Vaal/lib/node_modulid locator strles/appategiium/nodes for this requee_st: xpatmodules/babel-runtih, id,me/r class naegenerame, toaccesr/rsibility id, -androidu uiautomantor
[debug] &amp#27;[3time.js:100:21)
&amp#27;[35m[MJSO5m[BaseDriver]&amp#27;[39m Waiting up toNWP]&amp#27;[39m     at Generator Fu0 ms fnctionor cPrototyponde.invokeition (/usr/local/li
[b/node_demobug] dules/appium/node_modu&amp#27;les/bab[35m[JSONWP Proxy]&amp#27;[39m Matchel-runtime/regenerator/runed '/element' to command name time.js:136:37)'findE
lement'
[debug] &amp#27;[35m[JSONWP Proxy]&amp#27;[39m Proxying [POST /element] to [POST http://localhost:8201/wd/hub/session/5a27c767-9791-4751-872d-2ed612cd606d/element] with body: {"strategy":"id","selector":"com.Slack:id/next_button_url_entry","context":"","multiple":false}
[debug] &amp#27;[35m[MJSONWP]&amp#27;[39m Matched JSONWP error code 7 to NoSuchElementError
&amp#27;[35m[MJSONWP]&amp#27;[39m Encountered internal error running command: NoSuchElementError: An element could not be located on the page using the given search parameters.
&amp#27;[35m[MJSONWP]&amp#27;[39m     at AndroidUiautomator2Driver&amp#27;[3.cal5m[HTTP]&amp#27;[39mlee$0$0$ (/usr/local &amp#27;[37m</l-- Pib/nOSode_T /wd/hub/sessimoduon/6c033502-les/appium/node_fd88-4722-8b5b-mo92e919dules/appium-android-driver/l49ib/cd16ommands/f1/elemenind.js:75t &amp#27;[39m&amp#27;[31m500&amp#27;[:11)
&amp#27;[35m[M39m &amp#27;[90m24 ms - 164JS&amp#27;[39m
ONWP]&amp#27;&amp#27;[[35m[HTTP]&amp#27;[39m &amp#27;39m    [90m&amp#27; a[39m
t tryCatch (/usr/local/lib/node_modules/appium/node_modules/babel-runtime/regenerator/runtime.js:67:40)
&amp#27;[35m[MJSONWP]&amp#27;[39m     at GeneratorFunctionPrototype.invoke [as _invoke] (/usr/local/lib/node_modules/appium/node_modules/babel-runtime/regenerator/runtime.js:315:22)
&amp#27;[35m[MJSONWP]&amp#27;[39m     at&amp#27;[ G35m[HTeneratorTPFunctionProto]&amp#27;type.p[3rototype.(anon9m &amp#27;[3ymou7m-->&amp#27;[39m &amp#27;s fu[37mPOST&amp#27;[3nction)9m &amp#27;[37m/wd/h [as throw] (/ub/session/usr6c/loc033502-fdal88-4/lib/n722-ode_module8b5b-92e9194s/app9d161ium/node/el_moduementles&amp#27;[39m
/ba&amp#27;[35m[Hbel-runtime/regeneTTrator/runtiP]&amp#27;me.js:100[39m &amp#27;[90m{:21)
"usi&amp#27;[ng":"id","value":"co35m.m[MJSONWP]&amp#27;[39m     at GSlack:idene/nratorFunctioexnPrototype.invoke (/t_buttusr/localon/l_url_eib/nntry"}&amp#27;[ode_modules/appium39/node_modules/m
[debugbab] &amp#27;[35m[el-runW3tiC]&amp#27;me/regenerator/[39m Carunllintimg Ae.js:136:ppiumDr37)iver.f
indElement() with args: ["id","com.Slack:id/next_button_url_entry","6c033502-fd88-4722-8b5b-92e91949d161"]
[debug] &amp#27;[35m[BaseDriver]&amp#27;[39m Valid locator strategies for this request: xpath, id, class name, accessibility id, -android uiautomator
[debug] &amp#27;[35m[BaseDriver]&amp#27;[39m Waiting up to 0 ms for condition
[debug] &amp#27;[35m[JSONWP Proxy]&amp#27;[39m Matched '/element' to command name 'findElement'
[debug] &amp#27;[35m[JSONWP Proxy]&amp#27;[39m Proxying [POST /element] to [POST http://localhost:8201/wd/hub/session/5a27c767-9791-4751-872d-2ed612cd606d/element] with body: {"strategy":"id","selector":"com.Slack:id/next_button_url_entry","context":"","multiple":false}
[debug] &amp#27;[35m[MJSONWP]&amp#27;[39m Matched JSONWP error code 7 to NoSuchElementError
&amp#27;[35m[MJSONWP]&amp#27;[39m Encountered internal error running command: NoSuchElementError: An element could not be located on the page using the given search parameters.
&amp#27;[35m[MJSONWP]&amp#27;[39m     at AndroidUiautomator2Driver.callee$0$0$ (/usr/local/lib/node_mod&amp#27;[35m[HTules/appTP]ium/&amp#27;[node_modules/appium-39m &amp#27;android-driver/[37m<lib/comm--an POdsST/find.j /s:wd/75:1hu1)
&amp#27;[b/s35m[MessiJSon/6c0ONWP]&amp#27;[3933502-m fd    a88-t tryCatch47 (/usr22-/l8b5bocal-9/lib/node2e_m91od949d1ules/61/eleapment &amp#27;[39m&amp#27;[3pium/node_1mmodule500&amp#27;[39m s/bab&amp#27;[90m28 ms - el-ru16nti4&amp#27;me[39m
/rege&amp#27;[35nem[HTrator/TPru]&amp#27;nt[3im9m e.js:67:4&amp#27;[0)
90m&amp#27;[39&amp#27;[3m
5m[MJSONWP]&amp#27;[39m     at GeneratorFunctionPrototype.invoke [as _invoke] (/usr/local/lib/node_modules/appium/node_modules/babel-runtime/regenerator/runtime.js:315:22)
&amp#27;[35m[MJSONWP]&amp#27;[39m     at GeneratorFunctionPrototype.prototype.(anonymous function) [as throw] (/usr/local/lib/node_modules/appium/node_modules/babel-&amp#27;[runti35m[me/reHTgeTP]&amp#27;[39m &amp#27;[3ne7mrat--or/r>&amp#27;un[39m &amp#27;[tim37mPOSe.js:100T&amp#27;:21[3)
&amp#27;[359m &amp#27;[37m[MJSONWm/P]&amp#27;[wd39m     at/h Geub/sneratesorsion/6c033502-fd88-4722-8b5b-92e91FunctionPrototype.invoke (/usr/local/lib/node_modules/appium/node_949d16mo1/element&amp#27;[39dules/bm
abe&amp#27;[35l-m[HTruTP]ntime&amp#27;[/regener39m &amp#27;[90m{"usingat":"id",or/runtime.js"v:13alue":"6:37)
com.Slack:id/next_button_url_entry"}&amp#27;[39m
[debug] &amp#27;[35m[W3C]&amp#27;[39m Calling AppiumDriver.findElement() with args: ["id","com.Slack:id/next_button_url_entry","6c033502-fd88-4722-8b5b-92e91949d161"]
[debug] &amp#27;[35m[BaseDriver]&amp#27;[39m Valid locator strategies for this request: xpath, id, class name, accessibility id, -android uiautomator
[debug] &amp#27;[35m[BaseDriver]&amp#27;[39m Waiting up to 0 ms for condition
[debug] &amp#27;[35m[JSONWP Proxy]&amp#27;[39m Matched '/element' to command name 'findElement'
[debug] &amp#27;[35m[JSONWP Proxy]&amp#27;[39m Proxying [POST /element] to [POST http://localhost:8201/wd/hub/session/5a27c767-9791-4751-872d-2ed612cd606d/element] with body: {"strategy":"id","selector":"com.Slack:id/next_button_url_entry","context":"","multiple":false}
[debug] &amp#27;[35m[MJSONWP]&amp#27;[39m Matched JSONWP error code 7 to NoSuchElementError
&amp#27;[35m[MJSONWP]&amp#27;[39m Encountered internal error running command: NoSuchElementError: An element could not be located on the page using the given search parameters.
&amp#27;[35m[MJSONWP]&amp#27;[39m     at AndroidUiautomator2Driver.callee$0$0$ (/usr/local/lib/node_modules/appium/node_mo&amp#27;[dules/35m[HapTTpium-anP]&amp#27;[39m &amp#27;[dro37m<-- POid-driver/lib/STcomma /nds/findwd/.jshub/session/6c0:75:33502-fd811)
8-47&amp#27;[22-358bm[MJSONWP5b-92e919]&amp#27;[49d13961/elemm     at trent &amp#27;[39myCatch (/u&amp#27;[31msr/local/lib500&amp#27;[39m/n &amp#27;[90m28 ms - 164&amp#27;[39ode_m
modules/appium/node_m&amp#27;[35m[HodTTP]ul&amp#27;[es39m &amp#27;[90m/ba&amp#27;[39m
bel-runtime/regenerator/runtime.js:67:40)
&amp#27;[35m[MJSONWP]&amp#27;[39m     at GeneratorFunctionPrototype.invoke [as _invoke] (/usr/local/lib/node_modules/appium/node_modules/babel-runtime/regenerator/runtime.js:315:22)
&amp#27;[35m[MJSONWP]&amp#27;[39m     at GeneratorFunctionPrototype.prototype.(anonymous function) [as throw] (/usr/local/lib/node_modules/appium/node_modules/babel-runtime/regenerator/runtime.js:100:21)
&amp#27;[35m[MJSONWP]&amp#27;[39m     at GeneratorFunctionPrototyp&amp#27;[35me.in[HTTP]&amp#27;vo[39ke (m /usr/&amp#27;[37m-->&amp#27;[39lom ca&amp#27;[37mPOST&amp#27;[3l/lib/node_modules/app9m &amp#27;[37mium/wd//node_mohub/sesdulesion/6c033502-fds/88-4722-8babelb5-runtb-ime92e9/r1949egd161en/element&amp#27;[3erat9m
or/run&amp#27;[35mtime.js:1[H36:37)
TTP]&amp#27;[39m &amp#27;[90m{"using":"id","value":"com.Slack:id/next_button_url_entry"}&amp#27;[39m
[debug] &amp#27;[35m[W3C]&amp#27;[39m Calling AppiumDriver.findElement() with args: ["id","com.Slack:id/next_button_url_entry","6c033502-fd88-4722-8b5b-92e91949d161"]
[debug] &amp#27;[35m[BaseDriver]&amp#27;[39m Valid locator strategies for this request: xpath, id, class name, accessibility id, -android uiautomator
[debug] &amp#27;[35m[BaseDriver]&amp#27;[39m Waiting up to 0 ms for condition
[debug] &amp#27;[35m[JSONWP Proxy]&amp#27;[39m Matched '/element' to command name 'findElement'
[debug] &amp#27;[35m[JSONWP Proxy]&amp#27;[39m Proxying [POST /element] to [POST http://localhost:8201/wd/hub/session/5a27c767-9791-4751-872d-2ed612cd606d/element] with body: {"strategy":"id","selector":"com.Slack:id/next_button_url_entry","context":"","multiple":false}
[debug] &amp#27;[35m[MJSONWP]&amp#27;[39m Matched JSONWP error code 7 to NoSuchElementError
&amp#27;[35m[MJSONWP]&amp#27;[39m Encountered internal error running command: NoSuchElementError: An element could not be located on the page using the given search parameters.
&amp#27;[35m[MJSONWP]&amp#27;[39m     at AndroidUiautomator2Driver.callee$0$0$ (/usr/local/lib/node_mo&amp#27;[35m[HTTP]dules/appium/nod&amp#27;[39e_mmodu &amp#27;[37m<-- Ples/appOST /wd/hub/ium-android-drsessiiver/lon/6ci03b/com3502mand-fd88-4s/722-8b5bfind.js:75:11)
&amp#27;[-92e9351949d16m[1/elementMJS &amp#27;[39ONm&amp#27;WP[31m5]&amp#27;00&amp#27;[39[39m &amp#27;m     at tryCatch (/usr/local/lib/node_modules/ap[90m22 ms - pium/164node_modules&amp#27;[39m
/bab&amp#27;[3el-5m[runtime/regHTTenerator/runtime.jsP]&amp#27;[39m &amp#27;[90m&amp#27;[39m
:67:40)
&amp#27;[35m[MJSONWP]&amp#27;[39m     at GeneratorFunctionPrototype.invoke [as _invoke] (/usr/local/lib/node_modules/appium/node_modules/babel-runtime/regenerator/runtime.js:315:22)
&amp#27;[35m[MJSONWP]&amp#27;[39m     at GeneratorFunctionPrototype.p&amp#27;[35mro[HTtoTP]ty&amp#27;[39m &amp#27;[37m-->&amp#27;[39m &amp#27;[37mPOST&amp#27;[39m &amp#27;[37m/pe.wd(anony/hub/sessimouon/6c033502-fds fu88nc-4722-8btion5b-) [as th92e91949d161/element&amp#27;[39m
&amp#27;[35m[HTTP]&amp#27;[39m &amp#27;[90m{"using":"id","valuroe":"cw] om(/u.Slasr/locck:al/lib/node_moduleid/s/anext_bpputium/nodton_ure_mol_entry"}&amp#27;[3du9mles/
[debug] &amp#27;[35m[Wbab3C]el&amp#27;[39m Calling AppiumDr-ruivernti.fmein/regdElement() witenerator/h aruntime.jsrgs: [:100:21"id)
","c&amp#27;[om.35Slam[MJSONWP]&amp#27;[39m ck:id/next_button_url    a_entry"t Generato,"6c033502-fd88rF-4un722-8b5b-ct92e91949d161"]
[debugionP] &amp#27;[3ro5m[totypBaseDrivere.]&amp#27;[39m Vainvoke (/usr/local/lid lib/nolocade_modules/tor straappiutegiesm/n for this request: oxde_modulepath, id, class name, accesssibi/babel-runtime/relity id, -android uiautomator
[degenerator/runtime.js:1bug] &amp#27;[36:37)
35m[BaseDriver]&amp#27;[39m Waiting up to 0 ms for condition
[debug] &amp#27;[35m[JSONWP Proxy]&amp#27;[39m Matched '/element' to command name 'findElement'
[debug] &amp#27;[35m[JSONWP Proxy]&amp#27;[39m Proxying [POST /element] to [POST http://localhost:8201/wd/hub/session/5a27c767-9791-4751-872d-2ed612cd606d/element] with body: {"strategy":"id","selector":"com.Slack:id/next_button_url_entry","context":"","multiple":false}
[debug] &amp#27;[35m[MJSONWP]&amp#27;[39m Matched JSONWP error code 7 to NoSuchElementError
&amp#27;[35m[MJSONWP]&amp#27;[39m Encountered internal error running command: NoSuchElementError: An element could not be located on the page using the given search parameters.
&amp#27;[35m[MJSONWP]&amp#27;[39m     at AndroidUiautomator2Driver.callee$0$0$ (/usr/local/lib/node_modules/ap&amp#27;[35mpiu[Hm/node_moTTP]&amp#27;[39m &amp#27;[3du7m<-- Ples/appium-android-driver/libOST /wd/hu/commands/find.js:75:11)
&amp#27;[35m[MJSONWP]&amp#27;[39b/session/6c033502-fd88-472m  2-8b5b-   at tryCa9tc2e91h (/usr/local/l949d161/element &amp#27;ib[3/node_modules/9m&amp#27;[3ap1mpium/no500&amp#27;[de_modules/b39mab &amp#27;[90mel-runtime/regenerat28or/runti ms - 164&amp#27;[39m
&amp#27;[35mme.js:67:40)[H
&amp#27;TTP]&amp#27;[39m &amp#27;[90[3m&amp#27;[5m39m
[MJSONWP]&amp#27;[39m     at GeneratorFunctionPrototype.invoke [as _invoke] (/usr/local/lib/node_modules/appium/node_modules/&amp#27;[35m[HTTP]&amp#27;babe[3l-runti9m &amp#27;[37m-->me/regenera&amp#27;[39tor/runm time.js:&amp#27;[315:22)
&amp#27;[35m[MJSON37mPOSTWP]&amp#27;&amp#27;[[39m   39m  at GeneratorFunctio &amp#27;[37m/wd/hub/nPrototype.prototype.(sessiona/6c033502-fd88-4722-8b5bno-92nymous function) [as throw] (/usr/local/lib/node_modules/appium/node_modules/babel-runtime/rege91949d161/enerator/ruelementnt&amp#27;[39m
&amp#27;[3i5me.js:1m[HTTP]&amp#27;00:[39m21 &amp#27;[90m{"using":"id","value":"com.Slack:id/next_button_url_entr)
&amp#27;[35m[MJSOy"NWP]&amp#27;[3}&amp#27;[39m
[debug] &amp#27;[35m[9m W3    at CGe]&amp#27;[39m CneratorFunctionPrototypalling AppiumDriver.findElee.invomkeen (/ut() sr/local/with arlib/nogsde_modules/: [appium"id"/node_mo,"com.Slack:idules/babd/next_el-runtbuimtton_url_entry",e/"6c03reg3502-fd88en-4722-era8b5b-92tor/runte9ime1949.jd161"]
[s:136:3debug]7)
 &amp#27;[35m[BaseDriver]&amp#27;[39m Valid locator strategies for this request: xpath, id, class name, accessibility id, -android uiautomator
[debug] &amp#27;[35m[BaseDriver]&amp#27;[39m Waiting up to 0 ms for condition
[debug] &amp#27;[35m[JSONWP Proxy]&amp#27;[39m Matched '/element' to command name 'findElement'
[debug] &amp#27;[35m[JSONWP Proxy]&amp#27;[39m Proxying [POST /element] to [POST http://localhost:8201/wd/hub/session/5a27c767-9791-4751-872d-2ed612cd606d/element] with body: {"strategy":"id","selector":"com.Slack:id/next_button_url_entry","context":"","multiple":false}
[debug] &amp#27;[35m[MJSONWP]&amp#27;[39m Matched JSONWP error code 7 to NoSuchElementError
&amp#27;[35m[MJSONWP]&amp#27;[39m Encountered internal error running command: NoSuchElementError: An element could not be located on the page using the given search parameters.
&amp#27;[35m[MJSONWP]&amp#27;[39m     at AndroidUiautomator2Driver.callee$0$0$ (/usr/local/lib/node_modules/appium/node_modules/appium-android-driver/lib/commands/&amp#27;[35mfi[Hnd.js:75:11)
&amp#27;[3TTP]&amp#27;[39m &amp#27;[37m<-- POST /wd/h5m[MJSONWP]&amp#27;[39m     at tryub/sessCatch (/usr/loion/6c03350ca2-fd88-4l/lib/node_m722-8b5b-92odules/ape91949pium/node_modules/bd1abel-run61/elementime/rt &amp#27;[39m&amp#27;[31egenerm500&amp#27;[39mator/r &amp#27;[90m26 ms - 164&amp#27;[untime.js39m
:6&amp#27;[7:4035m[)
HT&amp#27;[TP]35m[MJSO&amp#27;[NW39m &amp#27;P]&amp#27;[9[30m&amp#27;[39m
9m     at GeneratorFunctionPrototype.invoke [as _invoke] (/usr/local/lib/node_modules/appium/node_modules/babel-runtime/regenerator/runtime.js:315:22)
&amp#27;[35m[MJSONWP]&amp#27;[39m     at GeneratorFunctionPrototype.prototype.(anonymous function) [as throw] (/usr/local/lib/node_modules/appium/node_modules/babel-runtime/regenerator/runtime.js:100:21)
&amp#27;[35m[MJSONWP]&amp#27;[39m     at GeneratorFunctionPrototype.invoke (/usr/local/lib/node_modules/appium/node_modules/ba&amp#27;[35bel-m[HTTP]runti&amp#27;[me/r39egenm erat&amp#27;[37orm-/r->un&amp#27;[39m &amp#27;[37mPOSTti&amp#27;[me39m &amp#27;[37m/.js:wd/hub/session/6c033502-fd88-136:374722-)
8b5b-92e91949d161/element&amp#27;[39m
&amp#27;[35m[HTTP]&amp#27;[39m &amp#27;[90m{"using":"id","value":"com.Slack:id/next_button_url_entry"}&amp#27;[39m
[debug] &amp#27;[35m[W3C]&amp#27;[39m Calling AppiumDriver.findElement() with args: ["id","com.Slack:id/next_button_url_entry","6c033502-fd88-4722-8b5b-92e91949d161"]
[debug] &amp#27;[35m[BaseDriver]&amp#27;[39m Valid locator strategies for this request: xpath, id, class name, accessibility id, -android uiautomator
[debug] &amp#27;[35m[BaseDriver]&amp#27;[39m Waiting up to 0 ms for condition
[debug] &amp#27;[35m[JSONWP Proxy]&amp#27;[39m Matched '/element' to command name 'findElement'
[debug] &amp#27;[35m[JSONWP Proxy]&amp#27;[39m Proxying [POST /element] to [POST http://localhost:8201/wd/hub/session/5a27c767-9791-4751-872d-2ed612cd606d/element] with body: {"strategy":"id","selector":"com.Slack:id/next_button_url_entry","context":"","multiple":false}
[debug] &amp#27;[35m[MJSONWP]&amp#27;[39m Matched JSONWP error code 7 to NoSuchElementError
&amp#27;[35m[MJSONWP]&amp#27;[39m Encountered internal error running command: NoSuchElementError: An element could not be located on the page using the given search parameters.
&amp#27;[35m[MJSONWP]&amp#27;[39m     at AndroidUiautomator2Driver.callee$0$0$ (/usr/local/lib/node_modules/app&amp#27;[35m[iuHTTP]&amp#27;[39m &amp#27;[37mm/<--node_modu PleOSs/appium-androiT /wd/d-dhurib/sessver/lib/commands/fiion/nd.js6c:75:11)
&amp#27;[033502-f35m[MJSOd88-4722-8b5NWP]&amp#27;[39b-92e919m 49d16    1/elementat tryCatch ( &amp#27;[3/usr9m&amp#27;[3/lo1m500&amp#27;ca[39m &amp#27;l/[9li0mb/23 ms - node_modul164&amp#27;[39esm
/a&amp#27;[3ppi5m[HTum/noTP]&amp#27;[3de_modu9m les/babel-runtim&amp#27;[90m&amp#27;[39m
e/regenerator/runtime.js:67:40)
&amp#27;[35m[MJSONWP]&amp#27;[39m     at GeneratorFunctionPrototype.invoke [as _invoke] (/usr/local/lib/node_modules/appium/node_modules/babel-runtime/regenerator/runtime.js:315:22)
&amp#27;[35m[MJSONWP]&amp#27;[39m     at GeneratorFunctionPrototype.prototype.(anonymous function) [as throw] (/usr/local/lib/node_modules/appium/node_modules/babel-&amp#27;[runt35imm[HTe/TPrege]&amp#27;[39m &amp#27;[37m-->&amp#27;[39m &amp#27;[37mPOnerator/runtime.js:100:21ST)
&amp#27;[35m[M&amp#27;[JSON39m &amp#27;[37m/wWP]&amp#27;[39m   d/hub/sessi  on/at GeneratorFunctionP6cro033to50type.i2-fd88-47nvoke (/usr22/loc-8al/lib/nodb5e_modules/appib-92e91949d16um1/element&amp#27;[39m
/n&amp#27;[35m[ode_modHTTPul]&amp#27;es/ba[39m &amp#27;[90m{"using":"bel-runid","vtime/alregenerator/rue":"comun.Stime.jlacks::id/next_13butt6:37)
on_url_entry"}&amp#27;[39m
[debug] &amp#27;[35m[W3C]&amp#27;[39m Calling AppiumDriver.findElement() with args: ["id","com.Slack:id/next_button_url_entry","6c033502-fd88-4722-8b5b-92e91949d161"]
[debug] &amp#27;[35m[BaseDriver]&amp#27;[39m Valid locator strategies for this request: xpath, id, class name, accessibility id, -android uiautomator
[debug] &amp#27;[35m[BaseDriver]&amp#27;[39m Waiting up to 0 ms for condition
[debug] &amp#27;[35m[JSONWP Proxy]&amp#27;[39m Matched '/element' to command name 'findElement'
[debug] &amp#27;[35m[JSONWP Proxy]&amp#27;[39m Proxying [POST /element] to [POST http://localhost:8201/wd/hub/session/5a27c767-9791-4751-872d-2ed612cd606d/element] with body: {"strategy":"id","selector":"com.Slack:id/next_button_url_entry","context":"","multiple":false}
[debug] &amp#27;[35m[MJSONWP]&amp#27;[39m Matched JSONWP error code 7 to NoSuchElementError
&amp#27;[35m[MJSONWP]&amp#27;[39m Encountered internal error running command: NoSuchElementError: An element could not be located on the page using the given search parameters.
&amp#27;[35m[MJSONWP]&amp#27;[39m     at AndroidUiautomator2Driver.callee$0$0$ (/usr/local/lib/node_modules/a&amp#27;[35m[HTTPppium/no]&amp#27;[39de_modules/appium-andrm oid-dri&amp#27;[ver/lib/comma37m<nd-- Ps/find.jOs:75:11)
ST&amp#27; /wd/h[35m[MJSONWub/P]&amp#27;[39m  session/6c   at03 tryCatch3502- (/usr/lfdocal/lib/node88-4_modules/ap722-8b5b-92epium/node_modules/babel-runtime/re91generato94r/9d161/erunletimment e.js:6&amp#27;[7:40)39
&amp#27;m&amp#27;[3[31m55m[MJSONWP]&amp#27;[300&amp#27;[39m 9m&amp#27;[90m   47  at Gen mes - 164ratorFunct&amp#27;i[39m
onPrototype.i&amp#27;[3nvoke [as _in5m[voke] (/usr/locHTTal/lib/node_moP]dules/appium/node&amp#27;[39m_modules/babel-runt &amp#27;[90m&amp#27;[39m
ime/regenerator/runtime.js:315:22)
&amp#27;[35m[MJSONWP]&amp#27;[39m   &amp#27;[35m[HTTP]&amp#27;[39m &amp#27;[37m-->&amp#27;[39m &amp#27;[37 mPOST&amp#27;[39m  at GeneratorFunctionPrototype.prototype.(anonymous function) [as throw] (/usr/local/lib/no&amp#27;[37m/wd/hub/session/6c033502-fd88-4722-8b5b-92e91949d16de_modules/appium/n1/element&amp#27;[39m
o&amp#27;[35m[HTTP]&amp#27;[39de_mm &amp#27;[90m{"using":"idodules/babe","value":"coml-runtime/regene.Slack:id/next_button_urrl_entry"}&amp#27;[39m
[debug] &amp#27;[3ator5m[/runtime.js:10W3C]&amp#27;0:21)[39m 
&amp#27;[3Ca5m[llMJSONWP]&amp#27;[3in9m     at Generg AatppiorumDrFunctionProtivotype.invoke (/usr/localer.findE/lleibme/node_mnt() wodith arulgs: ["id","coes/appium/nodm.Slace_modulk:es/baid/next_button_url_entry","6c033502-fd88-4722-8bbel-ru5b-92e9ntim1949d161e/"]
[debreug] &amp#27;[35m[Bagenerator/runtimseDrive.er]&amp#27;[39mjs:13 Valid6:37)
 locator strategies for this request: xpath, id, class name, accessibility id, -android uiautomator
[debug] &amp#27;[35m[BaseDriver]&amp#27;[39m Waiting up to 0 ms for condition
[debug] &amp#27;[35m[JSONWP Proxy]&amp#27;[39m Matched '/element' to command name 'findElement'
[debug] &amp#27;[35m[JSONWP Proxy]&amp#27;[39m Proxying [POST /element] to [POST http://localhost:8201/wd/hub/session/5a27c767-9791-4751-872d-2ed612cd606d/element] with body: {"strategy":"id","selector":"com.Slack:id/next_button_url_entry","context":"","multiple":false}
[debug] &amp#27;[35m[MJSONWP]&amp#27;[39m Matched JSONWP error code 7 to NoSuchElementError
&amp#27;[35m[MJSONWP]&amp#27;[39m Encountered internal error running command: NoSuchElementError: An element could not be located on the page using the given search parameters.
&amp#27;[35m[MJSONWP]&amp#27;[39m     at AndroidUiautomator2Driver.callee$0$0$ (/usr/local/lib/node_modules/appium/node_modules/appium-android-drive&amp#27;[r/lib/35m[coHTTP]&amp#27;[mm39m an&amp#27;[37m<-- POST /wd/hubds/sess/find.ion/6cjs03:75:11)
&amp#27;[33502-fd88-4722-8b5b-92e5m[MJSONWP91949d]&amp#27;[39m  16   a1/t eltrement &amp#27;yCatc[39m&amp#27;[h (/usr/local/li31b/m500&amp#27;no[39m de&amp#27;[_mo90mdules/appi26 ms um/- node164&amp#27;[39m
_mo&amp#27;[3dules/babel-r5m[HTTPu]&amp#27;[39m &amp#27;[90m&amp#27;[39m
ntime/regenerator/runtime.js:67:40)
&amp#27;[35m[MJSONWP]&amp#27;[39m     at GeneratorFunctionPrototype.invoke [as _invoke] (/usr/local/lib/node_modules/appium/node_modules/babel-runtime/regenerator/r&amp#27;[35m[HTTP]&amp#27;[39m &amp#27;[37m-->&amp#27;[39m &amp#27;[37mPOST&amp#27;[39m &amp#27;[37m/wd/hub/session/6c033502-fd88-4722-8b5b-92e91949d161/elemuntime.js:315:22)
&amp#27;[35m[MJSONWP]&amp#27;[39m     at GeneratorFunctionPrototype.prototype.(anonymous function) [as throw] (/usr/local/lib/node_modules/appium/node_modules/babel-runtime/regenerator/runtime.js:100:21)
&amp#27;[35m[MJSONWP]&amp#27;[39m     at GeneratorFunctionPrototype.invoke (/entusr/l&amp#27;[39m
&amp#27;[35m[HTTP]&amp#27;[39m &amp#27;[oca90m{"using":"id","value":"com.Slack:id/next_button_url_entry"}&amp#27;[39m
[debug] &amp#27;[35m[W3C]&amp#27;[39m Calling AppiumDriver.findElement() with args: ["id","com.Slack:id/next_button_url_entry","6c033502-fd88-4722-8b5b-92e91949d161"]
[debug] &amp#27;[35m[BaseDriver]&amp#27;[39ml/lib/nod Valid locator e_modulesst/appium/node_mraodules/babel-runtime/regenerator/runtime.js:136tegies for this request: xpath, id, :37)
class name, accessibility id, -android uiautomator
[debug] &amp#27;[35m[BaseDriver]&amp#27;[39m Waiting up to 0 ms for condition
[debug] &amp#27;[35m[JSONWP Proxy]&amp#27;[39m Matched '/element' to command name 'findElement'
[debug] &amp#27;[35m[JSONWP Proxy]&amp#27;[39m Proxying [POST /element] to [POST http://localhost:8201/wd/hub/session/5a27c767-9791-4751-872d-2ed612cd606d/element] with body: {"strategy":"id","selector":"com.Slack:id/next_button_url_entry","context":"","multiple":false}
[debug] &amp#27;[35m[MJSONWP]&amp#27;[39m Matched JSONWP error code 7 to NoSuchElementError
&amp#27;[35m[MJSONWP]&amp#27;[39m Encountered internal error running command: NoSuchElementError: An element could not be located on the page using the given search parameters.
&amp#27;[35m[MJSONWP]&amp#27;[39m     at AndroidUiautomator2Driver.callee$0$0$ (/usr/local/lib/node_modul&amp#27;[es/appium/n35m[HTTP]&amp#27;o[de_modules/appium39m-android-dr &amp#27;iver/lib[37m<-/co- POSmmands/find.js:7T /wd/hub/session/65:11c033)
50&amp#27;[35m[MJ2-fd88-4SONWP722-8b5b]&amp#27;[39m     at tryCa-92e91949dtc16h (/us1/r/local/lib/node_modules/element &amp#27;[39appium/node_modm&amp#27;[31mule500&amp#27;[39ms/b &amp#27;[9ab0m28 ms -el-r 164&amp#27;[39m
u&amp#27;[3ntim5me/re[HTTP]&amp#27;[39generm ator/r&amp#27;[90m&amp#27;[unti39me.js:67:4m
0)
&amp#27;[35m[MJSONWP]&amp#27;[39m     at GeneratorFunctionPrototype.invoke [as _invoke] (/usr/local/lib/node_modules/appium/node_modules/babel-runtime/regenerator/runtime.js:315:22)
&amp#27;[35m[MJSONWP]&amp#27;[39m     at GeneratorFunctionPrototype.&amp#27;[35m[HTTP]&amp#27;[pr39m &amp#27;[37m-->&amp#27;ototype.(anonymous function) [as throw] (/usr/local/lib/node_mo[39m &amp#27;[37mPOST&amp#27;[39m &amp#27;[37m/wd/hub/session/6c033502-fd88-4722-8b5b-92e91949d1dules/appium/node_modules/babel-61/element&amp#27;[39m
&amp#27;runti[35m[HTTP]&amp#27;[me/regene39mrator/runtime.js:100:21)
&amp#27;[ &amp#27;[90m{"using":"35m[Mid","valuJSONWP]&amp#27;[3e":9m     "catom.Slac Gk:id/next_buenertton_uatorl_entry"}&amp#27;[39m
[deburFung] &amp#27;[ctionPrototype.i35m[nW3C]voke (/u&amp#27;[39m Callinsr/log Appcal/lib/iumDnode_modules/riveapr.findElement() with argsp: ["iium/d"no,"de_modules/babel-runtime/regenerator/runtime.js:136:37)
com.Slack:id/next_button_url_entry","6c033502-fd88-4722-8b5b-92e91949d161"]
[debug] &amp#27;[35m[BaseDriver]&amp#27;[39m Valid locator strategies for this request: xpath, id, class name, accessibility id, -android uiautomator
[debug] &amp#27;[35m[BaseDriver]&amp#27;[39m Waiting up to 0 ms for condition
[debug] &amp#27;[35m[JSONWP Proxy]&amp#27;[39m Matched '/element' to command name 'findElement'
[debug] &amp#27;[35m[JSONWP Proxy]&amp#27;[39m Proxying [POST /element] to [POST http://localhost:8201/wd/hub/session/5a27c767-9791-4751-872d-2ed612cd606d/element] with body: {"strategy":"id","selector":"com.Slack:id/next_button_url_entry","context":"","multiple":false}
[debug] &amp#27;[35m[MJSONWP]&amp#27;[39m Matched JSONWP error code 7 to NoSuchElementError
&amp#27;[35m[MJSONWP]&amp#27;[39m Encountered internal error running command: NoSuchElementError: An element could not be located on the page using the given search parameters.
&amp#27;[35m[MJSONWP]&amp#27;[39m     at AndroidUiautomator2Driver.callee$0$0$ (/usr/local/lib/node_modules/appium/node_modules/ap&amp#27;[35m[piumHTT-anP]&amp#27;dro[39m &amp#27;[37m<-- POST /wd/hub/session/6c033502-fd88-47id-driver/l22ib-8b5b-92e9/commands/find.1949d161/element &amp#27;[39mjs:75&amp#27;[31m500&amp#27;[:1139m )
&amp#27;[3&amp#27;[905m[MJSONWP]&amp#27;[3m35 m9ms -    164  at tryCa&amp#27;[3tch (/usr/local9m/l
ib/n&amp#27;[3ode_5m[HmodulesTTP]&amp#27;[39m &amp#27;[90m&amp#27;[39m/a
ppium/node_modules/babel-runtime/regenerator/runtime.js:67:40)
&amp#27;[35m[MJSONWP]&amp#27;[39m     at GeneratorFunctionPrototype.invoke [as _invoke] (/usr/local/lib/node_modules/appium/node_modules/babel-runtime/regenerator/runtime.js:315:22)
&amp#27;[35m[MJSONWP]&amp#27;[39m     at GeneratorFunctionPrototype.prototype.(anonymous function) [as throw] (/usr/local/lib/node_modules/appium/node_modules/babel-runtime/regenerator/run&amp#27;[ti35me.m[HTjsTP]&amp#27;:10[30:219m)
&amp#27;[35m[MJSO &amp#27;[37NWP]m-->&amp#27;[39m &amp#27;[37mPOST&amp#27;[39m &amp#27;[37m/wd/hub/session/6c033502-fd88-4722-8b5b-92e9194&amp#27;[9d161/element&amp#27;[339m9m
     at G&amp#27;ener[35matorFun[HTTP]&amp#27;ctionPrototype.[39m &amp#27;[90m{"using":"id","value":"com.Slack:id/neinvoke (/usr/local/lxt_ib/node_modubutton_url_entlery"}&amp#27;[39m
[debugs/] ap&amp#27;[35m[W3C]&amp#27;pium/[3no9m de_Calling Appimoumdules/babel-runtime/rDriegever.fnerator/runintime.js:136:dElement() with37)
 args: ["id","com.Slack:id/next_button_url_entry","6c033502-fd88-4722-8b5b-92e91949d161"]
[debug] &amp#27;[35m[BaseDriver]&amp#27;[39m Valid locator strategies for this request: xpath, id, class name, accessibility id, -android uiautomator
[debug] &amp#27;[35m[BaseDriver]&amp#27;[39m Waiting up to 0 ms for condition
[debug] &amp#27;[35m[JSONWP Proxy]&amp#27;[39m Matched '/element' to command name 'findElement'
[debug] &amp#27;[35m[JSONWP Proxy]&amp#27;[39m Proxying [POST /element] to [POST http://localhost:8201/wd/hub/session/5a27c767-9791-4751-872d-2ed612cd606d/element] with body: {"strategy":"id","selector":"com.Slack:id/next_button_url_entry","context":"","multiple":false}
[debug] &amp#27;[35m[MJSONWP]&amp#27;[39m Matched JSONWP error code 7 to NoSuchElementError
&amp#27;[35m[MJSONWP]&amp#27;[39m Encountered internal error running command: NoSuchElementError: An element could not be located on the page using the given search parameters.
&amp#27;[35m[MJSONWP]&amp#27;[39m     at AndroidUiautomator2Driver.callee$0$0$ (/usr/local/lib/node_modules/&amp#27;[35m[HTTappiP]&amp#27;um/node_modul[39m es/appium-and&amp#27;[37m<-- POroST /wd/hub/id-driver/session/lib/commands/f6c033502-fdin88-4d.722js:-875b5:11)
b-&amp#27;[35m[MJSO92NWP]&amp#27;e91949d1[3619m/ele  me   at tryCant &amp#27;[39tch (/m&amp#27;[31usr/localm500&amp#27;[3/lib/no9m &amp#27;[90m24 ms de- _m16od4&amp#27;[39ulesm
&amp#27;/appiu[35m[HTTP]&amp#27;[3m/node_module9m &amp#27;[90m&amp#27;[39m
s/babel-runtime/regenerator/runtime.js:67:40)
&amp#27;[35m[MJSONWP]&amp#27;[39m     at GeneratorFunctionPrototype.invoke [as _invoke] (/usr/local/lib/node_modules/appium/node_modules/babel-runtime/regenerator/runtime.js:315:22)
&amp#27;[35m[MJSO&amp#27;[NWP]35m&amp#27;[39m    [HTT at GeneP]&amp#27;[39ratom rF&amp#27;[37m-->&amp#27;[39m &amp#27;[37mPOST&amp#27;[39muncti &amp#27;onPro[3to7m/wd/hub/tysepe.prototypssioe.n/(anonymous fun6c033502-fctiod88-4722-8b5b-92n)e91 [as throw] (/usr/local/li949d161/element&amp#27;[39m
b/nod&amp#27;[e_modu35m[HTTP]&amp#27;[39m &amp#27;les/appium/node_modules/babel[90m{"using":"id-runtime/regenerator/run","value":"com.Slack:time.js:100:21)
&amp#27;[35m[MJid/neSONWP]&amp#27;[39m  xt_button_   at GeneratorFunctionPrototype.invoke (/usr/local/lib/node_modules/appium/node_modules/babel-runtime/regenerator/runtime.js:136:37)
url_entry"}&amp#27;[39m
[debug] &amp#27;[35m[W3C]&amp#27;[39m Calling AppiumDriver.findElement() with args: ["id","com.Slack:id/next_button_url_entry","6c033502-fd88-4722-8b5b-92e91949d161"]
[debug] &amp#27;[35m[BaseDriver]&amp#27;[39m Valid locator strategies for this request: xpath, id, class name, accessibility id, -android uiautomator
[debug] &amp#27;[35m[BaseDriver]&amp#27;[39m Waiting up to 0 ms for condition
[debug] &amp#27;[35m[JSONWP Proxy]&amp#27;[39m Matched '/element' to command name 'findElement'
[debug] &amp#27;[35m[JSONWP Proxy]&amp#27;[39m Proxying [POST /element] to [POST http://localhost:8201/wd/hub/session/5a27c767-9791-4751-872d-2ed612cd606d/element] with body: {"strategy":"id","selector":"com.Slack:id/next_button_url_entry","context":"","multiple":false}
[debug] &amp#27;[35m[MJSONWP]&amp#27;[39m Matched JSONWP error code 7 to NoSuchElementError
&amp#27;[35m[MJSONWP]&amp#27;[39m Encountered internal error running command: NoSuchElementError: An element could not be located on the page using the given search parameters.
&amp#27;[35m[MJSONWP]&amp#27;[39m     at AndroidUiautomator2Driver.callee$0$0$&amp#27;[3 (/usr/5m[HlocalTTP]/lib/n&amp#27;[39m &amp#27;[od37me_mod<-- POST /wd/hubules/appium/node_modu/slesession/6c033/a50ppium-and2-fd8roid8-4-dr72iv2-8b5er/lib/commandsb-92e9194/find.j9d161/es:75:11)lement &amp#27;[39m&amp#27;[
&amp#27;31m[3505m0&amp#27;[MJSONW[3P]&amp#27;[399mm  &amp#27;[90m28    m at s -tryCa 1tc64&amp#27;[3h (9m/u
sr/l&amp#27;[oc35m[Hal/lib/nTTP]&amp#27;[ode_modules39/am ppium/nod&amp#27;[9e_modules0m&amp#27;[39/babel-runtime/regeneram
tor/runtime.js:67:40)
&amp#27;[35m[MJSONWP]&amp#27;[39m     at GeneratorFunctionPrototype.invoke [as _invoke] (/usr/local/lib/node_modules/appium/node_modules/babel-runtime/regenerator/runtime.js:315:22)
&amp#27;[35m[MJSONWP]&amp#27;[39m     at GeneratorFunctionPrototype.prototype.(anonymous function) [as throw] (/usr/local/lib/n&amp#27;[35m[HTTP]&amp#27;[39m &amp#27;ode_module[37m-->&amp#27;[39m &amp#27;s/[37mPOSTap&amp#27;[pium/nod39m e_modules/babel-runtime/regenerator&amp#27;[37m/wd/hub/session/6c033502-fd88-47/runtime.js:100:21)
&amp#27;[35m[MJSONWP]&amp#27;[39m     at Generat22-8b5b-92e91949d161/element&amp#27;[39m
&amp#27;[35m[HTTP]&amp#27;[39m &amp#27;[90m{"using":"id","value":"com.SlorFunctionPrototype.inacvoke k:id/n(/uextsr/lo_butcalton_url_entry"}/l&amp#27;[3ib9m
[d/noebug] &amp#27;[35m[W3C]&amp#27;[39de_modules/appium/node_modules/babel-runtimm Calling Ae/ppiumDriverer.fgeneratindElement(or/runti) wme.itjs:h args: ["13id6:37)
","com.Slack:id/next_button_url_entry","6c033502-fd88-4722-8b5b-92e91949d161"]
[debug] &amp#27;[35m[BaseDriver]&amp#27;[39m Valid locator strategies for this request: xpath, id, class name, accessibility id, -android uiautomator
[debug] &amp#27;[35m[BaseDriver]&amp#27;[39m Waiting up to 0 ms for condition
[debug] &amp#27;[35m[JSONWP Proxy]&amp#27;[39m Matched '/element' to command name 'findElement'
[debug] &amp#27;[35m[JSONWP Proxy]&amp#27;[39m Proxying [POST /element] to [POST http://localhost:8201/wd/hub/session/5a27c767-9791-4751-872d-2ed612cd606d/element] with body: {"strategy":"id","selector":"com.Slack:id/next_button_url_entry","context":"","multiple":false}
[debug] &amp#27;[35m[MJSONWP]&amp#27;[39m Matched JSONWP error code 7 to NoSuchElementError
&amp#27;[35m[MJSONWP]&amp#27;[39m Encountered internal error running command: NoSuchElementError: An element could not be located on the page using the given sea&amp#27;[35mrch pa[HrameTTP]&amp#27;[te39m &amp#27;rs.[37m<-- P
O&amp#27;[35m[MSTJSONW /wd/hub/sessioP]n/6c0&amp#27;[3350392-fd8m     at And8-4722-8b5b-92e91949d1roidUiaut61/elemomaentor2Dt &amp#27;[3river.callee$09m$0&amp#27;[3$ 1(/um5sr/loca00&amp#27;[39m &amp#27;[90m24 ms -l/ 1li64&amp#27;[39mb/no
d&amp#27;[e_mo35m[duHTTP]&amp#27;[39les/am &amp#27;[90m&amp#27;[pp39ium
m/node_modules/appium-android-driver/lib/commands/find.js:75:11)
&amp#27;[35m[MJSONWP]&amp#27;[39m     at tryCatch (/usr/local/lib/node_modules/appium/node_modules/babel-runtime/regenerator/runtime.js:67:40)
&amp#27;[35m[MJSONWP]&amp#27;[39m     at GeneratorFunctionPrototype.invoke [as _invoke] (/usr/local/lib/node_modules/appium/node_modules/babel-runtime/regenerator/&amp#27;[35m[HTTP]&amp#27;[39m &amp#27;[3runt7mime.js:315:22-->)
&amp#27;[35m[MJSONWP]&amp#27;[39&amp#27;[m    39 atm  Gene&amp#27;[37mraPOtorFuST&amp#27;[39m &amp#27;[37m/nctwd/ionPrototyhub/sessiope.prototyn/6c033502-fd8pe.(an8-4722-8b5b-92e9194on9d161/ymelement&amp#27;[39m
o&amp#27;[us35 fm[HTTP]&amp#27;[3unction) [a9ms t &amp#27;[9hrow] 0m{"usi(/usng":"ir/locd",al/lib/"value":"nocom.Slack:idde_mo/ndules/appiexum/nt_button_ode_urlmodules_entry"}/babel-&amp#27;[ru39mntime/
[regdeenerbuator/runtig] &amp#27;[3me.js:100:21)
&amp#27;[5m[W335mC]&amp#27;[39m Calling AppiumDri[MJSONWver.findElemenP]t() with &amp#27;[39m     at GeneratoargrFunctionPrototype.invoke (/us: ["id","com.Slack:isr/d/next_bulocal/lib/ttonnode_mod_urlul_entres/appiuy","m/6c03node_mo3502-fd88-4722-du8b5ble-92es91949d161/b"]
[dabel-rebuguntime] /reg&amp#27;[35me[BaseDriver]n&amp#27;[39m Valid eratlocator sor/runtitrateme.js:136gies for this request: xpath, id:37)
, class name, accessibility id, -android uiautomator
[debug] &amp#27;[35m[BaseDriver]&amp#27;[39m Waiting up to 0 ms for condition
[debug] &amp#27;[35m[JSONWP Proxy]&amp#27;[39m Matched '/element' to command name 'findElement'
[debug] &amp#27;[35m[JSONWP Proxy]&amp#27;[39m Proxying [POST /element] to [POST http://localhost:8201/wd/hub/session/5a27c767-9791-4751-872d-2ed612cd606d/element] with body: {"strategy":"id","selector":"com.Slack:id/next_button_url_entry","context":"","multiple":false}
[debug] &amp#27;[35m[MJSONWP]&amp#27;[39m Matched JSONWP error code 7 to NoSuchElementError
&amp#27;[35m[MJSONWP]&amp#27;[39m Encountered internal error running command: NoSuchElementError: An element could not be located on the page using the given search parameters.
&amp#27;[35m[MJSONWP]&amp#27;[39m     at AndroidUiautomator2Driver.callee$0$0$ (/usr/local/lib/node_&amp#27;mo[35dules/appium/node_mm[HTodules/appium-android-driver/lTP]&amp#27;[39m ib/c&amp#27;[37mo<-- mmands/findPOST /wd/hub/ses.js:75:11)
&amp#27;[35m[MsiJSONWP]on/&amp#27;[36c033502-9m     at tryCfd88-47atch (/22-8b5busr/local/lib/node_modules/appium/node_m-92eodules/babel-runtim9e19/rege49dnerator/runtime.js:6176:40)
&amp#27;[31/ele5mment &amp#27;[MJSONWP]&amp#27;[39m     at GeneratorFunctionPrototype.invoke [as _invoke] (/usr/local/lib/node_[39m&amp#27;[31m5modules/appi00&amp#27;[39m &amp#27;[90m24um/n ms ode- 1_modules/b64&amp#27;[39m
abel-r&amp#27;[35m[HuntiTTmeP]&amp#27;[3/reg9men &amp#27;erator/runtime.js:3[90m&amp#27;[15:22)39m

&amp#27;[35m[HTTP]&amp#27;&amp#27;[[335m[M9m &amp#27;[3JS7m-->&amp#27;[39m &amp#27;[ONWP]37&amp#27;[39mPOm ST  &amp#27;[  a39m t Generat&amp#27;[37m/orwdFu/hub/ncsession/6cti03350onPrototy2-pe.fd88-4722pr-8b5b-ot92otye9pe.(an1949d1onymo61us /element&amp#27;[3fun9m
&amp#27;[35ctim[on) [as throw] (/usHTTr/locaP]&amp#27;[39m &amp#27;[90m{"using":"id","value":"com.Slalck:id/lib/node_/nmoext_button_urdules/appiul_m/ennodetry"}_modu&amp#27;[l39es/m
[debubabel-rug]nti &amp#27;[3me5m[W3C]&amp#27;[39m/r Calling AppiumDriver.findElegeneraemetornt() with /ruanrgs: [time.js:100:21)
&amp#27;["id"35,"com.Sm[MJSlack:ONWP]&amp#27;[39m    id/next_ at Generabuttorton_url_entryFunctionPr","6c033502-fd88-47ototype22-8b5b-92.invoke (/usre91949d161"]/l
[ocalde/lib/nodebu_modules/appium/node_modules/babeg] &amp#27;[35ml-r[unBaseDtirivemer]/re&amp#27;[39m Vgenealid locator strategiesrator/r funtimore.js:1 this36 :37)
request: xpath, id, class name, accessibility id, -android uiautomator
[debug] &amp#27;[35m[BaseDriver]&amp#27;[39m Waiting up to 0 ms for condition
[debug] &amp#27;[35m[JSONWP Proxy]&amp#27;[39m Matched '/element' to command name 'findElement'
[debug] &amp#27;[35m[JSONWP Proxy]&amp#27;[39m Proxying [POST /element] to [POST http://localhost:8201/wd/hub/session/5a27c767-9791-4751-872d-2ed612cd606d/element] with body: {"strategy":"id","selector":"com.Slack:id/next_button_url_entry","context":"","multiple":false}
[debug] &amp#27;[35m[MJSONWP]&amp#27;[39m Matched JSONWP error code 7 to NoSuchElementError
&amp#27;[35m[MJSONWP]&amp#27;[39m Encountered internal error running command: NoSuchElementError: An element could not be located on the page using the given search parameters.
&amp#27;[35m[MJSONWP]&amp#27;[39m     at AndroidU&amp#27;[35m[HTTP]&amp#27;[39m &amp#27;[37m<iautoma--tor2Driver. POScallT /wd/hueeb/ses$0$0$ (/siusron/6/lc0ocal/l33502-ibfd88-47/nod22e_-8b5bmodu-9les/ap2e91949d1pium61/el/node_moemendut les/ap&amp#27;[pium-android-driver/lib/39m&amp#27;[31mco500&amp#27;[39mmm an&amp#27;[90m24 ms - 164&amp#27;[39m
&amp#27;[35m[HTTP]&amp#27;[39m &amp#27;[90m&amp#27;d[39m
s/find.js:75:11)
&amp#27;[35m[MJSONWP]&amp#27;[39m     at tryCatch (/usr/local/lib/node_modules/appium/node_modules/babel-runtime/regenerator/runtime.js:67:40)
&amp#27;[35m[MJSONWP]&amp#27;[39m     at GeneratorFunctionPrototype.invoke [as _invoke] (/usr/local/lib/node_modules/appium/node_modules/babel-runtime/regenerator/runtime.js:315:22)
&amp#27;[35m[MJSONWP]&amp#27;[39m     at GeneratorFunctionPrototype.prototype.(anonymous function) [as throw] (/usr/local/lib/node_modules/appium/node_modules/babel-runtime/regenerator/runtime.js:100:21)
&amp#27;[35m[&amp#27;[MJS35m[HTTP]ON&amp#27;[WP]39m &amp#27;&amp#27;[39m[3  7m--  >&amp#27;[39m &amp#27; a[37mPOST&amp#27;[39m &amp#27;[37t m/GewdneratorFu/hubnctionProtot/session/ype.6cin033502-voke (fd8/u8-sr472/loc2-8b5b-92ale919/l49dib/node161/elem_menodulest&amp#27;[3/appi9m
u&amp#27;[m/35m[HTTP]&amp#27;[3no9m &amp#27;[90dem{"usi_modulengs/":ba"ibel-runtime/rd","egeneratovalr/runtimeue.js:13":6:37)
"com.Slack:id/next_button_url_entry"}&amp#27;[39m
[debug] &amp#27;[35m[W3C]&amp#27;[39m Calling AppiumDriver.findElement() with args: ["id","com.Slack:id/next_button_url_entry","6c033502-fd88-4722-8b5b-92e91949d161"]
[debug] &amp#27;[35m[BaseDriver]&amp#27;[39m Valid locator strategies for this request: xpath, id, class name, accessibility id, -android uiautomator
[debug] &amp#27;[35m[BaseDriver]&amp#27;[39m Waiting up to 0 ms for condition
[debug] &amp#27;[35m[JSONWP Proxy]&amp#27;[39m Matched '/element' to command name 'findElement'
[debug] &amp#27;[35m[JSONWP Proxy]&amp#27;[39m Proxying [POST /element] to [POST http://localhost:8201/wd/hub/session/5a27c767-9791-4751-872d-2ed612cd606d/element] with body: {"strategy":"id","selector":"com.Slack:id/next_button_url_entry","context":"","multiple":false}
[debug] &amp#27;[35m[MJSONWP]&amp#27;[39m Matched JSONWP error code 7 to NoSuchElementError
&amp#27;[35m[MJSONWP]&amp#27;[39m Encountered internal error running command: NoSuchElementError: An element could not be located on the page using the given search parameters.
&amp#27;[35m[MJSONWP]&amp#27;[39m     at AndroidUiautomator2Driver.call&amp#27;ee[35m[H$0$0$ TT(/usP]&amp#27;[39m &amp#27;[37m<-r/lo- POST /wd/hub/sessicaon/l/lib/node_modules6c033/appium/n502-fd88-4722-8ode_modulesb5b-92/appium-e91949d161/element &amp#27;android-dr[3iv9m&amp#27;[31er/lib/m500&amp#27;com[39m &amp#27;[90m25 mmands/find.js:75:11)
s - 1&amp#27;[64&amp#27;[39m
35m[MJS&amp#27;[35m[ONWPHTTP]&amp#27;]&amp#27;[39m[39m   &amp#27;   [9at 0m&amp#27;[3tryCatch9m
 (/usr/local/lib/node_modules/appium/node_modules/babel-runtime/regenerator/runtime.js:67:40)
&amp#27;[35m[MJSONWP]&amp#27;[39m     at GeneratorFunctionPrototype.invoke [as _invoke] (/usr/local/lib/node_modules/appium/node_modules/babel-runtime/regene&amp#27;[rat35orm[HTTP/runt]&amp#27;im[39m &amp#27;[37e.js:m-315:22)
&amp#27;[->35&amp#27;[m[39m &amp#27;[3MJ7mPOSTSONWP]&amp#27;[39m   &amp#27;[39m &amp#27;  a[37m/wd/t Gehub/sneession/6ratorFc03un3502ct-fionPd88-4ro722-8b5b-92tote91949d161/elemype.prent&amp#27;oto[3type.9m
(anony&amp#27;[3mous func5m[HTTPtio]&amp#27;[3n)9m &amp#27;[ [as90m{ t"ushroing":"iw] d","(/uvasrlue":"com.Slack/loc:id/next_buttal/lib/node_on_url_entry"}mod&amp#27;[39m
[debug] &amp#27;[35m[W3C]ules/a&amp#27;[pp39m Callinium/node_modules/babel-runtimg Appe/iumDriver.findElement() with args: ["id","com.Slack:id/next_button_uregeneratorrl_entry","/runtime.js:100:26c1)
&amp#27;[35m[MJSONWP]&amp#27;[39m     at 033Ge502-fd88-472neratorFunct2-8b5b-92e9ionPrototype.in1949d161"]
[voke (/usr/debug] local/lib/n&amp#27;[35m[BaseDriver]&amp#27;[39m Valid locator strategies for this request: xpaode_modulth,es id, class name, accessibility id, -android uiautomator
[de/appium/nodebug] &amp#27;[35m[BaseDriver]&amp#27;[39m Waiting up to 0 ms for condition
_mod[uldebug] &amp#27;[es/babel-runtime/r35m[JSONWP Proxy]&amp#27;[39m Matcheegenerator/runtime.js:136:37)
d '/element' to command name 'findElement'
[debug] &amp#27;[35m[JSONWP Proxy]&amp#27;[39m Proxying [POST /element] to [POST http://localhost:8201/wd/hub/session/5a27c767-9791-4751-872d-2ed612cd606d/element] with body: {"strategy":"id","selector":"com.Slack:id/next_button_url_entry","context":"","multiple":false}
[debug] &amp#27;[35m[MJSONWP]&amp#27;[39m Matched JSONWP error code 7 to NoSuchElementError
&amp#27;[35m[MJSONWP]&amp#27;[39m Encountered internal error running command: NoSuchElementError: An element could not be located on the page using the given search parameters.
&amp#27;[35m[MJSONWP]&amp#27;[39m     at AndroidUiautomat&amp#27;[35m[HTTor2DriveP]&amp#27;[39m &amp#27;[37m<-- POSTr.callee$0$0$ (/usr/local/lib/node_modules/appi /wd/hum/node_moduub/session/6c033502-fd88-4722-8b5b-92e91949d161/element &amp#27;[39m&amp#27;[31m500&amp#27;[39m &amp#27;[90les/am31 msppium-android-driver/lib/commands/find.js:75:11)
&amp#27;[35m[MJSONWP]&amp#27;[39m     at tryCatch (/usr/local/lib/node_modules/appium/node_ -modules/b 164&amp#27;[39m
abe&amp#27;[35m[l-runtime/regenerator/HTrunTPtim]&amp#27;[39m &amp#27;[90m&amp#27;[39m
e.js:67:40)
&amp#27;[35m[MJSONWP]&amp#27;[39m     at GeneratorFunctionPrototype.invoke [as _invoke] (/usr/local/lib/node_modules/appium/node_modules/babel-runtime/regenerator/runtime.js:315:22)
&amp#27;[35m[MJSONWP]&amp#27;[39m     at GeneratorFunctionPrototype.prototype.(anonymou&amp#27;[35m[HTs funcTP]&amp#27;[39m tion) [as throw] (/usr/loc&amp#27;[37m-->&amp#27;[39m &amp#27;[37mPOST&amp#27;al/lib/node_modules/appium/node_modules/babel-runtime/re[39m &amp#27;genera[37m/wd/hub/session/6c033502-fd88-4722-8b5b-92e91949d161/element&amp#27;[39m
&amp#27;[35m[tor/runtime.js:100:HTTP]&amp#27;[39m &amp#27;[90m{"using"21)
&amp#27;:"[35mid"[MJSON,"value":"com.Slack:idWP]&amp#27;[39m     at GeneratorFunction/next_Prototype.invbutton_url_entryoke (/u"}&amp#27;[39m
[debug] &amp#27;[35m[W3C]sr/local/lib/node_modules/appium/nod&amp#27;[39m Calling AppiumDriver.findElemene_modulet() with args: ["id","com.Slack:id/next_button_url_entry","6c033502-fd88-4722-8bs/babel-runti5b-92e91949d161"]
[debug] &amp#27;[35m[BaseDrime/regenver]&amp#27;[39m Valid locaterator/runtimor strategies fe.js:136:37)
or this request: xpath, id, class name, accessibility id, -android uiautomator
[debug] &amp#27;[35m[BaseDriver]&amp#27;[39m Waiting up to 0 ms for condition
[debug] &amp#27;[35m[JSONWP Proxy]&amp#27;[39m Matched '/element' to command name 'findElement'
[debug] &amp#27;[35m[JSONWP Proxy]&amp#27;[39m Proxying [POST /element] to [POST http://localhost:8201/wd/hub/session/5a27c767-9791-4751-872d-2ed612cd606d/element] with body: {"strategy":"id","selector":"com.Slack:id/next_button_url_entry","context":"","multiple":false}
[debug] &amp#27;[35m[MJSONWP]&amp#27;[39m Matched JSONWP error code 7 to NoSuchElementError
&amp#27;[35m[MJSONWP]&amp#27;[39m Encountered internal error running command: NoSuchElementError: An element could not be located on the page using the given search parameters.
&amp#27;[35m[MJSONWP]&amp#27;[39m     at AndroidUiautomator2Driver.callee$0$0$ (/usr/local/lib/node_modules/appium/node_modules/appium-android-driver/lib/commands/find.js:75:11)
&amp#27;[35m[MJSON&amp#27;[35mWP]&amp#27;[39m     at tryCatch [HTTP]&amp#27;[39m &amp#27;(/usr/[3local/l7m<-ib/node_modules/appium/node_modules/- POST /wd/bahub/bel-seruntime/regenerator/runtime.js:67:40)
&amp#27;[35m[MJSONWP]&amp#27;[39m     at Generssation/6c03350orF2-fd8unctionPrototype.invoke8-4 [722-8bas _invo5b-92e91949ke] (d161/ele/usr/lment &amp#27;[39m&amp#27;oca[31l/m500&amp#27;[3lib/node_mod9m &amp#27;[ules/appium/node_modules/babel-runtime/regenerator/runtime.js:315:22)
&amp#27;[35m[MJSONWP]&amp#27;[39m     at GeneratorFunctionPrototype.proto90m3type.(0 mans onymou- 164&amp#27;[39ms 
f&amp#27;[35m[HTTPunction) ]&amp#27;[39m &amp#27;[90m&amp#27;[39m
[&amp#27;[as throw] (/usr/local/li35m[HTTP]&amp#27;[39m &amp#27;[37mb/-node_->&amp#27;[3mo9m &amp#27;[3dule7mPOs/appium/node_modules/babel-rST&amp#27;[untime/rege39neram tor/&amp#27;[37m/wd/huruntime.js:100:21b/)
sessio&amp#27;[35m[MJSn/ONWP6c033]&amp#27;[502-fd3988-4722-8m     b5b-9at G2een91949d161/elemeneratorFunct&amp#27;[39tim
on&amp#27;[Prot35m[HTotype.invoke (TP/usr/]&amp#27;[39m &amp#27;local[90m/lib/node_m{"usoding":"uleid","value":"coms/ap.Slackpium/node_module:id/next_s/buttonbabel-ru_url_entry"}&amp#27;ntime/regenerat[39m
or/runtime.js:136:37)
[debug] &amp#27;[35m[W3C]&amp#27;[39m Calling AppiumDriver.findElement() with args: ["id","com.Slack:id/next_button_url_entry","6c033502-fd88-4722-8b5b-92e91949d161"]
[debug] &amp#27;[35m[BaseDriver]&amp#27;[39m Valid locator strategies for this request: xpath, id, class name, accessibility id, -android uiautomator
[debug] &amp#27;[35m[BaseDriver]&amp#27;[39m Waiting up to 0 ms for condition
[debug] &amp#27;[35m[JSONWP Proxy]&amp#27;[39m Matched '/element' to command name 'findElement'
[debug] &amp#27;[35m[JSONWP Proxy]&amp#27;[39m Proxying [POST /element] to [POST http://localhost:8201/wd/hub/session/5a27c767-9791-4751-872d-2ed612cd606d/element] with body: {"strategy":"id","selector":"com.Slack:id/next_button_url_entry","context":"","multiple":false}
[debug] &amp#27;[35m[MJSONWP]&amp#27;[39m Matched JSONWP error code 7 to NoSuchElementErro&amp#27;[3r
5m[MJSONWP]&amp#27;[39m Encountered internal error running command: NoSuchElementError: An element could not be located on the page using the given search parameters.
&amp#27;[35m[MJSONWP]&amp#27;[39m     at AndroidUiautomator2Driver.callee$0$0$ (/usr/local/lib/node_modules/appium/node_m&amp#27;[3odules/appium-android-driver/lib/commands/find.js:75:115m)
&amp#27;[35m[MJS[HONWP]&amp#27;[39m     at tryCatch (/usr/local/lib/node_moduleTTP]&amp#27;[39m &amp#27;[37ms/appium/node_mo<-- dulesPO/bSabel-runtime/T regenerator/runtime.js:67:40)
&amp#27;[35/wm[MJSONWP]&amp#27;[39m     at GeneratorFunctionPrototype.invoke [as _invoke] (/usr/local/lib/node_modules/appium/node_modules/babel-d/hurub/sesntisime/regenerator/runtime.js:315:22)
&amp#27;[on/6c35m[MJSONWP]&amp#27;[39m     at GeneratorFu03350nc2-tifd88onP-roto4722-8b5b-92e91949dty16pe.prototype.(anonymous function) [as throw] (/usr/lo1/cal/elemenlib/node_modules/appium/node_modules/babet &amp#27;[39l-runtimem&amp#27;[31m/regenera50tor0&amp#27;/runtime.js:100:21)
&amp#27;[35m[MJSONWP]&amp#27;[39m     at GeneratorFunctionPrototype.invoke (/usr/local/lib/node_modules/appium/node_modules/babel-runtime/regenerator/runtime.js:136:37)
[39m &amp#27;[90m29 ms - 164&amp#27;[39m
&amp#27;[35m[HTTP]&amp#27;[39m &amp#27;[90m&amp#27;[39m
&amp#27;[35m[HTTP]&amp#27;[39m &amp#27;[37m-->&amp#27;[39m &amp#27;[37mPOST&amp#27;[39m &amp#27;[37m/wd/hub/session/6c033502-fd88-4722-8b5b-92e91949d161/element&amp#27;[39m
&amp#27;[35m[HTTP]&amp#27;[39m &amp#27;[90m{"using":"id","value":"com.Slack:id/next_button_url_entry"}&amp#27;[39m
[debug] &amp#27;[35m[W3C]&amp#27;[39m Calling AppiumDriver.findElement() with args: ["id","com.Slack:id/next_button_url_entry","6c033502-fd88-4722-8b5b-92e91949d161"]
[debug] &amp#27;[35m[BaseDriver]&amp#27;[39m Valid locator strategies for this request: xpath, id, class name, accessibility id, -android uiautomator
[debug] &amp#27;[35m[BaseDriver]&amp#27;[39m Waiting up to 0 ms for condition
[debug] &amp#27;[35m[JSONWP Proxy]&amp#27;[39m Matched '/element' to command name 'findElement'
[debug] &amp#27;[35m[JSONWP Proxy]&amp#27;[39m Proxying [POST /element] to [POST http://localhost:8201/wd/hub/session/5a27c767-9791-4751-872d-2ed612cd606d/element] with body: {"strategy":"id","selector":"com.Slack:id/next_button_url_entry","context":"","multiple":false}
[debug] &amp#27;[35m[MJSONWP]&amp#27;[39m Matched JSONWP error code 7 to NoSuchElementError
&amp#27;[35m[MJSONWP]&amp#27;[39m Encountered internal error running command: NoSuchElementError: An element could not be located on the page using the given search parameters.
&amp#27;[35m[MJSONWP]&amp#27;[39m     at AndroidUiautomator2Driver.callee$0$0$ (/usr/local/lib/node_modules/appium/node_modules/appium-android-driver&amp#27;/lib/commands/find.js:75:11)
&amp#27;[35m[3[M5m[HTJSONWP]&amp#27;[39m     TP]&amp#27;[3at tryCa9m &amp#27;[37m<-- POtch (/usr/local/lib/node_modules/appium/node_modules/babel-runtime/regenerator/runtime.js:67:40)
&amp#27;[35m[MJSONWP]&amp#27;[39m     at GeneratorFunctionPrototype.invoke [as _invoke] (/usr/local/lib/node_modules/appium/node_modules/babel-runtime/regenerator/runtime.js:315:22)
&amp#27;[35m[MJSONWP]&amp#27;[39m     at GeneST /wd/hub/session/6c03ra3502torFun-fctionPrd8ot8-otyp4722-8e.pb5b-92e91949rototype.d1(anony61mo/eleus fmeunctinton) [ &amp#27;[39mas&amp#27;[31m500&amp#27; thr[39m ow&amp#27;[] 90(/usm2r/local/lib/node_modules/appium/node_modules/babel-runtime/regenerator/runtime.js:100:21)
&amp#27;[35m[MJSONWP]&amp#27;[39m     at GeneratorFunctionPrototype.invoke (/usr/local/lib/node_modules/appium/node_modules/babel-runtime/regenerator/runtime.js:136:37)
9 ms - 164&amp#27;[39m
&amp#27;[35m[HTTP]&amp#27;[39m &amp#27;[90m&amp#27;[39m
&amp#27;[35m[HTTP]&amp#27;[39m &amp#27;[37m-->&amp#27;[39m &amp#27;[37mPOST&amp#27;[39m &amp#27;[37m/wd/hub/session/6c033502-fd88-4722-8b5b-92e91949d161/element&amp#27;[39m
&amp#27;[35m[HTTP]&amp#27;[39m &amp#27;[90m{"using":"id","value":"com.Slack:id/next_button_url_entry"}&amp#27;[39m
[debug] &amp#27;[35m[W3C]&amp#27;[39m Calling AppiumDriver.findElement() with args: ["id","com.Slack:id/next_button_url_entry","6c033502-fd88-4722-8b5b-92e91949d161"]
[debug] &amp#27;[35m[BaseDriver]&amp#27;[39m Valid locator strategies for this request: xpath, id, class name, accessibility id, -android uiautomator
[debug] &amp#27;[35m[BaseDriver]&amp#27;[39m Waiting up to 0 ms for condition
[debug] &amp#27;[35m[JSONWP Proxy]&amp#27;[39m Matched '/element' to command name 'findElement'
[debug] &amp#27;[35m[JSONWP Proxy]&amp#27;[39m Proxying [POST /element] to [POST http://localhost:8201/wd/hub/session/5a27c767-9791-4751-872d-2ed612cd606d/element] with body: {"strategy":"id","selector":"com.Slack:id/next_button_url_entry","context":"","multiple":false}
[debug] &amp#27;[35m[MJSONWP]&amp#27;[39m Matched JSONWP error code 7 to NoSuchElementError
&amp#27;[35m[MJSONWP]&amp#27;[39m Encountered internal error running command: NoSuchElementError: An element could not be located on the page using the given search parameters.
&amp#27;[35m[MJSONWP]&amp#27;[39m     at AndroidUiautomator2Driver.callee$0$0$ (/usr/local/lib/node_modules/appium/node_modules/appium-android-driver/lib/commands/find.js:75:11)
&amp#27;[35m[MJSONWP]&amp#27;[39m     at tryCatch (/usr/local/lib/node_mo&amp#27;dules/appium/node_[35m[HTTP]&amp#27;modules[39/babel-runtimem &amp#27;[37m</regenerator/runtime.js:67:40)
&amp#27;--[35m[MJ POST /wd/hub/session/6c033502-fd88-4722-SO8bNWP]&amp#27;5b-9[39m     at GeneratorFunctionPro2e91949dtotype.invoke161/ [as _invoke] (/usr/local/lib/node_modules/appium/node_modules/babel-runtime/regenerator/runtime.js:315:22)
&amp#27;[35m[MJSONWP]&amp#27;[39m     element &amp#27;[39mat GeneratorFunction&amp#27;[31m500&amp#27;[39m &amp#27;[90m81 ms - 164&amp#27;[39m
&amp#27;[35m[HTTP]&amp#27;[39m &amp#27;[90m&amp#27;[39mPr
ototype.prototype.(anonymous function) [as throw] (/usr/local/lib/node_modules/appium/node_modules/babel-runtime/regenerator/runtime.js:100:21)
&amp#27;[35m[MJSONWP]&amp#27;[39m     at GeneratorFunctionPrototype.invoke (/usr/local/lib/node_modules/appium/node_modules/babel-runtime/regenerator/runtime.js:136:37)
&amp#27;[35m[HTTP]&amp#27;[39m &amp#27;[37m-->&amp#27;[39m &amp#27;[37mPOST&amp#27;[39m &amp#27;[37m/wd/hub/session/6c033502-fd88-4722-8b5b-92e91949d161/element&amp#27;[39m
&amp#27;[35m[HTTP]&amp#27;[39m &amp#27;[90m{"using":"id","value":"com.Slack:id/next_button_url_entry"}&amp#27;[39m
[debug] &amp#27;[35m[W3C]&amp#27;[39m Calling AppiumDriver.findElement() with args: ["id","com.Slack:id/next_button_url_entry","6c033502-fd88-4722-8b5b-92e91949d161"]
[debug] &amp#27;[35m[BaseDriver]&amp#27;[39m Valid locator strategies for this request: xpath, id, class name, accessibility id, -android uiautomator
[debug] &amp#27;[35m[BaseDriver]&amp#27;[39m Waiting up to 0 ms for condition
[debug] &amp#27;[35m[JSONWP Proxy]&amp#27;[39m Matched '/element' to command name 'findElement'
[debug] &amp#27;[35m[JSONWP Proxy]&amp#27;[39m Proxying [POST /element] to [POST http://localhost:8201/wd/hub/session/5a27c767-9791-4751-872d-2ed612cd606d/element] with body: {"strategy":"id","selector":"com.Slack:id/next_button_url_entry","context":"","multiple":false}
[debug] &amp#27;[35m[MJSONWP]&amp#27;[39m Matched JSONWP error code 7 to NoSuchElementError
&amp#27;[35m[MJSONWP]&amp#27;[39m Encountered internal error &amp#27;[35m[HTTP]&amp#27;[39m &amp#27;[37m<-- POST /wrunning commad/hub/sesndsion/6c03: N35oSuchEleme02-fd88-4722-8b5b-ntError:92e919 An e49d161/element &amp#27;[39m&amp#27;[31m500&amp#27;[39m le&amp#27;[90m23ment could not be locat ms - 164&amp#27;[39m
ed &amp#27;[35m[HTTP]&amp#27;[39m &amp#27;[90m&amp#27;[39m
on the page using the given search parameters.
&amp#27;[35m[MJSONWP]&amp#27;[39m     at AndroidUiautomator2Driver.callee$0$0$ (/usr/local/lib/node_modules/appium/node_modules/appium-android-driver/lib/commands/find.js:75:11)
&amp#27;[35m[MJSONWP]&amp#27;[39m     at tryCatch (/usr/local/lib/node_modules/appium/node_modules/babel-runtime/regenerator/runtime.js:67:40)
&amp#27;[35m[MJSONWP]&amp#27;[39m     at GeneratorFunctionPrototype.invoke [as _invoke] (/usr/&amp#27;[35m[HTTP]&amp#27;[39m &amp#27;[37m-->&amp#27;[39m &amp#27;[37mPOST&amp#27;[39m &amp#27;[37mlocal/li/wd/hub/sessiob/n/6c033502-fd88-4722-8b5bnode_mod-92e91949d161/eulesle/apment&amp#27;[pium/no39m
&amp#27;[de_modules35m[HTT/babelP]&amp#27;[39m &amp#27;[-ru90m{"usinntg":"id","value":"com.Slack:id/next_button_imurl_entry"}&amp#27;[39m
[debug] &amp#27;[35m[W3C]&amp#27;[39m Callinge/rege AppiumDriver.findElneratoement()r/r with auntime.js:3rgs: ["id","com.Slack:id/next_button_url_entry","6c033502-fd88-4722-8b5b-92e91949d161"]
[de1bug] &amp#27;[35m[Base5:Driver]&amp#27;[39m Va22lid loca)
to&amp#27;[35mr strategies [MJSOfor this request: xpath, idNW, clP]ass name, ac&amp#27;[39m    cessibility id,  -android uiautomator
[debug] &amp#27;[35m[BaseDriver]&amp#27;[39m Waiating up to 0 ms for conditiont Gene
[debug] &amp#27;[35m[JSONWP Proxy]&amp#27;[39m Matched '/elerment' to command name 'findElement'
[debug] &amp#27;[35m[JSONWP Proxy]&amp#27;[39m Proxying [POST /element] to [POST atorFunctihttp://localhost:8201/wd/hub/session/5a27c767onProt-9791-4751-872d-2ed612cd606d/element] with body: {"strategy":"id","selector":"com.Slack:id/next_button_url_entry","context":"","multiple":false}ot
ype.prototype.(anonymous function) [as throw] (/usr/local/lib/node_modules/appium/node_modules/babel-runtime/regenerator/runtime.js:100:21)
&amp#27;[35m[MJSONWP]&amp#27;[39m     at GeneratorFunctionPrototype.invoke (/usr/local/lib/node_modules/appium/node_modules/babel-runtime/regenerator/runtime.js:136:37)
[debug] &amp#27;[35m[MJSONWP]&amp#27;[39m Matched JSONWP error code 7 to NoSuchElementError
&amp#27;[35m[MJSONWP]&amp#27;[39m Encountered internal error running command: NoSuchElementError: An element could not be located on the page using the given search parameters.
&amp#27;[35m[MJSONWP]&amp#27;[39m     at AndroidUiautomator2Driver.callee$0$0$ (/usr/local/lib/nod&amp#27;[35m[HTTP]&amp#27;[39m &amp#27;[37m<-- POST /wd/hub/session/6c033502-fd88-4722-8b5b-92e91e_949modules/appd161/element &amp#27;[39m&amp#27;[31m500&amp#27;[39m &amp#27;[90m25 ms - 164&amp#27;[39m
&amp#27;[35m[HTTP]&amp#27;[39m &amp#27;[90m&amp#27;[39mi
um/node_modules/appium-android-driver/lib/commands/find.js:75:11)
&amp#27;[35m[MJSONWP]&amp#27;[&amp#27;[3539m m[HTTP]&amp#27;[39m &amp#27;[37m--    at tryCatch (/usr/local/lib/node_modules/appium/node_modules/babel-runtime/regen>&amp#27;[39m &amp#27;[37mPOST&amp#27;[39m &amp#27;[37m/wd/hub/session/6c033502-fd88-4722-erator/runtime.js:67:408b5b-92e91949d161/el)
&amp#27;[35m[MJSONWP]&amp#27;[39m     at Generatement&amp#27;[39m
&amp#27;[3orFunctionPrototype.invoke [as _inv5m[HTTP]&amp#27;[oke] (/usr/l39m &amp#27;[90m{"using":"id","ocal/value":"com.Slacklib/node_modules/appium/node_modules/babel-runtime/regenerator/runtime.js:315:22)
&amp#27;[35m[MJSONWP]&amp#27;[39m     at GeneratorFunctionPrototype.prototype.(anonymous function) [as throw] :id/next_button_url_entry"}&amp#27;[39m
[debug] &amp#27;[35m[W3C]&amp#27;[39m Calling AppiumDri(/usr/local/lib/node_mver.findElement() wiodules/appium/node_modulth args: ["id","com.Slack:id/next_button_url_entry","6c033502-fd88-4722-8bes/babel-runtime/regenerator/runtime.js:5b-92e91949d161"]
[debug] &amp#27;[35m[BaseDriver]&amp#27;[39m Valid locator strategies for this request: xpath, id, class name, accessibility id, -android uiautomator
[debug] &amp#27;[35m[Base100:21)
&amp#27;[35m[MJSONWP]&amp#27;[39m     at GeneratorFunctionPrototype.invoke (/usr/local/Driver]&amp#27;[39m lib/node_modules/appium/node_modules/babel-runtime/regenerator/runtime.js:136:37)
Waiting up to 0 ms for condition
[debug] &amp#27;[35m[JSONWP Proxy]&amp#27;[39m Matched '/element' to command name 'findElement'
[debug] &amp#27;[35m[JSONWP Proxy]&amp#27;[39m Proxying [POST /element] to [POST http://localhost:8201/wd/hub/session/5a27c767-9791-4751-872d-2ed612cd606d/element] with body: {"strategy":"id","selector":"com.Slack:id/next_button_url_entry","context":"","multiple":false}
[debug] &amp#27;[35m[MJSONWP]&amp#27;[39m Matched JSONWP error code 7 to NoSuchElementError
&amp#27;[35m[MJSONWP]&amp#27;[39m Encountered internal error running command: NoSuchElementError: An element could not be located on the page using the given search parameters.
&amp#27;[35m[MJSONWP]&amp#27;[39m     at AndroidUiautomator2Driver.callee$0$0$ (/usr/local/lib/node_modules/appium/node_modules/appium-android-driver/lib/commands/find.js:75:11)
&amp#27;[35m[MJSONWP]&amp#27;[39m     at tryCatch (/usr/local/lib/node_modules/appium/node_modules/babel-runtime/regenerator/runtime.js:67:40)
&amp#27;[35m[MJSONWP]&amp#27;[39m     at GeneratorFunctionPrototype.invoke&amp#27;[35m[HTTP]&amp#27;[39m &amp#27;[37m<-- POST /wd/hub/session/6c033502-fd88-47 [as _invoke] (/usr/local/lib/node_modules/appium/node_modules/babel-runtime/regen22-8b5b-92e91949d161/element &amp#27;[39m&amp#27;[31m500&amp#27;[39m &amp#27;[90m38 ms - 164&amp#27;[39m
&amp#27;[35m[HTTP]&amp#27;[39m &amp#27;[90m&amp#27;[39m
erator/runtime.js:315:22)
&amp#27;[35m[MJSONWP]&amp#27;[39m     at GeneratorFunctionPrototype.prototype.(anonymous function) [as throw] (/usr/local/lib/node_modules/appium/node_modules/babel-runtime/regenerator/runtime.js:100:21)
&amp#27;[35m[MJSONWP]&amp#27;[39m     at GeneratorFunctionPrototype.invoke (/usr/local/lib/node_modules/appium/node_modules/babel-runtime/regenerator/runtime.&amp#27;[35m[HTTP]&amp#27;[39m &amp#27;[37m-->&amp#27;[39m &amp#27;[37mPOST&amp#27;[39m &amp#27;[37m/wd/hub/session/6c033502-fd88-4722-8b5b-92e91949d161/element&amp#27;[39m
j&amp#27;[35m[HTTP]&amp#27;[39m &amp#27;[90m{"using":"id","value":"com.Slack:id/next_button_url_entry"}&amp#27;[39m
[debug] &amp#27;[35m[W3C]&amp#27;[39m Calling AppiumDriver.findElement() with args: ["id","com.Slack:id/next_button_us:136:37)
rl_entry","6c033502-fd88-4722-8b5b-92e91949d161"]
[debug] &amp#27;[35m[BaseDriver]&amp#27;[39m Valid locator strategies for this request: xpath, id, class name, accessibility id, -android uiautomator
[debug] &amp#27;[35m[BaseDriver]&amp#27;[39m Waiting up to 0 ms for condition
[debug] &amp#27;[35m[JSONWP Proxy]&amp#27;[39m Matched '/element' to command name 'findElement'
[debug] &amp#27;[35m[JSONWP Proxy]&amp#27;[39m Proxying [POST /element] to [POST http://localhost:8201/wd/hub/session/5a27c767-9791-4751-872d-2ed612cd606d/element] with body: {"strategy":"id","selector":"com.Slack:id/next_button_url_entry","context":"","multiple":false}
[debug] &amp#27;[35m[MJSONWP]&amp#27;[39m Matched JSONWP error code 7 to NoSuchElementError
&amp#27;[35m[MJSONWP]&amp#27;[39m Encountered internal error running command: NoSuchElementError: An element could not be located on the page using the given search parameters.
&amp#27;[35m[MJSONWP]&amp#27;[39m     at AndroidUiautomator2Driver.calle&amp#27;[35m[HTTP]&amp#27;[39m &amp#27;[37m<-- POST /we$d/hub/session/6c033502-fd88-4722-8b5b-920$0$ (/usr/local/lib/node_modules/appium/node_modules/appium-android-drivere91949d161/element &amp#27;[39m&amp#27;[31m500&amp#27;[39m &amp#27;[90m34 ms - 164&amp#27;[39m
&amp#27;[35m[HTTP]&amp#27;[39m &amp#27;[90m&amp#27;[39m
/lib/commands/find.js:75:11)
&amp#27;[35m[MJSONWP]&amp#27;[39m     at tryCatch (/usr/local/lib/node_modules/appium/node_modules/babel-runtime/regenerator/runtime.js:67:40)
&amp#27;[35m[MJSONWP]&amp#27;[39m     at GeneratorFunctionPrototype.invoke [as _invoke] (/usr/local/lib/node_modules/appium/node_modules/babel-runtime/regenerator/runtime.js:315:22)
&amp#27;[35m[MJSONWP]&amp#27;[39m     at G&amp#27;[35m[HTTeneratorFunP]&amp#27;[39m &amp#27;[ctionPrototype.p37m-->rototyp&amp#27;[39m &amp#27;[37mPOST&amp#27;[39m &amp#27;[37e.(anonymous funcm/wd/hub/session/6c033502-fd88-4722-8b5b-9tion) [as throw] (/usr/local/lib/node_modules/appium/node_modules/ba2e91949d161/element&amp#27;[39m
&amp#27;[35m[HTTP]&amp#27;[39m &amp#27;[90bel-runtime/rem{"using":"id","value":"com.Slack:idgenerator/runtime.js:100:21)
/next_button_url_entry"}&amp#27;[39&amp#27;[35m[m
[debug] &amp#27;[35m[W3C]&amp#27;[39m CallMJSONWP]&amp#27;[39m     ing Appiat umDriver.fiGeneratorFunctionPrototype.invoke (/usr/local/lib/node_modules/appium/node_modules/babel-runtime/regenerator/runtime.js:136:37)
ndElement() with args: ["id","com.Slack:id/next_button_url_entry","6c033502-fd88-4722-8b5b-92e91949d161"]
[debug] &amp#27;[35m[BaseDriver]&amp#27;[39m Valid locator strategies for this request: xpath, id, class name, accessibility id, -android uiautomator
[debug] &amp#27;[35m[BaseDriver]&amp#27;[39m Waiting up to 0 ms for condition
[debug] &amp#27;[35m[JSONWP Proxy]&amp#27;[39m Matched '/element' to command name 'findElement'
[debug] &amp#27;[35m[JSONWP Proxy]&amp#27;[39m Proxying [POST /element] to [POST http://localhost:8201/wd/hub/session/5a27c767-9791-4751-872d-2ed612cd606d/element] with body: {"strategy":"id","selector":"com.Slack:id/next_button_url_entry","context":"","multiple":false}
[debug] &amp#27;[35m[MJSONWP]&amp#27;[39m Matched JSONWP error code 7 to NoSuchElementError
&amp#27;[35m[MJSONWP]&amp#27;[39m Encountered internal error running command: NoSuchElementError: An element could not be located on the page using the given search parameters.
&amp#27;[35m[MJSONWP]&amp#27;[39m     at AndroidUiautomator&amp#27;[32Driver.callee$0$05m[HTTP]&amp#27;[39$ (/usr/local/lib/node_modm &amp#27;[37m<-- POST /wd/hub/sessules/appiumion/6c033502-fd88-4722-8b5b-92e91949d161/element &amp#27;[39m&amp#27;[31m500&amp#27;[39m &amp#27;[90m31 ms - 164&amp#27;[39m
&amp#27;[35m[HTTP]&amp#27;[39m &amp#27;[90m&amp#27;[39m
/node_modules/appium-android-driver/lib/commands/find.js:75:11)
&amp#27;[35m[MJSONWP]&amp#27;[39m     at tryCatch (/usr/local/lib/node_modules/appium/node_modules/babel-runtime/regenerator/runtime.js:67:40)
&amp#27;[35m[MJSONWP]&amp#27;[39m     at GeneratorFunctionPrototype.invoke [as _invoke] (/usr/local/lib/node_modules/appium/node_modules/babel-&amp#27;[35m[HTTP]&amp#27;[39m &amp#27;[37m-->&amp#27;[39m &amp#27;[37mPOST&amp#27;[39m &amp#27;[37m/wd/hub/session/6c033502-fd88-4722-8b5b-92e91949d161/element&amp#27;[3runtime/regenerator/runtime.js:315:22)
&amp#27;[39m
&amp#27;[35m[HTTP]&amp#27;[39m &amp#27;[90m{"u5m[MJSONWP]&amp#27;[39m     at Generasing":"id","value":"com.Slack:id/next_button_url_entry"}&amp#27;[39m
[torFunctionPrototype.prototype.(anonymous function)debug] &amp#27;[35m[W3C]&amp#27;[39 [as throw] m Calling A(/usr/local/lib/node_modules/appium/node_modules/babel-runtime/regenerator/runtime.js:100:21)ppiumDriv
&amp#27;[35m[MJSONWP]&amp#27;[39m     at Generaer.findElement() with args: ["id","com.Slack:torFunctionid/next_button_url_entry","6c033502-fd88-Proto4722-8b5b-92e919type.invoke (/usr/local/lib/node_modules/appium/node_modules/babel-runtime/regenerator/49d161"]
[debug] &amp#27;[35m[BruaseDriver]&amp#27;[39m Valid locator strategies for this request:ntime.js:136:37)
 xpath, id, class name, accessibility id, -android uiautomator
[debug] &amp#27;[35m[BaseDriver]&amp#27;[39m Waiting up to 0 ms for condition
[debug] &amp#27;[35m[JSONWP Proxy]&amp#27;[39m Matched '/element' to command name 'findElement'
[debug] &amp#27;[35m[JSONWP Proxy]&amp#27;[39m Proxying [POST /element] to [POST http://localhost:8201/wd/hub/session/5a27c767-9791-4751-872d-2ed612cd606d/element] with body: {"strategy":"id","selector":"com.Slack:id/next_button_url_entry","context":"","multiple":false}
[debug] &amp#27;[35m[MJSONWP]&amp#27;[39m Matched JSONWP error code 7 to NoSuchElementError
&amp#27;[35m[MJSONWP]&amp#27;[39m Encountered internal error running command: NoSuchElementError: An element could not be located on the page using the given search parameters.
&amp#27;[35m[MJSONWP]&amp#27;[39m     at AndroidUiautomator2Driver.callee$0$0$ (/usr/local/lib/node_modules/appium/node_modules/appium&amp#27;[35m[HTTP]&amp#27;[39m &amp#27;[37m<-- POST /wd/hub/session/6c03350-an2-droid-fd88-4722driver/lib/comm-8b5b-92e91949d161/element &amp#27;[39m&amp#27;[31m500&amp#27;[39m &amp#27;[90m34 ms - 164&amp#27;[39m
&amp#27;[35m[HTTP]&amp#27;[39m &amp#27;[90m&amp#27;[39m
ands/find.js:75:11)
&amp#27;[35m[MJSONWP]&amp#27;[39m     at tryCatch (/usr/local/lib/node_modules/appium/node_modules/babel-runtime/regenerator/runtime.js:67:40)
&amp#27;[35m[MJSONWP]&amp#27;[39m     at GeneratorFunctionPrototype.invoke [as _invoke] (/usr/local/lib/node_modules/appium/node_modules/babel-runtime/regenerator/runtime.js:315:22)
&amp#27;[35m[MJSONWP]&amp#27;[39m     at GeneratorFunctionPrototype.prototype.(anonymous function) [as throw] (/usr/local/lib/node_modules/appium/node_modules/babel-runtime/regenerator/runtime.js:100:21)
&amp#27;[35m[MJSONWP]&amp#27;[39m     at GeneratorFunctionPrototype.invoke (/usr/local/lib/node_modules/appium/node_modules/babel-runtime/regenerator/runtime.js:136:37)
&amp#27;[35m[HTTP]&amp#27;[39m &amp#27;[37m-->&amp#27;[39m &amp#27;[37mPOST&amp#27;[39m &amp#27;[37m/wd/hub/session/6c033502-fd88-4722-8b5b-92e91949d161/element&amp#27;[39m
&amp#27;[35m[HTTP]&amp#27;[39m &amp#27;[90m{"using":"id","value":"com.Slack:id/next_button_url_entry"}&amp#27;[39m
[debug] &amp#27;[35m[W3C]&amp#27;[39m Calling AppiumDriver.findElement() with args: ["id","com.Slack:id/next_button_url_entry","6c033502-fd88-4722-8b5b-92e91949d161"]
[debug] &amp#27;[35m[BaseDriver]&amp#27;[39m Valid locator strategies for this request: xpath, id, class name, accessibility id, -android uiautomator
[debug] &amp#27;[35m[BaseDriver]&amp#27;[39m Waiting up to 0 ms for condition
[debug] &amp#27;[35m[JSONWP Proxy]&amp#27;[39m Matched '/element' to command name 'findElement'
[debug] &amp#27;[35m[JSONWP Proxy]&amp#27;[39m Proxying [POST /element] to [POST http://localhost:8201/wd/hub/session/5a27c767-9791-4751-872d-2ed612cd606d/element] with body: {"strategy":"id","selector":"com.Slack:id/next_button_url_entry","context":"","multiple":false}
[debug] &amp#27;[35m[MJSONWP]&amp#27;[39m Matched JSONWP error code 7 to NoSuchElementError
&amp#27;[35m[MJSONWP]&amp#27;[39m Encountered internal error running command: NoSuchElementError: An element could not be located on the page using the given search parameters.
&amp#27;[35m[MJSONWP]&amp#27;[39m     at AndroidUiautomator2Driver.callee$0$0$ (/usr/local/lib/node_modules/appium/node_modules/app&amp#27;[35m[HTTP]&amp#27;[39m &amp#27;[37m<-- POST /wd/hub/session/6c033502-fd88-4722-8b5b-92e91949d161ium-android-driver/lib/commands/find.js:75:11)
&amp#27;[35m[M/element &amp#27;[39m&amp#27;[31m500&amp#27;[39m &amp#27;[90m30 ms - 164&amp#27;[39m
&amp#27;[35m[HTTP]&amp#27;[39m &amp#27;[90m&amp#27;[39m
JSONWP]&amp#27;[39m     at tryCatch (/usr/local/lib/node_modules/appium/node_modules/babel-runtime/regenerator/runtime.js:67:40)
&amp#27;[35m[MJSONWP]&amp#27;[39m     at GeneratorFunctionPrototype.invoke [as _invoke] (/usr/local/&amp#27;[35m[HTTP]&amp#27;[39lib/node_modules/appium/node_modules/babel-runtime/regenerator/runtime.js:315:22)
&amp#27;[35m[MJSONWP]&amp#27;[39m     at GeneratorFunctm &amp#27;[37m-->&amp#27;[39m &amp#27;[37mPOST&amp#27;[39m &amp#27;[37m/wd/hub/session/6c033502-fd88-4722-8b5b-92e91949d161/element&amp#27;[39m
&amp#27;[35m[HTTP]&amp#27;[39m &amp#27;[90m{"using":"id","value":"com.Slack:id/next_button_uiorl_entry"}&amp#27;nPrototype.prototype.(anonymous funct[39m
[debug] &amp#27;[35m[W3C]&amp#27;[39m Calling AppiumDriver.fiion)ndElement() w [as throw] (/usr/local/lib/node_modules/appium/node_modules/babel-runtimeith args: [/regenerator/runtime"i.js:100:21)
&amp#27;[35m[MJSONWP]&amp#27;[39m     atd"," GeneratorFunctionPrototype.invoke (/uscomr.Sla/local/lib/node_modules/cappikum/node_:id/modules/babel-runtime/regnext_button_url_entrenerator/runtime.jsy","6c03:136:37)
3502-fd88-4722-8b5b-92e91949d161"]
[debug] &amp#27;[35m[BaseDriver]&amp#27;[39m Valid locator strategies for this request: xpath, id, class name, accessibility id, -android uiautomator
[debug] &amp#27;[35m[BaseDriver]&amp#27;[39m Waiting up to 0 ms for condition
[debug] &amp#27;[35m[JSONWP Proxy]&amp#27;[39m Matched '/element' to command name 'findElement'
[debug] &amp#27;[35m[JSONWP Proxy]&amp#27;[39m Proxying [POST /element] to [POST http://localhost:8201/wd/hub/session/5a27c767-9791-4751-872d-2ed612cd606d/element] with body: {"strategy":"id","selector":"com.Slack:id/next_button_url_entry","context":"","multiple":false}
[debug] &amp#27;[35m[MJSONWP]&amp#27;[39m Matched JSONWP error code 7 to NoSuchElementError
&amp#27;[35m[MJSONWP]&amp#27;[39m Encountered internal error running command: NoSuchElementError: An element could not be located on the page using the given search parameters.
&amp#27;[35m[MJSONWP]&amp#27;[39m     at AndroidUiautomator2Driver.callee$0$0$ (/usr/local/lib/node_modules/appium/node_modules/appium-a&amp#27;[35m[HTndrTP]oid-&amp#27;[39driver/lib/commands/find.js:75:11)
&amp#27;[35m[MJSONWP]&amp#27;[39m     at tryCatch (/usr/local/lib/node_mm &amp#27;[37m<-- POST /wd/hub/odules/aseppium/nodess_modulesion/6c033502-fd88-4722-8b5b-92e/babel-runtime/regenerator91949d1/runtime.js:67:40)
&amp#27;[35m[MJSONWP]&amp#27;[39m     at Ge61neratorFunctionPrototype.invoke [as _invoke/eleme] (/usr/local/lib/nont &amp#27;[3de_modules/appium/node_modules/babel-runtime/regenerator/runtime.js:315:22)
&amp#27;[35m[MJSONWP]&amp#27;[39m     at GeneratorFunctionPrototype.prototype.(anonymous function) 9m[as throw] (/usr/local/lib/node_modules/app&amp#27;[31m500&amp#27;[3ium/node_modules/babel-runtime/regenerator/runtime.js:100:21)
&amp#27;[35m[MJSONWP]&amp#27;[39m     at GeneratorFunctionPrototype.invoke (/usr/local/lib/node_modules/appium/node_modules/babel-runtime/regenerator/runtime.js:136:37)
9m &amp#27;[90m37 ms - 164&amp#27;[39m
&amp#27;[35m[HTTP]&amp#27;[39m &amp#27;[90m&amp#27;[39m
&amp#27;[35m[HTTP]&amp#27;[39m &amp#27;[37m-->&amp#27;[39m &amp#27;[37mPOST&amp#27;[39m &amp#27;[37m/wd/hub/session/6c033502-fd88-4722-8b5b-92e91949d161/element&amp#27;[39m
&amp#27;[35m[HTTP]&amp#27;[39m &amp#27;[90m{"using":"id","value":"com.Slack:id/next_button_url_entry"}&amp#27;[39m
[debug] &amp#27;[35m[W3C]&amp#27;[39m Calling AppiumDriver.findElement() with args: ["id","com.Slack:id/next_button_url_entry","6c033502-fd88-4722-8b5b-92e91949d161"]
[debug] &amp#27;[35m[BaseDriver]&amp#27;[39m Valid locator strategies for this request: xpath, id, class name, accessibility id, -android uiautomator
[debug] &amp#27;[35m[BaseDriver]&amp#27;[39m Waiting up to 0 ms for condition
[debug] &amp#27;[35m[JSONWP Proxy]&amp#27;[39m Matched '/element' to command name 'findElement'
[debug] &amp#27;[35m[JSONWP Proxy]&amp#27;[39m Proxying [POST /element] to [POST http://localhost:8201/wd/hub/session/5a27c767-9791-4751-872d-2ed612cd606d/element] with body: {"strategy":"id","selector":"com.Slack:id/next_button_url_entry","context":"","multiple":false}
[debug] &amp#27;[35m[MJSONWP]&amp#27;[39m Matched JSONWP error code 7 to NoSuchElementError
&amp#27;[35m[MJSONWP]&amp#27;[39m Encountered internal error running command: NoSuchElementError: An element could not be located on the page using the given search parameters.
&amp#27;[35m[MJSONWP]&amp#27;[39m     at AndroidUiautomator2Driver.callee$0$0$ (/usr/local/lib/node_modules/appium/node_modules/appium-android-driver/lib/commands/find.js:75:11)
&amp#27;[35m[MJSONWP]&amp#27;[39m     at tryCatch (/usr/l&amp#27;[3oca5m[HTTPl/li]&amp#27;[39m &amp#27;[b/node_37m<modu--les/app POST /wd/hium/node_moub/sesdulsies/bon/ab6cel-runtime/033502-fregeneratod88-4722r/-8b5b-92erunt9194ime.js:9d161/el67:40)em
&amp#27;[ent &amp#27;[3935m&amp#27;[m[MJSONWP]&amp#27;[3931m500&amp#27;[3m     9m &amp#27;[at90m96 ms - G 164&amp#27;[39m
en&amp#27;[erato35m[HTTP]&amp#27;[3rFun9mctionPr &amp#27;[90mototy&amp#27;[pe.i39m
nvoke [as _invoke] (/usr/local/lib/node_modules/appium/node_modules/babel-runtime/regenerator/runtime.js:315:22)
&amp#27;[35m[MJSONWP]&amp#27;[39m     at GeneratorFunctionPrototype.prototype.(anonymous function) [as throw] (/usr/local/lib/node_modules/appium/node_modules/babel-runtime/regenerator/runtime.js:100:21)
&amp#27;[35m[MJSONWP]&amp#27;[39m     at GeneratorFunctionPrototype.invoke (/usr/local/lib/node_modules/appium/node_modules/babel-runtime/regenerator/runtime.js:136:37)
&amp#27;[35m[HTTP]&amp#27;[39m &amp#27;[37m-->&amp#27;[39m &amp#27;[37mPOST&amp#27;[39m &amp#27;[37m/wd/hub/session/6c033502-fd88-4722-8b5b-92e91949d161/element&amp#27;[39m
&amp#27;[35m[HTTP]&amp#27;[39m &amp#27;[90m{"using":"id","value":"com.Slack:id/next_button_url_entry"}&amp#27;[39m
[debug] &amp#27;[35m[W3C]&amp#27;[39m Calling AppiumDriver.findElement() with args: ["id","com.Slack:id/next_button_url_entry","6c033502-fd88-4722-8b5b-92e91949d161"]
[debug] &amp#27;[35m[BaseDriver]&amp#27;[39m Valid locator strategies for this request: xpath, id, class name, accessibility id, -android uiautomator
[debug] &amp#27;[35m[BaseDriver]&amp#27;[39m Waiting up to 0 ms for condition
[debug] &amp#27;[35m[JSONWP Proxy]&amp#27;[39m Matched '/element' to command name 'findElement'
[debug] &amp#27;[35m[JSONWP Proxy]&amp#27;[39m Proxying [POST /element] to [POST http://localhost:8201/wd/hub/session/5a27c767-9791-4751-872d-2ed612cd606d/element] with body: {"strategy":"id","selector":"com.Slack:id/next_button_url_entry","context":"","multiple":false}
[debug] &amp#27;[35m[MJSONWP]&amp#27;[39m Matched JSONWP error code 7 to NoSuchElementError
&amp#27;[35m[MJSONWP]&amp#27;[39m Encountered internal error running command: NoSuchElementError: An element could not be located on the page using the given search parameters.
&amp#27;[35m[MJSONWP]&amp#27;[39m     at AndroidUiautomator2Driver.callee$0$0$ (/usr/local/lib/node_modules/appium/node_modules/appium-android-driver/lib/commands/find.js:75:11)
&amp#27;[35m[MJSONWP]&amp#27;[39m     at tryCatch (/usr/lo&amp#27;[35m[HTcaTP]&amp#27;[39m l/lib/node&amp#27;[37m_modu<-- POST /wd/hub/sessiles/apon/6c0335pi02-fd88-4722-8b5um/b-92e9194no9d161/elede_mment odu&amp#27;[39m&amp#27;[31m500&amp#27;[39mle &amp#27;[9s/ba0m2bel-runtime/re0 msgenera - 164&amp#27;[tor39m
/runti&amp#27;[35m[me.js:67:4HTT0)
&amp#27;[35m[MJSONWP]&amp#27;[39m  P]&amp#27;[39m &amp#27;[9   at Gener0m&amp#27;atorFunctionP[39m
rototype.invoke [as _invoke] (/usr/local/lib/node_modules/appium/node_modules/babel-runtime/regenerator/runtime.js:315:22)
&amp#27;[35m[MJSONWP]&amp#27;[39m     at GeneratorFunctionPrototype.prototype.(anonymous function) [as throw] (/usr/local/lib/node_modules/appium/node_modules/babel-runtime/regenerator/runtime.js:100:21)
&amp#27;[35m[MJSONWP]&amp#27;[39m     at GeneratorFunctionPr&amp#27;[35ototype.invoke (/usr/local/libm[HTTP/nod]&amp#27;[39m &amp#27;[37m-->&amp#27;[39m &amp#27;[37mPOST&amp#27;e_modules/appiu[39m &amp#27;m/[37node_modules/m/wdbabel-runt/hubime/regen/session/6c033502-eratfdor88/runti-4me.js:13722-8b5b-92e91949d161/element&amp#27;[39m
&amp#27;[35m[HTTP]&amp#27;[39m &amp#27;[90m{"using":"id","value":"com.Slack:id/next_button_url_entr6:37)
y"}&amp#27;[39m
[debug] &amp#27;[35m[W3C]&amp#27;[39m Calling AppiumDriver.findElement() with args: ["id","com.Slack:id/next_button_url_entry","6c033502-fd88-4722-8b5b-92e91949d161"]
[debug] &amp#27;[35m[BaseDriver]&amp#27;[39m Valid locator strategies for this request: xpath, id, class name, accessibility id, -android uiautomator
[debug] &amp#27;[35m[BaseDriver]&amp#27;[39m Waiting up to 0 ms for condition
[debug] &amp#27;[35m[JSONWP Proxy]&amp#27;[39m Matched '/element' to command name 'findElement'
[debug] &amp#27;[35m[JSONWP Proxy]&amp#27;[39m Proxying [POST /element] to [POST http://localhost:8201/wd/hub/session/5a27c767-9791-4751-872d-2ed612cd606d/element] with body: {"strategy":"id","selector":"com.Slack:id/next_button_url_entry","context":"","multiple":false}
[debug] &amp#27;[35m[MJSONWP]&amp#27;[39m Matched JSONWP error code 7 to NoSuchElementError
&amp#27;[35m[MJSONWP]&amp#27;[39m Encountered internal error running command: NoSuchElementError: An element could not be located on the page using the given search parameters.
&amp#27;[35m[MJSONWP]&amp#27;[39m     at AndroidUiautomator2Driver.callee$0$0$ (/us&amp#27;[r/35m[HTTP]&amp#27;[39lom &amp#27;[37m<--ca POl/lST /wd/hibub/ses/nsion/6c033502-fd8ode_modu8-le4722-8b5bs/a-92ppe9ium/1949d1node_m61/element od&amp#27;[39mules/&amp#27;[31appium500&amp#27;[39m &amp#27;[m-and90m28 ms - 164&amp#27;[39m
r&amp#27;[oi35m[Hd-driTTP]&amp#27;[39mver/lib/co &amp#27;[9mman0m&amp#27;[39ds/finm
d.js:75:11)
&amp#27;[35m[MJSONWP]&amp#27;[39m     at tryCatch (/usr/local/lib/node_modules/appium/node_modules/babel-runtime/regenerator/runtime.js:67:40)
&amp#27;[35m[MJSONWP]&amp#27;[39m     at GeneratorFunctionPrototype.invoke [as _invoke] (/usr/local/lib/node_modules/appium/node_modules/babel-runtime/regenerator/runtime.js:315:22)
&amp#27;[35m[MJSONWP]&amp#27;[39m     at GeneratorFunctionPrototype.&amp#27;[35m[HTTP]&amp#27;[proto39type.(anonym &amp#27;[37m-->mou&amp#27;[39m &amp#27;[37s mPOST&amp#27;function) [as[3 t9m &amp#27;[37m/wd/hrhuow] b/sessio(/usrn/6c033502-fd88-472/l2-8ocb5b-92al/lib/node_e91949d161/elemmoent&amp#27;[39m
&amp#27;[35m[HTTP]&amp#27;[39m &amp#27;[90m{"using":"id","value":"com.dules/appium/node_modules/babel-runtimeSlack:id/next_button_url_entry"}&amp#27;[39m
[debug] &amp#27;[35m[W3C]&amp#27;[39m Ca/regenerator/runllingtime.js AppiumD:100:2river.findEleme1)
&amp#27;[3nt5m[MJS()ON wiWPth args: ]&amp#27;["[39m     at id","cGeom.Slneratack:id/nexorFunctit_button_uronPl_rototentryype.","in6c033502-fvoke (/usr/local/ld8ib/node_modules/8-47ap22-8b5b-92e91pium/node949d16_modu1"]
[debleugs/babel-runtime/regenerator/runtime.js:136:37)
] &amp#27;[35m[BaseDriver]&amp#27;[39m Valid locator strategies for this request: xpath, id, class name, accessibility id, -android uiautomator
[debug] &amp#27;[35m[BaseDriver]&amp#27;[39m Waiting up to 0 ms for condition
[debug] &amp#27;[35m[JSONWP Proxy]&amp#27;[39m Matched '/element' to command name 'findElement'
[debug] &amp#27;[35m[JSONWP Proxy]&amp#27;[39m Proxying [POST /element] to [POST http://localhost:8201/wd/hub/session/5a27c767-9791-4751-872d-2ed612cd606d/element] with body: {"strategy":"id","selector":"com.Slack:id/next_button_url_entry","context":"","multiple":false}
[debug] &amp#27;[35m[MJSONWP]&amp#27;[39m Matched JSONWP error code 7 to NoSuchElementError
&amp#27;[35m[MJSONWP]&amp#27;[39m Encountered internal error running command: NoSuchElementError: An element could not be located on the page using the given search parameters.
&amp#27;[35m[MJSONWP]&amp#27;[39m     at AndroidUiautomator2Driver.callee$0$0$ (/usr/local/lib/node_modules/appium/node_mo&amp#27;[35m[HTTP]&amp#27;[3dul9mes/appium- &amp#27;[37andm<ro--i POSd-driver/lib/cT om/wd/hubmands//session/6find.jc0335s:0275:1-f1)
&amp#27;[d835m[M8-JS4722-8b5b-92ONWP]&amp#27;[39m     ate91949d161/element tr &amp#27;[39myCatch &amp#27;[3(/us1m50r/local0&amp#27;[3/lib/node_modu9m &amp#27;[le90m27 ms s/ap- 164&amp#27;[3pium/n9m
ode_m&amp#27;[35m[oduHTTP]&amp#27;[39m &amp#27;[90m&amp#27;[39m
les/babel-runtime/regenerator/runtime.js:67:40)
&amp#27;[35m[MJSONWP]&amp#27;[39m     at GeneratorFunctionPrototype.invoke [as _invoke] (/usr/local/lib/node_modules/appium/node_modules/babel-runtime/regenerator/runtime.js:315:22)
&amp#27;[35m[MJSONWP]&amp#27;[39m     at GeneratorFunctionPrototype.prototype.(anonymous function) [as throw] (/usr/local/lib/node_modu&amp#27;[3le5m[HTTP]&amp#27;s/a[39m &amp#27;[3ppium/7m-->&amp#27;[39mnod &amp#27;[37e_momPOSduleT&amp#27;[39ms/ &amp#27;[3babe7m/wd/hul-runb/stime/reessionge/6c0nerator/33ru502-fd88-4722-8b5b-92e919nt49d161/ime.js:100:21)
&amp#27;[35elem[MJSONWP]me&amp#27;[39m     at GeneratorFunctionPrototype.nt&amp#27;invoke (/usr/local/lib/n[39m
ode_modules/appium/node_modules&amp#27;[35/babel-runtime/m[HTreTP]ge&amp#27;[39mnerator/runtime.js: &amp#27;[90m{"using":"id","13value"6:37)
:"com.Slack:id/next_button_url_entry"}&amp#27;[39m
[debug] &amp#27;[35m[W3C]&amp#27;[39m Calling AppiumDriver.findElement() with args: ["id","com.Slack:id/next_button_url_entry","6c033502-fd88-4722-8b5b-92e91949d161"]
[debug] &amp#27;[35m[BaseDriver]&amp#27;[39m Valid locator strategies for this request: xpath, id, class name, accessibility id, -android uiautomator
[debug] &amp#27;[35m[BaseDriver]&amp#27;[39m Waiting up to 0 ms for condition
[debug] &amp#27;[35m[JSONWP Proxy]&amp#27;[39m Matched '/element' to command name 'findElement'
[debug] &amp#27;[35m[JSONWP Proxy]&amp#27;[39m Proxying [POST /element] to [POST http://localhost:8201/wd/hub/session/5a27c767-9791-4751-872d-2ed612cd606d/element] with body: {"strategy":"id","selector":"com.Slack:id/next_button_url_entry","context":"","multiple":false}
[debug] &amp#27;[35m[MJSONWP]&amp#27;[39m Matched JSONWP error code 7 to NoSuchElementError
&amp#27;[35m[MJSONWP]&amp#27;[39m Encountered internal error running command: NoSuchElementError: An element could not be located on the page using the given search parameters.
&amp#27;[35m[MJSONWP]&amp#27;[39m     at AndroidUiautomator2Driver.callee$0$0$ &amp#27;[35m[HT(/TP]&amp#27;[39m &amp#27;[37m<-- POST /wd/hub/session/usr/6c03local/lib/n350ode_2-modulesfd88/appium/n-472ode_mod2-8b5ulb-92e91949des/appium-an161/elemdroient &amp#27;[39m&amp#27;[3d-drive1mr/500lib/comma&amp#27;[39ndm s/fin&amp#27;[90m28 ms - 164&amp#27;[d.39mjs:75:11)
&amp#27;
[&amp#27;[35m[HTTP35]&amp#27;[39m m[&amp#27;[90m&amp#27;[MJSONWP]&amp#27;[39m  39   at tryCatch m
(/usr/local/lib/node_modules/appium/node_modules/babel-runtime/regenerator/runtime.js:67:40)
&amp#27;[35m[MJSONWP]&amp#27;[39m     at GeneratorFunctionPrototype.invoke [as _invoke] (/usr/local/lib/node_modules/appium/node_modules/babel-runtime/regenerator/runtime.js:315:22)
&amp#27;[35m[MJSONWP]&amp#27;[39m     at GeneratorFunctionPrototype.prototype.(anonymous f&amp#27;[35unm[HTctTP]&amp#27;ion) [as throw] [3(/usr/l9mocal/l &amp#27;ib[3/node7m-->_mod&amp#27;[39ules/appium/nm &amp#27;od[3e_mod7mulesPOST/babel-runtime/r&amp#27;[39egenerm &amp#27;ator/[37m/wd/hub/sesruntimsie.onjs:10/6c0330:2502-f1)d88-4
&amp#27;[35m[MJ722-SONWP8b]&amp#27;[39m5b-92e91949d161/  el   at GeneratorFunctement&amp#27;[3ionProt9m
otyp&amp#27;[35m[HTTPe.invoke (]&amp#27;[39m /usr/&amp#27;[lo90cal/lib/node_modulesm{/appium/no"usdeing":"id_m","value":"com.Slackodules/ba:idbel-r/next_button_url_entryuntime/re"}&amp#27;[39m
[debug] &amp#27;[35m[generator/rW3C]unt&amp#27;[39im Callime.js:136ng:37)
 AppiumDriver.findElement() with args: ["id","com.Slack:id/next_button_url_entry","6c033502-fd88-4722-8b5b-92e91949d161"]
[debug] &amp#27;[35m[BaseDriver]&amp#27;[39m Valid locator strategies for this request: xpath, id, class name, accessibility id, -android uiautomator
[debug] &amp#27;[35m[BaseDriver]&amp#27;[39m Waiting up to 0 ms for condition
[debug] &amp#27;[35m[JSONWP Proxy]&amp#27;[39m Matched '/element' to command name 'findElement'
[debug] &amp#27;[35m[JSONWP Proxy]&amp#27;[39m Proxying [POST /element] to [POST http://localhost:8201/wd/hub/session/5a27c767-9791-4751-872d-2ed612cd606d/element] with body: {"strategy":"id","selector":"com.Slack:id/next_button_url_entry","context":"","multiple":false}
[debug] &amp#27;[35m[MJSONWP]&amp#27;[39m Matched JSONWP error code 7 to NoSuchElementError
&amp#27;[35m[MJSONWP]&amp#27;[39m Encountered internal error running command: NoSuchElementError: An element could not be located on the page using the given search parameters.
&amp#27;[35m[MJSONWP]&amp#27;[39m     at AndroidUiautomator2Driver.callee$0$0$ (/usr/local/lib/node_modules/appium/node_modules/appium-android-driver/lib/commands/find.js:75:11)
&amp#27;[35m[MJSONWP]&amp#27;[39m     at tryCatch (/usr/local/lib/node_modules/appium/node_modules/babel-runtime/regener&amp#27;[35m[HatTTor/P]runtime.js&amp#27;[39m &amp#27;[3:67:40)
&amp#27;[357m<-- POST /wd/hub/session/6cm[MJSO03NWP]&amp#27;[39m35  02   -fatd8 Gene8-rat4722orFunc-8b5b-9tionP2erototype.invoke [as _invok9194e] (/usr/local/l9d1ib/n61ode/element _modules/appium/node_modules/ba&amp#27;[39m&amp#27;be[31m500&amp#27;[39m &amp#27;[90m20 ms - 164&amp#27;[39m
&amp#27;[35m[HTTl-runtime/regeneratorP]/runt&amp#27;[39m &amp#27;[90m&amp#27;[39m
ime.js:315:22)
&amp#27;[35m[MJSONWP]&amp#27;[39m     at GeneratorFunctionPrototype.prototype.(anonymous function) [as throw] (/usr/local/lib/node_modules/appium/node_modules/babel-runtime/regenerator/runtime.js:100:21)
&amp#27;[35m[MJSONWP]&amp#27;[39m     at GeneratorFunctionPrototype.invoke (/usr/local/lib/node_modules/appium/node_modules/babel-runtime/regenerator/runtime.js:136:37)
&amp#27;[35m[HTTP]&amp#27;[39m &amp#27;[37m-->&amp#27;[39m &amp#27;[37mPOST&amp#27;[39m &amp#27;[37m/wd/hub/session/6c033502-fd88-4722-8b5b-92e91949d161/element&amp#27;[39m
&amp#27;[35m[HTTP]&amp#27;[39m &amp#27;[90m{"using":"id","value":"com.Slack:id/next_button_url_entry"}&amp#27;[39m
[debug] &amp#27;[35m[W3C]&amp#27;[39m Calling AppiumDriver.findElement() with args: ["id","com.Slack:id/next_button_url_entry","6c033502-fd88-4722-8b5b-92e91949d161"]
[debug] &amp#27;[35m[BaseDriver]&amp#27;[39m Valid locator strategies for this request: xpath, id, class name, accessibility id, -android uiautomator
[debug] &amp#27;[35m[BaseDriver]&amp#27;[39m Waiting up to 0 ms for condition
[debug] &amp#27;[35m[JSONWP Proxy]&amp#27;[39m Matched '/element' to command name 'findElement'
[debug] &amp#27;[35m[JSONWP Proxy]&amp#27;[39m Proxying [POST /element] to [POST http://localhost:8201/wd/hub/session/5a27c767-9791-4751-872d-2ed612cd606d/element] with body: {"strategy":"id","selector":"com.Slack:id/next_button_url_entry","context":"","multiple":false}
[debug] &amp#27;[35m[MJSONWP]&amp#27;[39m Matched JSONWP error code 7 to NoSuchElementError
&amp#27;[35m[MJSONWP]&amp#27;[39m Encountered internal error running command: NoSuchElementError: An element could not be located on the page using the given search parameters.
&amp#27;[35m[MJSONWP]&amp#27;[39m     at AndroidUiautomator2Driver.callee$0$0$ (/usr/&amp#27;[35m[HTTP]&amp#27;[39m &amp#27;[3local/lib/no7m<-- Pde_modulesOST /wd/ap/hpiumub/s/node_moduession/6c0les/appiu33502-fd88-4722-8b5b-m-android-drive92e919r/lib/commands/f49dind.j161/els:75ement &amp#27;[39m&amp#27;[31m:1500&amp#27;[39m &amp#27;[90m21 ms - 164&amp#27;[39m
1)
&amp#27;[35m&amp#27;[35m[HTTP[M]&amp#27;[3JSONWP]&amp#27;[39m  9m   &amp#27;[90 atm&amp#27; tryCatch (/usr/[3lo9mcal/li
b/node_modules/appium/node_modules/babel-runtime/regenerator/runtime.js:67:40)
&amp#27;[35m[MJSONWP]&amp#27;[39m     at GeneratorFunctionPrototype.invoke [as _invoke] (/usr/local/lib/node_modules/appium/node_modules/babel-runtime/regenerator/runtime.js:315:22)
&amp#27;[35m[MJSONWP]&amp#27;[39m     at GeneratorFunctionPrototype.prototype.(anonymous function) [as throw] (/usr/local/lib/node_modules&amp#27;[/appium/35m[node_modHTulTP]&amp#27;[3es/bab9mel-runtime/re &amp#27;[37m--generator>&amp#27;[/ru39m &amp#27;[37ntime.mPjs:OST&amp#27;100:21)
[39m&amp#27;[3 &amp#27;5m[MJS[37mON/wd/hub/sWPession/6c033502-fd88-4722-8b5b-92e9194]&amp#27;[39m     at Ge9d161/neratorelemFunctionProtentotype.invok&amp#27;[e (/usr/39local/lib/m
no&amp#27;[de_m35m[HoduleTTP]s/appium&amp#27;[39m/node_modules &amp#27;[9/babel0m{"using":-ru"intd","valimue":"com.Slace/k:ired/negeneratoxtr/runtime.j_butts:13on6:_ur37)
l_entry"}&amp#27;[39m
[debug] &amp#27;[35m[W3C]&amp#27;[39m Calling AppiumDriver.findElement() with args: ["id","com.Slack:id/next_button_url_entry","6c033502-fd88-4722-8b5b-92e91949d161"]
[debug] &amp#27;[35m[BaseDriver]&amp#27;[39m Valid locator strategies for this request: xpath, id, class name, accessibility id, -android uiautomator
[debug] &amp#27;[35m[BaseDriver]&amp#27;[39m Waiting up to 0 ms for condition
[debug] &amp#27;[35m[JSONWP Proxy]&amp#27;[39m Matched '/element' to command name 'findElement'
[debug] &amp#27;[35m[JSONWP Proxy]&amp#27;[39m Proxying [POST /element] to [POST http://localhost:8201/wd/hub/session/5a27c767-9791-4751-872d-2ed612cd606d/element] with body: {"strategy":"id","selector":"com.Slack:id/next_button_url_entry","context":"","multiple":false}
[debug] &amp#27;[35m[MJSONWP]&amp#27;[39m Matched JSONWP error code 7 to NoSuchElementError
&amp#27;[35m[MJSONWP]&amp#27;[39m Encountered internal error running command: NoSuchElementError: An element could not be located on the page using the given search parameters.
&amp#27;[35m[MJSONWP]&amp#27;[39m     at AndroidUiautomator2Driver.callee$0$0$ (/usr/local/lib/node_modules/appium/node_modules/appium-andro&amp#27;[35m[HTTP]&amp#27;[39m &amp#27;id-[37m<--dr Piver/lib/commands/find.OST /wd/hub/sessijs:75on/6c033502-fd:11)
&amp#27;[35m[88-4722-8b5b-92eMJSONWP]&amp#27;[39m     at tryCatch (/usr91949d161/element &amp#27;[3/local/li9m&amp#27;[31m500&amp#27;[b/nod39e_m &amp#27;[90modules/appim2um/node_modules/bab4 ms - 164&amp#27;[39m
e&amp#27;[35l-runtime/regem[HneTTP]&amp#27;[ra39mtor/runt &amp#27;[90ime.jsm&amp#27;[3:679m:40)
&amp#27;[35m[MJ
SONWP]&amp#27;[39m     at GeneratorFunctionPrototype.invoke [as _invoke] (/usr/local/lib/node_modules/appium/node_modules/babel-runtime/regenerator/runtime.js:315:22)
&amp#27;[35m[MJSONWP]&amp#27;[39m     at GeneratorFunctionPrototype.prototype.(anonymous function) [as throw] (/usr/local/lib/node_modules/appium/node_modules/babel-runtime/regenerator/runtime.js:100:21)
&amp#27;[35m[MJSONWP]&amp#27;[39m     at GeneratorFunctionPrototype.invoke (/usr/local/lib/node_modules/appium/node_modules/babel-runtim&amp#27;[35m[HTTP]&amp#27;[39m &amp#27;[37m--e/>&amp#27;[39m &amp#27;[37mregenPOST&amp#27;[39m &amp#27;[3er7m/wd/hub/ator/session/6runtimec0.js:136:37)
33502-fd88-4722-8b5b-92e91949d161/element&amp#27;[39m
&amp#27;[35m[HTTP]&amp#27;[39m &amp#27;[90m{"using":"id","value":"com.Slack:id/next_button_url_entry"}&amp#27;[39m
[debug] &amp#27;[35m[W3C]&amp#27;[39m Calling AppiumDriver.findElement() with args: ["id","com.Slack:id/next_button_url_entry","6c033502-fd88-4722-8b5b-92e91949d161"]
[debug] &amp#27;[35m[BaseDriver]&amp#27;[39m Valid locator strategies for this request: xpath, id, class name, accessibility id, -android uiautomator
[debug] &amp#27;[35m[BaseDriver]&amp#27;[39m Waiting up to 0 ms for condition
[debug] &amp#27;[35m[JSONWP Proxy]&amp#27;[39m Matched '/element' to command name 'findElement'
[debug] &amp#27;[35m[JSONWP Proxy]&amp#27;[39m Proxying [POST /element] to [POST http://localhost:8201/wd/hub/session/5a27c767-9791-4751-872d-2ed612cd606d/element] with body: {"strategy":"id","selector":"com.Slack:id/next_button_url_entry","context":"","multiple":false}
[debug] &amp#27;[35m[MJSONWP]&amp#27;[39m Matched JSONWP error code 7 to NoSuchElementError
&amp#27;[35m[MJSONWP]&amp#27;[39m Encountered internal error running command: NoSuchElementError: An element could not be located on the page using the given search parameters.
&amp#27;[35m[MJSONWP]&amp#27;[39m     at AndroidUiautomator2Driver.callee$0$0$ (/usr/local/lib/n&amp#27;[35m[HTTP]&amp#27;[39m &amp#27;[ode_mod37mules/ap<--pi POST /wdum//hnodeub_modu/session/6lc033es/appiu502-fd88-4m-722-8anb5drb-92oie91d-dr94iver9d/lib/16commands/find.js:75:11)
1/element &amp#27;&amp#27;[35m[MJSO[39mNW&amp#27;[31P]m5&amp#27;[39m  00  &amp#27;[ at 39m &amp#27;[90m26 ms - 16tr4&amp#27;[39m
yCatch (/&amp#27;[3usr/local/lib/nod5m[He_moTTP]du&amp#27;[39lem &amp#27;s/appium/[9no0mde&amp#27;[39_modulm
es/babel-runtime/regenerator/runtime.js:67:40)
&amp#27;[35m[MJSONWP]&amp#27;[39m     at GeneratorFunctionPrototype.invoke [as _invoke] (/usr/local/lib/node_modules/appium/node_modules/babel-runtime/regenerator/runtime.js:315:22)
&amp#27;[35m[MJSONWP]&amp#27;[39m     at GeneratorF&amp#27;[unct35m[HTTionPP]&amp#27;rotot[39m ype&amp#27;[37m--.proto>&amp#27;[39m &amp#27;[37mPOSTtype.(anonymous f&amp#27;[un39ction) [m as&amp#27;[ throw] (/u37m/sr/locwd/hub/al/lsession/ib6c033/nod502e_-fd88-mod4722ul-8b5bes/appium/nod-92e9e_mod19ul49d161/eles/babel-runtemimene/ret&amp#27;ge[39m
n&amp#27;[35erator/rum[HTTP]nt&amp#27;[3im9m &amp#27;[90m{"using"e.js:"id","value:100:21)":
"com.S&amp#27;[lack:35m[Mid/nJSONext_button_WPur]&amp#27;[39ml_     entry"}&amp#27;at Generat[3or9m
[dFunctioebug] &amp#27;[35m[W3C]nPrototype&amp#27;[.i39nvoke (/m Causlling Ar/loppiumcalDri/lib/nodver.fe_moduindElesle/appium/node_modulesment() with args: ["id","com/bab.Slack:id/nexelt_bu-rttountimen_ur/regel_entneryrat",or/runtime.js:"6c033502-136:3fd7)
88-4722-8b5b-92e91949d161"]
[debug] &amp#27;[35m[BaseDriver]&amp#27;[39m Valid locator strategies for this request: xpath, id, class name, accessibility id, -android uiautomator
[debug] &amp#27;[35m[BaseDriver]&amp#27;[39m Waiting up to 0 ms for condition
[debug] &amp#27;[35m[JSONWP Proxy]&amp#27;[39m Matched '/element' to command name 'findElement'
[debug] &amp#27;[35m[JSONWP Proxy]&amp#27;[39m Proxying [POST /element] to [POST http://localhost:8201/wd/hub/session/5a27c767-9791-4751-872d-2ed612cd606d/element] with body: {"strategy":"id","selector":"com.Slack:id/next_button_url_entry","context":"","multiple":false}
[debug] &amp#27;[35m[MJSONWP]&amp#27;[39m Matched JSONWP error code 7 to NoSuchElementError
&amp#27;[35m[MJSONWP]&amp#27;[39m Encountered internal error running command: NoSuchElementError: An element could not be located on the page using the given search parameters.
&amp#27;[35m[MJSONWP]&amp#27;[39m     at AndroidUiautomator2Driver.cal&amp#27;[35lem[HTTP]&amp#27;[39e$m 0$0$ (/u&amp#27;[sr/local/l37m<-- ib/node_modulePOST s/appi/wd/um/nodhub/session/6c033502-fd88-4e_modul72es2-8/appiumb5b-a-92e91949d161/elemenndt &amp#27;roid-driver[39m&amp#27;[/lib/31m5comman00ds&amp#27;[39/fim &amp#27;[90nd.js:75:11m26 ms )
&amp#27;- 164[35m[&amp#27;[3MJSONWP]&amp#27;[399mm     at 
tryCat&amp#27;[35m[HTTP]&amp#27;[39m &amp#27;[90mch (/u&amp#27;[39m
sr/local/lib/node_modules/appium/node_modules/babel-runtime/regenerator/runtime.js:67:40)
&amp#27;[35m[MJSONWP]&amp#27;[39m     at GeneratorFunctionPrototype.invoke [as _invoke] (/usr/local/lib/node_modules/appium/node_modules/babel-runtime/regenerator/runtime.js:315:22)
&amp#27;[35m[MJSONWP]&amp#27;[39m     at GeneratorFunctionPrototype.prototype.(anonymous function) [as throw] (/usr/local/lib/node_modules/&amp#27;[35m[appHTTP]&amp#27;[3ium/9m no&amp#27;[37mde-->&amp#27;[39m &amp#27;[3_modu7mPOSTles&amp#27;[39m /b&amp#27;[37abel-m/runtwd/hub/sessime/rion/6c033502-fd88-4egenerator/722-8b5b-92rue9ntime.j1949d161/elements:10&amp#27;[390:21m
)
&amp#27;[35&amp#27;[35mm[HT[MTP]&amp#27;[3JS9m &amp#27;ON[90mWP{"using":"i]&amp#27;d","val[39m ue  ":"com.Slack:  at Gid/next_button_urlenerato_entry"rF}&amp#27;[3unction9m
[Prdeotbuotyg]pe.invo &amp#27;[35m[W3Cke (]&amp#27;[39m Callin/ug srAp/locpiumDriveral/lib/node_m.fiodndElement()ules/appium/n withode_ amodulesrgs/bab: ["id","coel-runtime/rm.Segelack:id/nnerator/extruntime.js:_bu136:37)
tton_url_entry","6c033502-fd88-4722-8b5b-92e91949d161"]
[debug] &amp#27;[35m[BaseDriver]&amp#27;[39m Valid locator strategies for this request: xpath, id, class name, accessibility id, -android uiautomator
[debug] &amp#27;[35m[BaseDriver]&amp#27;[39m Waiting up to 0 ms for condition
[debug] &amp#27;[35m[JSONWP Proxy]&amp#27;[39m Matched '/element' to command name 'findElement'
[debug] &amp#27;[35m[JSONWP Proxy]&amp#27;[39m Proxying [POST /element] to [POST http://localhost:8201/wd/hub/session/5a27c767-9791-4751-872d-2ed612cd606d/element] with body: {"strategy":"id","selector":"com.Slack:id/next_button_url_entry","context":"","multiple":false}
[debug] &amp#27;[35m[MJSONWP]&amp#27;[39m Matched JSONWP error code 7 to NoSuchElementError
&amp#27;[35m[MJSONWP]&amp#27;[39m Encountered internal error running command: NoSuchElementError: An element could not be located on the page using the given search parameters.
&amp#27;[35m[MJSONWP]&amp#27;[39m     at AndroidUiautomator2Driver.callee$0$0$&amp#27;[35m[HT (TP]&amp#27;/usr[3/lo9mcal/ &amp#27;[3li7m<b/no-- Pde_moOSdules/aT /wd/hub/sessioppium/node_modun/6cle03350s/2-appifdum-88-472and2-8b5roid-driver/libb-/comman92ds/find.jse9:75:11)
&amp#27;[35m[MJSON19WP]&amp#27;[49d1639m1/element &amp#27;[39m&amp#27;[3     at t1m50ryCatch0&amp#27; ([39/um &amp#27;sr/loc[9al/li0m23 msb/n - ode_mo164&amp#27;[39m
du&amp#27;[le35m[HTTP]&amp#27;[3s/appium9m &amp#27;[/nod90e_modules/babm&amp#27;[el-39mruntim
e/regenerator/runtime.js:67:40)
&amp#27;[35m[MJSONWP]&amp#27;[39m     at GeneratorFunctionPrototype.invoke [as _invoke] (/usr/local/lib/node_modules/appium/node_modules/babel-runtime/regenerator&amp#27;[/r35m[HTTunP]&amp#27;[ti39me.js:315:m &amp#27;[2237m)
&amp#27;[35m[MJS-->&amp#27;[ON39m &amp#27;[3WP7mPOST&amp#27;[39m &amp#27;[37m/wd/]&amp#27;[39mhub/session/6c0     at GeneratorFunctionP33502-fd88rototyp-4722-8e.b5b-protot92eyp91e.949(anond1ymo61us/element&amp#27;[39m
 f&amp#27;[35m[HTunTP]&amp#27;[39m ction)&amp#27;[90m{"usi [ngas": thr"iow] (/usr/d",local/"valuelib/node_modules/ap":"compium/node_modules/ba.Slacbel-k:id/neruxt_buttontime/n_url_eregenentry"}&amp#27;[39mrator/runti
[debug] me.&amp#27;[js:35m[W3C]&amp#27;[100:21)
&amp#27;[39m C35m[MJSONallWP]&amp#27;ing AppiumDr[3iver9m .fin  dE  at Glement() witenerh aratorFunctionProgs: ["id"toty,"peco.invoke (/usrm.S/loclaal/lck:id/ib/nodenext__modulebuts/ton_urappiul_em/ntnodery",_mo"6cdu03350le2-fd8s/8-47babel-runt22-8b5bime/re-9generat2e91949d161"]
[debuor/runtime.js:136:37)
g] &amp#27;[35m[BaseDriver]&amp#27;[39m Valid locator strategies for this request: xpath, id, class name, accessibility id, -android uiautomator
[debug] &amp#27;[35m[BaseDriver]&amp#27;[39m Waiting up to 0 ms for condition
[debug] &amp#27;[35m[JSONWP Proxy]&amp#27;[39m Matched '/element' to command name 'findElement'
[debug] &amp#27;[35m[JSONWP Proxy]&amp#27;[39m Proxying [POST /element] to [POST http://localhost:8201/wd/hub/session/5a27c767-9791-4751-872d-2ed612cd606d/element] with body: {"strategy":"id","selector":"com.Slack:id/next_button_url_entry","context":"","multiple":false}
[debug] &amp#27;[35m[MJSONWP]&amp#27;[39m Matched JSONWP error code 7 to NoSuchElementError
&amp#27;[35m[MJSONWP]&amp#27;[39m Encountered internal error running command: NoSuchElementError: An element could not be located on the page using the given search parameters.
&amp#27;[35m[MJSONWP]&amp#27;[39m     at AndroidUiautomator2Driver.callee$0$0$ (/usr/local/lib/no&amp#27;[35m[HTTP]&amp#27;[39m &amp#27;[37m<-- POST /wd/hub/session/6c033502-fd88-4722-8b5b-92e91949d161/element &amp#27;[39m&amp#27;[31m500&amp#27;[39dem &amp#27;[90m29 ms - _mod164&amp#27;[39m
&amp#27;[35m[HTTP]&amp#27;[39m &amp#27;[90m&amp#27;[39m
ules/appium/node_modules/appium-android-driver/lib/commands/find.js:75:11)
&amp#27;[35m[MJSONWP]&amp#27;[39m     at tryCatch (/usr/local/lib/node_modules/appium/node_modules/babel-runtime/regenerator/runtime.js:67:40)
&amp#27;[35m[MJSONWP]&amp#27;[39m     at GeneratorFunctionPrototype.invoke [as _invoke] (/usr/local/lib/node_modules/appium/node_modules/babel-runtime/regenerator/runtime.js:315:22)
&amp#27;[35m[MJSONWP]&amp#27;[39m     at GeneratorFunctionPrototype.prototype.(anonymous function) [as throw] (/usr/local/lib/node_modules/appium/node_modules/babel-runtime/regenerator/runtime.js:100:21)
&amp#27;[35m[MJSONWP]&amp#27;[39m     at GeneratorFunctionPrototype.invoke (/usr/local/lib/node_modules/appium/node_modules/babel-runtime/regenerator/runtime.js:136:37)
&amp#27;[35m[HTTP]&amp#27;[39m &amp#27;[37m-->&amp#27;[39m &amp#27;[37mPOST&amp#27;[39m &amp#27;[37m/wd/hub/session/6c033502-fd88-4722-8b5b-92e91949d161/element&amp#27;[39m
&amp#27;[35m[HTTP]&amp#27;[39m &amp#27;[90m{"using":"id","value":"com.Slack:id/next_button_url_entry"}&amp#27;[39m
[debug] &amp#27;[35m[W3C]&amp#27;[39m Calling AppiumDriver.findElement() with args: ["id","com.Slack:id/next_button_url_entry","6c033502-fd88-4722-8b5b-92e91949d161"]
[debug] &amp#27;[35m[BaseDriver]&amp#27;[39m Valid locator strategies for this request: xpath, id, class name, accessibility id, -android uiautomator
[debug] &amp#27;[35m[BaseDriver]&amp#27;[39m Waiting up to 0 ms for condition
[debug] &amp#27;[35m[JSONWP Proxy]&amp#27;[39m Matched '/element' to command name 'findElement'
[debug] &amp#27;[35m[JSONWP Proxy]&amp#27;[39m Proxying [POST /element] to [POST http://localhost:8201/wd/hub/session/5a27c767-9791-4751-872d-2ed612cd606d/element] with body: {"strategy":"id","selector":"com.Slack:id/next_button_url_entry","context":"","multiple":false}
[debug] &amp#27;[35m[MJSONWP]&amp#27;[39m Matched JSONWP error code 7 to NoSuchElementError
&amp#27;[35m[MJSONWP]&amp#27;[39m Encountered internal error running command: NoSuchElementError: An element could not be located on the page using the given search parameters.
&amp#27;[35m[MJSONWP]&amp#27;[39m     at AndroidUiautomat&amp#27;[35m[or2DriHTTP]&amp#27;[39m &amp#27;[37m<-- POST /wd/hub/session/6c033502-fd88ver.callee$0$0$ (/usr/local/lib-47/n22-8b5b-92e91949d161/elode_modules/appium/nodeement &amp#27;[39m&amp#27;[3_modules/appium-android-driver/lib/commands/find.js:75:11)
&amp#27;[35m1m[MJSONWP]&amp#27;[50039&amp#27;[39m     at tryCatchm &amp#27;[90m23 ms - 16 (/usr/local/lib/node_modules/appium/node_modules/4&amp#27;[39m
b&amp#27;[35m[abel-HTruntTP]&amp#27;[39m &amp#27;[90m&amp#27;[ime/regenerator/r39m
untime.js:67:40)
&amp#27;[35m[MJSONWP]&amp#27;[39m     at GeneratorFunctionPrototype.invoke [as _invoke] (/usr/local/lib/node_modules/appium/node_modules/babel-runtime/regenerator/runtime.js:315:22)
&amp#27;[35m[MJSONWP]&amp#27;[39m     at GeneratorFunctionPrototype.prototype.(anonymous function) [&amp#27;[35mas [Hthrow] (TTP]/usr/local/lib/nod&amp#27;[39me_mo &amp#27;[du37mle-->&amp#27;[39m s/ap&amp#27;[37mPOST&amp#27;[39m &amp#27;[3pium/node_modules/babel-runtime/regenerator/runtime.js:100:21)
&amp#27;[35m[7m/wd/MJSONWP]&amp#27;[39m     at Gehub/session/6nec033502-fd88-ratorFunctionPr472ot2otype.in-8b5b-92e91949voke (/usr/local/lib/nd161ode_modules/appium/node_modules/babel-runtime/regenerator/runtime./ejs:136:37)
lement&amp#27;[39m
&amp#27;[35m[HTTP]&amp#27;[39m &amp#27;[90m{"using":"id","value":"com.Slack:id/next_button_url_entry"}&amp#27;[39m
[debug] &amp#27;[35m[W3C]&amp#27;[39m Calling AppiumDriver.findElement() with args: ["id","com.Slack:id/next_button_url_entry","6c033502-fd88-4722-8b5b-92e91949d161"]
[debug] &amp#27;[35m[BaseDriver]&amp#27;[39m Valid locator strategies for this request: xpath, id, class name, accessibility id, -android uiautomator
[debug] &amp#27;[35m[BaseDriver]&amp#27;[39m Waiting up to 0 ms for condition
[debug] &amp#27;[35m[JSONWP Proxy]&amp#27;[39m Matched '/element' to command name 'findElement'
[debug] &amp#27;[35m[JSONWP Proxy]&amp#27;[39m Proxying [POST /element] to [POST http://localhost:8201/wd/hub/session/5a27c767-9791-4751-872d-2ed612cd606d/element] with body: {"strategy":"id","selector":"com.Slack:id/next_button_url_entry","context":"","multiple":false}
[debug] &amp#27;[35m[MJSONWP]&amp#27;[39m Matched JSONWP error code 7 to NoSuchElementError
&amp#27;[35m[MJSONWP]&amp#27;[39m Encountered internal error running command: NoSuchElementError: An element could not be located on the page using the given search parameters.
&amp#27;[35m[MJSONWP]&amp#27;[39m     at AndroidUiautomator2Driver.callee$0$0$ (/usr/local/lib/node_modules/appium/node_modules/appium-android-driver/lib/commands/find.js:75:11)
&amp#27;[35m[MJSONWP]&amp#27;[39m     at tryCatch (/usr/local/lib/node_modules/appium/node_modules/babel-runtime/regenerator/runtime.js:67:40)
&amp#27;[35m[MJSONWP]&amp#27;[39m    &amp#27;[35 atm[ GHTTP]&amp#27;[39m &amp#27;[en37eratm<-- PorFuOST /wnctid/hub/sonesPrsion/ototype.inv6c033502oke -fd88-47[as22-8 _b5invoke] b-92(/usre919/local/lib/node49_mod161dules/element/a &amp#27;[3pp9m&amp#27;[31m500&amp#27;[39m &amp#27;[90m40 ms - 164&amp#27;[39m
&amp#27;[35m[HTTP]&amp#27;[39m &amp#27;[90m&amp#27;[39m
ium/node_modules/babel-runtime/regenerator/runtime.js:315:22)
&amp#27;[35m[MJSONWP]&amp#27;[39m     at GeneratorFunctionPrototype.prototype.(anonymous function) [as throw] (/usr/local/lib/node_modules/appium/node_modules/babel-runtime/regenerator/runtime.js:100:21)
&amp#27;[35m[MJSONWP]&amp#27;[39m     at GeneratorFunctionPrototype.invoke (/usr/local/lib/node_modules/appium/node_modules/babel-runtime/regenerator/runtime.js:136:37)
&amp#27;[35m[HTTP]&amp#27;[39m &amp#27;[37m-->&amp#27;[39m &amp#27;[37mPOST&amp#27;[39m &amp#27;[37m/wd/hub/session/6c033502-fd88-4722-8b5b-92e91949d161/element&amp#27;[39m
&amp#27;[35m[HTTP]&amp#27;[39m &amp#27;[90m{"using":"id","value":"com.Slack:id/next_button_url_entry"}&amp#27;[39m
[debug] &amp#27;[35m[W3C]&amp#27;[39m Calling AppiumDriver.findElement() with args: ["id","com.Slack:id/next_button_url_entry","6c033502-fd88-4722-8b5b-92e91949d161"]
[debug] &amp#27;[35m[BaseDriver]&amp#27;[39m Valid locator strategies for this request: xpath, id, class name, accessibility id, -android uiautomator
[debug] &amp#27;[35m[BaseDriver]&amp#27;[39m Waiting up to 0 ms for condition
[debug] &amp#27;[35m[JSONWP Proxy]&amp#27;[39m Matched '/element' to command name 'findElement'
[debug] &amp#27;[35m[JSONWP Proxy]&amp#27;[39m Proxying [POST /element] to [POST http://localhost:8201/wd/hub/session/5a27c767-9791-4751-872d-2ed612cd606d/element] with body: {"strategy":"id","selector":"com.Slack:id/next_button_url_entry","context":"","multiple":false}
[debug] &amp#27;[35m[MJSONWP]&amp#27;[39m Matched JSONWP error code 7 to NoSuchElementError
&amp#27;[35m[MJSONWP]&amp#27;[39m Encountered internal error running command: NoSuchElementError: An element could not be located on the page using the given search parameters.
&amp#27;[35m[MJSONWP]&amp#27;[39m     at AndroidUiautomator2Driver.callee$0$0$ (/usr/local/lib/node_modules/appium/node_modules/appium-android&amp#27;[3-driver/lib/commands/find.js:75:11)
&amp#27;[35m[MJSONWP]&amp#27;[35m9m [HT    at tryTP]&amp#27;[39Cam &amp#27;[3tch (/usr/local/lib/node_modules/appium/node_modules/babel-runtime/regenerator/runtime.js:67:40)
&amp#27;[35m[MJSONWP]&amp#27;[39m     at GeneratorFunctionPrototype.invoke [as _invoke] (/usr/local/lib/node_modules/appium/node_modules/babel-runtime/regenerator/runtime.js:315:22)
&amp#27;[35m[MJSONWP]&amp#27;[39m     at GeneratorFunctionPrototype.prototype.(anonymous function) [as throw] (/usr/local/lib/node_modules/appium/no7mde_modules/<babel-runtime/regenerator/runtime.js:100:21)
&amp#27;[35m[MJSONWP]&amp#27;[39m     at GeneratorFunctionPrototype.invoke (/usr/local/li-- POSb/nodeT /wd/hub/s_moduession/6cles/appi033um/node_modules/b502-fd88ab-4722-8b5b-el92e91949d161/-relement &amp#27;[39untime/regenerator/runtime.js:136:37)
m&amp#27;[31m500&amp#27;[39m &amp#27;[90m29 ms - 164&amp#27;[39m
&amp#27;[35m[HTTP]&amp#27;[39m &amp#27;[90m&amp#27;[39m
&amp#27;[35m[HTTP]&amp#27;[39m &amp#27;[37m-->&amp#27;[39m &amp#27;[37mPOST&amp#27;[39m &amp#27;[37m/wd/hub/session/6c033502-fd88-4722-8b5b-92e91949d161/element&amp#27;[39m
&amp#27;[35m[HTTP]&amp#27;[39m &amp#27;[90m{"using":"id","value":"com.Slack:id/next_button_url_entry"}&amp#27;[39m
[debug] &amp#27;[35m[W3C]&amp#27;[39m Calling AppiumDriver.findElement() with args: ["id","com.Slack:id/next_button_url_entry","6c033502-fd88-4722-8b5b-92e91949d161"]
[debug] &amp#27;[35m[BaseDriver]&amp#27;[39m Valid locator strategies for this request: xpath, id, class name, accessibility id, -android uiautomator
[debug] &amp#27;[35m[BaseDriver]&amp#27;[39m Waiting up to 0 ms for condition
[debug] &amp#27;[35m[JSONWP Proxy]&amp#27;[39m Matched '/element' to command name 'findElement'
[debug] &amp#27;[35m[JSONWP Proxy]&amp#27;[39m Proxying [POST /element] to [POST http://localhost:8201/wd/hub/session/5a27c767-9791-4751-872d-2ed612cd606d/element] with body: {"strategy":"id","selector":"com.Slack:id/next_button_url_entry","context":"","multiple":false}
[debug] &amp#27;[35m[MJSONWP]&amp#27;[39m Matched JSONWP error code 7 to NoSuchElementError
&amp#27;[35m[MJSONWP]&amp#27;[39m Encountered internal error running command: NoSuchElementError: An element could not be located on the page using the given search parameters.
&amp#27;[35m[MJSONWP]&amp#27;[39m     at AndroidUiautomator2Driver.callee$0$0$ (/usr/local/lib/node_modules/appium/node_modules/appium-android-driver/lib/commands/find.js:75:11)
&amp#27;[35m[M&amp#27;[JSONWP]&amp#27;[39m     at tryC35m[HTTPatch (/u]&amp#27;[39msr/local/lib/node_m &amp#27;odu[37les/am<-ppium- POST /wd/h/node_modules/babel-runtime/regenerator/runtime.js:67:40)
&amp#27;[35m[MJSONWP]&amp#27;[39m     at GeneratorFunctionPrototype.invoke [as _invoke] (/usr/local/lib/node_modules/appium/node_modules/babel-runtime/regenerator/runtime.js:315:22)
&amp#27;[35m[MJSONWP]&amp#27;[39m     at GeneratorFunctionPrototype.prototype.(anonymous function) [as throw] (/usr/local/lib/node_modules/appium/node_modules/babel-runtime/regenerator/runtime.js:100:21)
&amp#27;[35m[MJSONWP]&amp#27;[39m     at GeneratorFunctionPrototype.invoke (/usr/local/lib/node_modules/appium/node_modules/babel-runtime/regenerator/runtime.js:136:37)
ub/session/6c033502-fd88-4722-8b5b-92e91949d161/element &amp#27;[39m&amp#27;[31m500&amp#27;[39m &amp#27;[90m32 ms - 164&amp#27;[39m
&amp#27;[35m[HTTP]&amp#27;[39m &amp#27;[90m&amp#27;[39m
&amp#27;[35m[HTTP]&amp#27;[39m &amp#27;[37m-->&amp#27;[39m &amp#27;[37mPOST&amp#27;[39m &amp#27;[37m/wd/hub/session/6c033502-fd88-4722-8b5b-92e91949d161/element&amp#27;[39m
&amp#27;[35m[HTTP]&amp#27;[39m &amp#27;[90m{"using":"id","value":"com.Slack:id/next_button_url_entry"}&amp#27;[39m
[debug] &amp#27;[35m[W3C]&amp#27;[39m Calling AppiumDriver.findElement() with args: ["id","com.Slack:id/next_button_url_entry","6c033502-fd88-4722-8b5b-92e91949d161"]
[debug] &amp#27;[35m[BaseDriver]&amp#27;[39m Valid locator strategies for this request: xpath, id, class name, accessibility id, -android uiautomator
[debug] &amp#27;[35m[BaseDriver]&amp#27;[39m Waiting up to 0 ms for condition
[debug] &amp#27;[35m[JSONWP Proxy]&amp#27;[39m Matched '/element' to command name 'findElement'
[debug] &amp#27;[35m[JSONWP Proxy]&amp#27;[39m Proxying [POST /element] to [POST http://localhost:8201/wd/hub/session/5a27c767-9791-4751-872d-2ed612cd606d/element] with body: {"strategy":"id","selector":"com.Slack:id/next_button_url_entry","context":"","multiple":false}
[debug] &amp#27;[35m[MJSONWP]&amp#27;[39m Matched JSONWP error code 7 to NoSuchElementError
&amp#27;[35m[MJSONWP]&amp#27;[39m Encountered internal error running command: NoSuchElementError: An element could not be located on the page using the given search parameters.
&amp#27;[35m[MJSONWP]&amp#27;[39m     at AndroidUiautomator2Driver.callee$0$0$ (/usr/local/lib/node_modules/appium/node_modules/appium-android-driver/lib/commands/find.js:75:11)
&amp#27;[35m[MJSONWP]&amp#27;[39m     at tryCatch (/usr/local/lib/node_modules/appium/node_modules/babel-runtime/regenerator/runtime.js:67:40)
&amp#27;[35m[MJSONWP]&amp#27;[39m     at GeneratorFunctionPrototype.invoke [as _invoke] (/usr/local/lib/node_mo&amp#27;[35m[HTTP]dules/appium/node_modules/b&amp#27;[3abel9m &amp#27;[37m<-runtime/rege-- Pnerator/runtime.js:3OST /wd/h15:22)
&amp#27;[35m[MJSONWP]&amp#27;[39m     at GeneratorFunctionPrototype.prototype.(anonymous funcub/setion) ssion/6[as throw] (/c03350usr/loc2-fd88-4722-8al/lib/node_modules/appium/node_modules/babel-runtime/regenerator/runtb5ime.js:10b-0:21)
&amp#27;[35m[MJSONWP]&amp#27;[39m     at GeneratorFunctionPrototype.invoke (/usr/local/lib/node_modules/appium/node_modules/babel-runtime/regenerator/runtime.js:136:37)
92e91949d161/element &amp#27;[39m&amp#27;[31m500&amp#27;[39m &amp#27;[90m25 ms - 164&amp#27;[39m
&amp#27;[35m[HTTP]&amp#27;[39m &amp#27;[90m&amp#27;[39m
&amp#27;[35m[HTTP]&amp#27;[39m &amp#27;[37m-->&amp#27;[39m &amp#27;[37mPOST&amp#27;[39m &amp#27;[37m/wd/hub/session/6c033502-fd88-4722-8b5b-92e91949d161/element&amp#27;[39m
&amp#27;[35m[HTTP]&amp#27;[39m &amp#27;[90m{"using":"id","value":"com.Slack:id/next_button_url_entry"}&amp#27;[39m
[debug] &amp#27;[35m[W3C]&amp#27;[39m Calling AppiumDriver.findElement() with args: ["id","com.Slack:id/next_button_url_entry","6c033502-fd88-4722-8b5b-92e91949d161"]
[debug] &amp#27;[35m[BaseDriver]&amp#27;[39m Valid locator strategies for this request: xpath, id, class name, accessibility id, -android uiautomator
[debug] &amp#27;[35m[BaseDriver]&amp#27;[39m Waiting up to 0 ms for condition
[debug] &amp#27;[35m[JSONWP Proxy]&amp#27;[39m Matched '/element' to command name 'findElement'
[debug] &amp#27;[35m[JSONWP Proxy]&amp#27;[39m Proxying [POST /element] to [POST http://localhost:8201/wd/hub/session/5a27c767-9791-4751-872d-2ed612cd606d/element] with body: {"strategy":"id","selector":"com.Slack:id/next_button_url_entry","context":"","multiple":false}
[debug] &amp#27;[35m[MJSONWP]&amp#27;[39m Matched JSONWP error code 7 to NoSuchElementError
&amp#27;[35m[MJSONWP]&amp#27;[39m Encountered internal error running command: NoSuchElementError: An element could not be located on the page using the given search parameters.
&amp#27;[35m[MJSONWP]&amp#27;[39m     at AndroidUiautomator2Driver.callee$0$0$ (/usr/local/lib/node_modules/appium/node_modules/appium-android-driver/lib/commands/find.js:75:11)
&amp#27;[35m[MJSONWP]&amp#27;[39m     at tryCatch (/usr/local/lib/node_modules/a&amp#27;[3ppium/node_modules/babel-runtime/regenerator/r5m[Huntime.js:67:40)
&amp#27;[35m[MJSONWP]&amp#27;[39m     at GeneratorFuncTTP]&amp#27;tionPrototype.invoke [as _invoke] (/usr/local/lib/node_modules/appium/node_modules/babel-runtime/regenerator/runtime.js:315:[39m &amp#27;[37m<--22)
&amp#27;[35m[M POST JSONWP]&amp#27;[39m     at GeneratorFunctionPrototype.prototype.(anonym/ous funwd/huction) [as throw] (/usr/local/lib/node_modules/appium/node_modules/babel-runtime/regenerator/runtime.js:100:21)
&amp#27;[35m[MJSONWP]&amp#27;[39m     at GeneratorFunctionPrototype.invoke (/usr/local/lib/node_modules/appium/node_modules/b/sesbabel-runtime/regenerator/runtime.js:136:37)
sion/6c033502-fd88-4722-8b5b-92e91949d161/element &amp#27;[39m&amp#27;[31m500&amp#27;[39m &amp#27;[90m32 ms - 164&amp#27;[39m
&amp#27;[35m[HTTP]&amp#27;[39m &amp#27;[90m&amp#27;[39m
&amp#27;[35m[HTTP]&amp#27;[39m &amp#27;[37m-->&amp#27;[39m &amp#27;[37mPOST&amp#27;[39m &amp#27;[37m/wd/hub/session/6c033502-fd88-4722-8b5b-92e91949d161/element&amp#27;[39m
&amp#27;[35m[HTTP]&amp#27;[39m &amp#27;[90m{"using":"id","value":"com.Slack:id/next_button_url_entry"}&amp#27;[39m
[debug] &amp#27;[35m[W3C]&amp#27;[39m Calling AppiumDriver.findElement() with args: ["id","com.Slack:id/next_button_url_entry","6c033502-fd88-4722-8b5b-92e91949d161"]
[debug] &amp#27;[35m[BaseDriver]&amp#27;[39m Valid locator strategies for this request: xpath, id, class name, accessibility id, -android uiautomator
[debug] &amp#27;[35m[BaseDriver]&amp#27;[39m Waiting up to 0 ms for condition
[debug] &amp#27;[35m[JSONWP Proxy]&amp#27;[39m Matched '/element' to command name 'findElement'
[debug] &amp#27;[35m[JSONWP Proxy]&amp#27;[39m Proxying [POST /element] to [POST http://localhost:8201/wd/hub/session/5a27c767-9791-4751-872d-2ed612cd606d/element] with body: {"strategy":"id","selector":"com.Slack:id/next_button_url_entry","context":"","multiple":false}
[debug] &amp#27;[35m[MJSONWP]&amp#27;[39m Matched JSONWP error code 7 to NoSuchElementError
&amp#27;[35m[MJSONWP]&amp#27;[39m Encountered internal error running command: NoSuchElementError: An element could not be located on the page using the given search parameters.
&amp#27;[35m[MJSONWP]&amp#27;[39m     at AndroidUiautomator2Driver.callee$0$0$ (/usr/local/lib/node_modules/appium/node_modules/appium-android-driver/lib/commands/find.js:75:11)
&amp#27;[35m[MJSONWP]&amp#27;[39m     at tryCatch (/usr/local/lib/node&amp#27;[35m[HTTP]&amp#27;[39m &amp#27;[37m<-- POST /wd/hub/session_modu/6c033502-fd88-4722-8b5b-92le91949d161/element &amp#27;[39es/appium/node_modules/babel-runtime/regenerator/runtime.jsm&amp#27;[31m500&amp#27;[39m &amp#27;[9:670m38 ms:40)
&amp#27;[ -35m[ 1MJSONWP]64&amp#27;[3&amp#27;[9m
&amp#27;[35m[HTTP]&amp#27;[39m &amp#27;[90m&amp#27;[39m
39m     at GeneratorFunctionPrototype.invoke [as _invoke] (/usr/local/lib/node_modules/appium/node_modules/babel-runtime/regenerator/runtime.j&amp#27;[35m[Hs:TTP]&amp#27;[39m &amp#27;[373m-->&amp#27;[39m &amp#27;[37mPOST&amp#27;[39m &amp#27;[37m/wd/hub/session/6c033502-fd88-4722-8b5b-92e191949d161/element&amp#27;5:22)
&amp#27;[[39m
35m[MJ&amp#27;[35m[HTTP]&amp#27;[39m &amp#27;[90m{"using":"id","value":"com.SSONWP]&amp#27;[39m   lack:id/next_button_url_ent  ary"}t &amp#27;[39m
[debug] &amp#27;[35m[W3C]&amp#27;[39m Calling AppiumDriver.findElement() with args: Ge["idne","com.Slack:id/next_button_url_entry","6c033502-fd88-4722-8b5b-92e91949d161"]
[debug] &amp#27;[35m[BaseDriver]&amp#27;[39m Valid locator strategies for this request: xpath, id, class name, accessibility id, -android uiautomator
[debug] &amp#27;[35m[BaseDriver]&amp#27;[39m Waiting up to 0 ms for condition
[debug] &amp#27;[35m[JSONWP Proxy]&amp#27;[r39m Matched ator'/element'Fu to command name 'finncdEletionment'
P[debrug] &amp#27;[35m[JSONWP Proxy]&amp#27;[3ototyp9m Proxye.ing [POST /element]p to [POST http://localhost:8201/wd/hubrot/session/5ota27c767-9791-4751-872d-2ed612cd606d/element] with body: {"sype.trategy":"id"(an,"selector":"com.Slack:id/next_button_url_entry","context":"","multiple":false}
onymous function) [as throw] (/usr/local/lib/node_modules/appium/node_modules/babel-runtime/regenerator/runtime.js:100:21)
&amp#27;[35m[MJSONWP]&amp#27;[39m     at GeneratorFunctionPrototype.invoke (/usr/local/lib/node_modules/appium/node_modules/babel-runtime/regenerator/runtime.js:136:37)
[debug] &amp#27;[35m[MJSONWP]&amp#27;[39m Matched JSONWP error code 7 to NoSuchElementError
&amp#27;[35m[MJSONWP]&amp#27;[39m Encountered internal error running command: NoSuchElementError: An element could not be located on the page using the given search parameters.
&amp#27;[35m[MJSONWP]&amp#27;[39m     at AndroidUiautomator2Driver.callee$0$0$ (/usr/local/lib/node_modules/appium/node_module&amp#27;[35m[HTTP]&amp#27;[39m &amp#27;[3s/ap7m<-- POST /wd/hub/session/6c0335pium-02-fd88-47an22-8b5b-92e919dro49d16id-dr1/elemeiver/nt &amp#27;[39m&amp#27;[lib/co31m500&amp#27;[39m &amp#27;[90m46 ms - 164&amp#27;[3mm9m
ands/&amp#27;[35m[HTTP]&amp#27;[39m &amp#27;[90find.jm&amp#27;[39m
s:75:11)
&amp#27;[35m[MJSONWP]&amp#27;[39m     at tryCatch (/usr/local/lib/node_modules/appium/node_modules/babel-runtime/regenerator/runtime.js:67:40)
&amp#27;[35m[MJSONWP]&amp#27;[39m     at GeneratorFunctionPrototype.invoke [as _invoke] (/usr/local/lib/node_modules/appium/node_modules/babel-runtime/regenerator/runtime.js:315:22)
&amp#27;[35m[MJSONWP]&amp#27;[39m     at GeneratorFunctionPrototype.prototype.(anonymous function) [as throw] (/usr/local/lib/node_modules/appium/node_modules/babel-runtime/regenerator/runtime.js:100:21)
&amp#27;[35m[MJSONWP]&amp#27;[39m     at GeneratorFunctionPrototype.invoke (/usr/local/lib/node_modules/appium/node_modul&amp#27;[35esm[HTT/bP]&amp#27;[39abm &amp#27;[37mel-runtime--/regenerator>&amp#27;/run[3time9m.js:1 &amp#27;[37mPOS36:37)
T&amp#27;[39m &amp#27;[37m/wd/hub/session/6c033502-fd88-4722-8b5b-92e91949d161/element&amp#27;[39m
&amp#27;[35m[HTTP]&amp#27;[39m &amp#27;[90m{"using":"id","value":"com.Slack:id/next_button_url_entry"}&amp#27;[39m
[debug] &amp#27;[35m[W3C]&amp#27;[39m Calling AppiumDriver.findElement() with args: ["id","com.Slack:id/next_button_url_entry","6c033502-fd88-4722-8b5b-92e91949d161"]
[debug] &amp#27;[35m[BaseDriver]&amp#27;[39m Valid locator strategies for this request: xpath, id, class name, accessibility id, -android uiautomator
[debug] &amp#27;[35m[BaseDriver]&amp#27;[39m Waiting up to 0 ms for condition
[debug] &amp#27;[35m[JSONWP Proxy]&amp#27;[39m Matched '/element' to command name 'findElement'
[debug] &amp#27;[35m[JSONWP Proxy]&amp#27;[39m Proxying [POST /element] to [POST http://localhost:8201/wd/hub/session/5a27c767-9791-4751-872d-2ed612cd606d/element] with body: {"strategy":"id","selector":"com.Slack:id/next_button_url_entry","context":"","multiple":false}
[debug] &amp#27;[35m[MJSONWP]&amp#27;[39m Matched JSONWP error code 7 to NoSuchElementError
&amp#27;[35m[MJSONWP]&amp#27;[39m Encountered internal error running command: NoSuchElementError: An element could not be located on the page using the given search parameters.
&amp#27;[35m[MJSONWP]&amp#27;[39m     at AndroidUiautomator2Driver.callee$0$0$ (/usr/local/lib/node_modules/appium/node_modules/appium-android-driver/lib/commands/find.js:75:11)
&amp#27;[35m[MJSONWP]&amp#27;[39m     at tryCatch (/usr/local/lib/node_modules/appium/node_modules/babel-runtime/regenerato&amp#27;[35m[HTTP]&amp#27;[39m r/ru&amp#27;[37m<-- ntime.jPOSTs:67:40)
 /&amp#27;[wd/hub/se35m[MJSOssNWioP]&amp#27;[39m     at GeneratorFunctionPron/totype.invoke [a6c03350s _invoke] (/usr/2-fd88-local/lib/node472_modul2-es/8b5b-9ap2epium/node_modules/babel-runtime91/rege949dnerator/runti16me.j1/elemens:315:2t 2)&amp#27;[39m&amp#27;
[3&amp#27;[1m50350&amp#27;[3m[M9m &amp#27;JSON[90m35WP ms - 164&amp#27;[]&amp#27;[39m     a39m
t GeneratorFunct&amp#27;[35mionPr[HototyTTpeP]&amp#27;[39m &amp#27;[90m.p&amp#27;[39m
rototype.(anonymous function) [as throw] (/usr/local/lib/node_modules/appium/node_modules/babel-runtime/regenerator/runtime.js:100:21)
&amp#27;[35m[MJSONWP]&amp#27;[39m     at GeneratorFunctionPrototype.invoke (/usr/local/lib/node_modules/appium/node_modules/babel-runtime/regenerator/runtime.js:136:37)
&amp#27;[35m[HTTP]&amp#27;[39m &amp#27;[37m-->&amp#27;[39m &amp#27;[37mPOST&amp#27;[39m &amp#27;[37m/wd/hub/session/6c033502-fd88-4722-8b5b-92e91949d161/element&amp#27;[39m
&amp#27;[35m[HTTP]&amp#27;[39m &amp#27;[90m{"using":"id","value":"com.Slack:id/next_button_url_entry"}&amp#27;[39m
[debug] &amp#27;[35m[W3C]&amp#27;[39m Calling AppiumDriver.findElement() with args: ["id","com.Slack:id/next_button_url_entry","6c033502-fd88-4722-8b5b-92e91949d161"]
[debug] &amp#27;[35m[BaseDriver]&amp#27;[39m Valid locator strategies for this request: xpath, id, class name, accessibility id, -android uiautomator
[debug] &amp#27;[35m[BaseDriver]&amp#27;[39m Waiting up to 0 ms for condition
[debug] &amp#27;[35m[JSONWP Proxy]&amp#27;[39m Matched '/element' to command name 'findElement'
[debug] &amp#27;[35m[JSONWP Proxy]&amp#27;[39m Proxying [POST /element] to [POST http://localhost:8201/wd/hub/session/5a27c767-9791-4751-872d-2ed612cd606d/element] with body: {"strategy":"id","selector":"com.Slack:id/next_button_url_entry","context":"","multiple":false}
[debug] &amp#27;[35m[MJSONWP]&amp#27;[39m Matched JSONWP error code 7 to NoSuchElementError
&amp#27;[35m[MJSONWP]&amp#27;[39m Encountered internal error running command: NoSuchElementError: An element could not be located on the page using the given search parameters.
&amp#27;[35m[MJSONWP]&amp#27;[39m     at AndroidUiautomator2Driver.callee$0$0$ (/usr/local/lib/node_modules/appium/node_modules/appium-android-driver/lib/commands/find.js:75:11)
&amp#27;[35m[MJSONWP]&amp#27;[39m     at tryCatch (/usr/local/lib/node_modules/appium/node_modules/babel-runtime/regenerator/runtime.js:67:40)
&amp#27;[35m[MJSONWP]&amp#27;[39m     at G&amp#27;[35m[HTTP]&amp#27;[39m &amp#27;[37m<-- POST /wd/hub/session/6c03350eneratorFunctionPrototype.invoke [as _invok2-fd88-4722-8b5b-92e91949d161/element &amp#27;[39m&amp#27;[31m500&amp#27;[39m &amp#27;[90m37 ms - 164&amp#27;[39m
&amp#27;[35m[HTTP]&amp#27;[39m &amp#27;[90m&amp#27;[39m
e] (/usr/local/lib/node_modules/appium/node_modules/babel-runtime/regenerator/runtime.js:315:22)
&amp#27;[35m[MJSONWP]&amp#27;[39m     at GeneratorFunctionPrototype.prototype.(anonymous function) [as throw] (/usr/local/lib/node_modules/appium/node_modules/babel-runtime/regenerator/runtime.js:100:21)
&amp#27;[35m[MJSONWP]&amp#27;[39m     at GeneratorFunctionPrototype.invoke (/usr/local/lib/node_modules/appium/node_modules/babel-runtime/regenerator/runtime.js:136:37)
&amp#27;[35m[HTTP]&amp#27;[39m &amp#27;[37m-->&amp#27;[39m &amp#27;[37mPOST&amp#27;[39m &amp#27;[37m/wd/hub/session/6c033502-fd88-4722-8b5b-92e91949d161/element&amp#27;[39m
&amp#27;[35m[HTTP]&amp#27;[39m &amp#27;[90m{"using":"id","value":"com.Slack:id/next_button_url_entry"}&amp#27;[39m
[debug] &amp#27;[35m[W3C]&amp#27;[39m Calling AppiumDriver.findElement() with args: ["id","com.Slack:id/next_button_url_entry","6c033502-fd88-4722-8b5b-92e91949d161"]
[debug] &amp#27;[35m[BaseDriver]&amp#27;[39m Valid locator strategies for this request: xpath, id, class name, accessibility id, -android uiautomator
[debug] &amp#27;[35m[BaseDriver]&amp#27;[39m Waiting up to 0 ms for condition
[debug] &amp#27;[35m[JSONWP Proxy]&amp#27;[39m Matched '/element' to command name 'findElement'
[debug] &amp#27;[35m[JSONWP Proxy]&amp#27;[39m Proxying [POST /element] to [POST http://localhost:8201/wd/hub/session/5a27c767-9791-4751-872d-2ed612cd606d/element] with body: {"strategy":"id","selector":"com.Slack:id/next_button_url_entry","context":"","multiple":false}
[debug] &amp#27;[35m[MJSONWP]&amp#27;[39m Matched JSONWP error code 7 to NoSuchElementError
&amp#27;[35m[MJSONWP]&amp#27;[39m Encountered internal error running command: NoSuchElementError: An element could not be located on the page using the given search parameters.
&amp#27;[35m[MJSONWP]&amp#27;[39m     at AndroidUiautomator2Driver.callee$0$0$ (/usr/local/lib/node_modules/appium/node_modules/appium-android-driver/lib/&amp#27;[35m[HTTP]&amp#27;[39m &amp#27;[37m<-- POcommands/find.js:75:ST /wd/hub/session/6c033502-fd88-4722-8b5b-92e91949d161/element &amp#27;11)
[39m&amp#27;[31m500&amp#27;[39m &amp#27;&amp#27;[35m[MJSONWP]&amp#27;[39m     at tryCatch (/usr/local/lib/node_modules/appiu[90m2m/node_modul4 es/babel-runtime/regenerator/runtime.js:67:40)
&amp#27;[35m[MJSONWP]&amp#27;[39m     at GeneratorFunctionPrototype.invoke [as _invoke] (/usr/local/lib/node_modules/appium/node_modules/babel-runtimms -e/re 164&amp#27;[39m
&amp#27;[35mgenerator/runtime.js:315:22[HTTP]&amp#27;[39m &amp#27;[90m&amp#27;[39m
)
&amp#27;[35m[MJSONWP]&amp#27;[39m     at GeneratorFunctionPrototype.prototype.(anonymous function) [as throw] (/usr/local/lib/node_modules/appium/node_modules/babel-runtime/regenerator/runtime.js:100:21)
&amp#27;[35m[MJSONWP]&amp#27;[39m     at GeneratorFunctionPrototype.invoke (/usr/local/lib/node_modules/appium/node_modules/babel-runtime/regenerator/runtime.js:136:37)
&amp#27;[35m[HTTP]&amp#27;[39m &amp#27;[37m-->&amp#27;[39m &amp#27;[37mPOST&amp#27;[39m &amp#27;[37m/wd/hub/session/6c033502-fd88-4722-8b5b-92e91949d161/element&amp#27;[39m
&amp#27;[35m[HTTP]&amp#27;[39m &amp#27;[90m{"using":"id","value":"com.Slack:id/next_button_url_entry"}&amp#27;[39m
[debug] &amp#27;[35m[W3C]&amp#27;[39m Calling AppiumDriver.findElement() with args: ["id","com.Slack:id/next_button_url_entry","6c033502-fd88-4722-8b5b-92e91949d161"]
[debug] &amp#27;[35m[BaseDriver]&amp#27;[39m Valid locator strategies for this request: xpath, id, class name, accessibility id, -android uiautomator
[debug] &amp#27;[35m[BaseDriver]&amp#27;[39m Waiting up to 0 ms for condition
[debug] &amp#27;[35m[JSONWP Proxy]&amp#27;[39m Matched '/element' to command name 'findElement'
[debug] &amp#27;[35m[JSONWP Proxy]&amp#27;[39m Proxying [POST /element] to [POST http://localhost:8201/wd/hub/session/5a27c767-9791-4751-872d-2ed612cd606d/element] with body: {"strategy":"id","selector":"com.Slack:id/next_button_url_entry","context":"","multiple":false}
[debug] &amp#27;[35m[MJSONWP]&amp#27;[39m Matched JSONWP error code 7 to NoSuchElementError
&amp#27;[35m[MJSONWP]&amp#27;[39m Encountered internal error running command: NoSuchElementError: An element could not be located on the page using the given search parameters.
&amp#27;[35m[MJSONWP]&amp#27;[39m     at AndroidUiautomator2Driver.callee$0$0$ (/usr/local/lib/node_modules/appium/node_modules/appium-android-driver/lib/commands/find.js:7&amp#27;[35m[HTTP]&amp#27;[39m &amp#27;[37m<-- POST /wd/hub/session/6c033502-fd88-4722-8b5b-92e9195:11)
&amp#27;[35m[MJSONWP]&amp#27;[39m    49d161/ ateleme tryCatch (/usr/local/lib/node_modules/appium/node_modulent &amp#27;[39m&amp#27;[31m500&amp#27;[39m &amp#27;[9s/babel-run0m26 ms - 1tim64&amp#27;[39m
e/re&amp#27;[35m[HTTP]&amp#27;[39m &amp#27;[90m&amp#27;[39gem
nerator/runtime.js:67:40)
&amp#27;[35m[MJSONWP]&amp#27;[39m     at GeneratorFunctionPrototype.invoke [as _invoke] (/usr/local/lib/node_modules/appium/node_modules/babel-runtime/regenerator/runtime.js:315:22)
&amp#27;[35m[MJSONWP]&amp#27;[39m     at GeneratorFunctionPrototype.prototype.(anonymous function) [as throw] (/usr/local/lib/node_modules/appium/node_modules/babel-runtime/regenerator/runtime.js:100:21)
&amp#27;[35m[MJSONWP]&amp#27;[39m     at GeneratorFunctionPrototype.invoke (/usr/local/lib/node_modules/appium/node_modules/babel-runtime/regenerator/runtime.js:136:37)
&amp#27;[35m[HTTP]&amp#27;[39m &amp#27;[37m-->&amp#27;[39m &amp#27;[37mPOST&amp#27;[39m &amp#27;[37m/wd/hub/session/6c033502-fd88-4722-8b5b-92e91949d161/element&amp#27;[39m
&amp#27;[35m[HTTP]&amp#27;[39m &amp#27;[90m{"using":"id","value":"com.Slack:id/next_button_url_entry"}&amp#27;[39m
[debug] &amp#27;[35m[W3C]&amp#27;[39m Calling AppiumDriver.findElement() with args: ["id","com.Slack:id/next_button_url_entry","6c033502-fd88-4722-8b5b-92e91949d161"]
[debug] &amp#27;[35m[BaseDriver]&amp#27;[39m Valid locator strategies for this request: xpath, id, class name, accessibility id, -android uiautomator
[debug] &amp#27;[35m[BaseDriver]&amp#27;[39m Waiting up to 0 ms for condition
[debug] &amp#27;[35m[JSONWP Proxy]&amp#27;[39m Matched '/element' to command name 'findElement'
[debug] &amp#27;[35m[JSONWP Proxy]&amp#27;[39m Proxying [POST /element] to [POST http://localhost:8201/wd/hub/session/5a27c767-9791-4751-872d-2ed612cd606d/element] with body: {"strategy":"id","selector":"com.Slack:id/next_button_url_entry","context":"","multiple":false}
[debug] &amp#27;[35m[MJSONWP]&amp#27;[39m Matched JSONWP error code 7 to NoSuchElementError
&amp#27;[35m[MJSONWP]&amp#27;[39m Encountered internal error running command: NoSuchElementError: An element could not be located on the page using the given search parameters.
&amp#27;[35m[MJSONWP]&amp#27;[39m     at AndroidUiautomator2Driver.callee$0$0$ (/usr/local/lib/node_modules/appium/node_modules/appium-android-driver/lib/commands/find.js:75:11)
&amp#27;[35m[MJSONWP]&amp#27;[39m     at tryCatch (/usr/local/lib/node_modules/appium/node_modules/babel-runtime/regenerator/runtime.js:67:40)
&amp#27;[35m[MJSONWP]&amp#27;[39m     at GeneratorFunctionPrototype.invoke [a&amp#27;[3s _inv5m[HTToke] (/usr/lP]&amp#27;[ocal39m &amp#27;[37m<-- POST /wd/hub/session/6c033502-fd88-4722-8b5b-92e919/lib/node49d_modules/161/elappiemum/node_entmodu &amp#27;[le39m&amp#27;[s/babel-runtime/31mrege500&amp#27;[3nerator/runtime.js:315:22)
&amp#27;[35m[MJSONWP]&amp#27;[39m     at GeneratorFunctionPrototype.prototype.(anonymous function) [as throw] (/usr/local/lib/node_modules/appium/9m &amp#27;[90m26 mnode_modules/babel-runtime/regenerator/runts - 164&amp#27;[39m
&amp#27;[35m[HTTP]&amp#27;[39m &amp#27;[90m&amp#27;[39m
ime.js:100:21)
&amp#27;[35m[MJSONWP]&amp#27;[39m     at GeneratorFunctionPrototype.invoke (/usr/local/lib/node_modules/appium/node_modules/babel-runtime/regenerator/runtime.js:136:37)
&amp#27;[35m[HTTP]&amp#27;[39m &amp#27;[37m-->&amp#27;[39m &amp#27;[37mPOST&amp#27;[39m &amp#27;[37m/wd/hub/session/6c033502-fd88-4722-8b5b-92e91949d161/element&amp#27;[39m
&amp#27;[35m[HTTP]&amp#27;[39m &amp#27;[90m{"using":"id","value":"com.Slack:id/next_button_url_entry"}&amp#27;[39m
[debug] &amp#27;[35m[W3C]&amp#27;[39m Calling AppiumDriver.findElement() with args: ["id","com.Slack:id/next_button_url_entry","6c033502-fd88-4722-8b5b-92e91949d161"]
[debug] &amp#27;[35m[BaseDriver]&amp#27;[39m Valid locator strategies for this request: xpath, id, class name, accessibility id, -android uiautomator
[debug] &amp#27;[35m[BaseDriver]&amp#27;[39m Waiting up to 0 ms for condition
[debug] &amp#27;[35m[JSONWP Proxy]&amp#27;[39m Matched '/element' to command name 'findElement'
[debug] &amp#27;[35m[JSONWP Proxy]&amp#27;[39m Proxying [POST /element] to [POST http://localhost:8201/wd/hub/session/5a27c767-9791-4751-872d-2ed612cd606d/element] with body: {"strategy":"id","selector":"com.Slack:id/next_button_url_entry","context":"","multiple":false}
[debug] &amp#27;[35m[MJSONWP]&amp#27;[39m Matched JSONWP error code 7 to NoSuchElementError
&amp#27;[35m[MJSONWP]&amp#27;[39m Encountered internal error running command: NoSuchElementError: An element could not be located on the page using the given search parameters.
&amp#27;[35m[MJSONWP]&amp#27;[39m     at AndroidUiautomator2Driver.callee$0$0$ (/usr/local/lib/node_modules/appium/node_modules/appium-android-driver/lib/commands/find.js:75:11)
&amp#27;[35m[MJSONWP]&amp#27;[39m     at tryCatch (/usr/local/lib/node_modules/appium/node_modules/babel-runtime/regenerator/runtime.js:67:40)
&amp#27;[35m[MJSONWP]&amp#27;[39m     at GeneratorFunctionPrototype.invoke [as _invoke] (/usr/local/lib/node_modules/appium/node_modules/babel-runtime/regenerator/runtime.js:315:22)
&amp#27;[35m[MJSONWP]&amp#27;[39m     at GeneratorFunctionPrototype.prototype.(anonymous function) [as throw] (/usr/local/lib/node_modules/appium/node_modules/babel-runtime/regenerator/runtime.js:100:21)
&amp#27;[35m[MJSONWP]&amp#27;[39m     at GeneratorFunctionPrototype.invoke (/usr/l&amp#27;[35m[Hocal/lib/node_modules/appium/node_modules/babel-runtime/regenerator/runtime.js:136:37)
TTP]&amp#27;[39m &amp#27;[37m<-- POST /wd/hub/session/6c033502-fd88-4722-8b5b-92e91949d161/element &amp#27;[39m&amp#27;[31m500&amp#27;[39m &amp#27;[90m46 ms - 164&amp#27;[39m
&amp#27;[35m[HTTP]&amp#27;[39m &amp#27;[90m&amp#27;[39m
&amp#27;[35m[HTTP]&amp#27;[39m &amp#27;[37m-->&amp#27;[39m &amp#27;[37mPOST&amp#27;[39m &amp#27;[37m/wd/hub/session/6c033502-fd88-4722-8b5b-92e91949d161/element&amp#27;[39m
&amp#27;[35m[HTTP]&amp#27;[39m &amp#27;[90m{"using":"id","value":"com.Slack:id/next_button_url_entry"}&amp#27;[39m
[debug] &amp#27;[35m[W3C]&amp#27;[39m Calling AppiumDriver.findElement() with args: ["id","com.Slack:id/next_button_url_entry","6c033502-fd88-4722-8b5b-92e91949d161"]
[debug] &amp#27;[35m[BaseDriver]&amp#27;[39m Valid locator strategies for this request: xpath, id, class name, accessibility id, -android uiautomator
[debug] &amp#27;[35m[BaseDriver]&amp#27;[39m Waiting up to 0 ms for condition
[debug] &amp#27;[35m[JSONWP Proxy]&amp#27;[39m Matched '/element' to command name 'findElement'
[debug] &amp#27;[35m[JSONWP Proxy]&amp#27;[39m Proxying [POST /element] to [POST http://localhost:8201/wd/hub/session/5a27c767-9791-4751-872d-2ed612cd606d/element] with body: {"strategy":"id","selector":"com.Slack:id/next_button_url_entry","context":"","multiple":false}
[debug] &amp#27;[35m[MJSONWP]&amp#27;[39m Matched JSONWP error code 7 to NoSuchElementError
&amp#27;[35m[MJSONWP]&amp#27;[39m Encountered internal error running command: NoSuchElementError: An element could not be located on the page using the given search parameters.
&amp#27;[35m[MJSONWP]&amp#27;[39m     at AndroidUiautomator2Driver.callee$0$0$ (/usr/local/lib/node_modules/appium/node_modules/appium-android-driver/lib/commands/find.js:75:11)
&amp#27;[35m[MJSONWP]&amp#27;[39m     at tryCatch (/usr/local/lib/node_modules/appium/node_modules/babel-runtime/regenerator/runtime.js:67:40)
&amp#27;[35m[MJSONWP]&amp#27;[39m     at Ge&amp#27;[35neratorFunctionPrototype.invoke [as _invoke] (/usr/local/lib/node_modules/appm[HTTP]&amp#27;[39m &amp#27;[37m<-- POium/node_modules/babel-runtime/rST /wdegene/hubrator/runtime.js:315:22)
&amp#27;[35m[MJSON/sesWP]&amp#27;[39m     at GeneratorFunctionPrototype.prototype.(anonymsioous function) [as throw] (/usr/local/lib/node_modules/appium/node_modules/babel-runtime/regenerator/runtime.js:100:21)
&amp#27;[35m[MJSONWP]&amp#27;[39m     at GeneratorFunctionPrototype.invoke (/usr/local/lib/node_modules/appium/node_modules/babel-runtime/regenerator/runtime.js:136:37)
n/6c033502-fd88-4722-8b5b-92e91949d161/element &amp#27;[39m&amp#27;[31m500&amp#27;[39m &amp#27;[90m38 ms - 164&amp#27;[39m
&amp#27;[35m[HTTP]&amp#27;[39m &amp#27;[90m&amp#27;[39m
&amp#27;[35m[HTTP]&amp#27;[39m &amp#27;[37m-->&amp#27;[39m &amp#27;[37mPOST&amp#27;[39m &amp#27;[37m/wd/hub/session/6c033502-fd88-4722-8b5b-92e91949d161/element&amp#27;[39m
&amp#27;[35m[HTTP]&amp#27;[39m &amp#27;[90m{"using":"id","value":"com.Slack:id/next_button_url_entry"}&amp#27;[39m
[debug] &amp#27;[35m[W3C]&amp#27;[39m Calling AppiumDriver.findElement() with args: ["id","com.Slack:id/next_button_url_entry","6c033502-fd88-4722-8b5b-92e91949d161"]
[debug] &amp#27;[35m[BaseDriver]&amp#27;[39m Valid locator strategies for this request: xpath, id, class name, accessibility id, -android uiautomator
[debug] &amp#27;[35m[BaseDriver]&amp#27;[39m Waiting up to 0 ms for condition
[debug] &amp#27;[35m[JSONWP Proxy]&amp#27;[39m Matched '/element' to command name 'findElement'
[debug] &amp#27;[35m[JSONWP Proxy]&amp#27;[39m Proxying [POST /element] to [POST http://localhost:8201/wd/hub/session/5a27c767-9791-4751-872d-2ed612cd606d/element] with body: {"strategy":"id","selector":"com.Slack:id/next_button_url_entry","context":"","multiple":false}
[debug] &amp#27;[35m[MJSONWP]&amp#27;[39m Matched JSONWP error code 7 to NoSuchElementError
&amp#27;[35m[MJSONWP]&amp#27;[39m Encountered internal error running command: NoSuchElementError: An element could not be located on the page using the given search parameters.
&amp#27;[35m[MJSONWP]&amp#27;[39m     at AndroidUiautomator2Driver.callee$0$0$ (/usr/local/lib/node_modules/appium/node_modules/appium-android-driv&amp#27;[35m[HTTP]er/lib/commands/&amp#27;[39m &amp#27;[37m<-- POST /wd/hfind.js:75:11)
&amp#27;[35m[MJSONWP]&amp#27;[39m     at tryub/sessiCatch (/usr/on/6clocal/lib/n033502-ode_modules/appium/node_fd88-4722modules/babel-runtime/regenerator/runtime.js:67:40)
&amp#27;[35m[MJSONWP]-8b5b-92e91949d161/element &amp#27;[39m&amp#27;[31m500&amp#27;&amp#27;[3[39m 9m &amp#27;[90m31 ms - 164&amp#27;[39m    at GeneratorFunctionPrototype.i
&amp#27;[35m[HTTP]&amp#27;[39m &amp#27;[90nvoke m&amp#27;[3[as _invo9m
ke] (/usr/local/lib/node_modules/appium/node_modules/babel-runtime/regenerator/runtime.js:315:22)
&amp#27;[35m[MJSONWP]&amp#27;[39m     at GeneratorFunctionPrototype.prototype.(anonymous function) [as throw] (/usr/local/lib/node_modules/appium/node_modules/babel-runtime/regenerator/runtime.js:100:21)
&amp#27;[35m[MJSONWP]&amp#27;[39m     at GeneratorFunctionPrototype.invoke (/usr/local/lib/node_modules/appium/node_modules/babel-runtime/regenerator/runtime.js:136:37)
&amp#27;[35m[HTTP]&amp#27;[39m &amp#27;[37m-->&amp#27;[39m &amp#27;[37mPOST&amp#27;[39m &amp#27;[37m/wd/hub/session/6c033502-fd88-4722-8b5b-92e91949d161/element&amp#27;[39m
&amp#27;[35m[HTTP]&amp#27;[39m &amp#27;[90m{"using":"id","value":"com.Slack:id/next_button_url_entry"}&amp#27;[39m
[debug] &amp#27;[35m[W3C]&amp#27;[39m Calling AppiumDriver.findElement() with args: ["id","com.Slack:id/next_button_url_entry","6c033502-fd88-4722-8b5b-92e91949d161"]
[debug] &amp#27;[35m[BaseDriver]&amp#27;[39m Valid locator strategies for this request: xpath, id, class name, accessibility id, -android uiautomator
[debug] &amp#27;[35m[BaseDriver]&amp#27;[39m Waiting up to 0 ms for condition
[debug] &amp#27;[35m[JSONWP Proxy]&amp#27;[39m Matched '/element' to command name 'findElement'
[debug] &amp#27;[35m[JSONWP Proxy]&amp#27;[39m Proxying [POST /element] to [POST http://localhost:8201/wd/hub/session/5a27c767-9791-4751-872d-2ed612cd606d/element] with body: {"strategy":"id","selector":"com.Slack:id/next_button_url_entry","context":"","multiple":false}
[debug] &amp#27;[35m[MJSONWP]&amp#27;[39m Matched JSONWP error code 7 to NoSuchElementError
&amp#27;[35m[MJSONWP]&amp#27;[39m Encountered internal error running command: NoSuchElementError: An element could not be located on the page using the given search parameters.
&amp#27;[35m[MJSONWP]&amp#27;[39m     at AndroidUiautomator2Driver.callee$0$0$ (/usr/local/lib/node_modules/appium/node_modules/appium-android-dr&amp#27;[35m[HTTPiver/l]&amp#27;ib/c[39m &amp#27;[37mom<-- maPOST /wd/hub/session/6c0nd33502-fd88s/find.-4722-8b5b-9js:72e91949d161/ele5:1ment &amp#27;[39m&amp#27;[31m500&amp#27;[39m &amp#27;[90m25 ms 1)- 16
&amp#27;[34&amp#27;[39m
5m[M&amp#27;[3JSONWP]5m&amp#27;[39m    [HTTP] at try&amp#27;[39m &amp#27;[90m&amp#27;[39m
Catch (/usr/local/lib/node_modules/appium/node_modules/babel-runtime/regenerator/runtime.js:67:40)
&amp#27;[35m[MJSONWP]&amp#27;[39m     at GeneratorFunctionPrototype.invoke [as _invoke] (/usr/local/lib/node_modules/appium/node_modules/babel-runtime/regenerator/runtime.js:315:22)
&amp#27;[35m[MJSONWP]&amp#27;[39m     at GeneratorFunctionPrototype.prototype.(anonymous function) [as throw] (/usr/local/lib/node_modules/appium/node_modules/babel-runtime/regenerator/runtime.js:100:21)
&amp#27;[35m[MJSONWP]&amp#27;[39m     at GeneratorFunctionPrototype.invoke (/usr/local/lib/node_modules/appium/node_modules/babel-runtime/regenerator/runtime.js:136:37)
&amp#27;[35m[HTTP]&amp#27;[39m &amp#27;[37m-->&amp#27;[39m &amp#27;[37mPOST&amp#27;[39m &amp#27;[37m/wd/hub/session/6c033502-fd88-4722-8b5b-92e91949d161/element&amp#27;[39m
&amp#27;[35m[HTTP]&amp#27;[39m &amp#27;[90m{"using":"id","value":"com.Slack:id/next_button_url_entry"}&amp#27;[39m
[debug] &amp#27;[35m[W3C]&amp#27;[39m Calling AppiumDriver.findElement() with args: ["id","com.Slack:id/next_button_url_entry","6c033502-fd88-4722-8b5b-92e91949d161"]
[debug] &amp#27;[35m[BaseDriver]&amp#27;[39m Valid locator strategies for this request: xpath, id, class name, accessibility id, -android uiautomator
[debug] &amp#27;[35m[BaseDriver]&amp#27;[39m Waiting up to 0 ms for condition
[debug] &amp#27;[35m[JSONWP Proxy]&amp#27;[39m Matched '/element' to command name 'findElement'
[debug] &amp#27;[35m[JSONWP Proxy]&amp#27;[39m Proxying [POST /element] to [POST http://localhost:8201/wd/hub/session/5a27c767-9791-4751-872d-2ed612cd606d/element] with body: {"strategy":"id","selector":"com.Slack:id/next_button_url_entry","context":"","multiple":false}
[debug] &amp#27;[35m[MJSONWP]&amp#27;[39m Matched JSONWP error code 7 to NoSuchElementError
&amp#27;[35m[MJSONWP]&amp#27;[39m Encountered internal error running command: NoSuchElementError: An element could not be located on the page using the given search parameters.
&amp#27;[35m[MJSONWP]&amp#27;[39m     at AndroidUiautomator2Driver.callee$0$0$ (/usr/local/lib/node_modules/appium/node_modules/appium-android-driver/lib/comm&amp#27;[35m[HTTanP]&amp#27;[39m &amp#27;[37m<-ds/- POST /wd/hub/session/6c03find.js:75:350211)
&amp#27;[-fd88-4722-8b5b-92e91949d161/e35m[lement &amp#27;[39m&amp#27;[31m50MJS0&amp#27;[39m &amp#27;[90m28 ms -ONWP]&amp#27;[39 164&amp#27;m    [39m
 at tryCatch&amp#27;[35m[HTTP]&amp#27;[39m (/usr/local &amp#27;[90m&amp#27;[39m
/lib/node_modules/appium/node_modules/babel-runtime/regenerator/runtime.js:67:40)
&amp#27;[35m[MJSONWP]&amp#27;[39m     at GeneratorFunctionPrototype.invoke [as _invoke] (/usr/local/lib/node_modules/appium/node_modules/babel-runtime/regenerator/runtime.js:315:22)
&amp#27;[35m[MJSONWP]&amp#27;[39m     at GeneratorFunctionPrototype.prototype.(anonymous function) [as throw] (/usr/local/lib/node_modules/appium/node_modules/babel-runtime/regenerator/runtime.js:100:21)
&amp#27;[35m[MJSONWP]&amp#27;[39m     at GeneratorFunctionPrototype.invoke (/usr/local/lib/node_modules/appium/node_modules/babel-runtime/regenerator/runtime.js:136:37)
&amp#27;[35m[HTTP]&amp#27;[39m &amp#27;[37m-->&amp#27;[39m &amp#27;[37mPOST&amp#27;[39m &amp#27;[37m/wd/hub/session/6c033502-fd88-4722-8b5b-92e91949d161/element&amp#27;[39m
&amp#27;[35m[HTTP]&amp#27;[39m &amp#27;[90m{"using":"id","value":"com.Slack:id/next_button_url_entry"}&amp#27;[39m
[debug] &amp#27;[35m[W3C]&amp#27;[39m Calling AppiumDriver.findElement() with args: ["id","com.Slack:id/next_button_url_entry","6c033502-fd88-4722-8b5b-92e91949d161"]
[debug] &amp#27;[35m[BaseDriver]&amp#27;[39m Valid locator strategies for this request: xpath, id, class name, accessibility id, -android uiautomator
[debug] &amp#27;[35m[BaseDriver]&amp#27;[39m Waiting up to 0 ms for condition
[debug] &amp#27;[35m[JSONWP Proxy]&amp#27;[39m Matched '/element' to command name 'findElement'
[debug] &amp#27;[35m[JSONWP Proxy]&amp#27;[39m Proxying [POST /element] to [POST http://localhost:8201/wd/hub/session/5a27c767-9791-4751-872d-2ed612cd606d/element] with body: {"strategy":"id","selector":"co&amp#27;[35m.Slm[MJSONWP]&amp#27;[39m Encacouk:nteid/nexred t_inbutton_uternal rl_entry","conterrorext" running:"", c"mommand: NultioSuchElemenple":fatErlse}
ror:[d An elebemug] &amp#27;[ent 35coum[Mld noJSt ONWP]&amp#27;be locat[39m Matched on the ped agJSONWP ere rousr coindeg th 7e  to NoSuchEgiven searlementch parErroamr
&amp#27;[3ete5m[rsHTTP]&amp#27;[39.
m&amp#27;[35m[MJSON &amp#27;[37m<-- POSWP]&amp#27;[T /wd/hub/session/6c039m    33502-f ad8t Andro8-id4722-Uiau8b5b-92e91949d16tomator1/e2Dlemerivnter &amp#27;.ca[3llee$0$09m&amp#27;[31m500&amp#27;$ (/usr/local/lib/n[39m &amp#27;[90m31od ms e_modu- 1les/appium/node_modu64&amp#27;[39m
&amp#27;[les/35m[HTTP]&amp#27;[39m &amp#27;[90m&amp#27;[39m
&amp#27;[35m[HTTP]&amp#27;[39m &amp#27;[37m-->&amp#27;[39m &amp#27;[37mPOST&amp#27;[39m &amp#27;[37m/wd/hub/session/6c033502-fd88-4722-8b5b-92e91949d161/eappium-alemendroid-nt&amp#27;[39m
&amp#27;[35m[HTTdrP]&amp#27;[39m &amp#27;[90m{"using":"idiver/","valuelib/commands":"com.Slack:id/next_button_u/frl_entrindy"}&amp#27;[39m
.js:7[debug] &amp#27;[35m[W3C]&amp#27;[39m Calling AppiumDriver.findElement()5:11)
&amp#27;[35m[ with args: ["id","com.Slack:id/next_button_url_entry","6c033502-MJfd88-4722-8b5b-92e91949d161"]
[debug] &amp#27;[35SONWP]&amp#27;[m[BaseDriver]&amp#27;[39m Valid locator strat39egies for this requmest: xpath, id, class    n  at tryCame, accessatch (/ibility id, -android uiusr/local/libautomator
[debug] /no&amp#27;[3de5m[BaseDriver]&amp#27;[39m Waitin_modulesg up to 0 ms /appium/nodefor condition
[debug] &amp#27;_m[35m[JSONWP Proxyod]&amp#27;[39m Maules/batchebel-rd '/element' to command name 'funtime/regenerator/runtime.js:67:40)
&amp#27;[35m[MJSONWP]&amp#27;[39m   indElement'
[debug] &amp#27;[35m[JSONWP Proxy]&amp#27;[39m Proxyi  at ng Gene[POST /element] to [POST ratorFhttpun://ctiolocanProtlhost:8201/wotype.invoke [as d/h_invoke]ub/session/5a27c767- (/usr/local/lib9791-4751-872d/node_modul-2ed6es/appium/node_modules/12cd6babel-ru06d/element] with body: {"strntime/regeneatrator/runtegy":"imeid",".js:315:22)
&amp#27;[35selector":"com.Sm[MJSONWP]&amp#27;[39m     atlack:id/next_button_url Ge_entry","context":"","multiple":false}
n[debug] &amp#27;[35m[MJSONWP]&amp#27;[39m Matched JSONWP error code 7 to NoSuchElementError
&amp#27;[35m[HTTP]&amp#27;[39m &amp#27;[37m<-- POST /wd/hub/session/6c033502-fd88-4722-8b5b-92e91949d161/element &amp#27;[39m&amp#27;[31m500&amp#27;[39m &amp#27;[90m29 ms - 164erat&amp#27;[39orFum
&amp#27;[35m[HTTPncti]&amp#27;[39m &amp#27;[90m&amp#27;[onPrototype.protot39m
y&amp#27;[35pe.(anm[HTTP]&amp#27;[39m &amp#27;[37m-->&amp#27;[39m &amp#27;[37mPOST&amp#27;[39m &amp#27;[37m/wd/hub/session/6c033502-fd88-4722-8b5b-92e91949d161/element&amp#27;[39m
&amp#27;[35m[HTTP]&amp#27;[39m &amp#27;[90m{"using":"id","valonue":"com.Symolackus func:id/next_button_urltion) [as throw] (/us_entry"}&amp#27;[39m
[debug] &amp#27;[r/local/35m[lib/nodeW3C]&amp#27;[39m Calling Appium_modules/appium/node_moDriver.dules/babefindElement() with args:l-runtime/rege ["id","comnerator/runtime.js:100:21)
&amp#27;[35m[MJS.Slack:iONd/nWP]&amp#27;[39m     at ext_buttGeneratorFuncon_url_entrytionProto","6c0type.invoke (/usr/33502loca-fdl/li88-4722-8b5b-92e91949d161"]
b/nod[dee_modbug] &amp#27;[3ules/app5m[iuBaseDriver]&amp#27;[39m/node_m Valid locator strategies formo thiduls request: xpath, id, cles/babeass nl-runtimame, accessibilie/regeneraty id, tor/runtime.js:136:37)
-a&amp#27;[35ndrom[MJSONWP]&amp#27;[39mid uia Encountered iutomator
[debug] &amp#27;nterna[35m[BaseDl error runriver]&amp#27;[3ning comm9m Waand: NoSuciting up hElementError: An elemto 0 ment coulds  not be located on the page using the given searfor condition
[debug] &amp#27;[35ch parameters.
&amp#27;m[J[3SONWP Proxy]&amp#27;[35m[MJSO9m MatchedNWP]&amp#27;[39m   '/element' to command name 'findElement'
[debug] &amp#27;[35m   at Andr[JSONWP ProxoidUiauy]&amp#27;[toma39m Proxying [POST /element] to [POST http://localhost:82tor2Driver01/wd.callee$0$0$ (/usr/hub/session/5a27c767-9791-4751/l-872d-2ed612cd606d/eocleal/lment] ib/node_modules/appium/node_modules/appium-android-driver/lib/commands/fwith body: {"stratind.js:75:11)
&amp#27;[35m[MJSOegy":"id","selector":"com.Slack:id/next_NWP]&amp#27;[39m     at tryCatbutton_url_entry","context":"","multiple":false}
ch (/usr/local/li[debug] &amp#27;[35m[MJSb/node_modules/apONWP]&amp#27;[39m Matched JSONpium/node_modWP error code 7 to NoSuchElementError
&amp#27;[35m[HTTPule]&amp#27;[39m &amp#27;[37m<-- POST /s/babwd/el-runtime/hub/sessioregeneraton/6c033502-fdr/runtime.js:688-4722-8b5b-92e7:40)91949
&amp#27;[35m[MJSONWP]&amp#27;[d161/eleme39m  nt &amp#27;[39   at Gem&amp#27;[31neratorFuncm500&amp#27;[39m &amp#27;tionPrototype.invoke [as _invoke] (/usr/local/l[90mib/node_35 ms - 164&amp#27;[39m
module&amp#27;[35ms/appium/no[HTTP]de_modu&amp#27;[39m &amp#27;[90m&amp#27;[39m
&amp#27;[35m[HTTP]&amp#27;[39m &amp#27;[37m-->&amp#27;[39m &amp#27;[37mPOles/babel-runtiST&amp#27;[39mme &amp#27;[37m/wd/hub/session/6c033502-fd88-4722-8b5b-92e9194/regenerator/ru9d1ntim61e.js:31/e5:2lement&amp#27;[39m
2)
&amp#27;[35m[MJSONWP]&amp#27;[39m     &amp#27;at[35m[HTTP]&amp#27;[39m GeneratorFunctionPrototype.prototype.(anonymous func &amp#27;[9tion) [as throw0m{"using":"id","va] (/usr/local/lib/node_modules/alue":"comppium/node_modules/babel-runtime.Slack:id//regenerator/runtimnext_button_url_entry"}&amp#27;[39me.js:100:21
[debug] &amp#27;[35m[)
&amp#27;[35m[MJSONWP]&amp#27;[39m     at GeneratorFunctW3C]&amp#27;[39m CionPrototypalling Appiue.invoke (/usr/local/lib/node_modules/apmDriver.findElement() pium/node_with modules/babel-runtimearg/regenerator/runtime.js:136:37)
s: ["id","com.Sl&amp#27;[ack:id/next_button_url_entry","6c033502-fd88-4722-8b5b-92e9194935m[MJSONd161"]
[debWP]ug] &amp#27;&amp#27;[[35m[BaseDr39m Enciveroun]&amp#27;[3tered intern9al errom Valid locr running command: NoSucator strhElemenattError: An element could negies otfor t bhie s located reqon uest: xpaththe page using the g, id, claivssen nam se, aearchccess pibility arametider, s.
&amp#27;-android uiautomator
[debu[3g] 5m[MJSON&amp#27;[35WPm[BaseDriver]&amp#27;[39m     at AndroidUiau]&amp#27;[39m Waitintomatg or2Driver.calleup to 0 ms for coe$0$0$ ndi(/usr/local/lib/node_modules/aption
[debug] &amp#27;pium[35m[J/node_modules/appiuSONm-anWdroP Proxy]&amp#27;[3id9m Matc-driver/lihed '/element' to command name b/commands/find.js:75'fi:11)nd
&amp#27;El[ement'
[35m[MJSONWdebug] &amp#27;[P]&amp#27;[39m     at tryCatch (/usr35m[JS/locaONWP Proxy]l/lib/node_module&amp#27;[39m Proxying [POSs/T /element] to [POappium/node_modules/babel-runtime/regeneratST http://localhost:8201/wd/hub/session/or/runtime.js:67:40)
&amp#27;[35m[MJSONWP]&amp#27;[39m5a27c767   -9  791-at Gener47atorFunc51-872d-2ed612cd606dtionPr/element]otot with body:ype.in {vok"strae te[as _gy":in"ivod"ke,"] (sele/usr/loctcalor":"/libcom/no.Slack:id/next_dbutton_e_modules/appium/node_modules/babel-runtime/regenerator/runtime.js:315:22)
&amp#27;[35m[MJSONWP]&amp#27;[39m     aturl_entry" Gen,"coeratorFunctionPntextro":""totype.pr,"multiple":falsote}
[debug] &amp#27;otype.(anonymous functi[35m[MJSONWP]&amp#27;[on) [as39m Matched JSO thNWP errow] (ror/usr/local/lib/no code de_modules/appium/n7 toode_m NoSuchElementError
&amp#27;[35odulm[Hes/TTbaP]&amp#27;[39m &amp#27;[3bel-r7m<-untime/reg- eneraPOST /wd/hub/session/6c033502-fd8tor/r8-4untime.js:100:21722-8b5b-92e91949d161/element )
&amp#27;[&amp#27;[39m&amp#27;[31m500&amp#27;[335m[MJSONWP]&amp#27;[39m  9m   &amp#27;[90m35 ms - a 164t Gen&amp#27;[eratorFunctionPrototype.invoke (39m/usr/local/lib/node_mo
&amp#27;[dules/appi35m[HTTum/node_modules/babel-P]&amp#27;runti[39m &amp#27;[me/re90m&amp#27;[39genm
e&amp#27;[35rator/runtimm[e.js:136HTTP]&amp#27;[39m :37)
&amp#27;&amp#27;[37[35m[MJSONWm-->&amp#27;[P]&amp#27;[39m Encountered interna39m &amp#27;[37mPOST&amp#27;[39l erm &amp#27;[ror r37m/unning command: wdNoSuchEle/hmentError: An elemeubnt could not be located on the page using the given search parameters.
&amp#27;[35m[MJSONWP]&amp#27;[39m     at AndroidUiautomator2Driver.callee$0$0$ (/usr/local/lib/node_modules/appium/node_modules/appium-android-driver/lib/commands/find.js:75:11/ses)
&amp#27;[sion/6c35m[MJSONWP]&amp#27;[39m     a03350t tryCatch (/usr/local/lib/node_modules/a2-fppiud88-4722m/node_module-8b5b-92e91949d161/element&amp#27;[39s/babel-runtime/regenerator/runtim
me.js:67:40)
&amp#27;[35m[MJSONWP]&amp#27;[39m     at G&amp#27;[35m[HeneratorFuTTP]&amp#27;[39mnctionPro &amp#27;[to9typ0me.invoke [{"using"as _:"id",invoke] (/usr/local/lib/nod"value":"e_mcom.Slack:odid/ulesnext_/apbuttpium/node_modon_url_ules/babel-runtime/regenentry"}&amp#27;[erator/runtim39m
[de.jebug] &amp#27;[3s:315:22)
&amp#27;[5m[35m[MJSONWP]&amp#27;[39m     at GeneratorFunctionPrototype.prototyW3C]&amp#27;[39m Cpe.(analling Appionymous function) [as throw] (/usr/local/lib/node_modules/appium/node_modules/babel-runtime/regenerator/runtime.js:100:21)
&amp#27;[35m[MJSONWP]&amp#27;[39m     at GeneratorFunctionPrototype.invoke (/usr/local/lib/node_modules/appium/node_modules/babel-runtime/regenerator/runtime.js:136:37)
&amp#27;[35m[MJSONWP]&amp#27;[39m Encountered internal error running command: NoSuchElementError: An element could not be located on the page using the given search parameumDrivters.
&amp#27;[35m[MJSONWP]&amp#27;[39m     at AndroidUiautomator2Driver.callee$0$0$ (/usr/local/lib/node_modules/appium/node_moedules/appium-android-driver/lirb/commands/find.js:75:11)
&amp#27;[35m[MJSONWP]&amp#27;[39m     at tryCatch (/usr/local/lib/node_modules/appium/node_modules/ba.findbel-ruEntime/regeneratolemernt/runtime.js:67:40)() 
&amp#27;with [3arg5m[MJSONWP]&amp#27;[39m     at Geners:atorFun ["ctionProtid","otype.invoke [acom.Slack:id/next_bs _utton_url_entry","6c033502-fd88-4722-8b5b-9invo2e91949d161ke] (/usr/local"]
[debug] &amp#27;[35m[Ba/libse/noDriver]de_modul&amp#27;[3es/9m Valid aplocator strategiespium f/norode_ this requesmodt: xpulatesh,/b id, abclass nameel-ru, acntcessimibile/reity id,gen -andrerator/runtime.jois:d u31iautom5:22)
&amp#27;at[35m[MJSONWPor
[debu]&amp#27;g] &amp#27;[35[39m m[BaseDriver  ]&amp#27;[39m Waiting  at up  Generato 0 mstorFunct foionPrototr ype.condiprottion
[debotype.(ug] anony&amp#27;[3mo5m[Jus fSONWP unPrctoxion) [as throy]&amp#27;[39mw] (/ Matusr/local/lichb/node_modules/aedppium/node_module '/elems/ent' to cobammand namebel- 'findElemruntime/regenerator/runtime.ent'
[debugjs:100] &amp#27;[35m[JSONWP :21)
&amp#27;Proxy]&amp#27;[35m[[39m PrMJoxying [POSSONWPT ]&amp#27;[3/el9m    ement] to [POS at GeneratoT http://locarFlhounctiost:82nPro01toty/wd/hupeb/session/5a27.invoc767-9791-ke (/u4751-872d-2esrd612cd606d/element] wi/locath body: {"stral/lib/node_modules/tegy":appiu"id",m/"selector":"conode_mm.Slackodu:id/next_button_les/babelurl-r_entuntime/rerygene",rat"conortext":"","multiple":false}
[debug] &amp#27;[35m/r[MJSONWP]&amp#27;[39m Matched JSONWP error code 7 to NoSuuntime.chElejsme:1nt36:37)
&amp#27;[35m[MJSONWP]&amp#27;[39m Encountered internal error running command: NoSuchElementError: An element could not be located on the page using the given search parameters.
&amp#27;[35m[MJSONWP]&amp#27;[39m     at AndroidUiautomator2Driver.callee$0$0$ (/usr/local/lib/node_modules/appium/node_modules/appium-android-driver/lib/commands/find.js:75:11)
&amp#27;[35m[MJSONWP]&amp#27;[39m     at tryCatch (/usr/local/lib/node_modules/appium/node_modules/babel-runtime/regError
&amp#27;[35m[HTenTP]&amp#27;[39m era&amp#27;[tor/runtime.js:67:40)
&amp#27;37[35m[MJm<SONWP-- P]&amp#27;[OST 39m     /wd/hat ub/seGenerssion/6c0atorFunctionPrototyp33502-fd88-4722-8b5e.ib-92envoke [as _invoke] (/usr/local/lib/node_modules/a919ppium/node_modules/babel-runtime/49d161/element &amp#27;reg[39mener&amp#27;[31m50ator/runt0&amp#27;ime.j[39m s:31&amp#27;[5:9022)
&amp#27;[35m[MJSm22ONWP]&amp#27;[ m39m     s - 1at Generat64&amp#27;[orFunc39m
tionPrototype.prot&amp#27;[ot35m[ype.(anHTTPonymous function) [as throw] (/]&amp#27;[3us9m &amp#27;[r/loca90m&amp#27;[39m
&amp#27;l/lib/node_[35m[HmoTTP]du&amp#27;[les/ap39m &amp#27;pium/node_[37m-->mod&amp#27;[39m &amp#27;[3ul7mPOST&amp#27;es/bab[39m &amp#27;[37m/wd/huelb/se-rssiountn/6c033502-ime/rfd88eg-4722-8eneratob5r/runb-time92.je9s:19100:21)
&amp#27;[35m[MJSONW49P]d161&amp#27;[39/elemm  ent&amp#27;[3   at9m
&amp#27;[3 Generat5morFunc[HtiTTP]&amp#27;[39monPrototype.invoke (/us &amp#27;r/loc[9al/li0mb/no{"de_musinodg"ule:"ids/a","ppvalue":"com.Slackiu:id/m/node_mnext_button_url_entroduy"}&amp#27;[3les/bab9m
el-run[debugtime] &amp#27;/reg[35m[W3C]&amp#27;[39m eneraCator/runtime.js:136:37)
lling Appiu&amp#27;[35m[MJSONWP]&amp#27;[mDriver.findElement() with args: ["id","com.Slack:39m Encouid/nentext_buttred inon_urternal el_errontr ry"ru,"6nning cc033502-fd88-4omm722-8b5anb-9d:2e91 NoSuchElem94entError: An 9dele161"]ment
[de could bugnot ] &amp#27;[be located on35m[ the paBage using these given searchDriver]&amp#27; p[39maramete Valrs.
&amp#27;[id lo35cator strm[MJategieSONWP]&amp#27;[39m     at AndroidUias futoor this request: xpmator2athDriv, id, cer.callalee$0ss $0nam$ (e/us, accer/local/lissb/noibde_ility moid, -android uiautomatduor
le[debs/ug]ap &amp#27;[35pium/nodem[BaseDriver_module]&amp#27;s/a[39mpp Wiuaiting up to 0 m-android-dms for condition
[debug] &amp#27;[35m[JSONWP Prriver/lib/oxy]commands/fi&amp#27;[39m Matched '/elemenndt' to command .js:75:11)
&amp#27;[3nam5m[e MJSON'findEWP]&amp#27;lement'[3
[9m     debat tug] &amp#27;[35m[JSONWP Proxy]&amp#27;[3ryCa9m Ptchrox (/usr/lying [ocPOST /elemalen/lib/nodet]_modul toes/app [POST http://localhost:8201/wd/hub/session/5a27c767-9791-ium/node_modules/babel-runtime/regenerator/runtime.js:67:40)
&amp#27;[35m[MJSONWP]&amp#27;[39m     at GeneratorFunctionPrototype.invoke [as _invoke] (/usr/4751-872d-2ed612cd606d/element] with body: {"stlocal/rategy":"id","selector":"com.Slack:id/next_button_url_entry","context":"","multiple":false}
[debuglib/node_mo] &amp#27;[dules/appium/node_modules/babel-runtime/regenerator/runtime.js:315:22)
&amp#27;[35m[MJSONWP]&amp#27;[39m     at GeneratorFunctionProto35m[MJSONWP]&amp#27;[39m Matched JSONWP error ctype.prototype.(anonymous function) [as throw] (/usr/local/lib/node_modules/appium/node_modules/babel-rode 7 tountime/regenerator/run NoSuchElementErtime.js:1ror
&amp#27;[35m[HTTP]&amp#27;[39m &amp#27;[37m<-- POST 00:21)
&amp#27;[35m[MJ/wd/hub/session/6c0335SONWP]&amp#27;[39m   02-fd88-4722-8b5b-92e91949d161/element &amp#27;[  39m&amp#27;[31m500&amp#27;[at GeneratorFunctionPrototype.invoke 39m &amp#27;[(/usr90m4/local/lib/node_modules/appium/8 ms - node_modules/babel-runtime/regenerator/runtime.js:13164&amp#27;[39m
&amp#27;[35m[HTTP]&amp#27;[39m &amp#27;[90m&amp#27;[36:9m37)
&amp#27;[35m
&amp#27;[35m[HTTP]&amp#27;[39[MJm &amp#27;[37m-->SONWP]&amp#27;[39m Enco&amp#27;[39m &amp#27;[37mPOST&amp#27;[39m &amp#27;[37m/wd/untered internal error running command: NoSuchElementError: An element could not be located on the page using the given search parameters.
&amp#27;[35m[MJSONWP]&amp#27;[39m     at AndroidUiautomator2Driver.callee$0$0$ (/usr/local/lib/node_modules/appium/node_modules/appium-android-driverhub/s/lib/commands/ession/6cfind033502-fd88-4722-8b5b.js:-92e91949d161/element&amp#27;[39m
&amp#27;[35m[HTTP]&amp#27;[39m &amp#27;[90m{"using":"id","value":"com.Slack:id/next_button_url_entry"}&amp#27;[39m
[debug] &amp#27;[35m[W3C]&amp#27;[39m Calling AppiumDriver.findElement() with args: ["id","com.Slack:id/next75:11)
&amp#27;[35m[MJSONWP]&amp#27;[39m     at tryCatch (/usr/local/lib/node_modules/appium/node_modules/babel_button-runtime/regenerator/runtime.js:67:4_url_entry","6c033502-fd88-4722-8b5b-92e91949d161"]
[debug] &amp#27;[35m[BaseDr0)
&amp#27;[35m[Miver]&amp#27;[39m ValidJSONWP]&amp#27;[39m     at GeneratorFunctionPrototype.invoke [as _invoke] (/usr/local/lib/node loc_modator strategies for thules/appium/nodis re_modules/babel-runtime/regenerator/runtime.js:315:22)
&amp#27;[35m[MJSONWP]&amp#27;[39m     at GeneratorFunctionPrototequest: xpath, id, classype. naprototype.(anonymous function) [as throw] (/usr/local/lib/node_modules/appme, accessibility id, -android uiautomator
[debug] &amp#27;[35m[BaseDriver]&amp#27;[39m Waiting up to 0 ms for condition
[debug] &amp#27;[35m[JSONWP Proxy]&amp#27;[39m Matched '/element' to command namium/noe 'findElement'
[debug] &amp#27;[de_m35m[JSONWP Proxy]&amp#27;[39m odules/baProxying bel-r[POST /element] to [POST http://localhost:8201/wd/hub/session/5a27c767-9791-4751-872d-2ed612cd606d/element] with body: {"untime/strategy":reg"id","selector":"com.Slack:id/next_button_url_eenerator/rntry","context":"","multiple":false}
[debug] &amp#27;[35m[MJSONWP]&amp#27;[39m Matched JSONWP error code 7 to NoSuchElementError
&amp#27;[35m[HTTP]&amp#27;[39m &amp#27;[37m<-- POST /wd/hub/session/6c033502-fd88-4722-8b5b-92e91949d161/element &amp#27;[39m&amp#27;[31m500&amp#27;[39m &amp#27;[90m30 ms - 164&amp#27;u[39mnti
&amp#27;[35m[HTTP]&amp#27;[39m &amp#27;[90m&amp#27;[39m
&amp#27;[35m[HTTP]&amp#27;[39m &amp#27;[37m-->&amp#27;[39m &amp#27;[37mmePOST&amp#27;[39m &amp#27;[37m/wd.j/hubs:/session/6c0310350:02-f21)d88-4722-8b5
&amp#27;[3b-92e91949d161/element&amp#27;[39m
&amp#27;[35m[HTTP5m]&amp#27;[39m &amp#27;[90m[MJS{"using":"id","value":"com.Slack:id/ONWPnex]&amp#27;[39t_button_url_entry"}&amp#27;[39m
[debug] &amp#27;[35m[W3C]&amp#27;[39m Calling AppiumDriver.findElement() with args: ["id","com.Slack:id/nm ext_button_url_entry","6c033502-fd88-4722-8b5b-92e91949d161"]
[debug] &amp#27;[35m[BaseDriver]&amp#27;[39m Valid locator strat  egies for this request: xpath, id , class name, at Genera accessibility itorFd, -android uiautomaunctionPrototor
[debug] &amp#27;[35m[BaseDriver]&amp#27;[39m type.inWaiting up to 0 ms for condition
[debug] &amp#27;[35m[JSONWP Proxy]&amp#27;[39m Matched '/element' to command name 'findElement'
[debug] &amp#27;[35m[JSONWP Proxy]&amp#27;[39m Proxying [PvoOSke (/uT /sr/element] to [POST http://localhost:8201/wd/hub/session/5a27c767-9791-4751-872d-2ed6local/lib/no12cd606ded/element] with body: {"strategy":"id","selector":"com.Slack:id/next_butto_modules/appium/nn_url_entry","ode_modules/babecontext":"","multiple":fl-runalse}
[debtime/regenerator/runtimeug] .js:136:37)
&amp#27;[35m[M&amp#27;[35m[MJSONJSONWP]&amp#27;[39m EncounWP]&amp#27;[3tered interna9m Matl eched JSONWP errrror code 7or running command: NoS to NouchElSuchEemelementErrorntErro
&amp#27;[3r: An eleme5m[HTTP]&amp#27;[39m &amp#27;[37m<-- Pnt OST /wd/hub/session/6c03350could not be loc2-fd88-ated4722-8b5b-92e91949d161/element &amp#27;[39m&amp#27;[31m 500&amp#27;[39on the pagm &amp#27;[90m31 ms e - 164&amp#27;[39m
&amp#27;[usin35mg the given sear[HTchTP]&amp#27; p[39m &amp#27;[90m&amp#27;[39mara
&amp#27;[mete35m[HTTrs.
&amp#27;[3P]&amp#27;[39m &amp#27;[37m-->&amp#27;[39m &amp#27;[37mPOST&amp#27;[35m[MJSONWP9m]&amp#27;[ &amp#27;[3739m  m/w   d/hub/session/6c033502-fd88-4722-8b5b-9at 2e91949d161/element&amp#27;[39m
&amp#27;[35m[HTTP]&amp#27;[39m &amp#27;[90m{"using":"id","value":"com.Slack:id/next_button_url_entry"}&amp#27;[39m
[debug] &amp#27;[35m[W3C]&amp#27;[39m Calling AppiumDriver.findElement() with args: ["id","com.Slack:id/next_button_url_entry","6c033502-fd88-4722-8b5b-92e91949d161"]
[debug] &amp#27;[35m[BaseDriver]&amp#27;[39m Valid locator strategies for this request: xpath, id, class name, accessibility id, -android uiautomator
[debug] &amp#27;[35m[BaseDriver]&amp#27;[39m Waiting up to 0 ms for condition
[debug] &amp#27;[35m[JSONWP Proxy]&amp#27;[39m Matched '/element' to command name 'findElement'
[debug] &amp#27;[35m[JSONWP Proxy]&amp#27;[39m Proxying [POST /element] to [POST http://localhost:8201/wd/hub/session/5a27c767-9791-4751-872d-2ed612cd606d/eAndroidUilemenaut] tomatorwit2Dh ribover.cady: {"strategy":"id","selector":"com.Slack:lleeid/next_button_url_entry","context":"","multiple":fal$0$0$ se}
[debug] &amp#27;[35m[MJSONWP]&amp#27;[39m Matched JSONWP error code 7 to NoSuchElem(/entEusrror
&amp#27;[r/l35mocal[HTTP]&amp#27;[/lib39m /n&amp#27;[3ode_mo7m<-- POST /wd/hub/session/6dulc0335es/appiu02-fm/node_d88-4722-8b5b-92emo91949dud1les61//appium-android-driver/lib/commands/find.js:75:11)
&amp#27;[35m[MJSONWP]&amp#27;[39m     at tryCatch (/usr/local/lib/node_modules/appium/node_modules/babel-runtime/regenerator/runtime.js:67:40)
&amp#27;[35m[MJSONWP]&amp#27;[39m     at Generatelement &amp#27;[39m&amp#27;[31m500&amp#27;[39orFunctionProtm &amp#27;[90m47 ms - 164&amp#27;[39m
&amp#27;[3otype5m[HTTP]&amp#27;[39m &amp#27;[90m&amp#27;[39m
&amp#27;[35m[HTTP]&amp#27;[39m &amp#27;[37m-->&amp#27;[39m &amp#27;[37mPOST&amp#27;[39m &amp#27;[37m/wd/hub/session/6c033502-fd88-4722-8b5b-92e91949d161/element&amp#27;[39m
&amp#27;[35m[HTTP]&amp#27;[39m &amp#27;[90m{"using":"id","val.invokeue":"co [as m.Slack:id/next__invokbutton_url_entry"}&amp#27;[39m
[debug] &amp#27;e] [35m(/usr/[W3C]&amp#27;[39m Calling AppiumDriver.findElement() with args: ["id","com.Slack:id/next_button_url_entryloca","6c033502-fd88-4722-8b5b-92e91949d161"]
[debug] &amp#27;[35m[BaseDriver]&amp#27;[39l/lib/nom Vadelid locator strategies for this request: xpath, id, class name, ac_modcessiules/appbilitium/node_mody iules/bad, -androidbel uiautomator-runti
[debug] &amp#27;[35m[BaseDriver]&amp#27;[39m Waiting me/regup to 0 ms for condition
[deneeburag] &amp#27;[35m[JSOtorNW/runtime.js:315:22)
&amp#27;[35m[MJSONWP]&amp#27;[39m     at GeneratorFunctionPrototype.protP Protype.(aoxnonymous function) [as throw] (/usr/local/lib/node_modules/appium/noy]&amp#27;[39m Matched '/element' to command name 'findElement'
[debug] &amp#27;[35m[de_mJSOodules/babel-runNWP Proxy]&amp#27;[39m Protime/xyregeneraing tor/runtime.js:100:21)
&amp#27;[POST /element] to [POST http://localho[35m[st:8MJSONWP201/wd/h]&amp#27;[39m     at GeneratorFunctionPrototype.invoke (/usr/local/lib/node_modules/appium/node_modules/babel-runtime/regenerator/runtime.js:136:37)
&amp#27;[35mub/[MJSONsession/5a27c767-9791-4751-872d-2ed612cd606d/element] with body: {"strategy":"id","selector":"com.Slack:id/next_button_url_entry","contWP]&amp#27;[39m Encountered inteexrnal error runnt"ing:"" ,"multicommand: NoSuchElementErrple":false}
[or:debug] &amp#27;[35m[MJSONWP]&amp#27;[39m An elemen Matct could not be loched JSated on the page usingONWP erro ther code 7 to NoSuchElementError
&amp#27;[35m[HT givenTP] se&amp#27;[39m &amp#27;[37m<-- POST /wd/hub/sessionarc/6ch parame033ter502-fd88-4722-8b5b-92s.
&amp#27;[35m[Me91949d161/element &amp#27;[39m&amp#27;[31m500&amp#27;[39m &amp#27;[90m33 ms - 164&amp#27;[39m
&amp#27;[35m[HTTP]&amp#27;[39m &amp#27;[90m&amp#27;[39m
&amp#27;[35m[HTTP]&amp#27;[39m &amp#27;[37m-->&amp#27;[39m &amp#27;[37mPOST&amp#27;[39m &amp#27;[37m/wd/hub/session/6c033502-fd88-4722-8b5b-92e91949d161/element&amp#27;[39m
&amp#27;[35m[HTTP]&amp#27;[39m &amp#27;[90m{"using":"id","value":"com.Slack:id/next_button_url_entry"}&amp#27;[39m
[debug] &amp#27;[35m[W3C]&amp#27;[39m Calling AppiumDriver.findElement() with args:JSON ["id","WP]&amp#27;[39mcom.Slack:id/next_     at AndroidUiautomator2Driver.cbutton_url_entry","6c033502-fd88-4722-8b5b-92e91949d161"]
[debug] &amp#27;allee$0$0$ ([3/usr5m[BaseDriver]&amp#27;[39m Valid lo/local/lib/node_cator stramodules/aptegpium/niesod for thie_ms requestodules/appium-andro: xpath, id, clid-dass nriverame, acc/liessb/commaibility id, -android uiautomator
[debug] &amp#27;[35m[BaseDriver]&amp#27;[39m Waiting up to 0 ms for condition
[debug] &amp#27;[35mnds/fi[JSONWP Proxy]&amp#27;[nd.js:75:11)
&amp#27;[35m[MJSONWP]&amp#27;[39m     at tryCatch (/usr/local/lib/node_modules/appium/node_m39m Matched '/element' to command name 'fodules/babel-runtime/regenerator/runtime.js:67:40)
&amp#27;[35m[MJSONWP]&amp#27;[39m     at GeneratorFunctionPrototype.invoke [aindElems _inent'
[debug] &amp#27;[35m[vokeJSONWP Proxy] (/usr/local/lib/node_modules/appium/]&amp#27;[39m Proxying [POST /element] to [POST http://localhonode_modules/babel-runtime/rst:egenerator/runt8201/wime.js:315:2d/h2)
&amp#27;ub/s[35mes[MJSsiONWP]&amp#27;[39m     at Gon/5eneratora27c767-9791-4751-872d-2ed612Funccd606dtionProto/eltype.prototype.(anonymous femenunct] tiowith body: {n) [as throw]"st (/usrrategy/l":"ocal/lid","selib/nodector":"com.e_moSladules/ack:id/neppixt_button_urum/node_modules/babl_entry","context":"","multiple":false}
[debug] &amp#27;[35m[MJSONWP]&amp#27;[39m Matcel-runtime/heregenerator/rd JSONWP error untime.js:100:21)
&amp#27;[35m[MJSONWP]&amp#27;[39m     at GeneratorFunctionPrototype.invoke (/usr/local/lib/node_modules/appium/node_modules/babel-runtime/regenerator/runtime.js:136:37)
&amp#27;[35m[MJSONWP]&amp#27;[39m Encountered internal error running command: NoSuchElementError: An element could not be located on the page using the given search parameters.
&amp#27;[35m[MJSONWP]&amp#27;[39m     at AndroidUiautomator2Driver.callee$0$0$ (/usr/code 7 to NoSuchElementErrorlocal/lib/node_module
&amp#27;[35m[HTTP]&amp#27;[s/appium39m/no &amp#27;[37mde_m<-- POST /wd/huodulesb/ses/appisioum-an/6ndroid-c033driver/lib/502-fd88-4722-8b5b-92e91949d161/element comman&amp#27;[39m&amp#27;[31m500&amp#27;[39m &amp#27;[9ds0m22/f ms - ind.js164&amp#27;:75:11)
&amp#27;[35m[M[39m
&amp#27;[35m[HTTP]&amp#27;[39m &amp#27;[90m&amp#27;[39m
&amp#27;[JSONWP]&amp#27;[39m  35m[HTTP]&amp#27;[39m &amp#27;[37m-->&amp#27;[39m &amp#27;[37mPOST&amp#27;[39m &amp#27;[37m/wd/hub/session/6  c033502-fd88-4722-8b5b-92e91949d161/element&amp#27;[3 at tryCatch (/usr/local/lib/node_modules/appium/node_modules/babel-runtime/regenerator/9m
&amp#27;[35runtimem[H.jsTT:67:4P]&amp#27;[39m0)
&amp#27;[35m[MJSONW &amp#27;[90m{"using":"idP]&amp#27;[39m     a","vat GeneratorFunluectionPrototype.invoke [as _invoke] (/usr/local/lib/node_modules/appium/node_module":"coms/.Slaback:id/nebel-runtime/regenerator/runtime.jxt_button_url_ens:315:22)
&amp#27;[35m[MJSONWP]&amp#27;[try"39m  }&amp#27;[39m   at G
[eneratorFunctionProdebug] &amp#27;[35m[W3C]&amp#27;[39m Calling AppiumDriver.findElement() with args:totype.prototype.(anonymous function) [as throw] (/usr/local/lib/node_modules/appium/node_mod ["id","com.Slack:id/next_button_url_entry","6ules/bac033502-fd88-47bel-runti22-8b5b-92e91949d161"]
[debug] &amp#27;[35m[BaseDriver]&amp#27;[39m Valid locator strategies for this request: xpath, id, class name, accessibility id, -android uiautomator
[debug] &amp#27;[35m[BaseDriver]&amp#27;[39m Waiting up to 0 ms for condition
[debug] &amp#27;[35m[JSONWme/regenerator/runtime.js:100:21)
&amp#27;[35mP Proxy]&amp#27;[39m Matched '/element' to command [Mname 'findElement'
[debug] &amp#27;[35m[JSOJSONWP Proxy]&amp#27;[39m ProxyiNWP]&amp#27;[39m     at GeneratorFunctionPrototype.invoke (/usr/local/lib/node_modules/appium/node_modules/babel-runtime/regenerator/runtime.js:136:37)
&amp#27;[35m[MJSONWP]&amp#27;[39m Encountered intng [POST ernal error running command: NoSuchElementError: An elemen/element] to [POST http://localhost:8201/wd/hub/session/5a27c767-9791-4751-872d-2ed612cd606d/element] with body: {"strategy":"id","selector":"com.Slack:id/next_button_url_entry","context":"","multiple":false}
[debug] &amp#27;[35m[MJSONWP]&amp#27;[39mt could not be l Matched JSONocated WP error code 7 to NoSuchElementError
&amp#27;[35m[HTTP]&amp#27;[39m &amp#27;[37m<-- POST /wd/hub/session/6c033502-fd88-4722-8b5b-92e91949d161/element &amp#27;[39m&amp#27;[31m500&amp#27;[39m &amp#27;[90m35 ms - 164&amp#27;[39m
&amp#27;[35m[HTTP]&amp#27;[39m &amp#27;[90m&amp#27;[39m
&amp#27;[35m[HTTP]&amp#27;[39m &amp#27;[37m-->&amp#27;[39m &amp#27;[37mPOST&amp#27;[39m &amp#27;[37m/wd/hub/session/6c033502-fd88-4722-8b5b-92e91949d161/element&amp#27;[39m
&amp#27;[35m[HTTP]&amp#27;[39m &amp#27;[90m{"using":"id","value":"com.Slack:id/next_button_url_entry"}&amp#27;[39m
[debug] &amp#27;[35m[W3C]&amp#27;[39m Calling Appion the page using the given search paumDriverar.finmedEletement() withrs. args: ["id
&amp#27;[","35m[MJSONWP]&amp#27;[39m     at AndroidUiautcoomator2Driver.callee$0$0$ (/usr/m.Slack:id/next_button_url_entrlocal/liy","6cb/node_modules/appium/no033502-fde_modules/appium-android-driver/lib/commands/find.js:75:11)
&amp#27;[35m[MJSONWP]&amp#27;[39m     at tryCatch (/usr/local/lib/node_d88-4722-8b5b-92e91949d161"]
[debug] &amp#27;[35m[BaseDriver]&amp#27;[39m Valid locator strategies for this request: xpath, id, class name, accessibility id, -android uiautomator
[debug] &amp#27;[35m[BaseDriver]&amp#27;[39m Waiting up to 0 mmodules/appium/node_s for condition
[dmodules/babel-runtime/regenerator/runtime.js:67:40)
&amp#27;[35m[MJSONWP]&amp#27;[39m     at GeneratorFunctionPrototype.invoke [as _invoke] (/usr/local/lib/node_modules/appium/node_modules/babel-runtime/regenerator/runtime.js:315:22)
&amp#27;[35m[MJSONWP]&amp#27;[39m     at GeneratorFunctionPrototype.prototype.(anonymous function) [as throw] (/usr/local/lib/node_modules/appium/node_modules/babel-runtime/regenerator/runtime.js:100:21)
&amp#27;[35m[MJSONWP]&amp#27;[39m     at GeneratorFunctionPrototype.invoke (/usr/local/lib/node_modules/appium/ebug] &amp#27;[35m[JSnoONWP Proxde_modules/babel-runtimey]&amp#27;/reg[39m Matched '/enerator/element' toru contimmand name 'findElme.js:136:37)
&amp#27;[35m[MJSONWP]&amp#27;[39m Encountereement'
[debug] &amp#27;[35d interm[JSnal eONWP Proxy]&amp#27;[39m Proxying [POST /rror runninelement] to [POST http://lg cocomalhost:8201/wd/hub/sessionmand:/5a27c767-9791-4751-872d-2ed612c NoSuchElemd606d/element] with body: {"strategy":"identEr","selror: An eleector":"com.Slack:id/nexment_bt could not be located on the page using the given search parameters.
&amp#27;[35mutton_url[MJSONWP]&amp#27;[39m     at AndroidUiautomator2Driver._entrycallee$0$0$ (/usr/local/lib/node_modules/appium/node_modules/","conappitext":"","multiple":false}
[debug] &amp#27;[35m[MJSONWP]&amp#27;[39m Matched JSum-android-driver/lib/commands/find.js:75:11)
&amp#27;[35m[MJSONWP]&amp#27;[39m     at tryCatch (/usr/local/lib/node_modules/appium/node_modules/babel-runtime/regeneratorONW/rP eruntiror code me7 .js:67:40to NoSuc)
&amp#27;hElementError
&amp#27;[35m[HTTP]&amp#27;[39m &amp#27;[37m<-- POST /wd/hub/session/6c033502-fd[35m88[MJSONWP]&amp#27;[39m     at Generat-4722orFun-8ctiob5nPb-92e91949d161/elemenrototype.invoke [as t &amp#27;_invoke] (/usr/[39mlocal/lib/&amp#27;[31m500&amp#27;[39node_m &amp#27;[9modules/appium/node_modules/babel-runtime/regenera0m32 ms - 164&amp#27;[39m
&amp#27;[3tor/runtime.5m[HTTP]&amp#27;[39mjs:315 &amp#27;:22)
&amp#27;[35m[MJSONWP[90m&amp#27;[39m
&amp#27;[]&amp#27;[35m39m     [HTTP]&amp#27;[39m &amp#27;at GeneratorFunctionPrototype.prototype.(anonymous function) [as throw] (/usr/local/lib/node_modules/appium/node_modules/babel-runtime/regenerator/runtime.js:100:21)
&amp#27;[35m[MJSONWP]&amp#27;[39m     at GeneratorFunctionPrototype.invoke (/usr/local/lib/node_modules/appium/node_modules/babel-runtime/regenerator/runtime.js:136:37)
&amp#27;[35m[MJSONWP]&amp#27;[39m Encountered internal error running command: NoSuchElementError: An element could not be located on the page using the given search parameters.
&amp#27;[35m[MJSONWP]&amp#27;[39m     at AndroidUiautomator2Driver.callee$0$0$ (/usr/local/lib/node_modules/appium/node_modules/appium-android-driver/lib/commands/find.js:75:11)
&amp#27;[35m[MJSONWP]&amp#27;[39m     at tryCatch (/usr/local/lib/node_modules/appium/node_modules/babel-runtime/regenerator/runtime.js:67:40)
&amp#27;[35m[MJSONWP]&amp#27;[39m     at GeneratorFunctionPrototype.invoke [as _invoke] (/usr/local/lib/node_modules/appium/node_modules/babel-runtime/regenerator/runtime.[37m-->js:&amp#27;[315:22)
&amp#27;39m &amp#27;[35m[MJSONWP]&amp#27;[39m [37    at GenmPOST&amp#27;[39m &amp#27;[37m/wd/hub/session/6c033502-fd88-4722-8b5b-92e91949d161eratorFunctionProto/eltype.protoementty&amp#27;[pe.(a39m
&amp#27;[35nom[HTTnymP]&amp#27;[39ous functionm &amp#27;) [as[90 throw] (/usr/local/lib/node_modm{"uules/appium/node_modules/babel-runtsing":"id","value":ime/regenerator"co/rm.Slack:id/next_button_url_enuntitry"}&amp#27;[39me.js:100m
[debug] :21)
&amp#27;&amp#27;[35m[W3C]&amp#27;[[339m Calling A5m[MJSONWP]&amp#27;[39m     at GeneratorFunctionPrototype.invoke (/usrppiumDri/local/libver.fi/node_modules/apndElement() with args: ["id","com.Slpium/ack:id/next_button_url_enodntry","6c033502-fd88-4722-8e_b5b-92modules/babe91el949-runtd16ime/regenerator/r1"]
[debug] &amp#27;[35m[BaseDriver]&amp#27;[39m Valid locator strategies for this request: xpath, id, class name, accessibility id, -android uiautomator
[debug] &amp#27;[35m[BaseDriver]&amp#27;[39m Waiting up to 0 ms for condition
[debug] &amp#27;[35m[JSONWP Proxy]&amp#27;[39m Matched '/element' to command name 'findElement'
[debug] &amp#27;[35m[JSONWP Proxy]&amp#27;[39m Proxying [POST /element] to [POST http://localhost:8201/wd/hub/session/5a27c767-9791-4751-872d-2ed612cd606d/element] with body: {"strategy":"id","selector":"com.Slack:id/next_button_url_entry","context":"","multiple":false}
[debug] &amp#27;[35m[MJSONWP]&amp#27;[39m untime.js:136:37)
&amp#27;[35m[MJSONWP]&amp#27;[39m Encountered internal error running command: NoSuchElementError: An element could nMatched JSONWP oterr bor ce locaode 7 to NoSuted on the page using the given searchchElementError
&amp#27;[35m[HTTP]&amp#27;[39m &amp#27;[37m<-- POST /wd/hub/sess paion/6crameters.
&amp#27;[35m[0335MJS02-fd88-ONWP4722-8b5b-92e91949d16]&amp#27;[39m    1/el at AndroidUiement &amp#27;[39m&amp#27;[31m5automator200&amp#27;[Driver.callee$0$0$ (/usr/39m &amp#27;[90m32 ms - 164&amp#27;[39mlocal/li
&amp#27;[35m[b/nodeHTTP]&amp#27;[39m _modules/appium/nod&amp#27;[90m&amp#27;e_modules/ap[39pium-android-driver/lib/commandm
s/find.js:75&amp#27;[35m[HTTP]&amp#27;[39:11)m 
&amp#27;[3&amp#27;[37m-->&amp#27;[39m &amp#27;[375m[MJSONWP]&amp#27;[39m     at mPtryCatOST&amp#27;[39mch (/usr/loc &amp#27;[al/lib/node_modu37m/wdles/appium/hub/session/6c033/nod502-fd88-4e_modu722-8b5b-92e91949d1les61/element&amp#27;/babel-runtime/regenerator/runtime[.js:67:40)
&amp#27;[35m[MJSONWP]&amp#27;[39m     at GeneratorFunctionPrototype.invoke [as _invoke] (/usr/local/lib/node_modules/appium/node_modules/babel-runtime/regenerator/runtime.js:315:22)
&amp#27;[35m[MJSONWP]&amp#27;[39m     at GeneratorFunctionPrototype.prototype.(anonymous function) [as thr39m
&amp#27;[35m[HTTP]&amp#27;[39m &amp#27;[90m{"using":"id","value":"com.Slack:id/next_button_url_entry"}&amp#27;[39m
[debug] &amp#27;[35m[W3C]&amp#27;[39m Calling AppiumDriver.findElement() with args: ["id","com.Slack:id/next_button_url_entry","6c033502-fd88-4722-8b5b-92e91949d161"]
[debugow]] &amp#27;[35m[BaseDrive (/r]&amp#27;[usr/lo39m Validcal/lib locator strat/negies for this reqoduese_modut: les/xpathappium/node_modules/babel-run, id,time/regene crator/runtime.js:100:21)
&amp#27;[35m[Mlass JSnamONWP]&amp#27;e, accessibility[39m     at Generator id, -anFunctionPrototdroiype.invoke (/usr/locad uiautomator
l/lib[debug]/no &amp#27;[35m[Bade_modules/appium/node_modules/babseDriel-ruver]&amp#27;[39mnt Wime/regenerator/runtime.aiting up to 0 ms for condition
js:136:37)
&amp#27;[35m[MJSO[deNWbug] P]&amp#27;[39m &amp#27;[Encounte35mred int[JernSONalWP P error runningroxy comm]&amp#27;[39m Matchedand: NoSuchE '/elementError: An element colementuld not be loc' ated onto command name 'fin tdElemhe page ent'
using the g[debuiveng] &amp#27;[ 35m[JSONWP Proxy]&amp#27;[39m Proxying [POST /element] to [POST http://localhost:8201/wd/hub/session/5a27csearch parameters.
&amp#27;[35m[MJSONWP]&amp#27;[39m    767-9791- at AndroidUi4751-872autd-2edomator2Driver.callee$0612cd606$0$ (/usr/lod/elecal/lib/node_modules/appium/node_modules/appium-android-ment] with body: {"strategy":"id","selector":"com.Sdrivlaer/lib/commandck:id/s/find.js:75:11next_)
&amp#27;[but35m[MJSONWP]&amp#27;[ton_ur39ml_entry","cont     atex tryCatct":"","multiple":h (/usrfal/local/lib/nodese}
[debug] &amp#27;[35m[MJSONWP]&amp#27;[39m Ma_mtcodules/appiuhem/d JSONWP error codnode_modules/babel-runtime/regene era7 to NoSuchElemtoentr/runtime.js:Error
&amp#27;[367:40)
&amp#27;5m[HTTP[35m[MJSONW]&amp#27;[39P]&amp#27;[39m &amp#27;[37m<-- POSTm    /wd/hub/session/  at Gene6c033502-fd88-472ra2-8btorFunctio5b-92e91949d161nPrototype.i/element &amp#27;[39m&amp#27;nvoke [as[31m500&amp#27; _invoke] (/usr/local/[3lib/node_mod9m &amp#27;ule[90s/am22 ms - 164&amp#27;[39m
ppium/&amp#27;[35m[HTTPnode_modules]&amp#27;[39/babel-runtime/rm &amp#27;[90m&amp#27;[39m
&amp#27;[35m[HTTP]&amp#27;[39m egenerator/runtime.js:3&amp#27;[37m-->&amp#27;[315:22)
&amp#27;[35m[MJSONWP]&amp#27;[39m     9m &amp#27;[37mat POST&amp#27;[39m &amp#27;[GeneratorFu37m/wd/hub/sesnctiosion/6c0nPrototype.prototype.(an33502-fd8ony8-47mous f22unction) [as throw] (/usr/local/l-8b5b-92e91949dib/node_m161/eleodules/appium/node_moment&amp#27;[dules/ba39m
&amp#27;[35m[HTbel-runtime/regeneratTP]&amp#27;[39m &amp#27;[90m{"uor/runtime.js:1s00:2ing":"id1)
&amp#27;[35","value":m[MJSONWP]&amp#27;[39m     at"com.Slack:id/ne GeneratorFunctionPrototype.invoke (/usr/local/lib/node_modules/appxt_button_url_eium/node_modulesntry/babel-runtime/regenerator/runtime.js:136:37)
&amp#27;[35m"}&amp#27;[39m
[debug] &amp#27;[35m[W3C]&amp#27;[[MJ39m CallinSONWP]&amp#27;g App[39m iumDriver.findElemeEncnt()ountered interna with arl egs: ["id","com.Slack:id/rror running commannextd: NoSu_buchElementError: tton_url_enAn try",elemen"6t could c033502not be loc-fated d88on the pa-4722-8b5b-92e91949d161"]
[debug] &amp#27;ge using the given [35searm[Bch paraseDriver]&amp#27;[39m Valid locator strategies for this request: xpath, id, class name, accessibility id, -anameters.
dro&amp#27;[35id uiautomator
[debug] &amp#27;[m[MJSO35m[BaseDriver]&amp#27;[39m Waiting up to 0 ms for conNWP]&amp#27;[di39m     at AndroidUitioaun
[dtomator2Driver.callee$0$0$ (/usr/local/lib/node_modulesebug] &amp#27;/appium/node_module[35m[JSONWP Proxy]&amp#27;[39m s/appium-andMatched '/element' to command name 'finroid-driver/lib/commadElementnds/find.js:75:11)
&amp#27;[35m[MJSONWP]&amp#27;[39m     a'
[debug]t tryCatch (/usr/local/ &amp#27;[35m[JSONWP Proxy]&amp#27;[39m Proxying [POST lib/n/elode_moduleement] tos/appium/node_modules/babe [Pl-runtiOSTme/re httpgenerato://r/rulocantime.js:67:40)
&amp#27;[35m[MJSONlhoWPst]&amp#27;[39m     a:8201/wt Ged/hub/session/5neratoa27c767-9791-4751-872d-2ed612cd606d/element] with body: {"strategy":"id","selector"rFunction:"com.SlProack:id/ntotyext_button_url_entry","context":"","multiple":false}
[debug] &amp#27;[35m[MJSONWP]&amp#27;[39m Matched JSONWP error code 7 to NoSuchpe.invoke [as _invoke] (/usr/local/lib/node_modules/appium/node_modules/babel-runtime/regenerator/runtime.js:315:22)
&amp#27;[35m[MJSONWP]&amp#27;[39m     at GeneratorFunctionElPrototementError
&amp#27;[35m[HTTP]&amp#27;[39m &amp#27;[37m<-- POST /wd/ype.hub/session/6c033502-fdprototype.(anonymous function) [as throw] (/usr/local/lib/nod88-4722e_modu-8b5les/appium/b-92enod91949d161/element &amp#27;[39m&amp#27;[31m500&amp#27;[39m &amp#27;[90m31 ms -e_modules/babel 16-runtime/regenerator/r4&amp#27;[39muntime.
&amp#27;[35m[HTTP]&amp#27;[39m &amp#27;[90js:100:2m&amp#27;[39m1)
&amp#27;
&amp#27;[3[35m[HTTP]5m[MJSON&amp#27;[39m &amp#27;[37m-->&amp#27;[39WP]&amp#27;[39m     at Genem &amp#27;[37mPOSTratorFunctionPrototype.invo&amp#27;[39ke (/usr/local/lib/nom &amp#27;[de_modules/appium/n37m/wd/ode_modules/babhub/sessel-runtime/regenerionator/6c033502-fd88-4722-8b5b-92e91949d161/el/runtimeement&amp#27;[39m.js:136:37)
&amp#27;[35m[MJSONWP]&amp#27;[39m Encountered internal error running command: NoSuchElementError: An element could not be located on the page using the given search parameters.
&amp#27;
&amp#27;[35m[MJSO[35mNWP]&amp#27;[[HTTP39m     at AndroidUiautomator2Driver.ca]&amp#27;[39m llee$0$0$ (/us&amp#27;[r/l90ocal/lib/node_modules/appium/node_modules/m{ap"using":"id","valupiue":"com.Slack:id/next_button_url_entrym-android-dr"}&amp#27;[39m
[debug] &amp#27;[35m[W3C]&amp#27;[39m Calling AppiumDriver.findElement() with args: ["id","com.Slack:iiver/lib/commandsd//finned.js:75:11)
&amp#27;[35m[MJxt_button_url_entrSONy","6c033502-fd88-4722-8WP]b5b-9&amp#27;[39m     at tryCatch (/usr/local/lib2e91949d161"]
[/nodebug] &amp#27;[35m[BaseDriver]&amp#27;[39m Valid locator strategies for thde_is modules/appium/node_modules/babel-runtime/regenerator/runtime.js:67:40)
&amp#27;[35m[MJSONWP]&amp#27;[39m     at GeneratorFunctionPrototype.invoke [as _invoke] (/usr/local/lib/node_modules/appium/node_modules/babel-runtime/regenerator/runtime.js:315:22)
&amp#27;[35m[MJSONWP]&amp#27;[39m     at GeneratorFunctionPrototype.prototype.(anonymous function) [as throw] (/usr/local/lib/node_modules/appium/node_modules/babel-runtime/regenerator/runtime.js:100:21)
&amp#27;[35m[MJSONWP]&amp#27;[39m     at GeneratorFunctionPrototype.invoke (/usr/local/lib/node_modules/appium/node_modules/babel-runtime/regenerator/runtime.js:136:37)
&amp#27;[35m[MJSONWP]&amp#27;[39m Encountered internal error running command: NoSuchElementError: An element could not be located on the page using threquee givst: xpaten search parameters.
&amp#27;[35m[MJSONWP]h, &amp#27;[39m   id,  at AndroidUiautomator2Driver.cal cllee$0$ass name, acce0$ (/usssibility idr/local/lib/no, -androde_moduid uleiautomatos/ar
[debug] &amp#27;[35m[BaseDrppium/nodiver]&amp#27;[39m Waiting up te_modules/appium-o 0 ms for condiandroid-driver/lib/commands/fintion
[debug] &amp#27;[35m[JSONWP Prd.joxy]&amp#27;[39m Matched '/element' to command name 'findElement'
[debus:g] &amp#27;[3575:m[JSONWP11)
&amp#27; Proxy]&amp#27;[[35m39[MJSONWP]&amp#27;[m Proxying [POST /element] to39m  [    at tryPOST http://locCatch al(/usr/local/lib/node_moduleshost:8201/wd/hub/session/5a27c767-9791-4751-872d-2ed612cd606d/appium/node_modules/babel-runtime/r/elegement] withenerator/runtime bod.js:67:40)
&amp#27;[35y: {"stram[teMJSONWP]&amp#27;[39m     gy":"id","selat Gector":"com.Slack:id/nexeneratorFunctiont_buttonProt_urlotype.invoke [_entry"as _,"conteinvoke] (/usr/lxt":""oc,"mual/lib/nodeltiple":f_modules/appium/nodalsee_modules/babel-runtime/}
[debugregenerator/] &amp#27;[run35mtime.js:315:22)
&amp#27;[35m[MJSONWP]&amp#27;[39m     at GeneratorFunctionProtot[MJSONWP]&amp#27;[39m Matched JSypONWP error code e.prototyp7 to NoSuchElemente.(anonymous funcErrtion) [as throw] (/usor
&amp#27;[3r/local/lib/nod5m[HTTP]&amp#27;[39m &amp#27;[37m<-- POe_moSTdu /wd/hub/seslesis/on/app6c03ium/node_modu3502-fd88-les/babe4722-8b5b-92e91949d1l-r61/uneltiemme/rentegener &amp#27;[3ator/runtime.js:100:21)
&amp#27;[35m[9mMJSONWP&amp#27;[31m50]&amp#27;[39m     at Gene0&amp#27;ratorFun[39m &amp#27;[90m2ctionPrototype.inv7 ms - 164&amp#27;[39m
&amp#27;[35oke m[(/usr/local/lib/node_mHTTP]odules/appium/&amp#27;[39m &amp#27;[90m&amp#27;[39m
&amp#27;[35m[HTTP]&amp#27;[39m &amp#27;[37mnode_modules/babel-runtime/regenerator/runtime.js:136:37)
&amp#27;[35m[MJSONWP]&amp#27;[39m En-->&amp#27;[3countered interna9m l error running command: NoSuchElementError: An element could not be located on the page using the given search parameters.
&amp#27;[35m[MJSONWP]&amp#27;[39m     at AndroidUia&amp#27;[37mPOST&amp#27;[39m &amp#27;[37m/wd/hub/session/6c03350utomator2Driver.callee$0$0$ (/usr/local/lib/node_modules/appium/2-fdnode_modules/appium-android-driver/lib/commands/find.js:75:11)
&amp#27;[35m[MJSONWP]&amp#27;[39m     at tryCatch (/usr/local/lib/node_mo88-4722-8b5b-92e91949d161/element&amp#27;[39m
&amp#27;[35m[HTTP]&amp#27;[dules/appium/node_mo39m &amp#27;[90m{"udulesing":"id","valus/e":"com.Slack:id/babel-runtneximt_bute/regenerator/runtime.jtons:67_ur:4l_0)
entry&amp#27;[35"}&amp#27;[39m
m[MJSONWP]&amp#27;[39m[debug]     &amp#27;[35m[W3C]&amp#27;[39 at Generam CallitorFng AppiuuncmDriver.tionPrototype.invoke [as _invfindoke] (Element() with args: ["i/usr/local/lib/node_md","com.Slack:id/odulnees/axt_ppium/node_modules/babel-runtime/butregenerton_urator/l_enrutry","6c033502-fdntime88-4722-8b5b-92e9194.js:39d161"]
[debug] &amp#27;[35m15:22)
&amp#27;[35m[M[BaseDriver]&amp#27;[39JSONWPm Valid ]&amp#27;[3loc9m  ator strategies for this request: xpath, id, class name, acce   ssibat GenilieratorFunctionPrototy id, -atype.prototype.(anonymous function) [as throw] (/usr/local/lib/node_modules/appium/node_modules/babel-runtime/regenerator/runtime.js:100:21)
&amp#27;[35m[MJSONWP]&amp#27;[39m     at GeneratorFunctionPrototype.invoke (/usr/local/lib/node_modules/appium/node_modules/babel-runtime/regenerator/runtime.js:136:37)
&amp#27;[35m[MJSONWP]&amp#27;[39m Encountered internal error running command: NoSuchElementErrorndroid uiautomator
[debug] &amp#27;[35m[BaseDriver]&amp#27;[39m Waiting up to 0 ms for condition
[debug] &amp#27;[35m[JSONWP Proxy]&amp#27;[39m Matched '/element' to command name 'findElement'
[debug] &amp#27;[35m[JSONWP Proxy]&amp#27;[39m Proxying [POST /element] to [POST http://localhost:8201/wd/hub/session/5a27c767-9791-4751-872d-2ed612cd606d/element] with body: {"strategy":"id","selector":"com.Slack:id/next_button_url_entry","context":"","multiple":false}
[debug] &amp#27;[35m[MJSONWP]&amp#27;[39m Matched JSONWP error code 7 to NoSuchElementError
&amp#27;[35m[HTTP]&amp#27;[39m &amp#27;[37m<-- POST /wd/hub/session/6c033502-fd88-4722-8b5b-92e91949d161/element &amp#27;[39m&amp#27;[31m500&amp#27;[39m &amp#27;[90m38 ms - 164&amp#27;[39m
&amp#27;[35m[HTTP]&amp#27;[39m &amp#27;[90m&amp#27;[39m: An
&amp#27;[35m[HTTP]&amp#27;[39m &amp#27;[37m-->&amp#27;[39m &amp#27;[37mPOST&amp#27;[39m &amp#27;[3 element7m/wd/hub/session/6c033502-fd88-4722-8b5b-92e91949d161/element&amp#27;[39m
&amp#27;[35m[HTTP]&amp#27;[39m &amp#27;[90m{"using":"id","value": could"com.S nolackt be located on the page using the given search parameters.
&amp#27;[35m[MJSONWP]&amp#27;[39m     at AndroidUiautomator2Driver.callee$0$:id/next_button_url_entry"}&amp#27;[39m
[debug] &amp#27;[35m[W3C]&amp#27;[39m Calling AppiumDriver.findElement() with args: ["id","com.Slack:id/next_button_url_entry","6c033502-fd88-4722-8b5b-92e91949d161"]
0$ ([debug] &amp#27;[35m[BaseDriver]&amp#27;[39m Valid locator strategies for this request: xpath, id, class name, accessibility id, -android uiautoma/usr/tor
local/[lib/noddebe_moug] &amp#27;[35m[BaseDridules/appiuver]&amp#27;[39m Waiting up to 0 ms m/nodfore_modules condit/appium-andion
roid-driver[de/libug] &amp#27;[35m[JSONWP Proxy]&amp#27;[39mb/c Matched '/element' to command name 'findElement'
[debug] omma&amp#27;[35m[JSONWP Proxy]&amp#27;[39m Proxying [POST /elends/fiment]nd.js:75: to [POST h11ttp:)
&amp#27;[//localhost:8201/wd/hub/session/5a27c767-9791-4751-872d-2ed612cd606d/element] with body: {"strategy":"id","selector":"com.Slack:id/next_button_url_entry","context":"","multiple":false}
[debug] &amp#27;[35m[MJSONWP]&amp#27;[39m Matched JSONWP error code 7 to NoSuchElementError
&amp#27;[35m[H35mTTP]&amp#27;[39m &amp#27;[37m<-- POST /wd/hub/sessi[MJSONWP]&amp#27;[39on/6c033m502-fd88-4722-8b5b-92e91949d161/element &amp#27;[39m&amp#27;[     at31m500&amp#27;[39m &amp#27;[90m29 ms - 164&amp#27;[39m tryCatch
&amp#27; ([35m[HT/uTP]sr&amp#27;[39m /l&amp#27;[90moc&amp#27;[39m
al/lib/&amp#27;[node_modules/appiu35m[HTTP]&amp#27;[39m &amp#27;[37m-->&amp#27;[39m &amp#27;[37mPOST&amp#27;[39m &amp#27;[37m/wd/hub/session/6c033502-fd88-4722-8b5b-92e91949d161/element&amp#27;[39m
&amp#27;[35m[HTTP]&amp#27;[39m &amp#27;[90m{"using":"id","value":"com.Slack:id/next_button_url_entry"}&amp#27;[39m
[debug] &amp#27;[35m[W3C]&amp#27;[39mm/ Calnolindeg AppiumDriver.findElemen_mt() witodulh args: ["id","com.Slack:id/next_button_url_entry","6c033502-fd88-4722-8b5b-92e91949d161"]
[debug] &amp#27;[35m[BaseDriver]&amp#27;[39m Valid locator strategies for this request: xpath, id, class name, accessibility id, -android uiautomator
[debug] &amp#27;[35m[BaseDriver]&amp#27;[39m Waiting up to 0 ms fes/orba conditibeonl-
[debug] &amp#27;[35m[JSONWP Pruntime/rroxy]&amp#27;[39m Matched egenerator/run'/element' to ticommanme.js:67:40d nam)
e 'f&amp#27;[35indm[MJSONWP]&amp#27;[39mEl   eme  ant'
[debug]t Generato &amp#27;[35mrFunc[JSOtiNWPonProt Proxy]&amp#27;[39moty Proxying [POST /elempeen.invt] toke [as _invokeo [POS] T http://localhost:(/usr/local/lib8201/wd/hu/nob/session/5a27c767-979de_modules/appium/node_modules/babel-runtime/regenerator/runtime.js:315:22)
&amp#27;[35m[MJSONWP]&amp#27;[39m     at GeneratorFunctionPrototype.prototype.(anonymous function) [as throw] (/usr/local/lib/node_modules/appium/node_modules/babel-runtime/regenerator/runtime.js:100:21)
&amp#27;[35m[MJSONWP]&amp#27;[39m     at GeneratorFunctionPrototype.invoke (/usr/local/lib/node_modules/appium/node_modules/babel-runtime/regenerator/runtime.js:136:37)
&amp#27;[1-435m[MJSONW751-P]&amp#27;[39m872 Encountd-2ed612cd606d/element] with body: {"strategy":"id","selecered internal error runningtor":"com.Slack:id/next_button_url_entry","context":"","multiple":false}
[debug] &amp#27;[35m[MJSONWP]&amp#27;[39m Matched JSONWP error code 7 c to NommandoSu: NoSuchElemchElenementErrotError: An elemer
&amp#27;[35m[HTTP]&amp#27;[nt 39mco &amp#27;[37m<-- POST /wd/huuld b/not besession/6c located on 033502-fthe pd88-4722-8b5b-92e919age 49usind161g th/ee lemengivent &amp#27;[39m&amp#27;[ sear31mch par500&amp#27;[39m &amp#27;am[90m24et ms er- 1s.
&amp#27;[64&amp#27;[39m35m[M
&amp#27;[JSON35m[WP]&amp#27;[HTT39P]&amp#27;m     [39m &amp#27;[at90 Andm&amp#27;[39mroidUiautomator
&amp#27;[35m[2DriveHTTr.calP]&amp#27;[39m &amp#27;lee[3$07m-->&amp#27;$0$ ([39m/usr/lo &amp#27;cal/[37mPOST&amp#27;[39m &amp#27;[3li7mb/no/wde_md/odhub/session/6c03ules/a35pp02-ium/node_fd88-modules47/appium-22-8ban5bdr-9oid-driver/lib/c2e91949dommand161/eles/ment&amp#27;[39m
find.&amp#27;[35mjs[H:75:11TTP]&amp#27;[39)
&amp#27;m &amp#27;[[35m90[MJSm{"ONWP]&amp#27;[usi39m     at trng":"id","vyCalue":"comatch .Slac(/usr/local/lik:b/node_modulid/nes/appiuext_bum/node_modulestton_url_entry"}&amp#27;/babe[39m
[deblug] &amp#27;[-r35muntim[W3Ce/reg]&amp#27;[enera39tom Callr/inrug Apntimepiu.jmDrs:6iver.f7:indEleme40nt() w)
&amp#27;[35ith arm[gsMJ: SO["id"NW,"com.SP]la&amp#27;[39m ck:id/next    at _button_Generurlator_entry","6c03350Function2-Prfd88ot-472ot2-8bype.5b-92e91in949d161vo"]
[debkeug [as]  _&amp#27;[in35mvoke] [Bas(/ueDrisrve/lr]&amp#27;[39m Valiocal/d locatorli stratb/node_moduegileses for/appi this um/node_modulerequest: xpath, id, class name, accessibility id, s/-androidba ubeliautomator
[debug] &amp#27;[35m-runtim[Base/reDriegever]&amp#27;[3ne9m raWaiting up to 0 ms for contor/rudition
[debug] &amp#27;[35m[JSONWP Proxy]&amp#27;[39m Mntimeatch.jsed '/element':315:22 to command)
 n&amp#27;[am35m[MJe 'SONWP]fi&amp#27;[39m    nd at GEleenment'
eratorFu[dnctiebuonPrototyg]pe &amp#27;.p[3ro5m[JStotyONWpe.(anoP Proxy]&amp#27;[39m Pnymous funcroxtiying on[P) [as throw] OS(/usr/local/T li/elb/node_modulemes/apent] pium/nto ode[POST _mohtdules/batp:/be/ll-runtiocalhostme/regen:8era20tor/runt1/wd/huime.jsb/s:100essi:21)
&amp#27;[35m[MJSOon/NW5aP]27&amp#27;[39m     at Gec767-97ne91-4751-872rad-2edto61rFunctionPr2cdot606d/element] withot bodype.y:in {"stratvoke (/usr/localeg/lib/noy":"id","selector":"comde_m.Slack:id/next_bodulutton_es/aurl_entry","ppiucontm/node_moduleext":""s/babel-r,"muluntime/tiregenerator/runtime.js:136:37)
&amp#27;[35m[MJple":fSOalNWPse}
]&amp#27;[[debug] &amp#27;[35m[MJSONWP]&amp#27;[3399m Mm Eatchencountd JSONWP error cered intodeer 7 to NoSnal erucrohElementErr ror
running &amp#27;[35mcomma[HTTP]nd: NoSuchE&amp#27;[39m lem&amp#27;[37m<-- PentErrorOS: An eT /wd/hulementb/s cessionould not b/6c03e lo35ca02ted o-fd88-4722-8n b5b-92e9194th9d161/ele page emenusint g the &amp#27;[given search pa39m&amp#27;[31ramem500te&amp#27;[rs.
&amp#27;39m &amp#27;[90m33[35m[MJSO ms - 1NW64&amp#27;[3P]&amp#27;[39m
9m &amp#27;[   35m[ at AnHTTdrP]&amp#27;[39moi &amp#27;[9dUiautoma0m&amp#27;[39tom
&amp#27;[r2Dr35m[HivTTPer]&amp#27;[39m &amp#27;[37m-.c->&amp#27;[39m &amp#27;[3alle7mPOe$0$0$ ST&amp#27;[39m (/&amp#27;[37m/usrwd/lo/hub/sessical/lib/nodeon/6c033502-fd88-4722-_m8b5odules/appium/nodeb-92e91949d161/eleme_mont&amp#27;[dule39ms/appium-
&amp#27;[35androim[HTd-driver/lib/commaTP]&amp#27;[nds/f39ind.js:75:m 11)
&amp#27;&amp#27;[[35m[M90m{"uJSONsiWP]&amp#27;[39ng":m     at "id",tryCatch"value": (/"com.usr/locaSlack:id/next_l/libbutton_url_entry"}&amp#27;[39m
[debu/nog] &amp#27;[35mde_[W3C]&amp#27;modul[39m Calling AppiumDriver.findElement() with esargs:/appium/node_module ["ids/babel-runtim","com.Se/regenerator/runlatime.jck:id/ns:67:4ext_0)
&amp#27;[35button_urlm[MJSONWP]&amp#27;[39_entm     ryat Generator","6c033502-fFunctionProtd8oty8-pe472.invoke [as2-8b _inv5b-92e91949d16oke] (/usr/local/lib/node_modules/appium1"]
/node_modules/[dbabel-rebugun] &amp#27;[ti35m[Bame/regeseDriver]&amp#27;[39m neratoValid locatr/ror strategiuntimees for.js: this request: xpat315h, id, class nam:22e, accessibili)
&amp#27;[35m[tyMJS idONWP, -android ]&amp#27;[39muiaut  omator
[d  ebug] &amp#27;[35m[B aast eDrGeiver]&amp#27;ne[39m WaitratorFunctionPrototying uppe. to 0 ms for prototconype.dition
[(anonymoudebs fug] un&amp#27;[35ctm[JSONWion) P Pr[as oxyth]&amp#27;[39rowm Match] (/usr/edlocal/li '/eleb/nomentde_modul' es/ato commandppium/node_module nams/babee 'l-runfindEltime/regeneratemorent/r'
[undebugtime] &amp#27;[35m[JS.js:ONWP Pr100:21)oxy]&amp#27;[39m Proxying
&amp#27; [POST /element] to [POST http:/[35m[MJS/localhONWP]ost:8201/wd&amp#27;[/h39m     ub/atsessi GeneratorFunon/5a27c767-9ctionPrototype.invoke (/u791-47sr/local/li51-872d-2ed61b/node_m2cd606d/element] with body: {"strategy":"iodules/appium/node_modules/babel-runtime/regenerator/runtime.js:136:37)
&amp#27;[35m[MJSONWP]&amp#27;[39m Encountered internal error running command: NoSuchElementError: An element could not be located on the page using the given search parameters.
&amp#27;[35m[MJSONWP]&amp#27;[39m     at AndroidUiautomator2Driver.callee$0$0d","selector":"com.Slack:id/next_button_url_entry","context":"","multiple":false}
[debug] &amp#27;[35m[MJSONWP]&amp#27;[39m Matched JSONWP error code 7 to NoSuchElementError
&amp#27;[35m[HTTP]&amp#27;[39m &amp#27;[37m<-- POST /wd/hub/session/6c033502-fd88-4722-8b5b-92e91949d161/element &amp#27;[39m&amp#27;[31m500&amp#27;[39m &amp#27;[90m28 ms - 164&amp#27;[39m
&amp#27;[35m[HTTP]&amp#27;[39m &amp#27;[90m&amp#27;[39m
&amp#27;[35m[HTTP]&amp#27;[39m &amp#27;[37m-->&amp#27;[39m &amp#27;[37mPOST&amp#27;[39m &amp#27;[37m/wd/hub/session/6c033502-fd88-4722-8b5b-92e91949d161/element&amp#27;[$ (/usr/local/lib/node_modules/ap39m
&amp#27;[35m[HTTP]&amp#27;[3pium/node_modules/appium-android-dri9m &amp#27;[90m{"using":"id","value":"com.Slack:id/next_button_uver/lib/commands/find.js:75:11)
&amp#27;[35m[MJSONWP]&amp#27;[39m     at tryCatrlch (/usr/lo_entry"}&amp#27;ca[39m
[debug] &amp#27;[35m[W3C]&amp#27;[39ml/l Cib/node_moduallles/appium/ning ode_modules/babel-runAppiumDriver.findElement() with atimrgs: e/regenerator["id","/runtime.js:67:40)
&amp#27;[35m[MJSONWP]&amp#27;[39m     atcom GeneratorFunctionPrototype.invoke [as _invoke] (/usr/local.Slac/lib/k:id/next_button_node_mourl_entry","6c033502-fd88-47dules/ap22-8b5pium/node_modules/babel-runb-92e9194tim9d161"]
[dee/regenerator/runtime.js:315:bu22g])
 &amp#27;[3&amp#27;[35m5m[M[BaseDriJSOver]&amp#27;[3NWP]&amp#27;[39m     at GeneratorFunctionPrototyp9m Valid le.prototype.(aocator strategies for this request: xpath, id, class nonymous function) [as throw] (/usr/local/lib/node_modules/appium/node_modules/name, accessibility id, -android uiautomator
[debug] &amp#27;[35m[BaseDriver]&amp#27;[39m Waiting up to 0 ms for condition
[debug] &amp#27;[35m[JSONWP Pbabel-runtime/regenerator/runtime.js:100:21)
&amp#27;[35m[MJSONWP]&amp#27;[39m     at GeneratorFunctionProrototyxy]&amp#27;[39m Mape.invoke tc(/usr/locahedl/l 'ib/node_/element' to command name 'findElement'
[debug] &amp#27;[35m[JSONWP Proxy]&amp#27;[39m Proxying [POST /element] to [POST http://localhost:8201/wd/hub/session/5a27c767-9791-4751-872d-2ed612cd606d/element] with body: {"strategy":"id","selector":"com.Slack:id/next_button_url_entry","contemodules/axt":"","multiple":false}
[debug] &amp#27;[35m[MJSONWP]&amp#27;[39m Matched JSONWP error codppium/node_modules/e 7 to NoSuchElementError
&amp#27;[35m[HTTP]&amp#27;[39m &amp#27;[37m<-- POST /wd/hub/session/6c033502-fd88-4722-8b5b-92e91949d1ba61/element &amp#27;[39m&amp#27;[3bel-1m500&amp#27;[3run9m &amp#27;[90m21 ms - 164&amp#27;[39m
&amp#27;[35m[HTTP]&amp#27;[time/reg39m &amp#27;[90m&amp#27;[39m
&amp#27;[35m[HTenerator/runtime.js:136:37)
&amp#27;[35m[MJSONWP]&amp#27;[39m Encountered internal error running commandTP]&amp#27;[39m &amp#27;: NoSuchElementError: An element could no[37m-->&amp#27;[3t be loca9mted &amp#27; on [37mPOthe page using the given search parameters.
&amp#27;ST&amp#27;[39m &amp#27;[37m/[35m[MJSONWP]&amp#27;[39m     at AndroidUiautomator2Driwd/hver.callee$0$0$ (/usr/local/luib/node_modub/session/6c03350les/appium2-fd/node_modu88les/appium-android--4driver/722-8blib/commands/find.js:75:11)
&amp#27;[35m[MJSONWP]&amp#27;[39m     at tryCatch (/usr/local/lib/node_modules/ap5bpium/node_modules/babel-ru-92e919ntime/regenerator/runtime.js:4967:40)
&amp#27;[35m[MJSONWP]&amp#27;[39m     at GeneratorFunctionPrototype.invokd1e [as _invoke] 61(/usr/local/lib/node_modules/appium/node_modules/babel-runtime/regenerator/runtime.js:315:22)
&amp#27;[35m[MJSONWP]&amp#27;[39m     at GeneratorFunctionPrototype.prototype.(anonymous function) [as throw] (/usr/local/lib/node_modules/appium/node_modules/babel-runtime/regenerator/runtime.js:100:21)
&amp#27;[35m[MJSONWP]&amp#27;[39m     at GeneratorFunctionPrototype.invoke (/usr/local/lib/node_modules/appium/node_modules/babel-runtime/regenerator/runtime.js:136:37)
&amp#27;[35m[MJSONWP]&amp#27;[39m Encountered internal error running command: NoSuchElementError: An element could not be located on the page using the given search parameters.
&amp#27;[35m[MJSONWP]&amp#27;[39m     at AndroidUiautomator2Driver.callee$0$0$ (/usr/local/lib/node_modules/appium/node_modules/appium-android-driver/lib/commands/find.js:75:11)
&amp#27;[35m[MJSONWP]&amp#27;[39m     at tryCatch (/usr/local/lib/node_modules/appium/node_modules/b/elemabel-runtime/regenerator/runtime.js:67:40)
&amp#27;[35m[MJSONWP]&amp#27;[39m     at GeneratorFunctionPrototype.invoke [as _invoke] (/usr/local/lib/node_modules/appium/node_modules/babel-runtime/regenerator/runtime.js:315:22)
ent&amp#27;[35m[MJSONWP]&amp#27;&amp#27;[39[39m     at GeneratorFunctionPm
&amp#27;[35m[HTTP]&amp#27;[39m &amp#27;[90m{"using":"roid","vtotalue":"com.Slackype.prototype.(anonymous function) [as throw] (/usr/local/lib/node_modules/appium/node_modules/babel-runtime/regenerator/runtime.js:100:21)
&amp#27;[35:id/nexm[t_buMJttSOonNW_uP]rl_ent&amp#27;[39m  ry"}&amp#27;[39   am
t GeneratorFunctionPrototype.invoke (/usr/local/lib/node_modules/appium/node_modules/babel-runtime/regenerator/runtime.js:136:37)
&amp#27;[35m[MJSONWP]&amp#27;[39m Encountered internal error running command: NoSuchElementError: An element could not be located on the page using the given search parameters.
&amp#27;[35m[MJSO[debugNWP]&amp#27;[39m     at AndroidUi] automat&amp#27;[3or2Driver.callee$0$0$5m[W3C]&amp#27;[39m Calling ( Appium/usDrr/local/lib/node_modulivees/appir.fiumndElemen/nodt() e_modulewits/appium-andrh oid-driver/lib/commands/find.js:7ar5:1g1)
s:&amp#27;[ [35"im[MJSONWP]&amp#27;[39m     at tryCatch (/usr/local/d","clib/node_modules/appiumom/node.S_molackdules/babe:l-ruid/nextntime/regenerat_button_url_or/runtime.js:67:40)
&amp#27;[35m[Mentry","6c0JSONWP]&amp#27;[335039m     at GeneratorFun2-fd88-cti4722onPrototyp-8e.invb5b-92eoke91 [as _i949d161"]
[dnvokebue] (/usr/g] lo&amp#27;[ca35m[BaseDrl/lib/node_modules/aiverppium/node_modul]&amp#27;[es/babel-39m Varunlitime/red lgeneocarator/rtountimer strategies for t.js:315:22)h
&amp#27;is[35m[ request: xpath, id, class name, acMJSONWPcessibil]&amp#27;[39m     at Generatity id, -orFuandnctiroid uoniautomator
Prototype[debug].p &amp#27;[35rotom[Batype.(aseDrivernonymous funct]&amp#27;[39m Waiting upio tn)o 0 ms  [afor s throw] (/usr/local/lconib/nodition
[debugde_mod] &amp#27;[ules/a35m[ppium/node_mJSodules/bONabWP Pel-ruroxy]&amp#27;[39ntime/m Matched 'regenerator/runtime./eljs:100:21)
&amp#27;[35m[MementJSONWP]&amp#27;[39m     ' toat G ceneratorFunctionPommrotoantype.invoke (/usr/local/lib/node_modules/d name 'appium/node_findElememodules/babel-runnt'
[debug] &amp#27;[35m[JSONWP Ptime/regenerator/runtime.js:136:37)r
&amp#27;[3oxy]&amp#27;[35m[MJSONWP]&amp#27;[399m Prom Encxying [POSouT /elntered internemal error running commanent] td: No oSuchElementError: An element could not be located[PO oST n the phttpag://localhoe st:8usin201/wd/hug the given searcb/seh parameterssions/.5a27c7
&amp#27;[35m[MJSONWP]&amp#27;[367-979m 91-4    at An751droidU-8iautoma72d-2ed612ctord606d/element] 2Driver.calleewi$0$th body: {"strat0$ (/usr/local/lib/noegy"de:"id"_m,"odules/appium/node_modules/appium-android-driver/lib/commands/find.js:75:11)
&amp#27;[3select5m[MJSONWP]&amp#27;or[39":m   "com.Slac  at k:id/tryCatch next_(/buusttor/n_url_entry",loca"contexl/t":li"",b/node_"mulmodulestiple"/a:fappiulse}
[debum/ng]ode_modules/ &amp#27;[3babel-runtime/reg5m[Menerator/runtiJSOme.js:6NWP7:]&amp#27;40)
[39m Mat&amp#27;[35m[MJSOcheNWP]&amp#27;[39m     at Gened JSONWP erarrtoror FunctionProcode 7 tot NoSotuchElemenyptError
&amp#27;[35e.m[invoke [as _HTTP]&amp#27;in[39mvoke]  &amp#27;(/usr/local/lib/node_mo[37m<--dules/appium/node POST /wd/hub/_modusessles/babel-ruion/6cntime/regenerator/runt03350im2-fe.js:315:d88-422)
&amp#27;[35m[MJSONWP]&amp#27;[39m     at Gener722-8b5b-92eato91949rFunctionPrototype.prod161/element totype.&amp#27;[39m&amp#27;[31m500&amp#27;[39m(ano &amp#27;nymous function)[90m21 ms - 164&amp#27;[39 [am
s t&amp#27;[hro35mw][HTT (/usr/local/lib/P]no&amp#27;[39m de_m&amp#27;[90m&amp#27;odu[39m
&amp#27;[3les5m[H/appiuTTP]&amp#27;[39m &amp#27;m/node[37m-_m->&amp#27;[39odules/babem &amp#27;[37l-rumPOST&amp#27;[39mnt &amp#27;[37mime/wd/regener/hator/runtime.jubs:10/sessio0:n/6c033502-21)
&amp#27;[fd88-4722-8b5b-92e935m[MJS1949d161/eleONWP]&amp#27;[39m  ment&amp#27;  [39m
&amp#27;[3 at 5m[HTTPGeneratorFunction]&amp#27;[39m Prototy&amp#27;[90m{"usingpe.invoke":"id","value (/us":"cr/local/lom.Sib/node_modules/appiulam/node_modck:idules/babel-runtime/n/regeext_bnerator/runtime.js:136:utto37)
&amp#27;[n_url_en35m[MJSONWPtry]&amp#27;"}&amp#27;[[39m Encoun39m
[debtered iug]nter &amp#27;[35m[nal errorW3C]&amp#27; ru[3nning command: NoSuc9m Calling hElAppiuemmDriventErer.findEleror:ment An el() with emearnt could nogs: [t be"id loc","cated on the ompa.Slacgek:id/ne using thext_ given busearch paramtton_ueters.rl_
&amp#27;[35mentry","[M6c033502-fJSOd88-4722-8b5b-9NW2e9194P]&amp#27;[39m9d     at A16ndroidUiautomator1"]
[d2Driebveugr.callee$0$0$ (/usr/local/li] &amp#27;[35b/node_mom[BaseduDriles/appium/ver]&amp#27;[3nod9me_modu Vles/alid appium-anlocatodroid-driverr stra/ltegies foib/commands/find.js:75:r t11)
&amp#27;[35m[hiMJSONs requWPest: xpath, id, c]&amp#27;[3lass9m na     ame, accest trysibilitCaty id, -android uiachutom (/usr/atorlocal
[de/lbugib] /n&amp#27;[35m[ode_mBaseDriver]odules/ap&amp#27;[39m Waiting up pium/node_modulesto 0 ms for condition/babel-
[rundebug] time&amp#27;[/r35m[JegSONWP Preneoxrator/runy]&amp#27;ti[3me.js:67:49m Mat0)
&amp#27;ch[35m[MJed '/SONelement'WP]&amp#27;[ to command name 'f39m     inatdE GlemeeneratorFunt'
[debug] &amp#27;[3nct5m[ionProJStotypONWe.P inProxy]voke&amp#27;[ [as _invo39m Pke] (/usr/loroxcal/lib/node_modulyiesng [POS/apT /pium/node_moduleelemes/babnt] el-runtime/to [PregeneOSTrato http:/r/runtime.j/locas:3lh15:22)
ost:820&amp#27;[351/m[Mwd/huJSONb/sessionWP]&amp#27;/5a27c[39m     a767-9791-t G4751-enera872d-2etord612cd60FunctionP6droto/eltype.proementot]ty with bodpey: .(anon{"ymoustrategy":"id","ses function) [as throw] (lector":"com.Slack:id/usr/local/lib//next_bnode_moduttoules/appn_uium/node_modurl_entrley","cs/babeontext":"","mull-runtitipmele":/regfalenerator/rse}
[duntebime.ug] &amp#27;[35m[Mjs:100:21JSONWP]&amp#27;[39m Mat)
ched JS&amp#27;[35mONWP erro[MJSr codONe 7 tWP]&amp#27;[39m     o Nat GenoSueratorFunctionProtochEltype.inemevontError
&amp#27;[35m[ke (/usr/local/HTTP]&amp#27;lib/node_[39m &amp#27;[3modules/a7m<--ppium/node_m Podules/OSbabel-runtT /wimed/hu/rb/seegenession/6crat033502or/ru-fd88-472ntime.js:136:37)
&amp#27;[35m[MJSONWP]&amp#27;[39m Encou2-8b5b-92e9ntered1949d internal161/element &amp#27;[39m&amp#27;[31m500&amp#27;[3 er9m ror run&amp#27;[90m26ning comman ms d:- 1 N64oSuch&amp#27;[39m
&amp#27;[35Elemenm[HTTP]tError: A&amp#27;[39n em &amp#27;[90m&amp#27;lem[39ent coulm
&amp#27;[35m[HTTP]&amp#27;[39m &amp#27;[37m-d not be ->lo&amp#27;[39catm &amp#27;[37mPOST&amp#27;[39m &amp#27;[ed o37m/wd/hun thb/session/6c033502e page us-fd88-in4722-8bg the gi5b-ve92e91n 94sear9d161/elemench part&amp#27;amet[39m
&amp#27;ers[3.
&amp#27;[35m[M5m[HTTP]&amp#27;[39m &amp#27;[90JSONWP]&amp#27;[39m  m{"using"  :" at id","valuAndroidUe":"coiautomam.tor2Driver.calSlack:id/next_buttlee$0$0$on_u (/rlusr_e/lontcal/lryib/"}&amp#27;[39m
[node_mdebodules/appium/noug] &amp#27;[de_modu35m[Wle3C]&amp#27;s/a[3ppiu9m Cm-analldroiing AppiumDrd-driviver/lib/commands/find.js:75:er.find11)
&amp#27;[Element(35m[MJSONWP]&amp#27;[3) with9m      args: ["id","com.Slack:id/nexat t_butrttoyCatch (/usr/local/n_liurl_entry","6c033502-fb/d8no8-de_m4722-8b5b-92e91od94ules/app9d1ium/n61od"]e_modu
[ledebs/baugbel-] ru&amp#27;[35m[BaseDrintiver]me/regenera&amp#27;[3to9m Vr/alid rulocator ntime.jsstrategies for this req:6ues7:t: x40pa)
&amp#27;[th, 35id,m[ cMJlass SONWP]name,&amp#27;[3 a9mccessi     at GeneratorFuncbitiolity nPrototype.invoke [as _invokeid] (/usr/l, oc-androal/liid b/uinode_automator
[demobudules/appiumg] &amp#27;[3/node_modules/babel5m[BaseDr-runtiiverme/regenerat]&amp#27;[3or/runti9m Wame.js:31iting up 5:22)
&amp#27;[35m[MJSONtoWP]&amp#27;[39m  0 m    ats for co Generandition
[debtorug] &amp#27;[35m[JFunSOctionPrototype.protoNWtype.P (anonProxy]&amp#27;[3ymous9m function) [as throw] (/usr/l Matchoced '/alelem/lib/node_menodut' toles/appium c/noommand name 'findElementde_modul'
[dees/babel-runtime/regenerator/runtime.js:100:21)
&amp#27;[35m[MJSONWP]&amp#27;[39mbug] &amp#27;[   35m[  at GeJSONWP ProneratorFunctionPrototype.invoke (/usr/local/lib/node_modules/appium/node_modules/babel-runtime/regenerator/runtime.js:136:37)
&amp#27;[35m[MJSONWP]&amp#27;[39m Encountered internal error running command: NoSuchElementError: An element could not be located on the page using the given search parameters.
&amp#27;[35m[MJSONWP]&amp#27;[39m     at AndroidUiautomator2Driver.callee$0$0$ (/usr/locxy]&amp#27;[39m Proxying [Pal/lib/node_modules/appium/node_modules/appium-android-driver/lib/commands/find.js:75:11)
&amp#27;[35m[MJSONWP]&amp#27;[39m     at tryCatch (/usr/local/lib/node_modules/appiuOST /elemm/nodent] to [POST http://loe_modules/babel-runtime/regenerator/runtime.js:67:40)
&amp#27;[35m[MJSONWP]&amp#27;[39m     at GeneratorFunctionPrototype.invoke [as _invoke] (/usr/local/lib/node_modules/appium/node_modules/babel-runtime/regenerator/runtime.js:315:22)
&amp#27;[35m[MJSONWP]&amp#27;[39m     at GeneratorFunctionPrototype.prototype.(anonymous function) [as throw] (/usr/local/lib/node_modules/appium/node_modules/babel-runtime/regenerator/runtime.js:100:21)
&amp#27;[35m[MJSONWP]&amp#27;[39m     at GeneratorFunctionPrototype.invoke (/usr/local/lib/node_modules/appium/node_modules/babel-runtime/regenerator/runtime.js:136:37)
&amp#27;[35m[MJSONWP]&amp#27;[39m Encountered internal error running command: NoSuchElementError: An element could not be located on the page using the given search parameters.
&amp#27;[35m[MJSONWP]&amp#27;[39m     at AndroidUiautomator2Driver.callee$0$0$ (/usr/local/lib/node_modules/appium/node_modules/appium-android-driver/lib/commands/find.js:75:11)
&amp#27;[35m[MJSONWP]&amp#27;[39m     at tryCatch (/usr/local/lib/node_modules/appium/node_modulescal/babelhost:8201/wd/hub/session/5a27c767-9791--runtime/reg47ener51-872d-2ed612cdator/r606d/eleuntime.jsment] with body: :67:40)
{"strategy":"id","selector":"com.Slack:&amp#27;[35mid/next_b[MJuttonSON_urlWP_ent]&amp#27;[39m     at GeneratorFunctionPrototype.invoke [as _invoke] (/usr/local/lib/node_modules/appium/node_modules/babel-runtime/regenerator/runtime.js:315:22)
&amp#27;[35m[MJSONWP]&amp#27;[39m     at GeneratorFunctionPrototype.prototype.(anonymous function) [as throw] (/usr/local/lib/node_modules/appium/node_modules/babel-runtime/regenerator/runtime.js:100:21)
&amp#27;[35m[MJSONWP]&amp#27;[39m     at GeneratorFunctionPrototype.invoke (/usr/local/lib/node_modules/appium/node_modules/babel-runtime/regenerator/runtime.js:136:37)
&amp#27;[35m[MJSONWP]&amp#27;[39m Encountered internal error running command: NoSuchElementError: An element could not be located on thery", page using the given search parameters.
&amp#27;[35m[MJSONWP]&amp#27;["con39m     text"at AndroidUiautomator2Driver.callee$0:"","multiple"$0$ (/usr/:faloclse}
[debug] &amp#27;[35m[MJSONWP]&amp#27;[39m al/Matlib/nchode_modules/aped JSONWP errpium/nor coode_de 7 tmodulo es/aNoSppuchiuElm-andemroid-driver/lentErrorib/commands/find.js:7
&amp#27;[35m[HTT5:11)
&amp#27;[3P]&amp#27;[39m &amp#27;[37m<-- POST /wd/hub/session/6c033502-fd88-4722-8b5b-92e91949d161/element &amp#27;[39m&amp#27;[31m500&amp#27;[39m &amp#27;[90m29 ms - 165m[MJSON4&amp#27;[39m
&amp#27;[35m[HTTP]&amp#27;[39m &amp#27;[90WP]&amp#27;[39m     atm&amp#27;[39m
&amp#27;[35m[HTTP]&amp#27;[39m &amp#27;[37m-->&amp#27;[39m &amp#27;[37mPOST&amp#27;[39m &amp#27;[37m/wd/hub/session/6c033502-fd88-4722-8b5b-92e91949d161/element&amp#27;[39m
&amp#27;[35m[HTTP]&amp#27;[39m &amp#27;[90m{"using":"id","value":"com.Slack:id/next_button_url_entry"}&amp#27;[39m
[debug] &amp#27;[35m[W3C]&amp#27;[39m Calling AppiumDriver.findElement() with args: ["id","com.Slack:id tryCatch (/usr/next_/local/libbutton_url_entry","6c033502-fd88-4722-8b/node_modules/appium/node_modules/babel-runtime/regenerator/runtime.js:67:40)
&amp#27;[35m[MJSONWP]&amp#27;[39m     at GeneratorFunctionPrototype.invoke [as _invoke] (/usr/local/lib/node_modules/appium/node_modules/babel5b-92e91949d161"]
[debug] &amp#27;[35m[BaseDriver]&amp#27;[39m Valid locator strategies for this request: xpath, id, class name, accessibility id, -android uiautomator
[debug] &amp#27;-run[35m[BaseDrtime/river]&amp#27;[39m egWaiting up to enerator/0 ms foruntime.js:315:22)
&amp#27;[35mr condition
[[MJSONWP]&amp#27;[39mdebug] &amp#27;[35m[JS     at GeneratorFunctionPrototype.prototype.(anonymousONWP Proxy function) [as throw] (/us]&amp#27;[39m Mar/ltched '/element' tooca coml/lib/nodemand name '_modules/appium/node_modules/babel-runtime/regenerator/runtime.js:100:21)
findElement'
[debug] &amp#27;[35m[JSONWP Proxy]&amp#27;[39m Proxying [POST /element] to&amp#27;[35m[MJSONWP]&amp#27;[ [P39m     at GeneratorFunctionPrototype.invoke (/usr/local/lib/node_modules/appium/node_modules/babel-runtime/regenerator/runtime.jOSTs:136:37 http)
&amp#27;[35:/m[MJSONWP]/localh&amp#27;[39m Encountered internal error running command: NoSuchElementError: An element could not be located on the page using the given search parameters.
&amp#27;[35m[MJSONWP]&amp#27;[39m     at AndroidUiautomator2Driver.callee$0$0$ (/usr/local/lib/node_modules/appium/node_modules/appium-android-driver/lib/commands/find.js:75:11)
&amp#27;[35m[MJSONWP]&amp#27;[39m     at tryCatch (/usr/local/lib/node_modules/appium/node_modulesost:8201/wd/ba/hub/sebel-russion/ntim5a27c7e/r67-9791-47egene51-872d-2ed612cd6rato06dr/runti/eme.js:67:40)
&amp#27;[35m[MJSONWP]&amp#27;[lement]39m     at GeneratorF wunctionPrototype.invoke [as _invoke] (/usr/local/lib/node_modules/appiith boum/noddy: {"ste_modules/rategybabel-":"id","selector"runtime/regenerator:"/runtime.js:315:22)
&amp#27;[35m[MJSONWP]&amp#27;[39m     at Genecom.Slack:id/next_button_url_entry","context":"","multiple":false}
[debug] &amp#27;[35m[MJSONWP]&amp#27;[3ratorFunctionPrototype.prototype.(an9m Maonymotcheus fud JnctSOioNWP error code 7 to NoSuchElementError
&amp#27;[35m[HTTP]&amp#27;[39m &amp#27;[37mn) <-- POST /wd/hub/session/6c0335[as throw] (/usr/local/lib/node_mo02-fd88-4722-8b5dulb-92e91es/appiu949d16m/1/elenode_modument &amp#27;[39mles/&amp#27;[31babel-rm50untime/reg0&amp#27;[39m &amp#27;[90menera28 ms -tor/runtime.js:100:21)
&amp#27;[3 15m[MJSONWP64&amp#27;[39m
&amp#27;[35m[HTTP]]&amp#27;[&amp#27;[39m &amp#27;[90m&amp#27;[39m
&amp#27;[35m[HTTP]&amp#27;[39m     39m &amp#27;[37m-->&amp#27;[39m &amp#27;[37mPOST&amp#27;[39m &amp#27;[37m/wd/hub/session/6c033502-fd88-4722-8b5b-92e91949d161/element&amp#27;[39m
&amp#27;[35m[HTTP]&amp#27;[39m &amp#27;[90m{"using":"id","value":"com.Slack:id/next_button_url_entry"}&amp#27;[39m
[debug] &amp#27;[35m[W3C]&amp#27;[39m Calling AppiumDriver.findElement() with args: ["id","com.Slack:id/next_button_url_entry","6c033502-fd88-4722-8b5b-92e919at G49deneratorFunctionPrototype.invoke 161"]
(/usr/local/lib/nod[debe_modules/appium/node_mugod] &amp#27;[3ules/babel-runti5m[Bame/regseDriver]&amp#27;[39m Valid locator strategies for this request: xpath, id, class name, accessibility id, -android uiautomator
[debug] &amp#27;[35m[BaseDriver]&amp#27;[39m Waiting up to enerator/r0 ms for condituntiion
[debug] &amp#27;[35m[JSONWP Proxy]&amp#27;[39m Matchme.js:136:37)
&amp#27;[35m[MJSONWP]&amp#27;[39m Encountered internal error running command: NoSuchElementError: An element could not be located on the page using the given ed search'/element parame' toters.
 comm&amp#27;[35m[MJSONWP]&amp#27;and[39m     at AndroidUiautomator2Dri name 'findElement'
[debug] &amp#27;[35m[JSONWP Proxy]&amp#27;[39m Proxying [POST /element] to [POST http://localhost:8201/wd/hub/session/5a27c767-9791-4751-872d-2ed612cd606d/element] with body: {"strategy":"id","selector":"com.Slack:id/next_button_url_entry","context":"","multiple":false}
[debug] &amp#27;[35m[MJSONWP]&amp#27;[39m Matched JSONWP error code 7 to NoSuchElementError
&amp#27;[35m[HTTP]&amp#27;[39m &amp#27;[37m<-- POST /wd/hub/sessiver.callon/6cee$033502-fd88-4722-8b5b-92e91949d161/element &amp#27;[39m&amp#27;[31m500&amp#27;[39m &amp#27;[90m25 ms - 164&amp#27;[39m
&amp#27;[35m[HTTP]&amp#27;[39m &amp#27;[90$0$0m&amp#27;[39m
&amp#27;[35m[HTTP]&amp#27;[ (/usr/loca39m &amp#27;[37m--l/lib/n>&amp#27;ode_modules/appium/[3node9m_modul &amp#27;[37mPOST&amp#27;[39m es/ap&amp#27;[37pium-android-drm/wiver/lib/commd/huands/b/session/6c033502-fd88-4722-8b5b-92e91949d161/element&amp#27;[39m
&amp#27;[35m[HTTfind.js:75:11)
&amp#27;[35m[P]&amp#27;[39m &amp#27;[90m{"MJSusing":"ONWP]id&amp#27;[","value":"com.Slack:id/next_button_url_entry"}&amp#27;[39m
[debug] &amp#27;[35m[W3C]&amp#27;[39m Calling AppiumDriver.findElement() with args: ["id","com.Slack:id/next_button_url_entry","6c033502-fd88-4722-8b5b-92e91949d161"]
[debug] &amp#27;[35m[BaseDriver]&amp#27;[39m Valid locator strategies for this request: xpath, id, c39m     at tryCatch (/usr/local/lib/node_modules/appium/node_modules/babel-runtime/reglass name, enaccessibierator/runtime.js:67:40)
&amp#27;[35m[MJSONWP]&amp#27;[39m     at GeneratorFunctionPrototype.invoke [as _invoke] (/usr/local/lib/node_modules/appium/node_modules/babel-runtime/regenerator/runtime.js:315:22)
&amp#27;[35m[MJSONWP]&amp#27;[39m     at GeneratorFunctionPrototype.prototype.(anonymous function) [as throw] (/usr/local/lib/node_modules/appium/node_modules/babel-runtime/regenerator/runtime.js:100:21)
&amp#27;[35m[MJSOlity id, NWP]&amp#27;[39m     at Generato-android uiautomator
[debug] &amp#27;[35m[BaseDriver]&amp#27;[39m Waiting up to 0 ms for crFuondition
[nctionPrototype.invokedeb (ug] /usr&amp#27;[35m[J/locSONWPal Pro/lib/nodxye_mo]&amp#27;[39dulem Matchs/appium/nodede_modules/ '/elebabement' l-runtitome/re comgenerator/runtime.js:136:37)
&amp#27;[35mmand[MJSONWP]&amp#27;[39 name 'm EncoufinntdElement'
[erdebug] &amp#27;[ed internal erro35r runnm[JSONWP Proxy]&amp#27;[39m Proxying [POST /element] to [POST http://localhost:8201/wd/hing command: NoSuchEleub/sessmentErrorio: An elemen/nt could not be located on the page usin5a27c767-9791-g the given4751-87 search 2d-2ed61par2cameters.
d60&amp#27;[35m[MJSONWP]&amp#27;[39m     at A6d/ndroidUiautoelement] with body: {"strategy":"id","selector":"com.Slack:id/next_button_url_entry","context":"","multiple":false}
[debug] &amp#27;[35m[MJSONWP]&amp#27;[39m Matched JSONWP error code 7 to NoSuchElementError
&amp#27;[35m[HTTP]&amp#27;[39m &amp#27;[37m<-- POST /wd/hub/session/6c033502-fd88-4722-8b5b-92e91949d161/element &amp#27;[39m&amp#27;[31m500&amp#27;[39m &amp#27;[90m24 ms - 164&amp#27;[39m
&amp#27;[35m[HTTP]&amp#27;[39m &amp#27;[90m&amp#27;[39m
&amp#27;[35m[HTTP]&amp#27;[39m &amp#27;[37m-->&amp#27;[39m &amp#27;[37mPOST&amp#27;[39m &amp#27;[37m/wd/hub/session/6c033502-fd88-4722-8b5bmator2D-92e9river.callee$0$01949d161$ (/e/usr/local/lib/lement&amp#27;[node_modu39m
&amp#27;les/[35m[appHTTP]ium/&amp#27;[node_39m &amp#27;[90m{"usingmodules":"id","value":"com.Slack:id/next_button_url_entry"}&amp#27;[39m
[debug] &amp#27;[35m[W3C]&amp#27;[39m Calling AppiumDriver.findElement() with args: ["id","com.Slack:id/next_button_url_entry","6c033502-fd88-47/appium-an22-8b5b-92e91droid-driver/lib/co949d1mma61"]
[debug] &amp#27;[35m[BaseDriver]&amp#27;[39m Valid locator strategies for this request: xpath, id, class name, accessibindlity id, -android uiautomator
s/fin[debug]d.j &amp#27;s:75:1[35m[BaseD1)river]
&amp#27;&amp#27;[[35m39m [MJSONWP]&amp#27;[39m    Waiting up to 0 ms for con at tdition
[debug]ryCat &amp#27;[ch (/35m[JSONWP Proxy]&amp#27;[39m Matched '/usr/locaelement' tl/lib/noo commdean_modules/appd name 'fiiundElm/nemodent'
e_modu[debug] les/babel&amp#27;[-r35m[JSONWP Puntime/regeroxy]&amp#27;[39m Proxying [nerator/ruPOSntime.jT /s:67:4elemen0)
t] to [POST http&amp#27;[://localhost:8201/wd/hub/session/5a27c767-9791-4751-872d-2ed612cd606d/element35] m[MJSONWwith body:P]&amp#27;[3 {9m     at"strategy":"id"," Genseleeracttoror":"com.Slack:id/next_button_url_entry","context":"","multiple":falsFunce}
[debug]tio &amp#27;[3nPr5m[MJSONWototP]&amp#27;[39m Mypatched JSONWP error code.invoe 7 to NoSukechElem [as _invoke] (/usr/local/lib/node_modules/appium/node_modules/babeentError
&amp#27;[35m[HTTPl-]&amp#27;[39mrunt &amp#27;[37m<--im POST /wd/hub/session/6c033502-fd88-4722-8e/regeneb5b-92e9rator/1949d16runtime.js:315:1/e22lement &amp#27;[39m&amp#27;[3)
1m500&amp#27;[39&amp#27;[m &amp#27;[35m[MJ90m21 ms - 164&amp#27;[39m
&amp#27;[35m[HTTP]&amp#27;[39mSO &amp#27;[90m&amp#27;[39m
&amp#27;[NW35m[HTTP]&amp#27;[39m P]&amp#27;[39m &amp#27;[  37  m-->&amp#27;at GeneratorFunctionPr[39ototym &amp#27;[pe37mPOST&amp#27;[39m &amp#27;[37m/wd/hu.prototype.(ab/sesnonsionymous func/6c033t50io2-fd8n)8-4722-8b5b-92 e91949d[as throw]161/e (/usr/local/lementli&amp#27;[39b/nom
&amp#27;[35m[HTTP]&amp#27;[39m &amp#27;[de90m{"_musing":"id","vodules/aalue":"ppiucom.Slack:id/next_button_url_entry"}&amp#27;[39m
m/n[debug] &amp#27;[ode_35m[W3C]&amp#27;[3modu9m Calling AppiumDriver.findElement() with args: ["id","com.Slack:id/nelext_buttos/babel-runtn_urime/regeneral_entrytor",/runtime.js:100:"6c021)
33502-fd88-4722-8b5b-9&amp#27;[35m[M2e91JSONWP]&amp#27;[39m949d161"     a]
t GeneratorFu[debug] &amp#27;[35m[BanctionProseDriver]&amp#27;[39m Valid locator strategies for this request: xpath, id, toctylass pename, acc.invoke (/essibusr/local/lib/ilinodety id, -android_mo uiautomadules/appium/ntor
[debug] &amp#27;[35ode_modulm[Bes/babeaseDril-ver]&amp#27;[39m Waitiruntime/rngegene up to 0 mrator/rus for conntime.js:136:37)dit
&amp#27;[35mion
[deb[MJSOugNWP]] &amp#27;[&amp#27;[35m[JSONWP 39m EncouProxy]&amp#27;ntered[39m Matched '/ele internament' to commandl error running comma name 'findElement'nd: 
[debug] &amp#27;[35m[JSONWP Proxy]&amp#27;[NoSuchEl39m ementProxying [POST /Error: element] to [PAn eOST http://localhost:8201/wd/lementhu couldb/sessio not be locatedn/ o5a27cn 767-979the p1-4age75 usi1-872ng the d-2edgiven sear612cd606d/elemch parent] with body: {am"steteraters.
gy"&amp#27;[:"id","selector":"c35mom.Slack:[Mid/next_buJSONWP]&amp#27;[39m     at AndroidUiattoutomatn_url_entor2Driver.callery",e$0$0$ "context":"","multiple":false(/}
[debug] &amp#27;usr[35m[M/lJSONWP]&amp#27;[39m Maocal/tchedlib/n JSONWodeP _merodules/appiumro/nor code 7 to Node_modules/appium-android-driver/lib/commands/Suchfind.js:75:1El1)
&amp#27;[35mement[MJSONWPError
&amp#27;]&amp#27;[35m[HTTP][39m  &amp#27;[  39m  at tryCatch &amp#27;[37m<(/u-- POST /wd/hub/sessisron/6/loc0cal/lib/node_modules33502/appium/-fd8node_modules/b8-abe47l-r22-8untime/reb5b-9ge2e91nerator/runti949dme.js:67:4161/ele0)ment &amp#27;[39m
&amp#27;[35m[&amp#27;[31m500&amp#27;[39m &amp#27;[90MJm26 ms - 16SONWP]&amp#27;4&amp#27;[[39m  39   atm
&amp#27;[3 Ge5m[HneratorFunTTP]&amp#27;[39m &amp#27;[90m&amp#27;[39m
&amp#27;[35ctionProtm[otyHTpe.invoke [aTP]&amp#27;[s 39m_invoke] (/u &amp#27;[3sr/local/7m-lib/no->&amp#27;[39mde_modul &amp#27;[37mes/appPOium/node_modules/bST&amp#27;[39m &amp#27;[37abel-runtimm/wde/re/hgeub/sesneratosir/on/6crunti033502me-fd88-.js:47315:22-8b5b22)
-92e91&amp#27;[35m949d161/element&amp#27;[39m
&amp#27;[M[35m[JSONWP]&amp#27;HT[3TP]&amp#27;[9m  39m    a&amp#27;[90m{"ut Generatsing":"iorFd","valunue":ct"cionProtom.Slack:otypid/e.prototypnexe.(anonymous funt_bctutionton_) url_e[asntry"}&amp#27;[39m
[deb throw] ug(/] &amp#27;[35mus[W3C]&amp#27;[39mr/ Calllocing AppiumDral/lib/node_miver.findElemenodult(es/appium/no) with argde_mods:ules/ ["id","comba.Sbelack:idl-runtime/re/nextge_buneratton_utorl_entrr/runtiy"me.j,"6c033s:502-fd1088-0:21)
&amp#27;[34725m[2-8MJb5SONWP]&amp#27;[b-939m   2e91949d1  at G61"]
[debenug] er&amp#27;[35mat[BoraseDFuriver]&amp#27;[39mnc Valid tionPrototype.invoke loc(/usr/local/ator lib/nodste_moraduletegs/appium/nieode_modules/bas for thibel-s runretime/rquestegenera: torxpath/runt, id, classime.js: name, acce136:37)
&amp#27;[35m[MJssibility id, -andSOroid uiauNWP]&amp#27;[3tom9m Enator
[debug] &amp#27;[35counterem[BaseDriver]&amp#27;[39d m Waiting up to 0 ms for conditiointern
[debug] &amp#27;[35m[JSONWP Proxy]&amp#27;[39m Matnalched '/element erro' to cr runniommand nng command: NoSuchElemeame 'finntErrdEor: lemenAn et'
[debugle] &amp#27;[35m[JSONWP Proxy]ment &amp#27;[39m Proxying [POST /elementcould no] to [t bPOST http://locale locatehost:8201/wd/d on thhub/session/5a27c767-9791-4751-872d-2ed612cd606d/element] with bodye page using the: {"strategy": "id"given sear,"selechctor":"com pa.Slacrametersk:i.
d/ne&amp#27;[xt_but35m[toMJSn_url_eONntry","contextWP]&amp#27;[39m     at A":""ndroid,"muUiautltiomator2Driveple":r.callfaee$0$0ls$ (/usre}/loca
[l/ldeib/node_modules/appium/bug]node_m &amp#27;[35m[Modules/appiumJSON-aWPnd]&amp#27;[39roidm Matche-driver/ld JSOib/cNWP eomrror code 7mands t/find.o NoSuchEjs:75:lementEr11ror
&amp#27;[3)
5m&amp#27;[35m[HTTP[MJSO]&amp#27;[3NW9m &amp#27;[37mP]&amp#27;[39m    <- at - POST tryCat/wd/ch (hub/usr//sessilocon/6c033502-al/lib/node_modulesfd88-4/appium/node_mod722-8uleb5b-92e91949d161/element &amp#27;[39m&amp#27;[31m500&amp#27;[39m &amp#27;[90m38 ms - s/babel-runtime/regen164&amp#27;[39m
&amp#27;[35m[eraHTTPtor/ru]&amp#27;[39m &amp#27;[90m&amp#27;[39m
&amp#27;[35mntim[HTTe.js:P]&amp#27;67:40)
&amp#27;[39m [35&amp#27;[37m-->m[MJS&amp#27;[39m &amp#27;[37mPOSTON&amp#27;[39m &amp#27;[37m/wd/huWPb/sessi]&amp#27;[3on/69m     at GeneratorFunctionPrc033502-ototfdype.inv88oke [-4722-8b5b-9as _2e91inv94oke] 9d16(/us1/r/local/lib/nodeelem_modules/aenppt&amp#27;[39ium
&amp#27;[m/no35mde[HTTP]&amp#27;[39_modulesm &amp#27;[/b90mabel-runti{"using":"id","valueme/regen":"com.Slack:id/ernext_buttator/on_urlrunt_eime.ntryjs:315:22)
&amp#27;[35m[MJSONWP]&amp#27;[39m     at"}&amp#27;[39m
 Ge[dneebraug] &amp#27;[to35m[rFunctioW3nPrototypeC].prototyp&amp#27;[e.(39m Calanling AponympiumDriver.findElement() with args: ous["id" fun,"ctcomio.Slack:idn) [as throw/ne] (/xt_busutr/locatol/lib/nn_ode_mourldules_e/antppry",iu"6c033m/502-fd88-4722-8b5b-92e91949d161no"]
[dede_modules/bbug]ab &amp#27;el-r[35m[Basuntime/regeeDnerator/runriver]time.js:1&amp#27;[00:39m V21)alid l
&amp#27;[35ocm[atMJSONor strategies for this rWP]&amp#27;[39m     aequt Generaest: xptoratFunctionPrototype.invoke (/usr/localh/lib/node_modules/appium/node_modules/babel-runtime/regenerator/runtime.js:136:37)
&amp#27;[35m[MJSONWP, ]&amp#27;[39m Enidcoun, teclreasd s innatemern, accessibility id, -android uiautomaal tor
error[d rebugun] &amp#27;[ni35m[BaseDriver]&amp#27;[39m Waiting up to 0 ms for condition
[debug] &amp#27;[35m[JSONWP Proxy]&amp#27;[39m Matched '/element' to command name 'findElement'
[debug] &amp#27;[35m[JSONWP Proxy]&amp#27;[39m Proxying [POST /element] to [POST http://localhost:8201/wd/hub/session/5a27c767-9791ng command: NoSuchElement-4751-872d-2eErrord6: An12cd ele606d/element] with body: {"strategy":"id"me,"snt elector"could not :"cbeom. locatedSla on the pck:id/next_button_urlage using_entry"," thcontee xt"given sea:"rch para",met"muers.
&amp#27;ltiple":fals[35me}[MJSO
[dNWebuP]&amp#27;[39m g] &amp#27;[35m[M    at JSONAnWP]&amp#27;[3droidUiautom9mator Matche2Driver.called e$0$0$JS (ONWP er/usrror /local/licode 7 tob/no NoSuchElede_mmentoduleErros/ar
&amp#27;[35ppium[m/nHTTPod]&amp#27;[3e_m9m odul&amp#27;[37m<es/appi-- POST /wdum-a/hub/ndroisessid-don/6c033502-fd88-472rive2-8r/lb5b-92e919ib/c49d161/elemeommnt ands&amp#27;[39m&amp#27;[3/f1m500&amp#27;ind.js:7[39m5:11)
&amp#27;[35m[MJSONWP]&amp#27;[39m      &amp#27;at[90m3 try5 mCatch s - (/usr/16local/l4&amp#27;ib[39m
&amp#27;[35m[HT/nodTP]&amp#27;e_[39m module&amp#27;[90m&amp#27;[39m
&amp#27;[35m[HTs/TP]&amp#27;ap[39m &amp#27;[37m-pium/no->de_&amp#27;[mo39m dules&amp#27;[37mPOS/babel-T&amp#27;ru[3nt9m &amp#27;[im37e/m/wdre/hgeub/nerasession/6cto03r/ru35nt02-fd88-472ime2-8b5b.js:67:40)
&amp#27;[35m[MJS-9ONWP]&amp#27;[39m2e    91949d161/elem at Genent&amp#27;[3er9m
&amp#27;ator[35m[FunHTTP]&amp#27;[39m &amp#27;ctionP[90m{ro"utotsiype.inng":vo"id","value"ke :"co[as _invm.Slack:idok/nexe] (/usr/local/libt_butt/nodone_modu_ules/appirlum/node_e_modules/babel-runtntry"}ime/regenerator/runtime.&amp#27;[39m
js:315:22[deb)
ug] &amp#27;[35m[W3&amp#27;[35C]&amp#27;[39m Calling AppiumDriver.findElement() with args: ["id","com.Slack:id/next_button_url_entm[ryMJSONW",P]&amp#27;"6c[39m     at GeneratorFunctionPrototype.033502prot-fd8otyp8-4722-8be.(anon5b-9ymous f2e919unction) [as throw49d161"]
[debug] &amp#27;[3] (/u5msr[BaseDriver/loca]&amp#27;[39m Vl/alidlib/n locaode_tor smotrategiedules/as ppfor thiius request: xpath, id, class namem/, acnocesside_modulesbility id, -android uiautom/bator
abel[d-rebuntime/ug] reg&amp#27;[35enm[BaseDrivererator/runt]&amp#27;[39m Waiting up to 0 ms for condition
[debug] &amp#27;[35m[JSONWP Proxy]im&amp#27;[39m Matched '/elemene.js:100:21)
&amp#27;[35mt' [Mto cJSONWP]&amp#27;[39mom   mand name '  at fiGendElement'
[debuneratorFunctg]ionPro &amp#27;[3totype.invoke (5m[JSONWP/usr/local P/lib/noroxde_mody]ules/appium/n&amp#27;[ode_modul39m es/babPrelox-ryinung [tiPOST me/r/element] toegenerat [POSTor/runtime.js:136:37)
&amp#27;[35m[ hMJSONttpWP]&amp#27;[39m E:/nc/lounoctered inalhost:8ternal erro201/r wd/hub/sesrusion/5a27c767nning c-9791om-4ma751-nd: 872d-2edNoSuc61hE2cd606lementError: An elemend/elet could not be locment] wated ith bodyon: {"st thrategy"e pa:"ige d"using the given s,"easelectorrc":"ch omparame.Slteack:id/nexrs.
&amp#27;[3t_butt5mon[MJS_url_enONWP]&amp#27;[39m try",  "context":""  ,"at muAnltiple":faldroidUise}au
[detomatbug] or2&amp#27;[35m[MJDriSOver.callee$0NWP]$0$ (/&amp#27;[39usr/locam l/Malib/notched JSONde_moWP edurrorles/ code appium7 /node_to moduNoles/SucaphElpium-android-emendriver/litErrb/commor
&amp#27;an[3ds/f5min[Hd.TTPjs:7]&amp#27;5:[311)
9m &amp#27;[35&amp#27;[m[MJSONW37m<-- POSP]&amp#27;[39T /wd/hub/m  session  /6c0 at t33502-fd8ryCatch (8-4722-8b5/usr/locb-92e91949d161/elemal/lienb/not &amp#27;[39m&amp#27;[31dem500&amp#27;[3_mod9m &amp#27;[90ules/appium/m30no ms - 164&amp#27;[39m
&amp#27;[35m[HTTP]&amp#27;[39dem _modul&amp#27;[90m&amp#27;es/[39m
&amp#27;[babe35m[HTTP]l-runtime/regenerato&amp#27;[3r/9m &amp#27;runtime.js:[3767m--:40)
&amp#27;>&amp#27;[39[35m[MJSONWP]m &amp#27;[&amp#27;[3739m   mPOST&amp#27;[3  at GeneratorFunct9m &amp#27;ionPrototype.[37m/wdinvo/hubke [as _i/sessnvoke] (/uion/6c03350sr2-fd88-4722/local-8b5b-92e91949d161/element&amp#27;[39m
&amp#27;[35m[HTTP]&amp#27;[39m &amp#27;[90m{"using":"id","value":"com.Slack:id/next_button_url_entry"}&amp#27;[39m
[debug] &amp#27;[3/lib5m[/nW3Code_mod]&amp#27;[39m Caluleling Appiums/aDriver.findElement() ppiuwith am/norgs: ["id"de,"co_mm.odules/babel-rSlacuntime/rek:idgene/next_butratonto_urr/l_entry","6c033runtime.js:315:22)50
&amp#27;[2-fd88-472235-8m[MJSb5b-ONWP]&amp#27;[39m    92e91 at Ge94nerat9dorF16unctionPro1"]
[dtotype.protebug] otype.(ano&amp#27;[3ny5m[BamoseusDri function) [as throw] ver]&amp#27;[39m(/us Valr/local/lib/nodid locae_modules/aptopir strategieum/s node_modules/babel-rufor thntimis reqe/reguesent:er xpatathor,/runtime. idjs:, cl100:21as)
&amp#27;s na[35m[MJSONWP]&amp#27;[39me, accm    essibil at GeneraittorFunctionProy id, -androitotyped uiautomator.i
[nvodebkeug] &amp#27;[3 (/u5m[BasrseDriver]&amp#27;[39m Wait/loing upcal/ to 0 ms lib/node_modufor condilestion
[de/appium/bug] &amp#27;[35m[JSONnode_moduWP Prloes/xy]ba&amp#27;[3bel-ru9m Matched ntime/'/reelement' to command genname 'fineradEtor/rulementntime.js:136:37)'
[
&amp#27;debu[g] &amp#27;[3535m[Mm[JSONWP JSONWPProxy]&amp#27;]&amp#27;[39m E[39m Proxyincountered internal error running command: NoSuchElementEng [POST /elemenrror: An element could not be located on the page using the given search parameters.
&amp#27;[35m[MJSONWP]&amp#27;[39m     at AndroidUiautomator2Driver.callee$0$0$ (/usr/local/lib/node_modules/appium/node_modules/appium-android-driver/lib/commands/find.js:75:11)
&amp#27;[35m[MJSONWP]&amp#27;[39m     at tryCatch (/usr/local/lib/node_modules/appium/node_modules/babel-runtime/regeneratt] or/runtito [POST me.js:67:40)
&amp#27;[35m[MJSONWP]&amp#27;[39m     at GeneratorFunctionPrototype.ihttp://localhost:8201/wd/hub/session/5nvoke [as _invoke]a27 (/usr/loc767-9791-4751-872d-2ed612cd606d/element] with body: {"strategy":"id","selector":"com.Slack:id/necal/lib/node_modules/appium/node_modules/babel-runtime/regenerator/runtxt_button_url_entry","context":"","multiple":false}
[debug] &amp#27;[35m[MJime.js:315:22)
&amp#27;[35m[MJSONWP]SONWP]&amp#27;[&amp#27;[39m  39m Matched JSONWP error code 7 to NoSuchElementError
&amp#27;[35m   at GeneratorFunction[HTTP]&amp#27;[39m &amp#27;[37Prototype.protm<-- POST /wd/huotypb/session/6c033502-fd88-4722-8b5b-92e91949d161/element &amp#27;[39m&amp#27;[31m500&amp#27;[39me.(anonymous  &amp#27;[function) 90m22 ms - 164&amp#27;[39m
&amp#27;[35m[HTTP]&amp#27;[39m &amp#27;[90m&amp#27;[39m
&amp#27;[35m[HTTP]&amp#27;[39m &amp#27;[37m-->&amp#27;[39m &amp#27;[37mPOST&amp#27;[39m &amp#27;[37m/wd/hub/session/6c[as t033502-fd88-4722-8b5b-hrow] 92e91949d161/element&amp#27;[39m
&amp#27;[35m[HTTP]&amp#27;[39m &amp#27;[90m{"using":"id","value"(/usr/:"com.Slack:id/next_locbutton_url_entry"}&amp#27;[39m
[debal/lug] &amp#27;[3ib/nod5m[W3C]&amp#27;[39m Calling AppiumDriver.findElement() with args: ["id","com.Slack:id/next_button_e_modules/urapl_entry",pium/node_mod"6c033502-fd88-4722-8b5b-92e91949d161"]
[debug] &amp#27;[35m[BaseDriver]&amp#27;[39m Valid locator strategies for this request: xpath, id, classules/babe nal-rmeun, accessibility timid, e/rege-android uiautomator
[debug] &amp#27;[35m[BaseDrivneratoer]&amp#27;[39m Waiting up to 0 ms for cr/rondition
[debug]un &amp#27;ti[35m[JSONWP Proxy]&amp#27;[39m Matched '/emele.js:100ment' to command name 'findElement'
[debug] &amp#27;[35m[J:21)SONW
&amp#27;[35P Proxy]&amp#27;[39m m[MJSONWP]&amp#27;[3Proxying [PO9m ST /ele    at GeneratorFumentnctionPro] toto [Ptype.invoOST hke (/usr/localttp://lo/lcaib/node_modules/lhost:8201/wd/hub/session/5a27c767-9791-4751-872d-2ed612cd606d/element] with body: {"stratappegium/nody":"id","selector":"com.Slack:id/next_button_url_ee_modulntry","es/babelcontext":"",-runti"multiple":false}
me/rege[dneebraugto] &amp#27;[3r/runtime5m[MJSONWP]&amp#27;[3.j9m Mas:136:37)
&amp#27;tched JSONWP error code 7 to NoSuchElementE[3rror
&amp#27;[35m[HTTP]&amp#27;[39m &amp#27;[37m<--5m[M POST /wJdS/hub/sONWPessio]&amp#27;[39m En/6c0ncoun33502-fterd88-4722-8b5ed b-in92e91949d161/element &amp#27;[39m&amp#27;[31m500&amp#27;[39term &amp#27;[90m2nal er2 msror running comman - 1d: No64&amp#27;[39mSuchEl
&amp#27;ementEr[35m[HTTror: An P]&amp#27;[39em &amp#27;[90lem&amp#27;[39m
&amp#27;[3me5m[HTntTP]&amp#27;[39m &amp#27;[37m-->&amp#27;[39m &amp#27;[37mPOST&amp#27;[39m &amp#27;[37m/wd/hub/session/6c033502-fd88-4722-8b5b-92e91949d161/element&amp#27;[39m
&amp#27;[35m[HTTP]&amp#27;[39m &amp#27;[90m{"using":"id","value":"com.Slack:id/next_button_url_entry"}&amp#27;[39m
[debug] &amp#27;[35m[W3C]&amp#27;[39m Call could ing Appinot umDbe locriver.findated Element()on t with args: ["id","com.Slack:id/nehe pxtag_butte usingon_url_ the engiven stry","6c033502-fd88-4722-8b5earch paramb-9eter2e91949ds.161"]

&amp#27;[35m[debug] &amp#27;[3[MJSON5m[BaseDrivWP]&amp#27;[er]39m&amp#27;[39m   Valid   at loca Andtor strategieroids foUiaur tomthator2Drivis err.caequellee$0st: xpath, id,$0 cl$ (/usr/local/ass linamb/node_modules/e, aappium/node_moccedulssibiliesty /appium-anid, dro-android uid-diautomator
r[divebuge] &amp#27;[35m[BaseDriver]&amp#27;[39mr/l Waitiib/ng up to 0 coms fmmands/or ficondition
[debnd.ug]js: &amp#27;75:11)
&amp#27;[35m[JSONWP Prox[35y]&amp#27;[39m Matched '/elem[MJSONWP]&amp#27;ment' to[39m    comman  d name 'findat tryCatch Element(/u'
[dsr/loebug] &amp#27;[35m[JSONWP Proxy]&amp#27;[39m Proxying [POST /element] to cal/[POlib/nodeST http://localho_modulest:8201/wd/s/appium/nhuode_mob/sessduion/les/babel-runt5aim27c767-e/9791-regener4751-872d-2ed612catod60r/6d/elemruntiment] e.wijs:th body: {"s67trateg:40)
&amp#27;[35m[y"MJSO:"NWPid",]&amp#27;"sel[39m  ector":"   at com.SlackGeneratorFu:id/next_ncbutton_utionProtrl_eotntry","contextype.invok":"","me [as ultiple_invoke":f] (/usr/lalse}
[debug] &amp#27;[35m[MJSONWP]&amp#27;[ocal/l39m ib/noMade_mtched JSONodulesWP error code/ap 7 topium NoSuchEleme/node_modules/babentError
&amp#27;l-runtim[35m[HTTP]&amp#27;[39m &amp#27;[37m<-- POST /wd/hub/session/6c033502-fd88-4722-8b5b-92e91949d161/elemee/rnt &amp#27;[39megenerator/&amp#27;[31rum500&amp#27;[39m &amp#27;[90m20nt ms - im164e.&amp#27;[3js9m
&amp#27;[35m[H:3TTP]&amp#27;[15:39m22) &amp#27;[90m&amp#27;
&amp#27;[39[3m
&amp#27;[35m[MJSONWP5m[HT]&amp#27;[39m     at GeneratoTP]&amp#27;[39m &amp#27;[37m-->&amp#27;[39m &amp#27;[37mPOST&amp#27;[39m &amp#27;[37rFm/wd/hub/session/6c0u33502-fd88-4722-8b5b-92e91949d161/element&amp#27;[39m
&amp#27;[35m[HTTP]&amp#27;[39m &amp#27;[90m{"using":"id","value":"com.Slack:id/nextnct_button_url_eionntry"}&amp#27;[Pro39m
[debtotype.pug] &amp#27;[35m[W3C]&amp#27;[39rototype.(anonm Calling AppiumDriver.findEymous flement() with args: ["id","com.Slack:id/next_button_url_entry","6c033502-fd88-4722-8b5bu-92e919nct49d161"]
[debion)ug] [ &amp#27;[35m[BaseDriver]&amp#27;[39m Valid las thocator strategies for this request: xpath, id, class name, accessibility id, -android uiautomator
[debug] &amp#27;[35m[BaseDriver]&amp#27;[39m Warow]iting up to 0 ms for condition
[debug] &amp#27;[35m[JSONWP Proxy]&amp#27;[39m Matched '/ele (men/usr/local/lib/not'de_modules/appiu to command name 'fim/ndElemnode_modules/bentab'
[el-runtime/regenerator/runtime.js:100:21)
&amp#27;[35m[MJSONWP]&amp#27;[39m     at GeneratorFunctionPrototype.invoke (/usr/local/lib/node_modules/appium/node_modules/babel-rdebug] unt&amp#27;[35m[JSONiWP Proxy]&amp#27;[39m Proxyme/reging [POST /enerelement] atoto [Pr/rOST htuntitp://localhost:me8201/wd/hu.js:136:37b/session/5a27c767-9791-4751-872d)
&amp#27;[35m-2ed612cd606d/el[MJSOement] with boNWPdy: ]&amp#27;[39m E{"strategy":"id","selncounteredector":"com.Slack: iind/next_button_url_entry","context":"","multiple":false}
[debug] &amp#27;[35m[MJSONWP]&amp#27;[39m Matched JSONWP erterorrn cal error ode 7 torunn NoSuichElementErrong cr
&amp#27;[35m[HTTP]&amp#27;[39ommanm &amp#27;[3d: NoSuch7m<-- POST /wElemd/huentErrob/session/6c033502-fd88-4722-8b5r: An element cb-92e91ould not949d161/element &amp#27;[39m&amp#27;[31m500&amp#27;[39m &amp#27;[90m2 b0 ms - 164&amp#27;[39m
&amp#27;[35m[HTTP]&amp#27;[39m &amp#27;[90m&amp#27;[39m
&amp#27;[35m[HTTP]&amp#27;[39m &amp#27;[37m-->&amp#27;[39m &amp#27;[37mPOST&amp#27;[39m &amp#27;[37m/wd/hub/session/6c033502-fd88-4722-8b5b-92e91949d161/elemee nt&amp#27;[39m
&amp#27;[35m[HTTP]&amp#27;[39m &amp#27;[90m{"using":"id","value":"com.Slack:id/next_button_url_entry"}&amp#27;[39m
[debug] &amp#27;[35m[W3C]&amp#27;[39m Calling AppiumDriver.findElocalement() with args: ["id","com.Slack:id/next_button_url_entry","6c033502-fd88-4722-8b5b-92e91949d161"]
[debug] &amp#27;[35m[BaseDriveted on tr]&amp#27;[3he page using the given search parameters.
&amp#27;[35m[MJSONWP]&amp#27;[39m     at AndroidUiautomator2Driver.callee$0$0$ (/usr/local/lib/node_modu9m Vles/appium/node_modules/appium-android-driver/lib/commands/find.js:75:11)
&amp#27;[35m[MJSONWP]&amp#27;[3alid locator strategie9m     at tryCatch (/usr/local/lib/ns for this request: xpath, id, class name, accessibility id, -android uiode_modules/appiuautomator
[debug] &amp#27;[35m[BaseDriver]&amp#27;[39m Waiting up to 0 ms for condition
[debug] &amp#27;[35m[JSONWP Proxy]&amp#27;[39m Matched '/element' to command name 'findElement'
[debug] &amp#27;[35m[JSONWP Proxy]&amp#27;[39m/node_modm Proxying [POST /element] to [POST http://localhost:8201/wd/hules/baub/session/5a27c767-9791-4bel-runtime/regenerator/runtime.js:67:40)
&amp#27;[35m[MJSONWP]&amp#27;[39m     at GeneratorFunctionPro751-872d-2ed612cd606d/element] wittotype.invoke [as _invoke] (/usr/local/lib/node_h body: {"strategy":"id","selemodules/appium/node_modules/babel-runtime/regector":"com.Slack:id/nextnerator/runtime.js:315:_bu22)
&amp#27;[35mtton[MJSONWP]&amp#27;[39m     at GeneratorFunct_url_entry",ionPrototy"contpeext":"","m.prototype.(anonymous ultiple":false}
[debug] &amp#27;[35m[MJSONWP]&amp#27;[39m Matched JSONWP error code 7 to functiNoSuchElementEron) [as throw]ror
&amp#27;[35m[HTTP]&amp#27;[39m &amp#27;[37m<-- POST /wd/hub/s (/usr/locaession/6c033502-fd88-4722-8b5b-92e919l/lib/node_modules/appium/node_modules/babel-runtime/regenerator/runtime.js:100:21)
&amp#27;[35m[MJSONWP]&amp#27;[39m     at GeneratorFunctionPrototype.invoke (/usr/local/lib/node_modules/appium/node_modules/babel-runtime/regenerator/runtime.js:136:37)
&amp#27;[35m[MJSONWP]&amp#27;[39m Encountered internal error running comma49d161/element &amp#27;[39m&amp#27;[31m500&amp#27;[39m &amp#27;[90m25 ms - 164&amp#27;[39m
&amp#27;[35m[HTTP]&amp#27;[39m &amp#27;[90m&amp#27;[39m
&amp#27;[35m[HTTP]&amp#27;[39m &amp#27;[37m-->&amp#27;[39m &amp#27;[37mPOST&amp#27;[39m &amp#27;[37m/wd/hub/session/6c033502-fd88-4722-8b5b-92e91949dnd: NoSuc161/element&amp#27;hElemen[39m
&amp#27;[tError: A35mn elem[HTTP]&amp#27;[39m &amp#27;[90m{"uent cousing":"id","valueld n":ot be located on the page using the given search parameters.
&amp#27;[35m[MJSONWP]&amp#27;[39m     at AndroidUiautomator2Driver.callee$0$0$"com.Slack:id/n (/usr/local/liext_buttb/node_modules/appium/node_modules/appium-android-driver/lib/commands/find.js:75:11)
&amp#27;[35m[MJSONWP]&amp#27;[39m     at tryCatch (/usr/local/lib/node_modules/appium/node_modules/babel-runtime/regenerator/runtime.js:67:40)
&amp#27;[35m[MJSONWP]&amp#27;[on_url_entry"}&amp#27;[39m
[debug] &amp#27;[35m[W3C]&amp#27;[39m Calling AppiumDriver.findElement() with args39m     at GeneratorFunctionPrototype.invoke [as _invoke] (/usr/local/li: ["ib/node_modules/appium/node_modules/babel-runtime/reged","com.Slack:id/next_button_url_entry","6c033502-fd88-4722-8b5b-92e91949d161"]
[deneratorbug] &amp#27;[35m[Bas/runtime.js:315:22)
&amp#27;[35m[MJSONWP]&amp#27;[39m     eDriver]&amp#27;[39m Valid locator strategieat GeneratorFunctionPrototype.s foprotr this request: xpath, id, class name, accessibility id, -android uiautomatorot
[dypebug] &amp#27;[35m[BaseDriver]&amp#27;[39m Waiting upe.(an to 0 ms onymousfor functi condion) [as thtiorow] (/usr/lon
[cal/ldebug] &amp#27;[ib/n35mode_[JSONmodules/appium/WP Proxy]&amp#27;[39m Matcnode_mhed '/element' to codulommandes name 'findElement'
[debug] &amp#27;[35m[JSONW/babel-P Proxy]&amp#27;runt[39m imProxying [POST /element] to [POSTe/re http://localhost:8201/wd/hub/session/5a27c767-9791-4751-872d-2ed6ge12necd606d/raelemtoent] with body: r/runtime{"strategy":"id",".js:se100:21)
lector":"c&amp#27;[35mom.Slack:id/next_button_url_ent[MJSONWP]&amp#27;[39rym ","context"    :"",at G"multienple":feralse}
[deatbugorF] &amp#27;[unctionP35m[MJSONWP]&amp#27;[39m Mrotoatched JSONWP errtype.invor code 7 oke (to No/usr/localSuchEleme/libnt/nErodror
e_m&amp#27;[3odule5m[HTTP]&amp#27;[39m s/&amp#27;[37m<-- POST /wd/hub/seappiumssi/nonode_/6moduc033les/babel-run50tim2-fe/red88-4722-8b5b-gene92rate9or1949/rd161/unelement time.j&amp#27;[s:3913m&amp#27;[31m500&amp#27;[39m &amp#27;[90m23 ms 6:3- 17)
&amp#27;[35m64&amp#27;[[MJSONWP]39&amp#27;[39m
&amp#27;[35m[HTTm EncounteredP] inter&amp#27;[nal39m error runni &amp#27;[90m&amp#27;ng[3 c9momma
&amp#27;nd:[35m No[HTTP]&amp#27;[39m &amp#27;[37m-->&amp#27;[39m &amp#27;[37mPOST&amp#27;[39m &amp#27;[37m/wd/SuchEhuleb/mentEserror: Assion/6c033502-fn elemend8t cou8-4ld not 722be lo-8catedb5b-92 on the pae91949dge 161/usinelg ement&amp#27;[3th9m
&amp#27;[35m[HTTPe giv]&amp#27;en s[39m &amp#27;[90earchm parameters.
&amp#27;[{"using":35m[MJ"iSONWP]&amp#27;[d","v39m     at AndroidUiautaluomator2e":"coDriver.callee$0$0m.Slack$ :id/n(/usext_r/lbutocaton_urll/lib/node_mo_entrdules/y"}&amp#27;[39m
[dappium/ebug] no&amp#27;[3de5m[W3C_m]&amp#27;[39mod Calling Aules/appiuppiumDm-riandrver.oid-drivefindElemr/lentib/() witcommah args: [nd"id","s/com.Slack:id/nfind.js:75:11)
&amp#27;[35mext_butt[MJSon_ONWurP]&amp#27;[l_entry"39,"6c033502-fd88-47m 22-8b5    at tb-92e91ryCatch949 (/usr/ld161"oc]
[al/lib/debnoug] &amp#27;[35m[Basde_meDroduleiver]&amp#27;[39s/appium/node_mm Valodules/babel-runtime/rid legocenerator atostrar/tegies foruntime.r this requjses:6t: x7:pa40)
&amp#27;[th, id35, class m[name, acceMJSONWP]&amp#27;[3ssibili9m    ty id at , -GenandreratorFunctoid uiionProtoauttype.invoke [as _omaintor
voke] (/usr/local/lib/node_mod[debug]ules &amp#27;/appium/n[3od5me_m[Baseodules/babel-runDrivtierme]&amp#27;/r[3eg9m Waientierator/runng up toti 0me. mjs:3s for condition
[15debu:22)g] &amp#27;[35m[JSO
&amp#27;[35m[MJNWSOP ProNWxyP]&amp#27;[39m     ]&amp#27;at[39m GeneratorF Muncatched '/tionelPremototype.enprt' ototto ype.com(anonmanymous d namefunc 'findElement'
[tion) de[abus thg]ro &amp#27;w] [35m[JSONWP Prox(/usy]&amp#27;[r/39locam l/libProx/nying [PodOST e_/emolemendulest]/a to [POST httpppiu://lm/ocalhost:8201/nodewd/hub_mo/sessiodulens/ba/5a2be7cl-76runtime/regenerato7-9r/ru79nt1-im4751e.-8js:172d-002e:2d61)
&amp#27;[312cd606d5m[MJSONWP]&amp#27;[39m /e    at Gelementnerat] wiorFunctionth Prototypbody: {e."sinvotrategyke ":"i(/usrd"/l,"selector":"coocal/lib/nm.Sode_modullack:id/es/anext_button_url_entry","contextppium/node_modules/babel-run":"time/regenerator/runtime.js:136:37)
&amp#27;[35m[MJSO","multiple":false}NWP]
[debu&amp#27;[39m Encountered integ] &amp#27;[35rnalm[MJSONWP]&amp#27;[39m Matche ed JSONWP rrorerror co rude 7 to NoSunning command: NochElementError
Such&amp#27;[35mElementError: [HTTP]&amp#27;[39m &amp#27;[37m<An ele-- POST /wd/hub/session/6c033502-fd88-4722-8b5b-92e919ment could no49d161t be/elemen located ot &amp#27;[39m&amp#27;[31mn the 500&amp#27;[39m &amp#27;[90m22 mspage - 1 using64&amp#27;[39m t
&amp#27;[35m[HTTP]&amp#27;[39m &amp#27;[90m&amp#27;[39he given search parameters.
&amp#27;[35m[MJSONWP]&amp#27;[m
&amp#27;[3539m     at AndroidUiautomator2Driver.callee$0$0$ (/usr/local/lib/node_modm[HTTP]&amp#27;[39m &amp#27;[37m-->&amp#27;[39m &amp#27;[37mules/appium/node_modules/appium-android-driver/lib/commands/find.js:75:11)
&amp#27;[35m[MJSONWP]&amp#27;[39m     at tryCatch (/usr/local/lib/node_modules/appium/node_modules/babel-runtime/regenerator/runtime.js:67:40POST&amp#27;[3)
&amp#27;[35m[MJSONWP]&amp#27;[39m     at GeneratorFunctionPrototype.invoke [as _invoke] (/usr/local/lib/node_mod9m &amp#27;[37m/wd/hub/sules/appium/nession/6c033502-fd88-4722ode_modul-8es/babel-rb5b-92e91949d161/element&amp#27;[39m
&amp#27;[35m[HTTP]&amp#27;[39m &amp#27;[90m{"using":"id","value":"com.Slack:id/next_button_url_entry"}&amp#27;[39m
[debug] &amp#27;[35m[W3C]&amp#27;[39m Calling AppiumDriver.findElement() with args: ["id","com.Slack:id/next_button_url_entry","6c033502-fd88-4722-8b5b-92e91949d161"]
[debug] &amp#27;[35m[BaseDriver]&amp#27;[39m Valid locator strategies fountime/r this request: xparegenerator/runtime.js:th, id, class name, accessibility id, -android uiautoma315:tor
[22)
&amp#27;[35m[MJSdebug] &amp#27;[35m[BaseDriver]&amp#27;ONWP]&amp#27;[39m Waiting[39m up      at GeneratorFunctioto 0 ms for conPrototype.prototype.(anonymous function) [as throw] (/usr/localndition
[debug] &amp#27;[35m[/libJS/node_modules/appium/ONWP Proxy]&amp#27;[39m Matcnode_modules/bahed '/element'bel-ru to commntime/regeneraand tor/runtime.js:100:21)
&amp#27;[name 'findEleme35m[MJSONWP]&amp#27;[39m  nt'
[debug] &amp#27;[35m[J   atSONWP Pr Generatoroxy]&amp#27;FunctionP[39m Proxying rototy[POST /element] to [Ppe.OST http://localhost:8201/wd/hub/session/5a27c767-9791-4751-872d-2ed612cd606d/element] with body: {"strategy":"id","selector":"com.Slack:id/next_button_url_entry","context":"","multiple":false}
[debug] &amp#27;[35m[MJSONWP]&amp#27;[39m Matched JSONWPinvok erre (/usr/local/lib/node_modules/appium/node_modules/babel-runtime/regenerator/runtime.js:136:37)
&amp#27;[35m[MJSONWP]&amp#27;[39m Encountered internal error running command: NoSuchElementError: An element could not be located on the page usingor code 7 to NoSuchElementError
&amp#27;[35m[HTTP]&amp#27;[39m &amp#27;[3 the given search parameters.
&amp#27;[35m[MJSONWP]&amp#27;[39m    7m<-- P at AndroidUiautomatOST or2Dri/wd/hub/sessver.ion/6ccallee$0$0$ (/u033502-fd88-4722-8b5b-92e91949d161/elesr/lmentocal/lib &amp#27;[39m&amp#27;/node_m[31m500&amp#27;[39m &amp#27;[90m22 ms - 1od64&amp#27;[ules/appium/node_modules/appium-android-driver/lib/commands/find.js:75:11)
&amp#27;[35m[MJSON39m
&amp#27;[35m[HTTP]&amp#27;[39m &amp#27;[90m&amp#27;[39m
&amp#27;[35m[HTTP]&amp#27;[39m &amp#27;[37m-->&amp#27;[39m &amp#27;[37mPOST&amp#27;[39m &amp#27;[37m/wd/hub/sessioWP]n/6c033502-fd88-4722-8b5b-92e91949d161/element&amp#27;[39m
&amp#27;[35m[HTTP]&amp#27;[39m &amp#27;[90m{"using":"id","value":"com.&amp#27;[39m     at SlatryCck:id/next_button_url_entry"}&amp#27;[39m
[debug] &amp#27;[35m[W3atch (/usr/local/lib/node_modules/appiuC]&amp#27;[39m Calling AppiumDm/noderiver.findE_modules/babel-runtime/regenerator/runtime.js:67:40)lement() with args: ["id","com.Slack:id/next_button_url_entry","6c033502-fd88-4722-
&amp#27;[35m[MJSONWP]&amp#27;[39m     at GeneratorFunctionPrototype.invoke [as _invoke] (/usr/local/lib/node_modules/appium/node_modules/babel-runtime/regenerator/runtime.js:315:22)
&amp#27;[38b55m[MJSONWP]&amp#27;[39m     at Genb-92e9eratorFunctionPrototype.prot1949d161"]
[debug] &amp#27;[35m[Basotype.(anonymous function) [as throw] (/useDriver]&amp#27;[39m Valid locator strategies for this request: xpath, id, class name, accessibility id, -android uiautomator
[debug] &amp#27;[35m[BaseDriver]&amp#27;[39m Waiting up tr/local/lib/node_moduleo 0 ms for condition
[debug]s/appiu m/node_modules/babel-runtime/regenerator/runtime.js:100:21)
&amp#27;[35m[MJSONWP]&amp#27;[39m     at Gener&amp#27;[35m[JSONWP Proxy]&amp#27;[39m Matched '/element' to command natorame 'findElement'
[debug] &amp#27;[35m[JSONWP Proxy]&amp#27;FunctionPrototype.invoke (/usr/local/lib/node_m[39m Proxyodules/appiuming [POST /element] to [POST http:/nod//localhost:8201/wd/hub/session/5a27c767-9791-4751-872d-2ed612cd606d/elemene_modules/babel-runtime/regeneratort] with body: {"s/runttratime.js:1egy"36:37)
&amp#27;[35m[M:"id","selector":"JSONWP]&amp#27;[39m Encounterecom.Slack:id/nexd it_button_url_entrnterny","coal error running command: NoSuchElementntexError: An element could not be located on the page using the given search part":"","multiple":false}
[debug] &amp#27;[35m[MJSONWP]&amp#27;[39m Mameatchedter JSONWP es.
&amp#27;[3rror 5m[MJSONWP]&amp#27;[39m     at AndroidUiacode 7 to NutomaoStor2DriveuchElementError
&amp#27;[r.35m[HTTP]&amp#27;[39callee$0$m &amp#27;[37m<-- POST /wd/hub/sess0$ (ion/6c033502-fd88-4722-8b5b-92e91949d161/element &amp#27;[39m&amp#27;[31m500&amp#27;[39m &amp#27;[90m27 ms - /usr/loca164&amp#27;[39m
&amp#27;[35m[HTTPl/lib/node_modu]&amp#27;[39m &amp#27;[90m&amp#27;[39m
&amp#27;[35m[HTTP]&amp#27;[39m &amp#27;[37m-->&amp#27;[39m &amp#27;[37mPOST&amp#27;[39m &amp#27;[37m/wd/hub/session/6c033502-fd88-4722-8b5b-92e91949d161/element&amp#27;[39m
&amp#27;[35m[HTTP]&amp#27;[39m &amp#27;[90m{"using":"id","value":"com.Slles/appium/node_modules/appium-android-driver/lib/commands/find.js:75:11)
&amp#27;[ack:id/35m[MJSONWP]&amp#27;[39m     at tryCatch (/usr/local/lib/node_modules/appium/node_modules/babel-runtime/regenerator/runtime.js:67:40)
&amp#27;[35m[MJSONWP]&amp#27;[39m     at GeneratorFunctionPrototype.invoke [as _invoke] (/usr/local/lib/node_modules/appium/node_modules/babel-runtime/regenerator/runtime.js:315:22)
&amp#27;[35m[MJSONWP]&amp#27;[39m     at GeneratorFunext_buttonctionPrototypn_url_entry"}&amp#27;[39me.protot
[deype.(anonybug] &amp#27;[35m[W3C]&amp#27;mous function) [as throw] (/[39m Calling AppiumDriver.findElement(usr) wi/local/lib/thno args: de_modules/appium/node_modules/babel-runtime/regenerator/runtime.js:100:21)
&amp#27;[35m[MJSONWP]&amp#27;[39m     at ["idGe","com.SlneratorFuack:id/nnctionPrototype.invoextke_button_url_entry","6c03 (/usr/local/l35ib/no02-fd88-47de22-8b5b-_modules/appium/92e91949d1node_modules/babel-runt61"]
[debuime/regenerator/rug] &amp#27;[35m[BaseDriver]&amp#27;[39m Valid locator strategies for this request: xpath, id, class name, accessibility id, -android uiautomator
[debug] &amp#27;[35m[BaseDriver]&amp#27;[39m Waiting up to 0 ms for condition
[debug] &amp#27;[35m[JSONWP Proxyntime.js:136:37)
&amp#27;[]&amp#27;[3935m[MJSONm MatcWP]&amp#27;[39m Encountered internal hed error '/element' to runningcommand nam ce 'findElement'
[debug] &amp#27;[3omma5m[Jnd: SONWP Proxy]&amp#27;[39m ProxyNoSuchElementErring [POSTor: An e /element] tlement could noo [POST http://localt be lochost:8201/wd/hub/ated on the page using the given searchsession/5a27c767-9791-4751-872d-2ed612cd606d/element] with bo parameters.
&amp#27;[35m[MJSONWP]&amp#27;[39m   dy: {"strategy":"id","selector":"com.Slack:id/next_button_url_entry","context":"","multiple":false}
[debug] &amp#27;[35m[MJSON  WPat AndroidUiautomator2Driver.callee$0$0$ (/usr/local/lib/node_modules/appium/node_modules/appium-android-driver/lib/commands/find.js]&amp#27;[39m Matched JSONWP error code 7 to NoSuchElementErro:7r
&amp#27;[35m[HTTP]&amp#27;[39m &amp#27;[37m<-- POST /wd/hub/session/6c05:11)
&amp#27;[35m[MJSONWP]&amp#27;[39m     at tryCatch (/usr/local/lib/node_modules/appium/node_modules/babel-runtime/regenerator/runtime.js:67:40)
&amp#27;[35m[MJSONWP]&amp#27;[39m     at GeneratorFunctionPrototype.invoke 33502-fd88-4722-8b5b-92e91949d161/element &amp#27;[39m&amp#27;[31m500&amp#27;[39m &amp#27;[90[as m25 _invoke] (/usr/local/lib/node_modules/appium/node_modules/babel-runtime/regenerator/runtime.js:315:22)
&amp#27;[35m[MJSONWms - 164P]&amp#27;[&amp#27;[3939m     at GeneratorFunctionPrototype.prototype.(anonymousm
&amp#27;[35m[HTTP]&amp#27;[39m &amp#27;[90m&amp#27;[39m function) [as throw] (/
&amp#27;[35m[HTusrTP]&amp#27;/lo[39m &amp#27;[37m-->&amp#27;[39m &amp#27;[37mPOST&amp#27;[cal/39m lib/node_modules/appium/node_modules/babel-runtime/regenerator/runtime.js:100:21)
&amp#27;[35m[MJSONWP]&amp#27;[39m     at GeneratorFunctionPr&amp#27;[37ototype.inm/wd/hub/session/6voke (/usr/local/lib/node_modules/appium/node_modules/babel-c033502-runtime/regfd88-4722-8b5b-92e91949d161/elenerator/runtime.js:136:37)
&amp#27;[35m[MJSONWP]&amp#27;[39m Encountered internal error running commaement&amp#27;[3nd: NoSuchElementError: An element could not be located on the page usin9m
&amp#27;[35m[HTTP]&amp#27;[39m &amp#27;[9g the given search p0m{"using":"iarameters.
&amp#27;[d","value":"com.Slack:id/next_button_url_entry"}&amp#27;[39m
[debug] &amp#27;[35m[W335m[MJSONWP]&amp#27;[39m     at AndroiC]&amp#27;[39dUiautomator2Driver.callee$0$0$ (/usr/local/lib/node_modules/appim Calling AppiumDriver.findElemenum/nt() with args: ["id","com.Slack:id/next_buode_tton_url_entmodury","6c033502-fd88-4722-8b5b-9les/appium2e91949d161"]
[debug] &amp#27;[35m[BaseDriver]&amp#27;[39m Valid locator strate-andgiroid-drives for this request: xpath, id, class name, accesersibility id, -android uiautomator
[debug] &amp#27;[35m[BaseDriver]&amp#27;[39m Waiting up to 0 ms for condit/ion
[debug] &amp#27;[35m[JSONWP Proxy]&amp#27;[39m Matched '/elementli' tob/ command name 'findElement'
[debug] &amp#27;[35m[JSONWP Proxy]&amp#27;[39m Proxying [POST /element] to [POST http://localhost:820comm1/wd/hub/session/5a27c767-9791-4751-872d-2ed612cd606d/element] with body: {"strategy":"id","selector"ands/:"ficom.Slack:id/next_buttnd.js:on_url_entry","75:11)
&amp#27;context[3":"","multiple":5m[MJfalse}
[debSONWug] &amp#27;P][35m[MJS&amp#27;[ONWP]&amp#27;[39m Matched JSONWP error code 7 to NoSuchElementError
&amp#27;[35m[HTTP]&amp#27;[39m &amp#27;[37m<-- POST /wd/hub/session/6c033502-39fd88m     at tryCatch -4722-8b5(/usr/locb-92e9al/1949d161/element &amp#27;[39m&amp#27;[31m500&amp#27;[39m &amp#27;[90mlib33 ms - 164&amp#27;[/n39m
&amp#27;[35m[HTTP]&amp#27;[39m ode_mo&amp#27;[90m&amp#27;[39m
dule&amp#27;[35m[HTTP]s/ap&amp#27;[3pium9m &amp#27;[37m-->&amp#27;[39m &amp#27;[37mP/node_moduleOST&amp#27;[39m &amp#27;[37m/wd/hub/session/6c033502-fds/88-4babel72-run2-8b5b-time92e91949d161/e/rlementegenerator/r&amp#27;[unt39m
&amp#27;[ime35m[.js:67HTTP]&amp#27;[39m &amp#27;:40)[90m{"usi
&amp#27;[3ng":5m[MJSONWP]&amp#27;[39"id","value":"com.Slack:id/m     next_button_at Genurl_entreraty"}&amp#27;[39orFunctim
[debug] &amp#27;[35m[W3C]&amp#27;[39m Calling AppiumDriver.findElement() with args: ["id","com.Slack:id/next_button_url_onPrentry","6c033502-fd88-4722-8b5b-92e91949d161"]
[otodebug] &amp#27;[35m[BaseDriver]&amp#27;[39m Valid typelocator st.invokerategies for  [asthis request: xpath, id, class name, accessibility id, -androi _ind uivoautomator
[kedebug] &amp#27;[35m[B] (/usr/laseDriver]&amp#27;[39m Waiting up to 0 ms for condition
[debug] &amp#27;[35m[JSONWP Proxy]&amp#27;[39m Matched '/element' to command name 'findElement'
[debug] &amp#27;[35m[JSONWP Proxy]&amp#27;[oca39m Prol/lxying [POST /eiblement] to [POST http://loc/nodale_mhosodules/at:ppiu8201m/node/w_md/odulehub/ss/babeession/5a27c767-9791-4751-872d-2el-d612cd606d/element] with body: {"strategy":"id","selector":"com.Slack:id/next_button_url_entry","context":"","multiple":false}
[debug] &amp#27;[35m[MJSONWP]&amp#27;[39m Matched JSONWP error code 7 to NoSuchElementError
&amp#27;[35m[HTTP]&amp#27;[39m &amp#27;[37m<-- POST /wd/hub/session/6c033502-fd88-4722-8b5b-92e91949d161/element &amp#27;[39m&amp#27;[31m500&amp#27;[39m &amp#27;[90m34 ms - 164&amp#27;[39m
runti&amp#27;[35m[HTTPme/regenerator/runtime.js]&amp#27;[39m &amp#27;[90m&amp#27;[39m
&amp#27;[35m[HTTP]&amp#27;[:339m15 &amp#27;[:237m-->&amp#27;[39m &amp#27;[37mPOS2)
&amp#27;T[35&amp#27;[39m &amp#27;m[[37MJm/wd/hub/sSONWesP]&amp#27;[sion/6c033502-fd8839m    -4722 at-8 Geb5neratorFunb-92e9cti1949onPrd161/elototype.pement&amp#27;rototyp[39m
&amp#27;[35m[HTTP]&amp#27;[39m &amp#27;[90m{"using":"id","valuee.(ano":"com.Slack:inyd/mousnext_button_u frl_entry"}&amp#27;[39m
[debug] &amp#27;[35m[W3C]&amp#27;[39m Calling AppiumDriver.fiunctindEleon) [amens t() with args: ["id","com.Slack:id/next_butthrow] (/uton_url_entry","6c0335sr/02-fd88-4722-8b5b-92e91949d161"local/lib/nod]
[debug] &amp#27;[35m[BaseDriver]&amp#27;e_mod[39m Valid locator strateulgies for thises req/appium/node_moduest: xpath, id, class ulenames/bab, accessibility idel-runtime/regenerator/runtime.js:100:21), -androi
&amp#27;d u[35m[MJSOiautomator
[debug] &amp#27;[35m[BaseDriveNWPr]&amp#27;[39m Waiting up to 0 ms for cond]&amp#27;iti[39m  on
[debug] &amp#27;[35m[JSONWP Proxy]&amp#27;[39m Matched '/element' to command name 'findElement'
[debug] &amp#27;[35m[JSONWP Proxy]&amp#27;[39m Proxying [POST /element] to [POST http://localhost:8201/wd/hub/session/5a27c767-9791-4751-872   at Gend-2ed612cd606d/elemerent] watorFith unctionbody: {"strategy":"id","selectPror":"com.Slacototypk:id/next_buttoe.inn_url_entry","context":""vok,"mule (tiple":false}
[debug] &amp#27;[35m[/usrMJ/locSONWP]&amp#27;[39m Matchal/edlib/nod JSONe_WP error code 7 to NoSmodules/appiuchEum/node_modlemeulentEs/brror
&amp#27;[35m[HTTP]&amp#27;[39m &amp#27;[37m<-- POST /wd/hub/session/6c033502-fd88-472abel2-8-rub5b-92e91ntime/reg949d161/element &amp#27;enerator[39m&amp#27;[3/run1m500&amp#27;[39m &amp#27;[90m28 time.ms - 164&amp#27;js[39m
&amp#27;[35m[HTTP]&amp#27;[39m &amp#27;[90m&amp#27;[39m
&amp#27;[35m[HTTP]&amp#27;[39m &amp#27;[37m-->&amp#27;[39m &amp#27;[37:13mP6:37)
&amp#27;[35OST&amp#27;[39m &amp#27;[37m/wd/hub/session/6c033502-fd88-4722-8b5b-92e91949d161/element&amp#27;[39m
&amp#27;[m[MJSONWP]&amp#27;[39m Encountered internal error running command: NoSuchElemen35m[HTTP]&amp#27;[39m &amp#27;[90m{"tError: An eleusing":"id","value":"com.Slack:id/next_bment could not utton_url_be located on the page using the given search parameters.
&amp#27;[35m[MJSONWP]&amp#27;[39m     aentry"}&amp#27;[39m
[debug] &amp#27;[35m[W3C]&amp#27;[39m Calling Appiut AndroidUiautomator2Driver.calleemDriver.findElement() with args: ["id","com.Slack:id/next_button_url_entry","6c033502-fd88-4722-8b5b-92e91$949d161"]
[debug] &amp#27;[35m[0BaseDriver]$0&amp#27;[39m Valid$  locator strategies for this request: xpath, id,(/us class name, accessibility id, -android uiautomator
[debug] &amp#27;[35m[BaseDrivr/loer]&amp#27;[39m Waiting up to 0 msca for l/lib/condinode_tion
[demodules/bug]app &amp#27;[35m[JSONWP Proxy]&amp#27;[39m Matched '/element' to command name 'findEliuement'
[debumg]/n &amp#27;[35m[JSONWP Proxy]&amp#27;[39m Proxying [POode_moduleST /elemens/appiut] to [POST http://localhost:8201/wd/hub/session/5a27c767-9791-4751-872d-2ed612cd606dm-andro/element] with body: {"strategy":"id","selector":"com.Slack:id/next_button_url_entridy","context":"","multiple":false}
[debug] &amp#27;[35m[MJSONWP]&amp#27;-d[39m Matched JSONWP error code 7 to NoSuchElementError
&amp#27;[35m[HTTP]&amp#27;[39m &amp#27;[rive37m<-- POST /wr/lid/hub/session/6c033502-fd88-4722-8b5bb/com-92e91949d161/element mands/&amp#27;[39m&amp#27;[31m500&amp#27;[39m &amp#27;[90m2fi3 ms - 164&amp#27;[nd.j39m
&amp#27;[35m[HTTP]&amp#27;[39m &amp#27;[90m&amp#27;[39m
&amp#27;[35m[HTTP]&amp#27;[39m &amp#27;[37m-->&amp#27;[39m &amp#27;[37mPOST&amp#27;[39m &amp#27;[37m/wd/hub/session/6c033502-fd88-472s:752-8b5b-92e91949d161/:11el)
eme&amp#27;[3nt&amp#27;5m[MJSONWP][39m
&amp#27;[35m[H&amp#27;[39m TTP]&amp#27;[39m &amp#27;[90m{"us    at trying":"id","value":"com.CatSlack:id/next_button_url_entry"}&amp#27;[39m
[debch ug] &amp#27;[35m[W3C]&amp#27;[39m Calling (/usr/lAppiumDriver.findElement() with args: ["id","com.Slack:id/next_button_url_entry","6c033502-fd88-4722-8b5b-92e91949d161"]
[debug] &amp#27;[35m[BaseDriver]&amp#27;[39m Valid locator strategies for this request: xpath, ocaid, class name, accessibility id, -anl/lib/droid unode_modules/aiautomator
[debug] &amp#27;[35m[BaseDriver]&amp#27;[39m Waiting up to 0 ms for condition
[debug] ppi&amp#27;[35m[JSONWP Proxy]&amp#27;[39m Matched '/elemum/ent'no to command name 'findElement'
[debug] &amp#27;[35m[JSONWP Proxy]&amp#27;[3de_module9m Ps/babroxying [POST /element] toel [POST http://localhost:8201/wd/hub/sess-rion/5a27c767-9791-4751-872d-2ed612cd606d/element] with body: {"strategy"untime/regen:"id","eraselector":"com.Slack:id/next_button_url_entry","ctor/ontext":"","multipruntimlee.":false}
[debug] &amp#27;[35m[MJSONWP]&amp#27;[39m Matched JSONWP error code 7 to NoSuchElementError
&amp#27;js:67:40)
&amp#27;[[35m35m[HTTP]&amp#27;[39m[MJSONWP]&amp#27;[39m     at Generato &amp#27;[37m<-- POST /wd/hurFunctionPrb/session/6c033502-fd88-4722-8b5b-92e91949d161/element &amp#27;[3oto9m&amp#27;[31m500&amp#27;[3type.inv9m &amp#27;[90m20 ms oke - 164&amp#27;[39m
&amp#27;[35m[HTTP]&amp#27;[39m &amp#27;[90m&amp#27;[39m
&amp#27;[35m[HTTP]&amp#27;[39m &amp#27;[37m-->&amp#27;[39m &amp#27;[37mPOST&amp#27;[[as39m &amp#27;[37m/wd/hub/session/6c03350 _invok2-fd88-4722-8b5b-92e91949d161/element&amp#27;[39m
&amp#27;[35m[HTTP]&amp#27;[39me] &amp#27;[90m{"using":"id","value":"com.Slack:id/next (/usr_button_ur/locall_entr/liy"}b/node_mo&amp#27;[39m
dules/app[deium/node_modubug] &amp#27;[35mle[sW3C]/b&amp#27;[39m Calling AppiumDriver.finabel-rundElement() with atimrgse/regenerator/runtime.js:31: ["id","com.Slack:id/next_b5:22)
&amp#27;[utton_url_entry","635m[c0335MJSONWP]&amp#27;[02-fd88-47239m     at 2-8b5Generab-92e91949d161"]
[debug]torFun &amp#27;[3cti5m[BaseDriver]&amp#27;[39m Valid locator strategies foronPrototype.p this request: xpath, id, class name, accrotessibilotity id, -android uiautomator
[debug] &amp#27;[35m[BaseDriver]&amp#27;[3ype.(anony9m Waiting up to 0 msmo for conus ditiofun
[debugnction) [as throw] (/usr] &amp#27;[35m[JSONWP/l Proxy]&amp#27;[39m Matched '/element' toocal/lib comman/nd name 'findEodleme_ent'
[debug] &amp#27;[35m[JSONWP Proxy]&amp#27;[39m Proxying [POST /elemenmodules/appium/t] to [POST htnode_tp://locamolhost:8201/wd/hub/session/5a27c767-9791-4751-872d-2eddu612les/bacd606d/element] with bbeody:l- {"strarunttegy":"id","selector":"com.Slaimeck:id/next_button_url_entry","co/regenerator/runtext":"","multiple":false}
[debug] &amp#27;[35m[MJSONWP]&amp#27;[39m Matched JnStime.jsONWP error code 7 to NoSuchElementError
&amp#27;[35m[HTTP]&amp#27;[39m &amp#27;[37m<-- POST /wd/hub/session/6c033502-fd88-4722-8b5b-92e91949d161/element &amp#27;[39m&amp#27;[31m500&amp#27;[39m &amp#27;[90m33 ms:10 - 164&amp#27;[30:9m
&amp#27;[35m[HTTP]&amp#27;[39m &amp#27;[90m&amp#27;[39m
&amp#27;[35m[HTTP]&amp#27;[39m &amp#27;[37m-->&amp#27;[39m &amp#27;[37mP21)
&amp#27;[OST&amp#27;[3539m &amp#27;m[[37m/wd/MJSONhub/sessiWP]&amp#27;on/6c033502-fd[39m88     -4722-8b5b-92e91949d161/element&amp#27;[39m
&amp#27;[35m[HTTP]&amp#27;[39m &amp#27;[90m{"using":"id","value":"com.Slack:id/next_button_url_entry"}&amp#27;[39m
[debug] &amp#27;[35m[W3C]&amp#27;[39m Calling AppiumDriver.findElement() with args: ["id","coatm.Slack:id/next Gene_buratorttoFunctin_url_entry","6c033502-fd88-4722-8b5b-92e91949d161"]
[debug] &amp#27;[35m[BaonPrseDriver]&amp#27;[39m Valid locator strategies for this request: xpath, id, class name, accessibility id, -android uiautomator
[debug] &amp#27;[35m[BaseDriver]&amp#27;[39m Waiting up to 0 ms for condition
[debug] &amp#27;[35m[JototSONWypeP Proxy]&amp#27;[39m Matche.invokd '/element' to command name 'e (/usr/findElement'
[debug] &amp#27;[35m[JSONWP Proxy]&amp#27;[39m Proxying [POST /element] to [POST http://localhost:8201/lowd/hcal/liub/session/5a27c767-9791-4751-872d-2ed612cd606d/elementb/node_mod] with body: ul{"stratees/appgy":"id","siumelector":"com.Slack:id/nex/nt_button_url_entry"ode,"cont_mext":odul"","es/babel-runtmultiplime/regeneratoe":false}
[debug] &amp#27;[35m[MJSONWP]&amp#27;[39m Matched JSONWP error code 7 to NoSuchElementError
&amp#27;[35m[HTTP]&amp#27;[3r/runtime.js:136:37)
&amp#27;[35m[MJSO9m &amp#27;[37m<-- POST /wd/hub/session/6NWP]&amp#27;[39m Encountered internac033502-fd88-4l e722-8b5b-92rror rune9ning19 command:49d161/element NoS &amp#27;[39m&amp#27;[31m5uc00&amp#27;[39m &amp#27;[90m25 ms - hElementError: An ele164&amp#27;[39m
&amp#27;[35m[HTTP]&amp#27;[39m &amp#27;[90m&amp#27;[39m
&amp#27;[35m[Hment couTTP]&amp#27;[39m &amp#27;ld not [37m-->&amp#27;[39m &amp#27;[37be located on the page using the given search parameters.
&amp#27;[35m[MJSONWP]&amp#27;[39m     at AndroidUiautomator2Driver.callee$0$0$ (/usr/local/lib/node_modules/appium/node_modules/appium-androidmPOST&amp#27;[39m &amp#27;[37m/wd/hub/session/6c033502-f-driver/lib/commands/find.js:75:11)
&amp#27;[35m[MJSONWP]&amp#27;[39m     at tryCatch (/usr/local/lib/node_modules/appium/node_modules/babel-runtime/regenerator/runtime.js:67:40)
&amp#27;[35m[MJSONWP]&amp#27;[39m     at GeneratorFd88-4722-8b5b-92e91949d161/element&amp#27;[39m
&amp#27;[35m[HTTP]&amp#27;[39m &amp#27;[90m{"using":"id","value":"com.Slack:id/next_button_urunctionPrototypl_entry"}&amp#27;[39m
[debug] &amp#27;[35m[W3C]&amp#27;[39m Calling AppiumDriver.findElemee.invoke [as nt() with args: ["id_invoke] (/usr/local/lib/node_modules/ap","com.Slapick:id/next_button_url_um/node_modules/bentryabel-runtime/reg",enerator/runtime.js:315:22)
&amp#27;["6c035m[MJSONWP]&amp#27;[39m     at GeneratorFunctionPrototype.prototype.(anonymous function) [as thro33502-fd88-4722-8b5b-92ew91949d161"]
[d] (/uebugsr/local/lib/node_modul] &amp#27;[35m[BaseDriver]&amp#27;es/appium/no[39m Valid locator strategies fde_modules/babel-runtime/reor thigens request: xpath, id, class name,erat accessibilityor/runti ime.d, -android js:100:21)
&amp#27;[uiautomator
[debu35m[MJSONWP]&amp#27;[g] &amp#27;[35m[Bas39m     at GenerateDrorFunctionPrototype.invoke (/usr/iver]&amp#27;[39m Waiting local/lib/node_modules/appium/node_modulesup /bto 0 mabs fel-runtimeor/regen condition
[deraebugtor/] &amp#27;[35m[Jruntime.js:13SON6:37)
&amp#27;[35mWP [MJSONWP]&amp#27;[39mProx Encoy]&amp#27;[3untered internal error r9m Munning coatcmmhed '/eleand:ment' to co NoSuchElememmand name 'findElement'
[debug] &amp#27;[35m[JSONWP Proxy]&amp#27;[39m Proxying [POST /element] to [POST http://localhost:8201/wd/hub/session/5a27c767-9791-4751-872d-2edntError: An element could not be located on the page using the given search parameters.
&amp#27;[35m[MJSONWP]&amp#27;[39m 612cd606d/element] with body: {    at AndroidUiau"strategtomatoy":"id"r2,"selector":"com.Slack:id/Driver.canextllee_button_url_entry","context":"","multiple":false}
[debug] &amp#27;[35m[MJSONWP]&amp#27;[39m Matched JS$0$0$ (/usr/locaONWP error code 7 to Nl/loSuchib/node_modules/appium/node_modules/appium-android-driver/lib/commands/find.js:75:11)
&amp#27;[35m[MJSONWP]&amp#27;[39m     at tryCatch (/usr/local/lib/node_modules/appium/node_modules/babel-runtime/regenerator/runtime.js:67:40)
&amp#27;[35m[MJSONWP]&amp#27;[39m     at GeneratorFunctionPrototype.invoke [as _invoke] (/uElementErrosr/localr
&amp#27;[/lib/node_mo35m[HTTP]&amp#27;[39m &amp#27;[37mdules/appium/node_modules/babel-runtime/regenerator/<-- POST /wd/hub/seruntime.jssion/6c033502-fd88-4722s:315:22)
&amp#27;[35m[MJSONWP]&amp#27;[3-9m  8b5b-92e91949   at d161/element &amp#27;[39m&amp#27;[31m500&amp#27;[39m &amp#27;[90m26 GeneratorFunctionPrototype.prototype.(anonymous functioms -n) [as thr 16ow4&amp#27;[39m
] (/usr/local/lib/node_modules/appium/node_&amp#27;[m35m[HTTP]&amp#27;[39m &amp#27;[90m&amp#27;odules/b[39mabel-runt
&amp#27;[35m[HTime/regeneratoTP]&amp#27;[39m &amp#27;[37m-->&amp#27;[39m &amp#27;[37mPOST&amp#27;[39m &amp#27;[37m/r/runtime.js:100:21)
&amp#27;[35mwd/[MJSONWP]&amp#27;[39m     at GeneratorFuhub/sesnctionPrototype.invoke (/usr/lsion/6c033502-fd88-4722-8b5b-92e91949d161/element&amp#27;[39m
&amp#27;[35m[HTTP]&amp#27;[39m &amp#27;[90m{"using":"ocal/lib/node_modules/appium/node_modules/babel-rid","value":"com.Slack:id/next_button_url_entry"}&amp#27;[39m
[debug] &amp#27;[35untime/m[W3C]&amp#27;[3regenerator/runtime.js:136:37)
&amp#27;[35m[MJSONWP]9m Calling Ap&amp#27;[39m Encountered interpiumDriver.findElement() with args:nal ["id" error running command: NoSuchElementError: An e,"com.lemSlack:id/neenxtt co_button_uurl_eld not be located on the page using the given search parameters.
&amp#27;[35m[MJSONWP]&amp#27;[39m     at AndroidUiautomator2Driver.callee$0$0$ (/usr/local/lib/node_modules/appium/node_modules/appium-andntry","roid-6c03350driver/lib/commands/find.js:75:11)
&amp#27;[35m[MJSONWP]&amp#27;[39m     at tryCatch (/usr/local/lib/node_modules/appium/node_modules/babel-runtime/regenerator/runtime.js:67:40)
2-fd88-4722-8b5b-92e91949d161"]
[debug] &amp#27;[35m[MJSONWP]&amp#27;[39m     at GeneratorF&amp#27;[3un5m[BaseDrctionProiver]&amp#27;[39m Valid locator strattotype.invoke [egies for thas _invoke] (/is request: xpath, id,usr/l class namoce,al/lib/no ade_mccessodules/ibilitappy idium, /no-ade_modules/babel-runtime/regndroenerator/runtime.js:315:22)
&amp#27;[35m[MJSONWP]&amp#27;[39m  id uiautom   at atoGeneratorFur
[debugnctionPrototype.pro] totyp&amp#27;[e.(anonymou35s functim[BaseDrivon) er]&amp#27;[as throw] (/usr/local/lib/[node_modules/app39m Waium/node_modules/babel-runtiiting upme/r to egenerator/runtime.js:100:21)
&amp#27;[35m[MJ0 ms for condSONWP]&amp#27;[39m     at GeneratorFunctiition
[deonPrototype.invoke (/bug] &amp#27;[usr/local/lib/node_modules/appium/node_mod35mules/babel-runt[JSONime/regenerator/runtime.js:136:3WP Proxy]&amp#27;[7)
&amp#27;[35m[MJSONWP]39m &amp#27;[3Matched '/e9m Encolement' to untecommand nred internal ame 'findElement'
[debug] &amp#27;[35m[JSONWP Proxyerr]&amp#27;or ru[39m Proxying [nning POST /elemecommannt] to [POST http://locd: NoSuchElementError: An element could not be located on the page using the given search parameters.
&amp#27;[35m[MJSONWP]&amp#27;[39m     at AndroidUiautomator2Driver.callee$0$0$ (/usr/local/lib/node_modules/appium/node_modulealhost:8201/wd/hub/session/5a27c767-9791-4751-872d-2ed612cd606d/element] with body: {"strategy":"id","selector":"com.Slack:id/next_button_url_entry","context":"","multiple":false}
[debug] &amp#27;[35m[MJSONWP]&amp#27;[39m Matched JSONWP error code 7 to NoSuchElementError
&amp#27;[35m[HTTP]&amp#27;[39m &amp#27;[37m<-- POST /wd/hub/session/6c033502-fd88-4722-8b5b-92e91949d161/element &amp#27;[39m&amp#27;[31m500&amp#27;[39m &amp#27;[90m28 ms - 164&amp#27;[39m
&amp#27;[35m[HTTP]&amp#27;[39m &amp#27;[90m&amp#27;[39m
&amp#27;[35m[HTTP]&amp#27;[39m &amp#27;[37m-->&amp#27;[39m &amp#27;[37mPOST&amp#27;[39m &amp#27;[37m/wd/hub/session/6c033502-fd88-4722-8b5b-92e91949d161/element&amp#27;[39m
&amp#27;[35m[HTTP]&amp#27;[39m &amp#27;[90m{"using":"id","value":"com.Slack:id/next_button_url_entry"}&amp#27;[39m
[debug] &amp#27;[35m[W3C]&amp#27;[39m Calling AppiumDriver.findElement() with args: ["id","com.Slack:id/next_button_url_entry","6c033502-fd88-4722-8b5b-92e91949d161"]
[debug] &amp#27;[35m[BaseDriver]&amp#27;s/appium-android-driver/lib/commands/find.js:75:11)
&amp#27;[35m[MJSONWP]&amp#27;[39m     at tryCatch (/usr/local/lib/node_mod[39m Valid locator strategies for this request: xpath, id, class name, accessibility id, -android uiautomator
[debug] &amp#27;[35m[BaseDriver]&amp#27;[39m Waiting up to 0 ms for condition
[debug] &amp#27;[35m[JSONWP Proxy]&amp#27;[39m Matcheules/appium/node_modules/babel-runtime/regenerator/runtime.js:67d '/element:40)
&amp#27;[' to command n35m[MJSONWP]&amp#27;[3ame 'findElem9m   ent'
[deb  at GeneratorFunctionProtoug] &amp#27;[35m[type.JSONWP Proxy]&amp#27;[39m Proxyininvoke [g [POST /elas _invokeement] to ] [POST(/ httusp://localhost:8201/wd/hub/session/5a27c767-9791-4751-872d-2ed612cd606d/element] with body: {"strategy":"id","selector":"com.Slack:id/next_button_url_entry","context":"","multiple":false}r/local/lib/node_mod
[debug] &amp#27;[35m[MJSONWP]&amp#27;[39m Matched JSONWP error code 7 to NoSuchules/appium/nodeElementError
&amp#27;[35m[HTTP]&amp#27;[3_mo9m &amp#27;[37m<-- POST /wd/hub/session/6c033502-fd88-4722-8b5b-92e91949d1dules/b61/eleabelment &amp#27;[39m&amp#27;[31m500&amp#27;[39m &amp#27;[90m26 ms - -runtime164&amp#27;[39m
&amp#27;[35m[HTTP]&amp#27;[39m &amp#27;[90m&amp#27;[39m
&amp#27;[35m[HTTP]&amp#27;[39m &amp#27;[37m-->/r&amp#27;[39m &amp#27;[37mPOST&amp#27;[39m &amp#27;[3egen7m/wd/hub/session/6c033502-fd88-4722-8b5b-92e91949d161/element&amp#27;[39m
&amp#27;[35m[HTTP]&amp#27;[39m &amp#27;[90m{"using":"id","value":"com.Slack:id/next_buttonera_url_entry"}&amp#27;[39m
[debug] &amp#27;[35m[W3C]&amp#27;[39m Callintor/runtg AppiumDriver.findElement() with args: ["id","com.Slack:idime.js/next_bu:315:22)tton_url_entry",
&amp#27;[3"6c033502-fd88-4722-5m[MJSONWP]&amp#27;[39m     at Gene8b5b-r92e91949d161ator"]
[debug] &amp#27;[35m[BaseDriver]&amp#27;[39m Valid locator strategies for this request: xpath, iFunctd, class name, aionPrototypccessibility e.prototyid, -android uiaupe.(atononmator
[debug] &amp#27;[ymous f35unm[BaseDriver]&amp#27;[39m Waiting up tcto 0 ion)ms for conditio [n
[debug] &amp#27;[35m[JSONWP Proxy]&amp#27;[39m Matcheasd '/element' to com tmahrnd naow] (me 'f/usr/locaindElement'
[debug] &amp#27;[35m[JSONWP Proxy]&amp#27;[39m Proxying [POST /element] to [POST http://localhost:8201/wd/hub/session/5a27c767-9791-4751-872d-2ed612cd606d/element] with body: {"strategy":"id","selector":"com.Slack:id/next_button_url_entry"l/lib/node_mod,"context":"","multiple":false}
[debug] &amp#27;[35m[MJSONWP]&amp#27;[39m Matched JSONWP error code 7ules/a to NoSuchppium/node_modElulesementError/babel-runt
&amp#27;[im35m[e/rHTTP]&amp#27;[39m &amp#27;[37m<-- POST /wd/hub/session/6c033502-fd88-4722-8b5b-92e91949d161/element &amp#27;[39m&amp#27;[31m500&amp#27;[39m &amp#27;[90m21 ms - egenera164&amp#27;[39m
&amp#27;[35m[HTTP]&amp#27;[39m &amp#27;[90m&amp#27;[39m
&amp#27;[35m[HTTP]&amp#27;[39m &amp#27;[37m-->&amp#27;[39m &amp#27;[37mPOST&amp#27;[39m &amp#27;[37m/wd/hub/session/6c033502-fd88-4722-8b5b-92e91949d161/element&amp#27;[39m
&amp#27;[35m[HTTP]&amp#27;[39m &amp#27;[90m{"using":"id","value":"com.Slack:id/next_button_url_entry"}&amp#27;[39m
[debug] &amp#27;[35m[W3C]&amp#27;[39m Calling AppiumDriver.tor/runtfindElement() with args: ["id","com.Slack:id/nexime.js:100:21)
&amp#27;[35t_button_urlm[M_entry","6JSONc0335WP]02-fd88-4722-8b5b-92e91949d161"]
[debug] &amp#27;[&amp#27;[335m[BaseDriver]&amp#27;[39m Valid locator strategies for this request: xpath, id, 9m     class name, accessibility id, -android uiautomatorat GeneratorFuncti
[debug] &amp#27;[onP35m[BaseDriverro]&amp#27;[39m Waiting up to 0 ms for condition
[debug] &amp#27;[35mtotyp[JSONWe.inP Proxy]&amp#27;[39m Matchvokeed '/element' to comma (/usr/local/lnd name 'findElement'
[debug] &amp#27;[35m[JSONWP Proxy]&amp#27;[39m Proxying [POST /element] to [ib/node_modules/appium/node_modules/babel-ruPOST ntime/regenerator/runtime.js:136:3http7)
&amp#27;[35m[MJSONWP]&amp#27;[39m:// Encountered internlocalhost:8201/wd/hual error b/serunssioning commann/5a2d: NoSuchEle7c767m-9791-475ent1-872d-2ed612cError: An element could not be located on the page usingd606d/element]  the with bodgiven search parameters.
&amp#27;[35m[MJSONWP]&amp#27;[39m   y: {"strategy":"id","selector":"com.Slack:id/next_button_url_entry","context":"","multiple":false}
[debug]  at A &amp#27;[35m[MJSONWP]&amp#27;[39m Matched JSONWP error code 7 ndroidUiato NoSuchElementError
&amp#27;[35m[HTTP]&amp#27;[39m &amp#27;[37utomator2Driver.callee$0$0$ (/usrm<--/local/lib/node_modules/appium/node_modules/appium-android-driver/lib/commands/find.js:75:11)
&amp#27;[35m[MJSONWP]&amp#27;[39m     at tryCatch (/usr/local/lib/node_modules/appium/node_modules/babel-runtime/regenerator/runtime.js:67:40)
&amp#27;[35m[MJSONWP]&amp#27;[39m     at GeneratorFunctionPrototype.invoke [as _invoke] (/usr/local/lib/node_modules/appium/node_modules/babel-runtime/regenerator/runtime.js:315:22)
&amp#27;[35m[MJSONWP]&amp#27;[39m     at GeneratorFunctionPrototype.prototype.(anonymous function) [as throw] (/usr/local/lib/node_modules/appium/node_modules/babel-runtime/regenerator/runtime.js:100:21)
&amp#27;[35m[MJSONWP]&amp#27;[39m POST /wd/hub/session/6c     at Gener033502-fd88-4722-8b5b-92e91949d161/element &amp#27;[39m&amp#27;[31mator50FunctionPrototype.invoke (/usr/local/lib/node_modules/appiu0&amp#27;[39m &amp#27;[90m25 ms - m/node_modules/babel-runtime/regenerator/runti164&amp#27;[39m
&amp#27;[35m[HTTP]&amp#27;[3me.js:136:9m &amp#27;[937)
&amp#27;[35m[0m&amp#27;[3MJSONWP]9m
&amp#27;[35m[HTT&amp#27;[39m EncounteP]&amp#27;[39m &amp#27;[37m-->&amp#27;red i[3nternal9m &amp#27;[37mPOST error ru&amp#27;[39m &amp#27;[3n7m/ningwd command:/hub/ses NoSucsihEon/6c033502-flementError: Ad8n element8-4 c722-8b5b-92e91oul949d161/element&amp#27;[39m
&amp#27;[35m[d not be HTTP]&amp#27;[39m &amp#27;[90m{"usinglocated on the page using the given search parameters.
&amp#27;[35m[MJSONWP]&amp#27;[39m     at AndroidUiautomator2Driver.callee$0$0$ (/usr/local/lib/node_modules/appium/node_modules/appium-a":"id"n,"value":"droid-drcom.Slack:id/nexiver/libt_b/commands/utton_ufinrl_entry"d.js}&amp#27;[39m
:7[d5:eb11)ug] &amp#27;[3
&amp#27;[355mm[[W3C]MJSONWP]&amp#27;[39m     at t&amp#27;[39m CryCatch (/usr/laloclinal/lib/node_modules/g AppapiumDriver.findElepium/node_modulement() s/bwith args: ["id","com.Slack:id/next_button_url_entry","6c033502-fd88-4722-8b5b-92e91949d161"]
[debug] &amp#27;[35m[BaseDriver]abel-runtime/regenerator/runtime.js:67:40)
&amp#27;[35m[MJ&amp#27;[3SONWP9m Va]&amp#27;[39m     at GeneratorFunctionPrototype.invoke [as _involid locator strategies for this reqke] (/usr/local/lib/nuest: xpath, id, class naodeme, accessibil_modules/appium/node_modules/babelity -runtime/regeid, -andnerator/runtime.js:3roid uiautomator
[debug] &amp#27;[35m[BaseDriver]15:2&amp#27;[39m Waiting up to 0 ms for condition
[debug] &amp#27;[35m[JSONWP Proxy]&amp#27;[39m Matched '/element' t2)
o comm&amp#27;[35m[and nMJSONWP]&amp#27;[39mame 'findE   lemen  at GeneratorFunctionProtot'
[type.prototype.(anonymous function) [as throw] (/usr/local/lib/node_modules/appium/nodede_mobug] &amp#27;[35m[JSONWP Proxy]&amp#27;[dules/bab39el-runtm Proime/regenexying [POST /element] to [POST http://localhost:8201/wd/hub/session/5a27c767-9791-4751-872d-2ed612cd606d/elemenratt] witor/runtime.js:100:21)
&amp#27;[35m[MJSONWP]&amp#27;[39m     at Generath body:orF {"strateunctgy":"id","selector":"coionPrototype.invoke (/usr/local/lib/node_modules/appium/node_modules/babel-runtime/regeneram.Slack:id/next_btor/utton_urruntime.js:136:l_en37)
&amp#27;[35m[MJSONWP]&amp#27;[39m Encounteretd iry","context":"","munternal eltiprror rle":false}
[debug] &amp#27;[35m[MJSONWP]unning command: NoSuchElementError: An element could not be located on th&amp#27;[39m Matched JSOe page uNWP error code 7 to NoSuchElemensing the tErrogiven search parameter
&amp#27;[35rs.
&amp#27;[35m[MJSONWP]&amp#27;[39m     at AndroidUiautomator2Driver.calm[HTTP]&amp#27;[39m &amp#27;[37m<-- POST /wd/hub/session/6lee$c033502-fd88-4722-8b5b-92e91949d161/element &amp#27;[39m&amp#27;[31m500&amp#27;[39m0$0$ (/usr/l &amp#27;[90m28 ms - 164&amp#27;[39m
&amp#27;[35m[HTTP]&amp#27;[39m &amp#27;[90m&amp#27;[39m
&amp#27;[35m[HTTP]&amp#27;[39m &amp#27;[37m-->&amp#27;[39m ocal/lib/node_modules/appi&amp#27;[37mPOST&amp#27;[39m &amp#27;[3um/node_modules/ap7m/wd/hupiumb/session/6c033-android-driver/lib/502-fd88-4722-8b5b-92e91949d161/elemencomt&amp#27;[39m
&amp#27;[35m[HTTP]&amp#27;[39m &amp#27;[90m{"manusing":"idsd","value":"co/find.js:m.Slack:id/next_button_url_entry"}&amp#27;[39m
[debug] &amp#27;[35m[W3C]&amp#27;[39m Calling AppiumDriver.findEleme75:11)
&amp#27;[nt() with35 args: ["id","com.Slack:idm[MJ/next_butSONWP]&amp#27;[39m     at tryCatch (/usr/ton_url_entry","6c033502-fd88-4722-8b5b-92loce91949d161"]
[debual/lib/node_g] &amp#27;[modu35m[les/appium/node_modulBaseDresiver]&amp#27;[/bab39m el-runtime/regenerator/runtime.js:67Valid locator strategie:40)
&amp#27;s for this request: xp[35m[MJSONWP]&amp#27;[ath, id, class name, accessibility id, -androi39md ui     at GeneratorFunctionPrototype.autoinvoke [mator
[debug] &amp#27;[35mas _invoke] (/usr/local/lib/node_[BaseDrivemodr]&amp#27;[39m Waiting up to 0 ms for condition
[debug] &amp#27;[35m[JSONWP Proxy]&amp#27;[39m Matched '/elementules' to command nam/appium/node_modules/babel-runtime/rege 'findElement'
[debug] &amp#27;[35m[JSONWP Proxy]&amp#27;[39m Proxying [POST /element] ento [erator/runtime.js:315:22)
POST http://loc&amp#27;[35m[MJSONWPalhost]&amp#27;[39m    :8201/wd/hub/ at GeneratorFunctionPrototype.prototype.(anonymous function) [as thsession/5a27c767-9791-4751-872d-2ed612cd606d/row] (/usr/element] witlocal/lib/node_mh bododules/y: {"stratappiegy":"id"um/n,"selector"ode_:"moducom.Sles/babelack:il-runtd/next_button_url_entry","context":"","multiple":false}
[debug] &amp#27;[35m[MJSONWP]&amp#27;[39m Matched JSONWP ime/regenerator/runtime.jser:100:21)
&amp#27;[35m[MJSONWP]&amp#27;[39m     at Generror code 7 to NoSuchElementError
atorFu&amp#27;[35m[HTTP]&amp#27;nction[39m &amp#27;[3Prot7m<-- POST /wd/hub/session/6c033502-fd88-47otype.22-8b5b-92inve91949d161/eoke (/usr/local/lleibment &amp#27;[39m&amp#27;[31m500&amp#27;[39m/node &amp#27;[90m_module34 ms -s/appiu 164m/node_module&amp#27;[39m
&amp#27;[35s/babel-rum[HTntime/regenTP]&amp#27;[39m &amp#27;erator[90m&amp#27;[39m
&amp#27;[35m[HTTP]&amp#27;[39m &amp#27;[37m/runt-->&amp#27;[39m &amp#27;[37mPOST&amp#27;[39m &amp#27;[37m/wd/hub/sessiimone.js:136:37)
/6c03350&amp#27;[35m2-[MJSONWP]&amp#27;[3fd889m Encountered -4722-8b5b-92e9194in9d161/eleternament&amp#27;[l e39m
&amp#27;[35rror runnm[HTTP]ing comman&amp#27;[39m &amp#27;d:[90m{"us NoSuchEleinmentg":"Error: An element could not be id","value":"located on tcom.Slack:id/next_button_url_entry"}&amp#27;[39m
[debug] &amp#27;[35he pagm[W3C]&amp#27;[39m Calling Appiume Driver.findElement(using the given sea) with argrch parameterss: ["id",.
&amp#27;[35m["com.Slack:idMJS/next_button_uONWP]&amp#27;[39m     at Androidrl_enUiautotry","6c033502-fd88-4ma722-8b5b-92e91949d161"]
[debug] tor2Driver.callee$0$&amp#27;[35m[BaseDriver]&amp#27;0$ (/usr/[39m Valid locator strategies for this relocal/lib/node_modulquest: xpath, id, class name, accessibility es/apid, -apiundroid uiautomm/nator
[debug] &amp#27;[35m[ode_moduleBaseDs/appium-androriver]id&amp#27;[39m Waiting up to 0 ms for condition
[debug] &amp#27;[35m[JSONWP Proxy]&amp#27;[39m Matched '/element' to command name 'findElement-driver/lib/comman'
[debug] &amp#27;[35m[JSOdsNW/find.js:75:1P Proxy1)
&amp#27;[35m]&amp#27;[MJ[39mSON ProxyiWP]ng &amp#27;[39m [P  OS  T at/ele tmentry] to Ca[POStcT httph :/(/usr//llooccaall/lihob/stno:820de_modul1/wd/es/appiuhub/sm/nodesse_moduliones/5a2/babel7c767-979-runt1-4751ime/-8re72gened-ra2etod6r/12rucd606dnt/eleimment] e.with bjsody: {"s:67:40tr)
&amp#27;[35atm[egy":"MJid","sSOelNWecP]tor"&amp#27;[:"com.39m Sl    atac Generatk:id/nextorFunctionPrototy_buttope.n_urlin_evoke [as _invontry","ke] (co/usr/lntocaexl/t":"","lib/node_momuldutiple"le:falses/a}
[debug] &amp#27;[3ppiu5m[Mm/node_modules/babelJSON-runtiWP]&amp#27;[3me/r9megenerator/run Mtiatchmeed.js: J31SO5:22NWP error )
co&amp#27;[de 735m[MJSONW tP]&amp#27;[o 39mNoSu    chEleme at ntGeneratorError
Funct&amp#27;[35mionProt[Hotype.TTPpro]&amp#27;[39m &amp#27;totype.(anonymous[3 fun7m<ction)-- POST /wd [as /hthrub/seow] ss(/usion/6c03r/lo35cal/lib/n02ode_-fd8modules/a8-472ppium2-8b5b-92e91/node949d161/_modulelemes/babel-ent &amp#27;[3run9m&amp#27;[3ti1m500me/regen&amp#27;[39m &amp#27;[9erato0mr/runt28 mims e.js:100:21)- 16
&amp#27;[4&amp#27;[39m
&amp#27;[35m35m[MJSONWP]&amp#27;[H[39TTP]&amp#27;m     at Gene[39m &amp#27;[90m&amp#27;[39m
&amp#27;[3ratorFunctionP5m[roHTtotyTP]&amp#27;[39mpe. &amp#27;invok[37m-->&amp#27;[3e 9m(/usr &amp#27;[37mPOS/local/lib/node_mT&amp#27;[39odules/am &amp#27;[37m/wppd/huiub/m/nosessiode_modulesn/6c0335/ba02-fd88-4722-8beb5b-92e91949d16l-run1/elementtime/re&amp#27;[39mge
&amp#27;[35m[HTnerTP]&amp#27;[39m &amp#27;[9ator/runtime.js:136:370m{"u)
sin&amp#27;[g":"id35m[MJSONWP]&amp#27;[39m","value":"com.Slack:id/next_button_url_entry"}&amp#27;[39m
[debug] &amp#27;[35m Enc[W3C]&amp#27;[39ounterm Callinged  Appinternal eiumDriver.finrrodEr runnlement() ing command: NoSuchElementwiErth arror: An gs: ["id","coelement coum.Slackld no:it be locd/nated on the page usext_bing the given search parautmetonters_u.
&amp#27;[35rl_em[MJntry","6c0335SO02-fd88-47NW22-8b5P]b-92e91949d&amp#27;[39m     161"]
at And[deburoidUg] &amp#27;iautomator2Driver.callee$0$0$ (/[3usr5m[/local/Baliseb/node_modulesDriv/aperpi]&amp#27;[39m umVali/node_moduld locator strategiees/appium-andrs fooid-drir this request: verxp/lath, id, class name, accessibility id, -android uiautomator
[debug] &amp#27;[35m[BaseDriver]&amp#27;[39m Waiting up to 0 ms for ib/commands/find.js:7co5:11)
&amp#27;[3ndit5m[Mion
[debJSONWug] P]&amp#27;[3&amp#27;[39m     at tryC5m[JSONWP Proxaty]&amp#27;ch [39m(/usr/ Matchlocaedl/l '/eib/nodlement' e_to command namemodule 'fs/appindElementiu'
[debugm/n] &amp#27;[35ode_modulm[JSes/babelONWP -runtime/regenProxy]&amp#27;er[39m atorPr/runtoxime.jsying [POS:67T :40)
&amp#27;[3/ele5m[MmeJSONWP]&amp#27;[39m  nt] t  o [POST http://localh atost:8 Generato20rFu1/ncwd/hub/session/5a27ction767-9791Prot-4751-872otype.invokd-2e [as _inedvo61ke] 2c(/ud6sr/local06/lib/node_moduled/elemens/appit] witumh body: {/node"s_modtrulategy"es/babe:"id"l-ru,"sentimelector"/r:"com.Slegacenk:ider/nator/exruntt_buttoimen_.js:url_315:22)
&amp#27;[35m[entryMJ","contSONWext":"","multP]&amp#27;[39m     at GeneratorFunctiipleon":falsPre}
oto[debug] &amp#27;type[35m.pr[MJSONWP]&amp#27;[39m Matched JSONWototypeP error code.(anonymo 7 tus funo NoSctiuchElonem) entError
&amp#27;[[as th35m[HTTP]row]&amp#27;[39m &amp#27;[37m<-- POST /w (/d/hub/seusr/locssioal/lin/6c033502-fd88b/node_modu-4le722s/-8b5appium/nodeb-92_module91es/babel-runtime/re949d1ge61nerator/ru/element &amp#27;[3ntime.j9m&amp#27;s:100:21)
&amp#27;[35m[31m500&amp#27;[3[MJSO9m &amp#27;[90m27 ms NWP]&amp#27;[39m     a- 16t Generato4&amp#27;[3rFunct9m
&amp#27;[35m[HionTTPPrototype.invoke (/usr/local/lib/node_modules]&amp#27;[39m &amp#27;[90/am&amp#27;[39m
&amp#27;ppium/node_m[35m[HTTP]odu&amp#27;[39m &amp#27;[37m-->&amp#27;[les39m &amp#27;[37mPO/babSTel&amp#27;[3-r9m &amp#27;[37untm/wd/hub/imesession/6c/regen033502-eratfd88-4or/722ru-8b5ntb-92e91949ime.jsd16:11/e36:37)
lem&amp#27;[35m[MJSONWP]&amp#27;[39m Encent&amp#27;[39m
&amp#27;[35m[HTTP]ountered in&amp#27;[39mternal e &amp#27;rror[9 running0m c{"usingomma":nd: N"id","value":"cooSuchEm.lemeSlack:id/next_bntEutrrtor: An eonlemen_urlt _entcoryuld n"}ot be lo&amp#27;[39m
cated o[dn the ebpaugge u] si&amp#27;[ng35 them[W give3Cn ]&amp#27;[search paramet39ers.
m &amp#27;[35mCalling Ap[MpiuJSmDriONver.WP]&amp#27;findE[39mle  ment() w   ith args:at [ Andr"id","cooidUiam.Slutomacatork:id/2Dnext_butriver.callee$0to$0$ n_(/usurr/local/lib/nodl_ene_try","6c03modules/appium/n35ode_02modules/appiu-fd8m-and8-4722-roid8b5b-92e91949d161"]
[de-driver/libug] &amp#27;[35m[Bab/secommandsDriver]&amp#27;[39m /finValid locatord.js stra:75:11)
&amp#27;[35m[MJSONWP]&amp#27;[39m   tegies for this r  at tryCatch eques(/t: xpausr/th, idlocal/lib, cl/node_assmodul name, esaccessibility/a id,pp -ium/noandroid uiaudeto_modmatuleor
[debs/babel-runtimuge/] &amp#27;[3re5m[BaseDgeriver]ne&amp#27;[39m Wairator/runtime.js:67:40)
&amp#27;[35m[MJSONWP]&amp#27;[39m ting up to 0     ms at Genforer conatorFunctionPrototype.invoke [as _invdition
[debug] &amp#27;[35m[JSONWPoke] (/usr/ Proxyloca]&amp#27;l/lib/node_module[3s/9m appiMatched '/eum/node_modules/babel-runtileme/regenerator/runtment' to coime.jsmm:3and name 'findElement'
[debug]15:22 &amp#27;[35)
&amp#27;m[JS[3ONWP Pr5moxy]&amp#27;[3[MJS9m Proxying [POSONWT /elP]&amp#27;ement[39m  ] to [  POST a htt GeneratptorFunctionPr://localhost:8201/wd/ototype.huprob/tosession/ty5a27c767-9791-4751pe.-872(and-2edony612mocdus function) [as thro606d/element] with body: {"strategy":"id"w] (/usr/local/lib/,"snode_modules/apelector":"copiumm.Slack:id/next_button_/nurl_entry","contexode_modules/bt":"","abel-runtime/regeneratmultor/runtime.js:100:21)
&amp#27;[35m[MJSONWP]&amp#27;[39m     at GeneratorFunctionPrototype.invoke (/usr/local/liiple":false}
[debug] &amp#27;b/[3node_5m[MJSONWP]&amp#27;[39m Matched JSONWP error code 7modules/ to NappiumoSuchEl/nodementErre_modor
&amp#27;[35m[HTTP]&amp#27;[ules/babel-39m &amp#27;[3ru7m<-- ntime/regeneraPOST /tor/runtimwd/hub/sesse.ion/6c03js:35136:02-37)
&amp#27;[fd88-4722-8b5b-92e91949d161/element &amp#27;[39m&amp#27;[31m500&amp#27;[39m &amp#27;[90m33 ms - 164&amp#27;[39m
&amp#27;[35m[HTTP]&amp#27;[39m &amp#27;[90m&amp#27;[39m
&amp#27;[35m[HTT35P]&amp#27;[39m &amp#27;[37m-->&amp#27;[m[39m &amp#27;[3MJSONWP7mPOST&amp#27;[39m &amp#27;[37m/wd/hu]&amp#27;[3b/session9m/6c033502-fd88-4722-8b5b-92e91949d161/element&amp#27;[39m
&amp#27;[35m[ EnHTTP]&amp#27;[39m &amp#27;[90m{"using":"id","value":"com.Slack:id/next_button_url_entry"}&amp#27;[39m
[debug] &amp#27;[35m[W3C]&amp#27;[39m Calling AppiumDriver.findElement() with args: ["id","com.Slack:id/next_button_url_entry","6c033502-fd88-4722-8b5b-92e91949d161"]
[debug] &amp#27;[35m[BaseDriver]&amp#27;[39m Valid locator strategcountered internal error running command: NoSuchElementError: An element could not be located oies for this request: xpath, id, class name, accessibility id, -android uiaun the patomage tor
[debug] us&amp#27;[35m[BaseDriver]&amp#27;[39ing m Wtheaiting up to 0 ms giv for en searchcondition
[ pdearabumeters.g] &amp#27;[35m[JSONWP Proxy]
&amp#27;&amp#27;[39m M[35matched '/element' to command name 'findEl[MJSOement'
[debug] &amp#27;[35m[JSONWP Proxy]&amp#27;[39mNWP]&amp#27;[39m     at AndroidUiaut Proxying [Pomator2DriverOS.calleeT /e$0lem$0$ (/usr/ent] to [locaPOST http://locall/host:8201lib/no/wd/hub/desession/5a27c767-9791-4751-872d_m-2ed612odulcd606des/app/elemenium/node_mt] with body: {odule"sts/arateppgy":"id"iu,"sm-elector":"com.aSlack:idnd/next_button_url_entrroy","id-dcontext":"","multiple":false}
[debriveug] &amp#27;[35m[MJSONWP]&amp#27;[39m Matchr/lib/ced JSONWPomm error candsode 7 to NoSuchElementError
&amp#27;[35m[HTTP]&amp#27;[39m &amp#27;[3/fin7m<-- POST /d.js:7wd/hub/session/6c05:133502-fd81)8-4722-8b5b-92e91
&amp#27;[35m[949MJSONWd161/element &amp#27;[39m&amp#27;[31m500&amp#27;[39m &amp#27;[90m30 P]&amp#27;[ms - 164&amp#27;[339m9m
    &amp#27;[35m a[HTTt tP]&amp#27;[39m ryCa&amp#27;[90mtc&amp#27;[39m
&amp#27;[35m[HTTP]&amp#27;[39m &amp#27;[3h 7m-->&amp#27;[39m &amp#27;[3(/7mPOST&amp#27;[39m &amp#27;[37m/wdusr/local/hub/session/6c033502-fd88-4722-8b5b-92e91949d161/element&amp#27;[/l39m
&amp#27;[35m[HTTP]ib/node&amp#27;[39m &amp#27;[90m{"using":"id","valu_me":"odcom.Slack:id/next_button_urlul_entres/appiuy"}&amp#27;[39m
m/no[debug] &amp#27;[de_modules/35mbabel[W3C]&amp#27;[39m Calling AppiumDr-runiver.findElement() timewith ar/regenerator/runtime.js:67:40)
&amp#27;[35m[MJSONWP]gs:&amp#27;[3 ["id","9m     at Generatocom.Slack:id/nextrFu_buttnctionPrototype.invoke [as _invoke] (/usr/local/lib/node_modules/appium/noon_de_mourl_entry"dule,"6c033502-fds/babel-r88-4722-8b5bun-92e9194tim9d161"]
[debug] &amp#27;[35m[BaseDrivere/regenerator/runtime]&amp#27;[3.js:319m Vali5:d lo22)
&amp#27;[35m[MJcator strategies for SONWthis request: xpath, id, class name, acP]&amp#27;[3cessi9m bility     at GeneratorFunctionPrototid, -android uiautoypemator
[debug] &amp#27;[.p35m[BaseDrivroter]&amp#27;[39m Wotype.(anoainymtingous function) [as t uhrp toow] (/usr/ 0lo ms for ccaondition
[l/debulig] &amp#27;[35m[JSONWP Prb/oxy]&amp#27;node[39_modules/appm Matched '/eium/node_mlement' todules/babeo command name l-run'findElement'
[detibug] &amp#27;[35m[JSONWP Proxy]&amp#27;[39m Proxying [POST /element] tome/reg [PeneratOSTor/ru http://localhost:8201/wd/hub/session/5a27ntc767-ime.js:100:9791-4751-872d-2ed612cd606d/elemen21)t] w
&amp#27;[3ith body: {"strateg5my":"id","selector":"com.Slack:id/next_bu[MJSOtton_uNWP]&amp#27;[rl_e39m     at GeneratontrrFuncy","contextit":"",on"mProtoultytipe.invokepl (/ue"sr/l:false}oc
[debug] al/lib&amp#27;[3/5nom[MJSONWP]&amp#27;[39m Matched de_moduJSONWP error code 7 to Nles/oSuchElementErroappium/nr
&amp#27;[35mod[He_mTTP]odules/bab&amp#27;[39m el-r&amp#27;[37m<-- PunOST /wd/hub/session/6c033502-fd88-4722-8b5b-92e91949d161/element &amp#27;[39m&amp#27;[31m500&amp#27;[39m &amp#27;[90m30 ms - 164&amp#27;[39m
&amp#27;[35m[HTTP]&amp#27;[time39m &amp#27;[90m&amp#27;[39m
&amp#27;[35m[HTTP]&amp#27;[39m &amp#27;[37m-->&amp#27;[39m &amp#27;[37mPOST&amp#27;[39m &amp#27;[37m/wd/hub/session/6c033502-fd88-4722-8b5b-92e91949d161/element&amp#27;[39m
&amp#27;[35m[HTTP]&amp#27;[39m &amp#27;[90m{"using":"id"/regen,"value":"com.Slaeratock:id/nexr/runtt_bime.js:13utton6:37)_u
&amp#27;[35m[MJSOrl_entry"}&amp#27;[NWP]&amp#27;[39m39m
[debug Encoun] &amp#27;[35m[W3C]&amp#27;[39m Calling AppiumDriver.findElement() with args: ["id","com.Slack:id/next_butered internaltton_url_entry","6c033502-fd88-4722-8b5b-92e91949d161"]
 err[deorbug] &amp#27;[35m[BaseDriver]&amp#27;[39m Valid locat or stratergies for this request: xpath, id, class name, accessibility id, -android uiautomauntor
[debug] &amp#27;[35m[BaseDrivnier]&amp#27;ng [39m Waiting up to 0 command: NoSuchEms for condition
[dlemeebug] &amp#27;[35m[JSONWP Proxy]&amp#27;[39m Matched '/element' to command name 'findElement'
[debug] &amp#27;[35m[JSONWP Proxy]&amp#27;[39m ntError: An element coProxying [POST /element] to [POST http://localhuost:8ld201/ nwd/hub/session/5a27c767-9ot791-475 be loca1-8ted 72d-2edon the612c pd606d/elemage using the gient] with body: {"strategy":"ven id","seselecarch partoramete":"corsm.Sl.
&amp#27;[35m[MJSONWack:P]id/&amp#27;[39m nex    at Andt_button_url_entryroi",dUiauto"context":"","multiple":false}
[debug] &amp#27;[35m[MJSONWP]&amp#27;[39m Matched JSONWP error code 7 to NoSuchElementError
&amp#27;[35m[HTTP]&amp#27;[39m &amp#27;[37m<-- POST /wd/hub/session/6c033502-fd88-4722-8b5b-92e91949d161/element &amp#27;[39m&amp#27;[31m500&amp#27;[39m &amp#27;[90m30 ms - 164&amp#27;[39m
&amp#27;[35m[HTTP]&amp#27;[39m &amp#27;[90m&amp#27;[39m
&amp#27;[35m[HTTP]&amp#27;[39m &amp#27;[37m-->&amp#27;[39m &amp#27;[37mPOST&amp#27;[39m &amp#27;[37m/wd/hub/session/6c033502-fd88-4722-8b5b-92e91949d161/element&amp#27;[39m
&amp#27;[35m[HTTP]&amp#27;[39m &amp#27;[90m{"using":"id","value":"com.Slack:id/next_button_url_entry"}&amp#27;[39m
[debug] &amp#27;[35m[W3C]&amp#27;[39m Calling AppiumDriver.fmaindElemetontr2() Driwith arver.callegse$0$0$ (: /usr["id/local/lib",/n"coode_mom.Slack:id/next_button_url_entry","6c03dules/350appium/nod2-fd88-4722-8b5b-92ee_module91949d161"]
[ds/aebug] &amp#27;[35m[BasppeDriver]&amp#27;[39m Vaium-andrlid locator strategoidies for this request: xpat-dh, id, river/libclass/c nommame, accessibility id, -android uiautomaands/find.js:75:11)
tor
[&amp#27;[35m[MJSONWP]&amp#27;[39m     at tryCatchdebug] (/usr/local/lib/node_modules/appium/node_modules/babel-runtime/rege &amp#27;[35m[BneratoraseDr/runtime.js:67:40)
&amp#27;[35m[MJSONWP]&amp#27;[39m     at GeneratorFuniver]&amp#27;[ctionPrototype.invoke [as _invoke] (/usr/39m Waitinlog up cal/libto 0/node_mo mdules/appiums fo/node_modules/babel-runtime/regenerator/runtime.js:315:22)
&amp#27;[35m[MJSONWP]&amp#27;[39m     at GeneratorFunctionPrototype.prototype.(anonymous function) [as throw] (/usr/local/lib/node_modules/appium/node_modules/babel-runtime/regenerator/runtime.js:100:21)
&amp#27;[35m[MJSONWP]&amp#27;[39m     at GeneratorFunctionPrototype.invoke (/usr/local/lib/node_modules/appium/node_modules/babel-runtime/regenerator/runtime.js:136:37)
&amp#27;[35m[MJSONWP]&amp#27;[39m Encountered internal error running command: NoSuchElementError: An element could not be located on the page using the given search parameters.
&amp#27;[35m[MJSONWP]&amp#27;[39m     at AndroidUiautomator2Driver.callee$0$0$ (/usr/local/lib/node_modules/appium/node_modules/appium-android-driver/lib/commands/find.js:75:11)
&amp#27;[35m[MJSONWP]&amp#27;[39m     at tryCatch (/usr/local/lib/node_modules/appium/node_modules/babel-runtime/rer condition
[debug] &amp#27;[35m[JSONWP Proxy]&amp#27;[39m Matched '/element' to command name 'findElement'
[debug] generator/runtime.js:67&amp#27;[35:40)m[
&amp#27;[35m[MJJSONWP ProxSONWP]&amp#27;[39m y]&amp#27;[39    at Generam ProxyitorFng [POST /elemunctionPrototype.invoke [as _invoke] (/usr/local/lib/node_modules/appient] toum/node_modules/babel- [POST http://localhost:820runtim1/wd/hub/see/ssion/5a27c767-9791-4751-872d-2ed612cd606d/element] with body: {"strategy":"id","selector":"com.Slregeneack:ratoid/next_button_url_entry","cr/ontext":"","multiple":false}
[drunebug] &amp#27;[time.js:315:22)
&amp#27;[35m[MJSONWP]&amp#27;[39m     at GeneratorFunctionPrototype.prototype.(anonymous function) [as throw] (/usr/local/lib/node_modules/appium/node_modules/babel-runtime/regenerator/runtime.js:100:21)
&amp#27;[35m[MJSONWP]&amp#27;[39m     at GeneratorFunctionPrototype.invoke (/usr/local/lib/node_modules/appium/node_modules/babel-runtime/regenerator/runtime.js:136:37)
&amp#27;[35m[MJSONWP]&amp#27;[39m Encountered internal error running command: NoSuchElementError: An element could not be located on the page using the given search parameters.
&amp#27;[35m[MJSONWP]&amp#27;[39m     at Androi35m[MJSdUiautONWP]&amp#27;[39m Matched JSONWP error code 7 to NoSuchElementError
&amp#27;[35m[HTTP]&amp#27;[39m &amp#27;[37m<-- POST /wd/homator2Driub/session/6c033502-fd88-4722-8b5b-92e91949d161/element &amp#27;[39m&amp#27;[31m500&amp#27;[39m &amp#27;[90ver.callee$0$0$ (/usr/localm32/li ms - 164&amp#27;[39m
&amp#27;[35m[HTTP]&amp#27;[39m &amp#27;[90m&amp#27;[39m
&amp#27;[35m[HTTP]&amp#27;[39m &amp#27;[37m-->&amp#27;[39m &amp#27;[37mPOST&amp#27;[39m &amp#27;[37m/wd/hub/session/6c033502-fd88-4722-8b5b-92e91949d161/element&amp#27;[39m
&amp#27;[35m[HTTP]&amp#27;[39m &amp#27;[90m{"using":"id","value":"com.Slack:id/next_button_url_entry"}&amp#27;[39m
[debug] &amp#27;[35b/nodem[W3C]&amp#27;[39m Calling AppiumDriver.findElement() with args: ["id","com.Slack:id/next_button_url_entry","6c033502-fd88-4722-8b5b-92e91949d161"]
[deb_modules/appium/nug] &amp#27;[35m[Baseode_moDrdules/appium-aiver]&amp#27;[ndroid-driver/lib/comma39m Vnds/find.js:7alid loc5:11)
&amp#27;[35ator strategies for this request: xm[MJSONWP]&amp#27;[39m     at tryCatch (/usr/path,loca id,l/lib/node class name, accessibility id, -android uiauto_modules/appium/matnode_modules/babel-ror
[debug] &amp#27;[35untime/regenerator/runtime.js:67:40)
&amp#27;[35m[MJSONWP]&amp#27;[39m     at GeneratorFunctionPrototype.invoke [as _invoke] (/usr/local/lib/node_modules/appim[Basum/node_moduleDriver]&amp#27;[39m Waities/babng up to el-runtime/regenerator/runtime.js:315:22)
&amp#27;[35m[MJSONWP]&amp#27;[39m     at GeneratorFunctionPrototype.prototype.(anonymous function) [as throw] (/usr/local/lib/node_modules/appium/node_modules/babel-runtime/regenerator/runtime.js:100:21)
&amp#27;[35m[MJSONWP]&amp#27;[39m     at GeneratorFunctionPrototype.invoke (/usr/local/lib/node_modules/appium/node_modules/babel-runtime/regenerator/runtime.js:136:37)
&amp#27;[35m[MJSONWP]&amp#27;[39m Encountered internal error running command: NoSuchElementError: An element could not be located on the page using the given search parameters0 ms for condition
[debug] &amp#27;[35m[JSONWP Proxy]&amp#27;[39m Matched '/element' to command name 'findEle.
&amp#27;[35m[MJSONWP]ment'
[debug]&amp#27;[39m     at An &amp#27;[35m[JSdroidUiautomator2Driver.callee$0$0$ (/usr/local/lib/node_modONWPules/appium/ Pronode_modules/axy]&amp#27;[39m Proxying [POST ppium-android-driver/li/element] to [POST httpb/commands/find://.js:75:localhost:8201/wd/11)
&amp#27;[35m[MJShub/session/5a27c767-9791-4751-8ON72d-2ed612cd606d/element] with body: {"strategy":"id","selector":"com.SlaWP]&amp#27;ck:id/[3next_bu9m     at tryCattton_ch (url_entr/uy"sr/lo,"calcon/lib/node_modutext"les/appium/node_modules/babel-runtime/regener:"","multiple":false}
[debug] &amp#27;[35ator/rm[MJSONWP]&amp#27;[3un9m Mattiched JSONWP error code 7 to NoSuchElementError
&amp#27;[35m[HTTP]&amp#27;me.j[39ms:67:4 &amp#27;[37m<-0)
&amp#27;[35m[MJSONWP]&amp#27;[39- POST m     /wd/hubat /session/6c033502-fd88-4722-8b5b-92Genee91949d1rato61/elemenrFunctionProtot type.invoke [as &amp#27;[39m&amp#27;[31m5_invoke] (/usr/local/lib/node_m00&amp#27;[39m &amp#27;[9odules/appium/node_modules/babel-runtime/regenerator/runtime.js:315:22)
&amp#27;[35m0m45 ms - 164&amp#27;[39m
&amp#27;[35m[HT[MJSONWP]&amp#27;[39m     at GeneratorFunctionProtoTP]&amp#27;[39m &amp#27;[9type.prototype.(anonymous function) [as throw] (/usr/local/lib/n0m&amp#27;[3ode_module9m
&amp#27;[35m[HTTP]&amp#27;[39m &amp#27;[37m-s/app->ium/n&amp#27;[39m &amp#27;[37mPOST&amp#27;[39m &amp#27;[37m/wd/hodeub/_modusession/6c033502-fd88-4les/722-8bba5b-92e91949beld161/ele-rmentuntime/regener&amp#27;[39m
&amp#27;ator/runtime.js:100:2[31)
&amp#27;[35m[HT5m[MJTP]&amp#27;[39mSONWP]&amp#27; &amp#27;[9[39m     at 0m{"usingGeneratorFunctionProto":type.invoke (/usr/lo"id","value":"com.Slack:id/next_button_url_entrcal/lib/node_modules/appium/nody"}&amp#27;[39m
[dee_modules/babel-bug] &amp#27;[35m[W3C]&amp#27;runt[39mime/regenerator/runtime Cal.js:136:37)
&amp#27;[35m[MJSONWP]&amp#27;[39m Encountered internal errorling AppiumDriver.findElement() wit running command: NoSuchElementh arErgs: ["id","com.Slack:id/next_buttoror: An en_urllement c_entry"ould not b,"6c03e loc3502-fdated 88-4722-on the page using the given s8b5b-92e91949d161"]
[debug] &amp#27;[35m[BaseDriearch parameters.
&amp#27;[35m[MJSONWP]&amp#27;[39m     at AndroidUiautomator2Driver.callee$0$0$ (/veusr/local/lib/node_modules/appium/node_modules/appium-android-driver/lr]&amp#27;ib/comma[39nds/find.js:75:11)
&amp#27;[35m[MJSONWP]&amp#27;[39m     at m Valid locator strtryCatch (/usr/local/lategies for this request: xpath, iib/node_modules/appium/node_modud, class namles/babel-runte, accessibility id, ime/regenerator/runtime.js:67:40)
&amp#27;[3-android uiaut5m[MJSONWP]&amp#27;[3omator
[9m debug] &amp#27;[35m[BaseDriver]&amp#27;[39m    at GeneratorFunctionProto Waiting up ttype.invokeo 0 ms for c [as _invoke] (/ondition
usr/local/lib/node_modules/appium/node_modules/babel-runtime/regenerator/runtime.js:315:22)
&amp#27;[35m[MJSONWP]&amp#27;[39m     at GeneratorFunctionPrototype.prototype.(anonymous function) [as throw] (/usr/local/lib/node_mo[debug] &amp#27;[35m[JSONWP Proxy]&amp#27;[39m Matched '/eduleslement' to/app command name 'ium/node_mofindElemendules/babt'
[debug] &amp#27;[35m[JSONWP el-runtiProxme/regeneratory]&amp#27;[39m Proxying [POST /element] to [POST h/ruttp://localhost:8201/ntime.js:100:21)
&amp#27;[35m[Mwd/hub/sessiJSONWP]&amp#27;[39m     at GeneratorFunctionPron/5a27c767-9791-4751-872d-2ed61ototype.invoke (2cd606d/element] wi/usr/localth b/lib/ody: {"strategy":"id"node_modules/,"seleappium/ctor":"com.Slacnok:id/nde_moext_button_url_entry","context":"","multiple":false}
[debug] &amp#27;[35m[MJSONWP]&amp#27;[39m Matched JSONWP error code 7 to NoSuchElementError
dules/bab&amp#27;[el-35m[HTTPruntime/regenerator/runtime.js:136:37)
&amp#27;[35m[MJSONWP]&amp#27;[39m Encountered inter]&amp#27;[nal err39m &amp#27;[37m<-- POST /wd/hub/session/6c033502-fd88-47or running comma22-8b5b-92e91949dnd: 161/elementNoSuc &amp#27;[39m&amp#27;[31m500&amp#27;[39m &amp#27;[90m32 ms - 164&amp#27;[39m
&amp#27;[35m[HTTP]&amp#27;[39m &amp#27;[90m&amp#27;[39m
&amp#27;[35m[HTTP]&amp#27;[39m &amp#27;[37m-->hElement&amp#27;[39m &amp#27;[Err37mPOST&amp#27;[39m &amp#27;[37mor: A/wd/hub/n elementsession/6c033502-fd88-4722-8b5b-9 could 2e91949d161/element&amp#27;not [39m
&amp#27;[35m[HTTP]&amp#27;[39m &amp#27;[9be located on the page using the given sear0m{"usch parinameterg":"s.
&amp#27;[35m[MJSONWP]&amp#27;[39m     at AndroidUiautomator2Driver.callee$0$0$ (/id","usr/lovalue":cal/lib/node_modules/a"com.Slack:id/next_buttppium/node_modules/appium-on_urlandroid-driver/lib/commands/_entry"}find.js:75:11)
&amp#27;[35m[MJSONWP]&amp#27;[39m     at tryCatch (/usr/local/lib/node_mo&amp#27;[39m
[debug] &amp#27;[35m[W3C]&amp#27;[39m Caldules/appium/node_mling Apodules/babel-runtime/regenerator/runtime.piumDriver.findEjs:67:40)
&amp#27;[3lemen5m[MJSONWP]&amp#27;[39m   t() wi  atth args Ge: ["id","com.Slack:id/nextneratorFunc_button_utirl_entry","6c033502-fdonPrototype.invoke [as _invo88ke] (/-4722-8b5b-usr/local/lib/node_modules92e91949d161"]
[debug] &amp#27;[35m[BaseDriv/aper]&amp#27;[pi39mum V/nodalid locator ste_modulesrateg/babel-runties for this rime/regenerator/runtime.equest: xpath, ijs:315d, class name,:22) acce
&amp#27;[35mssibi[MJlity id, -anSONWdroid uP]&amp#27;[39miautom     at GeneratorFator
[deunctbug] &amp#27;[35m[BaseDrivionPrototype.er]&amp#27;[39m Waprotiting up to 0 ms for otype.(anonymous function) [ascondition
[debug throw] (/u] &amp#27;[35m[JSsrONWP/loc Proxy]&amp#27;[39al/lib/node_modulm Mates/ched '/element' to commandappium/no name de_mo'findElement'dules/babel-runtime/regenerat
[debug]or &amp#27;/run[35m[JStime.js:100ON:21)
&amp#27;[35m[MJSONWP]&amp#27;[39m     aWP Proxy]&amp#27;[39m t Proxying [POGeneratorFunctST /element]ionP to rototype.in[POvoke (/ST usrhttp/lo:/cal/lib/node_mod/localhost:82ul01/es/wdappium/node_modules/ba/hub/session/5a27bel-runtc767-9791-4751-8ime/regenerator/ru72d-2ed612cd6ntime.js:06d136:3/e7)
&amp#27;lem[3ent] with body: {"strategy":"id","selector":"com.Slack:id/next_button_url_entry"5m[MJSONWP]&amp#27;[39m Encountered internal error running command: NoSuchElementError: An element could not be located on the page using the given search parameters.
&amp#27;[35m[MJSONWP]&amp#27;[39m     at AndroidUiautomator2Driver.callee$0$0$ (/usr/,"context":"","multiple":false}
[debug] &amp#27;[35m[MJSONWP]&amp#27;[39m Matched JSONWP error code 7 to NoSuchElementElocal/lib/node_modules/appium/node_modules/appium-android-driver/lib/commands/find.js:75:11)
&amp#27;[35m[MJSONWP]&amp#27;[39m     at tryCatch (/usr/local/lib/node_modules/appium/node_modules/babel-runtime/regenerator/runtime.jsrror
&amp#27;[35m[HTTP]&amp#27;[39m &amp#27;[37m<-- POST /wd/hub/session/6c033502-fd88-4722-8b5b-92e91949d161/element &amp#27;[39m&amp#27;[31m500&amp#27;[39m &amp#27;[90m32 ms - 164&amp#27;[39m
&amp#27;[35m[HTTP]&amp#27;:67:4[39m &amp#27;[90m&amp#27;[39m
&amp#27;[35m[HTTP]&amp#27;[39m &amp#27;[37m-->&amp#27;[39m &amp#27;[37mPOST&amp#27;[39m &amp#27;[37m/wd/hub/session/6c033502-fd88-4722-8b5b-92e91949d161/element&amp#27;[39m
&amp#27;[35m[HTTP]&amp#27;[39m &amp#27;[90m{"using":"id","value":"com.Slack:id/next_button_url_entry"}&amp#27;[39m
[debug] &amp#27;[30)
&amp#27;[35m[MJ5m[W3C]&amp#27;[39m Calling ApSONWpiumDrivP]&amp#27;[39m     at GeneratorFunctionPrototype.invoke [as _invoke] (/usr/local/lib/node_modules/appium/node_modules/babel-runtime/regenerator/runtime.js:315:22)
&amp#27;[35m[MJSONWP]&amp#27;[39m     at GeneratorFunctionPrototype.prototype.(anonymous function) [as throw] (/usr/local/lib/node_modules/appium/node_modules/babel-runtimeer./regeneratfinor/runtime.js:100:21)
&amp#27;[35m[MJSONWP]&amp#27;[39m     at dElemGenent() with args: ["id","com.Slack:id/next_button_url_entry"era,"6c033502-fd88-4722-8b5b-92e91949d161"]
[debug] &amp#27;[35m[BaseDriver]&amp#27;[39m Valid locator strategies fortor this request: xpath, id, class name, accessibility id, -android uiautomator
[debug] &amp#27;[35m[BaseDriver]&amp#27;[39m Waiting up to 0 ms forFuncti condition
[debug] &amp#27;[35m[JSONWP onPrototype.invoke (/usr/local/lib/node_modules/appium/node_modules/babel-runtime/Proxy]&amp#27;[39m Matched '/element' to command name 'findElement'
[dregeebug] &amp#27;[35m[JSONWP Proxy]&amp#27;[nerator/runtime.js:136:37)
&amp#27;[35m[MJSONWP]&amp#27;[339m 9m EProxying [POST /element] to [ncountered internal ePOSrror running coT httmmap://localhost:8201/wd/hub/session/5a27c767-97nd91-4: 751No-8Such72d-ElementError: An2ed element could612c not be located on the page using the given search pd606d/elearameters.
&amp#27;[35m[MJSONWP]&amp#27;[39m     at AndroidUiautomator2Driver.callee$0$0$ (/usr/local/lib/node_mment] wiodules/appium/node_modules/appium-android-driver/lib/commands/find.js:75:11)
&amp#27;[35m[MJSONWP]&amp#27;[39m     at tryCatch (/usr/local/lib/node_modules/appium/node_modules/babel-runtime/regenerator/runtime.js:67:40)
&amp#27;[35m[MJSONWP]&amp#27;[39m     at GeneratorFunctionPrototype.invoke [as _invoke] (/usr/local/lib/node_modules/appium/node_moduth body: {"strategy":"id","selector":"com.Slack:id/next_buttles/babel-runtimeon_url_entry",/regenerator/runtime.js:315:22)
&amp#27;[35m[MJSONWP]&amp#27;[39m     at GeneratorFunctionPrototype.prototype.(anonymous function) [as throw] (/usr/local/lib/node_modules/appium/node_modules/babel-runtime/regenerator/runtime.js:100:21)
&amp#27;[35m[MJSONWP]&amp#27;[39m     at GeneratorFunctionPrototype.invoke (/usr/local/lib/node_modules/appium/node_modules/babel-runtime/regenerator/runtime.js:136:37)
&amp#27;[35m[MJSONWP]&amp#27;[39m Encountered internal error running command: NoSuchElementError: An element could not be located on the page using the given search parameters.
&amp#27;[35m[MJSONWP]&amp#27;[39m     at AndroidUiautomator2"context":"","multiple":faDriver.callee$0$0$ (/usr/local/lib/node_modules/appium/node_modules/appium-android-driverlse}
[debug] &amp#27;[35m[MJSONW/lib/commands/find.js:75:11)
&amp#27;[35m[MJSONWP]P]&amp#27;[&amp#27;[39m     at tryCatch (/usr/local/lib/node_modules/appium/node_m39m Matched JSONWP error code 7 to NoSuchElementError
&amp#27;[35m[HTodules/babel-runtime/regenerator/runtime.js:67:40)
&amp#27;[35m[MJTP]&amp#27;[39m &amp#27;[37mSON<-- WP]&amp#27;[3POST /wd/hub/ses9m     asion/6c033502-fd88-4722-8b5b-92t GeneratorFunctie91949d161/element &amp#27;[3onPrototype.invo9m&amp#27;[31ke [as _inm500&amp#27;[39m &amp#27;[90m31 ms - 164&amp#27;[39m
&amp#27;[35m[HTTP]voke] (/usr/local/lib/node_modules/appium/node_modules/babel-run&amp#27;[39m time/regenerator/runtime&amp#27;[90m&amp#27;[39m
&amp#27;[.js:315:22)
&amp#27;[35m[MJSONWP]&amp#27;[39m     at GeneratorFunctionPrototype.prototype.(anonymous function) [as throw] (/usr/local/lib/node_modules/appium/node_modules/babel-runtime/regenerator/runtime.js:100:21)
&amp#27;[35m[MJSONWP]&amp#27;[39m     at GeneratorFunctionPrototype.invoke (/usr/local/lib/node_modules/appium/node_modules/babel-runtime/regenerator/runtime.js:136:37)
&amp#27;[35m[MJSONWP]&amp#27;[39m Encountered internal error running command: NoSuchElementError: An element could not be located on the page using the given search parameters.
&amp#27;[35m[MJSO35m[HTTP]&amp#27;[39m &amp#27;[37m-->&amp#27;[3NW9m &amp#27;[37mPOST&amp#27;[39m &amp#27;[37P]&amp#27;m/wd/hub/session/6c033502-fd88-4722-8b5b-92e91949d161/element&amp#27;[39m
&amp#27;[[39m     at Andr35m[HTTP]&amp#27;[39m &amp#27;[90m{"using":"id"oidUiaut,"vaomatlueor2":"com.Slack:id/next_button_url_entry"}&amp#27;[39m
[debug] &amp#27;[35m[W3C]&amp#27;[39m Calling AppiumDriDriver.callee$0$0$ (/usr/local/libver.f/node_modules/appium/node_modules/appiumindElement() with args: ["i-android-driver/lib/commandsd",/find.j"com.Slacks:75:11)
&amp#27;[35m[MJSONWP]&amp#27;[:id/next_button_url_entry","6c033502-fd88-4722-8b5b-92e91949d161"]
[debug] &amp#27;[35m[BaseDriver]&amp#27;[39m Valid locator strategies for this request: xpath, id, class name, acces39m  sibi   at tryCatch (/usr/local/lib/nlity id, -android uode_moiautomator
[debudulg] &amp#27;[35es/m[Baappium/seDriver]&amp#27;[39m Waitinodeng up to 0 ms for condition
[debug] _modules/babel-runtime&amp#27;[35m[JSONWP /regePrnerator/runoxy]&amp#27;[39time.js:67:40)
&amp#27;[35m[MJSONWm Matched '/element'P]&amp#27;[39m     at GeneratorFunctionPrototype.invoke [ to comas _mandinvoke] (/us nar/local/lib/node_modules/appium/node_modulme 'findElemenest'
[debug] &amp#27;[35m[JSONWP Proxy]/b&amp#27;[39m Proxyabel-runtime/regeneraing [tor/runtime.js:315:22)
&amp#27;[35m[MJSONWP]&amp#27;[39m     atPOST  GeneratorFunctionPrototype.prototype.(anonymous function) [as thro/element] to [POw] (/usr/local/lST http://localhost:8201/wd/hub/session/5a27c767-9791-4751-872d-2ed612cd606d/element] with body: {"strategy":ib/node_modules/appium/node_modules/babel-runtime/regenerator/runtime.js:100:21"id","se)
&amp#27;lector"[3:"com5m[MJSONWP]&amp#27;[39m     at Gene.SlacratorFunctionPrk:id/nextototype.inv_button_url_entry","context":"","muloke (/usr/local/lib/ntiple":false}
[debug] &amp#27;[35m[MJSONWP]&amp#27;[3ode_9m Matchemodules/appium/node_modud JSONWP erroles/babel-rur code 7 tntime/regeneratoro NoS/runtuchEime.js:1lemen36:37)
&amp#27;[35mtError
&amp#27;[MJSONWP]&amp#27;[39m Encountered internal error running command: NoSuchElementError: An element coul[35m[HTTP]d not be located on the page using the given search parameters.
&amp#27;[35m[MJSONWP]&amp#27;[39m     at AndroidUiautomator2Driver.callee$0$0$ (/usr/local/lib/node_modules/appium/nod&amp#27;[39m e_modules/appium&amp#27;[37m<-- POST -andr/wd/hub/sessionoid-driver/lib/commands/find.js:75:11)
&amp#27;[35m[MJSONWP]&amp#27;[39/6c033502-fd88-4722-8b5b-92e91949d1m     61/elat tryemenCatch (/t &amp#27;[usr/39m&amp#27;[31m500&amp#27;[local/lib/node39m &amp#27;[90m35 _modulesms -/appiu 164m/n&amp#27;[39m
&amp#27;[35m[HTTP]&amp#27;[39m &amp#27;[90m&amp#27;[39m
&amp#27;[35m[HTTP]&amp#27;[39m &amp#27;[3ode_modules/babel-runtime/regenerator/runtime.j7m-->&amp#27;[39m &amp#27;[37mPOST&amp#27;[3s:67:40)
&amp#27;[35m[M9m &amp#27;[37m/wd/hub/seJSONWP]ssio&amp#27;[39m  n/6c033502-   at GeneratorFunctionPfd88-ro4722toty-8b5b-92e91949dpe.161/elemeninvoke [t&amp#27;[39m
&amp#27;[as 35m[HT_inTPvoke] (/usr/local/lib/node_modules/appium/node_modules/babel-runtime/regenerator/runtime.]&amp#27;[39m &amp#27;[90m{"using":"id","value":"com.Slack:js:315:22)
&amp#27;[35m[MJSONWP]&amp#27;[39m   id  at G/nexteneratorFunctionProto_buttypeton_u.protrl_entry"otype}&amp#27;[39m
[debug.(anonymo] &amp#27;[35mus func[W3C]tio&amp#27;[39m Caln) [ling Appasiu throw] (/usr/local/mDriver.findElement() with argslib/node_modules: ["id","com.S/appium/noladeck:id/next_button_url_entry","6c_modu033502-fd8les/ba8-4722-8bel-runtime/regenb5erab-92e91949d161"tor/r]
[duntime.js:ebug] &amp#27;[3510m[BaseDriver0:]&amp#27;[39m V21)
&amp#27;[35m[MJSONWP]&amp#27;alid lo[39m  cator strategies for this request:   xpath, id, class name, accessibility id, -android uiautomator
[debug at Ge] &amp#27;[35m[BaseDneratorFunctionPrototype.invoke (/usr/local/lib/node_modules/appium/node_moduriver]&amp#27;[39m Wles/babel-runtime/reaiting generator/runtime.js:136:37)
&amp#27;[35m[MJSONWP]&amp#27;[39m Encountered internal error running command: NoSuchElementError: An element could nup to 0 ms for condition
[debug] &amp#27;[35m[JSONWP Proxy]&amp#27;[39m Matched '/element' to command name 'findElement'
[debug] &amp#27;[35m[JSONWP Proxy]&amp#27;[39m Proxying [POST /element] to [POST http://localhost:8201/wd/hub/session/5a27c767-9791-4751-872d-2ed612cd606d/element] with body: {"strategy":"id","selector":"com.Slack:id/next_button_url_entry","context":"","multiple":false}
[debug] &amp#27;[35m[MJSONWP]&amp#27;[39m Matched JSONWP error code 7 to NoSuchElementError
&amp#27;[35m[HTTP]&amp#27;[39m &amp#27;[37m<-- POST /wd/hub/session/6c033502-fd88-4722-8b5b-92e91949d161/element &amp#27;[39m&amp#27;[31m500&amp#27;[39m &amp#27;[90m54 ms - 164&amp#27;[39m
&amp#27;[35m[HTTP]&amp#27;[39m &amp#27;[90m&amp#27;[39m
&amp#27;[35m[HTTP]&amp#27;[39m &amp#27;[37m-->&amp#27;[39m &amp#27;[37mPOST&amp#27;[39m &amp#27;[37m/wd/hub/session/6c033502-fd88-4722ot b-8b5b-92e91949e located on the page using d161/element&amp#27;[39mthe given searc
&amp#27;[35m[HTTP]&amp#27;[39m &amp#27;[90m{"using":"id","value":"com.Slack:id/next_button_url_entry"}&amp#27;[39m
[debug] &amp#27;[35m[W3C]&amp#27;[39m Calling AppiumDriver.findElement() with args: ["id","com.Slack:id/next_butth parameterson_url_entry".
&amp#27;[35m[MJSONWP]&amp#27;[39m     at An,"6c033502-fd8droidUiau8-4722-8b5b-toma92e91949d161"]
[debutog]r2Dr &amp#27;[3iver.callee$0$0$ (/usr/local/lib/node5m[BaseD_moduleriver]&amp#27;[39m Valid locs/appator strategieium/s for this request: xpath, id, class name, accessibility id,no -ade_ndmoroidules/appium-android-driver/lib/commands/find.js:75:11)
&amp#27;[35m[MJSONWP]&amp#27;[39m     at tryCatch (/usr/local/lib/node_modules/appium/noded uiautomator
[debug] &amp#27;[35_modum[Baseles/babeDril-runtime/regeneratver]&amp#27;[39m Waior/runtting up to 0 ime.jms for condition
[des:67:40)
&amp#27;[35m[MJSONbug] &amp#27;[35m[JSONWP ProWP]&amp#27;[39m     at GeneratorFunctionPrxy]&amp#27;[39m Maototype.invoke [as _invoke] (/usr/local/lib/node_modutched '/element' to commanles/appium/node_modules/babel-runtime/regenerator/runtime.js:315:22)
&amp#27;[35m[MJSONWP]&amp#27;[39m     at Gd name 'findElement'
[debug] &amp#27;[35m[JSeneratorFunctionPrototype.prototype.(anonymous fONWP Prunctioxy]&amp#27;[39on) [asm Proxyin thg [row] (/usr/loPOSTcal/lib /element] to [POS/node_modT http://locules/appium/nalhoode_modules/babel-runtime/regenerator/runtime.st:8201/wd/hub/session/js:100:21)5a27c767-9791-4751-872d-
&amp#27;[35m[MJSONWP]&amp#27;[39m     at GeneratorFunctionPrototype.invoke (/usr/local2ed612cd606d/element] with body: {"strategy":"id","selector":"com/lib/.Slack:id/next_button_url_entry","conodentex_modules/appium/node_modules/babel-runtime/regenerator/runtit":"","multiple":false}
me.js:1[debug] &amp#27;[35m[MJSONWP]&amp#27;[39m Matched JSONWP error code 7 to NoSuchElementError
36:37)
&amp#27;[35m[MJSONWP]&amp#27;[39m Enc&amp#27;[35m[ountered internal error running command: NoSuchElHTTP]&amp#27;ementError: An [39m &amp#27;[37m<-- POelement ST /wcould d/hub/sessinoon/6c0335t be loca02-fd88-4722-8b5b-92eted on the page using the given search parameters.
&amp#27;[35m[MJSONWP]&amp#27;[39m     at AndroidUiautomator2Driver.callee$0$0$ (/usr/local/lib/node_modules/appium/node91949d161/ele_moment &amp#27;[39m&amp#27;[31m50dul0&amp#27;[39m &amp#27;[es/90m31 ms - 164&amp#27;[39m
appium-andro&amp#27;[35m[HTTP]&amp#27;[39m &amp#27;[90m&amp#27;[39m
&amp#27;[35m[HTTP]&amp#27;[39m id&amp#27;[37m-dri-->&amp#27;ver/lib/co[39m mmands/find.js&amp#27;[37mP:75:11)OST&amp#27;[39m
&amp#27;[ &amp#27;[37m/wd/hub/s35m[MJSONWP]&amp#27;[39m     at tryCatch (/usr/local/lib/node_modules/appium/node_modules/essbabel-runtime/regenerator/runtime.ion/6c033502-fd88-4722-8b5b-js:67:40)
&amp#27;[35m[M92e91JSONWP]&amp#27;[39m     at GeneratorFunctionPrototype.invoke [as _invoke] (/usr/local/lib/node_modules/appium/node_modules/949d161/element&amp#27;[39m
&amp#27;[35m[babel-runtimHTTP]&amp#27;e/re[39mgenerator/runtime.js:315 &amp#27;[:22)
&amp#27;90m{"u[35m[MJSONsiWP]ng":&amp#27;[39m     at GeneratorFunctionPrototype.prototype.(anonymous function) [as throw] (/usr/l"id"ocal/lib/node_modul,"value":"com.Slack:id/next_button_url_entry"}&amp#27;[39m
[debug] &amp#27;[35m[W3C]&amp#27;[39m Calling AppiumDriver.findElement() with args: ["id","com.Slack:id/next_button_url_entry","6c033502-fd88-4722-8b5b-92e91949d161"]
[debug] &amp#27;[35m[BaseDriver]&amp#27;[39m Valid es/appium/nodlocator strategies e_modules/babel-runtime/regenerator/runtime.js:100:21)
&amp#27;for this [35request: xpath, id, class nam[MJSme, accessibility id, -android uiautONWomatP]&amp#27;[39mor
[debu   g] &amp#27;[35m[BaseDr  at GeneratorFunctionPrototype.invoke (/usr/local/lib/node_modules/appium/node_modules/babel-runtime/regenerator/runtime.js:136:37)
&amp#27;[35m[MJSONWP]&amp#27;[39m Encountered internal error running command: NoSuchElementError: An element could not be located on the page using the given search parameters.
&amp#27;[35m[MJSONWP]&amp#27;[39m     at AndroidUiautomator2Driver.callee$0$0$ (/usr/local/lib/node_modules/appium/node_moiver]dules/appium-andr&amp#27;[39m Waiting up to 0 ms for coid-driver/lib/commands/find.js:75:11)
&amp#27;[35m[MJSONWP]&amp#27;[39m     at tryCatch (/usr/local/lib/node_modules/appium/node_modules/babel-runtime/regenerator/rondition
[deuntbug] &amp#27;[35m[JSONWP Proxy]&amp#27;[39m Matched '/ime.js:67:40)
&amp#27;[35m[MJSONWP]&amp#27;[39m     at GeneratorFunctionPrototype.invoke [as _invoke] (/usr/local/lib/node_modules/appium/node_modules/babel-runtime/regenerator/ruelement' to command name 'findElement'
[debug] &amp#27;[35m[JSONWP Proxy]&amp#27;[39m Proxying [POST /element] to [POST http://localhost:8201/wd/hub/session/5a27c767-9791-4751-872d-2ed612cd606d/element] with body: {"strategy":"id","selector":"com.Slack:id/next_button_url_entry","context":"","multiple":false}
[dentime.js:315bug]:22) &amp#27;[35m
&amp#27;[MJSON[35mWP]&amp#27;[39m[M Matched JSONJSWP ONerror code 7 to NoSuchElementErrorWP]&amp#27;
[&amp#27;[35m[HTTP]&amp#27;[39m &amp#27;[37m<-- POST /wd/39m     ahub/session/6c033502-fd88-4722-8b5b-t GeneratorFunctionPro92e91949d161/element &amp#27;[39m&amp#27;to[31m500&amp#27;[39m &amp#27;[90m33 ms - 164&amp#27;[39tym
&amp#27;[35m[HTTP]&amp#27;[39m &amp#27;[9pe.prototy0mpe&amp#27;[39m
&amp#27;[.(ano35m[HTTPnymous f]&amp#27;[39m &amp#27;[37m-->&amp#27;[39m &amp#27;[37mPOST&amp#27;[39m &amp#27;[37m/wd/hub/session/6c033502-fd88-4722-8b5b-92e91949d161/elunement&amp#27;ction) [as t[39m
&amp#27;hrow] [35m[HTTP]&amp#27;[39m &amp#27;[90m{"(/usr/lusiocng":"al/liid","value":b/"comno.Slack:id/next_button_uderl_entry"}&amp#27;_m[39m
[debodulesug] /appium/&amp#27;[35nom[deW3C]&amp#27;[39m_modules/babel Cal-runtime/regeneratling AppiumDrior/rver.unfindElement() with args: ["id","com.Slack:id/next_button_url_entry","6c033502-fd88-4722-8b5b-92e91949d161"]
[debutimg] &amp#27;e.js[35m[BaseDri:100:21)
ver]&amp#27;[39m Valid locator strategies for this req&amp#27;[35m[MJSONWP]&amp#27;[39uest: xpath, m     aid, class name, t Genaccessibility id, -android uieratautomator
[debug] &amp#27;[35m[BaseDriver]&amp#27;orFun[3ctio9m Waiting unPrp toto 0otype.i ms for condnvition
[debug] &amp#27;[oke (/u35m[srJSON/locaWP Pl/lirob/node_xy]mod&amp#27;[39m ules/Matapchepium/node_d 'module/element's/ to babel-runtime/regeneracomtor/runtime.mandjs: name 'f136:indElement'
[d37)
&amp#27;[35mebug] &amp#27;[35m[JSONWP Proxy][M&amp#27;[3JSONWP9m]&amp#27; P[3roxyi9m Eng [POST /element] to [POSncounteredT http:// intlocalheost:rna8201l /wd/erhubror r/seunningssi command: Non/oSuchElementEr5a27c767-9791ro-475r:1-872d-2ed An ele612mecd606d/element] wntith body: {"strat cegyo":"id","selector":"com.Slack:id/nexut_button_url_entry","conteld not be locatext":"","multiple":fd onalse the page using the}
[debug] &amp#27;[3 gi5mven search [MJSONpaWP]&amp#27;rameters.
&amp#27;[35m[M[39m MaJSONWP]&amp#27;[39m   tche d J atSONWP AndroidUiautomator erro2Dr coderiver 7 to N.caloSleuchEleme$0entErr$0$ (or
&amp#27;[35m[HTTP]&amp#27;[39m &amp#27;[37m<-- POST /wd/h/usr/ub/session/6c0lo33502-fd88-4722-8b5b-92e91949cad161/element &amp#27;[3l/lib/9m&amp#27;[31m500node_mo&amp#27;[du39m le&amp#27;[90m23 s/appiums - 164&amp#27;[39m
&amp#27;[35m[HTTP]&amp#27;[39m &amp#27;[m/node_m90modu&amp#27;[39m
&amp#27;[35m[HTTPle]&amp#27;[39m &amp#27;[s/appiu37m-->&amp#27;[39m &amp#27;[37mPOST&amp#27;[39m &amp#27;[37m/wd/hub/session/6c033502-fd88-4722-8b5b-92e91949d161/elemenm-at&amp#27;[39ndm
&amp#27;[35m[HTTP]&amp#27;[roi39m &amp#27;[9d-dri0m{"using":"id","vver/lib/commandalue":s/find"com.Sl.jacs:k:id/75:11)
&amp#27;[3next_5m[MJbutton_url_entry"}&amp#27;[39m
[debugSONW] P]&amp#27;[39m     a&amp#27;[35m[W3C]&amp#27;[39m Calling Appit utmDriver.findElement() with args: ["id","com.Slack:id/next_button_url_entry","6c033502-fdry88-4Catch72 (2-8b5b-92e9/u1949dsr16/loc1"]
[debual/g]li &amp#27;[35m[Bb/naseDriverod]&amp#27;[3e_mod9mul Vesal/aidppium/n loode_mcaodultor strategieess /bfor abelthis re-rquest: unxptime/regeath, id, claneratoss nr/runametime, accessi.jsbility :6id, 7:40)
&amp#27;[35m-a[MJSOndroid uNiWP]a&amp#27;[3ut9mom  at  or a
[t deGenbug]era &amp#27;[35m[BaseDtorFriunver]ct&amp#27;[io39m nProtWaotityping e.up to 0 ms for coinvoke ndit[as _invokione]
[ (de/ubugsr/loc] al/lib&amp#27;[35/node_modulem[s/JSONWappium/node_P Promoxy]&amp#27;du[39m Mles/babel-runtimeatched '/elemen/rt' to commanegenerad ntorame/r 'findElemenuntimet'
[d.js:ebug] &amp#27;[35m[JSONW315P Proxy]&amp#27;[39m Proxyin:22)g [
&amp#27;[35m[MJSONWP]&amp#27;[3POST /element] to [POST http://localhost:8201/9m     at Genwd/hueratorFunctionPrototype.prototype.(anonymob/session/us5a27 function) c767-9791-4751-872d-2ed612cd606d/element] with body[a: {"ss thtrroategy":"id","selectorw] ":"com.Slack:id/next_button_ur(/usr/local/lib/nl_odente_ry","context":"","multiple":false}
[debumog] &amp#27;[35dulem[s/appiuMJSOm/node_moduNWP]&amp#27;[les/babel-39m Matched ruJSONWP error code 7 to NoSuchElementError
&amp#27;[35m[HTTP]&amp#27;[39m &amp#27;[37m<-- POST /wd/hub/session/6c033502-fd88-4722-8b5b-92e91949d161/element &amp#27;[39m&amp#27;[31m500&amp#27;[39m &amp#27;[90m27 ms - 164&amp#27;[39m
&amp#27;[35m[HTTP]&amp#27;[39m &amp#27;[90m&amp#27;[39m
&amp#27;[35m[HTTP]&amp#27;[39m &amp#27;[37m-->&amp#27;[39m &amp#27;[37ntimmPOST&amp#27;[3e/re9m &amp#27;[37m/wd/hub/sessionge/6c0nerator33502-fd88-4722-8b5b-/runti92e9me.js:1949d161/element&amp#27;[39m
&amp#27;[35m[HTTP]&amp#27;[39m &amp#27;[9100:21)
&amp#27;[35m[MJ0m{"using":"iSONd","value"WP]&amp#27;[39m    :"c aomt Gener.SlacatorFunctionPrk:id/otnext_buttootyn_urpel_entry"}.invoke (&amp#27;[39m/u
[dsr/loebug] cal/lib/node&amp#27;[3_modules5m[W3C/appium/node_mod]&amp#27;[39m Calling ulAppiumDres/babel-runtiiver.findElement(me) w/regeniterator/ruh args: ["id","contim.Slame.ck:ijs:136:37)
&amp#27;[35m[MJd/next_button_url_entry","6c033502-fd88-4722-8b5b-92e91949d161"]
[debug] &amp#27;[35m[BaseDriver]&amp#27;[39m ValSONWPid l]&amp#27;[3oca9m Enctor straounttegieresed  for thiints request: ernxpal erraor th, idrunnin, clg commass and: NoSname,uchE accessibility idle, -anmedroidntError: An element co uiuld aunot btomae locattor
[eddebu ong] &amp#27;[3 the page using 5m[the BagiveseDrivn seaer]&amp#27;[39m Waiting up to 0 ms forrc ch parameters.
&amp#27;[35m[onMJSONdiWP]&amp#27;[39tion
m     [dat Aebundroig]d &amp#27;[3Uiaut5om[JSmator2Driver.cONWPal Prolee$0$0$ (/usr/local/libxy]&amp#27;[3/n9m Matched '/element' to command namode 'findElement'
e_[debug] &amp#27;[mod35m[JulesSONWP /aProxy]&amp#27;[39m Proxppying [POST /element] to [POST http://localhosium/node_mot:dules8201/appiu/wd/m-andhub/sroid-drivession/5a27c767-9791-er4751-872d-2ed61/lib/c2cd606d/elementomm] with andsbody: /find{"strat.js:75:11egy":)
"id","selector":"com.Slack:id/&amp#27;[nex35t_buttm[MJSONWP]&amp#27;[39on_url_em    ntry","context a":"t tryCatch (","mult/usr/local/libiple":false}/n
[oddee_modubulesg] &amp#27;/a[3pp5m[iuMJm/SOnode_modNWPule]&amp#27;s/ba[3bel-9mrunt Maimtce/rheeged JSONWnerP atorer/runrotir mec.ode js7 to:67: NoS40)
uc&amp#27;[35hElementm[MJSOErNWroP]r
&amp#27;[3&amp#27;[39m     at5m[HTTP]&amp#27;[39 Gem &amp#27;[37neratorFm<-unctionPr- otPOSTot /wd/hype.invoke [as _invub/sessioke] (/usr/local/lib/nodoe_mn/6c033502-fd88-4722-8bodules/ap5b-92epium/node_m91949d161/odules/babelel-runtime/reemgenerator/runtime.js:315:22)
ent &amp#27;[39m&amp#27;[31m500&amp#27;[39m&amp#27;[ &amp#27;[90m22 ms - 164&amp#27;[335m[MJSONWP]&amp#27;[399mm  
&amp#27;[35m[HTTP]&amp#27;[3  9m &amp#27;[90m&amp#27;[39 at Generatm
&amp#27;[35m[HTTP]&amp#27;[orFunct39ionProtom type.p&amp#27;[rototype.37(anm-->on&amp#27;[39m ym&amp#27;[ous function) [as throw] (37mPOST&amp#27;[39m/u &amp#27;[3sr/lo7m/calwd//lib/node_modules/appium/node_modulehubs//session/6cbabel-ru03ntime/regener3502-fd88-ator/runtime.js:100:21)
&amp#27;[35m[MJSO47NW22P]-8&amp#27;[b5b-92e91949d16139m     a/elemet GeneratorFuncntti&amp#27;[39m
&amp#27;[3onP5m[HTTP]&amp#27;[3rototype.9m &amp#27;[9inv0moke {"using":"(/id","valuuse":r/l"cocom.Slack:id/next_button_url_al/lentry"}ib/node_modul&amp#27;[es/ap39m
pi[debug] &amp#27;[35m[W3C]&amp#27;[39mum Calling AppiumDr/noivdeer._mfiodundElles/baemebent() with al-rgs:run ["itid","com.Slack:ime/reged/neranetoxt_buttonr/runtime.js:136:3_url_en7)tr
&amp#27;[35m[MJy","6c033502-fdSONWP]88-4&amp#27;[39m Encountered in722-8b5bternal error run-92enin9194g 9d16co1"]
mmand:[d NoSebuguch] &amp#27;[35m[BaseDrElemeiver]&amp#27;[39m ntValid loErrcaor: Ator strn eleatment could negiesot be located on the p fage usior thisng request the give: xn search paramepath, id,ter class.
&amp#27;[s n35m[MJSONameWP]&amp#27;[39, accessibilitym     at Andr idoidUi, -android uiautomautomatatoor2Drr
[iver.debucalleg] &amp#27;[35m[BaseDriver]&amp#27;[39m Waiting e$up 0$0$to 0 (/us mr/local/lis fb/or conode_modundition
les[debug/appium/no] de_mo&amp#27;[dules/35m[JSOappium-android-driver/liNWPb/commands/find Pro.js:75:11xy)
&amp#27;[35m[MJSONWP]&amp#27;[3]&amp#27;[39m Ma9m  tc  hed at '/element' tryCatch (/usr/local to co/lib/nmmand ode_moduname 'finles/appium/nodedEleme_modules/babent'
[debug] &amp#27;[35m[JSONWP Prl-roxy]&amp#27;[39m Proxuntying [imePOST /regen/elemerator/rent] tuntime.js:67:o [POST h40)
&amp#27;[35m[MJSONWP]&amp#27;[39ttp://localhost:8201/m     at Gwd/hub/sessioenn/5eraa27c767-9791-4751-872tod-rF2eund61ct2cd606d/elionPrototype.invoke [asement _invoke] (] wit/ush br/ody: {"strategy":"local/lid",ib/n"sodeelec_modules/aptor":"copim.Slacum/nodek:i_modules/babel-runtime/regened/neraxt_butttoon_url_entry","contr/runtime.js:31ext"5:22)
&amp#27;[35m[MJSONWP]&amp#27;[39m     at G:"","multiple":faeneratorFunlscte}
[debuionPrg]ot &amp#27;[35m[MJSONWP]&amp#27;[3otype.9m Matchedprototype JSO.(anonNWP eymousrr functioor code 7 to Nn) [as throw] oSuchElementErr(/usror
&amp#27;[35m[H/localTTP]&amp#27;[39m &amp#27;[37m<-/lib/n- POodST /wd/hub/see_ssimodules/appium/node_modules/babel-runtimon/6c033e/regener502-fd88-4722-8bator/runtime.js:100:21)
&amp#27;[35m[MJSONWP]&amp#27;[39m     5b-92e91949at Gd161/element en&amp#27;[39m&amp#27;[31m500&amp#27;[39m &amp#27;[90m26 ms - 1erato64&amp#27;[39mrFunc
&amp#27;[35m[tionProHTTP]totype.in&amp#27;[3vo9m ke (&amp#27;[90m&amp#27;/us[39m
r/local/lib&amp#27;[35m[/nHTode_moduleTPs/]&amp#27;ap[3pium/node_modu9m &amp#27;[3les/babel-run7m-->ti&amp#27;[39m &amp#27;me[37mPOST&amp#27;[3/r9m &amp#27;[egen37m/wd/herator/ruub/sntimessie.on/6cjs:1033502-fd88-436:37722-8b5b)
&amp#27;[35m[MJSONWP]-92e9&amp#27;[1949d161/element&amp#27;39m[39m
&amp#27;[35m[ EnHTTP]&amp#27;counte[39m &amp#27;[90m{"usreing":"id d"inte,"valurne":al er"comror ru.Slnnack:ing command: NoSuchEleidmen/ntError:ext_butt An eon_ulement coulrl_entry"}d not&amp#27;[ b39m
[debe uglocated on] &amp#27;[35m[W3C]&amp#27;[39m C tallinhe page using the gg AppiumDrivivener.fin sedElarchement p() wiarath metearrs.
&amp#27;[35mgs: [MJ["idSO","cNWP]&amp#27;om.Slack[39m:i     at Ad/nextndroid_bUiautomutton_url_enator2Driver.calltry"ee$0$0$ (/usr/,"6c033lo50cal/2-lifd88-4722-8b5b/node_mb-odul92es/appium/ne9ode_mod1949uled161s/"]appium-android-driv
[debuer/lg] &amp#27;[35m[BaseDriveib/cr]&amp#27;ommands/fi[39m Valindd locator strategies fo.js:7r this re5:11)
quest: xp&amp#27;[3ath5m[MJSO, NWP]&amp#27;id, c[39m   las  at tryCatch (/usr/los namcale, /lib/naccessibility id, -ode_moduandroidles/appium/ uiautnodomator
[debug] &amp#27;[e_35modules/babelm[Ba-runseDriver]ti&amp#27;[me/regenerator/run39m timWaie.jtis:67:ng 40)
&amp#27;[35m[MJSup to 0 ms for ONWP]&amp#27;[39m     conditioat Generatorn
[dFunctionPrebotug] &amp#27;[oty35m[JSONWP Proxy]pe.invok&amp#27;[e [39m Mas _invoke] (/atched 'usr/loca/ell/lib/node_moduement'les/appium/ to command name 'findElnoemede_modunt'
[debug] &amp#27;[35mles/[JSObabeNWl-rP Proxy]&amp#27;[39m unPrtime/oxyreging [POeneratSTor/runtime /elem.js:315:22)
&amp#27;[35men[Mt] toJSONWP [PO]&amp#27;[39m  ST   htt atp: G//eneratlocaorFunclhtiosonPrototyt:82pe.pro01/wdtot/hypeub.(a/snonessionymo/5a27c767-9791-4751-8us72d- fu2ed612nccd6tion) [as throw06d/el] (/usr/local/lement] withib/no bodyde: {"s_modules/appium/ntrateodegy":"id"_mo,"sedulector":"com.les/babel-runtime/Slack:id/nreexget_nerabutottr/onruntime._ujs:100:2rl_entry"1)
&amp#27;,"context"[35:"","mulm[MJtiple":false}
[SOdebuNWg] &amp#27;[3P]5m[MJS&amp#27;[39m ONW    atP]&amp#27;[39m Matche Generad JtorFunSOctioNWnPP rototype.erinvoke (/usr/local/lib/node_modules/appium/node_modulroes/babel-rur cntimode 7 to e/regNoSuchElementError
&amp#27;[35m[HTTP]&amp#27;[3en9m &amp#27;[37merator/<--runtime POST .js:13/w6:37)
&amp#27;[35md/hub/session[MJSONW/6c033502-fd88-4722-8b5b-P]&amp#27;92e919[3499m Ed1nco61/elemeuntnt &amp#27;[3er9med internal erro&amp#27;[r runni31m5ng co00&amp#27;[39m mmand: NoS&amp#27;[uch90m27 Elemms -en 16tErr4&amp#27;[or39m: An e
&amp#27;lement could not [35m[bHTTe locatedP]&amp#27;[39 onm &amp#27;[90m&amp#27;[39m
&amp#27;[35m[HTTP t]&amp#27;[39m he p&amp#27;[age 37m-->&amp#27;[using39m &amp#27;[37mPO the gST&amp#27;iven [39msear &amp#27;[3ch parameters.
&amp#27;7m/w[3d/hub5m[MJS/sONWP]&amp#27;[39esm     at AndsiroonidUiau/6tomator2Dc0river3350.c2-alfd88-4le722e$-80$0$ (/usrb5/lb-oc92e919al49/ld161/ib/node_modules/aelemeppiunt&amp#27;[39mm/
&amp#27;[no35m[Hde_modTTules/appiuP]&amp#27;[39m &amp#27;[90mm-an{"using":"id","vdralueoid-":"com.Slack:id/next_button_udriverrl_ent/lry"}&amp#27;[3ib/com9m
[mands/fdeindbu.js:g]75:1 &amp#27;[31)
&amp#27;[35m[MJSON5m[W3C]&amp#27;[39m CallWP]&amp#27;[39ing Appium     atmD trriveyCar.findEtchle (me/usr/local/lnt() wiibth/no args: ["id","com.Slde_acmok:iddules/appium/nod/next_buttoe_mn_urlodul_entry","6c033es/babel-runt502-fimed88-47/r22egenera-8tor/rb5b-92e91949d161"]
[untime.js:67:40)
&amp#27;[35m[MJdeSONWP]&amp#27;[39m    bug at Gen] &amp#27;[35em[BaseDrratorFunctiiver]&amp#27;[39m Valid locator strategies for this request: xpathonP, id, classrototype.invoke [as _invoke] (/usr/ name, accelocssibial/lib/node_modules/appiumlity/n idode_modules, -and/barobel-id uiruautntimeomat/regeneraor
[debug]tor &amp#27;/runti[35m[BasmeeDriver]&amp#27;.j[3s:39m 15:2Wait2)in
&amp#27;g up t[35m[o 0MJ ms SONWP]for condi&amp#27;[39m     atiot n
Generat[deorbuFunctionPrg] ototype.p&amp#27;[35m[JSONWP Proxrotoy]&amp#27;[39type.(anonymous m Matfuncched '/elemetionn) [as throw] (t'/usr/local/lib/node_modules/appi to comummand /node_modnaules/babel-me 'findErulement'
[ntime/redegenerbug] &amp#27;[35m[JSONWPat Proxy]&amp#27;[or/r39m untime.js:100:21)
&amp#27;Prox[35yingm[MJS [POST ONWP]&amp#27;[39m    /e at lement] Geto [neratorPOST Fuhttp://localhnctionPrototype.invoost:8ke201 (/w/usr/local/d/libhub/s/nessioodn/e_modu5a27cles767-/appium/node_modul97es/bab91-4751-8el72d--r2ed6untime/rege12neratorcd606d/ele/rment] witunh body:ti {me.js:136:37)"str
&amp#27;ateg[35y"m[MJS:"id","selector":"com.SlaONWP]&amp#27;[ck39:id/next_butm ton_urlEncountered internal _eerror runnntry","context":"","multiple":finalg comse}
[dmaebug] &amp#27;[35m[MJSONnd: NoWP]&amp#27;[39m MSuchEatched JSONWP error clementError: An element could ode 7 to NoSuchElementError
&amp#27;[35m[HTTP]&amp#27;[39m &amp#27;not be [37lom<--cated on th POST /wd/e page using the given search hub/sessiparamon/6c0eters.
&amp#27;[35m[M33502-fd88JS-472ONWP]&amp#27;[39m    2-8b5b at And-92e919roidUiautomator2Driver49d16.callee$1/elemen0$0$ t &amp#27;[3(/usr/l9m&amp#27;[31m500ocal/&amp#27;[lib/39m &amp#27;[90m31 ms - 164&amp#27;[node39m
&amp#27;[35m[_modules/apHTTP]&amp#27;[pium/node_m39odules/appium-android-driver/lib/m &amp#27;[90commandm&amp#27;[39m
&amp#27;[35m[HTTP]&amp#27;[39m &amp#27;[s/37finm--d.js:75>&amp#27;[39m:11)
&amp#27; &amp#27;[35m[[37mPOST&amp#27;MJSONWP[39m &amp#27;[3]&amp#27;[39m7m/     at tryCwd/hubat/sessionch/6c033502 (/u-fd88-4722-8b5b-92e91949d161/elemensr/loct&amp#27;[39m
&amp#27;[35mal[HTTP]&amp#27;[39/lib/nm &amp#27;[90m{od"use_moding"ules:"id",/a"value":"com.ppium/noSlde_moack:id/next_buttoduln_url_entres/babel-runy"}&amp#27;[39m
[debug] time&amp#27;[/r35egenerm[atorW3C]/ru&amp#27;[ntim39m Calle.jsin:67:4g 0)Ap
&amp#27;[35piumDriver.findElement() m[with MJSargs:ONWP]&amp#27;[39m     at  ["idGe","necoratom.rFunctSlioacnProk:totyid/nexpe.invt_buttooken_ [uras _invokl_entry",e]"6c03 (/usr/l3502-focd88-472al2-8b5b-92e91/lib949d1/node61_m"]
[odudebugles] &amp#27;[/a35m[BappiseDrum/node_modules/babel-iveruntr]ime/regener&amp#27;[39m Valiatd locator stor/rurategies for thisntim request: xe.patjs:h,315:22) id,
&amp#27;[35m[ class nMJSOName,WP]&amp#27;[ access39m     at ibility Geneid,ratorFunct -andionPrototyrope.pid uiautomrototypeator.(ano
[dnymous funebug] &amp#27;ctio[35m[Bn)aseD [ariver]&amp#27;[39m Was tithrow] (/ing usupr/local/lib/node_modu to les0 ms for con/appiumdit/node_modules/bioabel-run
[ntidebug] &amp#27;[35m[JSONWP Proxy]me/regenerator/runt&amp#27;[39m Mimeatched '/element' t.js:o comm100:21)
&amp#27;[and name 'findEle35m[MJmenSOt'
NWP[debu]&amp#27;g] &amp#27;[35m[[39m   JSONWP Pro  axy]&amp#27;[39m Proxying [POST /elemet Genntera] torFuto [POST htnctionPtp://localhost:8201/wd/hub/session/ro5a27c767-979tot1-475ype1-872d-.in2ed612cd606vod/elemeke (/usr/locantl/l] with body: {ib"s/ntrode_moategy":"dules/appiumid","selector":"com.Sla/node_ck:imodules/babel-runtd/next_imbuttoe/rn_url_entry","context":"","multipegle":falsene}er
[debug] &amp#27;[at35orm[M/runtJSONWPime.j]&amp#27;[39s:13m Matc6:he37)
&amp#27;[35d JSOm[MJNWPSON error code 7WP] to No&amp#27;[Su39chm ElEncountemerented iError
&amp#27;[35m[Hnternal erroTTP]r run&amp#27;[39nim &amp#27;[37m<-- POST /wd/hub/sesng cosion/6c033502-fd88-4722-8bmman5b-d: NoSu92chElemente9Er194ro9dr: An element c161/ouelemenld nott  be locate&amp#27;[39d om&amp#27;[31m5n 00&amp#27;[the pa39m &amp#27;[90m28 gems - 164&amp#27;[3 u9m
&amp#27;si[35ng the gm[HTTiven searcP]&amp#27;[h param39met &amp#27;[90m&amp#27;[ers.
&amp#27;39[35m[MJSONWP]&amp#27;[39m m
    &amp#27;[3at Andro5midU[HTTP]&amp#27;[ia39m &amp#27;[37m-->&amp#27;[3utomator2D9mriv &amp#27;[37er.callee$0$mPOS0$T&amp#27;[3 (/usr/lo9mcal/li &amp#27;b/no[37m/wd/hub/sdeession/6_modc033502ule-fd88-4722-8b5b-s/appium/node_modu92les/e91949apd1pium61/-aneldroid-drivemer/lib/cenomt&amp#27;[39mmands/find.js:75:11)
&amp#27;
&amp#27;[35m[3[MJS5mONW[HTTP]&amp#27;P]&amp#27;[39m [39  m &amp#27;[  90m{"using"at:"id"," trvayClue":"com.Slatcack:idh (/usr//nloextca_buttl/lion_b/nurl_eodntry"}e_mo&amp#27;[3dule9m
[debug] &amp#27;[35ms/ap[W3C]&amp#27;[39mpium/ Cnode_modules/babel-runtime/alregenerator/runtlingime.js:67: A40)
&amp#27;[35m[MJSppiumDriver.findEleONWP]&amp#27;[ment39m() with      at GeneratorFargs: ["idun","com.Slack:idctionP/nextroto_butype.invoktte [as _invonok_ure]l_entr (/usy"r/l,"ocal/lib/no6c033502-fdde_modul88-4722-8b5b-92e91949d161es/appium"]
[d/node_modebug] &amp#27;[35m[Bules/babeaseDril-ver]&amp#27;runtime/r[39meg Valid loceneatoratorr /rstrateuntime.js:315:22)
&amp#27;gies for[35m[MJS thisONWP]&amp#27; req[3ues9mt:      at Generaxpath, id,torFunctionProtot class nypeam.pre,otot accypesse.(anoibility nymoid, -andrus foid uuniautctiooman) [tor
[as throw] (/usder/locbug] al&amp#27;[35m[BaseDriv/lierb/no]&amp#27;[de_modules/appium/no39de_mom duWaiting ulep to 0 ms fos/bar condition
[bel-runtdebug] &amp#27;im[35m[Je/regSONWPene Proxy]&amp#27;rat[3or9m Matched/ru '/element'ntim to e.js:100comman:21)
&amp#27;d name[35m 'findElement'[MJSO
[NWP]debug]&amp#27;[ &amp#27;[3539m  m[JSON  WP Pro at xy]&amp#27;[39m GeneratoProxyrFuning [POctionPST rototy/elepe.invoke (/usr/local/ment] tlib/no [ode_POST htmodules/appium/notpde_modules://bab/localhost:8201/el-runwd/hutib/session/5a27c76me/r7-9791egen-4erator/751-872d-2edru612cdntime.js:60613d/e6:le37)
&amp#27;[35m[MJment] with SONboWP]dy&amp#27;[39m Enco: untered i{"sntertratenalgy":" eid","selector":"crroom.Slr ack:id/nextrunning command:_butto Non_Suurl_echElementntError: ry","cAn eleontext":"","multment could not be iple":falocalstee}d 
[on the pagdebug] &amp#27;[35e um[MJSONsing the given WP]&amp#27;search[39m  pMatcharameters.ed JSONW
&amp#27;[35m[MJSONWPP err]&amp#27;[39mor    code 7   tato N AndrooSuidUiautochEmator2Drivlementer.cErroaller
&amp#27;[35m[HTTP]&amp#27;[e$0$0$39m &amp#27;[3 (7m<-/u- sr/POlocal/lib/node_modulSTes/appium/node_mod /wd/huules/appium-androib/sed-drivession/r/l6c033502-fd88-4722ib/com-8b5bmand-92e91s/find.js:75:11)949
&amp#27;d161[35m[MJS/element ON&amp#27;[3WP9m&amp#27;[]&amp#27;31m500&amp#27;[3[39m 9m &amp#27;[90m2  5 ms   at- 164&amp#27;[39m tryCatch (/usr/local/lib/node_
&amp#27;[mo35mdules/app[HTTP]&amp#27;[ium/no39m &amp#27;[90m&amp#27;de[39_modules/babm
&amp#27;[35el-runtm[ime/reHTTP]&amp#27;ge[3ne9m &amp#27;ra[3to7mr/-->&amp#27;[39m &amp#27;[37mPruntime.OST&amp#27;[39m js:67:40)&amp#27;[37m
&amp#27;[35m[/wdMJSONW/hub/P]session/6c033502-fd88-4722-8b5b-&amp#27;[39m    92e9194 at 9dGenera161/eltorFunement&amp#27;ctio[39nProtm
&amp#27;[35m[otypHTTPe.invoke [as ]&amp#27;_in[39m &amp#27;voke] ([90m{/usr/local/l"uib/node_modsingules":"id"/appiu,"vam/node_modules/babelue":l-"comrunt.Slimack:ide/re/nextgenerato_butr/tonru_urlntime.js:315_entry:2"}2)&amp#27;[
&amp#27;[35m[MJSON39WPm
[d]&amp#27;[39m  eb   at Gug] &amp#27;[3ener5matorFunctionPrototype[W3C].p&amp#27;[39rototype.m (aCallnoing AppiumDrinymous funcver.fition) [as thrownd] (/Element(usr/local/lib/n) ode_modwitulh es/appargsiu: m/n["odeid","c_momodul.Sles/ack:idbabel-run/netime/xtreg_enerator/runbutttime.js:on_url_entry","6c033502-fd88-104722-8b5b-92e91949d10:2161)
&amp#27;"][35m[MJS
[debug] &amp#27;[35mON[BWP]&amp#27;[39m     at GeneraseDatriveror]&amp#27;Fu[3ncti9monProto Vatylid peloca.invtor soktre (/usr/loatcalegies for this req/lib/nuesode_modules/appium/nt:od xpae_th, imodud,les/ba cbel-runtimelass /rnaegenerame, accessibilitytor/ id, -runtimandroie.js:136:37)
&amp#27;[35m[Md uiaJSONWP]utomator
[deb&amp#27;[ug] &amp#27;[39m Encounte35red internal m[BaseDriver]error runnin&amp#27;[39m Waig command:ti NngoSuc uhEp to 0 ms for condiletimenton
Err[deor: Anbu element could not be g]located o &amp#27;[35m[n the pJSONage usingWP Proxy]&amp#27;[39m Matched '/element' to command name 'findElement'
[debug] &amp#27;[35m[JSON the WP given searchProxy param]&amp#27;eters.
&amp#27;[3[35m9m P[MJSONWroxyP]&amp#27;[ing [P39OST m /e    atleme AndroidUiautomatont] tor2Driver.callee$ [POST0$0$ (/ htusrtp/lo:/cal/li/locb/alnohost:8201/de_mowddule/hus/b/seapsspiion/5a27c767-9791-um/n4ode_75mod1-ules872d/a-2ed612cd6ppi06dum-a/element] withndroid bod-dy: {"strariver/lteib/cogymman":"id","selds/fiectornd.":"js:75:11com.Slac)
&amp#27;[3k:id/5m[MJSONWP]&amp#27;[39m     at tryCatch next_(/ubutton_url_entrsr/loy","context"cal/:"","multipllib/node_me"odu:falelse}s/
[adebug] &amp#27;pp[35m[MJSOium/NWP]&amp#27;[39node_modules/m babeMal-runtimtce/regheend JSerONWatP erroor/runtimer code.j 7 ts:67:4o0) NoSuc
&amp#27;[hE35m[leMJmentErroSONWP]&amp#27;[39m r
&amp#27;[35m[HTTP]&amp#27;[39m &amp#27;[37m<-- POST /wd/h    at Geneub/sratorFunctioenProtssiootype.inn/6vokec033502-fd88-4722-8b5b-92e91949d161/element &amp#27;[39m&amp#27;[ [as _31m500&amp#27;[39m &amp#27;[90m30 ms - 164&amp#27;[39minvoke] (/usr
&amp#27;[35m[HTTP]/&amp#27;[39m &amp#27;[90m&amp#27;[39m
&amp#27;[35m[HTTP]&amp#27;[39local/lib/node_modules/appium/nodm &amp#27;[37e_modules/babel-runtime/regenerm-->&amp#27;[ator/runtime.js39m &amp#27;[37mPO:3ST&amp#27;15:22)
&amp#27;[35m[MJSONWP]&amp#27;[39m     at GeneratorFunctionProt[39m &amp#27;[37m/wd/hub/sessiootype.prototype.(anonymous function) [as throw] (/usr/local/lib/node_modules/appium/node_mon/6c033502-fd88-4722-8b5b-92e91949d161/element&amp#27;[du39mles/bab
&amp#27;[35m[el-runtime/reHgenTTP]&amp#27;[39m &amp#27;[9erator0m/r{"untime.js:100:21)
using":"id&amp#27;[35m[","vMJSONWP]&amp#27;[39m     at Genealue":"com.Slack:id/next_button_url_eratorFunctionPrototype.ntryinvoke (/"}&amp#27;[3u9sr/local/m
[debug] &amp#27;[35m[W3C]&amp#27;[39m Callinlib/node_modules/appium/node_modules/babg Appel-runtime/iumDrriver.findElement(egenerato) with args: ["ir/runtime.js:13d","com.Slack:id/next_button_url_entry","6c033502-fd88-47226:37)
&amp#27;[-8b35m[M5b-92e91949d161"]JSONWP]&amp#27;[3
9[debugm En] &amp#27;[co35untered intm[Basernal error runninge coDriver]mmand: NoSuchElementErro&amp#27;[3r:9m Valid l An element occould not atbe loor strategies catedfor this r on tequest: he page usingxpath the giv, iden searc, clh asparas name, accessmeters.
&amp#27;[35m[MibiliJty SONWP]&amp#27;[39m     aid, t -android uiautomator
[debug] &amp#27;[35m[BaAndroidUiausetoDrmiver]ator2Dri&amp#27;[ve39m Wr.callaiting up toee$ 0 0$ms0$ for (/usr/local/lib/node_modules/appium/node_m conodules/appium-android-ddirivertion
[de/lbugib/command] &amp#27;[s/find.js:35m[JSONWP Proxy]&amp#27;[39m Matched '/elem75:11)ent
&amp#27;[35m[MJSONWP]&amp#27;[39m     at tryCatch (/usr/local/lib/node_modules/appium/node_modules/babel-runt' to command name 'findElement'
[debime/regeneraug] &amp#27;[35m[JSONWP tor/runtProimxy]&amp#27;[39m Proxyinge.js:67:4 [POS0)
&amp#27;[3T /e5m[MJlemSONWP]ent] to [POST h&amp#27;[39m     at GeneratorFttp://localhosunctionPrototype.invoke [as _invoke] (/usr/t:8201/wd/hulocal/lib/nodeb/se_modules/appium/node_modssion/5aul27c767-9791es/b-4751-87abel-ru2d-ntime/r2ed612cd606d/element] with body: {"strategy":"id","selector":"com.Slack:id/next_button_url_entry","context":"egenerat","multiple":for/rualse}
[debug] ntime.js:315:22)
&amp#27;[35m[&amp#27;[MJSONWP]&amp#27;[39m Matche35d JSm[MJSONONWWP error codP]&amp#27;[39m     ae 7 to NoSuchElementEt Generrror
&amp#27;[35m[HTTP]&amp#27;[39atm &amp#27;[3orFu7m<-- PnctioOST /wd/hub/sessinProton/6c033502otype.p-fd88-47roto22-8b5b-type.(92e91949d161a/enonymolemus feunction) [as thrnt &amp#27;[39m&amp#27;[31m500&amp#27;[39m &amp#27;[90m33 ms - 164&amp#27;[39om
&amp#27;[35m[HTTP]&amp#27;[39w] (/usr/local/lim &amp#27;b/node_mod[90m&amp#27;[39m
&amp#27;[35m[HTTP]&amp#27;[39m &amp#27;[37m-->&amp#27;[39m &amp#27;ules[37mPOST&amp#27;[39m &amp#27;[37/appium/wd/hub/session/6m/node_modules/babel-runtime/regenerator/runtime.js:100:2c033502-fd88-4722-8b5b-92e91949d161/element&amp#27;[39m
&amp#27;[35m[HTTP]&amp#27;[39m &amp#27;[90m{"using":"id","value":"com.Slack:id/next_bu1)
&amp#27;[35m[MJSONWP]&amp#27;[39m     at GeneratttonorFunctio_url_entry"}&amp#27;[39m
[denPrototybug]pe.invoke (/usr/l &amp#27;oc[35m[W3C]&amp#27;[39m Calling Appal/lib/noiumDriver.findElement() witde_modh args: ["id","com.Slack:id/neulext_s/button_urappiuml_ent/nodery","6c033502-_modules/babel-runtfd8ime/regen8-4722-8bera5b-92e91949d161"]
tor/run[detime.js:1bug] &amp#27;[35m[BaseDriv36:37)
&amp#27;[3er]&amp#27;[395m[Mm JSONWP]Valid l&amp#27;[39m Encountocator sterrateged intieernal es for trrhis reqoru running commaesnd: Not: xpSuchath,Ele id,mentEr clasrors: An element could not be located on the pa nge using the gamive, accessibility id, -en search parandroamid uietersau.
&amp#27;tomato[35m[r
MJSON[dWP]&amp#27;[39m ebug  ] &amp#27;[  at35 Am[BaseDndroriver]&amp#27;[39m WaiidUiting uautp to 0 omator2Drivemsr.calle e$0$0$ (/usr/local/lib/nfor codonditie_on
[debug] &amp#27;[35mmodu[JSONWP Proxy]&amp#27;[39m Matched '/elleement' to commands/ name appium/node_'finmodules/appium-android-driver/lib/commands/finddEl.jement'
[debus:75:g] &amp#27;[3511m[JSONWP )
&amp#27;[35m[MJSONWP]Proxy]&amp#27;[39m Prox&amp#27;[39ying m  [PO   at tryCatcST /ehlement]  (/usr/local/to [lib/nPode_moduOSles/apT http://localhospium/node_modules/babel-runtime/regenerator/runtime.js:67:40)
&amp#27;[35m[MJSONWP]&amp#27;[39m     at Generatort:8FunctionPro2totype.in01voke [as _invoke] (//wdusr/hu/lob/cal/lib/node_modules/appium/node_modulesession/5a27c767-9791-475s/b1-872dabel-r-2ed612cd606d/element] with bodyu:ntime/re {"strategygenerator/runtime.js:315:22)
&amp#27;[35m[MJSONWP]&amp#27;[39m     at GeneratorFunctionPrototype.protot":"yid",pe.(anonymo"selector":"cous fm.Slack:id/next_button_url_entry","context":"unction) [as throw] (/usr/local/lib/node_modules/appiu","multm/noipde_modulle":fes/balsabel-e}
[debug] &amp#27;[35m[MJSOrunNWP]&amp#27;[39m Matched JSONtime/regenerator/runtime.js:100:21)
&amp#27;[35m[MJSONWP]&amp#27;[39m     at GeWP error coneratorde 7 to NoSuchElementErFunctionPrototype.invokeror
&amp#27; (/usr/local/lib/node_modules/ap[3pium/node_modules/babel-runtime/regenerator/runtime5m[HTTP].js:1&amp#27;[336:39m &amp#27;[737m<-- POST /w)
d/&amp#27;[35m[MJSONWP]&amp#27;[39m Enchub/session/6c033502ountered internal-fd88-4722-8b5b-92e91949d161/element &amp#27;[39m&amp#27;[31m500&amp#27;[3 e9mrror running comm &amp#27;[90m28 ms - 164&amp#27;[39m
&amp#27;[35mand: N[HTTP]&amp#27;[39m &amp#27;[90oSuchm&amp#27;[39m
&amp#27;[35m[HTTP]&amp#27;[39m &amp#27;[37m-->&amp#27;[39m &amp#27;[37mPOElementError: An ST&amp#27;[39melement could not be &amp#27;[37m/wd/ located on thub/session/6ch033502-fd88-4722-8b5b-92e91949d161e page u/elemensing t&amp#27;[39m
&amp#27;the given [35m[HTTP]&amp#27;[39m search pa&amp#27;[90m{"using":"id"ramet,"ers.
&amp#27;[35m[MJSONWP]&amp#27;[39value":"com.Slack:id/next_button_url_entrm     at Androy"}&amp#27;i[dUi39m
[deautomatobug] &amp#27;[35m[W3C]&amp#27;[39m Calling AppiumDriver.findElement() with r2Driver.callee$0$0$ (/usr/local/liargs: ["id","com.Slack:idb/node_m/next_button_urlodules/appiu_entry","6c03350m/node_modules/appium2-fd88-4722-8b5b-92e91949d161"]
[debug] &amp#27;[35m[BaseDriver]&amp#27;[39m Valid locator strategies for this request: xpath, id, class name, accessibility id, -android-android-driver/l uiautomator
[debug] ib/&amp#27;[35m[BaseDriver]&amp#27;[commands/f39m Waiind.js:75:11)
ti&amp#27;[ng up t35mo 0 ms [MJfor conSOdiNWP]&amp#27;[39m     at tryCtiatconh (
[debug] &amp#27;[35m[JSONWP Proxy]&amp#27;[39m Matched '/element' to command name 'findEle/usr/ment'
[debug] &amp#27;[35m[JSONWP lProxy]&amp#27;[39m Procal/lib/oxnode_moduleying [POST /es/appium/node_modules/babel-runtilement] to [POST me/regeneratohttpr/runtime.js:67:40)
&amp#27;[3://localhost:825m[MJS01/wd/hub/seONWP]&amp#27;ssion/5a27c[39m   767-9791  at GeneratorFunctionPrototype.in-4751-872d-2ed612cd606d/elevoke [menast] with body: {"strategy":"id _i","selectnvoke]or": (/"uscomr/local/lib/node_modules.Slack:id/next_button_url_entry"/appium/node_modules/babel-runtime/reg,"ceneraontextto":"","mulr/runtimtiple":false}
[debug] &amp#27;[35m[MJSONWP]&amp#27;[39m Mae.js:3tched JSONW15:22)
&amp#27;[35m[MJSONWP]&amp#27;[39m     at P errGeneor code 7 to NoSuchElementError
&amp#27;ratorFunctionPrototype.prototyp[35m[HTe.(anonymous function) [as throwT] (/usr/lP]ocal/lib/node_modules/appium/node_modules/babel-runtime/regen&amp#27;[39m &amp#27;[37m<-- POSerator/runtiT /wd/hmeub.j/session/6sc0:100:2331)
&amp#27;502[35m[MJ-fd8SONWP]&amp#27;[39m    8-4722-8b5b-92e at 91GeneratorFunc949dtionPr161/element &amp#27;[39m&amp#27;[31m500&amp#27;[39m &amp#27;[ototype.90minvoke26  (/ums - 164&amp#27;sr/loc[39m
&amp#27;[al/li35b/node_m[HTTP]&amp#27;[39m &amp#27;[90modules/appium/nom&amp#27;[39m
d&amp#27;[35e_modules/babel-runtimem[HTTP]/regene&amp#27;[3rator9m &amp#27;[37m-->&amp#27;/ru[39ntime.m &amp#27;[37mPOST&amp#27;[js:136:37)
&amp#27;[35m[MJSONWP]&amp#27;[39m Encountered39m &amp#27;[37m/wd/hub/se internal error runnssioning command: NoSuchElementError: An el/6c033502-fd88-4722-8b5b-ement co92e91949d161/element&amp#27;[39m
&amp#27;[35m[HTTP]&amp#27;[39m &amp#27;[9uld not be loca0m{ted o"using":"id","value":"con the page usm.Slack:iing thed/next_ gbutton_uivenrl_ sentryea"}&amp#27;[39m
[drch ebparameters.
ug] &amp#27;[&amp#27;[35m[MJSONWP]&amp#27;[39m    35m[W3C]&amp#27;[39m Call aing t AppAndiumDrroiivdUiauter.findomatoEler2ment() wDriver.cith aallee$0rg$0$s: (/u ["id",sr/loc"cal/lib/noomde_m.Slackod:id/next_buulttoes/appium/n_url_entnode_modules/appiury","6c033502-fd88-4722-8b5b-92e91949d161"]
[debug] &amp#27;[35m-andromid-dri[Baver/lib/commands/find.js:75:11)
&amp#27;[35m[MJSONWP]&amp#27;[39m     at tryCatsech (/usr/loDriver]&amp#27;[39m Validca lol/clib/node_modules/appium/ator stratnoegiedes for_module ts/bhis rabel-equest: xpathru, ntid, class name, accessibiliimty id, -ane/regedronerid uiautatoomar/runtitor
[debume.g] &amp#27;[35m[Bajs:6seDri7:4ver]&amp#27;[39m Waiting up 0)
&amp#27;[35m[MJSONWP]to 0 ms for &amp#27;[39m    condition a
[debug] &amp#27;[35m[JSONWP Proxy]t GeneratorFunctionPrototype.invoke [as _invoke] (/&amp#27;[39musr/ Mlocatchal/lied '/element' b/noto comde_modules/appmand namiume /node_modu'findElles/bementabel-runtime/r'
[debug] &amp#27;[35m[Jegenerator/runtimeSONWP Proxy]&amp#27;.js[39m Prox:315ying :2[POST /element]2)
&amp#27;[35m[MJS toONW [PP]&amp#27;[39mOST      athttp://localhost:82 GeneratorFunctionPrototype.prototype.(anon01/wymod/hub/sesus function) [as throw] (/usr/local/lib/node_modules/appium/node_modules/babel-runtimesion/regene/5a27c767-9791-4751-872d-2ed612cd606d/eralemetornt] /rwith body: {"strauntime.js:tegy"100:21)
&amp#27;[35m[MJSONWP]&amp#27;[3:"9m     at GeneratorFuid","selector":nctio"cnPom.Srolacktotype:id/next.inv_buttookn_url_e (/usrent/lry","occonal/ltextib/node_modul":"","es/appium/nodmultipe_modulle"es:fals/babele}-r
[debuung]time/ &amp#27;regenerato[35m[Mr/runtime.JSjs:136:37)ONW
&amp#27;[35P]&amp#27;[39mm[ MatMJched JSSONWP]&amp#27;[39ONWP erm Eror concountereded in 7tern tal erro Noor running commaSuchEnd: lemNoSuchentErrElemenor
&amp#27;[tError: An 35m[HTTelP]&amp#27;[em39m ent c&amp#27;[3ould not be located on 7mthe <-- Ppage using the giveOST /wd/hn search parameteubrs.
&amp#27;[/s35m[MJSONWPess]&amp#27;[39iom n/6c0    33502-fdat And88roidUiautomator2Dr-4722iv-8b5b-9er.c2e91949d161/element &amp#27;[39m&amp#27;[31m500&amp#27;[39m &amp#27;[90m23 ms - 16allee$0$0$ (/usr/local/lib/node_modu4&amp#27;[39m
&amp#27;[35m[HTTP]&amp#27;[39m &amp#27;[90m&amp#27;[39m
&amp#27;[35m[HTTP]&amp#27;[39m &amp#27;[37m-->&amp#27;[les/appium/node_modules/appium-an39m &amp#27;[37mPOST&amp#27;[39m &amp#27;[37m/droid-driver/lib/commands/find.js:7wd/h5:11)
&amp#27;[35m[MJSONWP]&amp#27;[39m     at tryCatch (/ub/sessusior/local/lib/n/6c033502-fdnode_88modules-4722-8b5b/appium/node_modules/babel-runtime/regenerator/run-92e91949d1tim61/element&amp#27;[39m
&amp#27;[35m[HTTP]&amp#27;[39m &amp#27;[90e.js:6m{"using":"id","val7:40)
&amp#27;[35ue":"com.Slack:m[MJSONid/nexWP]t&amp#27;[_button_url_ent39mry"}&amp#27;[39m     at Generato
[deburFuncg] &amp#27;[35m[tiW3C]&amp#27;[39monP Callinrog AppiumDriver.findElement() with args: ["id",totype.invoke ["com.Slas _invoack:id/knee] (xt/usr/local/lib/no_button_url_edent_modulryes/ap",pium/node"6c033502-fd88-472_modules/b2-8babel-runti5bme/reg-92een91erator94/runti9dme161"]
[d.js:ebug]315: &amp#27;[3522)m[BaseDr
&amp#27;ive[35m[MJSONr]WP]&amp#27;[39&amp#27;[39m Vm al    aid locat Generator torFunctionstraPrototytegipe.prototype.(anonymous function) [as es for this request: xpath, id, class nthrow] (/usr/local/liame,b/ acnode_modcessibiliules/appium/nty id, -android uiautomator
[debugode_] &amp#27;[mo35m[BasduleeDrivs/er]&amp#27;bab[39m Wael-runititng upime/rege tonerator/runt 0 mime.js:100:21)
&amp#27;[35m[s for McondJSitiONWP]&amp#27;[on
[39m     at debug] &amp#27;[GeneratorFu35nctionProtom[JSONtyWP Ppe.inrovoke xy]&amp#27;[39m Ma(/usrtched '/element' to command name '/local/lib/node_modfiules/appiumnd/node_Element'
modul[debug] es&amp#27;[/ba35mbe[JSl-runONWP time/regeneProrator/runtimexy]&amp#27;[3.j9m Pros:13x6:37)
&amp#27;[35m[MJSONWP]&amp#27;[39m Encountered internal error running command: NoSuchElemeying [POST /element] to [POST http://localhost:8201/wd/hub/session/5antErr27or: An elc76ement co7-uld not be loc9791-at475ed on 1-872dth-2ee page using d61the 2cd606d/elementgi] with body:v en {"strategy":"id","selector":"secom.Sarlack:id/next_buttonch parameters.
&amp#27;[35m_url_en[Mtry"JSONWP]&amp#27;,[39"context":"","multim     aple":ft alse}
[dAndreboidUiaug] &amp#27;u[35tomator2Drm[ivMJSONWP]er.cal&amp#27;[3lee$09m$0$ ( M/usratched JSONWP /local/lib/nerroode_moduler code 7 to NoSus/achppium/node_moduElemlentes/appiuErrm-aorndroid-driver/
&amp#27;[35lib/commands/find.js:75:m[HTT11P]&amp#27;[3)
9m&amp#27;[35m[M &amp#27;JS[3ONWP]&amp#27;7m<-- PO[39m  ST /wd/hub/s  es asion/6ct 033502-fd88-4722-8b5b-9tryCatch (/u2e9sr/19lo49cad161/elel/lib/node_mmeodulesnt/a &amp#27;[39m&amp#27;[31ppm5ium/n00od&amp#27;[e_39m modu&amp#27;[90m26 ms - le164&amp#27;[3s/babel9m
-runt&amp#27;[35m[HTTP]&amp#27;[3im9m &amp#27;[e/re90m&amp#27;[39gem
nerator/&amp#27;[35mruntim[HTTP]&amp#27;[39m &amp#27;[37e.jm-->&amp#27;[39s:67:40)
&amp#27;[35m[m &amp#27;[MJS37mPOST&amp#27;[ONWP]&amp#27;39[39m   m &amp#27;[37m/wd/  at hubGen/sessieronatorFunctionP/6roc0totype.33502inv-foke [d88-4722-8b5b-92e91949d161/element&amp#27;[39m
&amp#27;[35m[HTTP]&amp#27;[39m &amp#27;[90m{"using":"id","valuas _ine"voke:"] com.(/uSlack:isr/ld/ocal/lib/node_modulnees/axt_bppium/utnotoden_url_en_modules/babetrl-runtime/y"reg}&amp#27;en[39m
[debugerator] /r&amp#27;[un35time.jm[s:W3C]&amp#27;[3319m Calling Appium5:22Driver.findElement() with arg)
&amp#27;[35m[MJSONWP]s: ["id","com.Slack:i&amp#27;[39m     ad/next_button_urlt GeneratorFunc_entrtionProy","6ct03otype.pro350totype.(anonymous fu2-fd88-4722-8b5b-92e91949d161"]
[debug] &amp#27;[35m[BaseDriver]&amp#27;[39m Vncaltiidon) [as locat tor strhrow] (/uatesr/logies for this cal/lreib/nquestode_: xpath, id,modu clasles ns/aame, accessippibilitumy id,/n -androode_modules/id uiautomatobar
[dbeebug] &amp#27;[3l-5m[Basruntime/reDegriverenerator/]&amp#27;[ru39m Wantimeiting.js:100: up 21)
&amp#27;to 0[35 ms m[MJSfor condition
ONW[debugP]] &amp#27;[35m[JSONW&amp#27;[P 39m  Proxy]&amp#27;[  39m Matched '/element'  ato command nt amGene er'findEatlemeorFunt'
nctio[debug]nPr &amp#27;[35m[ototype.invoke (JS/usr/lONocal/lib/nWP Prode_mooxy]&amp#27;[39dum Proxles/aying [POST /ppelement] toiu [POST m/nohttp:/de_mod/lulocalhoesst/b:8201/abelwd/hub/ses-runsion/5a27tic767-9791-me/47regenerato51-r/runti87me.js:2d-2ed61132cd6:37606)
&amp#27;d/e[35m[MJSONWP]&amp#27;lem[39m Eentncounter] ed interwith bodnal y:error running command {":strateg NoSuchEley":me"id",ntErro"sr: Aelecn tor":"comel.Slack:emid/neentxt_button_url_ cenould ntryot","c be lonocateted on txthe": page u""si,"multiple":ng the given falssearch parame}
[debeterugs.
&amp#27;[35m[M] &amp#27;[35JSOm[MJSONWP]NWP]&amp#27;[&amp#27;[39m39    m Matc athed A JSOndrNWP error code 7 to NoidUiaoSuuchEtomatorleme2DntError
&amp#27;[35river.callem[HTe$0$0$ (/usr/local/lTP]&amp#27;[39m &amp#27;[37m<-- POSTib/n /wd/hub/seodse_modules/appium/node_modules/appium-android-driver/lib/commandssion/6c0335/find.02-fd88-4722-8b5b-92e91949d161/element &amp#27;js:75:11)
&amp#27;[35m[MJSONWP]&amp#27;[39m     [39m&amp#27;[31m500&amp#27;[39m &amp#27;[90m34 ms - 164&amp#27;[39m
&amp#27;[35m[HTTP]at tryC&amp#27;[39atch (/um &amp#27;[90m&amp#27;[39m
&amp#27;[35m[HTTP]sr&amp#27;/l[39m &amp#27;[37m-->&amp#27;[39m &amp#27;[37mPOocal/lib/node_modules/appiuST&amp#27;m/node_modules/babel-r[39m &amp#27;[37m/wdunt/hubime//sessiregenerator/ron/6untime.jsc0335:6702-fd:40)
&amp#27;[35m[MJSONWP]&amp#27;[39m     at GeneratorFunctionPrototype.invoke [as _invoke] (/usr/local/lib/node_modules/appium/node_modul88es/babel-runtime/regenerator-/ru4722-8b5b-92e91ntime.js:315:2949d162)
&amp#27;[35m[MJSONWP]&amp#27;[39m    1/element&amp#27;[39m
&amp#27;[35m[ at GeneraHTTP]&amp#27;[3torF9m unctio&amp#27;[90m{"usinPng":"rototid",ype.pr"valototype.(anonyuemous":" function) [as throw] (/usr/com.Slack:id/next_buttolocal/lib/node_mn_urlodules/appium/node_modules/bab_eel-runntry"time/reg}&amp#27;[3ene9m
rator/r[debug] &amp#27;[untime.35m[W3C]&amp#27;[39m Calljs:100:2in1)
g &amp#27;[35m[MJSONWP]&amp#27;Appi[39m     at GumeneDrivratorFer.findElemenunctionPrototype.t() with invoke (/uarsr/local/ligs: [b/node_modules/ap"idpiu","com/nm.Sode_modules/babellac-runk:id/time/renexget_buttonnerato_url_enr/try"runti,"6me.js:1c03350236:37)
&amp#27;[35m[-fd88-4MJSO722-8b5b-92e9NWP]&amp#27;[319499m d161"]
[Endebug] &amp#27;coun[35m[BaseDrivterered ]&amp#27;in[39m terValid lnaocatol r strategies forerr tor rhis requeunnist: ng commaxpath, id, clasnds name, acc: essNioSuchbiEllitementError: Ay id, -an element ndrcooid uiautomatoruld
[deb not be ug] &amp#27;lo[35m[cateBaseDrid onve the pagr]&amp#27;e [39musing W taithe given seiarcng up to 0h param mseters. for co
&amp#27;[35m[MndiJStiONWP]&amp#27;[39onm 
[    at AndroidUiautdebomug] &amp#27;at[35m[JSor2DONWriver.P Procallexye$0$0$ (/usr/lo]&amp#27;[39m Matched '/elcaeml/lib/noent'de_ to commmodules/appium/node_moduand namles/appie 'fiumndEl-aemnent'
dr[debuoidg] &amp#27;[-driver/lib/commands/fin35d.m[JSjsONWP Proxy]&amp#27;[39m Pr:75:11)
&amp#27;[35oxm[MJSONWP]ying &amp#27;[39m    [P aOST /t tryCaelement] to [POST tch (/http:/usr/local/li/localb/nohost:de820_m1/wd/hubodules/app/sessium/node_moidules/babel-runtime/regenerator/runtimon/5a2e.js:67:40)
&amp#27;7c767-9791-4751-872d-2ed6[312cd605m6d[MJS/elONWP]&amp#27;[39m    emen at Gent] with body: {"strategy":"ierad",torFun"sctionelector"Prototype.invoke [as _inv:"oke] (/usr/com.Slacklo:id/next_butcal/lib/node_moduton_url_entry","cles/aontext":ppiu"","multiple":false}
m/[dnode_moebduleugs/babel-ru] nt&amp#27;[ime/r35meg[MeJSOnerator/runtimNWeP]&amp#27;[3.js:39m Matched JSONWP error15 code 7 :22)
to&amp#27;[3 No5m[MSuJSOchNWP]&amp#27;[39Elm   ementErr  at Genorera
&amp#27;to[3rFu5m[HTnctioTnP]&amp#27;[39m &amp#27;[37m<-- POSProtT otype.prototype.(anonymou/wd/hub/session/6c0335s func02-fd88-4722-8b5b-9tion) 2e919[as t49d161/element &amp#27;[3hrow] (/9m&amp#27;[31musr/local/lib/500&amp#27;[39mno &amp#27;[9de0m31 _modulems - 164&amp#27;[39s/appiumm
/&amp#27;[no35m[de_HTTP]&amp#27;[3modu9m &amp#27;[le90ms/ba&amp#27;[be39l-m
&amp#27;[35m[runtimHTTPe/r]&amp#27;[39m ege&amp#27;[nerat37omr/r-->&amp#27;[39m &amp#27;[37mPOST&amp#27;[39m unt&amp#27;[37m/wd/ime.js:100:21)hub/session/6c033502-
&amp#27;[3fd5m88-47[MJSONWP]&amp#27;[39m22 -8b5b-92    at Gee91neratorFu94ncti9d161/element&amp#27;[39m
&amp#27;onPrototype.[35minvok[HTe (/usTP]&amp#27;[39mr/local/li &amp#27;[90b/nodm{"uesi_modng"ul:"id",es/ap"valuepium/":node_modules/babel-runtime/regenera"com.Stor/rulack:intid/mene.js:136:xt37)_bu
&amp#27;[35m[Mtton_JSurl_entry"}&amp#27;[3ON9m
WP]&amp#27;[39m Encounte[debred intug] &amp#27;ernal error runni[35m[W3C]&amp#27;ng c[39m Caommand: NoSuchElllemeing ApntError:pium DAn elemenriver.t findElementco()uld  wnotith args: [" bid"e locate,"com.Slack:id/next_bud ttoon the pagn_url_eentry","6c033502 u-fd88-472sing the given sear2-8b5b-9ch 2e919para49md161"eter]
[debugs.] 
&amp#27;[35m[MJSONWP&amp#27;[35]&amp#27;[3m[BaseDriver]&amp#27;[39m     9m Valid locator strat AndroidUiaategiutomatores 2Drivefor.r this request: xpathcallee$, id, clas0$s n0$ (/usr/ame, accelocassibl/lib/noility id, -ade_modules/appium/node_ndroid uiautomatmoduor
les[debug] &amp#27;[/a35mppi[BaseDriver]&amp#27;[um-andro39m Waitinid-driveg up to 0 ms for/lib/r condcommandsition
[/fdeind.js:75bug] &amp#27;[:11)35
&amp#27;[35mm[JSONWP[MJSON PWProxy]&amp#27;]&amp#27;[39m M[39atched m '/eleme    at tnt' to rcomyCatch (/usr/mand name loca'fl/libindEl/nemodent'
[debe_modules/ugappium/node_modules/ba] &amp#27;bel-runtime[3/r5m[JSONWP Proxy]eg&amp#27;[39m Penerator/runtroxyiime.jsng [P:67:40)
&amp#27;[3OS5mT /ele[MJSONWP]&amp#27;me[39m     ant] t toGen [POeraST httptorFunct:/ion/lProtoocaltype.ihosnvoket:8201/ [awd/hub/s _invoke] (/usr/local/lib/sesnode_modsion/ules/app5a27cium/node_m76od7-ul979es/bab1-el4751-runti-8me72d-2ed/612cd606d/relemegenent]er witatoh r/runtboimdy:e.js:315:22)
&amp#27;[35 {"stm[MrategyJSONWP]&amp#27;[39m     at "G:enerat"idor","sFunctelionPectrototypor":"com.e.Slprack:id/next_botoutttyon_url_entrpe.(any","coonymousntext":"","mult fipunction) [as throw] (/usr/lleocal/lib/":false}
[debnode_moug]dules &amp#27;[35m/appi[MJSum/node_moONWP]&amp#27;[3dule9m Mas/babetchel-rd JSONWP unerror ctimeode 7 to /regenerNoSuchator/runElementError
&amp#27;[time35m[H.Tjs:TP]&amp#27;[100:21)
&amp#27;[35m[MJSONWP]&amp#27;[39m     at GeneratorFuncti39monPrototype.invoke (/usr/local/lib/node_mo &amp#27;[3du7m<les/appium--/n POSode_T /wd/hub/smodules/babel-runtessime/regionenerat/6orc033/runtime.j502-fd88-47s:136:3227)
&amp#27;[-8b5b-935m[MJSO2e919NWP4]&amp#27;[9d39161/em Encoleuntemenret d inte&amp#27;[rn39m&amp#27;[31m500&amp#27;[39mal  &amp#27;[9er0mro24 ms - r runn16ing co4&amp#27;[3mm9m
&amp#27;[and:35 NoSm[ucHThETPlem]&amp#27;entErr[39mor: An el &amp#27;em[9en0m&amp#27;t could [3not be9m l
&amp#27;[3oc5mated on [HTTPth]&amp#27;e page[39m &amp#27;[3 usi7m-->&amp#27;[n39mg the given search parameter &amp#27;[37mPOST&amp#27;[3s.9m &amp#27;[37m/
&amp#27;[35m[MJSwd/hub/sesONsion/6c033WP]&amp#27;[39m  502-fd88-47 22-8b5b  at Andro-92e91idU949d16i1a/element&amp#27;[uto39mmator
&amp#27;[32Driver.5mca[HllTTee$0P]$0$ &amp#27;[39m &amp#27;[(/90m{"uussing":"id","vr/localal/lib/nueode_":"modulescom.Slack:id/next/appium_b/node_modules/appiutton_url_uentry"}&amp#27;[39mm-android-driver/
[delib/commabugnds/] &amp#27;[35m[fiW3C]&amp#27;[3nd.js:9m75:11)
&amp#27; Ca[3ll5m[MJing AppSONiumDriveWPr.f]&amp#27;indElement() [39wim     at tryCatth char (/ugss: ["r/id","com.Slack:id/nloext_button_url_entry","6cal/lc0ib/n33502-fd88-472od2-8b5b-92ee_modules/ap91949d1pium/node_61module"]s
/b[debug] &amp#27;[35m[BaseDriver]&amp#27;[3abel-runtime/9mregene Valid locator strategies for this request: xpathrator/run, id, class nameti, accessime.js:6b7:40)
&amp#27;il[3ity 5m[MJSOid, -aNWPndroi]&amp#27;[d uia39m     utomatat Goren
[derebug] &amp#27;[35m[BaseDriver]&amp#27;[39m WaitiatorFung up nctionProto totype0 .invms for conokdie tion
[debug[as _] in&amp#27;[35m[vokJSe] ONWP Pr(/usr/local/oxy]&amp#27;[39m Matched '/element' to comlib/nodmae_nd namemodu 'lesfindElement'
[debu/ag] p&amp#27;[35m[JSpium/ONWP Pronode_modules/babxy]&amp#27;[3el-runtim9m Pe/rroxyiegenerator/runtime.jngs:3 [POST /e15:22le)
&amp#27;men[3t] 5m[MJSONWP]&amp#27;[to 39[POST htm tp://localhost:82    a01/wd/t GeneratorFunctiohub/session/5a2nPrototype.prototype.(anonymous functio7c767-979n)1-4751- [as throw] (/usr872/ld-ocal/l2ed612cd606d/elementib/n] with ode_mbodody: {"ules/strapategpiuym/node_modules":"id/b",ab"selector":"cel-omru.Sntlackime:id/n/regenerator/runtime.js:100:21)
&amp#27;[35mext_b[MJutton_url_entry","contexSONWP]&amp#27;[39m  t"   a:"","t GeneratorFumultiple":false}
[denctionProbug] totype&amp#27;[35m[MJSONWP]&amp#27;[39m Match.invoed JSONWP erroke (r /uscode r/lo7 cato NoSuchElementError
&amp#27;[3l/lib/node_mod5m[HTTP]&amp#27;[ule39m &amp#27;[37s/am<-- POST /wd/pphub/seium/node_modulession/6c033s/babel-runtime/regenerat502-fd88-47or/runtime.22-8b5bjs-92e91:136949d:37161/elem)
&amp#27;[35ment[MJSO &amp#27;[39m&amp#27;[31m500&amp#27;[39m &amp#27;NWP]&amp#27;[[9039m Encounterem2d i8 mnters - 16nal4&amp#27;[39m
 error running&amp#27;[3 c5m[HTTP]&amp#27;[39omm man&amp#27;[d:90 Nom&amp#27;[3Such9m
&amp#27;Ele[35m[HTmentErrTP]&amp#27;[39m &amp#27;[37m-->&amp#27;[39or: An em &amp#27;[37mPOST&amp#27;[39m &amp#27;[37m/wd/hub/lesession/me6c0nt33 could no502-fd88-4722-8b5b-92e91949d16t be1/e loclement&amp#27;[3ated on th9m
&amp#27;e page [35usinm[g thHTTP]&amp#27;e g[39m &amp#27;[90m{"uiven ssing":earc"ih d","value":"com.Slack:parameters.
&amp#27;[3id/next_butto5m[MJSOn_urlNWP]_en&amp#27;[3try"}9m&amp#27;[3  9m
[debug] &amp#27;   at [3An5m[W3C]&amp#27;[39m CalldroiindUiag Appiutomator2umDriver.fiDrndEliver.cemalenlet(e$) 0$0$ (/uwith sr/args:loca ["id","col/lm.Slack:ib/nodid/ne_mext_button_urodules/al_entry","6c033502-fd88-4pp722ium/node_mod-8b5ules/apb-pium-and92e91949d161"]
[deburoid-drig] &amp#27;[35m[Basver/lib/commaeDrnds/fiver]&amp#27;[3in9m Valid locad.js:75:11)
&amp#27;[35m[MJSONWP]&amp#27;[39m     at trytor strategies for this request: xpCatch (/athus, id, class name, ar/cclocal/eslisibility id, -andb/nodroid ue_moiautomdules/apator
[dpium/noebug] &amp#27;[35m[BaseDderiver]&amp#27;[39m Waiting up to_modu 0 ms fles/babeorl-run conditiontim
[de/ebug] regenerator/runtime.js:67:4&amp#27;[0)
&amp#27;35m[[35JSONWP Pm[MroJSONWP]&amp#27;[39m     at Gxye]&amp#27;[39nerm MatcatorFuhed '/nctionPrototype.invoke [elas _invokeem] (/uentsr/local/li' to bco/node_modules/appmmand naium/nodme 'findElemee_nt'
[demodubugle] &amp#27;[35m[JSONWP Prs/babel-runtimoxy]&amp#27;[39me/rege Proxying [nerPOator/rSTunti /element] me.jto [POST s:315:22)
&amp#27;[3http://loca5m[MlhoJSONWP]&amp#27;st[39m    :820 at Ge1/neratorFunwd/hubctionPrototyp/session/5a27c767-9791e.prototy-4751-872d-2ed612cd606d/element] withpe.(anonymous function) body: {"strategy":"id","selector":"com.Slack:id/next_button_url_entry" [as," throw] c(/uonsr/ltext"ocal/li:"",b/"multiplnoe"de_modules/app:fium/nalseode_}
[debug] &amp#27;[35mmod[MJSOules/babel-rNWP]&amp#27;[untime/regenerator/runt39mime. Matched JSONWP error code 7 to NoSuchElementError
&amp#27;js:100:21)
&amp#27;[35[35m[MJSONWP]m[H&amp#27;[39TTP]&amp#27;[39m &amp#27;[37m<-- POSm     T /wd/at GeneratorFunhub/session/6c033502-fd88-4722-8b5b-92e91949d161/element &amp#27;[39m&amp#27;[31m500&amp#27;[ctionPrototype.invoke39m  (/usr/local/lib/node_module&amp#27;[90s/appium/node_modules/babel-runtime/regenerator/runtime.js:1m30 ms - 164&amp#27;36:37)
&amp#27;[35m[MJSONWP]&amp#27;[39m Encounter[39m
&amp#27;ed inter[35m[HTTP]&amp#27;[39nal error runm &amp#27;[90m&amp#27;[ning39m
&amp#27;[35m[HTTP]&amp#27;[39m command: N &amp#27;[37m-->&amp#27;[39m &amp#27;[37mPOST&amp#27;[39m &amp#27;[37oSm/wd/hub/session/6c033502-fd88-4uchElemen72tErr2-or: A8bn 5b-92eel919ement co49d161ul/elemed nt&amp#27;[not be located o39m
&amp#27;n the page usi[35ng m[HTTP]&amp#27;[39m &amp#27;[9the given searc0m{"h pausinrametersg":"i.
d","valu&amp#27;[e":"com.S35lacm[MJSONWP]&amp#27;[39m     ak:t Android/next_buttidonUiautomator2Dri_url_entry"}ver.ca&amp#27;[39m
[debllee$ug] &amp#27;[35m[W3C]0$0$&amp#27;[39m C (/usralling /local/AppilibumDriver/node_modules/app.findElemeium/nontde_modul()es/appiu with argm-andrs: ["id","oid-drcom.Sliver/lib/coacmmands/find.jsk:id:75:11)
&amp#27;[3/next_butto5mn_url_entry","6c0335[MJ02-fd88-4722-SO8b5b-NW92e91949d16P]&amp#27;[391"]
[m debug] &amp#27;[35m    a[BaseDriver]&amp#27;[39m Vt tryCaaltcid locah (/ustor/lor stcal/lib/node_modrateules/appium/node_mgiodules/baesbel-ru fontir me/this regreeneratquesort: xpat/rh, id,un class ntimame, ae.js:67:40)
&amp#27;[cces35msibi[MJSONWPlity id, ]&amp#27;-and[39m  roid uia  utomato at Generar
[torFunctionProtdebugotyp] &amp#27;[e.35m[Binvoaske [as _ineDriver]&amp#27;[3vo9m Waiting up toke] (/usr 0 ms for co/locndition
al/l[debib/noduge_mo] &amp#27;dules[35m/app[JSOium/NWP Proxyno]&amp#27;[39m Matchedde_m '/elemodules/babel-ent'run to cotime/regeneratommand namr/e 'frunindtimEle.jsement'
[debug] :315:22&amp#27;[35m[JSO)
NWP Pro&amp#27;[xy35m[]&amp#27;[39mMJS ProxONying [WP]&amp#27;[POST /el39m em    aten Generatort] to FunctionP[PrototypOSe.pT http:rot//lootype.(anonymous fucalhnction) [ost:8201/wd/hub/as thrsessioow] (/un/5a27c767-9sr/l791-oca4751-872d-l/l2eib/nd612cdode_modul606d/element] with bodes/appy: {ium/no"sde_trmoategy":"id","selectordu":"com.Slack:les/id/nextbabel_bu-runtittonme/regenera_url_etor/runtime.jsntry",:1"conte00xt:21)":""
&amp#27;[35m,"mu[MJSltiple":faONWP]&amp#27;[3lse9m     }
at Ge[debug] &amp#27;[3ne5mratorFunct[MionPJSrotONotype.invoke (/WP]&amp#27;[39m Matchusr/ed Jlocal/lib/SONWP node_moerror code 7 to NoSuchEledules/appium/node_modules/babel-runtime/regenerator/runtime.js:136:37)
&amp#27;[35m[MJSONWP]&amp#27;[39m Encountered internal error running command: NoSuchElementError: An element could not be located on the page using the given search paramemeters.
&amp#27;[35m[ntMJErSONWP]&amp#27;[3ror
&amp#27;9m    [35m[H atTTP] Androi&amp#27;[39m &amp#27;[dU37iam<-- Putomator2DriOSverT /wd/hub/.csessioaln/6c03le350e$0$2-fd88-40$722-8b5b-92e9 (/usr/local/l19ib/node49d161/elemen_mt &amp#27;[39m&amp#27;[odules/app31m500&amp#27;[39m &amp#27;[90m25 ms - 164&amp#27;[39m
&amp#27;[35m[HTTP]&amp#27;[39m &amp#27;[90m&amp#27;[39m
&amp#27;[35m[HTTP]&amp#27;[39m &amp#27;[37m-->&amp#27;[39m &amp#27;[37mPOST&amp#27;[39m &amp#27;[37m/wd/hub/session/6c033502-fd88-4722-8b5b-92e91949d161/element&amp#27;[3ium9m/node_modules/appiu
&amp#27;[35m-androidm[HTT-driver/lP]&amp#27;[39m ib/commands/&amp#27;[90m{fi"und.sing"js:":75id","valu:1e":"c1)
&amp#27;[35m[MJSONWP]&amp#27;[39mom     at tryCatch .Slac(/uk:id/next_buttonsr_ur/local_el/ntrylib/node_mod"}ules/appium/node&amp#27;[39_modules/babm
[debug] &amp#27;[3el5m[W3C]&amp#27;[39m-runti Cme/regenallineratorg AppiumDriv/runertime.js.fi:67ndElem:40ent() with arg)
s:&amp#27;[ [35m[MJSONWP]&amp#27;[39m  "i   at d"Generator,"cFuom.Slanctiock:id/next_bunPrototttypon_url_entre.iy"nvo,"6c033ke502 [a-fd88-4s _invoke] (/u722-8b5b-92e91949d161"]sr/
[localdeb/lug] &amp#27;[ib/35m[Banode_moduseDrileves/r]&amp#27;[39m Valid locappium/node_modules/bator stabelra-runttegies fime/regenerator/or thruis rntime.js:315:2eque2)
&amp#27;[35m[MJSst: xpath, id, claONWP]&amp#27;ss[3 n9mame, accessibility id, -     andat GeneratorFuroid unciautomator
[debugtion] Pr&amp#27;[ototype.pro35m[totBaseDriver]ype.(a&amp#27;[39nonymous fm Waiting up to 0 muns ctifor oncon) dition
[debug] &amp#27;[35m[JSONWP Proxy][as t&amp#27;[39m Matchehrow] (/usr/local/lib/node_modules/appium/node_modules/babel-runtime/regenerator/runtime.js:100:21)
&amp#27;[35m[MJSONWP]&amp#27;[39m     at GeneratorFunctionPrototype.invoke (/usr/local/lib/node_modd '/ules/appeleiument' to m/nodecom_modmanulesd name/babe 'findElemenl-runtime/ret'
[dgeebug] &amp#27;[35m[JSOnerator/ruNWP ntProxy]&amp#27;[ime.39m Proxying [POjsST /el:13emen6:t] 37)
&amp#27;[35m[MJSONWP]&amp#27;[39m Encouto [POST hntettred inp:ternal//localh eosrrt:or running82 comma01nd/w: NoSuchElementError: d/Anhu eb/lesessionmen/5a27c767-979t could not be 1-locate47d 51on-8 t72hed- pa2ege d6usin12g cdth60e g6d/eleivenme searcnth par] amwietther bs.ody: {"strategy":"id","selector":"com.Slack:id/next_button_url_entry","context":"","multiple":false}
&amp#27;[
[de35bug] &amp#27;[35m[MJSONWP]&amp#27;[39m Mm[MJatchSONWP]ed JSONWP e&amp#27;[rr39mor co     at Andedr 7 tooidUi NoSuautochElementError
&amp#27;[35m[HTTP]&amp#27;[39m &amp#27;[37m<-- POST /wdma/hub/stor2Dression/6c033502-fd88-4iver.callee$0$0$ (/usr/local/lib/node_modules/appium/node_modules/appium-android-driver/lib/commands/find.js:75:11)
&amp#27;[35m[MJSONWP]&amp#27;[39m722-8b5b-92     at te91ryCat949d161/element &amp#27;[39m&amp#27;[31m500&amp#27;[39m &amp#27;[90m26 ms - 164&amp#27;[39m
&amp#27;[35m[HTTP]&amp#27;[39m &amp#27;[90m&amp#27;[39m
&amp#27;[35m[HTTP]&amp#27;[39m &amp#27;[37m-->&amp#27;[39m &amp#27;[37mPOST&amp#27;[39m &amp#27;[37m/wd/hub/session/6c033502-fd88-4722-8b5b-92e91949d161/element&amp#27;[39m
&amp#27;[35m[HTTP]&amp#27;[39m &amp#27;[90m{"using":"id","value":"com.Slack:id/next_button_url_entry"}&amp#27;[39m
[dcheb (/usr/local/lib/node_mougdul] &amp#27;[35es/apm[W3C]&amp#27;[pium39m Calling AppiumDr/nodeiver.f_modindules/Element() with babargs: el-run["id","time/regenerator/runtime.js:67:40)
&amp#27;com.[35m[MJSONSlacWPk:i]&amp#27;[3d/9m ne    axtt Ge_bneratoutton_url_enrFunctrtiony","Proto6c03350ty2-fd88-47pe22-8b5b-.in92e91949d16vok1"]e [as _
[debuing]vo &amp#27;[35kem[BaseDriv] (/uer]&amp#27;sr/local/lib/nod[39m e_Valid lomocaduletor sts/rategiapes for this requepium/nost:de_modules/ xpath,bab id, class name, accessibelility id,-ru -andntroid ime/regenuiautoermatator/or
ru[debntug]ime. &amp#27;[3js5m:315:[Bas22eD)
&amp#27;[35mri[Mver]&amp#27;[39m JSONWWaiting up to 0 ms for condition
[debug] &amp#27;[35m[JSONWP Proxy]&amp#27;[39m Matched '/element' to command name 'fiP]ndEl&amp#27;[39m    em aent't GeneratorF
[debuunctg]ionProto &amp#27;ty[3pe5m.p[JrotoSONWP Proxy]type.(anonymou&amp#27;[s function) [as throw39] (/um srProxying [/local/POlib/noSTde_module /s/appiuelement] to m/node_[POST http://localhost:8201/wmodules/babel-runtime/regenerator/runtime.js:100:21)
&amp#27;[35m[MJSONWP]&amp#27;[39m     at GeneratorFunctionProd/hutotype.invoke (/usr/local/lib/node_mb/seodules/appium/node_modules/babel-ssiruntime/regeneon/5a27c767-9791-4751-872d-2ed612cd606d/element] with body: {"strategy":"id","selector":"com.Slack:id/next_button_raturl_entry","context":"","multiple":false}
[debug] &amp#27;[or/runtime.j35m[MJSs:136:37)
&amp#27;ONWP[35m[MJSONWP]&amp#27;]&amp#27;[39m Matched JSONWP error code 7 to NoSuchElementError
&amp#27;[35m[HTTP]&amp#27;[3[39m 9m &amp#27;[37m<-- POST /wd/hub/session/6c033502-fd88-4722-8Enb5b-9count2e9ered inte1949d161/element &amp#27;[39m&amp#27;[31m500&amp#27;[39m &amp#27;[90m32 ms - 16rnal error running command: NoSuchElementError: An element could not be located on the page using the given search parameters.
&amp#27;[35m[MJSONWP]&amp#27;[39m     at Andr4&amp#27;[39m
&amp#27;[35m[HTTP]&amp#27;[39m &amp#27;[90m&amp#27;[39m
oidU&amp#27;[35m[HTTP]&amp#27;[39m &amp#27;[37m-->&amp#27;[3iautomator9m &amp#27;[37mPOST&amp#27;[39m &amp#27;[372Driver.m/cawd/hub/sllee$0$0$ (/usr/loessiocaln//lib6c03/node_m3502-fodulesd88/appium/node_modu-4722-8b5b-92e91949d161/element&amp#27;[39m
&amp#27;[35m[HTTP]&amp#27;[39m &amp#27;[90m{"using":"id","value":les/ap"com.Slack:id/next_button_url_entry"}&amp#27;[39m
[debug] &amp#27;[35m[W3C]&amp#27;[39m Calling AppiumDriver.findElement() with args: ["id","com.Slack:ipid/umnext_button_url_-android-endrtry","6c033502-fd88-iver/li4722-8b/cob5b-92e91949d1mmands/find.js:7561:11)
&amp#27;[3"]
[debug] &amp#27;[35m[BaseDriver]&amp#27;[39m Valid locator strategies for this request: xpath, id, clas5ms na[MJme, accessibility id, -android uiaSONWutoP]&amp#27;[39m     at tryCatch (/usmator
r/local/lib/node_module[debug] &amp#27;[35m[BaseDriver]&amp#27;[39m Waiting up to 0 ms for condition
[debug] &amp#27;[35m[JSONWP Ps/appiroxy]&amp#27;[39m um/noMatched '/elde_modules/babel-runement' to command name 'findElement'
[debug] &amp#27;time/regenerator/runtime.js:67:40)
&amp#27;[35m[MJSONWP]&amp#27;[3[35m[JS9m     at GeneratorFunctionPrototONWPyp Proe.invoke xy]&amp#27;[39m Pr[as _invoke]oxying (/usr/local [POST /e/lib/nleodmente_modu] leto [s/POST aphtpiumtp:/nod//e_molocalhodust:8201le/ws/babd/el-runtihumeb/session//regen5a2erator7c7/run67-97time.js:315:22)
91-4751-872d-&amp#27;[35m[MJSON2ed61WP]&amp#27;[392cd606d/elemenm t  ]   at GeneratorFwith body:unc {"strategy":"id","selector":"com.Slack:id/next_button_tionProtourtype.prototyl_entry","context":"pe","multiple":fals.(anoe}
nym[debug] &amp#27;[35m[MJSONWPous f]&amp#27;[39m Matched JSONWP errounr cctode ion) 7 to N[as throw] (/usr/local/lib/node_modules/appium/node_modules/babel-runtime/regenerator/runtime.js:100:21)
&amp#27;[35m[MJSOoSuchElementNWP]&amp#27;[Erro39m     r
&amp#27;[at GeneratorFun35m[HTTP]&amp#27;[39m &amp#27;[37m<-- POSctionPrototyT /wd/hub/session/6c033502-fd88-4722-8b5b-pe.invoke (/usr/local/92e9194lib/9d161/node_meleodules/appiument &amp#27;[39mm/node_modu&amp#27;[31m500&amp#27;[3les/babel-runtim9me/regenera &amp#27;[9tor/runtime.js:136:37)
&amp#27;[35m[MJSONWP]&amp#27;[39m En0m24 mscountered i - 164&amp#27;[39m
&amp#27;[35m[HTTP]&amp#27;[39m &amp#27;[90m&amp#27;[39m
&amp#27;[35m[HTTP]&amp#27;[39m &amp#27;[3nterna7ml error running com-->&amp#27;[3mand: NoSuchEleme9m &amp#27;[37mPOSntT&amp#27;[39m &amp#27;[37m/wd/hub/sessiErron/6c033502-fd88-4722-8b5b-9or: An elemen2e91949d161t c/element&amp#27;[39ouldm
 not be located on the pa&amp#27;[35m[HTTP]&amp#27;ge usi[39m ng the given s&amp#27;[90m{"usineag":"id","varch parlueame":"com.Slack:id/next_button_ters.
&amp#27;[35m[url_entry"MJSO}&amp#27;NW[39m
[deP]&amp#27;bug] &amp#27;[3[39m     at An5mdroidUiautomator2Driver[W3C]&amp#27;.callee$0$0$ (/usr/local/lib/node_modules/appium/node_modules/appium-android-driver/lib/commands/find.js:75:11)
&amp#27;[35m[MJSONWP]&amp#27;[39m     at tryCatch (/usr/local/lib/node_modules/appium/nod[39m Calling AppiumDriver.findElement()e_modules/babel- wruntimith ae/rgs: re["id"gen,"comerator/runtime.js:67:40)
&amp#27;[35m[MJSONWP]&amp#27;[39m     at Genera.SlacktorF:id/unctionPnext_button_url_entry","6cro03toty35pe.invok02-fd88-4e [72as _invoke] 2-8b5(/b-92e91949d1usr/61"]
[lodebcaug] &amp#27;[35m[Basel/lib/node_Drmoduliver]&amp#27;es[39m/appium/node_m Valid locatodulesor str/babel-runatimtegie/regenerator/es for this request: xparuntimth, id, class name.js:31e, accessibili5:2ty2) id, -a
&amp#27;[3ndroid uia5mutomator
[debug] &amp#27;[35m[[MBaseDriver]&amp#27;[JSONWP]&amp#27;[39m     at GeneratorFunctionPrototype.prototype.(anonymous function) [as throw] (/usr/local/lib/node_modules/appium/node_modules/babel-runtime/regenerator/runtime.js:139m Wai00:21)
&amp#27;[35m[MJSONWP]&amp#27;[39m     at GeneratorFuncting up to 0 ms for condition
[debug] &amp#27;[35m[JSONWP Proxtioy]&amp#27;[39nPm Matcrototyphee.d '/einlevomekent' to ( c/usr/local/ommand nliame 'findElemenb/t'node_modules/appium/node_modu
[dles/babel-runtime/regenerator/runtime.js:136:37)
&amp#27;[35m[MJSONWP]&amp#27;[39m Encountered internal erroebug] &amp#27;[35m[JSONr running command: NoSuWPchE ProlementErxy]&amp#27;[39m Pror: Anro element coulxying [POSTd not be located on the page u /elemsing the given search parameters.
&amp#27;[35m[MJSONWPent] to [POST ht]&amp#27;tp://[3localh9mos    t:8 at201/wd/ Andhurob/session/5a27idc767-979Uiaut1-4751-8omator722Driver.d-2called61ee$0$0$ 2c(/usr/local/lib/nd6ode_modules/06appium/node_modud/eleles/appmenium-ant] with boddry: {"oid-drstivrategy":"ierd","/lib/commaselector":"cnds/find.js:75:11)
&amp#27;[35om.m[Slack:MJSONWP]id/n&amp#27;[39ext_bum tt  on_  uratl_en ttrryy"Ca,"tccoh nt(/exust"r/:"lo","multiple":cafal/lslie}b/node_
[modedubuleg] &amp#27;s/[3ap5m[MJSpiONumWP/n]&amp#27;od[39m Mae_tcmohed JSONWP error code 7 to NoSuchEledules/babel-rmeunnttiErmero/rr
eg&amp#27;[3ene5m[raHTTtor/P]&amp#27;[ru39ntimm &amp#27;e.js:[37m<-- P67:40OST /wd/hub/session/6c033502-fd88-4722-8b5b-92e91949d161/element &amp#27;[39m&amp#27;[31m500&amp#27;[39m &amp#27;[90m26 ms - 164)
&amp#27;[35&amp#27;[39m
m[MJSO&amp#27;[NWP]&amp#27;[335m[9m  HT  TP]&amp#27;[39 at Generatm &amp#27;[90m&amp#27;[39m
&amp#27;[3orFun5m[HTTP]&amp#27;[39m &amp#27;[37mct--ionPrototy>&amp#27;[39pe.invoke [am &amp#27;[37mPOST&amp#27;[39s _inm &amp#27;vok[3e] (/usr7m/wd/hub/sessio/locn/6c03350al2-f/lib/node_d88-47mo22dule-8b5b-9s/2eap91949d161/element&amp#27;[39m
&amp#27;[35m[HpiTTP]&amp#27;[39m &amp#27;[um/node_modules/babel-ru90m{"ntime/regenusing":erator/runtime."id","vajs:3lue15":"com.:22)
&amp#27;Slack:id/next_button_u[35m[Mrl_JSOenNWtryP]&amp#27;[39m     at"}&amp#27;[39m GeneratorF
[unctiodebug] &amp#27;[3nPro5mto[W3C]&amp#27;[3type.pro9m Calling AppitotumDriveypr.fine.(anodElenymoment()us f wiunction) [ath s thargs: ["id","croom.Slack:id/nextw] (/usr/local/_bulib/tton_unorlde_entry"_mo,"dules/appium/node_6c033502-fd88-4722-8b5b-92e91949d161"]
[debug] &amp#27;[35m[BaseDriver]&amp#27;mod[3ules9m Vali/bd locaabel-runtitor stme/ratregeneregatoiesr/ fruontimr e.thjs:1is 00:21)request: xpath
&amp#27;[35m[MJ, idSONWP]&amp#27;[3, class nam9m     at GeneratorFune, accessibilictionPty rototid, -android uiautypomae.invoke (/usr/lotor
[debugcal/lib/node_] &amp#27;[35m[BmoaseDriver]&amp#27;[39m Waiting up to 0 ms for codunditiles/appiumon/nod
[e_modules/badebebug] &amp#27;[3l-runtime/regener5m[atoJSONWr/runtime.jsP :136:3Prox7)
&amp#27;[y]&amp#27;[3935m[MJm SOMatcheNWP]&amp#27;[3d 9m Encoun'/element' to ctereommd internaland n error runname 'findElement'
[debuing commg] &amp#27;[3and: N5m[JSONWP ProxoSucy]hE&amp#27;[leme39m Proxying [ntPOST /elemeError: Annt] to [POST http:/ element c/localhooulst:8201/wd/hud b/sessnoion/5a27c767-9t b791-47e loca51-8ted o72dn th-2e pageed612cd606d/elem usingent] with body: { t"stherat gegy":"id","iven sesearcleh parameters.
&amp#27;[3ctor5m":[MJSO"com.SlackNWP]&amp#27;[:i39m     d/next_batutton_u Andrl_eroidUiautomatorntry"2D,"criveontext":"r.","calleemulti$0ple":f$0$ (/usalse}
[der/local/lib/node_modbug] &amp#27;[3ules5m[MJSO/appiuNWm/P]node&amp#27;[_m39modules Matched JSONW/aP erppiuror cm-ode 7an to NdroSuchElementErroroid-d
&amp#27;[35m[HTTP]&amp#27;[39rim &amp#27;ver/l[37m<-- Pib/commanOSds/fiT /wndd/hu.jsb/session/6c0:7335:11)
502-fd88&amp#27;[35m[-4MJS722-ONWP]&amp#27;[39m     at tryCatch (/8busr5b-92e919/loc49d161/alelement &amp#27;[39/lib/nom&amp#27;[31m500&amp#27;[39de_modum &amp#27;[les/appi90m2um9 /node_modules/babel-runtims -me/re 164&amp#27;[39m
&amp#27;[35mgene[HratoTTr/runtime.js:67:40)
&amp#27;[35P]&amp#27;[39m[MJSONm WP]&amp#27;[3&amp#27;[90m&amp#27;9m    [39m a
&amp#27;t [35m[HTTP]&amp#27;[39m &amp#27;[37m-->&amp#27;[39m &amp#27;[37mPOST&amp#27;Generato[39rFm &amp#27;[37m/wd/huunctionPrb/sessotion/6c0otype.33502-fd88-47in22-8b5b-92voe91949d161/element&amp#27;[39m
&amp#27;ke [as _invoke] (/usr/local/lib/node_modules/appium/node_modules[35/bm[HTTP]&amp#27;[39m &amp#27;[90m{"using"abel-r:"idunti","valume/e":re"com.Slack:id/genernexatt_orbutton_url_entry"}/runt&amp#27;[39m
ime[debug] .js:31&amp#27;[35:25m[W32)C]&amp#27;[39m Ca
&amp#27;[35m[MJSONllWP]&amp#27;[ing39m     at GeneratorFunctionPrototy Ape.proppiutomDriver.findElement()type.( with args: an["idonymous function) [as","com. tSlack:id/nhrexow] (t_/ubuttosrn_/local/lib/nourdel_ent_mry",odu"6les/apc03350pi2-umfd88-4722-/n8bod5be_mo-9du2e9le19s/49d161"ba]
[debel-runtime/regenbueratorg]/r &amp#27;[3untime.js:5m[BaseDri100ver:21)]&amp#27;[39
&amp#27;m V[35m[MJalid SONloWP]&amp#27;[3cat9m  or strateg   at Geienes forar this request: xptoath, id,rFuncti class name, acconesPrototype.invsibiliokty ide , -an(/drusoid ur/local/lib/niaode_utmodomator
[debug] &amp#27;[35m[BaseulDriveser]/a&amp#27;[39m Waiting up to 0 ms foppium/node_r cmodulesond/bitabel-ionrunti
[debugme] /r&amp#27;[eg35m[enerJSONWPat Proxyor/runtim]&amp#27;e.[39m Matched '/element' to command name 'fjs:1ind36Eleme:37)
&amp#27;[35nt'm[
[deMJSONWbug]P]&amp#27;[39m Encounte &amp#27;[red intern35m[JSONWP Palroxy]&amp#27;[39m Pr eroxror running command: NoSuying [POST /element] chto [POSElementT http://lErocalhostror:8201/w: An elemend/hub/session/5at 27c767-97co91-4751-872duld not be-2 locaedted on the61 pa2cge usid606d/ngele the givmenten sea] with borcdyh p: {"arstameteratrs.
&amp#27;[35egym[M":"id","sJSONWelP]ecto&amp#27;[39m  r"  :" atco Am.Sndrolack:id/next_buttoidUiautoman_tor2Drurl_eniver.calleetry$0",$0"context":"","multiple":fa$ (ls/usr/local/libe}
[debug/no] &amp#27;[35m[MJSde_modulesONWP]&amp#27;[39m/ap Mpiumatc/node_modules/appium-ahed JSONWndroid-driver/lib/commandsP er/find.jror cs:75:ode 711)
&amp#27;[35m to[MJSONWP]&amp#27;[ NoSu39m     at tryCachElementError
tch (/usr&amp#27;[3/loc5m[HTTP]&amp#27;[3al/lib/node_mo9m &amp#27;dules/[3appiu7mm/no<-- POST /wd/hub/sesside_on/6c0modul33es/ba502-fbeld88--r4722-8b5b-92e91unt949dime/regenerator/ru16ntim1/ele.js:6emen7:4t &amp#27;[39m&amp#27;[31m500&amp#27;[390)
&amp#27;[35m[MJSONm &amp#27;[90m31 ms - 164&amp#27;[39m
&amp#27;[WP]&amp#27;[39m 35m[HTTP]&amp#27;[39m &amp#27;    at GeneratorF[90m&amp#27;[39m
&amp#27;[35m[HTTP]&amp#27;[39m &amp#27;[37m-->&amp#27;[39m &amp#27;u[37nctionPrototmPOST&amp#27;[39m &amp#27;yp[37m/wd/hue.invoke [as _invoke] (/usr/local/lib/b/session/6c033502-node_modufd88-4722-8b5b-92e9les/appium/n1949d161/element&amp#27;[3ode_m9m
&amp#27;[35m[HTTP]&amp#27;od[39m &amp#27;[90m{"using":"id","value":"com.Slules/babel-runtacime/k:iregened/next_button_url_rator/runtime.entry"}&amp#27;[39m
[debug] &amp#27;[3js:315:22)
&amp#27;[35m[MJ5m[W3C]&amp#27;[39m Calling AppiumDriver.findElement() with args: ["id","com.SlackSONWP]&amp#27;[39m     at GeneratorFuncti:id/next_button_url_entry","6conPr033502-fd88-4722-8b5b-92e91949d161otot"]
[debug] &amp#27;[35m[BaseDriver]&amp#27;[39m Valid locaype.prototype.(anonymous functor strategies for this request: xpath, id, class name, accessibility idtion) [as throw] (/usr/l, ocal/l-aib/nndroid uiautoodmae_modules/apptor
[deiumbug]/n &amp#27;[35ode_modm[BulaseDriver]es&amp#27;[/b39m Wabaiel-runtime/regenerator/runtime.jsting up :100:21)to 0 ms for co
&amp#27;nd[35m[MJSOitioNWn
P]&amp#27;[[d39m     at Generebug] &amp#27;[35m[JSONWP Proxy]atorFunctionPrototype.invoke (/usr/local/lib/node_modules/app&amp#27;[39m Matched '/element' to command name 'findElement'
[debug] &amp#27;[35m[JSONWP Proxy]&amp#27;[39m Proxying [POST /element] to [POST http://localhost:8201/wd/hub/sessioium/node_modules/babel-runtime/regeneratorn/5a27c767-97/runtime.js:136:37)
&amp#27;[35m[MJSONW91-P]&amp#27;[39m Enc4751-872d-2ed612cd606d/element] withountered inte body: {"strategy":"id","selector":"com.rnSlackal error running command: NoSuch:id/next_butElementError: Aton_url_en element could nntry","conteotxt":"","m be locatedulti ople":false}
[debug] &amp#27;[35m[MJSONWP]n the pa&amp#27;[ge using39m M the giatched ven search parJSONWP error coamde 7 to NoSucheters.
&amp#27;[35m[MJElementErrSONWP]&amp#27;or
[3&amp#27;[39m 5m    a[HTTP]&amp#27;[39m t An&amp#27;[37m<-- PdroidOST /wd/hub/Uisessionautoma/6toc03350r2Dri2-fd8ver.callee$8-470$0$ (/u22-8b5b-92sr/locale9/lib/1949d161/elenode_memodules/appium/node_modulesnt &amp#27;[3/app9mium-&amp#27;[31m500an&amp#27;[39mdroid-driv &amp#27;[90m32 ms er/lib/- 164&amp#27;[39commands/find.js:75:1m
&amp#27;[35m[HTTP]&amp#27;[39m1)
&amp#27;[3 &amp#27;5m[MJSONWP[90m&amp#27;[39m
&amp#27;[35m]&amp#27;[[HTTP]&amp#27;[39m &amp#27;[39m     at tryCatch (/usr/local/lib37m-->&amp#27;[39m/node_module &amp#27;[37mPOST&amp#27;[3s/appium/n9m &amp#27;[37m/wd/hub/sesode_modules/sibabel-ruon/6c033502-fntime/regenerd88ator/runtime.j-4722-8b5b-92e9s:67:40)1949d161/element&amp#27;[
&amp#27;[35m[MJSONWP]&amp#27;[39m     at GeneratorFunctionPrototype.invoke [as _invoke] (/usr/local/lib/node_modules/39appium/node_modules/babel-runtime/regenerator/runtime.js:315:22)
&amp#27;[35m[MJSONWP]&amp#27;[39m     at GeneratorFunctionPrototypem
&amp#27;[35m[HTTP.prototype.(a]&amp#27;[39m nonymous function) [as throw] (/usr/lo&amp#27;[90m{"using"cal/lib/node:"id","value":"com.Slack:id/ne_modules/appium/node_modules/babel-runtime/regenerator/runtime.xt_buttojs:1n_url_entry"00:21)
&amp#27;[35m[MJSONWP]&amp#27;[39m     at GeneratorF}&amp#27;[39m
[debug] &amp#27;[35m[W3C]uncti&amp#27;[onPr39m Calling AppiumDriver.findElement() with args: ["id","com.Slack:id/next_button_url_entototry","6c033502-ype.invokfde (/usr/local/lib/n88-4722-8b5b-92e91949d161"]
[debug] &amp#27;[od35m[BaseDe_moriver]&amp#27;[39dules/m Vapalid pium/node_modules/babel-locatruntorime/regenerat sortrateg/runtime.js:136:37)
&amp#27;[35m[MJSONWP]&amp#27;[39m Encountered internal error running command: NoSuchElementError: An element could not be located on the page using the given search parameters.
&amp#27;[35m[MJSONWP]&amp#27;[39m     at AndroidUiautomator2Driver.callee$0$0$ (/usr/local/lib/node_modules/appium/node_modules/appium-android-driver/lib/commands/find.js:75:11)
&amp#27;[35m[MJSONWP]&amp#27;[39ies fom     at tryCatch (/usr/local/lib/node_modules/appium/node_modules/babel-runtime/regenerator/runtime.js:67:40)
&amp#27;[35m[MJSONWP]&amp#27;[39m     at GeneratorFunctionPrototr this requeype.ist: xpath, id, clanvss name, acoke [as _invoke] (/usr/local/lib/node_modules/appium/node_modules/babel-runtime/regenerator/runtime.js:315:22)
&amp#27;[35m[MJSONWPcess]&amp#27;[3ibility id, -android uiautomator
[debug] &amp#27;[35m[BaseDriver]&amp#27;[39m Waiting up to 0 ms for condition
[debug] &amp#27;[35m9m   [JSONWP   at GeneratorFunctionPrototypeProxy]&amp#27;[3.prototype.(anonymous fun9m Mctiatched '/element' to commandon) [as throw] (/us name 'findElement'
[debug] &amp#27;[35m[JSONWP Proxy]&amp#27;[39m Proxying [POST /eler/local/lib/node_modulmees/appium/node_modules/babel-runtime/regenerator/runtime.js:10nt] to [POST http://localhost:8201/wd/hub/sessi0:21)
&amp#27;[35m[MJSONWP]&amp#27;[39m     aon/5a27c767-9791-4751-872d-2ed612cd606d/element] witt GeneratorFunctionPrototype.invoke (/usr/local/lib/node_modules/appium/node_modules/babel-ruh body: {"strantime/regeneratortegy/runtime.js:136:":"id","selector":"com.Slac37)
&amp#27;[35m[MJk:id/next_buttonSO_url_entry","context":"","multiple":false}
[debug] &amp#27;[35m[NWP]&amp#27;[39m Encountered internal error runMJSONning coWP]&amp#27;[39mmand: NoSuchElementError: An element could notm Matche be located on the page usid JSONWP error code 7 to ng the given search parameters.
&amp#27;[NoSuchElementError
&amp#27;[35m[HTTP]&amp#27;[39m &amp#27;[35m[37m<-- POST /wd/hub/session/6c033502-fd88-4722-8b5b-MJSONWP]&amp#27;[392e91949d161/element &amp#27;[39m&amp#27;[31m9m     at And500&amp#27;[3ro9m idUiaut&amp#27;[90m25 ms - omator2D1river.callee$0$0$ (/usr/local/lib/node_modules/appium/node_modules/appium-android-driver/lib/comm64&amp#27;[39m
&amp#27;[35m[Hands/find.js:75:11)
&amp#27;[35m[MJSONWTTP]&amp#27;[39m &amp#27;[P]&amp#27;[39m     90m&amp#27;at tryCatc[39m
&amp#27;[35m[HTTP]&amp#27;[39mh (/usr/ &amp#27;local/lib/node_modules/appium/node_modules/ba[37m-->&amp#27;[bel-runtime/re39mgenerat &amp#27;[37mor/runtime.js:67:40)
&amp#27;[35m[MJSONPOST&amp#27;[39m &amp#27;[37m/wd/huWP]b/&amp#27;[3ses9m     at GeneratorFunctionPrsion/6c033502-fd88-otot4722-8b5b-92e91949d161yp/ee.invoke [as _invoke] (/ulement&amp#27;[sr/loc39m
&amp#27;al/lib/node_modules/appium/node_[35m[HTTP]modules&amp#27;[39m &amp#27;/babel-runtime/regenerator/runtime.js:315[90m{"using":"id","val:22)ue":"co
&amp#27;[35m[MJSONWm.SlackP]&amp#27;[39m:id     at Gener/natorFunctionPrototype.prototypext_button_url_ene.(antry"}&amp#27;on[39m
[debug]ymou &amp#27;[35s function)m[W3C []&amp#27;[39m Cas alling Athrow] (/usr/ppiumDriver.findElement() with argslocal/lib/n: od["id"e_modules/appium/node_modules/ba,"com.Slack:id/next_button_url_entry","6c03bel-runtime/regenerator/runtime.js:10350:2102-fd88-4722-8b5b-92e91949d)
&amp#27;[35161"]
[debug] &amp#27;[35m[BaseDriver]&amp#27;[39m Valid m[MJSOlocNWP]&amp#27;[39m     at GeneratorFunctionPrototype.inator strategies for thvoke (/uis request: xpsr/locath,al/lib/node id_module, class name, accessibility id, -android uiautomator
[debug] &amp#27;[35m[BaseDriver]&amp#27;[39m Waiting up to 0 ms for condition
[debug] &amp#27;[35m[JSONWP Proxy]&amp#27;[39m Matched '/element' to command name 'findElemens/appit'
[debug] &amp#27;[3um/node_modules/babel-ru5m[JSONWP Proxy]&amp#27;[39mntime/regen Proxying er[POST /element] to [POST http://localhost:8201ator/ru/wd/hub/sesntime.js:136:37)sion/5a27
&amp#27;[35m[MJSONWc767-9791-4751P]-8&amp#27;[39m Encountered interna72d-2ed61l error running comm2cd606d/element] wand:ith body: NoSuchElementE {rror: A"strategy"n ele:"id"ment could n,"selectot beor":"com.Slack:id/next_button_url_entry","context" l:"","mocatultiple":false}
[debug] &amp#27;[35m[MJSONWP]&amp#27;[39m Matedched JSONWP on e the rror code 7 to NoSuchElementError
&amp#27;[35m[HTTP]&amp#27;[39m &amp#27;[37m<-- POST /wd/hub/session/6c033502-fd88-4722-8b5b-92e91949d161/element &amp#27;[39m&amp#27;[31m500&amp#27;[39m &amp#27;[90m23 ms - 164&amp#27;[39m
&amp#27;[35m[HTTP]&amp#27;[39m &amp#27;[90m&amp#27;[39m
&amp#27;[35m[HTTP]&amp#27;[39m &amp#27;[37m-->&amp#27;[39m &amp#27;[37mPOST&amp#27;[39m &amp#27;[37m/wd/hub/session/6c033502-fd88-4722-8b5b-92e91949d161/element&amp#27;[39m
&amp#27;[35m[HTTP]&amp#27;[39m &amp#27;[90m{"using":"id","value":"com.Slack:id/next_button_url_entry"}&amp#27;[39m
[debug] &amp#27;[35m[W3C]&amp#27;[39m Calling AppiumDriver.findElement() with args: ["id","com.Slack:id/next_button_url_entry","6c033502-fd88-4722-8b5b-92e91949d161"]
[debug] &amp#27;[35m[BaseDriver]&amp#27;[39m Valid locator strategies for this request: xpath, id, class name, accessibility id, -android uiautomatorpage 
[debug] &amp#27;[3using the given search parameters5m[Bas.
&amp#27;[35m[MJSONWP]&amp#27;[39m     at AndroidUiautomator2Driver.callee$0$0$ (/usr/local/lib/node_modules/appium/node_modules/appium-android-driver/lib/commands/find.js:75:11)
&amp#27;[35m[MJSONWP]&amp#27;[39m     at tryCatch (/usr/local/lib/node_modules/appium/node_modules/babel-runtime/regenerator/runteDime.jrives:67:40)
&amp#27;[r]&amp#27;[39m Waiting up to 0 ms for35m[MJS condONWP]&amp#27;[39m     at GeneratorFunctionPrototype.invoke [as _invoke] (/usr/local/lib/node_modules/appium/node_modules/babel-runtime/regenerator/runtime.js:315:22)
&amp#27;[35m[MJSONWP]&amp#27;[3ition
[debug] &amp#27;[35m[JSONWP Proxy]&amp#27;[39m Matched '/element' to command name 'findElement'
[debug]9m      &amp#27;[at GeneratorFunctionPrototype.prototype.(anonymous function) [as throw] (/usr/local/lib/node_modules/appiu35m[JSONWP Proxy]&amp#27;[3m/node_m9m Proxyinodules/babel-rg [POST /element] to [POST http://localhost:8201/wd/hub/session/5a27untime/regc767-9791-4751-872d-2ed612cd606d/element] with body: {"strategy":"id","selector":"com.Slack:id/next_button_url_entry","context":"","multiple":false}
[debenerator/runtimug] &amp#27;[35m[MJSONe.js:100:21)
&amp#27;[35m[MJSONWP]&amp#27;[39m     at GeneratorFunctionPrototype.invoke (/usr/local/lib/node_modules/appium/node_modules/babel-runtime/regenerator/runtime.js:136:37)
&amp#27;[35m[MJSONWP]&amp#27;[39m Encountered internal error WP]&amp#27;running comman[39m Mad: NoSuchElementErrtchor:ed J An eleSONWP meerror ntcode 7 to NoSu could nchElemenot btErreor loc
&amp#27;ated on the pa[35m[HTTge usingP]&amp#27;[39m &amp#27;[37m<-- P the giveOSTn searc /wd/huh b/session/6c033502-fd8pa8-4722-8b5b-ram92e9eters.
&amp#27;[35m[MJSON1949d161/element &amp#27;[39m&amp#27;[31m500&amp#27;[39m &amp#27;[90m29 ms - 164&amp#27;[39m
&amp#27;[35m[HTTP]&amp#27;[39m &amp#27;[90m&amp#27;[39m
&amp#27;[35m[HTTP]&amp#27;[39m &amp#27;[WP37m-->&amp#27;]&amp#27;[39m    [39m &amp#27;[ at AndroidUi37mPOST&amp#27;[39m &amp#27;[automa37m/tor2Driver.callee$0$0$ (/usr/lowd/hub/session/6c033502-fd88-4722-8b5b-92e91949d161/element&amp#27;[39m
&amp#27;[35m[HTTP]&amp#27;[39m &amp#27;[90m{"using":"id","value":"com.Slack:id/next_button_url_entry"}&amp#27;cal/lib/nod[39m
[debug] &amp#27;[35m[W3C]&amp#27;[39m Calling AppiumDriver.findElement() with args: ["id","com.Slack:id/next_button_url_entry"e_modules/appi,"um6c/nod033502-fde_modules/appium-an88-4722-8droid-driver/lib/commands/find.js:75:11)
&amp#27;[35m[MJSb5b-92e91949d161"]
[debug] &amp#27;[35m[BaseDriver]&amp#27;ONW[39m Valid locator strategies for this reqP]&amp#27;[39m     at tryCatch (/usr/local/lib/node_modules/appuest: xpath, id, class name, accessibility id, -android uiautomator
[debug] &amp#27;[35m[Bium/aseDriver]&amp#27;[39m Wnode_moduleais/babel-runtime/regenerator/runtime.js:67:40)
&amp#27;[35m[MJSONWP]&amp#27;[39m     at GeneratorFunctionPrototype.invoke [as _invoke] (/usr/local/lib/node_modules/appium/node_modulesting up to 0 ms for condition
[debug] &amp#27;[35m[JSONWP Proxy]&amp#27;[39m Matc/babel-runtime/regenerator/runtime.js:315:22)
&amp#27;[35m[MJSONWP]&amp#27;[39m  hed '/ele   amet GeneratorFnt' to unctionPcommarototype.nd namepro 'tofitype.(ndElanonymousement function) [as throw] (/usr/local/lib/node_modules/appium/node_modules/babel-runtime/regenerator/runtime.js:100:21)
&amp#27;[35m[MJSONWP]&amp#27;[39m     at GeneratorFunctionPrototype.invoke (/usr/local/lib/node_modules/appium/node_modules/babel-runtime/regenerator/runtime.js:136:37)
&amp#27;'
[debug] &amp#27;[35m[JSONWP Proxy]&amp#27;[39m Proxying [POST /element] to [POST http://localhost:8201/wd/hub/session/5a27c767-9791-4751-872d-2ed612cd606d/element] with body: {"strategy":"id","selector":"com.Slack:id/next_button_url_entry","context":"","multiple":false}
[debug] &amp#27;[35m[MJSONWP]&amp#27;[39m Matched JSONWP error code 7 to NoSuchElementError
&amp#27;[35m[HTTP]&amp#27;[39m &amp#27;[37m<-- POST /wd/hub/session/6c033502-fd88-4722-8b5b-92e91949d161/element &amp#27;[39m&amp#27;[31m500&amp#27;[39m &amp#27;[9[35m[0m22 ms - 164&amp#27;[MJSONWP39m
&amp#27;[35m[HTTP]&amp#27;[39m &amp#27;[90m&amp#27;[39m
]&amp#27;[39m Encountered int&amp#27;[35m[HTTP]ernal error running comma&amp#27;[nd: NoSuchElementError: An ele39m ment could not be located on the page using the given search parameters.
&amp#27;[35m[MJSONWP]&amp#27;[39m     at AndroidUiautomator2Driver.callee$0$0$ (/usr/local/lib/node_modules/appium/node_modules/appium-android-driver/lib/commands/find.js:75:11)
&amp#27;[35m[MJSONWP]&amp#27;[39m     at tryCatch (/usr/local/lib/node_modules/appium/node_modules/babel-runtime/rege&amp#27;[37m-->&amp#27;[39neratorm &amp#27;[/runtime.js:67:40)
&amp#27;[35m[MJSONWP]&amp#27;[3937m mPOST&amp#27;[39m     &amp#27;[3at GeneratorFunctio7m/wdnProto/htype.invoke [aub/session/6cs _in0335voke] (/usr/local/li02-fd88-4722-8b5b-92e91949d161/element&amp#27;[39m
b/no&amp#27;[35de_m[HTTPmodules/]&amp#27;[39m &amp#27;[90appium{"usim/ngnode_mod":"ules/bid","valueabel-":"croum.Slack:id/next_button_url_entry"ntime/r}eg&amp#27;[39m
ener[debuator/rug] &amp#27;[35m[W3C]&amp#27;[ntime.js:339m C15:22)
&amp#27;[3alling Appium5m[DriveMJr.fSiONndElement()WP ]&amp#27;wi[3th9m  a  rgs: [  at"i Generad","com.Slactk:id/next_button_url_entry","6c033502-fdo88rFuncti-4722-8b5b-92e91949d1on61"Prot]
[otdebugype.prototype.(] &amp#27;anon[35m[BymaseDriouver]&amp#27;[3s 9mfun Valctionid) [as throw l] (/ocatusror/local/lib/ strnoategde_modules/appium/node_modules/babel-runtimies for thise/regenerato request: xpath, ir/rud, class namntime.jse, accessi:10bility id, 0:-android ui21)automa
&amp#27;[35m[tor
[debug] &amp#27;[MJSONWP]&amp#27;[39m     at GeneratorFuncti35m[BonPrototype.invoke aseDriver]&amp#27;[39m Waiting up to 0 ms for condition
[debug] &amp#27;[35m[JSO(/usr/NWlocal/lib/node_modulesP Proxy]&amp#27;[3/ap9m Matchepiud m/node_mod'/element' to command name 'findElement'
[debules/babel-rug]untime &amp#27;[35m/regenerator[JS/runtime.js:136:ONWP Proxy]&amp#27;[337)
&amp#27;[35m[MJSON9m Proxying [POSTWP]&amp#27;[39m Encounte /elered internal ement] to [POST httrror running command: NoSuchElementError: An element could not be located on the page using the given search parameters.
p://localhos&amp#27;[t:35m[8201/wd/huMJb/sesSONWP]&amp#27;[sion/5a27c767-9739m 91-   4751- a872t d-2edAndroidUiauto612cmator2Drivd60er.c6d/allee$0$0$ eleme(/usr/lont] with bodcal/lib/node_mody: {"sules/appitrategy":"id"um/,"senodlector"e_m:"coduomles/appium.Slack:-android-driveid/nr/lib/commext_butands/find.js:75:11)
&amp#27;[3ton_url_entry"5m[MJS,"context"ON:"","multWP]&amp#27;[39m     at tryCaipletch (/usr/l":faocal/liblse}
[deb/nodeug]_modules &amp#27;[35m[MJSONWP]&amp#27;[39/appm Matched JSONWP error code 7 to NoSiuuchElemem/node_modules/babel-runtime/ntErrorre
&amp#27;[generator/ru35ntm[HimTTP]&amp#27;[39m &amp#27;[37m<-- POST /wd/hub/session/6c033502-fd88-472e.js:67:40)2-8b5b-92
&amp#27;[35m[MJSONWP]&amp#27;[39m     at Generae9194torFunctionPrototype.invoke [as _invoke] (/usr/local/lib/node_modules/appium/node_modules/babel-runtime/regenerator/runtime.js:315:22)
&amp#27;[35m[MJSONWP]&amp#27;[39m     at GeneratorFunctionPrototype.prototype.(anonymous function) [as throw] (/usr/local/lib/node_modules/appium/node_modules/babel-runtime9d161/eleme/regent &amp#27;[nerator/runti39me.jsm&amp#27;[31m5:10000&amp#27;[39m &amp#27;[90m22 :21)ms - 164&amp#27;[3
&amp#27;[35m[MJSONWP]&amp#27;[39m   9m
&amp#27;  at G[35enem[ratoHTTP]&amp#27;rF[39m &amp#27;[90m&amp#27;[un39m
&amp#27;[35m[HTctionPrototype.invoke (/uTP]&amp#27;[39m &amp#27;[37sr/m-->&amp#27;[39m &amp#27;[3local/lib/node_7mPOST&amp#27;[39m modu&amp#27;[37m/wlesd/hub/ses/appision/6c033502-fd8um/n8-4722-8bode_modules/babel-runtime/regener5b-92e91949d161/eator/runtime.js:136:37)
&amp#27;[3lement&amp#27;[39m
&amp#27;[35m[HTTP]&amp#27;[39m &amp#27;[90m{"using":"id","value":"com.Slack:id/next_button_url_entry"}&amp#27;[39m
[debug] &amp#27;[35m[W3C]&amp#27;[395m[MJSONWP]&amp#27;[39m Encounm Calltered internal eing Appiumrror runninDriver.findEg command: NoSuchElemelemntEent(rror: An)  element could not be located on the page usiwith args: ["idng the ",give"com.Slacn search pak:iramed/next_button_url_entry","6c033502-fd88-4722-8ters.
&amp#27;[b5b35m[MJ-9SONWP]&amp#27;[39m     at Andro2e91id94Uiauto9d161"]
[dmaebug] &amp#27;[35m[BaseDriver]&amp#27;[39m Valid locator strategies for this tor2Driver.calrelee$0$0$ (/usr/localques/lt: xpath, id, clasibs name, access/noibility ide_moduled, -android uis/appium/automator
node[debug]_mod &amp#27;[35m[BaseDriver]&amp#27;[39m Waiting up to 0 ms for conules/appium-android-driver/lib/commands/find.js:75:11)
&amp#27;[35m[MJSONWP]&amp#27;[39m     at tryCatch (/usr/local/lib/node_modules/appium/node_modules/babel-runtime/regenerator/runtime.js:67:40)
&amp#27;[35m[MJSONWP]&amp#27;[39m     at GeneratorFunctionPrototype.invoke [as _invoke] (/usr/local/lib/node_modules/appium/node_modulesdit/babel-runtime/regenerator/runtime.js:315:22)
&amp#27;[35m[MJSONWP]&amp#27;[39m     at GeneratorFunctionPrototype.prototype.(anonymous functionion
[debug] &amp#27;[35m[JSONWP Proxy]&amp#27;[39m Matched '/element' to command name 'findElement'
[debug] &amp#27;[35m[JSONWP Proxy]&amp#27;[39m Proxying [POST /element] to [POST http://localhost:8201/wd/h) [as throw] (/usr/local/lib/node_modules/appium/node_modules/babel-runtime/regenerator/runtime.js:100:21)
&amp#27;[35m[MJSONWP]&amp#27;[39m     at GeneratorFuncub/session/5a27ctionProto767-9791type-47.i51-872dnvoke (/-2ed612cd606dusr/lo/ecal/lible/node_mment] with booddy: {ule"ss/trategyappium/":"id","selector":"comnode_m.Slaodckule:id/next_bus/batton_url_entry",bel-runti"cmeontext":"","multip/rle":falegse}
[debug] &amp#27;[35enerator/runtime.js:m[MJ136:37)
&amp#27;[35mSONWP[MJSONWP]&amp#27;[39]&amp#27;[39m Matcm Encounteredhed in Jternal error running command: NoSuchElementError: An element could not be located on the page using SONWP errthe or code 7 to NoSuchElementEgiven search parameters.
&amp#27;[35m[MJSONWP]&amp#27;[39m     at Arror
ndroidUiautoma&amp#27;[35torm[H2DriverTTP]&amp#27;.callee$0[39m &amp#27;[37$0$ (/m<-- usr/localPOST/lib/n /wode_d/hub/mosessdules/appiumion//node6c_modu03le35s/02appiu-fd88-4722-8b5b-92em-and91949d161/element &amp#27;[3roid-driver9m&amp#27;/lib/comman[31m5ds/fi00&amp#27;[39m &amp#27;[nd.j90m26 ms:7s - 164&amp#27;[39m
&amp#27;[35m[HTTP]&amp#27;[39m &amp#27;[90m&amp#27;[39m
&amp#27;[35m[5:11)
&amp#27;[35m[MJSONWP]&amp#27;[39m     at tryHTTP]&amp#27;Catc[39m &amp#27;[37m-->&amp#27;[39m &amp#27;[37mPOST&amp#27;[39m &amp#27;[37m/wd/hub/session/6c033502-fd88-4722-8b5b-92e91949d161/element&amp#27;[3h (/usr/l9m
&amp#27;[ocal/lib35m[HTT/nodeP]&amp#27;[3_modules/appium/n9m &amp#27;[90m{"usinode_modules/babel-g":"id","value":"com.Slack:id/runtime/regenerator/runtime.js:6next7:40)
&amp#27;[35m[MJSO_bNWP]&amp#27;[3utton9m   _url_entry"}&amp#27;[39  at GeneratorFunctionPrototype.invoke m
[[asdebug] &amp#27;[3 _invoke] (/usr/local/lib/node_modules/appium/node_modules/babel-runtime/regenerator/runtime.js:315:22)
&amp#27;[35m[MJSONWP]&amp#27;[39m     at Generat5m[W3C]&amp#27;[39m Calling AppiumorFuncDriver.findElement()ti with args: ["id","com.Slack:id/next_bonPrototype.prototype.(anonymous function) [as throw] (/usr/local/lib/node_modules/appium/utton_url_entry","6c033502-fd88-4722-8nb5b-9ode_m2e91949d161"]
[deodules/babel-bug] &amp#27;[35m[BaseDriver]&amp#27;[runti39mme/regenerato Valid lr/runtime.js:oc100:21)
&amp#27;[ator strategies for this reque35m[MJSONWP]&amp#27;st: xpath, id, [39m   class name, accessibili  at Gty id, -androenid uiautomaeratorFuncttor
[debug] &amp#27;[35m[BaseDriver]&amp#27;[39m Waiting up to 0 ms for conionPrototype.invoke (/usr/local/lib/node_modules/appium/node_modules/babel-runtime/regenerator/runtime.js:136:37)
&amp#27;[35m[MJSONWP]&amp#27;[39m Encountered internal error running command:dit Noion
SuchE[dlemebug] &amp#27;[entE35m[JSONWP Proxrroy]&amp#27;[39m Mar: An etchelemd en'/element ct' to commandould n name 'fot be locatined on the dEpage lement'
us[debug] &amp#27;[35m[JingSON tWP he given seaProrch xy]&amp#27;[39m Proxyingpar [POSameters.
&amp#27;[35m[MJSOT /element] to [POST NWPhttp:]&amp#27;[39m     at And//localroidUiauhost:8201/wd/hub/session/5a27c76to7-9791-4751-872d-2edma612ctor2Drived606d/r.callee$0el$0$ (ement] wit/uh body: sr/lo{"stcal/ratlibegy"/node_:"modules/id","selector"appi:"com.Slacum/node_mok:dules/appium-android-driver/lib/commands/find.js:75:11)
&amp#27;[35m[MJSONWP]&amp#27;[39m     at tryCatch (/usr/local/lib/node_modules/appium/id/next_bnode_modules/babel-ruutton_url_entry","context":"","multiple":false}
[debug] &amp#27;[35m[MJSONWP]&amp#27;[39m Matched JSONWP error code 7 to NoSuchElementError
&amp#27;[35m[HTTP]&amp#27;[39m &amp#27;[37m<-- POST /wd/hub/session/6c033502-fd88-4722-8b5b-92e91949d161/element &amp#27;[39m&amp#27;[31m500&amp#27;[39m &amp#27;[90m28 ms - 164&amp#27;[39m
&amp#27;[35m[HTTP]&amp#27;[39m &amp#27;[90m&amp#27;[39m
&amp#27;[35m[HTTP]&amp#27;[39m &amp#27;[37m-->&amp#27;[39m &amp#27;[37mPOST&amp#27;[39m &amp#27;[37m/wd/hub/session/6c033502-fd88-4722-8b5b-92e91949d161/element&amp#27;[39m
&amp#27;[35m[HTTP]&amp#27;[ntime/reg39m &amp#27;[enerator/runtime.js:67:40)
&amp#27;[35m[MJSONW90P]m{"u&amp#27;[3si9m   ng":"  at id"GeneratorFunctionProto,"value":"com.Slack:id/next_button_url_entry"}&amp#27;[39m
[debug] &amp#27;[35m[W3C]&amp#27;[39m Calling AppiumDriver.findElement() with args: ["id","com.Slack:id/next_button_url_entry","6c033502-fd88-4722-8b5b-92e91949d161"]
[debug] &amp#27;[35m[BaseDriver]&amp#27;[39m Valid locator strategies for this request: xpath, id, class name, accessibility id, -android uiautomator
[debug] &amp#27;[35m[BaseDriver]&amp#27;[39m Waiting up to 0 ms for condition
[debug] &amp#27;[35m[type.invoke [as _invoke] (/usr/local/lib/node_modules/appium/node_modules/babel-runtime/regenerator/runtime.js:315:22)
&amp#27;[35m[MJSONWP]&amp#27;[39m     at GeneratorFunctionPrototype.prototype.(anonymous function) [JSONWP Pas roxythrow] ]&amp#27;[39m(/usr/local/lib/nod Mate_modules/appichum/node_modulesed /ba'/ebelemel-runt' ntimeto command na/rme 'finegenedElement'
[debug] &amp#27;[rator35m[JSONWP P/rroxy]&amp#27;[39untime.js:100:21)
&amp#27;[m Proxying [POST /element] to [POST http://localhost:8201/wd/hub/session/5a27c767-35m[MJSONWP]&amp#27;[39m     at Gener97at91-orFunctionPrototyp47e.invo51-ke 872d-2ed612cd606d/e(/lement] usr/local/lib/nodwith body: {"ste_rategy":"id"modules/appium/nod,"selector":"com.Slack:id/nexe_t_modules/babel-runbutime/regenerator/runtime.js:136:37)
&amp#27;[35m[MJSONWP]&amp#27;tt[39onm E_uncountered internal error running corl_entrmmand: Ny","cooSuchElementErntext":""ro,"multiple":falr: An elseemen}
[t cdebug]ould &amp#27;[35m[MJSONWP]&amp#27;[39m Match nedot be loc JSOated on thNWe P erropar ge usingcode 7 to N toSuchEhe given search parameters.
&amp#27;[35lem[MJSONWPmentErr]&amp#27;[39m or
&amp#27;[    at AndroidUiautom35m[HatorTTP]&amp#27;2Driver.[39m &amp#27;[37m<-- POST /wd/hub/session/callee$0$0$6c (/usr/l033502-fd88-4722-8b5b-92e91949d161/ocelement al&amp#27;[39m&amp#27;[/lib/node_mod31m500&amp#27;[ules/appi39um/nom &amp#27;[90m24 mdes _m- 164&amp#27;[odule39m
&amp#27;[35m[Hs/appium-android-TTdP]&amp#27;[river/l39ib/cm ommands/find.j&amp#27;[90m&amp#27;[39m
s:75:&amp#27;[35m11)
&amp#27;[HTTP]&amp#27;[39m &amp#27;[37m-->&amp#27;[35m[MJSONWP[39m &amp#27;[37mPO]&amp#27;[39mST&amp#27;[39     m &amp#27;[37m/wd/hub/session/6c0335at tryCatch02-fd88-4722-8b5b-92e91949d16 (/usr1/element&amp#27;[/local/lib/node_modules/appium/node_modul39es/babel-runtime/regem
&amp#27;[35m[HTnerator/runTP]time.js:67:&amp#27;[39m &amp#27;40)
&amp#27;[35m[MJ[90mSONWP]{"using":"id","value":"&amp#27;[39com.m Slack:id/next_butt  on_url_entry"}&amp#27;[39m
[  at debug] &amp#27;Ge[35neratm[W3C]&amp#27;[39m CalliorFunctionPrototype.invoke [as _invoke] (/usr/local/lib/node_modules/appium/node_mng AppiumDriver.findElement() witoduleh args: ["id","cs/babom.el-runtime/reSlacgk:eid/nnerator/runtext_imbutte.on_url_entry","6c033502-fd88-4722-8b5b-92e91949d161"js:3]
[debu15:22)
&amp#27;[35m[MJSONWP]&amp#27;g] &amp#27;[39m     at GeneratorFunctio[35mnPrototype.prototype.(an[Baonymouss functieDriver]&amp#27;on) [as throw] (/usr/local/lib/node[3_modules9m /appValid locator siutrm/nodeategie_ms for this request: xpath, id, class odulenams/be, accessiabbiel-runtime/regenelity id, -ratoandroid r/ruuintime.js:aut100omator
[debug] &amp#27;[:235m[BaseDriver]&amp#27;[39m Waiti1)
&amp#27;[35m[MJSONWP]&amp#27;[39m   ng up to 0 m  as t for conGedition
[debugneratorFunctionProtot] ype.invoke&amp#27;[35m[JSONWP Proxy (/usr/loc]&amp#27;al/l[3ib9m/node Match_med '/elementodule' to s/appiumcommand name 'fin/noddElement'
[de_modules/babebuel-runtime/regenerator/rung] &amp#27;[3time.js:136:37)
&amp#27;[35m5m[MJSO[JSONWP PrNWPoxy]&amp#27;[39m]&amp#27;[39 Prm oxying En[POST /elcounteement] to [red internal erPOSror rT http:un//ninlocag clhoommand: NoSst:8201/wd/huchElementError: Anub/session/5 ea27cle76ment7-979 could1-475 not be l1-87ocat2ded on the p-2age ued61sing the give2cd606d/elemenn t]sear wch parameters.
&amp#27;[ith b35mody: {[MJSO"sNWP]&amp#27;[39m     at AndroidUiautomator2Driver.callee$0$tr0$ (/usr/local/lib/node_modules/appium/noatede_modules/appium-androgy":"id"id-driver/lib/commands/find.js:75:11)
&amp#27;[35m[MJSONWP]&amp#27;[39m     at tryCatch (/usr/local/lib/node_modules/appium/node_modules/babel-runtime/regenerator/runtime.js:67:40)
&amp#27;[35m[MJSON,"selectWP]&amp#27;or":"com.Slack:id/next_button_url_entry","context":"","multiple":false}
[debug] &amp#27;[35m[MJSONWP]&amp#27;[39m Match[39m     ed JSONWat GeP nererror codate 7 toor NoFunctiSonPrototype.invucoke [as _inhElemevoke] (/usr/localnt/lib/nodeError
&amp#27;[3_module5m[HTTPs/appium/no]&amp#27;de_[3module9ms/babel-runtime &amp#27;[/re37genm<-- eratorPOST //runtime.wd/hujs:3b/s15:22)
&amp#27;[35m[MJSONWP]&amp#27;essi[39m     at Geon/6neratorFuc03350nctionPrototype.pro2-fd88-4toty72pe.(anonym2-8b5bous fu-92e91949dnct161io/eln) ement &amp#27;[[as throw] (/u39sr/local/m&amp#27;[lib/n31mode_modules/a500&amp#27;[39m &amp#27;[90m23 ms - 164&amp#27;[39m
&amp#27;[35m[HTTppium/node_modules/babel-runtime/regenerator/runtime.js:100:21)
&amp#27;[P35m[M]&amp#27;[39m &amp#27;[JSONWP]&amp#27;[3990m&amp#27;m     at[39m
&amp#27;[35m[HTTP]&amp#27;[39m &amp#27;[37m-- Gen>&amp#27;era[39m to&amp#27;[37mPrFuOST&amp#27;[nctionProt39otypm &amp#27;[e.invoke (/usr/local/lib/no37m/wd/hub/sesde_modules/appiusion/6c033m/node_502-fmodulesd88-4722-8b5b-9/babel-runtime/regenerator/runtime.js:136:37)
&amp#27;[35m[MJS2e91ONWP]&amp#27;[39m Encoun949d16tered i1/nternal error running command: NoSuchElementError: An element could not be lelement&amp#27;oca[39mte
&amp#27;[35m[HTTP]&amp#27;d [3on9m &amp#27;[90m t{"he usinpagg":"id","value":"com.Se using the gilack:id/next_button_url_entry"}&amp#27;[39m
ven search parameters.
&amp#27;[3[de5m[MJSONWP]&amp#27;bug] &amp#27;[35m[W3C][39m     at&amp#27;[39m Call AndroidUiauing tomatorAppiumDriver.findEl2Driver.callee$ement() with args: ["id","com0$0.Slack:id/next$ (/usr/loc_button_al/liurl_entry","6c033b/node_modules/appium/502-fdnod88-e_m4722-odules/appium-andr8b5oid-driver/lib/commands/find.js:75:11)
&amp#27;[35m[MJSONWP]&amp#27;[39m     at tryCatch (/usr/b-92e91949d161"]local/li
[debb/noug] &amp#27;[35m[BaseDrivede_mr]&amp#27;[39m Valid locator strategies for this request: xpath, id, class name, accessibility id, -android uiautomator
[debug] &amp#27;[35m[BaseDriver]&amp#27;[39m Waiting up to 0 ms for condition
[debug] &amp#27;[35m[JSONWP Proxy]&amp#27;[39m Matched '/element' todules/appium/nodeo command _modulname 'fines/babdElement'
[el-runtime/regenerdebug]ator/runtime.js:67 &amp#27;[35m[JSONWP :40)
&amp#27;[35m[MJSONWP]&amp#27;[39m     at GeneratorFunctionPrototype.invoke [as _invoke] (/usr/local/lib/node_modules/appium/node_modules/babel-ruProxy]&amp#27;[ntime/regenerator/runtime.js:315:39m Pr22)
&amp#27;[35m[MJSONWoxyiP]&amp#27;ng [PO[39m     at GeneratorFunctionPrototyST /element] to [POST pe.prototype.(anonymous funchttp:/tio/localhost:8201/wd/hub/session/5a27c767-97n) [as th91row] (/usr/local/lib/node_modules/appium/node_modules/babel-runtime/regenerator/runtime.js:100:21)
&amp#27;[35m[MJSONWP]&amp#27;[39m     at GeneratorFunctionPro-4751-872d-2ed612cd606d/element] with body: {"strategy":"id","selector":"com.Slack:id/next_buttototype.invoke (/usr/local/ln_urlib/no_entry","context":"","multiple":de_famodules/appium/node_modules/babel-runtimelse}/reg
[denerator/ruebug] &amp#27;[35m[MJSONWP]&amp#27;[39m Matched JSONWPnt eime.rror code 7js: to NoS136:uchEl37)
ementError
&amp#27;[35m[HTTP]&amp#27;[39m &amp#27;[37m<-- POST /wd/hub/session/6c033502-fd88-4722-8b5b-92e91949d161/element &amp#27;[39m&amp#27;[31m500&amp#27;[39m &amp#27;[90m22 ms - 164&amp#27;[39m
&amp#27;[35m[HTTP]&amp#27;[39m &amp#27;[90m&amp#27;[39m
&amp#27;[35m[HTTP]&amp#27;[39m &amp#27;[37m-&amp#27;[35m[MJSONWP]&amp#27;[39m Encountered internal error running command: NoSuchElementError: An element could not be->&amp#27;[39m  lo&amp#27;[37mPOST&amp#27;[39m &amp#27;[cated on the37m/wd/hub/session/6c033502-fd88-4722-8b5b-92e91949d161/element page &amp#27;[using the given 39m
&amp#27;[35m[HTTsearch paP]&amp#27;[39mrameter &amp#27;[90m{s.
&amp#27;[35m["using":"id","value":"comMJSONW.SP]&amp#27;lack:id/next_button_url_en[39m     at AndroidUiautomator2Driver.callee$0$0$ (/usr/local/lib/node_modutry"}les/a&amp#27;[39m
[debug] &amp#27;[35m[W3C]&amp#27;[ppium/node_modules/appium-android-driver/lib/commands/find.js:75:11)
&amp#27;[35m[MJSONWP]&amp#27;[39m     at tryCatch (/usr/local/lib/node_modules/appium/node_modules/babel-ru39m Calling AppiumDriver.fintime/regenerator/runtime.js:67:40)
&amp#27;[35m[MJSONWP]&amp#27;[39m     at GeneratorFunctionPrototype.invoke [as _invoke] (/usr/local/lib/node_modules/appium/node_modules/babel-runtime/regenerator/runtimendEl.js:315:22)
&amp#27;[35m[MJSONWP]&amp#27;[39m     at Genement(eratorFunctionPr) wiototype.prototype.(anth args: ["id","onymous function) [as throw]com.Slac (/usr/lk:id/nextocal/lib/nod_be_moduutton_url_entry","6c033les/appium502-fd/node_mod88-4722-8b5b-ules/babel-92runtime/e919re49ged16nerator/runtime.js:100:21)
&amp#27;[35m[MJSONWP]&amp#27;[39m     at GeneratorFunctionPrototype.invoke (/usr/local/lib/node_module1"]
[debug] &amp#27;[35m[BaseDrs/appium/node_modules/babel-runtime/regenerator/runtime.js:136:37)
&amp#27;[35m[MJSONWP]&amp#27;[39m Encountered internal error runniver]&amp#27;[39m Valid inglocato command: NoSuchEr strategies for thlementError: An element could not be located on the page using the given search parametersis request: xpath, .
&amp#27;[3id, c5m[MJSONWP]&amp#27;[39m     at AndroidUiautomator2Driver.callee$0$0$ (/usr/local/lib/node_modules/appium/node_mlassodules/appium-andro naid-drivme, accessibility id, -android uiautomator
[debug] &amp#27;[35m[BaseDriver]&amp#27;[39m Waiting up to 0 ms foer/libr condi/commands/find.js:75:11)
&amp#27;[35m[MJStiONWPon
[debug] &amp#27;[35m[JSONWP Proxy]&amp#27;[39m Matched '/element' to command name 'findElement'
[debug] &amp#27;[35m[JSONWP Proxy]&amp#27;[39m Proxying [POST /element] to [POST http://localhost:8201/wd/hub/session/5a27c767-9791-4751-872d-2ed612cd606d/element] with body: {"strategy":"id","selector":"com.Sla]&amp#27;[39m     atck: tryCatch (/usrid//local/lnext_button_urlib/node_modules_entry","cont/appium/noext":"","multiple":false}
[debug] &amp#27;[35m[MJSONWP]&amp#27;[39m Matched JSONWP erde_ror code 7 to NoSuchElementError
&amp#27;[35modules/babel-runtime/regenerator/runtime.js:67:40)
&amp#27;[35m[MJSONWP]&amp#27;[39m     at GeneratorFunctionPrototype.invoke [as _invoke] (/usr/local/lib/node_modules/appium/node_modulm[HTTP]&amp#27;[39es/m &amp#27;[37babel-rm<untime/regenera-- POST /wd/hub/session/6c033502-fd88-4722-8b5b-92e9194tor/runtime.js:315:9d161/element &amp#27;[39m&amp#27;[322)
&amp#27;[35m[MJSONW1m500&amp#27;[39P]&amp#27;[m &amp#27;[90m3929 ms - 164&amp#27;[m     at GeneratorFunctionPrototype.prototype.(ano39m
&amp#27;[35m[nymous function) [HTTP]as thro&amp#27;[39m &amp#27;[9w] (/usr/local/lib/no0m&amp#27;[de_modules/appium/node_modules/babel-runtime/regenerator39/runm
&amp#27;[35m[HTTP]&amp#27;[39m &amp#27;[37m-->&amp#27;[39m &amp#27;[37mPOST&amp#27;[39m &amp#27;[37m/wd/hub/session/6c03time.js:100:21)
&amp#27;[350235m[MJ-fdSON88WP]&amp#27;-4[39m 722-8b5b-92e91949d161/el    at GeneratorFunctionProement&amp#27;[39m
totype.invoke (/usr/local/lib/node_modules/appium/node_modules/babel-runtime/regenerator/runtime.js:136:37)
&amp#27;[35m[MJSONWP]&amp#27;[39m Encountered internal error running command: NoSuchElementError: An element could not be located on the page using the given sear&amp#27;[35m[HTTP]&amp#27;[39m &amp#27;[90m{"using":"id","value":"com.Slack:ich pard/next_buametton_url_entry"}&amp#27;[39m
[debug] &amp#27;[35m[W3C]&amp#27;[39m Calling AppiumDriver.findElement() witers.
&amp#27;[35m[MJSONWP]&amp#27;[39m th args: ["   id","com at .SlacAndroidUiautomator2Driver.calleek:i$0$0$ (/usd/next_button_url_er/lontrcal/liy"b/node_,"mo6c03350dules/ap2-fpium/node_md88-4722-8odules/ab5b-9ppium-a2e91949ndroid-drd161"]
[debug] &amp#27;[35m[BaseDriver]&amp#27;[39m Valid locator strategies foriver/lib/comm thiands/find.js:75:11)
&amp#27;[35m[MJSONWP]&amp#27;[39m     s reat tryCatchquest (/u: sr/local/lib/xpath, idnode_modul, cles/appium/node_mass odulesnam/babe,el- accruntimeess/reibilitgeneray tor/runid, -atindroime.jsd uiau:67:to40)
&amp#27;[35mmator
[debu[MJSONWg] &amp#27;[35m[BaseDriver]P]&amp#27;[39m     &amp#27;[at G39eneram WaittorFuinnctiog up tnProo 0 totype.ims for condition
[debug] &amp#27;[35m[JSONWP Proxy]&amp#27;[39m Matched '/element' to command name 'findElement'
[debug] &amp#27;[35m[JSONWP Proxy]&amp#27;[39m Pnvoke [as _invoke] (/usrro/locaxyl/ing [lib/node_modules/appium/node_modules/babel-runtime/regenerator/runtime.js:315:22)
&amp#27;[35m[MJSONWP]&amp#27;[39m     at GeneratorFunctionPrototype.prototype.(anonymousPOST /element] to [PO function) [as throw] (/usr/local/lib/node_modules/appiumST /nohttpde_modul://lesocalh/bost:8201/wd/hubab/session/5a27c767-9791-4751-872d-el-2ed612cd606d/element] with runtime/regenbody: {"strategy":"id",erato"selectorr/run":"com.Slack:id/ntime.js:100:21)
&amp#27;ext_button[35m[_url_entry","contMJSONWP]ex&amp#27;[t":"","39m     at GeneratorFunctionmultiple":false}Prototype.invoke (/usr/local/lib/node_m
[debug] &amp#27;[35m[MJSONWodules/appium/node_P]modules/babel-runt&amp#27;[39m Matime/regenerched JSONWP error codeator/runtime.js:136:37)
 7&amp#27;[3 to NoSuchElementError
&amp#27;[35m[HTTP]&amp#27;[39m5m[MJSONW &amp#27;[37m<-P]&amp#27;[39m Encoun- POST /wd/hubtered /session/6c0intern33502-fd88-472al er2-8bro5br ru-92e9nning c1949d161ommand: /eNoSuchElementError: lementAn ele &amp#27;[39m&amp#27;[ment could 31m500&amp#27;[39m &amp#27;[90m27 ms - 164&amp#27;[not be locat39m
&amp#27;[35m[HTTP]&amp#27;[39med o &amp#27;[90m&amp#27;[39m
&amp#27;[35m[HTTP]&amp#27;[39m &amp#27;[37m-->&amp#27;[39m &amp#27;[37mPOST&amp#27;[39m &amp#27;[37m/wd/hub/session/6c033502-fd88-4722n t-8bhe pag5b-92e91e using the 949d161/element&amp#27;[39m
&amp#27;[35m[HTTP]&amp#27;[39m &amp#27;[90m{"using":"id","value":"com.Slack:id/next_button_url_entry"}&amp#27;[39m
[debug] &amp#27;[35m[W3C]&amp#27;[39m Calling AppiumDriver.findElement() with args: ["id","com.Slack:id/next_button_url_entry","6c033502-fd88-4722-8b5b-92e91949d161"]
[debug] &amp#27;[35m[BaseDriver]&amp#27;[39m Valid locator strategies for this request: xpath,gi id, class name, accessiven sbilitearcy id, h parameters.
-and&amp#27;[ro35m[Mid uiautomJSONWPator]&amp#27;
[debug] &amp#27;[35m[BaseD[39river]&amp#27;[3m  9m    aWaitt Aning droidUiautomatup or2Driver.callee$0$0$ (/usr/local/lib/node_modules/appium/node_modules/appium-android-driver/lib/commto 0 anms fods/fr conditioinn
[debud.g] &amp#27;[35m[jsJSONWP Proxy]&amp#27;:7[35:9m11 M)
at&amp#27;[ch35m[MJSONWPed]&amp#27; '/e[3lement' 9m     ato ct ommand trname yCatc'fh indE(/lemusrent'
[/ldebocugal] &amp#27;[35m[JSONW/liP Prb/oxnoy]&amp#27;[39mde_modul Proxes/apying [Ppium/node_modules/babOST /element] to [POST http://locael-runtime/regenerator/runtime.js:67:40)
&amp#27;[lhost35m[MJSONWP:8201/wd/hub/se]&amp#27;[39m     at GeneratorFunctionPrototype.invoke [as _invoke] ssi(/usr/local/libon/nod/5a27c767-9791-4751-872d-2ed612cd606d/element] with body: {"strategy":"id","selector":"com.Slack:id/next_button_url_entry","context":"","multiple":false}
[debug] &amp#27;[35m[MJSONWP]&amp#27;[39m Matchede_m JodulesSONWP err/aorppium cod/node e_mod7 tules/babel-runtime/o NoSuchErelementgenerator/runtime.js:315:22)
&amp#27;[35m[MError
&amp#27;[JSON35WP]&amp#27;m[[39m     atHTTP]&amp#27;[39 GeneratorFunctionPrototym &amp#27;[37m<-- POST /wd/hpe.prototypeub/session/6c033502-fd88-4722-8b5b-9.(an2e91949d1onymous function61/el) [as throement &amp#27;[39m&amp#27;[31m500&amp#27;[39w] (/usr/local/lib/node_modulm &amp#27;[es/appium/node_modules/babel-runti90m18 ms - 164&amp#27;[39mme/regenerator/run
&amp#27;[35m[timeHTTP]&amp#27;[.js:100:21)39m &amp#27;[90m&amp#27;[39m
&amp#27;[35m[H
&amp#27;[35m[MJSONWP]&amp#27;[39mTTP]&amp#27;[39m     &amp#27;[37m-->&amp#27;[39m  at Gen&amp#27;[37mPOST&amp#27;[39m &amp#27;[37m/wd/hub/session/6c033502-fd88-4722-8b5b-92e91949d161/element&amp#27;[39m
&amp#27;[35m[HTTP]&amp#27;[39m &amp#27;[90m{"using":"id","value":"com.Slack:id/next_button_url_entry"}&amp#27;[39m
[debug] &amp#27;[35meratorFunctio[W3C]&amp#27;[39m CallinnPrg ototypeAppiumDriver.findElement.invoke (() with args: ["id","com.Slack:/usr/local/lib/id/next_buttonnode_mo_urldules/appium/node_e_modules/bntry","6c033502-fdabel-runt88-472ime/regene2-8b5b-92e91949d161"]
[debug] &amp#27;[35mrator[BaseDri/runtime.js:13ver]&amp#27;[39m Val6:37)
&amp#27;[35m[MJSONWP]&amp#27;id locator s[39m Encountertraed integiternes al efor thisrror  request: xpath, idrunning c, class namommae, accessibility nd: NoSucid, -android hEleuiautomator
[debumentg] Error: An ele&amp#27;[3me5m[BaseDnt river]&amp#27;[39m Waicould not be located on the page using the given search parameters.
&amp#27;[35m[MJSONWP]&amp#27;[39m     at AndroidUiautomator2Driver.callee$0$0$ (/usr/local/lib/node_modules/appium/node_modules/apting pium-android-driver/lib/commands/find.js:75:11)
&amp#27;[35m[MJSONWP]&amp#27;[39m     at tryCatch (/usr/local/lib/node_modules/appium/node_modules/babel-runtime/regenerator/runtime.js:67:40)
&amp#27;[35m[MJSONWP]&amp#27;[39m   up to 0 ms fo  at GeneratorFunctionPrototype.invoke [as _invoke] (/usr/local/lib/node_modules/appium/noder condit_modulesio/babel-runtn
[ime/regdebug] &amp#27;[35m[JeneratorSONWP/r Proxuny]&amp#27;time[3.j9m s:Matc315:22)
&amp#27;[35m[MJSONWP]&amp#27;[39m     at GeneratorFunctionProthed '/eleotype.prototypment' to command namee.( 'finanonymous function) [as throw] (/usr/localdElement'
[debug] &amp#27;[35m[JSONWP Proxy]&amp#27;[3/lib/nod9m Proxyie_mong [POST /element] to [POdules/ST http://loappiumca/node_modules/babel-runtime/regenerator/runtime.js:100:21)
&amp#27;[35m[MJSONWP]&amp#27;[39m     lhost:at G8201/eneratorwd/FunctionPrototype.invoke (hub/s/usression/5a2/local/lib/no7c767-9791-4751-872d-2ed612cd606d/element] with body: {"strde_modulategy":"id","selector":"com.Slack:id/next_buttes/appium/node_modon_url_enules/babetry","context":"","l-rumuntltipleime/re":false}
[debug] &amp#27;[35m[MJSgenONWP]&amp#27;[39m Materator/runtime.js:136:37)
&amp#27;[35ched JSONm[MJSONWP]&amp#27;[39WP error code 7m Encountered inte to rnalNoSuchElem errorentError
&amp#27;[35m[HTTP]&amp#27;[39m running com &amp#27;[mand: NoSuchElementE37rrorm<-- POST /wd/hub/: An element could session/not b6c03e l35ocated on the p02-agefd8 using the given 8-4722-8seab5rch parab-92e91949d161/element &amp#27;[39m&amp#27;[31m500&amp#27;[39m &amp#27;[90m24 ms - 164&amp#27;[39m
&amp#27;[35m[HTTP]&amp#27;[39m &amp#27;[90m&amp#27;[39m
&amp#27;[35m[HTTP]&amp#27;[39m &amp#27;[37m-->&amp#27;[39m &amp#27;[37mPOST&amp#27;[39m &amp#27;[37m/wd/hub/session/6cmeters.
&amp#27;033502-fd88-4722-8b[355b-92em[91949d161/eMJSONWP]&amp#27;[39m     at AndroidUiaulement&amp#27;[3tomato9m
&amp#27;r2Dr[35ivem[Hr.callee$0$0TTP]&amp#27;[39m &amp#27;$ [90m{"using":"id","value":"com.Slack:id/next_button_url_entry"}&amp#27;[39m
[debug] &amp#27;[35m[W3C]&amp#27;[39m Calling AppiumDriver.findElement() with args: ["id","com.Slack:id/next_button_url_entry","6c033502-fd88-4722-8b5b-92e91949d161"]
[debug] &amp#27;[35m[BaseDriver]&amp#27;[39m Valid locator strategies for this request: xpath, id, class name(/usr/l, accessibilocal/lib/node_moity dules/appium/nodid, -android uiautomator
[debug] &amp#27;[e_modul35m[BaseDriver]&amp#27;[39m Waies/atingppium-android-driver/lib up to 0 ms for co/commands/find.js:ndition
[debug] &amp#27;[35m[JSONWP Proxy]&amp#27;[375:11)
&amp#27;[35m[9m MJSMaONtcheWP]&amp#27;[d '/eleme39m     at tryCnt' to command natch (ame 'findElement'
/usr/l[debugocal/] &amp#27;[li35b/nm[Jode_modules/SONWP Prappiuoxy]&amp#27;[39m Proxying [POST /elem/nodment] to [Pe_modules/babel-runtime/regenerator/OST runtime.js:6http://l7:oc40alhost:8201/w)
&amp#27;[35d/hubm[M/sessiJSOon/5a27c767-9791-4751-872d-2eNWP]d612c&amp#27;[39m     at Gednerato606d/element] with body: {"strategy":rFu"inctiod","selecnPrtor":"com.Slack:otoid/nextypet_button_url_ent.invry","contexokt":"","multiple":false}
[debug] &amp#27;[35m[MJSe [aONs _invoke] (/WP]&amp#27;[39usr/locam Mal/litchedb/nod JSONWe_mP eodules/appirrorum/ code 7no to de_modules/babel-NoruntimeSuchEle/regmentErenerror
&amp#27;[35m[HTTPator/r]&amp#27;[39m &amp#27;[37m<-un- POST /wd/hub/stime.jessios:31n/6c5:033502-fd88-4722)
&amp#27;[35m[MJSONWP22-8b5b-92e91949d161]&amp#27;[39m    /element at GeneratorFunctionPrototype.p &amp#27;[39m&amp#27;[31m50rototype.(an0&amp#27;[39m &amp#27;[90m23onymous fun ms - 164&amp#27;ction)[39m
&amp#27;[35m[H [as TTP]&amp#27;[39throw] (/usr/lm &amp#27;ocal/lib/n[90m&amp#27;[39m
ode&amp#27;[35m[HTTP]&amp#27;[39_mom &amp#27;[37m-->&amp#27;[39m &amp#27;dules/app[37mPOST&amp#27;[3iu9m m/node_mo&amp#27;[3dules/ba7m/bel-wd/hruntime/regenub/sesserion/ator6c0/runtime.js:100:21)
&amp#27;[35m33502[MJSONW-fd8P]&amp#27;8-4722-8b5b-92e91949d161/element&amp#27;[39m
&amp#27;[35m[HTTP]&amp#27;[3[39m    9m &amp#27;[90m{"using":"id","value":"com.Slack:id/nex at Get_button_url_entry"nera}&amp#27;to[39m
[debug]rFu &amp#27;[35m[W3C]&amp#27;nctionP[39m Calling Approiutotype.invokmDrivere (/u.findElement() with args: ["id","com.Slack:id/nsr/local/lib/nodext_button_url_entry","6c033502-fd88-4722-8b5b-92e91949d161"]
[debug] &amp#27;[35m[BaseDriver]&amp#27;[39m Valid locator strategies for this request: xpath, id, class name, accessibility id, -android uiautomator
[debug] &amp#27;[35m[BaseDriver]&amp#27;[39m Waiting up to 0 ms for condition
[debug] &amp#27;[35m[JSONWP Proxy]&amp#27;[39m Matched '/element' to command name 'findElement'
[debug] &amp#27;[35m[JSONWP Proxy]&amp#27;[39m Proxying [POST /element] to [POST http://localhost:8201/wd/hub/session/5a27c767-9791-4751-872d-2ed612cd606d/element] with body: {"strategy":"id","selector":"com.Slack:id/next_button_url_entry","context":"","multiplee_modules/a":false}
[debug] &amp#27;[3ppium5m/node_modu[MJSONWP]&amp#27;les[3/babel-runtime/regenerator/run9m Matched JSONtimWP erroe.js:r 13code6: 7 to NoSuc37hEle)
&amp#27;[35m[mentEMJrrorSO
&amp#27;NWP]&amp#27;[39[3m E5m[HTTP]&amp#27;[39m &amp#27;[37m<-- POST /wd/hub/sncountered inteession/rn6cal er033502-frod88-4722-8b5r rub-92nning coe919mm49d1and: N61/element &amp#27;[oSuc39hEm&amp#27;[3leme1m50ntE0&amp#27;[39mrror:  &amp#27;[90m55 ms - 164&amp#27;[39m
&amp#27;[35m[HTTP]&amp#27;[39mAn &amp#27; elem[90m&amp#27;ent coul[39m
&amp#27;[35m[HTTPd no]&amp#27;t be [39mlocated on th &amp#27;[37me page u-->&amp#27;[si39ng the givm &amp#27;[37mPen seaOST&amp#27;[39mrch &amp#27;[37m/ parwd/hubameter/sesss.io
&amp#27;[35n/m[M6c0JSONW335P]02-fd8&amp#27;[8-4722-839m  b5   at Androb-92e919idUiau49d1to61/element&amp#27;[3ma9m
&amp#27;tor[35m[2DrHTTPiver]&amp#27;[39.cm &amp#27;[90m{"using":"iallee$0$0d","$ (va/usr/llue":"occom.al/lSlack:id/nexib/node_mt_odules/appium/node_mbutton_odulurl_entryes/appium-an"}&amp#27;[39m
[debug] &amp#27;[dr35m[oidW3C]&amp#27;[39m Calling AppiumDriver.findElemen-driver/t(lib/) wicommands/th argfis:nd.js:7 ["i5:11)
&amp#27;[3d",5m[MJS"coONWm.SlacP]k:id/next&amp#27;[3_b9m ut   ton a_url_t enttryCatry",ch (/us"6c03350r/local/lib2-fd88-/node4722-8b5b-92e9_mod1949d161"]
[ules/deappiumbug] &amp#27;[35m[BaseDriv/noerde]&amp#27;[3_modules/babel-run9m Vatilid lme/regenerator/ruocatontir me.js:67strategi:40)es for
&amp#27; t[35m[MJSONWPhi]&amp#27;[s r39m equest: xpat   h, at Generat iorFud,nctio cnPrototype.ilass nanvomeke [as _invoke] (/, ausrcc/loescal/lib/nosidebility_module id,s/appiu -m/nodeand_modulroid ues/babel-runtimeiau/regtomeneraatortor/runtime
[.jdebug] &amp#27;[35s:315:22)
&amp#27;[m[35mBa[MJSONWP]&amp#27;seDriv[39m  er   at Generato]&amp#27;[39m WaitinrFg unctionPrototupyp te.po 0rot ms forotype.(an conymous fonundictionti) [as on
[throw] (/udesr/local/lib/nbuode_modules/appium/g] no&amp#27;[35m[de_mJSONWPodules/ba Probexy]&amp#27;l-runtime[39m/regenera Matctor/runhed '/tieleme.js:100:21)ment' to command n
&amp#27;ame '[3findEle5m[MJSONment'
[debug] &amp#27;[3WP5m[]&amp#27;[39m JS    at GONWPenerator Proxy]&amp#27;[FunctionPrototy39m pe.invoke (/Prousrxying [/local/POST /elemenlib/nt]ode_modules/ap tpio [POST http://lumocalhost:8201//node_moduleswd/hub//bsession/5a27cabel-runtime/re767-9791-4751-872d-2generator/runted612cd6ime.js:136:06d/eleme37)
&amp#27;[3nt] with5m[MJSO bNWP]&amp#27;[ody: {"str39m Encountategy":"id","selector"er:"com.Slack:id/next_button_ued internrlal error running comman_ed: Nntry"oS,"uccontext":hE"","mlemultentError: ipleAn el":ementfal cse}
[debug] &amp#27;ould n[35m[MJSOot be locNWP]&amp#27;[ated39m M on atthe pchedag JSe using the given seONWP erroarch r codpare 7 to NoSuchametersEle.
&amp#27;[35m[MJSONWmentError
&amp#27;[35m[HTTP]&amp#27;[39mP]&amp#27;     at A[39ndm &amp#27;[3roidUia7m<-- utomPOator2DST /wd/hub/river.callee$0$0$ (/usrsessi/loon/6c033502cal/lib/nod-fde_m88-odules/appi4722-8um/node_modules/appiub5b-92e91949d161m-android/el-driver/lemenibt /co&amp#27;[39mmmands/find.js:75:11)
&amp#27;[&amp#27;[31m50035&amp#27;[39m &amp#27;[90m28 ms - 1m[MJSO64&amp#27;[3NW9m
&amp#27;P]&amp#27;[39m[3     at t5m[ryHTTPCatc]&amp#27;h (/usr/local/lib/node_mod[3ule9ms/ &amp#27;[9ap0mpium/no&amp#27;[de_39modules/bm
abel-runtim&amp#27;[e/regenerato35m[HTTP]&amp#27;[39mr/ &amp#27;[37mrun-->&amp#27;[time.j39s:67:40)
&amp#27;m &amp#27;[37mPO[3ST5m&amp#27;[39[MJSm &amp#27;[37m/wONd/WP]&amp#27;[3hub/sessio9mn/6c     at Generato033502-fd88rFu-472nc2-8tionProtb5otypeb-.in92e91949d161/vokelemene [ast&amp#27; _in[3vo9m
&amp#27;ke] (/usr[3/local/lib5m[H/noTTde_P]module&amp#27;[s/39m &amp#27;[90mappiu{"m/nodusine_modg":"id",ul"value":"coesm.Slack:i/babel-runtime/regd/next_buttenerator/ronun_url_entitrmey".j}&amp#27;[s:339m15:
[de22bu)
&amp#27;[35m[Mg] &amp#27;[3JSONW5mP]&amp#27;[39m   [W3C  at Gener]&amp#27;at[39orFm unctionPCarototypelling Appium.pDriver.findElement() withrototype.(ano args:ny ["id","moucom.s function) [Slack:as thidrow/n] ext_butt(/usr/on_url_locaenl/litrb/y","6c033502-fd88-4722-8b5b-92e91949d161node_modu"]
[debug] &amp#27;[35m[Baseles/appDriveiumr]&amp#27;[3/node_module9ms/ Vababel-rulintime/d locatregenorerator/runtime strategi.js:100es for:2 this1)
&amp#27;[35 rm[MJSequestON: xpaWP]&amp#27;[39th, idm     at Gener, atclasorFuns name, accessictionPbilirototytype id, -.iandroid uianvutomator
[debugoke (/us] &amp#27;[35mr/local/lib/no[BaseDride_mver]&amp#27;[3odules/ap9m Waipium/ntingode_m up to 0 ms odufoles/babel-rur ntcoime/regndienerattion
[deor/rbuung] ti&amp#27;[35me.js:136:37)m[JSONWP 
&amp#27;Pr[3oxy]&amp#27;[395mm Mat[Mched '/element' JSto command name 'findEONWP]&amp#27;[39lement'
[dm Encebug] &amp#27;[3oun5m[JSONWtereP Proxy]d internal error running command: NoSuchEle&amp#27;[39m ProxymentEring [POSror: AT /element] to [POST httn elemep:/nt could not be located on the /localhost:82pa01/wge using the given search d/hub/parameterssess.
&amp#27;io[3n/5m[MJSON5a2WP]&amp#27;7c[39m     at And767roidUiautomator2Drive-97r.91-47callee$51-872d-2ed612cd606d/element] with body0$0$ : {(/usr/l"strategy":"id","selector":"com.Slaock:id/next_cal/libuttb/on_url_entry","contexnot":"","multiple":false}de_mod
[deulbug] &amp#27;[35m[es/appiuMJSONWP]&amp#27;[39m m/Matchednode_modu JleSOs/appNWP errium-or android-driver/lib/commancods/de 7 to NofiSuchElementErrond.js:75:11)
&amp#27;[r
&amp#27;[35m[HTTP]&amp#27;[35m[39m &amp#27;[37m<-- POSMJSOT /wNWd/hub/P]session/6c033502&amp#27;[3-fd889m -4722-  8b5b-92  e91949d161/at elementtryCatch (/us &amp#27;[39m&amp#27;r/local/lib[3/node_mod1m500&amp#27;ule[39m &amp#27;[90m26 ms - 164&amp#27;[39m
s/app&amp#27;[ium/node_mod35m[HTTP]&amp#27;ules/bab[39m &amp#27;[el-runtime/90m&amp#27;[39rem
&amp#27;[3ge5m[HnerTTP]&amp#27;[at39m &amp#27;[37m--or/>&amp#27;[39m &amp#27;[37mPOSTrun&amp#27;[39m &amp#27;[37m/time.js:67:40)
&amp#27;[35m[MJSONWP]&amp#27;[39m     at Generatwd/hub/session/6c033502-fd88-4722-8b5bor-92e91949d161/element&amp#27;[39FunctionPrototype.invoke [m
&amp#27;[35m[HTTP]&amp#27;as [39m &amp#27;[90_invoke] m{"using":"id","value":"com.Slac(/k:id/usr/lonecal/lib/nodxt_butte_on_umodules/appium/node_rl_modentry"}ules/babel-runtime/regenerator/runtime.j&amp#27;[39m
[debug] &amp#27;[35ms:315:22)
&amp#27;[35m[MJSONWP[W3C]&amp#27;[39m     at Gen]&amp#27;[3erator9m Calling AppiFuncumDtionProtriveotype.r.findEprlemeototype.nt((a) winonymouths function) args: [as [ th"id","corom.Slack:id/next_butw]ton_url_entry","6c0 (/33us502-fd88r/local/-4722lib/node_modul-8b5bes/-9appium/node2e_mo91dule949d1s/ba61"]bel
[deb-rug]un &amp#27;[3time/regenerator/runti5m[Bame.js:1seDriv00:21)er]&amp#27;[39m
&amp#27;[35m[M ValiJSONWP]&amp#27;[39m    d lo acat Gentor steratorFunctionPrototype.invoke (/uratesrgies for /local/lithis requb/node_modesult: xpath, id, class namees/app, accessibiliium/node_modulety ids/ba, -android uiaubetomal-rtor
[debug] &amp#27;[un35m[BtimaseDriver]&amp#27;e/[39m Waitiregenerator/runng utip me.js:136:37)
&amp#27;[35m[MJto 0 ms SONWP]for &amp#27;[39m Econcondiuntiontere
[d intdeernal erbug] ro&amp#27;[35m[JSr rONWP unniProng coxmy]&amp#27;[39m Mmaatcndhe: NoSud chE'/lementError:elem An element could ent'not to comma bnd ne loame 'catfindElemed on the page using the entgi'
ve[den seabug] &amp#27;[3rch paramet5m[JerSONWs.
&amp#27;[35m[MJSONWP]&amp#27;[3P Proxy]&amp#27;[9m     at AndroidUiaut39m Proxying [POST /elementomator2Dri] vetor. [POST http://loccallee$0$0$ (/ualhost:820sr/local/lib/node1/wd/hu_modulesb/session/5a27c767-9/appium/node_modules/appiu79m-and1-4751roid-driver/lib/comman-872d-2ed612cd606d/element] witds/finh d.js:75:11)
&amp#27;[35m[body: {MJSO"stNWP]&amp#27;[39m     rateat trygyCatch (/usr/local/lib/no":de_mod"id",ul"selector":"com.Slacesk:id//appiumne/nxt_button_urlode_en_modtryules","con/btext":"ab","meull-tiple":fruntime/regenerator/runtime.jsalse}
[d:6ebug] &amp#27;[7:40)
&amp#27;[3535m[Mm[MJSOJSNWP]ONWP]&amp#27;[39m     at GeneratorFunctionPrototyp&amp#27;[39m e.invoke [as Ma_invoke]tched JS (ONWP /usrerror code 7/local t/lib/nodeo N_moSuchEleodules/meappntium/Errnode_modulor
&amp#27;es/bab[35m[HTTPel-runtim]&amp#27;[3e/regen9m &amp#27;[3erator/r7muntime.<-- POSTjs /w:31d/h5:22)
&amp#27;[35m[ubMJ/sSONessioWPn/]&amp#27;[6c03339502-fdm    88-472 at G2-8b5b-92e9en1949ed16rato1/elrFunctioemnPrototype.proent to&amp#27;[type.39m&amp#27;(anonymous fun[31m500ct&amp#27;[39m &amp#27;[90m27 ms - 164&amp#27;[39m
&amp#27;[35m[HTTP]&amp#27;[39m &amp#27;[90m&amp#27;[39m
&amp#27;[35m[HTTP]&amp#27;[39m &amp#27;[37m-->&amp#27;[39ion) [as throw] (/usr/local/lib/node_modules/appium/node_m &amp#27;modules[37/babel-mPOST&amp#27;[39m &amp#27;[37m/wdru/hntub/ime/sessregeneratioor/runtime.js:100:21n/6c03350)
&amp#27;[35m[MJSONWP]&amp#27;2-fd[39m  88-4722-8b5b   at Generator-9Funct2e91949d161/eiolement&amp#27;[39mnProt
&amp#27;[35m[HotTTP]&amp#27;[39m &amp#27;[yp90e.invoke (/usr/localm{"/lusib/ningod":"e_modules/appiid","valuum/node_e"modul:"com.Slaes/back:id/bel-runext_bntimutton_e/reurgenel_enratry"}&amp#27;tor/runti[39m
[debug] &amp#27;me.js:1[3536:37)
m[&amp#27;[35W3C]&amp#27;[3m[9m Calling AppMJiumDSONWriP]&amp#27;ver[39m En.ficounternded iElntemenernal et() wirrth argsor ru: ["id","nning cocom.Slammacknd: NoS:id/neucxthElementErr_bor: An euttolen_url_enment try","6c03350co2-fdul88-4722-d n8b5otb-92e9 be19 loc49d161"]
at[debed on the pageug] &amp#27;[35m[B usinaseDriveg the given searr]&amp#27;[39m ch Validparameter locats.or strate
&amp#27;[35m[MJSONWP]&amp#27;[3gie9ms for this reque     at AndroidUist: autxpath, idomato, class namr2Drive,er a.caccessibility lleeid$0$0$ (/usr/local/lib, /node_m-android odules/auiautomappiutor
[debug] &amp#27;[3m/node_modu5m[Basles/appiueDm-river]&amp#27;[39m Waitiandroid-driverng up to 0 ms/l for ib/condicomtion
[debug] &amp#27;[35m[JSOmaNWP nds/findProxy]&amp#27;[39.js:75m Matched :11)'/ele
&amp#27;ment' t[35m[MJo SONWP]&amp#27;[3command name 'fin9mdElemen     at tryCatch (t'
[debug] &amp#27;[35m[JSONWP Pr/uoxy]&amp#27;[39sr/lm Proxocal/lib/nodeying [POST /ele_momendules/apt] tpium/no [POode_mST htodulestp://b/localabel-ruhosntimt:82e/rege01/wd/huneratb/sessionor/runt/5ima27c767-9791e.js:67:-440)
&amp#27;[35m[M751JSO-872d-2ed61NWP2c]&amp#27;[3d606d/element] with body: {"strategy":"9m     at Generid"ator,"selector"FunctionPr:"com.Slack:id/next_button_url_entry","context":"","multiple":false}
[debug] &amp#27;[35m[MJSONWP]&amp#27;[39m Matched JSONWP error code 7 to NotooSuchtypeElement.iErnvror
&amp#27;[35m[HTTP]&amp#27;[39m &amp#27;[37moke [as _i<-nvoke] - (/uPOsr/locaST /wd/l/libhub/session//node6c03_mo35dules/appium02/n-fdode_88-4modules/babe722-8b5b-92e91949dl-ru161nti/elemme/rent &amp#27;[39m&amp#27;ege[31mnerator500&amp#27;[39m &amp#27;[90m31 ms /runtime.js:- 16315:22)
&amp#27;[35m[M4&amp#27;[39m
&amp#27;[35m[HTTP]&amp#27;[3JSO9m &amp#27;[90mNWP]&amp#27;[&amp#27;[39m     39at m
Gen&amp#27;[er35matorFunc[HTtiTP]&amp#27;[39m &amp#27;[37m-->&amp#27;[39m &amp#27;[onPrototype.prototype.(anonymous func37mPOtion) [ST&amp#27;as[39m  th&amp#27;[ro37m/w]wd (/hu/usrb/s/locessialon/6c0/lib/node3350_m2-fd88-472odul2-8b5es/appium/nb-92e9ode_mo1949d161/elemedunt&amp#27;[les/ba39m
&amp#27;[35m[HTTP]&amp#27;bel-r[39m &amp#27;[90m{"uuntimesing/r":"id","value":"egenerator/runtcom.Slack:iime.d/next_buttonjs:10_ur0:21l_entr)
&amp#27;y"[35m[}&amp#27;[3MJ9mSO
[debuNWg]P]&amp#27;[ &amp#27;39[3m     a5m[t W3C]&amp#27;[39m GeneratorFunctCalling AppiumDriionProvertot.findEleype.invment(oke ) (/withusr arg/local/libs: ["id","com.Sla/nckode_modules/appium:id/next_bu/node_mtton_uodurlles/babel-ru_enntimetry/regen",erator/runt"6c033502-fime.js:136:37)
d88-4722&amp#27;[35m[MJS-8b5b-92ONWPe9]&amp#27;[39m Encou1949ntered internal errord161"]
 r[dunning comebug] &amp#27;[35m[mandBa: NoSseuchDriver]&amp#27;El[39emm Valid locatorentE stratrroegr: iesAn eleme for thnt could not is rbeequest: xpath loc, atid, ed on the classpage u namesin, ag theccessibility id, -an gidroid uiaveutomatorn 
[debug] searc&amp#27;[3h parame5mters.[Base
&amp#27;[3Dri5mver]&amp#27;[39m Waiting up[MJSONW toP]&amp#27;[39m      0 msat Andro foridUia conditionut
[domebator2Drivug]er.cal &amp#27;[35m[JSONWP lee$0$0$Prox (/y]&amp#27;[39m Musr/local/liatcb/hed '/element'node to command name 'find_mElemeodules/ntap'
[debpium/node_moduluges/appiu] &amp#27;[35m[m-anJSONWdroP id-dPrriveroxy]&amp#27;[39/lib/commm Prandsoxying /f[Pind.js:OS75:1T /element]1)
 to [POST http://loca&amp#27;[lhost:358201/wd/m[hub/session/5MJSOa2NWP]&amp#27;[39m     at try7cCatc767-9791-4751h (/us-872d-2er/lod612ccal/ld60ib/node_6d/emodulelement] s/awippiuth bodym/no: {de_m"straodules/babtegy":"id"el,"sel-runtectime/or":"com.Slreackge:ineratod/nextr/runtime.js_button_url_:67:40)
&amp#27;[35m[MJSONWP]&amp#27;[39m     at enGeneratorFunctionProtrtotype.iny","convotextke [as _inv":oke] (/""usr,"m/loultiple":false}
cal/lib/n[debug] ode_&amp#27;[35m[MJSmoONdules/appiuWPm/node_]&amp#27;[39m Matchemodules/babel-runtime/regened JSONWP errorar code 7 ttor/o Nruntime.js:oS315uchElem:22)
entErro&amp#27;[35m[MJr
SONWP]&amp#27;&amp#27;[35m[HT[39m TP]&amp#27;   [39m &amp#27;[37m<- at Genera- POST /wd/torFhub/session/unctionProto6c0type.prototype.(33anonymou50s 2-fd8funct8-4io722-n)8b [as throw5b-92e91949d1] 61/element &amp#27;[(/usr/39mlocal/lib/&amp#27;[31node_modules/apm500&amp#27;[3pium/node_9m &amp#27;modu[90mle34s/ba ms bel-ru- 164&amp#27;ntime/regener[39m
&amp#27;ator/[35runtime.js:100m[HTTP]&amp#27;[39m:21)
&amp#27;[3 &amp#27;[90m5m&amp#27;[[M39m
&amp#27;[3JSON5mWP[HTTP]&amp#27;[39]&amp#27;[39m m &amp#27;[37m    at Gen--eratorFunctionPrototype.invok>&amp#27;[e (/u39sr/lom &amp#27;[37camPOSTl/l&amp#27;[39m &amp#27;[37m/wd/hub/sessiib/noon/6c03350de_modu2-les/appifd88-4722-8um/node_modub5b-92e91949d16les/babel-ru1/element&amp#27;[39m
&amp#27;[35m[HTTntP]&amp#27;ime/regenerator/run[39m &amp#27;time.j[9s:136:30m{"us7)
&amp#27;ing":"id","value":"co[3m.Slack5m:id/n[Mext_buJStton_uONWP]&amp#27;[39m rl_entry"Encount}&amp#27;ere[39d m
[dinternalebug error running comman] d: NoSuchElementError: An e&amp#27;[35m[W3C]&amp#27;[39m Calling AppiumDriver.findElemelement could nt() with args: ["id","conot bm.Slack:id/e lneocatxt_ed button_url_enon the try",page "6usc0ing33502-fd the88- giv472en se2-8b5b-92e91949d161"]
[debarug] &amp#27;[35mch parame[BateseDrivrs.
&amp#27;[35m[MJSONerWP]&amp#27;[]&amp#27;[39m 39mVali     at Android locator stradUiautomteator2Drivgieser for this request: x.calpathlee$0$, id0$, c (/usr/loclass namale,/lib/n accessodeib_moduliliesty/appium/node_m id, -androodules/apid uipium-anautomdrator
[debug] oid-d&amp#27;[river/l35mib[BaseDriver]&amp#27;[39m Waitin/cog up mmandtos/find.js:75:11 0 m)
s &amp#27;[35mfor co[MJSOnditioNWn
[debuP]&amp#27;[3g]9m   &amp#27;   a[3t tryCatch (/u5m[Jsr/local/lib/nodSONWPe_module Prs/oxy]appium/node_m&amp#27;[3odu9mles/babel-runtime/regen Merator/runtime.js:at67:4ch0)
&amp#27;ed '/ele[35ment'm[MJSONWP] to command nam&amp#27;[39m   e 'findE  at leGeneratorFuncment'
[tionPrototdebugype.invoke [a] &amp#27;[35m[JSONWPs  Pro_ixy]nvoke] (/&amp#27;[39mus Pr/local/lib/node_mroxyiodulnges/ [apPOSpium/nodeT /element] to [_modules/babel-POST hruntittp:/me/re/localhost:8201/wd/hubgenerator/s/runtime.js:3essi15on/5a27:2c72)67-9
&amp#27;[37915m-4751-872d-2ed[MJ612cd606d/element] with body: {"strategy":"id","selector":"comSON.SlackWP]:id/&amp#27;[39m     at Gneenext_bratorFunutton_ctionProtourtyl_pe.penrotry","ctoontype.(text":"","multiple":fanalseony}
[modebuus fg] &amp#27;[un35m[MJctioSONWP]&amp#27;[39m Matn) che[as d throw] (/uJSOsrNWP/local/li error code 7 to NoSuchEleb/nomentError
&amp#27;[3de_modules/5m[HTapTPpi]&amp#27;[um39m/n &amp#27;ode_[37m<-- PmoOST /wd/hdules/babel-rub/unsetime/ressigeneraon/6tor/c03350runtim2-fd88-4722-e.js:18b500:21)
b-92&amp#27;[35m[e9MJSO1949dNWP]&amp#27;[39m     161/element &amp#27;[39m&amp#27;[31m500&amp#27;[39m &amp#27;[9at0m36 Gene ms - 164&amp#27;[ratorFunctionProto39mtype.in
&amp#27;[35m[HvokeTTP]&amp#27;[ (/u39sr/locm &amp#27;[90m&amp#27;[39m
al/lib/node_modules/appium/no&amp#27;[35m[deHTTP_modules/bab]&amp#27;el-runt[3ime/regen9m erator/runtime.&amp#27;[js:37m-->136:&amp#27;[3937)m &amp#27;[
&amp#27;[35m37m[MPOSTJSON&amp#27;[39m &amp#27;[37m/wd/hub/session/6c033502-fWPd88-472]&amp#27;[39m Encountered internal e2-8b5rror rub-9nning co2emm9an1949d1d: 61/elNoSuchElemenemtErroentr: A&amp#27;[39m
&amp#27;n element coul[3d no5mt be l[HocaTTtedP]&amp#27;[39m &amp#27;[90m{ on"using":"id","value":"co the page um.Slack:id/nexsing thet_ given sbutton_url_entry"}&amp#27;[39earch pm
[arameters.deb
&amp#27;[35m[MJSONWP]&amp#27;[39m     augt AndroidUi] &amp#27;[3auto5matorm[W3C2Dr]&amp#27;iv[39m Caer.calleellin$0g $0Appi$ umDriver.f(/usr/localindElem/lentib() /nwith oade_mrgs: ["odulesid",/ap"com.piSlacumk:id/next_button_url/n_entryo",de"6c_modules/ap033502pium-fd88--android-driver/lib/comman4722-8b5b-92ds/find.js:75e91949d:1161"1)
]
&amp#27;[3[5m[Mdebug] &amp#27;[3JSONW5m[BP]&amp#27;aseDr[3ive9m   r]  at &amp#27;[39m VatrliyCd locator atcsth (/usr/locraal/litegies bfor th/nodis requese_modulet:s/ xpath, id, class name, acappium/node_modules/babel-runtime/regeneratocessr/runtiibme.js:67:40)
ility &amp#27;[3id, -an5m[MJSONWP]&amp#27;[39mdr     at Generoid uiautoatorFunctionPrototype.invoke [as _invmator
[debug] &amp#27;[35m[BokeaseDriver] (/usr/local/lib/node_module]&amp#27;[39ms/appium/node_modules/babel-runtime Wai/regentieratng up toor 0 m/runts for coime.nditionjs:315:22)
[d
ebug&amp#27;[3] &amp#27;[5m35m[MJSO[JSNWP]ON&amp#27;[WP Proxy]&amp#27;[39m M39m  atch   at Genederator '/elemFuncent' totio command nnPame 'findElement'
[debug] &amp#27;[35m[JSONWP Proxy]&amp#27;[39m Proxying [Prototype.prototypOST e/element.(anonymous function) [as t] to [POST http://localhost:82hrow] (/usr/local/lib/node_modules01/wd/hub/s/appium/node_moession/5a27c767-dul9791-47es51-872d-/bab2edel-612cd606druntime/re/element] with body: {"strategy":"id",generator/runtime.js:100:21)
&amp#27;[35m[MJSONWP]&amp#27;[39m     at GeneratorFu"selectnctor":ionPr"com.Slack:id/next_bototype.invoke u(/usr/tlton_url_ocentry","calontext":"","multiple"/l:false}
[ibdeb/nodug]e_mod &amp#27;[35ulem[MJs/SONWPap]&amp#27;[39m piuMatm/nochde_moduled JSOes/bNWP errorab codel-runtime/regenee 7rato to r/runNoSuctimehE.js:1lemen36:37)
&amp#27;[3tE5m[MJrror
&amp#27;[SONWP35m[HT]&amp#27;[3TP]9&amp#27;[m E39m ncountered i&amp#27;[nternal 37error runnim<--ng P cOST /wommand: NoSd/huuchElemenb/tErrsession/6c033502-for:d88 A-4722-8b5b-92e919n 49d161eleme/ent coullementd  &amp#27;[39not be located m&amp#27;[3on the page1m500&amp#27;[ using the39 gm &amp#27;[90m33 ms - 164iv&amp#27;[39m
en&amp#27;[35m search pa[HTTP]&amp#27;[39m rameters.
&amp#27;[35&amp#27;[90m&amp#27;m[MJS[3ONWP9m
&amp#27;]&amp#27;[39m     at AndroidUiautomator2[3Driver5m[.cHTallTP]&amp#27;ee[39m &amp#27;[$0$0$ (/u37m-sr/local/lib/node_mo->&amp#27;dul[39m &amp#27;[37mPOSTes/ap&amp#27;[pium/node_modules3/app9m ium-an&amp#27;[37m/wd/hub/session/6c0335droid-02-drfd88iv-4722-8b5b-er/l92e919ib/49d161co/elmmemanent&amp#27;ds/find.js:75:11)
&amp#27;[35m[MJS[3ONWP]9m
&amp#27;[35m[HTTP]&amp#27;[3&amp#27;9[39m m &amp#27;[90  m{"u  sing":"idat t","value":"rycomCa.Sltch (/usr/local/ack:id/next_button_urllib/node_m_enoduletry"}s/appium/no&amp#27;[39mde_modules/babel-runtime/regenerator/runtime.js:67:40)
&amp#27;[35m[MJSONWP]&amp#27;[39m     at GeneratorFunctionPrototype.invoke [as _invoke] (/usr/local/lib/no
[debudeg] &amp#27;[35m[W3C]&amp#27;[39m _moCallindg ApulespiumDriver.fi/appndElementium() with ar/gsno: de["id","_modules/babel-runtime/recom.Sgenerator/runtime.lacjs:315:22k:id)
/n&amp#27;[ext_but35ton_um[MJSONWP]&amp#27;[39m     at Grlenerato_entrFuncry","6c0335tion02Proto-fdty88-47pe.prototype.(anonymous fun22-8b5b-92e91949cd1tion61) "][as throw
[] (debug] &amp#27;[35m[B/usasr/local/eDrliiverb/]&amp#27;[no39m Vade_modules/alid lppocator strategiiuesm/no fdeor_mod this ules/rebabequesl-runt: xtime/rpath,ege idne, class narmeator, /raccesunsitimbilie.js:ty10 i0:d, -an21dr)
&amp#27;[oid35m[MJSONWP u]&amp#27;iautoma[39tor
[m  de   abug] t Generat&amp#27;[35m[orFunctionPBasrototypeDriver]e.invoke (/usr/&amp#27;[local/39m Waitinlg up to 0 mibs/ for condnodeition
[debug] &amp#27;[35m[JS_modules/apONpiWP um/Proxy]&amp#27;[39m Mnoatcheded '/e_mleodulment' teso /bacobel-runtmmanimed nam/rege 'fenindEleeratoment'
[debur/rug]nt &amp#27;ime.js:136:37)[3
&amp#27;5m[JS[35ONWP Prom[MJSONWxy]P]&amp#27;&amp#27;[39[3m Pr9m Encounteredoxying [ iPOSTnt /eleermenal nt] error running comtmao [POnd:ST http://localhost:8201/ NoSuwd/hub/chseElementError: Assionn element c/5oula27d not be located oc76n the 7-9791-pa475ge1-872d-2ed61 using th2cd606d/element]e gi wiven search parameters.
&amp#27;[35thm[MJSONWP]&amp#27;[39m     at body Andr: {oi"stdUiautomator2Driver.crategay":"llee$0$0id","sel$ (/usr/loector":"cocam.Slackl/li:b/noid/nde_moduleext_button_urls/a_enpptry","ium/nodcoe_ntexmodtules":"","multiple":false}/appiu
[debug] &amp#27;[m-a35m[Mndroid-drivJSONWPer/lib/comm]&amp#27;[39m andMas/find.js:7tc5:11)
&amp#27;[35m[Mhed JSONWP]&amp#27;[39m JS    at tONryWP error code 7 toCa NoSuchtch (El/usrementError/l
&amp#27;[ocal/35m[Hlib/node_moduleTTs/appium/P]node_m&amp#27;[39modules/babe &amp#27;[37l-m<-runtime/regenerator/ru- POST /wd/hub/sessiontn/6c0im33e.js:67:4050)
&amp#27;[32-fd85m[MJSONWP8-4]&amp#27;[39m 72  2-8b5b-  92e9at G1949deneratorFunctionProto161/elemetype.inntvoke [a &amp#27;s _i[39m&amp#27;[31m500&amp#27;nvoke][39m  (/usr/l&amp#27;[9ocal/0m22 ms - 16lib/4&amp#27;node_modules/[app39mium/nod
&amp#27;[35m[HTTP]&amp#27;[39m &amp#27;[90m&amp#27;[e_modul39m
&amp#27;[es/babel-runtim35e/regm[HTTPene]&amp#27;[rator/runtime39m .js:315:22)
&amp#27;[35m[MJSONW&amp#27;[3P]7m&amp#27;[--39>&amp#27;m [3  9m   &amp#27;[37mPOST&amp#27;[39m &amp#27;[37m/at Gwd/huben/session/6eratc033502-fd88-4722-8b5borF-92unctionPe91949d1rotot61/ypelement&amp#27;e.pr[39m
&amp#27;[35m[HTTP]&amp#27;ot[39mot &amp#27;[9ype.(0manonymous function) [as th{"usingro":"w] (/id","usr/lvalue":"ocalcom./lib/Slacnode_moduk:id/lenext_button_s/urlap_epium/nntry"}&amp#27;[39m
[deode_modulesbu/babel-rug]ntime &amp#27;/regene[35m[W3C]&amp#27;[rator/run39m Calltimeing Ap.jpiums:100Driver.:2fi1)ndEl
&amp#27;ement() [3wit5m[MJSONWP]&amp#27;[h a39m rgs    at Genera: ["id","cotorFunctionPrototype.invom.Slke (/usr/lacko:id/cal/lib/node_modulnext_es/appium/nodbutte_modon_ules/babeurll-_entry",runtime/regenerator/runtime.js:136:37)
&amp#27;[35m[MJSONWP]&amp#27;[39m Encountered internal error running command: No"6c033502-fdSuchElementError: An element coul88-4722-8b5b-92e91d not be lo949d161"cated on the page us]
[debug] &amp#27;[35m[Baing theseDri given search parametervers.
&amp#27;[35m[]&amp#27;MJ[39m ValiSd locatorON sWP]&amp#27;[3trat9m egies     at Androfoidr thisUi rautequeomator2st:Drive xpath, id,r.cal clelass e$0$0$ (/usr/lnamocal/lib/node_modue, accles/apespium/nosidebilit_modules/apy ipid, -andum-android-driver/lroid uiib/commands/fiautomatond.js:7r
[5:d11)
ebu&amp#27;[35g] &amp#27;[35m[Bam[MJSOseNWDrivP]er]&amp#27;[39m &amp#27;[39m  Waiting u   ap to 0t tryCatch (/usr/local/lib/node_modules/app ms for condition
ium/n[debug] &amp#27;ode_modules/[35m[JSONbaWP Proxy]&amp#27;bel-r[39m Muntime/rategenerator/runtimchede.js:67:40)
 '/&amp#27;[35m[MJSelement' toONWP]&amp#27;[39m     at  commandGe namneratorFue 'finctionProtondEtype.inlemvokeent'
[debug] &amp#27;[35m[JSONWP P r[aoxy]&amp#27;[39m Proxys _invoke] (/using [POST r/local/l/element] to [Pib/node_modules/appiOST http://localhost:8201/um/node_wd/hub/smodulesession/babel-runtime/regenera/5a27c7tor67-9791-4751-872/rund-2timeed612cd606d/e.js:lement] with body: {"str3a15:22)
&amp#27;[35m[teMJgy":"id",SONWP]"s&amp#27;[39m   elector":"com.Slack:id/next_  at GbuentteratorFunon_urlctionProtot_enype.prototyptre.(anonyy","contexmot":"","multius fuplenction) [a":s throw] (/usr/lofalse}cal/lib/node_mo
[debug] &amp#27;[35mdu[MJles/aSONppiumWP/n]&amp#27;[ode_mod39m Maulestc/babehed Jl-SONWPrunti error come/regeneradetor/ 7 truntio NoSuchEme.js:leme100:21)
ntE&amp#27;[35m[MJSONWP]r&amp#27;[39ror
&amp#27;m     at[ GeneratorFunctionPrototype.invoke35m [HTTP]&amp#27;[3(/usr/local/lib/n9m ode_m&amp#27;[odules37m<-- /appiPOum/SnoT /wd/dehu_modulb/sesession/6/babel-c03run35tim02e/-fregenerator/runtime.d88-4722js:1-836b5b-92e:379194)
&amp#27;[9d35m[M16JS1/elementONWP]&amp#27;[39m Encountered  &amp#27;[39m&amp#27;inte[31m500&amp#27;rnal[39 error runm ning&amp#27;[ com90mm29 ms -and:  164No&amp#27;[39m
SuchE&amp#27;[35lementErm[Hror:TTP]&amp#27;[39m &amp#27;[ An e90m&amp#27;[39m
&amp#27;[35m[HlemenTTP]t cou&amp#27;[39ldm  not be &amp#27;[lo37m-->&amp#27;[39mcated o &amp#27;[37mPOST&amp#27;[3n th9m &amp#27;[3e pa7m/wge usingd/ thehu gib/sessven searcion/6c033502h p-fdarame88-ters.
&amp#27;47[35m[M22JSONW-8bP]&amp#27;[39m  5b-92e9  1949d at And161/elemeroidUiaunt&amp#27;[3tomato9r2Drm
iver&amp#27;[35.cm[allee$0$0HTTP$ ]&amp#27;[3(/usr/loc9m al/&amp#27;[li90m{"using":"id","value":b/node_mod"com.Slacules/ak:id/neppxtiu_buttm/node_moon_url_entry"}&amp#27;[du39m
[dles/appium-android-ebudriver/libg] /commands/find.js:75:11)&amp#27;[35m[W3C
&amp#27;[35m[]&amp#27;[3MJSON9m WPCa]&amp#27;[39m  lli  ng Appi at tryumDriver.findElement() withCa argstch : [(/usr/lo"ical/lid","cb/nom.Slack:id/next_button_uodrl_entre_mody","6c033502-fd88-4722-8b5bules/ap-92e91949d161"]
[dpiuebug] &amp#27;[3m/n5m[ode_BaseDrivemor]du&amp#27;[39m Valid locator sltraes/babeltegies for this request: xpath, id,-runt clasimes n/regenerator/ame, aruccntimeessibi.litjy id, -ands:6ro7:40)
&amp#27;[35m[MJSONid uiautomator
[debug] &amp#27;[35m[BaseDriver]&amp#27;[39m WaitWP]&amp#27;ing [3up to 0 ms fo9m r condition
[debug]    at &amp#27;[35m[JSONWP Proxy]&amp#27;[39m Ma GeneratorFunctionPrototype.invoke [as _invoke] (/usr/local/lib/node_modules/appium/node_modules/babel-runtime/regenerator/runtime.js:315:22)
&amp#27;[35m[MJSONWP]&amp#27;[39m     at Gtched '/eleneratorFunctionPrototype.prototype.(anonymous functiement' to common)and  [as throw] (/usr/name 'findElement'
[debug] &amp#27;[35m[JSOlocal/lib/nNWode_modulP Proxy]&amp#27;[3es9m /appium/node_modulesPro/babel-rxyiuntime/reng [generatPOorST //element] to runtime.js:[POST h100:21)
&amp#27;[35ttp://lom[MJSONWP]&amp#27;[39m     calhosat Generatot:8201/wd/hub/session/5a27c767-9791-4751-rFunc872d-2etiod612cd606d/element] withnPrototype.invoke (/usr/local/lib/node_modules/appium/node_ modules/babel-runtime/regeneratbody: {"strategor/runtime.js:136:37)
&amp#27;[35m[MJSONWP]&amp#27;[39m Encoy":"untered internal error running command: NoSuchid","selector":"com.Slack:id/Elnext_ementErbutton_url_entry",ror: An element coul"cond tenot be lxt":"","multiocaple"ted on:false}
[debug] &amp#27; t[35he pagm[e uMJSONWPsing the giv]&amp#27;[39m Matched en search parameters.
&amp#27;JSONWP[35 errorm[MJS code 7 toONWP]&amp#27;[39 NoSuchEmlem     at AndrentError
&amp#27;[35moidU[HTTP]&amp#27;[39m &amp#27;[iauto37m<-- POST /wdmator2Dr/hiver.callee$0$0$ (/usrub/ses/lsion/6c033502ocal/lib/node_mod-fdules/appium/node_modules/a88-472ppiu2m-androi-8b5b-d-dri92e91949d161/evelement &amp#27;r/lib/command[39ms/find.js&amp#27;[31m500&amp#27;[39m &amp#27;[90m33 ms -:7 15:11)
&amp#27;64&amp#27;[3[35m9m
[MJSONWP]&amp#27;&amp#27;[3[39m     at5m[HTTP] tryCatch &amp#27;[39(/m &amp#27;[9usr0m&amp#27;[39m/l
&amp#27;[35m[HTocal/TP]&amp#27;lib/node_module[39s/am &amp#27;[37m-->&amp#27;[39m &amp#27;[37ppium/node_mmPOSTod&amp#27;[3ul9m &amp#27;[3es/ba7mbel-ru/wntime/red/hugeb/sneesratosionr//6runc033502-fd88-ti47me.js:67:4220)
&amp#27;[35m[MJ-8b5b-SONW92e91949d1P]&amp#27;61/element&amp#27;[39m
&amp#27;[35m[H[39m TTP]&amp#27;    a[3t 9m GeneratorFunctionPrototype&amp#27;[90m{"usin.invokeg":"id"," [valuase": _"com.Slack:id/neinvoxt_button_ke] (/usr/local/lib/node_modurlul_entry"}es/appium/node_modules/babel-runtime/rege&amp#27;[39nem
[deratobug] &amp#27;[35r/m[W3C]&amp#27;[39m runtime.jCallis:315:ng Ap22piumDrive)
&amp#27;[35m[MJr.findSONWP]&amp#27;Elem[39m ent   () with  at Gargs: ["id",enerator"com.Slack:id/next_FunctiobuttonnPrototyp_url_entry","6c033502-fd88-4722-8be.5b-92prototype.(e91a949dnonymous functio16n) 1"]
[as t[debug] &amp#27;[35m[hroBasew]Drive (/ur]&amp#27;sr/local[39m Val/lib/nodeid l_mocator stodules/aprategipiuesm/nod fe_modules/babel-or this rrueqntuesimt:e/regener xpath, ator/runtime.jsid, :100:21)
&amp#27;[class name, acc35m[MJSONWPessibility id, -andro]&amp#27;[39m     aidt Ge uneriautomator
atorFunctionPrototype.invoke (/usr/local/lib/n[debodug] &amp#27;[3e_modules/a5m[Bppium/node_modules/aseDriver]&amp#27;[39m Waiting up to 0 ms for condition
[debug] &amp#27;[35m[JSONWbaP Pbel-runtroxy]&amp#27;[39m Mimeatched '/el/rement' to commegenerator/runtiand name 'me.js:1findE36:3lement'7)
&amp#27;[35m[MJSO
[debNWug] &amp#27;[3P]&amp#27;[39m Encount5mered[JSO internal error running command: NWP PNoSuchElementroxy]&amp#27;[39Error: Am nP roxying [POST /element] to eleme[POST http://localhntost coul:820d not1/wd be /hub/selocassion/5a27c767-9791-ted 47on the page using51-872d-2e the gid612ven searchcd606d/e lemeparntamet] ers.
wi&amp#27;[3th 5m[MbodyJSONWP]&amp#27;[39: {"strm at   egy":"id", a"selt ectAnor"droi:"dUiautomator2Drivcomer.cal.Slee$0$0$ (/ulasr/locck:al/lid/neib/node_mxodulet_bus/atton_urlppium_entry","context"/n:"",ode_modules/appium-android-driver/lib/com"mmanuldstiple":fa/find.js:75:11)
&amp#27;[lse}35m
[debug] &amp#27;[35m[MJSONWP][M&amp#27;[39m JSO  NWP  at tryCatch (/]&amp#27;[39m Matched JSONWP error code 7 to NoSuchElementErrousr
&amp#27;[35m[HTTr/P]&amp#27;[39m &amp#27;[3lo7m<cal--/lib/n Pode_modules/appiOSum/nodT /wd/hub/e_modulsees/babel-runssion/6time/regenerator/runc03350time.2-fjsd88-4722:6-87:b5b-9240)e91949d
&amp#27;[35m[161/elMJemSONWP]&amp#27;[39ent &amp#27;[39m     am&amp#27;t G[3enerat1m500orF&amp#27;[39m uncti&amp#27;[90m3on0 mPrs - 16ot4&amp#27;[otype.invoke [39m
&amp#27;a[3s _i5m[HTTP]&amp#27;nvo[39m &amp#27;[90ke]m&amp#27; (/usr/l[39m
&amp#27;[ocal/lib/node_modu35m[les/HTTP]appi&amp#27;[3um/n9m &amp#27;[37odem-->_modules/b&amp#27;[39m &amp#27;[3ab7mPOSTel-ru&amp#27;[39m ntime/regenera&amp#27;[tor/runt37m/wd/hime.jsub/se:3ss15:22)
ion&amp#27;[3/6c035m3502-f[Md88-472JSO2-8bNW5b-92e91949P]&amp#27;[39m    d161/ at GeneratorFunctioelement&amp#27;[39nPm
roto&amp#27;[type.35prm[otHTotype.(TPan]&amp#27;on[39m &amp#27;[90m{ym"usingous ":"functiid"on) [as,"value":"com. thSlrow] (/uack:id/nsrex/local/lib/node_mot_budules/appiumtton/node_modul_url_entes/babel-ruryntim"}&amp#27;[39m
[de/regeebug]nera &amp#27;[35m[W3tor/runtiC]&amp#27;[me.j39m s:Call10in0:21)
&amp#27;g [35m[MAppiumDriver.JSOfindElemeNWP]&amp#27;[nt() with 39m     argsat:  Generator["Fuidnc","ctionProm.Slack:ototype.invoke (/usr/id/nelocaxt_buttonl/lib/_url_entry"no,"6c0de33502-fd8_m8-4722-8odb5ulb-9es/appium/node_2emo91949d16du1"]
[debuleg] &amp#27;[s/babe35m[Bal-ruseDrivntimeer]&amp#27;[/regenera39tor/rum ntiVame.jlids: loc136:37)
at&amp#27;[35or strm[atMJSOegNWP]ies &amp#27;[fo39m Encounr this requteest: xrepath, id d, cinlatess nrname, acal ercessibiliroty idr , -androirunningd u ciauommatomandtor
: No[dSuebug] &amp#27;[35chEm[BaseDriverle]&amp#27;[ment39m WaEritingro up to 0 r: An element ms for conditicould not be locateond o
[n tdebughe] &amp#27;[35m[JSONWP Pr poxagey]&amp#27;[39m Matc uhed '/sing theleme given searench t' to parameters.
&amp#27;[command35m na[MJSONWP]&amp#27;[39m    me 'fin at AndrdEloiemendUiaut'to
[madebug] tor2Drive&amp#27;[3r.callee$0$0$ (5m[JSONWP Proxy]/usr/lo&amp#27;[39m Proxying [POST /element] to [caPOST htl/litpb/n:/ode_/localhosmot:8201/wdud/hules/b/seappium/ssion/5a27cnod76e_modules/7-97appium91-4751-8-and72d-2eroid-driver/d612lib/cocdmm606d/elemeands/nt] wfind.jsit:75:h b11)
&amp#27;[ody: 35{"stratm[MegyJSONWP]":"id","s&amp#27;[39m    el at trectyCor"at:"com.Sch (/ulasr/local/ck:id/next_bulib/nodetton_modules/_urlapp_enium/try","contextnode_m":"",od"mules/babultipelle":f-raluntimse}
[debe/regug] ene&amp#27;[3rator/5m[runtimMJSONe.js:67:40WP]&amp#27;[)
39m Matched JSO&amp#27;[NWP error c35m[Mode JS7 ONWPto ]&amp#27;No[3Su9m     at GchenerElementatorFuError
ncti&amp#27;[35monPro[totyHTTP]&amp#27;[3pe.i9m &amp#27;[37m<-- POSTnv /wd/hub/soke [as es_ision/6c033502-nvofd8ke]8-4 (722-8b5b-92e/u91949d161/element &amp#27;[39srm&amp#27;/local[3/lib/no1mde_modules/appium/node_modules/babel-runti500&amp#27;[39mme/r &amp#27;[eg90m25 enms - 16er4&amp#27;ato[3r/r9m
&amp#27;[35m[Huntime.jTTs:315:22P])
&amp#27;[35m&amp#27;[3[M9m JSONW&amp#27;[90mP]&amp#27;[39m     &amp#27;[3at Genera9m
&amp#27;[3torFunc5m[HTTP]&amp#27;tio[39m nPro&amp#27;[toty37m-->&amp#27;[39m &amp#27;pe.[37mPOST&amp#27;[39m prototy&amp#27;[pe.(anonymou37s funcm/tiwd/hub/session/6con) [as throw] (/usr/l033ocal/lib502-fd88/node-4722-8b5b-9_modules/2eappium/91949d161/nodeelement&amp#27;[3_mod9m
ules/babel-runtime/regenerator/&amp#27;[35m[HTTP]&amp#27;[runtime.js:100:21)
&amp#27;[35m[39mMJSONWP]&amp#27;[3 &amp#27;[9m 90    at Genm{"usieratorFunng":"id","value":ctionProt"cotype.invoke (/usr/local/libom.Slac/node_mk:id/nodules/ext_button_url_entry"}&amp#27;[appium/39m
node_modules/babel-runtime[debug] &amp#27;[3/re5m[W3generatorC]/runtim&amp#27;[39me.js:1 Cal36li:3ng 7)AppiumD
&amp#27;rive[35m[MJSONWr.findElemePn]&amp#27;[t() 39m wiEnth args: ["id","cocountered m.Slack:id/ninternaexl t_button_urler_entry","6c0335ror running command: NoS02-fduchEle88-4722-8b5b-92e919mentError: An eleme49d161"]
[debug] &amp#27;[nt c35m[BaseDriverou]&amp#27;[3ld no9m t beVa llid locator strocateategiesd on t for thhe paisge using the given search paramete rers.
&amp#27;[35m[MJSONWP]&amp#27;[39m     quesat AndroidUiautomt: xpath,ator2Driv id, ercl.calleeass $0$0$ (na/usrme/local/lib/nod, acce_modules/appessibiliium/node_moduty id, -android uiautomatlesor
[debug] &amp#27;[35m/ap[Bapium-seDrivaerndro]&amp#27;[39m Waiting up to 0 ms idfor condi-driver/lib/commands/tifind.js:75on:1
[d1)
ebug] &amp#27;[&amp#27;[3535m[Jm[MJSONWSONWP]&amp#27;[39m  P   Proxy]&amp#27;[39m Matched '/element' to command name 'f at tryCatch (/usr/local/lib/node_modulindEes/aplemenpium/node_modules/bt'
[dabel-ruebntug]ime/reg &amp#27;[35m[JenSONWPe Prrator/runtioxy]&amp#27;[39m Proxying [POSme.js:67:40)
&amp#27;T [35m/elemen[MJSONWt]P]&amp#27;[39m to     at GeneratorFun [ctioPOST nPrototype.invoke [ashttp _i://localhonvst:8201oke] (/wd/hub/session/5a27c767-9791-4751-872d-2ed612cd606d/elem/uensr/local/lib/nt] wiode_modules/apthpi body: {"um/nodstratee_gymo":"idules/bd","seableel-ctorrun":"ticomem./regSlenack:id/erator/runtinemext_but.js:315:22)
&amp#27;[35m[MJSONWP]ton_url_entry","context":"&amp#27;[39m     at GeneratorFunctionProtot","multiple":false}ype.prot
[dotyebug] &amp#27;[35m[MJSpe.(anonymouONWPs fun]&amp#27;[39m ctionMat) [as ched JSONWP error code 7 throtow] (/ NoSucusr/locahElementError
&amp#27;[35m[HTTP]&amp#27;[3l/lib/n9m &amp#27;ode_modul[37m<es/appium/-- POST /wd/hub/session/6c033502-fd88-4722-8b5b-92node_modules/babe91949eld1-run61/elemtienme/regent era&amp#27;[39torm&amp#27;[31m5/ru00ntime.&amp#27;[39m js:&amp#27;[90m26 m100:21s)
&amp#27;[35m[M JSONWP]&amp#27;[3- 9m164&amp#27;[39m
&amp#27;[35m[HT    TP a]&amp#27;t [39m &amp#27;[90m&amp#27;[39m
&amp#27;[35m[HTTP]&amp#27;[39mGen &amp#27;eratorFunct[37m-->&amp#27;[39m &amp#27;[37mPOST&amp#27;[3ionPr9mototype.inv &amp#27;[37m/wd/hokub/session/e (/6cusr/local/lib/033502-fd88-node_modules/ap4p722-ium/node_m8b5b-92e9odu1949dles/b161/elemenabt&amp#27;[39m
&amp#27;[35mel[H-rTTPun]&amp#27;[39m &amp#27;[90m{"timeusing":/regene"id"rator/runtime.j,"vas:136lue":"com.:37)
Sla&amp#27;[35ck:id/nm[MJSONWPe]&amp#27;[39m xtEncountered inte_buttonrnal error running _url_entry"}&amp#27;[comman39m
[debug]d: NoSuch &amp#27;[35m[WElement3C]&amp#27;[39m Calling AError: AppiumDrivn eler.findElement coement(uld not be locate) with argsd on : ["the page uid","sicom.Slangck:id/next_bu the gitton_url_entvenry","6c search parameter033502-s.fd88-
&amp#27;4722-8b5b-92e91949[3d161"]5m
[debug] &amp#27;[MJSONWP]&amp#27;[39m     at[35m[ AnBadroseDriverid]&amp#27;[39mUiaut oVamatlior2d lDroivercator s.caltrleate$0$egies0$ (/usr fo/lor thiscal/lib/nod request: xe_modulpath, es/appium/noid, declass name_modules/ap, accessipium-androbility id, -android uiaid-driver/lib/coutomator
[debug]mm ands/find.js:&amp#27;[35m[75:Ba11seDriver]&amp#27;[39)
m &amp#27;[3Wait5ming up to[MJSON 0 WmPs for condition
[debug] &amp#27;[35m[JSONWP Proxy]&amp#27;[39m Matched '/element' to command]&amp#27;[39 m     anat tryCatcme 'fh (indElement'/usr/lo
[debug] &amp#27;ca[35m[JSONl/lib/nWP Proxy]&amp#27;[39m Proxying [POST /element] to [POST http://lode_modules/appium/nodeocalhost:8201/wd/hub/session/5_modulesa27c767-9791-4751-872d-2ed612cd606d/element] with body: {"strategy":"id","selector":"com.Slack:id/next_button_url_entry","context":"","multiple":false}
[debug] &amp#27;[35m[MJSON/WP]&amp#27;[39m Matchebabel-runtime/reged JSneratorON/runtimWP error ce.js:od67:e 740)
 to NoSuchElementErro&amp#27;[35m[MJr
SONWP]&amp#27;[35m[&amp#27;[39HTTP]m     at&amp#27;[39m &amp#27;[ Gener37m<-- POatSTor /FunctiwdonProt/huotypb/sessioe.invoke [ans _/6invoke] (/usr/lc03350oc2-fald/lib/node_modules/appium/no88-4722-8deb5b-92e91949d161/eleme_mnt od&amp#27;[ule39m&amp#27;s/babe[l31-runtm500ime/regen&amp#27;[39eram &amp#27;[90m2to6 ms - 1r/r64&amp#27;unt[39mi
&amp#27;me.js:3[315:5m[22)HTTP]&amp#27;[39m 
&amp#27;[35m[MJSONWP]&amp#27;[39m     at GeneratorFun&amp#27;[90m&amp#27;[39m
&amp#27;[35ctionm[HTTP]&amp#27;[39m &amp#27;Prototype[37m-->&amp#27;.p[ro39m to&amp#27;[type.(a37mnoPOST&amp#27;[39m &amp#27;[nymous fu37m/wncd/hution) [as throwb/sessi] on/(/u6c033502-sr/locfd88-4al722-8b5/lib-92b/node_module9es1949d161/element&amp#27;[3/appiu9m
&amp#27;m/n[35m[HTTodP]e_&amp#27;[39m &amp#27;[90modulesm{"using/ba"bel-runti:"id","value":"com.me/regSlaenerator/ruck:id/nntime.jsext:100:_button_url_e21)ntry
&amp#27;"}&amp#27;[39m
[debug] &amp#27;[35m[W3[35mC]&amp#27;[39m Ca[MJSONWP]&amp#27;[lli3ng A9m   ppiumD  at GerivneratorFunctionPrototype.invoker.findElee (ment()/usr/ with args: ["id","clocal/lib/node_modules/appium/node_modules/babom.el-runtime/regenerator/Slacrunktime.:id/nexjst_b:u136:37)
&amp#27;[35m[MJSONWP]&amp#27;[39m Encounteretton_urld internal er_entry"r,"6c033502-fd88-4or 722-8b5b-92e91949d161run"]
[debug] &amp#27;[35ningm[Ba command:seDriver]&amp#27;[39m Valid l oNoSuchElementEcator strategies forror: Anr this request: element c xpath, id, class naoumeld, acc nessibility idot, -a bendro lid uocated iautomatoron the page using th
[e gdebug] &amp#27;[35m[Basiven eDriver]&amp#27;[39m Waitinsearg upch para tome 0ters ms for condition
[debu.
&amp#27;g] &amp#27;[35m[3[MJ5m[SONWP]&amp#27;[39JSOm     atNWP  AndroProxy]idUia&amp#27;[utomator2Drive39mr.c Matcallehed 'e$0/elemen$0$ (/tus' to comr/lmaocal/lnd name 'findibElement'/no
[dedebug] &amp#27;[35m[JSONW_moduP Proxy]&amp#27;les/a[39m Proxyippiumng [P/node_modules/apOpiumST-and /roelid-driveer/lib/commands/findment.js] :75:11)
&amp#27;[35m[MJSOtoNWP [PO]&amp#27;[39m     at tryCST http://localhost:8201atch (/u/wd/srhub/ses/locasiol/lib/node_mn/od5a2ul7c7es67/-9app791-4751-ium/n872od-de_2emod6du12cdles606d/ele/babel-rment]un witime/regth beneraodtory: {"st/runtraimtegy"e.js:":67:40id",")
&amp#27;[se35m[MJSONlectWP]&amp#27;[39m  or":"com.Sl   at Generack:idatorFunctionP/nexrottoty_butpe.toninvoke _url_[aentry","context":"s ","mu_invokltiple":e]fal (/usser/local}
[de/lib/nodbue_mg] &amp#27;[35m[Modules/appiuJSm/node_moduONWP]&amp#27;[39m Matchles/edba JSONWP bel-runtierme/regeror code 7 tneo rator/runtiNoSuchEleme.js:315mentE:22)rror
&amp#27;[35m[HTTP
&amp#27;[35]&amp#27;m[39m &amp#27;[3[MJSONWP7m]&amp#27;<-[39- POm ST /    at GeneratwdorFunc/hub/stioessnPrototype.prototype.(aion/6c0nonymous33 fun502-fd88-4722-8b5b-92e91949dction) [as throw] (/usr/loc161a/elel/lib/nodement &amp#27;[39m&amp#27;[31m_mo5du00&amp#27;[39m &amp#27;le[90m23 mss/appium/n - 164&amp#27;[39ode_modulesm
&amp#27;[35m[HTTP]&amp#27;[39m &amp#27;/babel-[90m&amp#27;[39runtimm
e/r&amp#27;[35m[HTTP]&amp#27;[egen39merat &amp#27;or/r[37m-->&amp#27;[39m &amp#27;[37mPOST&amp#27;[39untimm &amp#27;[e.37m/wd/hub/session/6js:1c033502-fd8800:2-417)
22-8b&amp#27;[35m5b-92e91949d161/elem[MJSONWP]&amp#27;ent&amp#27;[3[39m9m
&amp#27;    [35m[ at GenHTTP]&amp#27;[39eratm &amp#27;orFunctionPrototype.[90m{"using":invo"ike (/usd","value":"com.Slr/lacock:al/lid/nib/nodeext__modubutton_ules/aprl_entrpiuy"}&amp#27;[39m
[dm/nodeebu_modules/g]ba &amp#27;bel-runtime[/regen35mer[W3C]&amp#27;[3ator/runtim9m e.js:Ca136llin:g 37)
&amp#27;[3App5m[MiumDriverJSONW.findElement() with args: ["id","P]com.Slac&amp#27;[39m k:id/next_butEnton_url_enctounteredry","6c0335 int02-fdernal 88-4722-8b5b-92e91949d16error runni1"]
[dng coemmbuand: NoSuchElementEgrror: An ] elem&amp#27;[35enm[BaseDrivet r]&amp#27;[co39m Vuld alnot be locidated o locator strategn the iepas foger this u rsing the equgiesvet: n sxpathearch , id, parameters.
class &amp#27;[35m[Mname, JSaccessibilitONWPy i]&amp#27;d, -[3android uiautomator9m 
[ debug] &amp#27;[35m[Base  Dr at AnivdroidUiautomater]&amp#27;[or239m WaDriting up to 0 mives forr.callee$0$ c0$ ondi(/usrtion/
l[debocug] &amp#27;[al/3li5m[b/node_JSONWmodulP Pes/aproxy]&amp#27;pium[39m Matched '//nelement' to command node_modameules/a 'fppiumindEleme-anndroid-driver/lib/commt'
[debug] &amp#27;[35m[JSaONWnds/fiP Proxy]&amp#27;[39m Pnd.js:75:1ro1xy)
&amp#27;ing[35m[MJ [PSONWP]OST &amp#27;[39/em lemen   t] at t tryCatco [POSh T htt(/usr/locap://l/localhost:8201/wd/hub/sessiolin/5ab/27c767-97no91-4751-872d-2ed612cd606dde_m/eodlementules/appiu] with bm/nododye_mo: {"sdutrategles/bay":"id","selectbelor":-runtime/rege"neratorcom.Slack:i/drun/netimxte._bjsutton_:67:url_en40tr)
y"&amp#27;[35,"cm[MJSONWP]&amp#27;[39m  on   at Gtext":"",enerat"muorltFuiplenct":iofalse}
[debnPrototugype.invoke] &amp#27;[35 [m[MJas _invokSONWP]e]&amp#27;[39m ( M/usatched JSOr/local/liNWP eb/norrode_modur coles/de 7 tappium/node_o NoSumochdules/babel-ruElentime/regmentEenerator/runtime.jrrs:31or5:22)
&amp#27;[
&amp#27;[35m[HTTP]&amp#27;35m[3[9m &amp#27;MJSONW[37m<-- POSPT /w]d/hub&amp#27;[39m     at/ GeneratorFunctiosession/6cnPrototype.033p502-fd88-4722-8b5b-92e91949d161/element rotot&amp#27;[39m&amp#27;[3yp1m500&amp#27;[39me. &amp#27;(an[90m2onymous function) [3 ms - 164&amp#27;[a39s m
&amp#27;t[35mhr[HTTPow]]&amp#27; ([/usr/lo39cal/lib/m &amp#27;no[90mde_modules/appiu&amp#27;[3m/no9m
&amp#27;[de35m[HTTP]&amp#27;[3_mo9mdu &amp#27;les/babel-runtime/reg[37m-enerator/ru->&amp#27;[3n9m &amp#27;[time.j37ms:POST&amp#27;[3109m 0:&amp#27;[21)
37&amp#27;[35m[MJSm/wONWP]d/hu&amp#27;[39m   b/  sessioatn/ G6cenera03torFu35nction02-fd88-Protot472ype.2-8invob5ke (/b-92e91949d16usr/lo1/ecalementl/l&amp#27;[39m
&amp#27;[3ib/5m[HTnodTe_moP]dules/ap&amp#27;[3piu9m m/no&amp#27;[90m{"usingde_mo":"id",du"valules/be":"com.Slack:id/next_button_url_entry"}&amp#27;[39m
[debug] &amp#27;[35m[W3C]&amp#27;[39m Calling AppiumDriver.findElement() abel-runtimweith ar/regenerator/runtime.gs: ["id","com.Slack:js:136:3id/next7)
&amp#27;_button_url_entry","6c033502-[35m[MJSONWP]&amp#27;[39fdm Encount88ered-472 int2-8b5b-92e919er49d16nal e1"]
[debruror g] &amp#27;[3runn5m[BasieDng criver]omma&amp#27;[3nd: N9moS Valid locator suchtrateElgieseme fornt tError: An his requeelementst:  cxpould not be located onat the page ush, id, class inname, gaccessi tbihelity id, -androi given sd earuiautomator
[ch pardeameterbug] &amp#27;[3s.
&amp#27;[355m[BaseDriver]&amp#27;m[[3MJSONWP]&amp#27;[39m     a9m Waitingt  upAnd to 0 ms for coroidUiaundtoitimatoron2Dri
[dever.bug] &amp#27;[35m[JSONWPca Proxyllee$0$]&amp#27;[30$ (/usr9m Matche/local/lib/node_mod '/dules/appiumelement' t/nodeo command name '_modufindElement'
[debug] &amp#27;[35m[JSONWP Prleos/axy]&amp#27;[39m Proxying [POST /element] to [POSppium-android-driver/lib/commands/finT d.js:75:11)http:/
&amp#27;[35m[MJSONWP]&amp#27;[39m     at t/localhost:8201/wd/hub/session/5a27c767-9791-4751-872d-2eryCd612cd6at06d/ech (/usr/loclemalent] with body: {"strategy"/lib/node:"id","selector":"com.Slack:_moduid/nelext_bs/utappitonum/n_uode_rl_entry","cmoduleons/babtext"el-r:"untime/re",generator"mu/runtltime.js:6ip7:40)
&amp#27;[le35m[M":false}
[debug] &amp#27;[35m[MJSONWP]JS&amp#27;[ONWP]&amp#27;[3939mm  M  atche  at Ged JSneratorFunctioONWP errnPrototyor codepe 7 to N.ioSuchElnvoke [as eme_invoke]ntError (
&amp#27;[35m/usr/lo[HTcal/libTP]&amp#27;[39m &amp#27;[/nod37e_m<-- POST /wd/hmodulues/appium/node_modulesb/session/6c/b0335abel-02runtime/-fd88-4r72egenerat2-8b5orb-92e/r91untime.j949d16s:311/element 5:&amp#27;[322)
9m&amp#27;[&amp#27;[31m50350&amp#27;[39mm[M &amp#27;[JSONWP90]&amp#27;m25 ms -[39m    164&amp#27;[39m
&amp#27;[  at35m[H GeneTTP]&amp#27;[39m &amp#27;[90mratorFunct&amp#27;[39m
&amp#27;[3io5m[HTTP]&amp#27;[3nPrototype9m.pro &amp#27;[totyp37e.(m-->&amp#27;[39m &amp#27;[37mPOanonymoST&amp#27;[39m &amp#27;[37m/wd/husub/ funsessionctio/6cn) 03[a35s t02-hrfdow] (/usr/local/lib/node_modules/appium/node_modules/babel-runtime/regenerator88-4/runtime.js:1722-8b5b-92e91900:21)
&amp#27;[35m[MJS49dONWP]&amp#27;[39m  161/el   atement&amp#27;[39m
&amp#27; Ge[35m[HTneratTP]&amp#27;[orFunct39m &amp#27;[90m{"usingionProtot":ype.invo"id","ke value(/usr/lo":"com.Slacal/lib/nodeck:_id/next_button_url_modules/appium/nodente_mroduly"}&amp#27;[39mes/
[babel-runtime/regenerator/rdeuntime.js:bug] &amp#27;[35m[W313C]&amp#27;[36:9m Calling 3App7)
&amp#27;[35m[MJiumSODriveNWP]&amp#27;[39m Encountered internal error running command: NoSr.finduchElemEentError: An element coulement()ld no with args: ["id","comt be located o.Slacn the k:id/npage ext_button_urlusin_entg the given sry"ear,"ch p6c0335aramet02ers.
&amp#27;[-fd35m[M88-47JS22-8b5b-92e91949d16ONWP]&amp#27;[39m    1" a]
t And[debroiug] &amp#27;[35dUim[auBastomateDriver]&amp#27;[39m or2DValid locaritor strver.catallee$0$0egie$ s fo(/usr tr/his requeslocat: xpath, l/libid, class n/namode_mode, accules/aessibility id,ppium/ -node_manodules/appiudroid uiam-autndroiomator
d-driver[deb/lib/commands/fugind] &amp#27;[35m[Ba.js:seD75:11)
&amp#27;[35m[MJSOriNWveP]&amp#27;[39r]&amp#27;[39m    m Waiti at tryCatcng up to 0 ms for condiht (ion
[/usr/debulocal/lib/node_moduleg] &amp#27;s/[35m[JSONWP Proappxy]&amp#27;[39m ium/node_moMatduched '/elementles/babel-runtime' t/regeno commanderator name/ru 'findntElemeiment.js:6'
[debug] &amp#27;7:40)
&amp#27;[35m[MJS[35m[JSONWP PrONWPoxy]&amp#27;[39m ]&amp#27;[39m  Proxy   at Generatoing [rFuncPOST tionProto/etypelement] to [POST.invo http://lke [aocalhos st_inv:82oke]01/ (/usr/lwd/hub/session/ocal/lib/node_modules/appium/n5aode_module27c767-9791-4751-872d-2ed612cd606d/elemes/babent] with body: l-runtime/regenerator/runti{"strategy":"id","selector":me"com.js:315:22)
.Slack:id/next_butt&amp#27;[3on_u5m[MJSrl_entONWP]&amp#27;[39m     at GeneratorFunctionPrototype.protry","context":"","multiplotype.(anonymous functioe":falsn) [as throw] (e}
[debug] &amp#27;[35m[MJSONWP]&amp#27;[39m Mat/usr/local/lib/node_mocdulehed JSONWP erros/appium/node_modules/babel-runtimre/ cregenerode 7 to NatoSucorhElem/runtimeentE.jsrr:100:2or
&amp#27;[351)
&amp#27;[35m[MJSOm[NWP]&amp#27;HTT[39m     at GeneP]&amp#27;ra[39m &amp#27;[3torFu7m<-- POST /wd/hub/ncsetionssPrototyiopen/6c033502-fd88-4.i72nvoke (/2-8usr/local/lib/nodb5b-92e91949d161/element &amp#27;[39m&amp#27;[31m500&amp#27;[39m &amp#27;[90m25 ms - 164&amp#27;[39m
&amp#27;[35m[HTTP]&amp#27;[39m &amp#27;[90m&amp#27;[39m
&amp#27;[35m[He_modules/apTTP]&amp#27;[39m &amp#27;[37pium/node_modules/babm-->e&amp#27;l-[39m &amp#27;[runtime3/regene7mPOST&amp#27;[39m &amp#27;[37m/wdrator/hub/session/6c03350/runt2-fd88-4722-8b5b-92e9ime1949.js:13d16:376)
&amp#27;[35m[1/elemMJSONenWP]&amp#27;[39m Encountt&amp#27;[ered inte39rnm
al&amp#27;[35m[H eTTrrorP]&amp#27;[39m &amp#27;[ runnin90mg {"using":"id","value":"cocommam.nd: NoSlacSuk:id/chElenext_button_url_entrmentEy"}&amp#27;[rr39m
[deorbug] &amp#27;[35: An elm[W3C]&amp#27;[39m Cemealling nt AppicoumDriuver.findElldeme nnott() be located on the page using the given sear with args: ["id",ch parameters.
"c&amp#27;[35m[MJSONWP]&amp#27;[39m     at Androidom.SUiautomator2Driver.callee$lack:id/next_button0$_ur0$ l_entry(/usr/loca","6c0335l/l02-fib/noded88-_modul472es2-8b/app5b-92eium/n919ode_modules/appium49-androd16id-driver/lib/c1"]
[omdemands/fbugind.] &amp#27;js:75[35m[:1BaseDriv1)
&amp#27;[35er]m[MJSONWP]&amp#27;[39m     at tryCatc&amp#27;[39m Valid locator strategies for h (/this request: usxpatr/h, ilocal/ld,ib/node_mod clasules nas/appmeium/n, aode_modules/bcabel-cessiruntime/regeneratobir/runtime.js:67:40)
&amp#27;lity id[35m[MJSONWP]&amp#27;, -android u[39iautomm     at GeneratoatorrF
[debug]unctio &amp#27;[35mnPr[Bototasype.inveDoke [as river]_inv&amp#27;[oke]39m  (/uWaitinsrg up to 0 ms for condi/local/lib/node_motion
[debdulesu/appium/node_modulg] &amp#27;[35m[JSOes/NWP babelProx-ruy]ntime/r&amp#27;[39m Matched '/eleegmeenent' to command name 'findratorElemen/rt'
[deubug] &amp#27;[35nm[JSONWP time.js:315:Pr22)
&amp#27;oxy]&amp#27;[39m Proxying [POST /element] to [[POST 35m[MJSONWP]&amp#27;[39m     at Generatorhttp://localhoFuncst:8201/wd/hub/stiession/5a27con767-9791-Prototype.prototy4751-pe.(anonym872dous-2ed612cd606d/element] with body:  function){" strategy":"id",[as throw] (/u"selector":"com.Ssr/locallack:id/next_but/lib/node_modules/appium/node_modules/babel-runtime/regenerator/runtime.js:10ton_0:21)
&amp#27;[35m[MJSONWurlP]_entr&amp#27;[39m     y","conat textGeneratorFunctionProto":"","multipletype.invoke ":(/ufalse}
[dsr/lebug] &amp#27;[35m[MJSONWocP]&amp#27;[al/li39m Matcheb/node_modules/apd Jpium/node_modules/babel-runtime/regeneratoSONWP er/rrruntime.js:or code 7 to No136:37)
&amp#27;SuchElemen[35m[MJSONWP]tErr&amp#27;[or
&amp#27;[39m 3En5mcountered[H inTTP]&amp#27;[39m &amp#27;[37mter<-nal - POST /wd/hub/session/6c033502error running command:-fd88-4722-8b5b-92e91949 NoSucd161/hElementelemErrenor: At &amp#27;[39m&amp#27;[n el31m5ement00&amp#27;[39 com uld not &amp#27;[90mbe located on the pag23 me s - using the164 given search pa&amp#27;[rame39m
&amp#27;[35m[HTTP]&amp#27;ters.
&amp#27;[[39m &amp#27;35m[MJ[90mSON&amp#27;[WP]39&amp#27;[39m  m
   a&amp#27;[3t Androi5m[HTTP]&amp#27;[39m dUiaut&amp#27;[3oma7m-->&amp#27;[39m &amp#27;[37mPOSTtor2Driver.callee$0$0$ (/usr/&amp#27;[39m &amp#27;[37m/wd/hub/slocessiaon/6c033502-fd88-472l2/lib-8b5b-/nod92ee_m91949d161/eoduleles/appium/node_modules/mentappi&amp#27;[3um-an9m
&amp#27;[droid-35m[HTdriver/lib/cTPomman]&amp#27;ds/f[39m &amp#27;[90m{"uind.jssi:75:11ng":"i)
&amp#27;d"[35m[MJSON,"value":"com.SlacWP]k:id/next_button_url_entry&amp#27;["39m   }&amp#27;  at [39m
[debutryCatch (/usr/log]cal &amp#27;/li[3b/5mno[Wde_modules/3Capp]&amp#27;iu[39m Cm/node_allmoduing AppiumDles/babel-ruriver.findElemenntimet()/r with argsegene: ["id",rator"com.Slack:id/next_butto/run_url_ntimentry","6ce.j033s:502-fd8867:40)
&amp#27;[35-4722-8b5b-92e91949d161m[M"]
[dJSebug] ONW&amp#27;[35m[BP]&amp#27;[as39eDrm ive  r]&amp#27;[39  m Valid locaattor str Generaategies torFunctionProtofor this rtype.ieqnvuestoke [as : _ixpnvoke] (/usatr/h,loca id, class name, accesl/lib/node_modules/appiusibilm/ity id, -anondderoid _moduluiautomates/babelor
[-runtime/redebug] &amp#27;[gen35m[BaseDerriveator/runtime.js:315r]&amp#27;:[3229m Waiting up t)
&amp#27;[3o 05m[M mJSONWPs ]&amp#27;[3fo9m     at Gr encondition
[eratorFunctideonProtbug] &amp#27;[35m[JotySOpe.prototNWPype.(an Proxy]onymous &amp#27;[39m Matched '/elementfu' tonction)  com[as mand name 'findElementhrot'w] (/
[usr/delocal/lbuibg] /node_modules&amp#27;[35m/[JSONWP Proxy]&amp#27;[39m Paproxying [PpiumOS/nT ode_m/element]odules/babel-run tto ime[P/regenOST herator/runtttip:me.js//lo:1ca00:2lho1)
&amp#27;[35st:8201/m[MJSONWP]&amp#27;[39wd/hub/sm es    at GeneratorFusion/5a27c767-979nctionPrototype.invoke (1-4751-87/usr/loca2d-2ed612cl/d606d/element] with body: {"strategy":"id","selector"lib/node_:"cmodulesom.Slac/appk:id/ium/nenode_moduxt_button_les/babel-runtime/regeurneral_entor/runtry","context":"","time.js:136:37multip)
&amp#27;le":false}
[debug] &amp#27;[35m[[35m[MJSOMJSONWP]&amp#27;[39m EncounNWP]&amp#27;[39mtered internal erro Matched JSOr runniNWP error codeng command: NoSuchElementError: An element 7 c tooul NoSuchElemend not be ltErrorocated on the pa
&amp#27;[35m[HTTP]&amp#27;[39m &amp#27;[37ge using the given sem<-- POSTarc /wdh /hub/session/6c033502-fd88-4722-8b5bparamete-92e91949d161/element &amp#27;[39m&amp#27;[31m500&amp#27;[39m &amp#27;[90m23 ms - 164rs.
&amp#27;[35m[MJSONWP]&amp#27;[39m&amp#27;[    39m
&amp#27;[ at Android35m[HTTP]&amp#27;[39m &amp#27;[90m&amp#27;[39m
&amp#27;[35m[HTTP]&amp#27;[39m &amp#27;[37m-->&amp#27;[39Uiaum &amp#27;tomator2[37mPOST&amp#27;[39m &amp#27;[37m/wd/hub/session/6Drc03350iver.2-callee$0$0$ (/usr/local/lib/node_modules/appium/node_modules/appium-android-driver/lib/commands/find.fd88js:75:11)-4722-8b5b-92e91949d161/
&amp#27;el[35ement&amp#27;[39m
&amp#27;[35m[HTTm[MJSONP]&amp#27;[39m &amp#27;[90m{WP"us]&amp#27;ing":"id[39",m     at t"varyCluatch (/e":"cusr/loom.Slackcal:id/lib/n/next_button_url_entry"}&amp#27;[ode_module39m
[debug] &amp#27;[35m[Ws/appium/3C]&amp#27;[node_modul39m Callies/babngel- Appiuruntime/regeneratomDriver/rur.findntime.Element() with args: js:67:4["i0)
&amp#27;[35m[MJSONWP]d"&amp#27;[,"com39m   .S  alack:id/next_button_url_entry","6c033502-fd88-4722-8b5b-92e91949d161"]
[debug] &amp#27;[35m[BaseDriver]&amp#27;[39m Valid locator strategies for this request: xpat Generatth, id, class name, accesorsibilitFuny id, -android uiautomator
[debug] ctionProto&amp#27;[type.invoke [as 35m[B_inaseDriver]&amp#27;[39m Waitivoke] (/usr/local/lib/node_modules/appium/node_modules/babel-runtime/regeneratong up to 0r/ru ms for ntconditime.jion
[debug] s:31&amp#27;[5:22)
&amp#27;[35m[JSONWP Proxy35m[MJSONWP]&amp#27;[3]&amp#27;[39m Match9m ed '    at GeneratorFunctionProtot/elemeype.prnt' to comototype.(anonymousmand name 'findElement functio'
[den)bug] [a &amp#27;[35m[JSONWP Prs throwoxy]&amp#27;] (/usr[3/local9m /lib/nProxying [POSodT e_/elemodulmees/appium/node_modules/babel-runtnt] toime/re [POST hgenerattp://localhost:8201/wd/tohub/r/runtimesession/5a27c767-9791-4751-872d-2e.jd612cd6s:100:21)
&amp#27;[35m[MJSONWP]&amp#27;06d/element] with body: {"strategy[39m     at Generato":rFunct"id","seionProlector":"com.Slack:itotype.invoke d/n(/usr/loext_bcal/lutibton_u/nrl_entryode_modules/a","context":""pp,"multiple":faium/node_modlse}
[debules/bug] &amp#27;abel-ru[35m[MntimJSe/regeneraONtor/runtime.js:1WP36]&amp#27;[39:37)
&amp#27;[35m[m MJSONWMatched JSONWP P]error c&amp#27;[3ode 7 to9m  NoSuchElementErroEncounr
tered i&amp#27;[35m[HTTnterP]&amp#27;[3na9ml error running command: N &amp#27;[37m<oS-- POST /wd/hub/seuchElssementError: An elion/6c03ement could not be3502-fd88-4722-8b5b-92e91949d161/element &amp#27;[3 located on th9m&amp#27;[31m50e 0&amp#27;[39mpage using &amp#27;[90m32 ms - 164&amp#27;[39m
&amp#27;[35m[HTTP]&amp#27;[39m &amp#27; the giv[90men search parameters.
&amp#27;[35m[MJS&amp#27;[39m
&amp#27;[ONWP]&amp#27;[39m     35m[at AndroidUiautomatHTTPor2D]&amp#27;[39m &amp#27;[37river.cm-allee$0$->&amp#27;0$ [3(/9m &amp#27;usr/lo[37mPOST&amp#27;[39cal/lib/node_modules/appium/node_modules/appiumm &amp#27;[3-and7m/wd/hub/sesrosion/6c0id-d33502-friver/lib/cod88-4722-8b5bmmands/find.js:75:11)
-9&amp#27;[35m[MJS2e91ONWP]949d161&amp#27;[39/em leme    at tryCant&amp#27;[39m
tch &amp#27;[35m[H(/uTTP]&amp#27;[39m &amp#27;[90m{"using":"id"sr/l,"value":"ocacol/lim.Sb/lack:id/next_button_url_nodeentry"}_modu&amp#27;[39lem
[debus/appig] &amp#27;[35m[W3Cum/node_m]&amp#27;[odules/babel-39mru Cntime/regenealling AppiumDriver.ratorfindElement(/runtime.js:67:4) w0)
&amp#27;[35m[MJSONWith P]&amp#27;ar[3gs: ["i9m   d",  "com.Slack:id/next_button_urat Gl_eneratorFunenctiotry"nPrototype.,"6invoc033ke [as _invoke] (/usr502-fd88-472/local/li2-8b5b-92b/node91949d161"]
[debug] &amp#27;[35m[BaseDrivee_r]modules/&amp#27;[39m Valiappium/d locatnode_mor stratodulesegies/b for this request: xpath, id, class name, acceabel-russibilintime/regenerator/runtime.js:3ty id, -android uiauto15mator
[debug] &amp#27;[35m[BaseDriver]&amp#27;[39m Waiting up to:22)
&amp#27; 0 [35m[Mms for conditJSONWP]&amp#27;[39iom   n
[deb  at ugGenerator] &amp#27;[35mFuncti[JSONWP Proxy]&amp#27;[39m Matched '/elonProtoement' to command type.name 'proftotype.(anoindnymousEle functionment'
) [as throw] (/usr[/locdebug] &amp#27;al/lib/[35m[Jnode_SOmodules/appium/node_NWmoduP Ples/baroxy]&amp#27;[39m bPreoxyl-ruingntime/re [gPOenerator/runtimeST.js:100:21)
&amp#27;[35m /el[MJSONWemeP]nt] t&amp#27;[3o [PO9m ST h    at Generatottp:rFu//locnctionalhPrototype.invokeost:8201/wd (/us/hub/sessior/lon/cal/lib/node_5amodule27c767-9791-4751-872d-2ed6s/appium/node12cd606d/el_moduleement]s/babel-runtime/regene with body: {"strategy":"raid","selector":"com.Slatockr/runtime.:id/next_button_url_entjsry","context":"":,"multip13le6:37":)
fa&amp#27;[35lse}m[MJ
[deSONWP]bug] &amp#27;[&amp#27;[3935mm [MJEnSOcouNWP]nter&amp#27;[39m Matcedhe ind Jternal errSONWor runP error cning command: NoSuchElementEode 7 to NoSurrchEloremen: An etElerrorme
&amp#27;nt could not[35m[H be located TTP]&amp#27;[on39m &amp#27;[ the page 3using the given sear7m<-- POSch pT /wd/hub/aramsessieton/ers.
&amp#27;[36c5m[MJSON033502WP]&amp#27;[39m     a-ft And88-droidU4722-8b5b-92e91iautomato94r2Driver.callee$0$0$ (/u9d1sr/local/l61/element &amp#27;[39ib/nm&amp#27;ode_module[s31/am50ppi0&amp#27;[39m &amp#27;[um/no90m25 ms - 164&amp#27;[39m
&amp#27;[35mde_mod[HTules/appium-android-driveTP]&amp#27;[39m &amp#27;[90m&amp#27;[3r/li9m
b/&amp#27;[35commands/find.jsm[HTTP]&amp#27;[39m &amp#27;[37m-->&amp#27;[39m &amp#27;[37:75:11mPOST&amp#27;[39m )
&amp#27;&amp#27;[37m/wd/hub/session/6c033502-fd88-4722-8b5b-92e91949d[35m[MJSONWP]&amp#27;[39m     at tryCatch (/usr/l161/element&amp#27;[39m
&amp#27;[35m[HTTP]ocal&amp#27;[39m &amp#27;[90m{"usi/lib/node_modulng":"id",es/appium/node_modules/babel-runtime/rege"valuenerator/runtime":"c.js:67:40)
om.Slack&amp#27;[3:id/next_button_url_entry"}5m[MJSONWP]&amp#27;[39m     at G&amp#27;[3eneratorFunctionPrototype.invo9m
[debugke [as _invo] &amp#27;[35m[W3C]&amp#27;[39m Calling Ake] (/ppiumDriver.finusr/local/lib/node_modules/apdElepiument() with args: ["id","cm/node_modules/bom.Slack:id/next_buabel-tton_uruntime/rerl_entgenerry","6c03350ato2-r/rfd88-472untime.js:3152-8b5b-92e91949d16:22)
&amp#27;[35m[MJSON1"]
WP]&amp#27;[debug[39m     a] &amp#27;[3t GeneratorFunction5m[BaseDriver]&amp#27;[Pro39m Valid totype.prolocator totype.(astrategies for this request: xnopatnyh, mous fuid,nction class nam) [as throwe, a] (/usr/local/libcc/noesde_modules/appium/sibility id, -anode_modules/babel-runtndime/regenerator/runtime.jroid uiauts:100omat:21)or
[debug] &amp#27;[35m[
&amp#27;[35m[MJBaseDrSONWP]&amp#27;iver][39&amp#27;[39m Waiting up tom     at Genera 0 mstor forFunc condition
[debugtion]Pr &amp#27;ototype.in[35m[voke (/usJSr/local/lONWPib/node_module Proxy]&amp#27;[3s/appi9m Matum/node_moched 'dules/e/babel-runtilement' to commme/regenerator/runtime.js:136:37)
&amp#27;and [35nam[MJSONWP]&amp#27;me 'findElem[39m Encounent'
[tered interdebug] &amp#27;[35m[JSONWP nal error Proxy]&amp#27;[39m Proxyirunning [POST /element] to [POST http://localhost:8201/wd/hub/session/5ang com27c7mand: N67-97oSuchEl91eme-4751ntError: An -8elem72ent could not bd-2e loced61at2cd606d/ed oelement] with body: {"strategy":"id","sn the page using the given search electorpa":"com.Slrameters.
&amp#27;ack:[35mid/next_button_[MJSONWP]url_e&amp#27;[39m  ntry"   at ,"contAndroext":"","multiple":false}
[debugidUiaut] omator2Dri&amp#27;[ver.35callee$0$0$ (m[MJSONWP]&amp#27;[39/usrm M/local/libatched/node_modul JSes/appium/ONWP errnode_modules/appium-android-dorriver/ colibde /comman7 to NodSuchEls/emefind.js:7ntError5:11)

&amp#27;[35m[HT&amp#27;[35m[MJSONWP]&amp#27;[39m    TP]&amp#27; at tryCatch [39m &amp#27;(/[37m<--usr/local/lib/node_mo POST /wd/hub/sesdules/asppiumion/6/node_modulesc03350/b2-abfdel88-4-runt722-8b5b-92e91949imd161/element &amp#27;[3e/r9m&amp#27;[egenerator/runt31m500&amp#27;[39m ime.&amp#27;[90m22 ms js:67:40- 16)
&amp#27;[35m[MJSONWP]&amp#27;[39m     at4&amp#27;[ GeneratorFunct3ionP9m
&amp#27;[35m[HTTP]&amp#27;[ro39tom &amp#27;[9ty0m&amp#27;[39mpe.i
&amp#27;[35m[HTTP]&amp#27;[39m &amp#27;[37m-->nvoke [as&amp#27;[39 _m &amp#27;[37mPOSTinvoke] (/usr/local/&amp#27;[39m &amp#27;[37lib/nodem/wd/hub/s_mesodulesios/n/6c0335appium/node_module02-s/babel-fd88-4722-8runtime/reb5b-92e91gene949d1rator/runtime.j61/s:315:2element&amp#27;[32)
9m
&amp#27;[35m[HTTP]&amp#27;[&amp#27;[35m[MJSONWP]&amp#27;[39m39m &amp#27;[90m{"   us  ating":"id"," Gvalue"en:"comeratorF.SlunctionPrototypack:id/next_button_urle.prototype.(an_eonymous functiontry"}&amp#27;[39m
[debug] &amp#27;[35m[Wn) [as throw]3C]&amp#27; (/usr/loc[39mal/lib/node_modules/appium/no Calde_ling modules/babelAppium-rDriver.finduntElemeime/regent() with args: ["id","comnerator/.Slruntiack:ime.jd/ns:1ext_bu00:21tton_u)
&amp#27;[35rl_entry"m[MJS,"6c0335ON02-fd88-WP]&amp#27;[34722-8b5b9m     at GeneratorFunctionPrototype-92e.inv91949d1oke (/usr/61"]
[delocal/lib/nbug]ode_ m&amp#27;[35m[odBaules/appiuseDrivem/r]&amp#27;[39m Validnode_ locmodules/baator bel-rustntirategmeies /regeneratofor this requer/runtime.js:136:37)
st&amp#27;[3: xpath, i5m[Md, clJSONWP]&amp#27;[3ass na9mme, accessibility id, -androi Ed uncouiautomator
[debuntered interg]nal error r &amp#27;[35mun[BaseDriver]&amp#27;[ning3 com9m Waiting up to 0 mand: Nms for conditioSuchEon
[lementError:debug]  &amp#27;[35m[JSONWAn element cP Proxy]&amp#27;[39m Matched '/element' to command nould not bamee located on 'findEl the pageeme usinnt'
[debug]g th &amp#27;[35me g[Jiven seSONWPar Proxch paramy]&amp#27;[eters.
&amp#27;[39m Proxying [POST /element]35m[MJSONWP]&amp#27;[39m      to [POST http://localhost:8201/wdat An/hdroidUiautomatoub/session/5a27c767-9791r2D-475river.callee$01-872d-2ed612c$0$ (/usd6r/l06d/element] wocal/ith bodylib: {"/nostratede_gy":"moduleid","seles/appium/node_moctodur":"cleom.Slacs/k:id/nextappium-_button_url_entrandroid-driver/ly"ib/commands/find.js:75:11)
,"co&amp#27;[35m[MJSONWPntext":"","multiple":false}
[debug] &amp#27;[35m[MJSONWP]&amp#27;[39]&amp#27;[39m     at tryCatch (/usr/local/libm Matched JSONWP /node_modules/error code 7 to NoSucappium/nohElementError
&amp#27;[35m[HTTP]&amp#27;[39m &amp#27;[37m<-- POST /wd/hub/sessiode_modules/babel-runtime/regenerator/runtime.js:67n/6c033502-fd88-4:40)
&amp#27;722-8b5b-92e91949d16[315m[M/Jelement SONW&amp#27;[39m&amp#27;[31m500&amp#27;[39m &amp#27;[90m20 msP]&amp#27;[39m    - 164&amp#27;[39m
&amp#27;[35m[  aHTTP]t Generat&amp#27;[39morFun &amp#27;cti[90m&amp#27;[39m
&amp#27;[3onPro5mtotype.[HTTP]&amp#27;[39m &amp#27;[37m-invoke->&amp#27;[3 [as _invoke] (/usr/local/lib/node_modules/appium/node_modules9m &amp#27;[37mPOST&amp#27;[39m/babel-run &amp#27;[37m/wdti/hub/me/regenerator/runtimsession/6c033502-fd88-47e.js:322-8b5b-15:22)
&amp#27;[35m[MJS92e91949d161/element&amp#27;[39m
&amp#27;[35m[ONWHTTP]&amp#27;[3P]&amp#27;9m[39m     a &amp#27;[9t Genera0m{torFu"usincng":"id","value":"com.Slack:id/next_button_url_entry"}&amp#27;[tionPrototype.prototyp39e.(anonym
[debmous funcug] &amp#27;[35m[W3C]&amp#27;[39m Calling AppiutionmDriver.findElem) [as throw] (ent() w/usr/local/lib/nodith are_gs: ["id","com.modulesSlack:id/ne/axt_button_url_entryppi","6c033502-fdum/node_module88-47s/babe22l--8b5b-92runtimee91949d161"]
[debug] &amp#27;[35m[BaseDriver]&amp#27;[39m /regenerator/runtiValid locatome.js:100:21)
&amp#27;[35mr strategies for this reque[MJSONWP]&amp#27;[39st: xpathm     at GeneratorF, id, class name, accessibility id, unct-android uiaionProutomator
[debug] &amp#27;[35m[Batotype.invokseDrie (/ver]&amp#27;[39m usr/lWocal/lib/node_maiting up odules/appto 0 ms for conditioiun
[debug] &amp#27;[35m/node_modules/babel-rm[untiJSme/rONWP Proxy]&amp#27;[39m egMatcenhederator/runt '/eime.jsleme:136:nt' to c37)
&amp#27;[35m[MJommanSONWd name 'findElemP]&amp#27;[39m Encouent'
[dntered internal eberror runninug] &amp#27;[g c35mommand:[JSONWP Proxy]&amp#27;[3 NoSuchElementErr9m Porroxying [POST /elemen: An element could not]t be located on th to [POe ST http:page u//silocang thlhost:8201/wd/hub/see givssen searcioh paran/5a27c767meters.
&amp#27;-9791-4[35m[MJSONWP751-8]&amp#27;[39m     at AndroidUiauto72d-2ed612matcd606d/elemor2Dent] with boridy: {"ver.callee$0$0$ (/usrstrategy":"i/locald","selector":"/lcom.Slaib/node_mck:id/nextodules/appium/nod_bute_modules/appium-android-driver/libton_url_entr/commandys/find.j","context":""s:75:11)
&amp#27;[35m[MJ,"multiple"SONWP]&amp#27;[39m     at tryC:false}
[atch (/usr/locadebug] &amp#27;[35m[Ml/lJSONib/noWP]&amp#27;[3de_modules/appium9m /node_moMatchdulesed JSONWP error cod/babel-runtime/regenee 7 to NoSuchElemenratError
&amp#27;[tor/r35m[HTTPuntim]&amp#27;[3e.9m js&amp#27;[37:67:m<-- POS40)T /wd
&amp#27;[35/hm[ub/sMJesSOsion/6c033502NWP]&amp#27;[39m     at-fd88-4722-8b5b-92e91949 Ged161/element &amp#27;[39mneratorFunct&amp#27;[31m500&amp#27;[39mion Prototyp&amp#27;[90m2e.i3 nvoke [as _invoke] (/usr/local/lib/node_modules/appium/node_modulms - 164&amp#27;[3es/bab9m
&amp#27;[35m[HTTPel]&amp#27;[39m &amp#27;[9-runtime/reg0m&amp#27;[39mene
&amp#27;[35mra[HtorTTP]&amp#27;[39m &amp#27;[3/runtime.js:315:22)7m
&amp#27;-->&amp#27;[39m &amp#27;[37mP[3OST&amp#27;[39m &amp#27;[375mm/[MJSONWPwd]&amp#27;/h[3ub/session/6c033502-fd88-4722-8b5b9m-92e    91 at949d G16enerato1/element&amp#27;[39rFuncm
tion&amp#27;[35m[ProtoHTtypeTP.prot]&amp#27;[otype.(anonymou39m &amp#27;[9s fu0m{"using":"id",nct"vion) [as talhrue"ow:"com.Slack:id/next_button_url_entry"}&amp#27;[39m
[de] (bug] /u&amp#27;[sr35/localm[W3C]&amp#27;[/lib/node_modules/app39m Calling Appiium/umDriver.node_modfinuldElemesent(/b) with args: ["id","com.Slaback:id/nel-rexuntimet_butt/reon_urlge_eneranttorry/r",un"6tic0me3350.j2-fds:18800:21)-4
&amp#27;[3722-85m[b5MJSONWP]b-&amp#27;[9239e91m 94  9d161  a"]
[debug]t Gen &amp#27;[35m[BeraseatDriorFunver]&amp#27;[39ctionm ValPrid locator stototype.invraoketegies fo (/ur this reqsruest: xpath, /local/id, cllibass name, accessibility id, -android uiautomator
[debug] &amp#27;[35m[BaseDriver]&amp#27;[39m Waiting up/n to 0 ode_modules/appims for coum/node_modulndition
[debug] &amp#27;[3es/ba5m[beJSONWP Proxy]&amp#27;[39m Matchl-runtime/regenerated 'or//eruntleime.js:136:37)
&amp#27;[35m[meMJSONWntP]&amp#27;[' to command 39m Encountname ered inter'final error runnndElementing co'
[debug] &amp#27;[35m[JSONmmand: NoSuchElemeWP Proxy]ntErr&amp#27;[39orm Pro: An xyeling [POemST /elenement cot]uld not be loc to [PatOST http://loced oaln thhoe st:8201/wd/page usinghu the givb/sessien son/5a27c7ea67-97rch parameters.
&amp#27;[35m91[MJ-4751SONWP-8]&amp#27;[7239m   d-2ed  at612 Andcdro606d/eidUiautolemator2ment] wDrith body: {"strategy":iv"id","ser.elecallee$0$0$ (/uctor":"csr/local/lib/omno.Slack:deid/ne_modules/appium/node_moxt_buttduleon_s/aurlppium-android_e-drintry","cver/libont/commaext"nds/find:"","multi.jsple":fa:75lse}
[debug]:11)
&amp#27;[ &amp#27;35m[MJSO[35m[MNWP]&amp#27;[JSONWP]&amp#27;[39m39 Matched JSm     at tryCatch (ONW/usr/P errolocal/lib/nor code 7de to_modules/ap NoSuchElementpium/noError
&amp#27;[35m[de_modHTTP]&amp#27;[39m &amp#27;[37m<-- POSTules/ /wbabed/l-runtime/regenerahub/tor/runtime.sejs:67:40)
ssio&amp#27;[35n/m[MJS6c03350ON2-fWP]&amp#27;[39d8m   8-4  at Generat722-orFunct8bion5b-92e91949d161/Prototype.invokelemente [as _in &amp#27;[39m&amp#27;[31vom500ke&amp#27;[] 39m (/&amp#27;[90usm24 msr/local - 1/l64&amp#27;[3ib9m
/no&amp#27;[35m[HTTde_modulesP]/a&amp#27;[39m &amp#27;ppium[90/nom&amp#27;[39mde
&amp#27;[35m_mo[HTTP]&amp#27;dules/ba[3bel9m-run &amp#27;time[37m-/r->&amp#27;eg[3ener9mator/run &amp#27;time[37.js:315:mP22)
&amp#27;[OST&amp#27;35m[MJSONWP]&amp#27;[39[39m     at Generatorm &amp#27;[37FunctionProm/wtotd/hubyp/se.ession/6c033502-fd88prototype.-4722-8b5b(anonymous function) [-9as2e9 t1949d161/elemhrowent&amp#27;[39m
&amp#27;] [35(/m[usr/lHTTPocal/lib/node_modules/appium/]&amp#27;[node_modules/b39m ab&amp#27;[9el-0m{"runusitime/regng":enerator/ru"idnti","value":me.js:100"com.Sla:21)
&amp#27;[35m[MJSONWPck:id/next_bu]&amp#27;[tton_u39m   rl_e  at Gntry"}&amp#27;[ener39m
[debug] &amp#27;[atorFu35m[W3C]ncti&amp#27;[onPrototype.invo39m Calling Apke (/piusr/local/lib/node_modumuleDris/appium/node_mover.findules/babdElement() with arel-runtime/regengs: ["id","com.Slack:id/nexter_butatton_urlor_entry/runtime.js:136:37)
","6c033502-fd88-472&amp#27;[2-835m[MJSONWPb5b-]&amp#27;[39m Encou92e919ntered49 internal d161"]
[debuerg]ror &amp#27;[ running comma35m[nd: NoSuchElBaementseDriver]&amp#27;[Err39or: Anm Valid locator s elementtr coulatd not be legieocats for thied s reon thequest:  pagxpath, ide using the given search, class na parameters.
me, acc&amp#27;[essibility id35m, [MJ-andSONWP]&amp#27;roid[3 uia9m  ut   at AnomadroidUiautomatortor2Driver.callee$0$0$
 (/usr/local/lib/node_modules/appium/[debunode_mog] dule&amp#27;[35m[Bs/appasium-android-deDriver]&amp#27;[39m Wairiverting up/lib/c to 0ommands/find ms f.js:75or c:11)
&amp#27;[3ond5mition
[MJSONWP]&amp#27;[39m[d     ateb tug] ryC&amp#27;[35m[JSONWP Proxatcy]&amp#27;h [39m(/usr M/latched '/elocal/emenlit' tb/o commannod de_name modu'findElemenles/appt'
[debiuug]m/ &amp#27;[node_35m[JSONWP Proxy]&amp#27;modules[3/bab9m Proxying el-runti[Pme/regeneOSrator/runtiT /eme.js:lement]67 to [PO:4ST0)
&amp#27;[35m h[MJSONttp:WP]&amp#27;[39m     at Gen//eralocalhost:torFunc8201ti/wond/hub/Prototseype.ssioinvoken/5a [a27c767-9s 791-4751-872d-2ed612cd606_invoked/el] (/emusr/locenal/lt]ib with b/nodyod: e_mod{"strulategy"es/appiu:"m/nidode_m","sodulelees/bctor":"com.Slack:id/nabel-runtime/regext_benutton_url_enterry",at"or/runtime.jsco:3nt15:22)
ext":"","multiple":false}&amp#27;[35m[MJS
[deONWP]&amp#27;[39m     at GeneratorFubug] &amp#27;[35m[MJSnctionPrototype.prONWP]&amp#27;[3ototyp9m Me.atch(aned JSonONWP erroymor us functicodeon) [as  7throw] (/usr/lo to NcaloSu/lib/node_mchodElementErroulr
es&amp#27;[35m[HTT/aP]&amp#27;[39m &amp#27;[ppium/node_m37m<od-- POSules/T /wd/hub/babelsessio-runtn/ime/regen6c033502erator-fd/ru88-472ntim2-8be.js:100:21)
&amp#27;[35b5m-9[MJSO2e91NW94P]&amp#27;[39m  9d  16 a1/t GeneleraemtorFent un&amp#27;[ction39Prototypm&amp#27;[31m500&amp#27;[39m &amp#27;e.invoke[9 (/usr/l0m30 ms - 164&amp#27;[39m
&amp#27;[oc35m[HalTT/liP]&amp#27;b/node_[3mo9m &amp#27;[90m&amp#27;[39m
&amp#27;[35m[HTTP]&amp#27;[3du9mles &amp#27;[37m-/a->&amp#27;[39m &amp#27;[ppiu37mPm/nodeOS_modules/bT&amp#27;[39m &amp#27;[3ab7m/wd/hub/sessionel-r/6c033502-fd88un-4time/722-8b5regeb-9nerator2e9/runti19me49.js:d16113/elemen6:37)
&amp#27;[35mt&amp#27;[[MJSONWP39m
&amp#27;[]&amp#27;35m[[39HTm EncoTP]unter&amp#27;[39edm &amp#27;[ internal error ru90m{"nning command: NoSuchElusiementError: An elng"ement:" couldid","value" not:" be com.Slack:idloc/nexatedt_ on the pagbutton_url_ene using the try"}&amp#27;[39mgi
[ven seaderch parameterbus.
&amp#27;[35mg][MJSON &amp#27;[35WPm[]&amp#27;W3C]&amp#27;[39m[3 Ca9mlling Appi  umDriver   at .fAndindElement()roidUiauto wmatoith args: ["r2Driver.callee$0$0$id", (/u"csr/local/lib/nodom.Se_modlack:idules/appium/nod/next_e_modubutton_url_les/appium-android-entrdriver/lib/cy","omma6ndsc03/find.js:753502-fd:11)
&amp#27;[35m[88-MJSONWP]&amp#27;[3479m22-8b     5b-92eat tryC91atch (/usr949d/loca161l/lib"]
[de/nodebu_modulesg] &amp#27;[35m[BaseDriver]&amp#27;/appium/node_modules/babel-runtime/regenera[39m Valid locattor/or strruntime.jategs:67:40)
&amp#27;[3ies5m for th[MJis rSOequesNWPt: xp]&amp#27;[39m     at GeneraathtorFu, id,nctionPrototype.invoke [a class name, accessibis _invoke] (/usr/locallity id, -/lib/node_moandduroid uiles/appium/node_mauodules/babetomal-rtountimr
e/r[debegeug]nerato &amp#27;[35m[BaseDriverr/runti]&amp#27;[39mme. Wjs:31ai5:22ting)
&amp#27;[35 um[MJp to 0SONWP] m&amp#27;[39m     s at foGer conneraditorFution
[nctionProtdebug]otype.pr &amp#27;[ototype.(ano35m[JnymouSOs functNWP Proxy]&amp#27;[39mion) [as throw] (/usr/lo Matched 'ca/element' tl/libo comm/nodand e_modulname 'esfindEle/appimeum/nodnt'
[debue_mog]dules &amp#27;[35m[JSON/babeWP Proxy]l-run&amp#27;[39timem Proxying/r [POST /element] tegeno [PerOatST http:/or/l/ruocalhost:82ntime.j01s:/w10d/h0:21ub)
&amp#27;[35m/session/5a27c[M76JS7-97ONWP91-]&amp#27;[39m   47  at51 G-8en72d-erat2ed612cd606d/eleorFument] winctith body:o {"snPtrrototyatepge.y"inv:"oke (/usr/local/lib/nidode_",mo"selecdules/tor":"comapp.Siulackm/node_mod:iules/babd/neel-rxt_buntutton_uimrl_ene/regtry","contexent"er:"at","multiple":falor/rse}
[untime.debug] &amp#27;js[35m[M:136:37)
&amp#27;[3JSONWP]&amp#27;[39m Ma5mtc[MJSONWP]&amp#27;[hed JSONWP error cod39e m 7 to NEncooSucunhEtered inlementErrteor
&amp#27;[rnal e35rrom[HTTP]&amp#27;r [3running c9m &amp#27;ommand:[37 NoSum<--chEl POSemenT /wtEd/rrhub/or:ses An esion/6cle033502-fdment cou88-ld not47 b22-8e lob5bcat-92e9ed 1on 949d161/ethe pageleme untsin &amp#27;[3g the given 9msearc&amp#27;[h 31mparameters500.
&amp#27;[35m[MJ&amp#27;[39m &amp#27;SONW[90mP]24 ms&amp#27;[ - 164&amp#27;39[39mm    
&amp#27;[3 at A5m[HndroidUiTTP]&amp#27;[aut39m &amp#27;[90m&amp#27;[om39m
&amp#27;[ator2Driver.c35allem[HTe$TP]&amp#27;0$0$ [3(/usr/lo9mcal/ &amp#27;[37m-->lib/&amp#27;[39m node_mod&amp#27;[3ule7mPOs/aSTpp&amp#27;[ium39/node_modules/appium-m &amp#27;[37m/wd/hub/seandroid-drssion/6c033502-fd88-iver/li4722-b/com8b5b-9man2eds/9find.j19s:49d75:11)16
&amp#27;[31/eleme5m[MJSOnt&amp#27;[39mNWP]&amp#27;[3
&amp#27;9m     at [3try5m[HTTP]&amp#27;[39m &amp#27;Catc[9h 0m{"using":"i(/d","value"usr:"com.Slack:id/n/local/lib/noext_buttdeon_m_uodules/apprlium/_enode_modntulry"}&amp#27;[es39m
/babe[debugl-runt] im&amp#27;[35me[/W3C]&amp#27;re[39m geneCarallitong Ar/runtppime.js:67:40)
iumDriver.findElement() &amp#27;[35with argm[MJSOs: ["iNWP]&amp#27;[3d","co9mm.    Sl at Generaack:id/torFunctionPnext_burototttyon_url_entpery","6c033502-fd.i88-4722-8b5bnv-92e91oke 949d161[as _in"]
vo[debkeug] &amp#27;] (/usr/local[3/l5m[Bib/nodase_modueDrileves/appiur]m/n&amp#27;[od39me_module Vs/babel-runtialid lmoe/catoregenerar stor/runtimtratege.ies for tjshis re:315:22q)uest:
&amp#27;[35m[MJSONW xP]path&amp#27;[39m , id    at Genera, toclarFunctionProtss naotypeme,.prot accesotsibilype.(anitonymy id, ous function) [a-as thrndow] (/usr/local/lirob/nid uiautomaode_moduletor
s/appium/nod[debug] &amp#27;[3e_module5ms/babe[Bl-runaseDtime/regenrierator/runver]time.js:100:&amp#27;[3921)
&amp#27;[35m Wam[MJSOiting up tNWP]&amp#27;[o 0 ms 39m     at Genefor racotorFunctionPndition
[rototype.invoke (deb/usr/lug]oca &amp#27;l/lib[3/node_mo5m[JSOduNWPles/ Paproxy]&amp#27;pi[3um9m /noMatcdehe_md od'/elemulesent' to co/bmmanabed name 'findl-rEluntime/regenerator/runtime.js:136:37)
&amp#27;emen[t'
[debug] &amp#27;[35m[J35m[MSONWP ProxJSONWP]&amp#27;[y]&amp#27;[339m Encount9m Pered roxinteryinnalg [POST /ele emerrnt] to [POST httor rp://locaunlhost:82ning command: N01/wd/hub/soSucession/5hEla27c767-9791-475ementErro1-872d-2ed612cd606d/er: lement] An element cowiuld nth bot be located onody: {"strategy": the p"id"age u,"sesinglecto tr":"he gcomiven sea.Slack:id/next_button_url_entry","rch context":"para","multiple"meters.
:false}
[debug] &amp#27;[35m[M&amp#27;[3JSON5m[MWP]&amp#27;[39mJSO MatNWP]&amp#27;[39m    ched J aSONWP errort AndroidUiautomator c2Doderiv 7er to.ca NoSuchElementEllee$rr0$0$ (/usor
&amp#27;r/loc[35m[HTTPal/lib/]&amp#27;[39mnode &amp#27;[3_mod7mules<-- PO/appium/nodSTe_m odules/a/wd/huppium-anb/drosessiid-dron/6iver/lib/commc03ands/f3502-fd8ind.js8-4722:75:11)
&amp#27;[35m[MJSONWP]-&amp#27;8[39m     ab5t tb-92ryCatch (/use91949d161/elementr/local/l &amp#27;[39m&amp#27;ib/node_mo[31m500&amp#27;[dules/appium/node_mo39m &amp#27;[90m2dules/b8 mabel-rs - unt164ime/regene&amp#27;[39mrator/r
&amp#27;[3untime.j5m[s:67HT:40)
&amp#27;[35m[TP]MJSONWP&amp#27;[39m]&amp#27; &amp#27;[39m     at[9 Gener0atm&amp#27;[39orFunctionProm
&amp#27;[35totypm[HTTP]e.inv&amp#27;[39m &amp#27;[oke [as _invoke37] m--(/usr/local/lib/>&amp#27;[39node_modulesm &amp#27;[37mPOST&amp#27;/app[39m &amp#27;[37m/wium/nd/odeh_ub/semossduion/6c033502-les/fd88ba-4722bel-runtime/re-8b5b-9gener2e9ator/run1949tid161/elementme.js:315:2&amp#27;[39m
&amp#27;[352)
&amp#27;[3m[HTTP5m]&amp#27;[39m &amp#27;[9[MJS0m{"ONWP]&amp#27;[39m     atusing Gene":ratorFunctionPr"iototype.d","valupre":"com.Slack:id/next_button_url_entry"}&amp#27;[3ototype.(an9m
[deonymous funbuction) [ag] &amp#27;[3s 5m[W3C]&amp#27;[39m Calthroling Appw]iumDriv (er.f/uindEsr/lolecal/ment()li wb/noide_moth args: ["iddu","com.Slack:leids/appium/no/next_bude_modultetons/babe_url_entry"l-run,"ti6cme/r03egenera3502-tor/rfd8unti8-4722-8b5bme.-9js:12e91900:4921)
&amp#27;[35md161[MJSONWP]&amp#27;[3"]9m   
[de  bugat ] &amp#27;Generato[35mrFunctionProtot[BaseDriver]&amp#27;[3ype.inv9moke (/u Vasr/lilocal/lid locator strategies for this requeb/node_mst:odules/app xpium/ath,node_m idodules/babel-, crlass untime/regenerator/runname, aticcme.esjs:13sibi6:37)
&amp#27;[35m[MJSlityONWP]&amp#27;[39 idm Enco, -unantered interdrnaloid error ru unningiau comtomamator
nd[debu: g] &amp#27;[NoS35m[BaseDriver]&amp#27;[39muchEl WementError: An eleaitinmeg up to 0 ms fontr co coundld notition
[d be ebugloc] ate&amp#27;[35m[JSOd on the page usinNWg thP Pre gioxvey]n se&amp#27;[39m Matched arc'/elemenh part' to command name 'findElement'
ame[debug] &amp#27;[35m[JSONWP ters.
&amp#27;[Proxy35m[MJSONWP]&amp#27;[]&amp#27;[39m Proxyin39m  g [PO   STat AndroidUiautom /atelement] to [POST http:/or2Driver./localhostcallee$0$0:820$ (/u1/wd/sr/local/lhuibb/sess/node_mioodun/5a27les/appium/c767node_-9mod791-4751-872d-2ed612cdules/appium-android606d/e-drilemever/lnt]ib/co wmmandits/find.js:75:11)
&amp#27;[35h bom[MJSOdy: {"strategy":"iNWPd","]&amp#27;se[39m  lec   at tryCatch (/tousr/r"lo:"ccal/lib/nom.Slaodck:id/nexte_m_buodultton_urles_entry","co/antppium/noexde_modut":"","multiple":false}les/babe
[debug] l-r&amp#27;[3unti5m[MJSmeON/rWPegen]&amp#27;[39m Maeratotchedr/r JSOuntimeNWP.j erros:67:40)
&amp#27;[35m[MJr SONWcoP]&amp#27;[de 7 to N39m     at GoSucenhEleratorFunctioementErnPrrootr
&amp#27;oty[35pem[.invokHTTe [as _invoke] (/uP]&amp#27;sr/loc[3al/l9mib/n &amp#27;[3ode_modules/appi7mum/<-- POST nod/wd/hub/see_ssmoduionle/6c0s/babel-33502-fd88-472runtim2-8b5b-9e/re2e91949dg161/eneratoelemenr/rt un&amp#27;[ti39m&amp#27;[31me.js:315:2m500&amp#27;[2)39m &amp#27;[9
&amp#27;0m26[35m m[MJSONWP]&amp#27;[s - 164&amp#27;[39m
&amp#27;[35m[HTTP]&amp#27;[39m 39m   &amp#27;[90m&amp#27;[  39m
&amp#27;[35m[Hat GeneTTPratorFunct]&amp#27;ionPrototype.[3protot9m &amp#27;[37m-ype.(anony->mous functi&amp#27;[39on) [as throw] (/usr/local/lib/nodem &amp#27;[37mPOS_modules/appT&amp#27;ium/[39m &amp#27;[37m/node_wd/modulhues/babelb/se-runssitimeon/6c/regenerat03or/ru35ntime.js:102-fd800:21)
&amp#27;[8-4722-8b5b-92e919435m[9d161/elMJSOement&amp#27;[NWP]39m
&amp#27;[35&amp#27;[m[39m     HTat GTP]en&amp#27;[erat39orFuncm ti&amp#27;[onPr90ototym{"usipe.invokeng (/u":sr"id","/local/valueli":"com.b/Slack:idnode/nex_mt_bodutules/apton_url_entpiury"m/node_mo}&amp#27;dules/babel-[39m
[runtime/regenerator/rundebtimeug] .js&amp#27;[3:136:37)
&amp#27;5m[35m[MJSONWP]&amp#27;[39m Enc[Wou3C]&amp#27;[3nt9m ered intCalliernal error rung Apnning command: NoSuchEpilemeumDntErrrior:ver.fi An endElement(lement could not be ) with located on thargs: ["id"e pa,"cge uom.Slack:id/next_butsinton_g turl_enthe givenry","6c033502-fd88-47 search 22-8b5pab-rame92e919ters.
&amp#27;[35m[MJS49d16ONW1"]
[deP]bug] &amp#27;[&amp#27;[39m  35m[BaseDr   at iver]&amp#27;AndroidUiautom[39ator2Dm Varivlid er.locacator strategilles for ee$0$0$ (/usr/this request:loca xpath, il/lib/nod, class namede_modules/ap, accessibilpium/ity id, -android uianode_modules/apputomaiumtor
[debug] &amp#27;[35m[BaseDriver-android-dri]&amp#27;[ver/lib/c39ommands/find.js:75:11)
&amp#27;m Waitin[35m[MJSONWg P]&amp#27;[39m up to   0   at trms for condition
[debug] &amp#27;yCatch (/[3us5mr/loca[Jl/SONWP Proxy]&amp#27;lib/node_m[3odules/appi9m Matum/ched node_modu'/elemelesnt'/babe to col-runtimmand name/regenerator/me 'firundElntement'ime.js
[debug] &amp#27;[35m[JS:67:4ONW0)P P
&amp#27;rox[35y]m[MJSON&amp#27;[39m ProxWP]ying [POST /el&amp#27;[39m     at Generement] to [PatOSTorF httunctp:ion//Prototype.inlocavlhost:82oke [a01/wd/hus _b/session/5a27c7invo67-9791-475ke1-872d-2ed] (/usr/l612cd606d/ocal/element] with blib/ody: {"node_stmodules/appium/node_rategy":"id","selectormodules/":babel-runti"com.Slack:id/menext_b/regenerator/rutton_url_entry","unticontext":"","multiple":famelse}
.j[ds:315:22)
&amp#27;[3e5m[MJbug] &amp#27;[35m[MJSSOONWP]&amp#27;[39m MatcheNWP]&amp#27;[39md JSONWP error code 7 to      aNoSt GucheneratorFunctionPrototype.prototype.(anonymous function) [as throElw] em(/usr/loencal/lib/nodtError
&amp#27;[e_modules/ap35pium/node_modules/babel-rm[HTTuntimeP]&amp#27;[/regener39m &amp#27;ator/ru[37mntim<-- POST /wd/hub/session/6ce.js:100033502-fd88-4722-8:21)b5b-
&amp#27;[92e91935m[MJSONWP]&amp#27;[39m49d161     at Gene/elratorFunctionPrototype.invoke (/usr/local/lib/nodeement &amp#27;[39m&amp#27;[31m5_m00odules/&amp#27;[39mappiu &amp#27;[90m22 ms - 164&amp#27;[39mm/
&amp#27;nod[35m[HTTe_modules/babP]el-runtime/regen&amp#27;[3erato9m &amp#27;[90mr/runtim&amp#27;[39m
e.js:&amp#27;[35m[136:HTT37P])
&amp#27;[35&amp#27;[39m[m &amp#27;[37m-->MJSONW&amp#27;[P]39m &amp#27;[3&amp#27;[7mPOST&amp#27;[39m Encou39mnt &amp#27;[37m/erwd/ed ihubnternal e/serror ssiorunning n/comman6c033502-d: Nofd88-SuchE4722-8bleme5b-92e9194ntError: An9d el161/elemement&amp#27;[39entm
 could n&amp#27;[3ot be locate5md on t[HTTP]&amp#27;[3he page usi9mng t &amp#27;he[90m{"u given search psingarame":"id","valueters.
"&amp#27;[35m[MJ:"com.SlSONWP]&amp#27;[39m     at Androack:id/next_bidUiautomautor2Dttrivon_uer.callerl_entry"}&amp#27;[39e$0$0$m
[debug]  (/usr/&amp#27;[35lom[cal/lib/node_mW3C]&amp#27;[39odum Calliles/apng AppipiuumDrivem/node_mor.findEledules/ment() with args: ["idap",pium-a"condrom.Slidack:i-drid/neverxt_b/luttoib/n_url_commaentry","6c03350nds/2-fd88-4722-fi8b5nd.js:75:1b-92e911)
&amp#27;[35m[MJSO949d16NWP1"]&amp#27;[39]
m     at try[debug]Catc &amp#27;h ([35m/usr/l[BaseDriver]&amp#27;[39moc Valalid loca/libtor/node_m stratodules/appiumegies for this re/node_modquest: ules/babel-runtxpimath,e/ idre, geclneraass nator/runtime, acmecessibili.jtys:6 i7:40)
&amp#27;[3d,5m[ -android uiautomator
[debug]MJSONWP &amp#27;[35m[]&amp#27;[3Ba9m  se   aDrit GenveeratorFunctr]&amp#27;[ionPrototype.39m Wainviting up to oke [as _in0 ms for cvoonditke] (/usr/locaionl/
[debug]li &amp#27;b/node_modul[35es/appium/nm[ode_JSONWP Proxymodul]&amp#27;es/babel-run[39tim me/regMaeneratortc/runtime.jshed '/elem:3en15:22t')
&amp#27;[35m[MJ to coSONmmanWP]&amp#27;[39md name      at Gene'findElement'
rato[debrFunug] &amp#27;[35m[ctionPrototyJSpe.protoONtyWPpe. Pr(anonymous functiooxyn) [as throw]]&amp#27; (/u[3sr/l9m Pocaroxyinl/g [Plib/nodOST /element] to [POST http://loe_mcalhost:8201/wd/hub/session/5a27c767odules/appium/-9node_modules/791-4751-872dbabel-ru-2ed612cd606dnt/eime/lement] regewitneh bodrator/ruy: nti{"stme.jrategy":"id",s:"sel100:21)
&amp#27;[35ecm[MJtor":"SONWP]&amp#27;co[39m.m   Slac  atk:id/nex Gent_button_url_entreratorFunctionProy",totype.in"context":"","vomultikeple" (/usr/local/:flibalse}
[/nodebug] &amp#27;[35m[MJSONWP]&amp#27;[39m Matchde_ed JSmodONWP eules/appiurror codem/nod 7 to Ne_modules/babel-runoSuchElemetintError
&amp#27;[me/reg35m[HTTP]&amp#27;enerator/run[39mtime.js:136:37) &amp#27;[37m<-
&amp#27;[35m[MJSONWP- PO]&amp#27;[39ST /wdm Encou/hub/sessiontn/6cer033502-ed internal error running fd88-472co2-8bmmand:5b-9 N2e9oSu1949chElemd1entError61/e: An elemenlet coulment &amp#27;d [3no9m&amp#27;[3t 1m500&amp#27;[39m &amp#27;[90m25 bems - 164 loca&amp#27;[39m
&amp#27;[35m[tedHTT on thP]&amp#27;[39m e &amp#27;[90mpage using&amp#27;[ t39m
&amp#27;[35mhe g[HTTP]&amp#27;[39m &amp#27;[37m-->&amp#27;[iven sear39m ch paramete&amp#27;[37mrsPOST&amp#27;[39m &amp#27;[3.
&amp#27;[37m/wd/hub/session/6c033502-fd88-4722-5m[MJSON8bWP]5b-92e&amp#27;[39m 91949d    at Andr161/elemenoidUiautomator2t&amp#27;[39m
&amp#27;[35m[HTTP]&amp#27;[39mDriver. &amp#27;[90m{"using":callee$"id"0$,"value":"com.S0$ (/lack:id/next_button_url_entusrry/l"}ocal&amp#27;[39m
[debug] &amp#27;[35m[W3C]&amp#27;[39m Calling AppiumDriver.findElement() with args: ["id","com.Slack:id/next_button_url_entry","6c033502-fd88-4722-8b5b-92e91949d161"]
[debug] &amp#27;[35m[BaseDriver]&amp#27;[3/lib/node_modules9m Valid locator strategies for this request: xpath, id, class/a nppium/node_moduleame, accesss/appium-andribilioityd-d id, -ariver/lib/comndroid uiautomator
[dmands/find.js:75:11ebu)
&amp#27;[g]35m &amp#27;[35m[BaseDrive[MJSONWP]r]&amp#27;[39&amp#27;[39mm Wai     at tryCatch (/usr/local/lib/node_modules/appium/nting up tode_modules/bao 0 msbel-runtime/regenera fortor/runt conditime.ion
[debug] &amp#27;[35m[JSONWP Proxy]&amp#27;js:67:40)
&amp#27;[35m[MJSONWP]&amp#27;[39m     at GeneratorFunctionPrototype.invoke [as _i[39m Matched '/elemenvnt' oke] (/utosr/local/lib/node_modul commanes/appium/node_modules/babel-runtime/regenerator/rund namtime.js:315:22)
&amp#27;[35m[MJSONWP]&amp#27;[39m     ae 'findElement'
[debug] &amp#27;[35m[JSONWP Proxy]&amp#27;[39mt GeneratorFunct Proxying [ionProtoPOtype.prototype.(anoST ny/elemous function) [as thment] to [POSTrow] (/us httr/local/lib/node_mp://localhost:8201/wd/hub/sesodules/appium/node_modules/babel-runtime/regsion/5enerata2or/runtime.js:100:21)
&amp#27;[7c767-9791-4751-87235m[d-2ed612cd60MJSONWP]&amp#27;[39m     a6d/elemt ent] witGeneh borady: torF{"stratunctionPregy":ot"id"otype.,"sinvoke (/usr/local/lib/node_modules/appium/nelector":"com.Slack:id/ode_modulnext_button_url_entry","context":"","multiple":fes/babel-runtime/regeneratoalse}
[debug]r/runtime.js:136:37)
&amp#27;[35 &amp#27;[m[MJ35m[MJSONWP]&amp#27;SONWP][39m&amp#27;[39 Matched JSONWP error code 7 to NoSuchElementError
&amp#27;[35m[HTTP]&amp#27;[39m &amp#27;[37m<m Encountered in-- POST /wd/hub/session/6c033502-fd88-4722-8b5b-92e91949d161/elemetent &amp#27;rnal error[39m&amp#27;[31m500&amp#27;[39m &amp#27;[90m35 ms - 164&amp#27;[39m
&amp#27;[35m[HTTP]&amp#27;[39m &amp#27;[90m&amp#27;[39m
&amp#27;[35m[HTTP] run&amp#27;[39mning com &amp#27;[37m-->&amp#27;[mand: NoSuc39m &amp#27;[hEl37mPementEOSrrT&amp#27;[39m &amp#27;[37m/wor: An element cd/hub/session/ould6c03350 not be locat2-fd88-4722-8bed on the page using th5b-92e919e give49d161/en searclementh par&amp#27;[39mam
&amp#27;[35eterm[Hs.
&amp#27;TTP]&amp#27;[39m &amp#27;[90m{"using":"id","[35m[MJSvaONWPlue":"com]&amp#27;[39m     at AndroidUia.Slack:id/next_buttonutomator2Driver.callee$0$0$ (/usr/l_uocrl_entral/lib/node_modules/appium/node_moy"}&amp#27;[39m
[debug]dules/appium &amp#27;[-android-driver/lib/commands/find.j35m[W3C]&amp#27;[39m s:Calling AppiumDriver.75:findElement()11)
&amp#27; w[35m[MJitSONWP]&amp#27;[39m     at tryCatch (/usr/local/lib/node_modules/appiuh am/rgnode_modus: ["id","com.Slles/babel-runtime/regeacnk:id/next_button_url_entry","6c033502-fd88-4722-8b5b-92e91949d161"]
[debug] &amp#27;[35m[BaseDriver]&amp#27;[39m Valid locatorerator/runtime.js:67:40)
&amp#27;[35m[MJSO sNWtraP]&amp#27;[39mtegies for this r     at equest: xpath, id, class name,GeneratorFuncti accessibility ionPrototd, -android uiautomatype.ior
[nvoke [as _invokdebug] &amp#27;[35m[Bae] (/seDriver]&amp#27;[39m Wusraiting up/l to 0 ocal/lib/nodems for _modules/appiconditiumon/node_modules/babel-run
[dtime/ebug]re &amp#27;[35m[JSONWP Proxy]generat&amp#27;[39m Matched '/element' to command name 'findElement'
[debuor/runtime.js:315:22)
g] &amp#27;[35m[JSONWP Pr&amp#27;[35m[MJSONoxy]&amp#27;WP]&amp#27;[39m[39m Proxying [POST /element] to [POST http://localhost:8201/wd/hub/session/5a27c767-9791-  4751-872d-2ed612cd606d/ele   at GeneratorFunctment] wionPrototith body: {"straype.prottegy":"id","selectootyper":"com.Slac.(ank:id/next_button_url_entry","context":"","multiple":false}
[debug] &amp#27;[35m[MJSONWP]&amp#27;[39m Matched JSONWP error code 7 to NoSuchElementError
&amp#27;[35m[HTTP]&amp#27;[onymous functio39m n) [as throw] (/usr/lo&amp#27;[37calm<-- PO/lib/node_modules/aST /wd/hub/session/ppium/node_module6cs/babel-runtime/regenerator/ru03ntime3502-fd88-4722-8.js:10b5b-92e91949d161/eleme0:21)
&amp#27;[35m[nt &amp#27;MJ[39m&amp#27;[31m500&amp#27;[39m &amp#27;[90m33SONWP]&amp#27;[39m ms - 164&amp#27;[39m
&amp#27;[35m[HTTP]&amp#27;[39m &amp#27;[90m&amp#27;[39m
&amp#27;[35m[HTTP]&amp#27;[39m &amp#27;[37m-->&amp#27;[39m &amp#27;[37mPOST&amp#27;[39m &amp#27;[37m/wd/hub/session/6c033502-fd88     at GeneratorFunctionP-4722-8b5b-92e91949drototype.invoke (/u161/elsr/local/lib/nemenode_t&amp#27;[39m
&amp#27;mod[35m[HTulTP]&amp#27;[39es/appium/node_modulem &amp#27;s/babel-runtime/[90rem{"using":"generatoid","value":"comr/.Slack:runtime.js:136:37)
&amp#27;[35m[id/next_button_url_entry"}&amp#27;[39m
[debug] &amp#27;[35m[W3C]&amp#27;[39m Calling AppiumDriver.findElement() with args: ["id","com.Slack:id/next_button_url_entry","6c033502-fd88-4722-8b5b-92e91949d161"]
[debug] &amp#27;[35m[BaseDriver]&amp#27;[39m Valid locator strategies for this request: xpath, id, class name, accessiMJSONWP]&amp#27;[39m Encountered internal error rbiunnility ing command:d, -a NoSucndroid uiautomator
[dehElebumentError: An elg] &amp#27;[3ement could5m[BaseDr not be located iver]&amp#27;[39m Waiting up to 0 ms for conditionon th
[debug] &amp#27;[3e page using the given search parameters.
&amp#27;5m[35m[MJ[JSONWP Proxy]&amp#27;[39m SONWP]&amp#27;[39m     at AndroidUMatched '/elemeiautomator2nt' to commDriver.callee$0$0and $ (/usr/locnaal/lib/menode_module 'findElement'
[debug]s/appi &amp#27;[35m[JSum/ONWP node_modules/appium-android-driProxyver/li]&amp#27;[39m Proxying [POST b/c/element] tommands/fino [POST http://localhost:8201/wd.js:d/hub/session/5a27c767-9791-75:11)
&amp#27;[35m[MJSONWP]&amp#27;[39m     a4t tryCatch (/751-872d-2ed612cd606d/element] with body: usr/local/lib/node_modu{"les/appstrategy":"id",ium/node_mod"selulesector":"com.S/black:id/next_button_url_entry","context":"abel-","multiple":false}
[debug] &amp#27;[3runtime/rege5m[Mnerator/rJSONWP]&amp#27;[39m Matched JSONWP error code 7 untimto Ne.js:67:oSuc40hElementError
&amp#27;[3)
&amp#27;[355m[HTTP]&amp#27;[39m m[MJSONWP]&amp#27;[39m     at GeneratorFunctionPrototype.invoke [as _invoke] (/usr/local/lib/node_modules/appium/node_modules/babel-runtime/regenerator/runtime.js:315:22)
&amp#27;[35m[MJSONWP]&amp#27;[39m     at GeneratorFunctionPrototype.prototype.(anonymous function) [as throw] (/usr/local/lib/node_modules/appi&amp#27;[37m<--um/node_modules/ POSTbabel-runtime/regenera /wtord/hub/session//runti6c033502-fd88-4me722.js:10-8b0:215b-92e)
&amp#27;91949d[35m[16MJSONWP]&amp#27;[39m     1/element &amp#27;[39m&amp#27;[31m500&amp#27;[39m &amp#27;at GeneratorF[90m24unct ms - 164&amp#27;[39m
&amp#27;[35m[HTTP]&amp#27;[3ionPrototype.invoke (/usr/local/lib/node_modules/a9m &amp#27;[90m&amp#27;[39m
ppium/&amp#27;[35m[HTTP]node_modules/babel-runtime/regenerator/r&amp#27;[39m &amp#27;[37m-->&amp#27;[39m &amp#27;[37muntimPOST&amp#27;[e.js:136:339m &amp#27;[377)
&amp#27;m/wd/hub/session/6c033502-fd88-4722-8b5b-[392e5m[MJSONWP]&amp#27;[39m En91949dcoun161/elementered internal error runnt&amp#27;[39ming command:
&amp#27;[35 Nom[HSucTTP]hEle&amp#27;[39mmentError: An element could not be located on the page using the given search p &amp#27;[90maramete{"usingrs":"id","value":"c.
&amp#27;[om.Slac35m[MJSONWP]&amp#27;[39mk:id/nex     at Ant_button_udroirl_entry"}&amp#27;[dUiautom39mator2Dr
[iver.callee$0$deb0$ (/usr/local/lib/node_modules/appium/node_modug] &amp#27;[3ules5m[W3C]&amp#27;[39m Calling AppiumDriver.findEle/appium-amentndroid-driver/lib/co() with args: ["id","com.Slack:id/next_button_url_entry","6c033502-fd88-4722-8b5b-92e91949d161"]
[debug] &amp#27;[35m[BaseDriver]&amp#27;[39m Valmmands/finid locator strategies fd.js:75:11)
&amp#27;[35m[MJSONWP]&amp#27;[39m     at tryCatch (/usr/local/lib/node_modules/appium/node_modules/babel-runtime/regenerator/runtime.js:67:40or thi)
&amp#27;s request: xpath, [35m[MJSONWP]&amp#27;[39m     at Geneid,ra class name, accetorFunctionProtssibotype.iility id, -androinvd oke [auiaus _invoke] (/usr/lotomatorcal/lib/node_modules/appium/node_modules/babel-runtime/regenerator/runtime.js:315:
[22)
&amp#27;[35m[debug] &amp#27;[35m[BaseDriverMJSONWP]&amp#27;[39]&amp#27;m     at GeneratorFunctionProt[3otype.protot9mype.( Waiting up tanono 0 ms for condition
[debug] &amp#27;[3ymous function) [as throw] (/usr/local/lib/node_modules/appium/node_modules/babel-runtime/regenerator/runtime.js:100:21)
&amp#27;[35m[MJSONW5m[JSOP]&amp#27;[39m     at GeneratorFuNWnctionProtP Proxy]&amp#27;[39m Matched '/elemeotype.invoke (/usr/local/lnt'ib/ tnode_modo command name 'findElement'ules/ap
[pium/node_debug]mo &amp#27;[35m[JSONWdules/babelP Pr-runtoxy]&amp#27;[39m ime/rProxying [POST /elegeneraement] to [POST htttor/runtime.js:136:37)
&amp#27;[35m[MJSONWP]&amp#27;[39m Encountered internal error running command: NoSuchElementError: An element could not be locatp:/ed on /lthe pocalhost:8201/wd/hub/session/5aage using the g27c767-9791-4751-872d-2ed612cd606d/element] with body: {"strategy":"id","selector":"com.Sliven sack:id/nearch parametext_ers.
&amp#27;[35bum[MJSONWP]&amp#27;[39m     at AndroidUiautomator2Driver.callee$0$0$ (/usr/local/lib/nodetton_url_entry",_modules/appium/node_modules/appium-android-driver/lib/commands/find.js:75:11)
&amp#27;[35m[MJSONWP]&amp#27;[39m     at tryCatch (/usr/local/lib/node_modules/appium/node_modules/babel-runtime/regenerator/runtime.js:67:40)
&amp#27;[35m[MJSONWP]&amp#27;[39m     at GeneratorFunctionPrototype.invoke"context" [as _invo:"","multiple":falke] (s/ue}
[debusr/lg]ocal/l &amp#27;[35m[MJSONWP]&amp#27;[39m Maib/node_modules/appium/node_modules/babel-rutched ntime/regenerator/runtime.js:315:22)
&amp#27;[35m[MJSONWP]&amp#27;[39m     at GeneratorFunctionPrototype.prototype.(anonymous function) [as throw] (/usr/local/lib/node_modules/aJSONWP error code 7 to NoSuchElementErroppr
&amp#27;[35ium/m[HTTP]&amp#27;[39m node_modu&amp#27;[les/babel-37m<-- Pruntime/regeneratorOST /wd/hub/sessio/rn/6cuntim03e.js:100:21)
&amp#27;[35m35[MJSONWP]&amp#27;02-fd88-4722[39m   -8b5b-92e  at GeneratorFunctionProt91949d161otype.invoke (//elemenusr/local/lib/t &amp#27;[39m&amp#27;[31m500&amp#27;[39m &amp#27;[90m25 ms - 164&amp#27;[39mnode_modules/appium/node_modu
&amp#27;les[3/bab5m[HTTPel-ru]&amp#27;[3ntime/9m &amp#27;[90m&amp#27;[39m
&amp#27;[rege35m[HTTP]&amp#27;[39m &amp#27;[37m-->&amp#27;[39m &amp#27;[nerator/runtime.js:136:37)
&amp#27;37[35m[mPOST&amp#27;[39m &amp#27;[37m/wd/hub/sesMJsioSONWP]&amp#27;[39m Enn/co6c0untere33502-d internal errofd88-4722-8b5b-92er r9194un9dning co16mma1/elend: NoSuchElementError: ment&amp#27;[An element could not b39me loc
&amp#27;[35m[HTTP]&amp#27;[39m &amp#27;ated on the page using the giv[90m{"usingen search parame":ters.
"id","va&amp#27;[3lue":5m[MJSONWP]&amp#27;[39"comm .Sla    at AckndroidUiautom:id/next_butatorton_u2Driver.callee$0rl_e$0$ (/usr/locantl/lry"}ib/no&amp#27;[de_39modules/appium
[debug] &amp#27;[35m[Wm/3C]&amp#27;[39nodem Calling App_miumodules/appiDriver.findElementum-and()ro withid-driver/lib/commands/find.js:75:11)
&amp#27;[35m[MJSONWP]&amp#27;[39m     at tryCatch (/usr/local args: /lib/node_mo["idules/apd","cpium/node_moduleom.Ss/babel-runtilack:me/regenerator/runtime.jid/next_button_urls:67:40)
&amp#27;[35_entry","m[MJ6c0SONWP]&amp#27;[39m   33  a50t 2-fd88-4722-8b5b-92e91949d161"]
[debugGenera] &amp#27;[35m[BtoraseDriveFunctionPrototype.invoke [asr] _invok&amp#27;[39m Vae] (/usr/local/lid llib/ocator node_modules/appium/nodstrategiese_modules/babel-runtime/ for this request: xpath, id, class regname, aeneratorcce/rssibility untimid, e.-android uiaujs:to315:2mato2)
&amp#27;[3r
[d5meb[Mug] &amp#27;[3JS5mONWP]&amp#27;[39m[Ba   seDriver]&amp#27;[39m Wait  aint Geg up toner 0 matos for condition
[debug] &amp#27;[35m[JSONWP Proxy]&amp#27;[39m Matched '/elemrFunctient'on to coPrommand name 'totype.prototypfindElemente.(anony'
[debumog] &amp#27;[35m[Jus function) [as SONthrow]WP Pr (oxy]/usr&amp#27;[39m /localProxying [POST /elemen/lt] toib/node_modules [POST http://localhost/a:ppium/n8201/wd/hub/session/5ode_modules/babel-runta27c767-9791-4751ime/re-872d-2ed612cgenerator/runtime.js:100:21)
&amp#27;[35m[MJSONWP]&amp#27;d606d/element] with body[39m    : {"strategy at":" Generatoid","rFseleunctionPrototype.invoke (/usr/local/ctor":"comlib/node_m.Slack:id/next_butodules/appium/node_modules/babel-rton_uruntil_meentr/regenery","cator/rontext":"","untimemultiple.":faljsse}
[debug] &amp#27;[3:136:35m[7)
&amp#27;[35m[MJSMJONSONWP]&amp#27;[39WP]&amp#27;[39m m MatcheEncod JSONWP error countered intde 7 to NoSuernal errchElor runemenintError
&amp#27;[ng comm35m[andHTTP]&amp#27;[39m &amp#27;[37m<-: - PONoST SuchEl/wd/ementError: hub/seAn element could not be ssion/6c033502-located on the pagefd88-472 u2-8b5b-sing the given searc92e9194h par9d1ameters.
61&amp#27;[35m[MJSONWP]&amp#27;[/element &amp#27;[39m   39m  a&amp#27;[31m50t Andro0&amp#27;idUiautom[3ato9m &amp#27;[9r2Driver.c0m32 mals - le164&amp#27;e$[39m0$0$ (/usr
&amp#27;/loca[35ml/l[HTTibP]/n&amp#27;[39ode_mm &amp#27;[90m&amp#27;[39m
&amp#27;[35modules/a[HTTP]&amp#27;[39m &amp#27;[37m-->&amp#27;[39m &amp#27;[37ppium/nmPOST&amp#27;[39m &amp#27;[3ode_7m/wd/modulehub/sessions/appium-android-/6c033502-fd88-4722-8b5bdr-92e9194iver/lib/co9d161/element&amp#27;[39m
&amp#27;mmands/find.js:[35m[HT75:11)
&amp#27;[35m[MJSONWP]&amp#27;[39m TP]&amp#27;[3    at tryC9m &amp#27;[atch (/usr/local/lib90m{"using"/nod:"id","ve_almoduue":"com.leSlack:id/nexts/ap_buttonpium/node_modules/babel-r_url_entry"}&amp#27;[39untimm
[debue/regg]ener &amp#27;[35mat[W3C]&amp#27;[39m Corallin/runtg ime.js:67:40)
&amp#27;[3Ap5m[piumDriver.findElMJSement() with args: ["id"ONWP]&amp#27;[39m     at,"com.Slack:id GeneratorFunctionPrototype.invo/next_buttonke [as _url_entry_invo","6c033502-fd88-4722-8b5ke] (b-92e91949d16/usr/l1"]
ocal/lib/no[debugde_mo] &amp#27;dule[35m[BaseDrivers/a]&amp#27;ppium/node_mo[39m Vdulealis/babeld -rlocator strauntegiestim for this reqe/regenerator/runtiuest: xpath, ime.js:d, c315:22)
la&amp#27;[35m[Mss name, JSOacNWP]cessibility &amp#27;[3id, -a9mndr   oid uiautomator
[debug]   at Generato&amp#27;[35m[BasrFeDriunctionPrototype.protver]&amp#27;[39otym pe.(anWaiting uponymou to 0 ms for condits function) [as throw] (/usr/local/ion
[debug] &amp#27;[3lib/node_modules/appium/node_modules/babel-r5m[JSONuntime/reWP Pgeneroxyrator/run]&amp#27;[39tim Matched 'me.js:100:21)
&amp#27;/element'[35m[MJSONWP]&amp#27; to [39mcommand name     at 'fi GndElement'
[debugen] &amp#27;[er35atorFunctim[JonProtSONWP Potyroxy]&amp#27;[3pe.inv9mok Pe (/roxyusr/local/liinb/g [POSTno /elemedent] to [POST http:_modules///locappialhost:um/node8201/wd_modules/hu/bab/session/5a2bel-runtime/regenerator7c767-97/ru91-4751-nt872d-2ed612cdime.j606d/eles:136:37ment] wi)
th body: {"strategy":"i&amp#27;[3d","selector":"5mco[Mm.SJSONWP]&amp#27;[39m lackEn:id/ncountered interexnat_button_url_el error runnintng commryand: NoSuc","context"hElemen:"tError: An ",element cou"multiple":fldalse} n
[dot be loebugcate] &amp#27;d [35on m[thMJe pageSONW using tP]he gi&amp#27;[39venm Matched JSO seNWP erroarch parameters.
&amp#27;[35m[MJSONWr code P]7 &amp#27;[39m    to NoSuchE at AndroidUiautomatorlementE2Drrriver.corallee$0$0$ (/
&amp#27;[35mus[Hr/local/liTTP]&amp#27;[39b/m nod&amp#27;[3e_modu7m<-- lePOs/appST /iuwd/m/nhub/sode_moduesslesio/appn/6c033502-fd8ium-andr8-4722oi-8bd-dri5b-92ver/le919ib/commands/f49d161/eleinmend.t &amp#27;[39m&amp#27;[js31m500&amp#27;[39m &amp#27;[9:70m35:6 ms - 164&amp#27;[39m
&amp#27;[35m[HTTP]11&amp#27;[39m )
&amp#27;[35m[MJSONWP]&amp#27;[3&amp#27;[90m&amp#27;[39m
&amp#27;[9m     35m[HatTTP] try&amp#27;[39mCa &amp#27;[tc37m-->&amp#27;h (/usr[3/loca9m &amp#27;[37mPOST&amp#27;[l/39libm &amp#27;[37m/w/node_moduled/hub/ss/esappium/node_modusion/6c03les/ba35bel02--rfduntime/regene88-4722-8b5b-92e9ra19tor49d1/r61/eunlemtient&amp#27;[3me.j9m
s:67:40)
&amp#27;[35m[MJSONWP]&amp#27;[39m     at GeneratorFunctionPrototype.invoke [as _invoke] (/usr/local/lib/node_modules/appium/node_modules/babel-runtime/regenerator/runtime.js:315:22)
&amp#27;[35m[MJSONWP]&amp#27;[39m     at GeneratorFunctionPrototype.prototype.(anonymous function) [as throw] (/usr/local/lib/node_modules/appi&amp#27;[3um/no5mde_[HTTmoP]dul&amp#27;[es/ba39m &amp#27;[9bel-runti0m{"me/regusening"er:"atorid"/r,"vunaltime.js:10ue":"com.Sla0:21)
&amp#27;[35m[MJSONWP]&amp#27;[3ck9m   :id/  at Gennexterat_buttoorn_Functurl_ionProentotyptre.invy"}ok&amp#27;[e (/u39srm
[debug]/l &amp#27;ocal[35m[W3C]&amp#27;[39m C/lib/allinong Ade_modules/appippiuummDri/nodvee_r.modufilends/babElelem-runtimeen/ret()ge wineratth args: [or/"idru","contime.jsm.Slack:id/next_butto:13n_url_6:37)entry","6c033502-
&amp#27;fd88[3-4722-5m[M8bJS5b-92ONWPe9194]&amp#27;[39d1619m Encountered "]interna
[l edebug] rror ru&amp#27;[3nn5ming command[BaseDriver]: No&amp#27;[3SuchE9m Valid loclementErratoor: An er stlement coulrategid esnot be l forocated o this n threqueste page using:  the givxpaen searchth p, idarame, terscl.
&amp#27;ass [35mnam[MJSe,ON accessibilitWPy id, -andr]&amp#27;[oi39m d    ui at AaundtomroidUiautatomor
[atdebug] &amp#27;or[32D5m[BaseriverDriver.ca]&amp#27;llee$0$0$ [3(/9m Waiting usr/local/lib/noupde to _m0 ms foodulr conesdit/appioiun
[dem/nodbuge_m] &amp#27;odule[35m[JSs/ONWPap Prpioxumy]&amp#27;[39m M-anatched 'dr/elemeoid-driver/lnt' to coib/commandsmm/fanindd name 'f.jins:dE75:1lement1)
&amp#27;'
[d[35m[MJSONWPeb]&amp#27;ug] &amp#27;[3[35m[9m     at trJSONWPyC Proatcxyh (/]&amp#27;[39m Prusr/locoxal/lib/ying no[Pde_moOSTdules/appium/node_modules/babel-ru /ntime/elreemgeneraentor/runtimt]e. tjs:67:40)o 
&amp#27;[POST htt[3p://local5mhost[MJ:8SO201/wdNWP]&amp#27;/h[39m     atub Ge/sneraesstoiorFunctin/5ona27cPr767-ototyp9791-4e.751-in872d-2vokede [as 612cd_invo606dke] /e(/ulemesr/lnt] ocal/lwith body: {"strategy":"iib/nodd","selecte_modules/or":"com.Slapack:id/nexpit_buum/nottonde_modules/ba_uberl_entl-runtimry","coe/rnteegenerxtato":"","multipr/le":fruntimale.jses:315}
[deb:22)
&amp#27;[35mug] [MJS&amp#27;[35mONWP[M]&amp#27;[3JS9m     aONWt P]&amp#27;[39m MatcGenehed JratoSONWP rFuerncror code 7tionPrototype.prototype.(anonymous fu tnctioo NoSuchEn) lementE[as trrorhro
&amp#27;[35m[HTTP]&amp#27;[39m &amp#27;[37m<w]-- P (/usOST /wd/hr/local/ub/seslib/node_msion/6codules033502/appium/nod-fd88-4722-8e_modulesb5b/babe-92e91l-runtime/r949degenerat161/orel/remenunt &amp#27;[39m&amp#27;time[31m500&amp#27;[3.js:100:219m )
&amp#27;&amp#27;[90m24 ms [35m[MJSONWP]&amp#27;[39m - 164&amp#27;[39m
&amp#27;[35m[HTTP]&amp#27;    [39at Generatom rF&amp#27;[un90m&amp#27;ctionP[3rototype.9minvoke (
&amp#27;[/u35msr/local[HT/lib/nodeTP_modules/appium/no]&amp#27;de[39m_m &amp#27;odul[37mes/b-->&amp#27;[3abel-runtime/re9m ge&amp#27;[37mPOST&amp#27;[39m &amp#27;[37m/wd/hub/session/6cne033502-frator/rd88-4722-8bunti5bme.js:136:37-92e)
9194&amp#27;[9d1635m[1/MJSOelNWemeP]&amp#27;[39m ntEncountered i&amp#27;[39m
nt&amp#27;[35m[ernHTal TPerro]&amp#27;r ru[39mnning c &amp#27;[90omm{"using":"id","value":"com.Slmandack:id/next_butt: NoSuconhEle_urmentError: An ell_enemtrent could noy"t b}&amp#27;[39e locatm
ed [debonug]  t&amp#27;[35mhe page us[W3C]&amp#27;[39ing m Calling Apthe piumDriver.given sefindElement() with args: arch p["iaramd"ete,"cors.
&amp#27;[35m[m.SlMJSONWP]ack:i&amp#27;[39m  d/n   aext_but tton_url_Andentry"roidU,"6iautoc033502-mafd88to-4r2722-8b5b-92Dre9iv1949erd161".callee$0$0$ (/usr/local/lib/node_modules/appium/node_modules/appium-android-driver/lib/commands/find.js:75:11)
&amp#27;[35m[MJSONWP]]
[d&amp#27;[3eb9m ug    ] &amp#27;[35mat t[BasryeDriCatvech (/usr/r]loc&amp#27;[al/l39ib/nom de_moValduid locles/aatorppi strum/natodegies fore_modules/b tabhisel-runtime/regene request: xpath, id, class name, rator/runtacime.js:67:40)
&amp#27;[35m[MJSONWP]&amp#27;cess[39m    ibility id, -and arot Generaidto uiautomrFator
[debugun] &amp#27;[35m[BasctieDroniver]&amp#27;[39mPro Waiting up totype.to 0 ms for conditioinn
[devoke [as _buinvokg]e] (/usr/loc &amp#27;al[35/lm[JSONWP ibProxy]/n&amp#27;[39m Mode_modulatchesed /a'/ppielumem/noent' tode command_modu namles/babele 'findElement'-r
[debuuntime/regenerator/rg] untim&amp#27;[e.js:31355:m[J22SONWP Proxy]&amp#27;[39m )
&amp#27;[3Proxying [POST /element] to [POST ht5mtp://[MloJScalhost:8201ON/wd/WP]hub/session/5a27c767-9791-&amp#27;[39m     47at G51-8en72erad-2torFunedct612cd606d/ionPelerototype.prometont] with body: {"stypetrategy":"id","selector":"com.Slack:id/nex.(anonymous function) [as throw] (/usr/local/lib/node_modules/appium/node_modut_buttonles/babel_u-rrlun_entry","context":ti"","mulme/regeneratipletor/runtime.j":fas:100:21)lse
&amp#27;[35m[}
MJS[debug] &amp#27;[35ONWP]&amp#27;[39m    m[MJS atONWP]&amp#27;[39 Generm Matched JSatorFunctioONWP errornProt cootype.invoke (/usr/local/lib/de node_7 to NoSmodules/appuchElemeiumntError/nod
&amp#27;e_[3modul5m[HTTP]&amp#27;[39m &amp#27;es/babel-runtime/regenerator/ru[37ntime.js:136:37)
&amp#27;[m35m[MJS<-ONWP]&amp#27;[39m - POST /wd/hub/session/Encount6c033502-fd88-4722-8b5b-92e91949d161/element &amp#27;[39m&amp#27;ered internal error running command: No[31m500&amp#27;[39m &amp#27;[90m33 ms -SuchEleme 164&amp#27;[39m
&amp#27;nt[35mError: An element coul[HTTPd ]&amp#27;[39m not &amp#27;[be90m loca&amp#27;[39m
&amp#27;[ted o35m[n theHTTP]&amp#27;[ page39m &amp#27;[37m-->&amp#27; u[3sing the given search 9m &amp#27;[3paramet7mPers.OS
&amp#27;[35mT&amp#27;[MJSONWP]&amp#27;[3[39m9m     &amp#27; at A[37mndroi/wd/hub/session/dUi6c033automa502-fd8to8-4722-8b5b-92e91949d161/element&amp#27;[39m
&amp#27;[35m[HTTP]&amp#27;r2Driv[39m &amp#27;[90er.cm{"usiallee$0$0$ ng(/usr/local/lib/no":de_modules/"id","vapalue":"compi.Slackum/node_module:id/s/apnepium-xt_buttandroion_ud-rl_edrintver/lib/ry"}&amp#27;[comm39m
[debug] ands/find.js:75:11)
&amp#27;[35&amp#27;[35m[m[W3C]MJSONWP]&amp#27;[39m     at tryCa&amp#27;[39m Caltch (/usr/local/lib/nodling Appiue_mmDrivoder.fiulesndEle/appiumment() with args:/node_modul ["es/id","com.babel-runtime/regeneraSlack:id/ntoext_buttor/runtime.js:67:40)
&amp#27;n_url[35m[_eMJSONWntry",P]"6c033&amp#27;[50239-fm     d8at G8-4eneratorFu72nctionPrototype.inv2-ok8be [as 5b-92e_invoke]919 (/u49dsr/loc161"]
[dealbug/lib] &amp#27;/node_modules[35m[/aBaseppDriuiver]&amp#27;[39m/nom Vadelid lo_mcatodorules/babel-runt strime/rategegieens feratoror this /rreunqutiest: xmepath,.js:315:22 id,)
&amp#27;[3 class5m name[M, acJSONWcesP]&amp#27;sibi[3lit9my id, -a  ndroid uia  utomator at 
[GeneratorFunctionPrototype.prototype.(anonymousde funcbug] &amp#27;[tion)35m[BaseD [as throwriver]&amp#27;[3] 9m (/uWaiting up tsr/o 0 ms for local/lconditioibn
[/node_moddebug] &amp#27;ules/appium[35m[/node_modJSONWulP Proxy]&amp#27;[39m Matches/babel-runtimed '/elemente/' reto command namege 'finnedElemeratont'
[debur/runtg] &amp#27;[35mime.js:1[J00SONWP Pro:21xy]&amp#27;[3)
9m Proxying&amp#27;[ [POST /elem35m[MJenSONWP]&amp#27;[3t] t9m    o [ aPOST htt Getp:neratorFunctionProto//localhotyst:8201/wpe.invod/hke (/ub/sessusr/local/libion/5a27/nc767ode_-9791modules/appium/n-4751-8ode_72d-2edmo612cd606d/eledulmees/bntabel-ru] with body: nt{"strategy":"id","selecime/regtor":"com.Slack:id/eneratonext_button_urr/runtiml_entry"e.js,":1co36ntext:37":)
"","&amp#27;[35m[MmuJSltONWPip]&amp#27;[39lem ":falseEncoun}
te[debug] &amp#27;[35m[MJSONWP]red int&amp#27;[erna39l erm ror runniMatcheng comd JSmand: NoSuchElementError: AONn eleWP meernt cror coould not bede  loc7 to NoSuchElemeated ontEn the page using trrorhe given s
&amp#27;earch par[35m[ametHTerTPs.]&amp#27;[
&amp#27;39[3m 5m[M&amp#27;[37m<-JS- POST /wd/ONWP]&amp#27;[39m     at hub/session/6c033502-fdAn88-4droidUiaut72om2-ator8b2Dr5b-92e919iver.49d16callee$0$1/elem0$ent &amp#27;[39m&amp#27;[31m500&amp#27;[39m &amp#27;[90m22 m (/usr/local/libs /nod- 164&amp#27;[39m
&amp#27;[35e_modm[Hules/TTP]&amp#27;[39m &amp#27;[9appi0mum&amp#27;[/node_39mmo
&amp#27;[35m[HTTP]&amp#27;[39m &amp#27;[dules/a37ppium-anm-droid-dr->&amp#27;[iv39er/lib/commands/find.jm &amp#27;[37ms:75:11)
&amp#27;[35m[MJSONWP]&amp#27;POST&amp#27;[39m [3  9m  at tr &amp#27;yCatch (/usr/[37local/lib/nom/wd/hub/sde_moduession/le6c033502-fd88s/appium/nod-4722-8b5b-9e_2e91949d161/element&amp#27;[3mod9m
ules/&amp#27;[ba35m[HTbel-runTPtime]&amp#27;[39m &amp#27;[90m{/regenerator"u/runsing":"idti","valume.js:67:40)
&amp#27;[35m[MJSOe":NWP]&amp#27;[3"com.S9m     at Genelack:raid/nexttorFunctionPr_button_uotrl_eotype.invoke [as _inntrvokey"}&amp#27;[39m
[debug] &amp#27;[] (/usr35/lm[W3C]ocal&amp#27;[3/lib/node_modules9m/app Calium/node_modulingle AppiumDriver.s/bafindbel-runEltime/rement() with args: [egene"irator/rund","com.Slack:id/next_time.js:315:22)
&amp#27;[35m[MJSONWP]&amp#27;[39m bu    at Gettneratoron_url_entryFu","nctionPrototype.prototy6cpe033502-fd88-4.(ano72nym2-8b5b-9ous function) [as th2e9row] (/u1949d1sr/l61"]ocal/lib/no
[de_demodulbug]es/appium/node_modul &amp#27;es[35/babelm[Ba-runtiseDrmeiv/rer]&amp#27;[3egenerator/run9m Valid tilome.cajs:10tor st0:21ra)
&amp#27;[35m[tegieMJSONWP]&amp#27;s for thi[3s req9mues   t:  at  xpaGeth, id, class nneamrae, acctoressFunctioibility id, -anndroid uiautomator
[debug] Pr&amp#27;[35m[Baototype.invoke seDrive(/usr]&amp#27;[39m r/lWaiting ocal/lib/noup to de0 ms f_modor coules/andppitium/ionon
[debug] &amp#27;de_modules/[35mbab[JSONWP Proel-runxy]&amp#27;time/regenerator/[3ru9mnt Matcheimd e.'/elemenjs:t' to 136co:3mm7)
&amp#27;[and name35m[M 'fiJSndONWP]&amp#27;Element'[39
[dm Eebncug]ou &amp#27;[35ntem[JreSOd NWP Prointernaxy]&amp#27;[39m Prol xyierng [POST ro/elr ruement] to [POST htnning comtp://lomancad: NoSulhostch:8201Elemen/wtEd/rror:hu An element could not b/sbe locessionat/5a27c76ed on the pa7-9791-4751ge u-8sing 72d-the 2ed6give12cd60n sear6d/element] with ch parametbody: {ers.
&amp#27;[35m[MJSONW"strP]&amp#27;[39ategym ":"id    at","selector": A"com.Sndrolack:id/next_button_idUurl_entriautomy"ator2Dr,"context":"","multiivepler.ca":false}
[debug]llee$0$0$  (/us&amp#27;[35m[MJr/localSONWP]&amp#27;/li[39m Matb/nched JSONWP error code 7 to NoodeSu_mochElementErrodules/appium/nodr
&amp#27;[35m[HTTP]e_&amp#27;[mod39ulesm &amp#27;[/appium-an37m<-- POST /wd/hubdroid-/sesdrivesir/lion/6b/comcmands/f0i33nd.js:75:5011)2-fd88-472
&amp#27;2-[35m[MJSON8b5bWP-9]&amp#27;[39m2e9 1949d161/el    at ement &amp#27;[39tryCm&amp#27;[at31m500&amp#27;[39m &amp#27;[90m26 ms - 16c4&amp#27;[39m
&amp#27;[35m[HTTP]&amp#27;[39m &amp#27;[90m&amp#27;[39h (/usm
&amp#27;[r/35m[local/liHTTP]&amp#27;[39m b/node&amp#27;[37m-->&amp#27;_modules/appi[39m &amp#27;[37mPum/nodOSe_T&amp#27;mod[39m &amp#27;ules[37m/wd/b/hub/sesabsioel-runtin/6cme03/r3502-fd88-4722-8b5b-92e9eg19ene49dra16tor/runtime.j1/s:67el:40em)
&amp#27;ent&amp#27;[39[35m[MJm
SO&amp#27;[35m[HTTP]&amp#27;[39m NW&amp#27;[P]&amp#27;[39m     90mat GeneratorFunctionPrototype.inv{"using":"id","value":"com.Slack:id/next_button_url_entryoke ["}&amp#27;[39asm
[ _idebugnvo] &amp#27;ke] (/[35m[W3C]us&amp#27;[39m Car/local/liblling A/noppiumde_moduleDris/veappir.findElemument(/n) wiode_moduthle as/bargbel-runs:ti ["id",me"c/romegene.Slarackto:ir/rund/next_butimetton_url_entr.js:315:22y",")
&amp#27;[6c35m[MJS03ONW3502-P]&amp#27;[39m fd88-4  7  at22-8b5b-92e919 Gener49datorFunctionPro16totype.pro1"]toty
pe.(anonymous [debufuncg]tion) [as throw]  &amp#27;(/usr/local/l[35m[Basib/nodeeD_mriodules/ver]&amp#27;[appi39m um/Valid locanodtor strategiese_modu forles this requ/baestbe: xpathl-, ruid, ntclasime/res ngenerator/ame,runtime a.js:1ccessibi00lity id, -:2android u1)
&amp#27;iautom[35m[MJSONWator
[debuP]g] &amp#27;[&amp#27;[3539mm[Bas  eDri  ve ar]&amp#27;[39m Waiting up to t GeneratorFunctionP0 msr for condition
[debug] &amp#27;[35m[JSotoONtype.inWP Proxy]&amp#27;[39m Mvoke (/uatched '/element' to comsr/lomand name 'findElement'
[debug] &amp#27;[35calm[/lib/node_modules/appium/node_modules/babelJS-ruONWP Proxy]&amp#27;[39m Proxying [POST /entime/relement]generator/runtime.js:136:37)
&amp#27;[35m[MJS to [POST http://localhost:8201/wd/hub/session/5a27c767-9791-4751-872d-2ed612cd606d/element] with body: {"strategy":"id","selector":"ONWP]&amp#27;[39m Encouncom.Slatered internal error running command: NoSuchElementck:Error: Ani eld/next_buttonement could _url_entry","connot betext":"","multiple":fal locatese}d on th
[debug] &amp#27;[35me page using the given search parameters.
&amp#27;[MJSO[35m[MJSONWP]&amp#27;[39m     atNWP]&amp#27;[39m Matched A ndroJSONWP error codidUiautomae 7 to NoSuchEletor2DrivmentEerrror
&amp#27;[35m[HTTP]&amp#27;[39m .c&amp#27;[alle37me$0$0$ (/usr/local/lib/<-- POST /wd/hub/sessionnod/6c03350e_mo2-fd88dules/appium/-47no22-8deb5b-9_modu2e919les/appiu49d161/elm-andrement &amp#27;[39m&amp#27;[3oid-driver/lib/c1ommm500&amp#27;[and39m &amp#27;s/fin[90d.jm31 ms - 164&amp#27;s:[375:9m
11&amp#27;[)
&amp#27;35m[[35mHT[MJSONWP]TP&amp#27;[39m]&amp#27;     at tryC[39m &amp#27;at[9ch (/usr0m&amp#27;/l[3oca9m
&amp#27;[3l/lib5m[/nHTode_moTP]&amp#27;[39mdules/appi &amp#27;um/node_m[37modules/b-->&amp#27;[39m &amp#27;[37mPOSTabe&amp#27;[39m &amp#27;[3l-runt7mime/re/wgenerator/d/runtimehub/.jsession/6c033s:67:40)
&amp#27;50[35m[MJS2-fd88-4722-8b5b-ONWP]92e91949d161/element&amp#27;&amp#27;[39m [39m
&amp#27;[35m[HTTP    at GeneratorFun]&amp#27;[3ctionPro9m &amp#27;[9to0m{"using":"id","typvalue":"com.Slack:id/nee.inxtvoke_b [asut _inton_url_entrvoky"}&amp#27;[39me]
[debug] &amp#27;[35m[W3C (/usr]&amp#27;[3/local/l9m Caiblling AppiumDriver.f/noindElde_modules/apementpium/node_modules/bab() el-runtiwith arme/regegs: ["id","com.Slack:id/neratorne/runtixt_button_url_me.js:ent3ry","615c0:22)
&amp#27;335[3502-fdm[88-4722MJSO-8NWb5b-9P]&amp#27;[39m     at 2eGeneratorFu919nctionPro49totd161"]
[deypbug] &amp#27;[35m[eBaseD.prriovetor]&amp#27;[type.(anon39m Valiymoud locator strategies for ts fhis request:unctio xpath, id, n) [asclass name t, accehrow] (/ssiusr/bility id, -anlocdral/liboi/nd uode_miaodulutoes/appium/manodeto_modr
[debug] &amp#27;ules/ba[3bel-runtime/r5megen[Beratoras/rueDntime.jsriver:]&amp#27;[100:21)
&amp#27;3[35m[9m Waiting up to MJSONW0 ms for cP]onditi&amp#27;[39m   on
[debug]  at &amp#27;[35m[JSONWP Gen Proxyerat]&amp#27;[orFunctio39m MatchenPd 'rot/element' to comomantype.invoke (/usr/local/d name 'findEliblement/no'
[debugde_m] od&amp#27;[ule35m[JSs/apONpium/node_mWP Proxyod]&amp#27;[39m Proxying [PulOST es/babe/element] l-to [POST http://lruntime/regeocalhost:8201/wd/hnerator/runtimeub/.jses:136:3ssi7)on/5a27c767-97
&amp#27;[391-5m[MJSONW475P]&amp#27;[39m E1-872ncod-2eunted612redcd 606d/interelenamel error running command: NoSuchElementErrontr: An ] with elementbody:  {"strategy":"id","selecctor":"com.Slack:ould noid/next t_button_urbel_en locatetry","contd on theext":"","multiple":fal page usinse}
[debug the gg] &amp#27;[3iven s5mearch[MJSO paramNWP]&amp#27;[3et9m Matchered JSONWP erros.
&amp#27;[35m[MJSr codONe 7 to NoWP]&amp#27;[39mSuchEl     emeat AndrontidUiautomatError
&amp#27;[or2Driver.callee$35m[H0$0$ (/usTTP]&amp#27;r[39m &amp#27;[37m<-- PO/lST /wd/huobcal//sesslib/node_modules/appiuion/6c033502-fd88-4m/node_modules7/a22-8ppibum-android-driver5b-92e9/lib/comma194nds/find.js:75:11)
9d161/element &amp#27;[39m&amp#27;[31m500&amp#27;&amp#27;[35m[MJSONWP]&amp#27;[[39m &amp#27;[39m  90m22 m   at tryCatch (/usrs -/local/li 164b/node_mod&amp#27;[39ules/appm
&amp#27;ium/n[35m[HTTP]&amp#27;[39m &amp#27;[90m&amp#27;ode_modules[39m
&amp#27;[35m/bab[HTTP]el-runtime/regenerator/runtime.js:67:40)
&amp#27;&amp#27;[39m &amp#27;[37m-->&amp#27;[3[35m[MJSONWP]9m &amp#27;[37mPOST&amp#27;&amp#27;[39[3m   9m   at &amp#27;[Gene37mr/wd/athub/sesorsioFuncn/6c03350tionPrototype.invoke [2-as fd88-4722-8b5b-92e91949d161/element&amp#27;[39m
&amp#27;[35m[HTTP]&amp#27;[39m &amp#27;[90m{"_invoke] (/usr/local/using":"id","value":"com.Slack:id/next_button_url_entry"}&amp#27;[39m
[debug] &amp#27;[35m[W3C]&amp#27;[39lib/node_modules/appium/node_modules/babel-m Calling AppiumDriver.findElement() withruntime/reg args: ene["id"rator/runtime.js:315:22)
&amp#27;[,"com35m.Slack:id/next[MJSONWP]&amp#27;[_butto39m     at GeneratorFunctionPrototype.prototype.(anonymous function) [as throw]n_ (/usr/local/lib/url_entry","6cno033502-fd88-4722-8b5b-92e91949d161"]
[debug] &amp#27;[35m[BaseDriver]&amp#27;[39m Valid locator stde_modules/rategies for this request: xpath, iappid, class name, accessibility id, -android uiautomator
[debum/node_moduug]les/babel &amp#27;[35m[BaseDr-runtime/regeneriver]&amp#27;[39m ator/runtime.js:100:21)
&amp#27;[35m[MJSONWP]&amp#27;[39Waitinm     at GeneratorFunctionPrototype.invoke (/usr/local/lib/node_modules/appium/nodg up to 0 mse_modules/babel-runtim for cone/regenerator/runtidition
[debug] &amp#27;[35m[me.js:13JSON6:37WP Proxy]&amp#27;[39m)
&amp#27;[35m[ Matched '/element' to command name 'findElement'
[debug] &amp#27;[35m[JSONWP Proxy]&amp#27;[39m ProMJSONWPxy]&amp#27;[39m Encing [POST o/elementuntere] to [d interPOnal error ST runnhttp://locainlhost:820g 1/commwd/huband: NoSuc/shEesslemention/5a27c767-Error: An ele9791-4751-872d-2ed612cd606d/ement could not be located on the page ulement] with body: {"strategy":"id",sing t"selector":"he gcom.Slack:id/next_button_urivl_entry","coen search pantext":"rameters","m.
&amp#27;[35m[MJSONWultP]&amp#27;[39m  iple":false}
[   atdebug] &amp#27;[35m[MJSONWP]&amp#27;[39m Matched JSONWP error code 7 to NoSuchElementError
&amp#27;[35m[HTTP]&amp#27;[39m &amp#27;[37m<-- POST /wd/ AndroidUiautomator2Driver.callee$0$0$ (/usr/local/lib/node_mhub/sessoduion/le6c033502-fd88-4722-8b5b-92e919s/49d16appium/node_modules1/element &amp#27;[39m&amp#27;[/a31ppium-android-driver/m500&amp#27;[39m &amp#27;[lib/co90m22 ms mmands/find.js:75:11)
&amp#27;- [35m[MJSONWP]&amp#27;[39m     164&amp#27;[39m
&amp#27;[35m[at tryCHTTP]&amp#27;[39m &amp#27;[atch (/us90m&amp#27;[39m
&amp#27;[35m[HTTP]&amp#27;[39m &amp#27;[37m-->&amp#27;[3r/local/li9m b/node_modules/appium/nod&amp#27;[3e_modul7mPesOST&amp#27;[39m/babel-runti &amp#27;[37m/wd/hub/session/6cme/regenerator/033502-fd88runt-4722-8b5b-92e91ime.js:67:40)
&amp#27;[35m[MJSONWP949d16]&amp#27;[391/elementm     at Generato&amp#27;[39rFm
&amp#27;[35m[HTTP]&amp#27;[39m &amp#27;[90m{"using":"id","value":"com.Slack:id/next_button_url_entry"}&amp#27;[39m
[debug] &amp#27;[35m[W3C]&amp#27;[39m Calling AppiumDriver.findElement() with args: ["id","com.Slack:id/next_button_url_entry","6c033502-fd88unc-4722-8b5b-92e91949d161"]
tionPrototype.invo[dke [as ebug] _invoke&amp#27;[35] (/um[BaseDrivesr/r]&amp#27;[39m Vlocalid locator al/libstrategies for t/nhisode_modules/a request: xpatpph,ium/ inode_d, class name, accessibilmoduleity id, -android uiautomats/babor
el[debug] &amp#27;[3-ru5m[ntiBaseDriver]&amp#27;[39m Waiting up to 0 ms for condition
[debug] &amp#27;[35m[JSONWP Proxyme/regenera]&amp#27;[39m Matched '/element' to command name 'findElement'
[debug] &amp#27;[35m[JSONWP Proxy]&amp#27;[39tor/runtime.js:315:22)
&amp#27;[3m Proxying [POST /eleme5m[MJSONWP]&amp#27;[39nt] to [Pm     at GenerOST http://localhost:8201/wd/hub/sessionator/5a27c767-9791-4751-872d-2FunctionPred612cdototy606d/element] with body: {"strategy":"id","selector":"com.Slack:id/next_butpe.prototype.(anonymous tonfunc_url_entry","context":"","multiple":tion) [as throw] (/usfalse}
[debug] &amp#27;[35m[MJSONWP]&amp#27;[39r/local/lib/node_modules/appium/node_modules/babel-runtime/regenerator/runtime.js:100:21)
&amp#27;[35m[MJSONWP]&amp#27;[39m     at GeneratorFunctionPrototype.invoke (/usr/local/lib/node_modules/appium/node_modules/babel-runtime/m Matched JSONWP error code 7 to NoSuchElementregenerator/runtime.js:136:37)
&amp#27;[35m[MError
&amp#27;[35m[HTTP]&amp#27;[JSONWP]&amp#27;[39m Encount39mered internal error running command: NoS &amp#27;[37m<uchElementErro-- POST /wd/hub/sessr: An element couion/ld 6c033502-fd88-4722-8b5b-92e91949d161/element &amp#27;[39m&amp#27;not be located on the page using the given search parameters.
&amp#27;[35m[MJSONWP]&amp#27;[39m     at AndroidUiautoma[31m500&amp#27;[39m &amp#27;[90m21 ms - 164&amp#27;[39m
&amp#27;[35m[Htor2DTTP]&amp#27;[39m &amp#27;[90m&amp#27;[39m
&amp#27;[35m[HTTP]&amp#27;[39m riv&amp#27;[37m-->&amp#27;[39m &amp#27;[37mPOer.callee$0$0$ (/usr/local/lib/node_modules/appium/node_modulST&amp#27;[39m &amp#27;[37m/wd/hub/sees/ssiappon/6c0ium-a33502-ndroid-drfd88iv-4722-8b5b-er/lib/com92e91949d161/elementmands/find.js:75:11)
&amp#27;[35m[MJSONWP]&amp#27;&amp#27;[39m
&amp#27;[35[39m     at tryCatch (/usr/local/lib/nodem[HTTP]&amp#27;[39m &amp#27;[90m{"using":"i_md","value":"com.Slack:id/odnext_buttules/appium/node_modules/babon_urlel-runtime/regene_erator/runtime.jsntr:67:40y"}&amp#27;)
&amp#27;[35m[MJSONWP]&amp#27;[39m     at GeneratorFunctionPrototype.[39m
[debug] &amp#27;[35m[W3C]&amp#27;[3invoke [as9m Calling Ap _invpiumDriveroke] (/usr/local/lib/node_modules/appium/node_modules/babel-runtime/regenerator/runtime.js:315:22)
&amp#27;[35m[MJSONWP.fin]&amp#27;[3dE9m     at GeneratorFunctionPrototype.prototype.(anonymous function) [as throwlement() with args: ["id","com.Slack:id/next_button_url_entry","6c] (/usr/local/li033502-fd88-4722-8bb/node_mod5b-92e91949d161"]
[debug] &amp#27;[ul35m[Basees/appiuDrivem/node_modules/babel-runtime/regenerator/runtime.js:100:21)
&amp#27;[35m[MJSONWP]&amp#27;[39m     at GeneratorFunr]&amp#27;[39ctionm VProtalidoty locatope.r strategies for thiinvoke (/usr/local/lib/node_mods ules/appium/node_modulesreq/babel-runtime/regenerator/runtime.js:136:37)
&amp#27;[35m[MJSuest: ONWP]xpath, id, cl&amp#27;[39m Encountered iass nntame, acernal error cerunningssibility  commandid, -an: NoSuchEldroid uiaemenuttErromator
[debugor: ] &amp#27;An element could not be located on the page using the given search[3 p5m[arBaseDriver]&amp#27;[3am9m Waiting up eteto 0 msrs.
&amp#27;[35m[MJSONWP f]&amp#27;or[3 condition
[9mdebu     at AndroidUiautomator2Driver.callee$g] &amp#27;[30$0$ (/us5m[r/local/lib/node_JSONWP Proxy]&amp#27;[39m Matched '/element' modules/appium/to command name 'findElement'
[debug] &amp#27;[35m[JSONWP Proxy]&amp#27;[39m Proxying [POST /element] to [POST http://localhost:8201/wnode_modules/appium-android-driver/lib/commands/find.js:75:11)
&amp#27;[35m[MJSONWP]&amp#27;[39md/hub/ses     at tryCatch (/usr/local/lib/node_modules/appium/node_modules/babel-runtime/regenerator/runtime.js:67:40)
&amp#27;[35m[MJSONWP]&amp#27;[39m     at GeneratorFunctionPrototype.invoke [as _invoke] (/usr/local/lib/node_modules/appium/node_modules/babel-runtime/regenerator/runtime.js:315:22)
&amp#27;[35m[MJSONWP]&amp#27;[39m     at GeneratorFunctionPrototype.prototype.(anonymous function) [as throw] (/usr/local/lib/node_modules/appium/node_modules/babel-runtime/regenerator/runtime.js:100:21)
&amp#27;[35m[MJSONWP]&amp#27;[39m     at GeneratorFunctionPrototype.invoke (/usr/local/lib/node_modules/appium/node_modulsion/5a27c767-979es/b1-4751-abel-runtime/re872d-2ed612cd606d/element] withgenerator/runtime.js:136:37 body: {"strategy":"id","selector":"com.Slack:id/next_button_url_entry","context)
&amp#27;[35":"","multiple":falsem[MJSONWP]&amp#27;[39m Encountered internal error running command: NoSuchElementError: An element could not be located on the page using the given search parameters.
&amp#27;[35m[MJSONWP]&amp#27;[39m     at Android}
[debug] &amp#27;[35m[MJSONWP]&amp#27;Uiautomator2Drive[39m Mar.callee$0$0$ (/usr/tched JSlocalONWP error code/lib/node 7 _modto NoSuchEleulmenes/atError
&amp#27;[35m[HTTP]&amp#27;[39m &amp#27;[37m<-- POST /ppium/nodwd/hube_modu/session/6c033502-fled88-4722-8b5b-92e91949d161/element s/appium-and&amp#27;[39m&amp#27;[31mro500&amp#27;[39m &amp#27;[90m29 ms - 16id-d4&amp#27;[39m
&amp#27;[35m[HTTP]&amp#27;[39m &amp#27;[90m&amp#27;[39m
&amp#27;[35m[HTTP]&amp#27;[39m &amp#27;[37m-->&amp#27;[39m &amp#27;[37mPOST&amp#27;[39m &amp#27;[37m/wd/hub/session/6c033502-fd88-4722-8b5b-92e91949d161/elementriver/&amp#27;[39m
&amp#27;[35m[Hlib/TTP]&amp#27;[39mcommands &amp#27;[/fi90m{"usinnd.jsg":"id","value":"com.Slack:id/next_button_u:75:rl_entry"}&amp#27;[39m
[debug] &amp#27;[35m[W3C]11)
&amp#27;[35&amp#27;[39m Calling AppiumDrim[MJSver.ONWfindEleP]&amp#27;[3ment() with9m     args: ["id","co am.Slat ck:id/next_button_url_entry","tryCatc6c0335h 02-f(/ud88-4722-8bsr/5b-92e91loc949d16al/1"]
[debug] &amp#27;[35m[liBaseb/node_moDrduiver]&amp#27;[39m leValid locs/aator strategiespp for this reqiuuest: xm/nodepath_m, id, class name, aodcceulessibilis/babel-runtime/regenerator/runtity id, -android uiautomator
[debug] &amp#27;[35m[BaseDriver]&amp#27;[39me.js:6m Waiting up to 0 ms for condition
[debug] &amp#27;[35m[JSONWP Prox7:40)y]&amp#27;[39m 
&amp#27;[Mat35m[MJched '/eSONWlement' to command name 'findEleP]&amp#27;ment'
[[39debug] m    &amp#27;[35m[JSONWP Proxy]&amp#27;[39m Pr at Geoxying [POST /element] to [POST http://localhost:8201/wd/hub/session/5a27c767-neratorF9791-47un51-872d-2edctio612cd6nPrototyp06d/elee.meinnt] with body: {"strategy":"id","selevoke [as _invoctor":"com.Slack:id/nextke_button_url_entry","context":"","multiple":false}
[debu] g](/usr/l &amp#27;[35m[MJSONWP]oca&amp#27;[39m Matched JSOl/lib/nNWP error code 7 to NoSuode_chEmodules/appium/node_modulementErrorles/b
&amp#27;[35m[Habel-runtimeTTP]&amp#27;/rege[39m nera&amp#27;[37m<-- POST /wd/hub/session/6ctor033/r502-fd88-4722-un8btime.js:5b-9312e915:949d161/22)
&amp#27;[35elementm[ &amp#27;MJS[39m&amp#27;[31m500&amp#27;[39m &amp#27;[90m24 ms - 164&amp#27;[39m
&amp#27;ONW[35m[HTTP]&amp#27;[39m &amp#27;[90m&amp#27;[39m
&amp#27;[35m[HTTP]&amp#27;[39m &amp#27;[37m-->&amp#27;[39m &amp#27;[37mPOST&amp#27;[39m &amp#27;[37m/wd/hub/session/6c033502-fd88-4722-8b5b-92e91949d161/element&amp#27;[39m
&amp#27;[35m[HTTP]&amp#27;[39m &amp#27;[90m{"using":"id","value":"com.Slack:id/next_button_url_entry"}&amp#27;[39m
[debug] &amp#27;[35m[W3C]&amp#27;[39m Calling AppiumDriver.findElement() with args: [P]&amp#27;[39m    "i at d","coGeneratorFunctionPrototype.prototype.(anonymous function) [as throw] (/usr/local/lib/node_modules/appium/node_modules/babel-runtime/regenerator/runm.Slack:id/next_button_url_entry","6c033502-fd88-4722-8b5b-92e91time.js:100:21)949d161"]
[debug] &amp#27;[35m[BaseDriver]&amp#27;[39m Valid locator strategies for this request: xpath, id, class name, accessibility id, -android uiautomator
[debug] &amp#27;[35m[BaseDriver]&amp#27;[39
&amp#27;[35m[MJm WaSOiting up to 0 ms for condiNWtionP]
[&amp#27;[debug]39 &amp#27;[3m 5m[J  SO  NWatP  GProenexy]&amp#27;rato[39m MrFunctatched ionPrototype.invoke'/elemen (/usr/local/lib/t' to commnodeand nam_me 'findElement'
[deodules/abuppg]ium/ &amp#27;[no35m[deJSONWP_m Podroxy]&amp#27;[3ul9m ePros/xybaing [Pbel-ruOST /element] to [Pntime/rOST hegttp://localhoenestra:8201/wd/hub/stoession/5a27cr767-979/runtim1-e.js4751-872d-2ed612cd606d/elem:136:37)
&amp#27;[35m[Ment]JSONWP]&amp#27;[39m Encountered with b iody: {"nternastrategy":"id","selector":"com.Sl lacerror running ck:id/next_button_url_entomry","comantext":"","multiple"nd: NoSuchEleme:fantErlseror: An }
[delebemeug] &amp#27;[35m[MJSnt could not bONe locateWP]&amp#27;[39m d Matched onJSONWP er trorhe p code 7 tage using to NoSuchElementErrorhe given
&amp#27;[ s35m[HTTP]ear&amp#27;[39mch &amp#27;[37m<-- P parOST am/wd/ethub/session/ers.6c033502-fd88-4722-
&amp#27;[35m8b5b[MJSO-92NWP]&amp#27;[39m e9    1949d161at AndroidUiautomator2Drive/element &amp#27;[39m&amp#27;[31m500&amp#27;[39m &amp#27;[90m2r2 ms .callee$0- 164&amp#27;[39m
&amp#27;[35m[HTTP]&amp#27;[39m &amp#27;[90m&amp#27;[39m
&amp#27;[35m[HT$0$ (/usr/loTPca]&amp#27;[39m &amp#27;[37m-->&amp#27;[39m &amp#27;[37mPl/lib/OST&amp#27;[39m &amp#27;node_modules/appium/n[37m/wd/huodeb/se_mossion/6c033502-fd88-4722dules/ap-8b5b-pi92um-ae91949d161/element&amp#27;[39m
&amp#27;[35m[HTTP]&amp#27;[39m &amp#27;[90m{"using":"id","value":"com.Slack:id/next_button_url_entry"}&amp#27;[39m
[debug] &amp#27;[35m[W3C]&amp#27;[39m Calling AppiumDrndriver.findElement() withoid-driv args: [er/"id","com.Slib/commandsla/fck:id/next_buttonin_urd.js:75l_ent:11)
&amp#27;[ry35m[MJSONWP]&amp#27;[","39m 6c0    at 33502-fd88-4722-8b5b-92e91949tryd161"]
[debug] &amp#27;[Ca35m[tchBaseDrive (r]&amp#27;/usr/loc[39m Valid locator strategies for this al/lib/noderequest: xpath, id, class name, accessibility id, -android uiautomator
[debug] &amp#27;[35m[BaseDrive_modr]ules/app&amp#27;[39m Waiting up to 0 ms foium/node_modules/br condition
[debabelug] &amp#27;[3-r5m[JSONWP Prountime/regenerxy]&amp#27;[39m Maator/rutcntihedme. '/element' to commjs:67an:40d nam)
&amp#27;[35m[e 'findElMJemeSONWPnt]&amp#27;'
[39m [debu    ag] t Ge&amp#27;[35m[JSOneratorNFunWP Proxctiy]&amp#27;[39m Proxying [onProtPOSotypT /element] to [POST he.ttp://localhost:820in1/wdvoke/hu [asb/ _invoksessioe]n/5a27c767-9 (/u79sr1-/lo475cal/lib/n1-87ode_2d-2modules/aed612cd606d/elemenppt] ium/node_modwiulth body: {"strategy":"id","sesele/bctor":"abel-runtcom.Slack:id/next_button_url_enimtry"e/,"conteregenext":"","multiple":ratorfals/re}untime
[debug] &amp#27;.j[35s:m[MJSONWP]&amp#27;[3315:229m Matched JSONWP)
 er&amp#27;[35mror [MJSONcodeWP] 7 &amp#27;[39to Nom   Su  chElat ementError
&amp#27;[35m[HTTP]&amp#27;[39m &amp#27;[37m<-- POST /wd/hub/sessioGen/6c033502-neratorFfd88-4722-8b5b-92e91un949d161/elemenctiot &amp#27;nPr[39m&amp#27;[31m500&amp#27;[39m ototype.p&amp#27;[90m24 ms - rot164&amp#27;[39m
ot&amp#27;[35m[HTTP]&amp#27;[39m &amp#27;[90m&amp#27;[ype.(anonymous f39m
&amp#27;[35m[HTTP]&amp#27;[39m &amp#27;[37unction)m-->&amp#27;[ [39mas throw] (/usr/local/lib/node_modules/appium/node_ &amp#27;[37modumPOST&amp#27;[39les/babel-runtime/regenerator/runtime.js:100:m 21)
&amp#27;[37m/wd/hub/session/6c033502&amp#27;[35m[M-fd88-4722JSONWP]&amp#27;[39m     at GeneratorFunctionProtot-8b5bype.invoke (/-92e91949d161/elusr/local/lib/nodeement&amp#27;[39m
&amp#27;[3_modules5m[HTTP]&amp#27;[/appium/node_mo39m &amp#27;[90mdule{"using":"id","vas/blue":"com.Slaabel-runtime/regeneck:id/next_button_url_entry"}&amp#27;[39m
[debug] &amp#27;[35m[W3Crator/runtime.js:136:37)
&amp#27;[35m[MJSONWP]&amp#27;[39m Encountered internal error running command: NoSuchElementError: An element could not be located on the page using the given search parameters.
&amp#27;[35m[MJSONWP]&amp#27;[39m     at AndroidUiautomator2Driver.callee$0$0$ (/usr/local/lib/node_modules/appium/node_modules/appium-android-driver/lib/commands/find.js:75:11)
&amp#27;[35m[MJSONWP]&amp#27;[39m     at tryCatch (/usr/local/lib/node_modules/app]&amp#27;[39m Calling AppiumDriver.findElement() with args: ["id","com.Slack:id/next_button_url_entry","6c033502-fdium/node_modules/ba88-bel-ru4722ntime/regenerator/runt-8b5b-92e91949d161"ime.js:67:40)
&amp#27;[35m[MJSONWP]&amp#27;[39m     at GeneratorFunctionPrototype.invoke [as _invoke] (/usr/local/lib/node_modules/appium/node_modules/babel-runtime/regenerator/runtime.js:315:]
22[debu)
g]&amp#27;[35m[MJSONWP]&amp#27;[39m  &amp#27;[35m[BaseDrive    at r]GeneratorFu&amp#27;[39mnction Valid locatoPrototype.prototypr stratee.(anonymgies forous function) [as thr this requestow] (/usr/: xlocal/lipath, idb/nod, class name_modules/appiue, accessibilm/noity id, -androde_modules/bid abeluiautoma-runtimetor
[debu/regenerator/runtime.js:100:21)
&amp#27;[3g] &amp#27;[35m[BaseD5m[MJSONWP]&amp#27;[39m     arivert GeneratorFunc]&amp#27;[3tionProt9m Waotyiting up tpe.invo 0 msoke (/ for cusrondition
[debug] &amp#27;[35m[JSONWP Proxy]&amp#27;[39m Matched '/element' to command name 'findElement'
[debug] &amp#27;[35m[JSONWP Proxy/local/lib/node_modules/appi]&amp#27;[39m Proxying [POST /element] to [POST http://um/locnode_modules/babealhostl-runtime/r:82ege01/wd/hub/session/5a27c767-9791-4751-872d-2ed612cd606d/element] with body: {"strategy":"id","selector":"com.Slack:id/next_button_url_entry","context":"","multiple":false}
[debug] &amp#27;[35m[MJSONWP]&amp#27;[39m Matched JSONWP error code 7 to NoSuchElementError
&amp#27;[35m[HTTP]&amp#27;[39m &amp#27;[37m<-- POST /wd/hub/session/6c033502-fd88-4722-8b5b-92e91949d161/element &amp#27;[39m&amp#27;[31m500&amp#27;[39m &amp#27;[90m20 ms - 164&amp#27;[39m
&amp#27;[35m[HTTP]&amp#27;[39m &amp#27;[90m&amp#27;[39m
&amp#27;[35m[HTTP]&amp#27;[39m &amp#27;[37m-->&amp#27;[39m &amp#27;[37mPOST&amp#27;[39m &amp#27;[37m/wd/hub/session/6c033502-fd88-4722-8b5b-92e91949d161/element&amp#27;[39m
&amp#27;[35m[HTTP]&amp#27;[39m &amp#27;[90m{"using":"id","value":"com.Slack:id/next_button_url_entry"}&amp#27;[39m
[debug] &amp#27;[35m[W3C]&amp#27;[39m Calling AppiumDriver.findElement() with args: ["id","com.Slack:id/next_button_url_entry","6c033502-fd88-4722-8b5b-92e91949d161"]
[debug] &amp#27;[35m[BaseDriver]&amp#27;[3nera9m Vtoralid locat/runtimore.js strategies for this reque:136:37)
&amp#27;[35m[st:MJS xpath, id, class name, aONWP]&amp#27;[39m Eccessibincounteredlity id, -android uiautomator
[debug] &amp#27;[35m[BaseDriv ier]&amp#27;[39m nternal eWaiting up trroo 0 ms for condition
[debug] &amp#27;[35m[JSONWr rP Proxy]&amp#27;[39m Matched '/element' to cunninommand name 'findElement'
[debug] &amp#27;[35m[JSONWP Proxy]&amp#27;[39m Proxying [POST /element] to [POST http://localhost:8201/wd/hub/session/5a27c767-9791-4751-872d-2ed612cd606d/element] with body: {"strategy":"id","selector":"com.Slack:id/next_button_url_entry","context":"","multiple":false}
[debug] &amp#27;[g comm35man[MJSONWP]&amp#27;[39m Matched JSONWP error code 7 to NoSuchElementError
&amp#27;[35m[HTTP]&amp#27;[39m &amp#27;[37m<-- POST /wd/hub/sed:ssion/6c033502-fd88-4722-8b5 Nb-92e91949d161/element &amp#27;[39m&amp#27;[31m500&amp#27;oSu[39m &amp#27;[90m22 ms - 164&amp#27;[39m
&amp#27;[35m[HTTP]&amp#27;[39m &amp#27;[90m&amp#27;[39m
&amp#27;[35m[HTTP]&amp#27;[39m &amp#27;[37m-->&amp#27;[39m &amp#27;[37mPOST&amp#27;[39m &amp#27;[37mchEle/wd/menhub/tError: An elemesession/nt cou6c033502-fd88-4722-ld not be8b5b-92e91949d161/element&amp#27;[39m
&amp#27;[35m[HTTP]&amp#27;[39m &amp#27;[90m{"using":"id","value":"com.Slack:id/next_button_url_entry"}&amp#27;[39m
[debug] &amp#27;[35m[W3C]&amp#27;[39m Calling AppiumDriver.findElement() with args: ["id","com.Slack:id/next_button_url_entry","6c033502-fd88-4722-8b5b-92e91949d161"]
[debug] &amp#27;[35m[BaseDriver]&amp#27;[39m Valid locator strategies for this r leqocated on the page usuest: xpath, id, class name, accessibility id,in -g theandroid uiautomator
[ givdebug] &amp#27;en s[35m[BaseDriver]&amp#27;[39m Waiting up to 0 ms for condition
[debug] &amp#27;[35m[JSONWP Proxy]&amp#27;[3earc9m Match phed '/arameelement' to command name 'fters.
&amp#27;[35m[MindElement'
[debug] &amp#27;[35m[JSONWP Proxy]&amp#27;[39JSONm Proxying [POWP]&amp#27;[39m  ST /element] to [   at APOST ndrhtoidUitautp://omlocalhost:8201/wdat/hubor2Driv/seer.callee$0$0$ (/usrssion/5a27c7/l67-ocal/lib9791-47/no51-872d-2de_ed6mo12cd606d/element] with body: {"strategy":"id","selector":"com.Sldulesack/ap:ipiud/next_bm/nodutton_url_entry",e_mod"conteulxt":es"","multiple":false}
[/apdepium-bug] &amp#27;[35m[MJSONWP]&amp#27;[3android-dr9miver/ Matclib/ched JSommaONWnds/find.js:75:11)
&amp#27;[35m[MJSONWP]&amp#27;P error co[3de 7 to NoSuchEl9m     aementt Error
&amp#27;[35m[HTTP]&amp#27;try[3Catch (/usr9m /local/lib&amp#27;[/node_modules/appium/37node_modum<-- lPOST /es/babel-runtime/rewd/gehubnera/sestor/siruntimon/6e.c033502-fd88-4722-8b5b-92e91949d161/elejs:67:ment &amp#27;[4039m&amp#27;[31m500&amp#27;[)
39m &amp#27;[3&amp#27;[90m21 ms - 5m[MJSON164&amp#27;[39m
&amp#27;[35m[WP]&amp#27;[3HTTP]9m  &amp#27;[39m &amp#27;[90m&amp#27;[39m  
&amp#27;[35m[HTTP]&amp#27;[39m &amp#27;[37m-->&amp#27;[39m &amp#27;[3 at 7mPOST&amp#27;[39m &amp#27;[3Ge7m/wned/ratorFunhub/session/6c033502-fd88-4722-8bctionProt5b-9otype.invoke 2e91949d161/ele[as _iment&amp#27;[39m
nvok&amp#27;[3e] (/5m[HTusrTP]&amp#27;[39m &amp#27;[90m{"using"/local:"id","value":"com./lib/node_moSlduleack:id/next_bs/uttoapn_urlpium/no_edent_moduryles"}&amp#27;[39m/b
[dabel-runebugtime] &amp#27;/regenerator[35/rm[W3C]&amp#27;[39m Calling AppiumDriver.findElement() with args: ["id","com.Slack:id/next_button_url_entry","6c033502-fd88-47un22-8b5b-92e91949d161"]
[debug] &amp#27;[35m[BaseDriver]&amp#27;[39m Valid locator stime.trategiejs:315:s 22)for t
&amp#27;[35m[MJSONWP]&amp#27;[39m    his request: xpath, id, class name, accessibility id, -a at GeneratorFunctndroid uiautionProtomaottor
[debug] ype.pr&amp#27;[3o5m[totyBaseDpe.(anrivonymer]ous f&amp#27;[39m unWaiting ctionup to 0 ms for condition
[debug] &amp#27;) [a[35m[JSONWP Proxy]&amp#27;[39m Matched '/element' to commands throw] (/usr/local/lib/node_modules/appium/node_modules/babel-runtime/regenerator/runtime.js:100:21)
&amp#27;[35m[MJSONWP]&amp#27;[39m     at GeneratorFunctionPrototype.invoke (/usr/local/lib/no nade_momedules/appium/node_modules/babel-runtime/regenerator/runtime.js:136:37)
&amp#27;[35m[MJSONWP]&amp#27;[39m Encountered internal error running command 'findElement'
[debug] &amp#27;[35m[JSONWP Proxy]&amp#27;[39m Proxying [POST /element] to [POST http://localhost:8201/wd/hub/session/5a27c767-9791-4751-872d-2ed612cd606d/element] with body: {"strategy":"id","selec: NoSuchElementError: An element could not be located on the page using the given search parameters.
&amp#27;[35m[MJSONWP]&amp#27;[39m     at AndroidUiautomator2Driver.callee$0$0$ (/usr/local/lib/node_modules/appium/node_modules/appium-android-driver/lib/commands/find.js:75:11)
&amp#27;[35m[MJSONWP]&amp#27;[39m     at tryCatch (/usr/local/lib/node_modules/appium/notor":"com.Slack:ide_modules/bd/next_buabetton_url_entl-runtryime/rege","contextne":"","multrator/ruiple":ntime.js:67:40false)
&amp#27;}
[debug[35m] &amp#27;[35m[MJSONWP][MJSONWP&amp#27;[39]&amp#27;[39m m     at GeMatneratoched JSONWP error coderFunc 7 to NoStionPruchotElemeotype.inntError
&amp#27;[35m[voke HTTP]&amp#27;[39m &amp#27;[37m<-- POST /wd/hub/session/6c033502-fd88-4722-8b5b-92e91949d161/element &amp#27;[39m&amp#27;[31m500&amp#27;[39m &amp#27;[90m26 ms - 164&amp#27;[39m
&amp#27;[35m[HTTP]&amp#27;[39m &amp#27;[90m&amp#27;[39m
[as _i&amp#27;[35m[HTTP]&amp#27;[39m &amp#27;[37m-->&amp#27;[39m &amp#27;[37mPOST&amp#27;[39m &amp#27;[37m/wd/hub/session/6cn033502-fd88-4722-vo8b5bke] (/us-9r/local/li2e91949d161/element&amp#27;[39m
&amp#27;[35m[HTTP]&amp#27;[39m &amp#27;[90m{"using":"id","value"b/no:"cde_mom.Slack:id/neodulxt_es/appium/node_modubutton_url_entry"}&amp#27;[39m
[debug] &amp#27;[35m[W3C]&amp#27;[39mles/babel-runtime/regenerator/runtime. Cjs:315:22)
&amp#27;[35m[MJSalling AppONWPiumDrive]&amp#27;[r.find39m Element()     at GeneratorwithFunctionPrototype.prototype.(a args: ["id","nonymous function) [as throw] com.Slack:id/next_button_url_entry","6c033502-(/usr/lofd88cal/lib/n-47ode_module22-s/appium/node_modules/babel-runtime/regenerator/runtime.js:100:21)
&amp#27;[8b5b-92e91949d1635m[1"]
[debuMJg] &amp#27;[35m[BaseDriSOver]&amp#27;[39m Valid locator NWstrategies for thiP]&amp#27;[39m     s requestat Ge: xpath, id, class name, acneratorFunccessibility id, -android uiautotionPrototype.invoke (/usr/local/lib/nodmator
[debug] &amp#27;[35m[BaseDriver]&amp#27;[39m Waiting up to e_modules/appium/node_modules/babel-runtime/rege0 ms for cneratorondition
[debug] &amp#27;[35m[JSONWP Proxy]&amp#27;[39m Ma/runtimetched '/eleme.js:nt' to136:37)
&amp#27;[35m[M command JSONWP]&amp#27;[39m Encountername 'findElement'
ed inter[debnal error running command: NoSuchElementError: An eleug] &amp#27;[35m[JSONWP Proxy]&amp#27;[39m Proxying [POST /element] to [POment could not ST http://localhost:8201/wd/hub/session/5a27c767-9791-4751-872d-2be loced6ated 12cd606d/element] with body: {on the page using the given search parameters.
&amp#27;[35m[MJSONWP]&amp#27;[39m     at A"strategy":"ndroid","seleidUictor":"comautomato.Slack:id/next_buttr2Driver.on_callee$0$0$ (/usr/local/lib/node_modules/appium/node_modules/apurlpium-android_ent-driver/lib/commands/finry","context":"","multiple":fad.jslse}
[debu:75:11)
&amp#27;[35m[MJSONWP]&amp#27;[39m     at tryCatch (/usr/local/lib/node_modules/appium/node_mog] &amp#27;[dules/35m[MJSONWP]&amp#27;[39m Matched JSObabel-runtime/regenerator/runtime.js:67:40)
&amp#27;[35m[NWP error code 7 to NMJoSuchElementSONWP]&amp#27;[39m     at GeneratorFunctionPrototype.invoke [as _invoke] (/usr/local/lib/node_modules/appium/node_modules/babel-runtime/regenerator/runtime.js:315:22)
&amp#27;[35m[MJSONWP]&amp#27;[39m     at GenError
&amp#27;[35m[eratorFunctionPHTTP]&amp#27;[39m &amp#27;[37m<-- POSTrototype.prototype.(anonymou /wd/hub/session/6c033502-fd88-4s fun722-8b5b-92e91949d1ction) [as throw] (/usr/local/lib/node_mod61/eleules/appium/ment &amp#27;[39m&amp#27;node_mo[31m500&amp#27;[dules/bab39m &amp#27;[90m29 ms - 164&amp#27;[39m
&amp#27;[35m[HTTP]&amp#27;[el-runtime/regenerator/runtim39m &amp#27;[90m&amp#27;e.js:[39100:21)
&amp#27;[35m[MJSONWP]&amp#27;[39m     at GeneratorFunctionProtm
ot&amp#27;[35m[ype.invoke (/usr/localHT/lib/node_modules/apTP]&amp#27;[39mpium/n &amp#27;[37m-->&amp#27;[39m &amp#27;[37mPOST&amp#27;[39m &amp#27;ode_mod[37m/wd/hules/babel-rub/session/6c033502-fd88-47untime/regene22-8rab5b-92e91949d161/element&amp#27;[39m
&amp#27;[35m[HTTP]&amp#27;[39m &amp#27;[90m{"using":"itor/runtime.d","value":"com.Slack:idjs:13/nex6:37)
&amp#27;[35m[MJt_SONbutton_urlWP]&amp#27;[39m Encountered _entry"}&amp#27;[internal error 39running command: Nom
[debugSuchElement] &amp#27;[35m[WError: An element3C] could not be &amp#27;[39m Calocated on thllie page using the given search parameters.
&amp#27;[35m[MJSONWP]&amp#27;[39m     at Ang AppiumDriver.findElement()ndroidUia with utomator2Driver.callee$0$0$ (/usr/args: ["id","com.Slack:id/lonext_button_urlcal/lib/node_entry","6c0_modules/appium/node_modules/appium-android-driver/lib/commands/find.js:75:1133502-fd88-4722-8b5b-92)
&amp#27;e919[35m49d1[MJSONWP]&amp#27;[39m     at tryCatch (/u61"]
[debugsr/local/l] &amp#27;[35m[Baib/node_modules/appium/node_moseDriver]&amp#27;[39m Valid locator strategies for this rduleequest: xpath, id, class/s name, accessibilbaity ibel-runtime/regenerator/runtime.js:67:40)
&amp#27;[35m[MJSONWP]&amp#27;[39m     d, -android at GuiautenomatoreratorFunc
[debug] &amp#27;[35m[BaseDriver]&amp#27;tio[39nPrototypem Waiting up to 0 ms for cond.invoke [aitions _invoke] (/usr/loc
[debug] &amp#27;al/lib/node_mod[35m[JSONWP Proxy]&amp#27;[39m Matched '/element' to command name 'findElement'
[dules/appium/node_modulesebug] &amp#27;[35m[JSONWP Proxy]&amp#27;[39m Pr/baboxyel-runing [POST /elementimet] to/r [POST http://localhost:8201/wd/hub/session/5aegenerator/runtime.js:315:22)
&amp#27;[35m[MJSONW27c7P]&amp#27;[39m67-9791-4751-872d-2e     at GeneratorFud612cd6nctionPrototype.p06d/elemerototype.(anonymous function) [as throw] (/usr/locnt] with body:al/lib/node_modu {"strategy":"id","selector":"com.Slack:id/next_button_url_entry"les/appium/node_m,"context":""odules/babel-runtime/regenerator/runtime.js:100:21)
&amp#27;[35m[MJSONWP]&amp#27;[39m,"multiple":false}
[debug] &amp#27;[35m[MJSONWP]&amp#27;[39m Matched JSONWP error code 7 to NoSuchElementError
&amp#27;[35m[HTTP]&amp#27;[39m &amp#27;[37m<-- POST /wd/hub/session/6c033502-fd88-4722-8b5b-92e91949d161/element &amp#27;[39m&amp#27;[31m500&amp#27;[39m &amp#27;[90m27 ms - 164&amp#27;[39m
&amp#27;[35m[HTTP]&amp#27;[39m &amp#27;[90m&amp#27;[39m
&amp#27;[35m[HTTP]&amp#27;[39m &amp#27;[37m-->&amp#27;[39m &amp#27;[37mPO     at GeneratorFunctionPrototype.invoke (/usr/local/lib/node_modules/appium/node_modules/babel-runtime/regenerator/runtime.js:136:37)
&amp#27;[35m[MJSONWP]&amp#27;[39m EncountST&amp#27;[39mered inte &amp#27;[37m/wrnal error runnid/ng command: hubNoSuch/sessiElemon/6entError: An c03element could not be located on the page using the given search 3502-fd88-4722-8b5bparameters.
&amp#27;[35m[MJSON-9WP2e91949]&amp#27;[39m    d161/element&amp#27;[39m
&amp#27;[35m[H at TTP]&amp#27;[39mAndroidUiauto &amp#27;[90mmator2Dr{"usiiver.callee$0$0$ (/usr/nglocal/lib/node":_mo"id","vdules/appiualue":"com.Slack:id/next_button_url_entry"}&amp#27;[39m
[debug] &amp#27;[35m[W3C]&amp#27;[39m Calling AppiumDriver.findElement() with args: ["id","com.Slack:id/next_button_url_entry","6c033502-fd88-4722-8b5b-92e91949d161"]
[debug] &amp#27;[35m[BaseDriver]&amp#27;[39m Valid locator strategies for this request: xpath, id, class name, accessibility id, -android uiautomator
[debug] &amp#27;[35m[BaseDriver]&amp#27;[39m Waiting up to 0 ms for condition
[debug] &amp#27;[35m[JSONWP Proxy]&amp#27;[39m Matchm/noed '/element' tode_modules/appium- commandandroid-driver/lib/commands/find.js:75:11)
&amp#27;[35m[MJSONWP]&amp#27;[39m     at tryCatch (/usr/local/lib/ name 'findElement'node_module
[debs/ugapp] ium/node_mod&amp#27;[35m[ules/babel-runtimeJSONWP Proxy]&amp#27;[39m /rProxyegeneratoring [/runPOStime.T /elejsment:6] to [7:40)
&amp#27;[35m[MJPOSSONWPT http://]&amp#27;loca[39m lhost:820  1/  wd/hubat GeneratorFunctionProt/sesotsion/5ype.invoka27c767e [as-9791-4751 _inv-87oke2d] (/usr/lo-2ed612cdcal/li60b/node_m6dodules/a/eleppiment]um/nod with bode_modules/y: {babel"st-runrattieme/regenerator/rugy"ntim:"id","selector":"come.js:315:22)
&amp#27;[35m[.SMJSONWlack:P]&amp#27;[39m     at Generaid/nexttorFun_button_urctiol_enPrototype.prototype.(ntry","context":"","multianonple"ymous fu:false}nction) [as t
[debug] hro&amp#27;[35w] (/usr/local/lib/nodm[MJSONWP]e_modules/appium&amp#27;[39m Ma/node_modtched JSOuleNWP error cos/babel-de 7 to NoSucruntimehEleme/regentErrneraortor/r
&amp#27;un[35time.jm[HTs:100:21)
&amp#27;[3TP]5m[MJ&amp#27;[3SO9m &amp#27;[3NWP]7m<&amp#27;[-- P39m OS    aT /wt Ged/neratohub/rFunsession/ct6c033502ionPr-fd8ototyp8-4722e.invoke -8b(/usr/lo5b-92cal/e9194lib/node_mod9d161/ules/aelemenppium/node_modt ules/b&amp#27;[39mab&amp#27;[31m500&amp#27;[39el-rum &amp#27;nti[90me/rem23 ms - 16ge4&amp#27;[39m
&amp#27;ner[3ato5m[HTTr/ruP]ntime.js:136:&amp#27;[39m &amp#27;[90m37)
&amp#27;[&amp#27;[39m
&amp#27;[3535m[MJSONWPm[]&amp#27;HTTP]&amp#27;[[39m Encountered internal er39m ro&amp#27;[3r 7m-->&amp#27;[39runnim ng&amp#27;[37m cPOommST&amp#27;[3and: NoSuch9mEl &amp#27;[3em7men/wd/hutErb/sessiror: on/6Anc033502-fd8 elem8-4722-8b5b-92een91t 94co9d161ul/eld emennot&amp#27;t be l[39m
oc&amp#27;[ated o35m[HTTPn the pa]&amp#27;[39ge um &amp#27;[90m{"using the givsing":"iden"," sevalue":"arcoch parameterm.Slacs.k:
&amp#27;[35mid/ne[MJSONWP]&amp#27;[xt_but39m     at Atondroin_url_dUientryautomator2Driver"}&amp#27;[39m
[deb.callee$0$0$ (/uug] &amp#27;[35m[W3C]&amp#27;[39m Csr/local/lialling AppiumDriver.findElement() with args:b/node_modules/appiu [m/"id","com.Slack:id/next_nobutton_deurl_e_mntry","6odulesc033502-fd88-4722-8b5b-9/ap2e91949d1piu61"m-and]
[deroid-drbugiver] &amp#27;/lib/com[3mand5m[BaseDriver]&amp#27;[39s/find.js:75:11)
&amp#27;[m Valid locator strategies for thi35s m[MJSONreWP]&amp#27;qu[39m es    at t:tryCatch (/ xuspath, r/locid, cal/llasibs /nodname, ae_moduccles/appiuessibility id, -anm/nodrode_id uiautomator
modu[delebugs/babel-] &amp#27;[35m[BaseDriver]&amp#27;runtime/regener[39m Waitiator/runtime.js:67:ng up40)
&amp#27; t[35mo [M0 msJSO for NWcondition
[P]&amp#27;[39m     debug] at GeneratorFunct&amp#27;[35mionPro[JSONtotypWP Proxye.]&amp#27;[39m Matched '/invoke [aels _invokemene] (/usr/lt' to cocommal/anlib/nodd ne_modulame 'findElement'es/app
[debugium/node_module] &amp#27;[35s/bm[JSONWP Proxy]&amp#27;[39m abel-runtime/regeneratoProxr/runying [POST /etime.lement] jto [s:315:22)
&amp#27;[35m[POSMJSOT http:/NWP/lo]&amp#27;[39m     at Gcalhost:8201/wd/hub/seneratorFunctiessionon/5a27Proc767-9791-4751-872d-2ed612cd606d/eletotype.promenttotype.] with(anonym bodousy: { funct"straiontegy") [:"id","sas throw] (/usr/local/lib/node_modeleules/apctor":"com.Slpiuack:id/next_bum/node_modules/tton_url_entbabel-rry",unti"come/regenerntext":"",ator/r"muntultime.ipjs:le10":false}0:2
[de1)
&amp#27;[35m[Mbug] JSONWP]&amp#27;[39m  &amp#27;[   at GeneratorFunctionPr35m[MJSONWPot]&amp#27;otype.in[39m voke (Matched J/usr/loScal/lONWP error ibco/node_de 7 tomodule Ns/aoSppuchElementErrium/nodor
e_modul&amp#27;[3es/b5m[abel-runtime/regHTTP]&amp#27;[39mene &amp#27;rator/[37mru<-- POSTntime.js:136:37)
&amp#27;[35m[MJSON /wd/hub/seWPssio]&amp#27;[n/6c033502-fd8839m -4722-Enc8b5b-92oue91949d1nter61/elemedent &amp#27; i[39ntemrnal &amp#27;[3er1m500&amp#27;[39m &amp#27;[90rom2r running co1 mmand: ms - 164&amp#27;[3NoSu9m
&amp#27;[35m[HTchElemTP]&amp#27;[39m entError:&amp#27;[90m&amp#27;[39m
 An&amp#27;[ element c35ould not bem[HTTP]&amp#27;[39m &amp#27;[37m-->&amp#27; loc[3ated 9mon the page us &amp#27;[37mPOST&amp#27;[3ing t9m he &amp#27;[37mgiv/wd/hub/session/6c033502-fd88-47en22-8b5b-92e9194 sea9drch161/e parameleters.ment&amp#27;
&amp#27;[3[35m9m
&amp#27;[35m[HTTP]&amp#27;[39[Mm &amp#27;[JS90m{"ONWusiP]&amp#27;[39m ng":"  id","va  at Andlue":roidU"com.Slack:idia/nextutom_buttator2Driver.calonlee$_url_entry"}0$&amp#27;[39m0$ (/u
[sr/locadebul/lib/node_moduleg] &amp#27;[35m[s/appW3iumC]&amp#27;[39/node_mm Codulales/appium-android-driling Aver/ppiumDriverlib.fi/commandndElemes/find.js:75:11)
&amp#27;[nt35m() with args: ["id[M",JSONWP]"c&amp#27;[3om.Sl9m     at tack:iryd/next_butCatch (/utosr/localn_url_en/ltry","6cib0335/n02ode_module-fds/88app-4ium/n722-8ode_mob5dulesb-92e91949d1/babel-run61"ti]
[debugme/r] egenerator/runtime.js:67:40)&amp#27;[
&amp#27;[35m[MJ35m[BasSONWP]&amp#27;[eD39mri   ve  r]&amp#27;[3at Gene9m Varalid locatortor stratFunctioegienPrototype.s for inthis request: voxpath,ke [a is d,_i clanvoke] (/ssus name, acr/celossibility id,cal/l -anibdro/nid uiauode_modules/tomappiumator
[/node_debug]mod &amp#27;[ules/babel-runtime/re35mgene[BaseDrrator/river]&amp#27;[39m Waiuntime.jsting :3up15: t22)o 0 m
&amp#27;[35ms f[MJor condiSONWP]&amp#27;[39m     tionat Gene
[deburatorg] FunctionProt&amp#27;[3otype.pr5m[JototSONWPype.(anon Pymous frounctioxy]n) [as throw] &amp#27;[(39m Matched '/elemen/usrt'/lo to cal/lib/nodecommand n_modules/appium/node_modulames/babele 'fi-runtime/regenerandElemetor/nt'
[debug]runtime.js &amp#27;:1[300:215m[J)
&amp#27;[35m[MJSONWP]&amp#27;[39m     at GeneratorFunctionPrototype.invoke (/usSONWP Proxy]&amp#27;[39m Pr/roxying [POST /elelocmealnt] /lto [Pib/OST httnode_modules/p:ap//lopium/node_modules/babel-runtime/regenecalrator/runtime.js:136:37)
host:&amp#27;[358201m[/wMJSONd/WP]&amp#27;[39m Encountered ihunternal errorb/s runningessio command: n/5a27cNoSuchEleme767-9791ntErr-47or: An element51-872d-2ed612cd c606d/oulelementd not be loc] witatedh body: on th {e p"sage usitrng atethe gigy":"ven search id","sparameters.
el&amp#27;[35m[MJSONWectorP]&amp#27;[39m  ":"com.Sl   atack:id/ne Androidxt_buttonUiaut_uomator2Driver.carl_ellee$0$0ntry$ (","co/usr/ntloext":"ca","multiple":false}
[l/ldeib/nbug] od&amp#27;[3e_modul5m[MJSONWes/appium/noP]&amp#27;[39m Matched JSONWde_modP errorules/ code 7 tapo NoSuchElementErpium-arondr
roid-dr&amp#27;[35m[HTTP]iver/lib/&amp#27;[39m &amp#27;[37m<-- Pcommands/OST /wd/hubfind.js:/se75ssion/6:11)
c033502-f&amp#27;[35m[MJSOd88-47NWP]&amp#27;[39m    22-8b5b- at tryCat92e91ch (/usr/loc94al/l9d161/elemenibt &amp#27;[39/nm&amp#27;[ode_modules/app31m500&amp#27;[39m &amp#27;[9ium/node0m28 _modums -les/babel-runtime/r 164&amp#27;[3egene9mrato
&amp#27;r/[35m[HTruntimeTP]&amp#27;[39m &amp#27;[90m&amp#27;[39m
&amp#27;[35m[HTTP].j&amp#27;[39ms: &amp#27;67:40)
&amp#27;[3[37m--5m[MJSONWP]&amp#27;[39m     >&amp#27;[39m at G&amp#27;[37mPOSTen&amp#27;[39merat &amp#27;[37morFuncti/wd/honPrub/session/6otoc033502-fdty88pe.in-4722-8bvoke 5b[a-92s _invoke]e9 (/usr/loc194al9d1/l61/eleib/noment&amp#27;[39m
&amp#27;[3de_modules5m[HTTP]&amp#27;[/appium/n39m ode_modul&amp#27;[90mes/ba{"bel-rusingun":"id","valuetime":"c/regom.Seneratlack:id/nor/rext_untime.jbutton_s:315:ur22)
&amp#27;[35m[Ml_JSONWP]&amp#27;entry"}[3&amp#27;[399m m
[d    at Geebug] &amp#27;[35m[W3CneratorFu]&amp#27;[3nctionP9m Calling AppiumDrototyperi.protover.type.(anonymous ffiunctionnd) Element() w[aith args: ["s throw] (/usr/locaidl/l","coib/nm.Slaode_moduleck:id/ns/appiumext_butt/nodeon_modules_u/babel-runtrlim_entry","6c033502-fd88-4722-8b5b-92e9e/1949d16reg1"]
[deenerator/runtime.js:100:bu21)
&amp#27;[g] 35m[MJSON&amp#27;[WP]35m[BaseDri&amp#27;[39m ver]&amp#27;[ 39m   a Vt Generalid locator strateatgies foorFunr this requctestionPr: xpath, ototype.id,invoke (/ class nausr/locame, accessibility l/liid, -b/annode_moddroid uiaules/appium/node_moduutomator
[debug] les/babel&amp#27;[35m[BaseDriver]-runtime/rege&amp#27;[nera39m toWaitir/rng up to 0 ms for untime.js:condi136:tion
[debug] &amp#27;[35m[JSONWP Pro37)
&amp#27;[xy]&amp#27;[3359m Matchedm[MJ '/element' to command name 'fiSOndNWP]&amp#27;[39m ElemenEnt'
[debcoug] &amp#27;[35untered internal errorm[JS running commanONWP Pd: Nroxy]&amp#27;[3oSuch9m Proxying [POST /EleelementError: ment] to [POSTAn e http:lement could not be locate//locd on thealhos pt:82age us01/wd/ing thub/session/5a27c767-9791-4751-872d-2ed6he given search 12parametercd606ds.
&amp#27;[3/eleme5m[MJSONWntP]&amp#27;[39m   ] with  a bodt AndroidUiay:utomat {"stor2Drrativer.callegy":"id","selector":"cee$om.Sla0$ck0$:id (/u/nextsr/local/_button_url_entrlib/y","contnode_moduleexts/appium/node_":"","modulmues/appiltiple"um-android-driver/lib/comman:falseds}
[/fidebundg] .js:7&amp#27;[35:115m[MJSONWP]&amp#27;[)
&amp#27;[35m[MJSO39m MatchedNW JSP]&amp#27;[39m     at tONWP ryCerror catode 7 to Noch (/usr/loSuchEcalel/libmentE/node_rrmoduor
le&amp#27;[s/35apm[HTTPpi]&amp#27;um/n[3ode_mo9m &amp#27;dules/b[3abel-run7m<--time/ POST /wd/hub/sessireon/6c033502genera-fd88-4to722-8b5b-9r/runtime.js:67:40)
&amp#27;[352e91949dm[MJSONWP]&amp#27;[39m    161/ at element &amp#27;[39m&amp#27;[31m5GeneratorFun00ctionP&amp#27;[roto39mty &amp#27;pe[9.invoke0m3 [a0 ms _ins vo- ke] (/usr164&amp#27;[39m/l
&amp#27;ocal/lib/node_module[3s/appium/node_modul5mes/ba[HTTP]&amp#27;[39m &amp#27;bel-runtime[9/regen0m&amp#27;[39merator/r
&amp#27;[un35m[HtimTTe.P]&amp#27;[js:39m315:22) &amp#27;
&amp#27;[3[35m[MJSONW7m-->&amp#27;[39P]&amp#27;[m &amp#27;39m [37mPOST&amp#27;    a[39m &amp#27;[37m/wd/hub/sest GsioeneratorFunctionProton/6c033type.pr502-ototfd88-472ype.(anony2-8mob5b-92e9194us 9d1function) [as61/ throw] ele(/usr/locment&amp#27;[39m
&amp#27;al/l[35m[HTTP]&amp#27;[39m &amp#27;ib/[90m{node_modul"usines/appiug":"id","m/nvalue":"comode_modules/bab.Sel-runtime/relagenerator/runck:id/next_buttotime.jn_url_s:entry"}&amp#27;100:21)
&amp#27;[35m[[39m
MJ[debugSONWP] &amp#27;[3]&amp#27;5m[W3C]&amp#27;[39m Calling A[39m     atppi GenuermDatriver.forindEFunclement(tion) Protowith argtype.invos: ["idke (/","com.usr/locSlacal/lib/node_mk:id/next_odulesbut/aton_url_entry","6c03ppi35um/node02-fd88-4_modules/babel-run722-8b5time/regb-92e91949d161"]
[debug]enerator/runt &amp#27;[35m[BaseDriver]&amp#27;ime.js:13[36:37)
&amp#27;9m V[35m[MJSalid locaONWP]to&amp#27;[39m Encountered internal error rur strategnnieins for thig comms anred: NquoSest: xucpath, idhElem, classen nametE, acrcessibilroity r: id, An -android uiautomatoelemenr
[debug] &amp#27;[35m[Bat could noseDrit verbe]&amp#27; l[39m Wocaitingate up d to 0 on msth fore pa condgeit uionsing
[d the giebug] &amp#27;[35m[JSONWP Pvenroxy]&amp#27;[ search p39m Matched '/elemarament' to cometersmand name '.
&amp#27;[3fi5m[ndMJSONWP]&amp#27;[39m    Element a'
[t Adendrobug]idUi &amp#27;[aut35m[JSONWomator2DrivP er.caProxy]&amp#27;[39m Proxyinglle [POST /e$0element$0$] to [POST http:/ (/u/lsroc/lalhostocal/lib/node_modules/:820appium/node_mod1/ules/appium-wdandroid-driver/lib//hubcommands//session/5a2fi7cnd.js767-9791-4751-872d-2:75:11)
&amp#27;[ed612cd63506d/m[MJSONWeleP]&amp#27;[me39m  nt   at tryCa] witch th(/ busodr/locy: {"stratealgy/l":"ib/nidode_mod",ul"sesel/apecpitoumr":"com.Slac/nodek:id/_monexdules/bt_abel-buttruonntime_u/regenerrlator_e/runtintry","contme.jext":s:6""7:40)
&amp#27;[35m[MJSO,"mulNWP]&amp#27;ti[3ple"9m  :f   atalse G}
[deneberug] atorFu&amp#27;[35ncm[tiMJonProSONWtoP]&amp#27;[39m Matctyhed JSONWP errorpe.invok ce [as _iode 7 to nvNoSucoke] (/usr/lochEal/lib/nlementErroode_modules/appir
um&amp#27;[/n35m[odHTe_TPmo]&amp#27;[3du9mle &amp#27;s/b[37abel-m<runtime/reg-- POSTenerator/r /untimewd.j/hus:3b/15:se22ssio)
&amp#27;n/6c03[35m[M350JSON2-fdWP]88-4722-8b5&amp#27;[b-39m  92  e91949 at Generad16torFunct1/eleioment &amp#27;nP[39rotm&amp#27;[31m500otype.&amp#27;[prototype39m .(an&amp#27;[90m29onym ms ou- s fu16nction)4&amp#27;[3 [9m
&amp#27;[35m[Has throw] (/usr/local/lTTP]ib/node_modul&amp#27;[3es9m &amp#27;[90m&amp#27;[3/a9mpp
&amp#27;[iu35m[HTTP]&amp#27;m/no[39m &amp#27;[37m-->&amp#27;[39m &amp#27;[de_mod37mPOST&amp#27;[39m &amp#27;[37m/wd/ulhues/bb/absessioel-runtime/rn/6c033502-fegenerad88tor/runtime.js:100:21)-4722-8
&amp#27;b5[35b-92e91949d161m[MJSON/element&amp#27;[39m
&amp#27;[35m[HTTP]&amp#27;[3WP]9&amp#27;[m &amp#27;[90m{"usi39m     ang":"id","t valuGeneratorFunctie":"coonPrototype.invoke m.(/usSlack:id/next_buttr/local/lib/nodeon_url__modentry"}&amp#27;[39m
[debug] &amp#27;[35m[ulesW3C]&amp#27;[39m Call/appium/node_moingdules/babel-r AppiuuntimDrmeiver.fi/regenerndatoElemenr/rt() wuntimith are.gs: ["ijs:d","c136:37om.Slac)
&amp#27;[35m[MJk:iSONd/nWP]&amp#27;[39m Encountext_bereutton_d url_entry",inter"6cnal 033502-error runfdning comma88nd: NoSu-4722-8b5b-92e91949d16chElement1"]
[deErbug] &amp#27;ro[35m[Basr: An eDriver]elem&amp#27;[39m Vaent coliuldd lo not beca loctor stratatedeg onies t for thishe page u reqsing thuest: xpate h, idgi, clven search paass nraame, metaccesers.sib
&amp#27;ili[35m[MJSONWty idP], &amp#27;[39m     at -andrAndroidUoiiad uiauutomtomatoator
[debugr2Dr] &amp#27;[35iverm[Ba.calleese$0$0$ (/usr/locDriver]&amp#27;[3al/lib/node_modul9m Waiting es/appiupum/n to 0 odms for cone_mditioodules/appium-an
[dndroidebug-drive] &amp#27;[r/35lib/m[coJSmmONandWP Proxs/fiy]nd&amp#27;[.j39m Mas:75:11tc)
hed '/el&amp#27;[3emen5mt' to co[MJSONWP]&amp#27;[3mm9man  d name 'f  indEle at metryCnt'
[atchdebug] &amp#27;[35m[ (/JSusr/local/libON/nodWP Pre_oxymodu]&amp#27;[3le9m Proxyins/ag ppiu[POSm/noT /elde_memeodules/babel-runt] to [PntimeOST/regenerato http://locar/runtilhost:me.js:6827:40)01/w
&amp#27;[35md/[MJSONWP]hub/&amp#27;[39m se    atssio GeneratorFunn/ct5a27ioc767-nProt9791otype.-4invoke [as _invo751-8ke]72d- (/usr2ed/l612occd6al/lib/node_m06d/oduleels/appium/node_moduemlesent] /bwiabeth bodl-y:run {"stimetra/rtegy":egenerat"id","selector":or/runtim"com.Slack:ie.js:3d/next_button_url_entry15:22)
&amp#27;[35m[MJSON","context":"","multiple":falWP]se}
[debug]&amp#27;[39m     at GeneratorFunct &amp#27;[35m[MJSONWP]&amp#27;[39m Matched JSONWP error ionPrototcoype.prototype.(anonymous de function) [as t7 to NoSuchrow]hElementErr (/usr/loor
&amp#27;[ca35m[HTTP]&amp#27;[39m &amp#27;[37m<-- POST /wd/l/lib/nhub/sode_ession/6c0335mod02-fd88-4722-8bule5bs/appi-92e91um949d/n161ode_m/eleodulment es&amp#27;[/babel39m&amp#27;[31m-run500&amp#27;[time39m/regenera &amp#27;[tor/90m2ru3 mnts ime.js:- 16104&amp#27;[39m0:2
&amp#27;[35m1)[HTTP
&amp#27;[35m[MJSONWP]]&amp#27;[39m&amp#27; &amp#27;[90m&amp#27;[39m
&amp#27;[[3359m  m[HTTP  ]&amp#27; at [39m &amp#27;Gen[37mera--torF>&amp#27;un[3ctionProtot9myp &amp#27;[37mPOe.iST&amp#27;[nv39okm &amp#27;[e (37/usrm/wd/lo/hcal/liubb/node/se_mssodiouln/es/appium/node_6c03350mo2-fd88-4722-8b5dules/babeb-l-ru92nte9ime19/r49d161/eleegment&amp#27;en[39m
&amp#27;[3er5m[HTTP]&amp#27;[ator/runtime.39js:136m &amp#27;[90m{"u:3sing":"7)
&amp#27;[3id","valu5m[e":"com.Slack:iMJSOd/neNWPxt_b]&amp#27;utton_[39m Encouurl_nteentry"re}&amp#27;[3d int9m
[dernal erroebug]r runn &amp#27;in[3g comman5m[Wd:3C]&amp#27;[3 N9moSuchElem Calling AppiumentError: An element could not beDr liver.ocfindElementated o() with n tarhegs:  page ["idusin",g the g"com.Sivlacken:id/next_button_url_e sntry","6c033502-fdearch p88ar-4722-8ameb5bters.
&amp#27;[-92e9135m[M949d161"]
[debug] &amp#27;[J35m[BaseDriverSO]&amp#27;[NWP]&amp#27;[39m39    m Valid  atlocator  AnstdroidUiautomator2Driver.cratallee$0$0$ (/usr/localegie/lib/node_mos dules/appiumfor/n this reqoduee_stmo: xpdulesath, id/appium-andr, classoi named-dr, accessivibier/lity idlib/co, mmand-ands/rofind.js:75:11id uiautom)
&amp#27;[3at5m[MJSONWP]or&amp#27;[39m
[debug]     &amp#27;[35m[Base aDrivet tryCatch (/usr]r/local/li&amp#27;[39m Waiting up to 0 b/node_moms for conditduiolen
[s/appium/nodebug] &amp#27;[35m[JSOde_modulNWP esPr/babeoxy]&amp#27;l-[39m Mruntatched 'im/element'e/reg to command name 'fienerator/rndEluntimeement'
[.js:67de:40)
&amp#27;[3bug] &amp#27;[35m5m[J[MJSONSOWPNWP ]&amp#27;Pr[39m   ox  y]&amp#27;[at39 Gem neProxyiratngorFu [POncST ti/elemeonProtnt] to [POST hotypttp:e.invoke [//as _ilocalhosnvot:8201/wke] (/usrd//lohucal/b/selibssion/5a27c767-979/node1-_modules475/ap1-87pium/n2dode_-2moed612cd60du6dles//element] wibabel-ruth body: {"ntime/rstregategy":enerat"id","selor/ecrutntor":ime."com.Sljs:315:2ack2)
&amp#27;[35:im[MJd/neSONWP]&amp#27;[39m     at Generatorxt_Funcbuttonti_url_entronPy","conrototype.texprototytp":"","e.(anonymous multiple":fafunctlsioe}
n) [d[as thebrow] (/ug] &amp#27;[3usr/5mlocal/lib/n[MJSONWP]od&amp#27;[e_m39m Modatcheuld JSONWP error coesde 7 /atoppi NoSuchElementError
&amp#27;[35m[Hum/node_moTTP]&amp#27;[39m &amp#27;[37m<-- dules/babel-POST /wd/hruntimube/re/session/6c03350gene2-fd88-4rator/runti722-8bme.5bjs:-92e91100949:21d161/e)
lemen&amp#27;[35m[MJSONWt P]&amp#27;[39m     at Gen&amp#27;[39m&amp#27;eratorFunctio[31m500&amp#27;[39m &amp#27;[90m2nPrototype.invok0e  ms - 1(/usr/local/lib/64&amp#27;nod[3e_9mmodules/app
&amp#27;[3ium/node_5m[HTTmodP]&amp#27;[39m ules/babel-runtime/reg&amp#27;[90m&amp#27;[39m
&amp#27;[35m[HTTP]&amp#27;[39m &amp#27;[37m-->&amp#27;[39m &amp#27;[37mPOST&amp#27;[39m &amp#27;[37m/wd/hub/session/6c033502-fd88-4722-8b5b-92e91949d161/element&amp#27;[39m
&amp#27;[35m[HTTP]&amp#27;[39m &amp#27;[90m{"using":"id","value":"com.Slack:id/next_button_url_entry"}&amp#27;[39m
[debug] &amp#27;[35m[W3C]&amp#27;[39m Calling AppiumDriveenerr.finatordE/runtime.jlemes:136:37)
&amp#27;[35m[MJSnt()ONW wPith]&amp#27;[39m Encounte args: ["ired internadl er","com.Slacror running commak:id/next_buttond: NoSuchEn_lemurl_entrentError: Any"," e6c0335le02me-fnt could d88-no47t 22-8b5b-92be locae9te1949d161"]
d on t[debug] he &amp#27;[pag35m[e Bausingse tDrihe vergi]ven search p&amp#27;[ar39ametersm Valid loc.
ator&amp#27;[35m stra[MJSONWP]te&amp#27;[39m     atgies fo Ar this ndroirequest: xpdUiautomator2Draith, idver.cal, class lee$0$0$name, acce (/usr/locsal/lib/nosdeibility_modul ides/app, -android uium/node_modules/appiiautomator
[deumbu-androig] &amp#27;[35m[BaseDd-driver/river]&amp#27;[39m lib/coWaiting up to 0 ms for condition
[debug] &amp#27;[35m[JSONWmmaP Proxy]&amp#27;[39mnds/find. Matched '/eljs:75:11)
&amp#27;[35m[MJSONWP]&amp#27;[39m ement' to comman    at tryCatch (/usr/local/lib/node_d nammodule 'esfi/andppElemium/nodent'
[debuge_] modules/babel-&amp#27;[ru35m[ntJSONWime/reP Progexyner]&amp#27;ator/[39m Prroxyinuntime.jsg [:67:40)
POST&amp#27; /element] to [3[POST5m http:/[M/locaJSOlhNWP]ost:8201/wd/hub/session/5a&amp#27;[39m  27c   at GeneratorFunctionPrototype.invoke [as _inv767-979oke] (1-47/usr/lo51cal/lib/node-87_m2d-2eodd6ules/appium/no12decd6_mo06d/elementdul] with boes/babdy: {"elstra-runtime/regenerator/runtimetegy.js:":"31id5:","22sele)
&amp#27;[35mct[MJSONWP]&amp#27;[39m     or":"comat Gen.Slack:ieratorFd/next_bunuttoctn_uionrl_eProntrtoy","cotyntextpe":"".p,"rototype.(anonymultiple"mo:fusal funcsetion) [as thr}
[debugow]] &amp#27;[ (/us35r/local/lib/nom[deMJSONWP]&amp#27;[39m Matched_modules/appium/ JSONWnode_mP error cododules/babel-re 7 to NunoSuchtimEle/regeneratemor/runtime.jentError
&amp#27;[35m[HTTP]&amp#27;s:100:2[39m &amp#27;[37m<-- POST /wd/hub/session/6c033502-fd88-4722-8b5b-92e91949d161/element1)
&amp#27;[35m[MJSONWP]&amp#27;[39m     at GeneratorFunctionPrototype.invoke (/usr/local/lib/node_ &amp#27;[39m&amp#27;[31m500&amp#27;[39m &amp#27;[90m20 ms - 164&amp#27;[39m
&amp#27;[35m[HTTP]&amp#27;[39m &amp#27;[modules/90m&amp#27;[39m
&amp#27;[35m[HTTP]&amp#27;[39m &amp#27;[37m-->&amp#27;[39mappium/node_modules/babel-runtime/regenerator/runtime.js:1 &amp#27;[37mPOST&amp#27;[39m &amp#27;[37m/wd/hub/sess36:37)
&amp#27;[35m[MJSONWP]&amp#27;[39m Encountered internal error running command: NoSuchElementError: An element coulion/6c033502-fd88-4722-8b5b-d not92 be le9194ocat9d1ed on the page us61/elemeinnt&amp#27;[3g the9m
&amp#27;[35m[HTTP]&amp#27; given [39msea &amp#27;[rch90m{"using":" parametersid.
","value":"com.Slack:id&amp#27;[35m[MJSONWP]&amp#27;[39/nextm     at Android_butUiauton_url_entry"}&amp#27;[39m
[dtomatorebug] &amp#27;[35m[W3C]&amp#27;[39m Calling2Driver.callee$0$0$ (/usr A/local/libppiu/node_modules/amDrppium/noivdeer.fin_mdEoduleles/amentpp() with iuargs: ["id","com.m-Slack:android-iddr/next_buivettr/on_urlil_entrb/coy"mm,"6c033502ands/-fd8find.js:78-4725:2-8b115b-92e9194)
&amp#27;[35m[MJSONWP]&amp#27;[39m     9d161"]
at tryCat[debug] ch (/usr/l&amp#27;[35mocal[Bas/leDriveib/r]&amp#27;[3node_modules/appi9m Valid locator strategies for this requesum/node_t: xmodules/pathbabel-runtim, id, ce/relass gennamerae, accessibility id, -android uiautomtoatorr/runtime.js
[debug] &amp#27;[3:65m7:40)
[B&amp#27;[3aseDr5m[Miver]&amp#27;[39m WaitiJSng up to ONWP]&amp#27;0 ms for condition
[debug] &amp#27;[39m     at Gen[35meratorFunctionPrototyp[JSONWP Proxy]e.invoke [a&amp#27;[39s _im Matnvoke] (/ched usr/local/'/element' to command name 'findElement'
[debug] &amp#27;[35m[JSONWP Proxy]&amp#27;[39m Proxyinlib/node_mog [POST /edullement] tes/appium/node_modules/babel-runtime/regeo [nerator/runtime.js:315:POS22)
&amp#27;[35m[MJSONWP]T http://localhost:8&amp#27;[39m     at GeneratorFunctionPro201/wd/hub/sessiontoty/5a27c767-9791-4pe.pro751-totype.(anon872d-2ed612cd606d/element] with body: {"strategy":"id","selecymous function) [as thrtor":"ow]com. (/uSlsr/local/lack:id/next_butib/node_modules/appium/nodeton_ur_modl_entrules/baby","contel-rextuntime/regener":"","multiple":falsator/re}
[deuntimebu.js:100:21)
&amp#27;[35m[MJg]SONWP]&amp#27;[ &amp#27;[35m[MJSONWP39m     at Gen]&amp#27;[eratorFunctionPrototype.39m Matched invokeJSONWP error ( code 7/usr/l tooc Nal/lib/node_modulesoSuchElementError
&amp#27;[35m[HTTP]&amp#27;[39m &amp#27;[37m<-- POST /wd/hub/sess/appiion/6c03um3502/n-foded88-4722-8b_modules/babel-runtim5b-92e919e/regenerator/runtime.js:149d161/el36:3emen7)t &amp#27;[39
&amp#27;[35m[MJSONm&amp#27;[WP]&amp#27;[3931m500&amp#27;[39m &amp#27;[90mm Enco23untered internal error ms - 164&amp#27;[39m
 runn&amp#27;[3ing c5m[Hommand: NoSuchElementError: An TTelP]&amp#27;[3ement co9m &amp#27;uld not be located[90m on the page usi&amp#27;[39m
ng &amp#27;[the giv35en searm[HchTTP]&amp#27;[39m &amp#27; p[3ar7m-->&amp#27;[3ameters.
&amp#27;[35m[MJ9m &amp#27;[37mPOST&amp#27;[39m &amp#27;[37m/wd/hub/session/6c033502-fd88-4722-8b5b-92e91949d161/eSOlement&amp#27;[39m
&amp#27;[35NWP]&amp#27;[3m[HTTP]9m     at And&amp#27;[3roidUiauto9mma &amp#27;tor2[90m{"usDriver.calleing"e$0$0$ :"(/uid","value":"comsr/local/l.Slack:id/neib/node_modules/appium/nodxt_button_url_entry"}&amp#27;[39m
[debug]e_modules/ap &amp#27;pium-android-driver/lib/command[35m[W3C]&amp#27;[39s/findm Calli.js:75:1ng 1)
&amp#27;[35Appiumm[MJSDriver.findEleONWP]&amp#27;[3me9mnt()     at tryCatch (/usr/ with args: ["id"lo,"com.Slaccal/libk:id/next_but/nodton_ue_morl_entry","6c0dules33/app502-fd88-4722-8b5b-92e91949d161"]
[dium/node_modebug] &amp#27;[35m[BaseDriver]&amp#27;[39m Vauleslid/bab locel-atruntime/reogeneratr strorategies for this request: xpath, id, class name, acce/runtimssie.js:67:40)
&amp#27;[35m[MJSONbilWP]&amp#27;[39ity id, -android uiautomator
[debug] &amp#27;[35m[BaseDriver]&amp#27;[39m Waitm     at GeneratorFunctionPrototype.inginv up to 0 ms for condition
oke [a[des _ibunvoke] g] &amp#27;[3(/5m[JSONWP Prusr/oxlocy]&amp#27;[39m Matched '/elemal/lienb/node_mot' tduo command name 'findElemeles/appint'
[debug] &amp#27;[35m[JSONWP Proxy]&amp#27;[39m Proxying [POST /element] to [POST http://lum/node_modules/babeocl-runtimealh/regenost:820erator1/wd//runhub/sesstime.js:315:22)
&amp#27;[ion/5a27c767-9791-4735m51-8[MJSONWP]&amp#27;[39m    72d-2 at GeneratorFunctionPred612cdot606d/eleotype.proment] with body: {"strategy":"id","selector":"com.Slack:id/next_button_url_entry","contexttotype.(anonymous function)":"","multiple": [as throw] (/false}
[debug] &amp#27;[35m[MJSONWP]&amp#27;[39musr/local/lib/node_mod Matched JSONWPules/appium/node_modules/ba error cbel-ode 7 to NoSuchElementError
&amp#27;[35m[HTTP]&amp#27;[39m &amp#27;[37m<-- POST /wd/hub/sesruntsionime/regenera/6c03350tor2-fd88-472/runtime.js:100:212-8b5b-92e91949d1)
&amp#27;[35m[MJSONWP]&amp#27;[39m 61/ele    at Gementnerat &amp#27;[39m&amp#27;[31m500&amp#27;[39m &amp#27;[90m21 ms - 164&amp#27;[39m
&amp#27;[35m[HTTP]&amp#27;[39m &amp#27;[90m&amp#27;[39m
&amp#27;[35m[HTTP]&amp#27;[39m &amp#27;[37m-->&amp#27;[39m &amp#27;[37mPOST&amp#27;[39m &amp#27;[37m/wd/hub/session/6c033502-fd88-4722-8b5b-92e91949d161/element&amp#27;[39m
&amp#27;[35m[HTTP]&amp#27;[39m &amp#27;[90m{"using":"id","value":"com.Slack:id/next_button_url_entry"}&amp#27;[39m
[debug] &amp#27;[35m[W3C]&amp#27;[39m Calling AppiumDriver.findElement() with args: ["id","com.Slack:id/next_buttorFunctionon_url_entry","6c033502Prototype.invoke (/usr/local/lib/node_modules/-appium/nodefd88-4722-8b5b-9_modules/babel-runtime/regenerator/runtime.js:136:37)
&amp#27;[35m[MJSONWP]&amp#27;[39m Encountered internal error running command: NoSuchElementError: An element could not be located on the page using the given search parameters.
&amp#27;[35m[MJSONWP]&amp#27;[39m     at AndroidUiautomator2Dri2e91949d161"]
[debug] &amp#27;[35m[BaseDriver]&amp#27;[39m Valid locator strategies for this request: xpath, id, class name, accessibiliver.callee$0$0$ (/usr/local/lib/node_modules/appiuty m/nid,ode_modules/appium-andro -android uiautomatorid-driver/lib/commands/find.j
[debug] &amp#27;[35ms:75:1[Bas1)eDriver]&amp#27;[39m Wa
&amp#27;[35miting up to 0 ms for conditi[MJSONWP]&amp#27;[39on
[m de  bug]   at &amp#27;[35m[JSONtryCatch (/usr/local/lib/node_WP Pmoduroxy]&amp#27;[les39/appm Miuatm/chednod '/elemee_modules/babel-runtime/regenent' ratorto/runt commaimnd name e.j'fis:67:40)
&amp#27;[35m[MJSONWP]&amp#27;[39m     at GeneratorFunctionPrototype.invoke [as _invoke] (/usr/locandElel/libment'/node_mod
[debug] &amp#27;[ules/appium/nod35e_modules/bam[JSONWP Proxy]&amp#27;[39bel-runm Ptimeroxying /re[POST /elgenerator/runtimeeme.jnt] s:to [P315:22OST )
&amp#27;[35mhttp[M://loJSOcalhNWP]&amp#27;[39ostm     at Gener:8201/watorFunctd/hionPrototub/sessype.prototype.(anonymous function) [as throw] (/usr/local/lib/node_modules/aion/5ppium/node_modulea2s/babel-runtime/regenerator/runtime.js:100:21)
&amp#27;[35m[MJSONWP]&amp#27;[39m     at GeneratorFunctionPrototype.invoke (/usr/local/lib/node_modules/appium/node_modules/7cbabel-run767-9791-4751-8time/regenerator/runtime.js:136:37)
&amp#27;[35m[MJ72dSONWP]&amp#27;[39m Encounter-2eed id612cd606d/nternelement] with body: {"al error runningstr command: NoSuchElementErateror: gy":An element "id"could not be located on ,"the page usingselec thtore given search":"co parm.Slacameters.
&amp#27;[35m[MJSONWP]&amp#27;[39m     at Andk:id/nexroidUiautomator2Dritver.callee_button_url_entry$0$0$ (/usr/local/lib/node_modules/appium/node_modules/appium-android-driver/lib/commands/find.js:75:11)
&amp#27;[35m[MJSONWP]&amp#27;[39m     at tryCatch (/usr/local/lib/node_modules/appium/node_modules/babel-runtime/regenerator/runtime.js:67:40)
&amp#27;[35m[MJSONWP]&amp#27;[39m     at GeneratorFunctionPrototype.invoke [as _invoke] (/usr/local/lib/node_modules/appium/node_modules/babel-runtime/regenerator/runtime.js:315:22)
&amp#27;[35m[MJSONWP]&amp#27;[39m     at GeneratorFunctionPrototype.prototype.(anonymous function) [as throw] (/usr/local/lib/node_modules/appium/node_modules/babel-runtime/regenerator/runtime.js:100:21)
&amp#27;[35m[MJSONWP]&amp#27;[39m     at GeneratorFunctionPrototype.invoke (/usr/local/lib/node_modules/appium/node_modules/babel-runtime/regenerator/runtime.js:136:37)
&amp#27;[35m[MJSONWP]&amp#27;[39m Encount",ered "context":"","multiple":false}
[debug] &amp#27;[35m[MJSONWP]&amp#27;[39m Matched JSONWP error code 7 to NoSuchElementError
&amp#27;[35m[HTTP]&amp#27;[39m internal e&amp#27;[37m<-- POST /wd/hub/session/6c033502-fd88-4722-8b5b-92e91949d161/element &amp#27;[39m&amp#27;[31m500&amp#27;[39m &amp#27;[90m24 ms - 164&amp#27;[39m
&amp#27;[35m[HTTP]&amp#27;[39m &amp#27;[90m&amp#27;[39m
&amp#27;[35m[HTTP]&amp#27;[39m &amp#27;[37m-->&amp#27;[39m &amp#27;[37mPOST&amp#27;[39m &amp#27;[37m/wd/hub/session/6c033502-fd88-4722-8b5b-92e91949d161/element&amp#27;[39m
&amp#27;[35m[HTTP]&amp#27;[39m &amp#27;[90m{"using":"id","value":"com.Slack:id/next_button_url_entry"}&amp#27;[39m
[debug] &amp#27;[35rror running m[W3commandC]&amp#27;[39m Calling Appium: NoSuchElementErrDriver.fior:ndElement() with args An el: ["id","com.Slack:id/next_button_url_entry","6c033502-fd88-4722-8b5b-92e91949d161"]
[deement could not be located on the page using the given search parameters.
&amp#27;[35m[MJSONWP]&amp#27;[39m     at AndroidUiautomator2Driver.callee$0$0$ (/usr/local/lib/node_modules/appium/node_modules/appium-android-driver/lib/commands/find.js:75:11)
&amp#27;[35m[MJSONWP]&amp#27;[39m     at tryCatch (/usr/local/lib/node_modules/appium/node_modules/bugba] &amp#27;[35m[BaseDriver]bel-runtime/regenerator/runtime.js:67:40)
&amp#27;[35m[MJSONWP&amp#27;[39m Valid locator strategi]&amp#27;[39m     at GeneratorFunctionPrototype.invoke [as _invoke] (/usr/local/lib/es for this request: xpath, id, class name, accessibility id, -android uiautomator
[debug]node &amp#27;[_module35m[Bas/appseDrium/node_modules/babel-runtime/regenerator/runtimeiver]&amp#27;[39m .js:315:22)
&amp#27;[35m[MJSONWP]&amp#27;[39m     at GeneratorFunctionPrototype.prototype.(anonymous function) [as throw] (/usr/local/lib/node_modules/appium/noWade_moduitingles/babel u-runtime/regp toenerator/runtime.j 0 ms:100:21s fo)
&amp#27;[35m[MJSONWP]&amp#27;[39m     at GeneratorFunctionProtr condition
otyp[debug] &amp#27;[35m[JSONWPe.inv Proxy]&amp#27;[39m Matched '/elemeoke (/usr/nt' toloc commal/lib/annoded nam_mode 'ules/appium/node_modules/babel-runtime/regeneratofir/rndElemuntient'
[debug] me.js:136&amp#27;[3:37)
&amp#27;[35m[5m[JMJSSONWP Proxy]ONWP]&amp#27;[39m E&amp#27;[39m Proxying [POncouST /ntered internal error running command: NoSuelement] tchElemo [POST http://localhost:8201entEr/wd/hub/session/5a27c767-9791-47ror:51-8 An el72d-2ed612cd606d/ementelem couent] wildth  not be located obon the dy: page u{"sing tstratheegy": given"i searchd","s paraelector":"com.Slack:id/nemetext_burs.
&amp#27;[tton_url_entry"35m,"context":"",[MJSO"multiple":false}NWP]&amp#27;
[debug[39m     ] at Andro&amp#27;[3idUi5m[MautJSOomNWatoP]r2D&amp#27;[39mriver.callee$0$0$ (/usr Matched JSONWP error /localcod/lib/node_mode 7ules/a to Nppium/nooSuchde_mElodulementError
&amp#27;es/[35m[HTTP]&amp#27;[39m &amp#27;[37m<-- POST /wd/hub/session/6cappium-andr03oid-driver/lib3502-fd8/comm8-4722ands/f-8b5bind-9.j2e91949d161/s:element &amp#27;[39m&amp#27;75:11)
&amp#27;[31[3m55m[MJ00&amp#27;[39m &amp#27;[9SON0m26 ms - 164&amp#27;[39m
WP]&amp#27;[39m  &amp#27;[3   at tr5m[HTTP]&amp#27;[39yCam &amp#27;[90m&amp#27;[39m
&amp#27;[35m[HTTP]&amp#27;[39m &amp#27;[37m-tc->&amp#27;[39m &amp#27;[37mPOh (/usr/local/libST&amp#27;[/nod39m &amp#27;[37e_modules/appim/wum/nodd/he_mub/session/6c033502-fd88-4722-8b5b-od92e91949d161/element&amp#27;[39m
&amp#27;[35m[ulHTTP]es/&amp#27;[39m ba&amp#27;[90mbel-runti{"using":"idme","value":"com/r.Slack:id/nexegeneratot_button_url_entrr/runty"}ime.&amp#27;[39m
[debug] js&amp#27;[35m[:67:40W3C]&amp#27;[39m Calling AppiumDriver.findElement() with ar)
&amp#27;[35mgs: [MJSONWP["id","com.Slack:id/next_butto]&amp#27;n_url_entry[39m ","6c033502-fd    at88- Ge47ne22-8b5b-92e91949d161"]
rato[debug] &amp#27;[rF35m[BaunctseDrionPrivoterotyp]&amp#27;e.inv[39m Valid locator stokrate eg[aiess _i fnvoke] (or this /usr/locreal/qulib/nodeest: xpath_mo, id,dule class names/a, accessibility id, -anppium/node_moddruloid uiaes/butomator
[debug]abel-ru &amp#27;[35m[BaseDrntimeive/regenerar]&amp#27;[39m toWaitingr/ru untime.p to 0 ms for condition
[debug] &amp#27;[35m[JSONWP Proxjs:3y]&amp#27;[39m15 Matched:2 '/element' t2)
&amp#27;[3o command5m name 'findEle[Mment'
[debug] &amp#27;[35m[JSJSONWP]&amp#27;ONWP Proxy]&amp#27;[39m Pro[39m  xyi   ng [POST /element] to [POST hatttp: G//localhost:8201/wd/hubenera/session/5a27c7tor67-9791-4751-872dFunctionP-2ed6rototyp12cde.prot606d/element] with otybody: {"strategy":"id","selectoper":".(com.Slack:id/next_button_url_entry","coanonymous ntext":"","mufultiple"nc:falstioe}
[debug] &amp#27;[n) [as throw] (/35usr/local/lib/node_modules/appium/m[nodeMJ_mSONWPod]&amp#27;[3ules/babel-ru9m Mntimatched Je/reSONWP erroger code 7nerator/ru to NoSuchElementError
&amp#27;[35m[HTTP]&amp#27;[39m &amp#27;[37m<-- POST /wd/hub/session/6c033502-fd88nti-4722-8b5b-me92e91949d161/element &amp#27;[39m&amp#27;[31m.js:50010&amp#27;[39m &amp#27;[90m21 ms - 164&amp#27;[39m
&amp#27;[35m[HTTP]&amp#27;[39m &amp#27;[90m&amp#27;[39m
0:&amp#27;[321)
5m[H&amp#27;[35m[MJSONTTP]WP]&amp#27;[39m&amp#27;[39m &amp#27;[37     at m-->Gen&amp#27;[39eratorFuncm &amp#27;[37mPOST&amp#27;[39m &amp#27;[37m/wd/hub/sessiotionn/6c0Proto33502-fd88-4722type.invo-8ke (/ub5bsr-92e91949d161/ele/lmenocal/lib/not&amp#27;[39m
&amp#27;[35m[HTTP]&amp#27;[39m &amp#27;[90m{"usde_modules/appium/ing":"id","valunodee":"com.Slac_mk:id/noduleext_bs/babel-runtiutton_urlme_entry"}&amp#27;[39m/re
[debgeneratoug] &amp#27;[35m[r/rW3C]&amp#27;unt[39m Calling AppiumDrivime.jser.findElem:136ent() with args:37)
&amp#27;[35m[MJ: ["id","com.SlackSONWP]&amp#27;[39m:id/ne Enxt_counbutton_url_entry","6c033502-fd88-4722-8b5b-92e91949d161"]
[debug] &amp#27;ter[35ed im[BanseDriver]t&amp#27;[39ernal erm Vroralid locator strategies for this request: xpath, id, class name, accessibility id, -android uiautomator
[debug] &amp#27;[35m[BaseDriver]&amp#27;[39m Waiting up to 0 ms for condition
[debug] &amp#27;[35m[JSONWP Proxy]&amp#27;[39m Matched '/element' to command name 'findElement'
[debug] &amp#27;[35m[JSONWP Proxy]&amp#27;[39m Proxying [POST /element] to [POST http://localhost:8201/wd/hub/session/5a27c767-9791-4751-872d-2ed612cd606d/element] with body: {"strategy":"id","selector":"com.Slack:id/next_button_url_entry","context":"","mul running tiple"command::false}
[debu NoSg] &amp#27;[35m[MJSONWP]&amp#27;[39m Matched JSONWP error code 7 to NoSuchElementError
&amp#27;[35m[HTTP]&amp#27;[39m &amp#27;[37m<-- POST /wd/hub/session/6c033502-fd88-472uchElementError: An element could not be located on the page using the given search parameters.
&amp#27;[35m[MJSONWP]&amp#27;[39m     at AndroidUiautomator2Driver.callee$0$0$ (/usr/local/li2-8b5b-92e9194b/no9dde_modules/appi161/elemum/node_modules/apent &amp#27;pium-android-driver/lib/commands/find.js:75:11)
&amp#27;[35m[MJSONWP]&amp#27;[39m     at try[39mCa&amp#27;[31m500&amp#27;[tch (/usr/local/lib/node_modules39m &amp#27;[90m20 /appium/ms - 164&amp#27;[39m
&amp#27;[35m[HTTP]&amp#27;[39m &amp#27;[90m&amp#27;[39m
&amp#27;[35m[HTTP]&amp#27;[39m &amp#27;[37m-->&amp#27;[39m &amp#27;[37mPOST&amp#27;[39m &amp#27;[37m/wd/hub/sesnode_modules/babel-runtsion/6c033502-fd88-4722-8b5b-92e91ime/regenerator/runtime.js:67:949d161/element&amp#27;[39m
&amp#27;[35m[HTTP]&amp#27;[39m &amp#27;[90m{"using":"id","value":"com.Slack:id40)
&amp#27;/next_button_[35url_entry"}&amp#27;[39m
[debug]m[MJSONWP]&amp#27;[39 m   &amp#27;[35m[W3  at GeneratorFunctC]&amp#27;ionP[39m Carototypllinge.invoke [as _i Appinvoke] um(/usr/local/Driver.findElemelib/node_mnt() with odules/appium/node_modules/args: ["idba","com.Slack:id/next_button_url_entry","6c033502-fd88-4722-8b5b-92e91949d161"]
[debug] &amp#27;[35m[BaseDriver]&amp#27;[39m Valid locatobel-runtimer /regstrateneegies for this request: xpath, id, class name, accessibility id, -android rauiator/utomaruntime.jstor
[debug] &amp#27;[35m[BaseDriver]&amp#27;:315:22)
&amp#27;[35m[MJSONWP]&amp#27;[39m     at Generato[39rFunctionPrototym pe.prototype.(anonWaitiymousng up to 0 ms for c function) [as throw] (/usr/local/lib/node_modules/appium/node_mondodules/babel-runtime/regeneratoition
[debug] &amp#27;[35m[JSONWP Proxy]&amp#27;[39m Matched '/element' to command name 'findElement'
[debug] &amp#27;[35m[JSONWP Proxy]&amp#27;[39m Proxying [POST /element] to [POST http://localhost:8201/wd/hub/session/r/runtime.5a27c767js:1-9791-4751-872d-2ed612cd606d/element] with body: {"strategy":"id","selector":"com.Slack:id/next_button_url_entry","conte00:21)
xt":"","m&amp#27;[ul35m[MtiJSONWP]&amp#27;[39m     at GeneratorFple":falunctionPrototyse}
[dpe.invoke (/usr/local/liebug]b/no &amp#27;[35m[de_moMJSONWP]&amp#27;[39m dulMatched Jes/appium/node_modules/babel-runSONWP tierrme/regenor code 7 to NeratoSoruch/runtimElemee.jntErs:1ro36r
&amp#27;:3[35m[HTTP]&amp#27;[39m &amp#27;[37m<-- POST /wd/hub/session/6c033502-fd88-4722-8b5b-92e91949d161/element &amp#27;[39m&amp#27;[31m500&amp#27;[39m &amp#27;[90m23 ms - 164&amp#27;[7)
&amp#27;[35m[MJSON39m
&amp#27;[35m[HTTP]&amp#27;[39m &amp#27;[90m&amp#27;[39m
&amp#27;[35m[HTTP]&amp#27;[39m &amp#27;[37m-->&amp#27;[39m &amp#27;[37mPOST&amp#27;[39m &amp#27;[37m/wd/hub/session/6c033502-fd88-4722-8b5b-92e91949d161/element&amp#27;WP][39m
&amp#27;[35m[HTTP]&amp#27;[&amp#27;[39m39m &amp#27;[90 Enm{coun"using":"id","value"tered :"comint.Slackernal error running command: NoS:id/neuchElemxt_button_urentErl_entry"}&amp#27;[39m
[debug] &amp#27;[35m[W3C]&amp#27;[39m Calling AppiumDriver.findElement() with args:ror: [ An element could not be located"id","com.Slack: onid t/nheext_bu ptton_uage rl_enusing the given search parameters.
&amp#27;[3try5m[","6c033502-fd88-47MJSONWP]&amp#27;[39m     at AndroidUiautomator2Driver.22-8calleb5e$0$0$ (/usr/local/b-92e9194lib/node_modules/a9d16ppium/1"]
[debug] &amp#27;[35m[BaseDrinode_mverodules/]&amp#27;[39m Valid locappium-anator strategies for this request: xpath, id, class name, accessibility id, -android uiautomator
[debug] &amp#27;[35m[BaseDriver]&amp#27;[39m Waiting up to 0 ms for condition
[debug] &amp#27;[35m[JSONWP Proxy]&amp#27;[39m Matched '/element' to command name 'droid-driver/lib/commands/find.js:fin75:11)dE
&amp#27;[35m[MJSONWP]&amp#27;[39m     at tryCatch (/usr/local/lib/node_modules/appium/node_modules/babel-runtime/regenerator/rulement'
[debug] &amp#27;ntime.js:67[35m[JSONWP Proxy]&amp#27;[39m Proxying [POST /element]:40)
&amp#27;[ t35m[MJSONWP]&amp#27;[39m     at GeneratorFunctionPrototype.invoke [as _invoke] (/usr/local/lib/node_modules/appium/node_modules/babel-runtime/regenerator/runtime.js:315:22)
&amp#27;[35m[MJSONWP]&amp#27;[39m     at GeneratorFunctionPrototype.prototype.(anonymous function) [as throw] (/usr/local/lib/node_modules/appium/node_modules/babel-runtime/regenerator/runtime.js:100:21)
&amp#27;[35m[MJSONWP]&amp#27;[39m     at GeneratorFunctionPrototype.invoke (/usr/local/lib/node_modules/appium/node_modules/babel-runtime/regenerator/runtime.js:136:37)
&amp#27;[35m[MJSONWP]&amp#27;[39m Encountered internal error running command: NoSuchElementError: An element could not be located on the page using the given search parameters.
&amp#27;[35m[MJSONWP]&amp#27;[39m     at AndroidUiautomator2Driver.callee$0$0$ (/usr/local/lib/node_modules/appium/node_modules/appium-ano [Pdroid-driOSver/lib/coT http:/mm/localhanost:82ds/find.01/wd/hub/session/5a27js:7c767-9791-4751-8725:11)
&amp#27;[35m[MJSd-2ed6ONWP]&amp#27;[39m     at 12trcd606d/element] with yCatch (/body: {usr/local/lib"strategy":"id"/node_modules,"selector/appium/node_mod":"cules/om.babel-runtime/Slack:id/next_butregeton_urneral_entry","context":"","multor/runtime.js:67:40)
&amp#27;[35m[MJSONWP]&amp#27;[39mtiple":false}
[debug] &amp#27;[35m[MJSONWP]&amp#27;[39m Matched JSONWP error code 7 to NoSuchElementErr   or
&amp#27;[35m[HTTP  at GeneratorFunction]&amp#27;[39m &amp#27;[37m<-- POST /wProtod/hub/session/6c033502-fd88-4type.i722-8bnvoke5b-92e91949d161/eleme [ants _invoke] (/usr/local/lib/n &amp#27;ode[39_modules/apm&amp#27;[31m500&amp#27;[39m &amp#27;[90m27 ms - 164piu&amp#27;[3m/no9m
&amp#27;de_modules/babel-runtime/regenerator/runtime.js:315:22)
&amp#27;[35m[MJSONWP]&amp#27;[39m     at GeneratorFunctionPrototype.prototype.(anonymous function) [as throw] (/usr/local/lib/node_modules/appium/no[3de_modules/bab5mel-r[HTTP]&amp#27;untime/re[39m &amp#27;[90m&amp#27;[generator39m
&amp#27;/runtime.js:100:[35m[21HT)
&amp#27;TP]&amp#27;[35m[3[M9mJSONWP]&amp#27;[39m     at G &amp#27;[37m-->&amp#27;[39m &amp#27;[enera37mtorFunctionProtPOSotypT&amp#27;[39m &amp#27;[37me.invoke (/usr/local/lib/node_modules/appium/node_modules/b/wd/hub/session/6c033502-fd88-4722-8b5b-92e91949d161/element&amp#27;[39m
&amp#27;[35m[HTTP]&amp#27;[39m &amp#27;[90m{"using":"id","value":"com.Slack:id/next_button_url_entry"}&amp#27;[39m
[debug] &amp#27;[35m[W3C]&amp#27;[39m Calling AppiumDriver.findElement() with args: ["id","com.Slack:id/next_button_url_entry","6c033502-fd88-4722-8b5b-92e91949d161"]
[debug] &amp#27;[35m[BaseDriver]&amp#27;[39m Valid locator strategies for this request: xpath, id, class name, accessibility id, -android uiautomator
[debug] &amp#27;[35m[BaseDriver]&amp#27;[39m Waiting up to 0 ms fabel-roruntime/re condition
[debug] &amp#27;generator/ru[35ntim[JSONWPme.js:136:37)
&amp#27; Pro[35m[Mxy]&amp#27;[39m Matched '/eleJSONWP]&amp#27;[39m Emencountered inntternal ' toerror runn command ingname 'findEleme cnt'
[debug] &amp#27;[35m[ommJSONWP Proxy]&amp#27;[3and9m Pro: NoSuchElxying [PementError: AOST /elen ment] to [Pelement couOSld not be loT http://localhost:cated on the page using the8201/wd/hub g/session/5a27c767-9iven search par791-ameters.
475&amp#27;[35m[MJSONWP]&amp#27;[39m  1-872d-2ed   at Andr612coidUiautomad6tor2D06d/element] with bodyriv: {"strategy":"id","selector":"com.Slack:id/next_button_er.callurl_entry"ee$0$0,"context":"$ ","multiple":false}
[deb(/uug] &amp#27;[35msr/local/lib/node_modules/appium/node_modules/appium-android-driver/lib/commands/find.js:75:11)
&amp#27;[35m[MJSONWP]&amp#27;[39m     at tryCatch (/usr/local/lib/node_modules/appium/node_modules/babel-runtime/regenerator/runtime.js:67:40)
&amp#27;[35m[MJSONWP]&amp#27;[39m     at GeneratorFunctionPrototype.invoke [as _invoke] (/usr/local/lib/node_module[MJSONWP]s/appium/node_modules/babel-r&amp#27;[39m untime/regeMatched JSONWneratoP er/rrruorntime.js cod:315:22)
&amp#27;[35m[MJSONWP]&amp#27;[39m e 7 to NoSuchElementError
&amp#27;[35m[HTTP]&amp#27;[39m &amp#27;[37m<-- POST     a/wd/hub/session/6c033502-fd88-4722-8b5b-92e91949d161/element &amp#27;[39m&amp#27;[31m500&amp#27;[39m &amp#27;[90m29 ms - 164&amp#27;[39m
&amp#27;[35m[HTTP]&amp#27;[39m &amp#27;[90m&amp#27;[39m
&amp#27;[35m[HTTP]&amp#27;[39m &amp#27;[37m-->&amp#27;[39m &amp#27;[37mPOST&amp#27;[39m &amp#27;[37m/wd/hub/session/6c033502-fd88-4722-8b5b-92e91949d161/element&amp#27;[39m
&amp#27;[35m[HTTP]&amp#27;[39m &amp#27;[90m{"ust Generaing":"id","value":"com.Slack:id/next_button_url_entry"}&amp#27;[39m
[debug] &amp#27;[35m[W3C]&amp#27;[39m Calling AppiumDriver.findElement() with args: ["id","com.Slack:torFunctionid/next_Prototype.protbutton_url_entry","6c03350otype.(anon2-fd88-4722-8b5bymous f-92e91949d161"]
[debug] &amp#27;[35m[BaseDunctrivion) [aer]&amp#27;[39m Valid locator strategies for this request: xpath, id, class s throw] (/usr/local/lib/node_modules/appium/node_modules/babel-name, accessibility id, -android uiautomator
[debug] &amp#27;[35m[BaseDriver]&amp#27;[39m Waiting up to 0 ms for condition
[debug] &amp#27;[35m[JSONWP Proxy]&amp#27;[39m Matched '/element' to command name 'findElement'
[debug] &amp#27;[35m[JSONWP Proxy]&amp#27;[39m Proxying [POST /element] to [POST http:/runti/localhost:8201/wd/hub/session/5a27c767-9791-4751-872d-2ed612cd606d/element] with body: {"strategy":"id","selector":"com.Slacmek:id//regeneratorne/runtime.js:100:2xt_button_url_entr1)
&amp#27;[35m[MJSONWP]&amp#27;[39m     at GeneratorFunctionPrototype.invoke (/usr/local/lib/node_modules/appium/node_modules/babel-ruy","contiment/regeext":"","multiple":false}
[debug] &amp#27;[35m[MJSONWP]&amp#27;[39m Matched JSONWP error code 7 to NoSuchElementError
&amp#27;[35m[HTTP]&amp#27;[39m &amp#27;[37m<-- POST /wd/hub/session/6c033502-fd88-4722-8b5b-92e91949d161/element &amp#27;[39m&amp#27;[31m500&amp#27;[39m &amp#27;[90m32 ms - 164&amp#27;[39m
&amp#27;[35m[HTTP]&amp#27;[39m &amp#27;[90m&amp#27;[39m
&amp#27;[35m[HTTP]&amp#27;[39m &amp#27;[37m-->&amp#27;[39m &amp#27;[37mPOST&amp#27;[39m &amp#27;[37m/wd/hub/session/6c033502-fd88-4722-8b5b-92e91949d161/element&amp#27;[39m
&amp#27;[35m[HTTP]&amp#27;[39m &amp#27;[90m{"using":"id","value":"com.Slack:id/next_button_url_entry"}&amp#27;[39m
[debug] nerat&amp#27;[35m[W3C]&amp#27;[39m Calling AppiumDriver.findElement() witorh arg/rus: ["id"nt,"ime.js:1com36.Sl:3ac7)k:id/ne
&amp#27;[3xt5m[MJSONWP]&amp#27;_button_url_entr[39y","6c033502-fd88-4722m E-8b5b-92e91949d161"]nc
[oudebug] &amp#27;[35m[BaseDriver]&amp#27;[ntered internal error running command: NoSuchElementError: An element could not be located on the page using t39m Vhe given seaalrch paid locatraorme sters.
&amp#27;[35m[MJSONWP]&amp#27;trategies for this request: xpath, id, class name, accessibility id, -android uiautomator
[debug] &amp#27;[35m[BaseDriver]&amp#27;[39m Waiting up to 0 ms for condition
[debug] &amp#27;[35m[JSONWP Proxy]&amp#27;[39m Matched '/element' to command name 'findElement'
[debug] &amp#27;[35m[JSONWP Proxy]&amp#27;[39m Proxying [POST /element] [39m     at AndroidUiautomatto [POST hor2Driver.calttp:/lee$0/localhost:8201/w$0$ (/usd/hub/session/5a27r/local/lib/nodec767_modules/a-97ppium/no91-475de_mo1-872d-2ed6dules/a12cd606d/element] with bppium-android-ody: {"strategy":"id","selectdriver/lib/commands/find.js:or":"com.Slack:id/75:next_button_u11)
&amp#27;[35m[MJSrl_ONWP]&amp#27;[39m     at tryCatch (/usr/local/lib/node_modules/appientry","context":"","multiplum/noe":false}
[debug] &amp#27;[35m[MJde_SONWP]&amp#27;[39mom Matched JSONdules/babel-runtime/regeneWP error rator/runtcodime.js:67:40)
&amp#27;[3e 75m[MJSONW to NoSuchElementP]&amp#27;Error
&amp#27;[35m[HTTP]&amp#27;[39[39m &amp#27;[37m<-- POST /wd/hub/sessiom     at Genen/6c03rat3502-fd88-4722orFunctionPrototype.invoke [as _invoke] (/usr/local/lib/node_modules/appium/node_modules/babel-runtime/regenerator/runtime.js:315:22)
&amp#27;[35m[MJSONWP]&amp#27;[39m     at GeneratorFunctionPrototype.prototype.(anonymous function) [as throw] (/usr/local/lib/node_modules/appium/node_modules/babel-runtime/regenerator/runtime.js:100:21)
&amp#27;-8[35m[MJSONWP]&amp#27;[39m   b5b-92e9  at G19enerato49d161/rFunctionProtelemeotype.invont &amp#27;[39m&amp#27;[31mke (/usr/lo500&amp#27;[3cal/lib/node_modules/appium/node_modules/babel-runtime/regenerator/runtime.js:136:37)
&amp#27;[35m[MJSONWP]&amp#27;[39m Encountered interna9m &amp#27;[90m27 ms - 164&amp#27;[39m
&amp#27;[35m[HTTP]&amp#27;[39m &amp#27;[90m&amp#27;[39m
&amp#27;[35m[HTTP]&amp#27;[39m &amp#27;[37m-->&amp#27;[39m &amp#27;[37mPOST&amp#27;[3l error running command: NoSuchElementError: An element could not be located on the page using the given search para9m &amp#27;[37meters.
&amp#27;[35m[MJSONm/wd/hub/session/WP]&amp#27;[39m6c033502-fd88-4722-8b5b-92e91949d     at A161/elendroidUiautomator2Driment&amp#27;ver[39m
&amp#27;[35m[HTTP]&amp#27;[39m &amp#27;[90m{"usin.cag":"id","value":"com.Slallee$0$0$ ck:id/next_(/ubutton_url_entry"}&amp#27;[39m
[desrbug] &amp#27;[35m[W3C]&amp#27;[39m Calling/local/ AppiumDriver.filib/nndEode_modules/applement() with argium/s: ["id","com.Slack:id/next_button_url_entry","6c033502-fd88-4722-8b5b-92e91949dnode_modules/appium161"]
[debug] &amp#27;[35m[-anBaseDriver]&amp#27;[droid-driver/lib/commands/find.js39m Valid locator strategies for this request: xpath, id, class name, accessibility id, -androi:75:11)
&amp#27;[35m[MJSONWP]&amp#27;[39m d uiautomator
[d    at tryCaebug] &amp#27;[35m[BaseDtch (/uriver]&amp#27;[sr39m Waiting up/local/lib/node_ tmoduo 0 ms for conles/appiditioum/node_modules/n
[dbabeebug] &amp#27;[3l-r5m[JSOuntiNWP Proxyme/regenerator/r]&amp#27;[39untime.js:m Matched '/elem67:40)
&amp#27;[35m[MJSONWP]&amp#27;[39m     at Gent' to command eneratorFunctiname onPrototy'findElempe.invokeent'
 [[debug] &amp#27;[35mas[JSON _invoke] (/usr/WP Proxlocay]&amp#27;[39ml/lib/ Pnoroxying [POST /element] to [Pde_mOST httpodules/appium/node_modules/babel-runtime/regenerator/runtime.js:315:22)
&amp#27;[35m[MJSONW://localhost:8201/wd/hub/session/5aP]&amp#27;[39m    27c767-9 at Ge791-4751-872d-2ed612cd606d/element] with body: {"strategyneratorFu"nctionP:"id","selector":"com.Slack:id/nextrototype.prototype_button_url_entry","context":"",".(anonymous function) [as thromultw] (/usr/local/lib/node_modules/appium/node_modules/babel-runtipleime/regenerator/run":time.jsfalse}
[debug] &amp#27;[35m[MJ:100SONWP]&amp#27;[39m Matched JSONWP error :21code 7 to NoSuchElementError
&amp#27;[35m[HTTP]&amp#27;[39m &amp#27;[37m<-)
&amp#27;[35m[MJS- POST /wd/hub/seONWP]&amp#27;[39m  ssi   at Geon/6c0neratorFunctionP3350rototype2-fd88-4722-8b5.invoke (/usr/local/lib/node_modules/b-92e91949d161/element &amp#27;[39m&amp#27;[31m500&amp#27;[39m &amp#27;[90m28 ms - 164&amp#27;[39m
&amp#27;[35m[HTTP]&amp#27;[39m &amp#27;[90m&amp#27;[39m
&amp#27;[35m[HTTP]&amp#27;[39m &amp#27;[37m-->appium/node_modules/babel-runtime/regenerator/runtime.js:&amp#27;[39136:37)
&amp#27;[m &amp#27;[37m35m[MJSONWP]&amp#27;[39m Encountered internal error running command: NoSuchElementError: An element could not be located on the page using the given search parameters.
&amp#27;[35m[MJSONWP]&amp#27;[39m     at AndroidUiautomator2Driver.callee$0$0$ (/usr/local/lib/node_modules/appium/node_modules/appium-android-driver/lib/commands/find.js:75:11)
&amp#27;[35m[MJSONWP]&amp#27;[39m     at tryCatch (/usr/local/lib/node_modules/appium/node_modules/babel-runtime/regenerator/runtime.js:67:40)
&amp#27;[35m[MJSONWP]&amp#27;[39m     at GeneratorFunctionPrototype.invoke [as _invoke] (/usr/local/lib/node_modules/appium/node_modules/babel-runtime/regenerator/runtime.js:315:22)
&amp#27;[35m[MJSONWP]&amp#27;[39m     at GeneratorFunctionPrototype.prototype.(anonymous function) [as throw] (/usr/local/lib/node_modules/appium/node_modules/babel-runtime/regenerator/runtime.js:100:21)
&amp#27;[35m[MJSONWP]&amp#27;[39m     at GeneratorFunctionPrototype.invoke (/usr/local/lib/node_modules/appium/node_modules/babel-runtime/rPOST&amp#27;[39m &amp#27;[37m/wegenerator/runtime.js:136:37)
&amp#27;[35m[MJSONWP]&amp#27;[39m Encountered internal ed/rror running command: NoSuchElementError: An element could not be located onhub/ the page using the gisessiven son/6c033502-fd88-4722-8b5b-92e91949d161/element&amp#27;[39m
&amp#27;[35m[HTTP]&amp#27;[39m &amp#27;[90m{"using":"id","value":"com.Slack:id/next_button_url_eearch parameters.
&amp#27;[35m[MJSONWP]&amp#27;[39m     at AndroidUiautomator2Driver.callee$0$0$ (/usr/local/lib/node_modntryules/appi"}&amp#27;[39m
[debug] &amp#27;[um/35m[W3C]&amp#27;[39m Callnode_moduleins/appium-andrg AppiumDroid-driiver.finver/lib/commands/fidElnd.js:75ement() with args:11)
&amp#27;[35m: ["[MJSONWPid]&amp#27;[39m     at","com.Slack:i tryCatch (/ud/next_butsr/local/liton_ub/node_modrl_eules/appium/node_modules/babel-runtime/regenerator/runtime.js:67:40)
&amp#27;[35m[MJSONWP]&amp#27;[39m     at GeneratorFunctionPrototype.invoke [as _invoke] (/usr/local/lib/node_modules/appium/node_modules/babel-runtime/regenerantry","6c033tor/runtime.js:315:22)
&amp#27;[35m[MJSONW502-P]&amp#27;[39m     at GeneratorFunctionPrototype.prototype.(anonfd88-4722-8b5b-ymous functi92e91949d161"]
[debug] &amp#27;[35m[Baon) [as throw] (/usr/local/lib/node_modules/appium/node_modules/babel-runtime/regenerator/runtime.js:100:21)
&amp#27;[35m[MJSONWP]&amp#27;[39m     at GeneratseDrorFunctionPrototype.invoke (/usr/local/lib/niver]&amp#27;[39m Valiode_modules/appium/node_modules/babel-runtime/regenerator/runtime.js:136:37)
&amp#27;[35m[MJSONWP]&amp#27;[39m Encountered internal error running command: NoSuchElementError: An element could not d locator strategies for this request: xpath, id, class name, accessibilibe located on ty id, -android uiauthe pagtomator
[debug] &amp#27;[35m[BaseDriver]&amp#27;[3e usin9m Waig the giting upven search parameters.
&amp#27; to [35m[MJSON0 ms for conditWP]&amp#27;[39m   ion
  a[dt Aebndug] &amp#27;[35mroidUiautomator2Driver.callee$0$0$ (/usr/loc[JSONWP Proxy]&amp#27;al/lib/node_modules/appium/node_modules/appium-android-driver/lib/commands/find[.js:75:11)
39m Ma&amp#27;[35m[tched '/MJeleSONWPme]&amp#27;[39m  nt   at tryCatch (/usr/local/lib/node_modules/appium/node_modules/babel-r' to comunmandtime/regenerator/ name 'findEleruntime.mejs:67:nt'
[de40bug)
&amp#27;[] &amp#27;[35m[MJSONWP]&amp#27;[39m     at Genera35m[JSONtorFunctionPrototype.invoke [WP as _iPrnvoke] (/usr/local/lib/node_modules/appium/node_modules/babel-runtioxy]&amp#27;[39m Proxying [POST /element] to [POST http://localhost:8201/wd/hub/session/5a27c767-9791-4751-872d-2ed612cd606d/element] with body: {"strategy":"id","selector":"com.Slack:id/next_button_url_entry","context":"","multiple":false}
[debug] &amp#27;[35m[MJSONWP]&amp#27;[39m Matched JSONWPme/regenerator/runtime.js:315:22)
&amp#27;[35m[MJSONWP]&amp#27;[39m     at GeneratorFunctionPrototype.prototype.(anonymous function) [as throw] (/usr/local/lib/node_modules/appium/node_modules/babel-runtime/regenerator/runtime.js:100:21)
&amp#27;[35m[MJSONWP]&amp#27;[39m     at GeneratorFunctionPrototype.invoke (/u errorsr/lo code 7 tocal/lib/ NoSuchElementError
&amp#27;[35m[HTnode_modules/aTP]&amp#27;[39m &amp#27;[3pp7m<-- POST /wd/hub/session/6c033502-fdium/node_modu88-4722les/bab-8b5b-92e91949d16el-runtime/regenerator/runtime.js:136:37)
&amp#27;[35m[MJSONWP]&amp#27;[39m Encountered inte1/element &amp#27;[39m&amp#27;rnal error running[31 command: NoSuchElementError: An element could not be located on the page using the given search parameters.
&amp#27;[35m[MJSONWP]&amp#27;[39m     at AndroidUiautomator2Driver.callee$0$0$ (/usr/local/lib/node_modules/appium/node_modules/appium-android-driver/lib/commands/find.js:75:11)
&amp#27;[35m[MJSONWP]&amp#27;[39m     at tryCatch (/usr/local/lib/node_modules/appium/node_modules/babel-runtime/regenerator/runtime.js:67:40)
&amp#27;[35m[MJSONWP]&amp#27;[39m     at GeneratorFunctionPrototype.invoke [as _invoke] (/usr/local/lib/node_modules/appium/node_modules/babel-runtime/regenerator/runtime.js:315:22)
&amp#27;[35m[MJSONWP]&amp#27;[39m     at GeneratorFunctionPrototype.prototype.(anonm500&amp#27;[39m &amp#27;[90m25 ms - 164&amp#27;[39m
&amp#27;[35m[HTTP]&amp#27;[ymous f39m &amp#27;[90m&amp#27;[39uncm
&amp#27;[35m[HTTP]&amp#27;[tion) [as throw] (39m &amp#27;[3/usr/local/li7m-->&amp#27;[b/39m &amp#27;[37mPOST&amp#27;[39m &amp#27;[37m/wd/hub/session/6c033502-fd88-4722-8b5b-92e91949d161/elementnod&amp#27;[39m
&amp#27;[35me_module[HTTP]&amp#27;[3s/a9m &amp#27;[9ppium/no0mde{"using":"id_m","valueod":"com.Slack:ules/babel-runid/nexttim_button_url_entry"}&amp#27;[39m
[debug] &amp#27;[35me/reg[W3enC]&amp#27;[39erator/rm Calluntime.js:100ing Appiu:21)
&amp#27;[mDr35m[MJSiverONWP]&amp#27;[3.f9m    indElement() with args: ["id","co atm.Slack:id/ne Gxt_button_ureneratorFunctionPrototypel_entry",.i"6c03350nvo2-ke (/usr/local/lib/nodefd88_mo-4dul722-8b5b-92es/appium/noe91949d161"]
[debudeg] &amp#27;[_modules/babel-runtime/regenerator/runtime.js:136:37)
&amp#27;[35m[MJSONWP]&amp#27;[39m Encountered internal error running command: NoSuchElementError: An element could not be located on th35m[Be page usinaseDriveg r]the given search parameters.
&amp#27;[&amp#27;[39m35m[MJSON Valid locator sWP]&amp#27;[39m     atrategt AndroidUiaies for this request: xpath, id, class name, acutomator2Driver.callee$0$0$ (/cessiusr/lobilcal/lity ibid/node_, modules/appium/n-androiodd ue_modiautomator
[debug] &amp#27;[35m[BaseDriver]&amp#27;[39m Waiting up to 0 ms for condition
[debug] &amp#27;[35m[JSONWP Proxy]&amp#27;[39m Matched '/element' to command name 'findElement'
[debug] &amp#27;[35m[JSONWP Proxy]&amp#27;[39m Proxying [POST /element] to [POST http://localhost:8201/wd/hub/session/5a27c767-9791-4751-872d-2edules/appium-android-driver/lib/commands/find.js:75:11)
&amp#27;[35m[MJSONWP]&amp#27;[612cd606d/element] with 39mbody: {"strategy":"id","se     at lecttryCatch (/usr/lor":"com.Slacocal/lib/nodk:id/ne_modules/appium/node_modules/babeexl-rt_button_urluntime/regenerator/runtime.js:67:40)
&amp#27;[35m[MJSONWP]&amp#27;[39m     at GeneratorFunctionPrototype.invoke [as _invoke] (/usr/local/lib/_entry",nod"cone_modules/appium/node_modules/babel-runtime/regenerator/rutext"ntime.:"",js:315"multiple":false}
[debug] &amp#27;[:22)
&amp#27;[35m[MJSONWP]&amp#27;[3935m[MJSONWP]&amp#27;[m Matched 39mJSONWP error code      at Generat7 to orFunctiNoSuchElementError
onProt&amp#27;[3otype.5m[HTTPprototype.(a]&amp#27;[39m &amp#27;[37m<-- POnonST /wd/hub/sessymoion/6cus function) 03[a3502-s throw] (/usr/local/lib/node_modules/appium/node_modules/babel-runtime/regenerator/runtime.js:100:21)
&amp#27;[35m[MJSONWP]&amp#27;[39m     at GeneratorFunctionPrototype.invoke (/usr/local/lib/node_modules/appium/node_modules/babel-runtime/regenerator/runtime.js:136:37)
&amp#27;[35m[MJSONWP]&amp#27;[39m Encountered internalfd88-4722-8b5b error runn-92eing91 c949d161om/elmaement &amp#27;[nd39m: N&amp#27;[31m50oSu0&amp#27;ch[39m &amp#27;[90m27ElementError: m An els - 164&amp#27;[ement39m c
&amp#27;ould[35m[HTTP]&amp#27;[39m &amp#27;[90m&amp#27;[ not39m
&amp#27;[35m[HTTP]&amp#27;[39 bem &amp#27;[37m-->&amp#27;[39 located on the page using the givenm  s&amp#27;[37mPearch parameters.
&amp#27;[35m[MOST&amp#27;[3JSONWP]&amp#27;[39m     at Android9mUiautomator2Driver.ca &amp#27;llee$0$0$ (/[37m/usr/local/libwd/node/hub/_modules/appium/nosession/6c033502-fd88-4722-8b5b-92e91949d161/element&amp#27;[39m
&amp#27;[35m[HTTP]&amp#27;[39m &amp#27;[90m{"using":de_modules/appium-android-driver/lib/commands/"id","valufind.e":"com.Slack:id/next_butjs:ton_url_entry"}&amp#27;[75:11)
&amp#27;[35m[MJS39m
[ONWPdebug] &amp#27;[35m[W3C]&amp#27;[39m Calling AppiumDriver.findElement() with args: ["]&amp#27;[39m     at tryid"Catch (/usr/local/lib/node_modules/appium/node_modu,"com.Slack:id/next_button_urles/bal_bel-rentry","6unc033502-fd88-4722-8b5b-92e91949d161"]
[debug] &amp#27;[35m[BaseDriver]&amp#27;[39m Valid locator strategies for this request: xpath, id, ctimelass name, accessibility id, -an/redroid uiautomatorgenerator/runtime.j
[s:67deb:40)
&amp#27;[35m[MJSONWP]&amp#27;[39ug] &amp#27;[35m[BaseDriver]&amp#27;[39m Waim     tinat GeneratorFunctionPrototype.invoke [as _invg up to 0 ms for condition
[deoke] (/usr/local/lib/node_modules/appium/nobug]de &amp#27;[35m[_mJSONWP odules/babel-runtime/regenerProxyator/]&amp#27;[runt39m Matched 'ime.js:315:22)
&amp#27;/ele[3ment' to command 5m[MJSONname 'findElement'WP
[debug] &amp#27;[3]&amp#27;[395m[Jm     at GSOeneratoNWrFunctP Proxy]&amp#27;[39m PionProxyingrototype [POST /ele.promtotype.(anonymousent] to [POST http://localhost:8201/ fuwd/hubnc/setisson) [ion/5a27as c76thr7-97ow91-4751-] (872d-2ed612cd6/usr/local/lib/node_mod06d/elules/ement] with body: {"saptrategpium/nodey":_m"id","selodulectes/bor":"cabelom.Slack:id/next_button_url_e-runtimentry/reg","coeneratntext":"","multiple"or:f/rualntime.js:100:se}
[debug] &amp#27;[321)
&amp#27;[5m[MJSONWP]&amp#27;35m[[39m MJSONWP]&amp#27;Matched JSONWP error code 7 to NoSuchElementEr[39m   ror
&amp#27;[35m[HTTP]&amp#27;[39m &amp#27;[3  at 7m<GeneratorFunctionPrototype.invoke (/usr/local/lib/node_modules/appium/node_modules/babel-runtime/regenerator/runtime.js:136:-- POST /wd/hub/sess37)
&amp#27;[35m[MJSOioNWP]&amp#27;[39m Encountered internal error running command: NoSuchElementError: An element could not be located on the page using the given search parameters.
&amp#27;[35m[MJSONWP]&amp#27;[39m     at Androin/6c0335dUiautomator2Driver.callee$0$0$ (/usr/local/lib/node_modules/appium/node_modules/appium-android-driver/lib/commands/find.js:75:11)
&amp#27;[35m[MJSONWP]&amp#27;[39m     at tryCatch (/usr/local/lib/node_modules/appium/node_modules/babel-runtime/regene02-fd88-4722-8b5b-92e91949d161/elrator/runtime.js:67:4em0)en
&amp#27;t [35m[MJSONWP]&amp#27;[39m     at GeneratorFunctionProto&amp#27;[ty39pe.invoke [as _invokm&amp#27;[31m500&amp#27;[39m &amp#27;[e]90 (m2/usr6 ms - 164/lo&amp#27;[39cal/m
&amp#27;[35m[HTTlib/nodeP]&amp#27;[39m &amp#27;[90m&amp#27;[39m
&amp#27;[35m[HTTP]&amp#27;[39m &amp#27;_m[37m-->&amp#27;[39m &amp#27;[37mPOST&amp#27;[39m &amp#27;[37modul/wd/hubes/session//a6c033502-fd88-ppium/4722-8b5b-92e91949d161/node_moduelement&amp#27;[39m
&amp#27;[35m[HTTP]le&amp#27;[39m &amp#27;s/babel-runtime/regenerato[90m{"usingr/r":"id"unti,"value"me.:"com.Slajs:315ck:id/next_b:22)
&amp#27;[35mut[Mton_urlJSONWP]&amp#27;[39m     at GeneratorFunc_entrytionProt"}otype.p&amp#27;[3rotot9m
[ypdebug] &amp#27;[3e.(anonymo5m[W3C]&amp#27;us funct[39m Callinion) [as throg Apw] piu(/mDriver.findElemusr/local/lib/noende_mot()dule with as/appium/node_modules/babel-runtime/regenerator/runtime.js:100:21)
&amp#27;[35m[MJSONWP]&amp#27;[39m     at GeneratorFunctionPrototype.invoke (/usr/local/lib/node_modules/appium/node_modules/babel-runtime/regenerator/runtime.js:136:37)
&amp#27;[35m[MJSONWP]&amp#27;[39m Encountered internal error running command: NoSuchElementError: An element could not be located on the page using the givenrgs: ["id","com.Slack:id/next_butt search parameters.
&amp#27;[35m[MJSONWon_url_entry","6c033502-fd88-4722-8b5b-92e91949d161"]
[debug] &amp#27;[35m[BaseDriver]&amp#27;[39m Valid locator strategies for this request: xpath, id, class name, accessibility id, -android uiautomator
[debug] &amp#27;[35m[BaseDriver]&amp#27;[39m Waiting up to 0 ms for condition
[debP]ug] &amp#27;[35m[JSONWP Proxy&amp#27;[39m     at ]&amp#27;[39mAn Matdrched '/eoidUiautomatlement' or2Drito command name 'findElevement'
[r.cadellbug] &amp#27;[35m[JSONWP Proxy]&amp#27;[39m Proxying [POST /element] eeto$0$0 [PO$ (/ST http:/usr/local/lib/nod/loce_alhost:820modules/ap1/pium/node_modules/appium-wd/hub/seandroid-driver/lib/cossionmman/5a27c7ds67/find-97.js:91-475175:11)
&amp#27;[3-872d-2ed612cd65m[MJSONWP06d/elem]&amp#27;[39m   ent] with  a body: {"strategy"t t:"id","selectryCatch (/usr/local/lib/node_moduleor":"s/appium/node_modules/com.Slack:babeid/nel-xt_runtimebutton/regen_url_eerantry","conttor/runtime.js:67:40)
&amp#27;[35m[MJSONWP]&amp#27;[3ext":"","multipl9me":     at GeneratorFunctfalsionPe}
[debug] &amp#27;[35m[MJSONWP]&amp#27;[39m Matched JSONWP errorototr code 7 to NoSuchElementError
&amp#27;[35m[HTTP]&amp#27;[39m &amp#27;[37mype.invoke<-- POST  [/wd/as _invoke] (/usrhub/local/session/6/lic03b/node_modules350/a2-fd88ppium/node_modu-4722les-8b5b-92e91/babel-949d161/runtime/relement &amp#27;egener[39mator/runtime.js&amp#27;[31:315:22)
&amp#27;[35m[MJSONWP]&amp#27;[39m     m500&amp#27;[39m &amp#27;[90m28 ms - 164&amp#27;[3at Generato9m
&amp#27;[35m[HTTPrF]&amp#27;[39m unctionProtot&amp#27;[90ypm&amp#27;[39m
e.pr&amp#27;[3ot5m[HTTP]&amp#27;[39m &amp#27;[37m-->&amp#27;[39m &amp#27;[ot37mPOSType.(anon&amp#27;[39ymm &amp#27;[3ous7m/w function) [ad/s thub/session/6c033502-fdhrow] (/u88-4722-8b5b-92e9sr1949d16/local/lib/node_modules/appium/node_modules/babel-runtime/regenerator/runtime.js:100:21)
&amp#27;[35m[MJSONWP]&amp#27;[39m     at GeneratorFunct1/elionPemenrott&amp#27;[ot39m
&amp#27;[35m[HTTPype.invoke ]&amp#27;(/usr/local/lib/node_modul[3es/appium9m &amp#27;[90m{"using":"id"/node,"value":"com.Slack:id/_modunext_button_url_entry"}&amp#27;[39m
[debug] &amp#27;[35m[W3C]&amp#27;[39m Calling les/babeAppiumDriver.findElement() with args: ["id","com.Slack:id/next_button_url_entry","6c033502-fd88-4722-8b5b-92e91949d161"]
[debug] &amp#27;[35m[Basel-runtimeDriv/reer]&amp#27;[39m Valid locator strategies generfor thator/runtime.is rjs:136:37)equest
&amp#27;: xpath, [35m[idMJSONWP]&amp#27;[39m E, class nncountered internal eame,rror acce running ssibility id, -commaandroid uiautomator
[dend: Nbug]oSuch &amp#27;[ElementEr35ror: Anm[Ba eseleDrivemer]&amp#27;[39m Waitinnt could not be located on thg up to 0 ms for coe page using the givendition
[debn sug] &amp#27;[35m[JSONWearch parameters.
&amp#27;[35m[MJSONWP]P Proxy]&amp#27;[39m &amp#27;[39m  Matched '/el  ement' at Andro to command idUiautomator2Dname 'findElement'
[debug] &amp#27;[35m[JriSONWP Proxy]&amp#27;[39m Provexyir.callee$0$0$ (/usr/local/lib/node_modules/appium/node_modules/appium-android-driver/lib/commands/find.js:75:11)
&amp#27;[35m[MJSONWP]&amp#27;[39m     at tryCatch (/usr/local/lib/node_modules/appium/node_modulnges/babel [PO-runtST /eimele/rment] to [POST httpegenera:/tor/ru/lntime.ocalhjs:67:40)
&amp#27;os[35m[MJSONWt:820P]1&amp#27;[39m /wd/hub/s  ess  ioat Genn/5a2er7c767-9791-4751-872d-2ed612cd60at6dorF/elementun] with boctiondy: {Pro"stotratype.tegy":"id","sinvoke [as _inelector"vo:"comke].Slack:i (d/next_/usr/local/lib/node_button_modurl_enules/appium/trynod","cone_motext":"","mdules/babel-ultiruntiplme/ree":fgeneratoalse}
[r/runtimdebug] &amp#27;[35m[e.jsM:315:22)
&amp#27;[JSONWP]&amp#27;[3935m Matched JSONWP error codm[MJSe 7 to NoSuchEONWP]&amp#27;[lemen39tError
&amp#27;[35m[HTTm     at GenP]&amp#27;[39eratorFunctionPrm ototy&amp#27;[pe37.prototype.(m<-- anonymoPOST us fu/wd/hnctub/session/6c033502-ion)fd88-47 [as 22-8throw] (/usb5b-9r/lo2e91cal/lib/no94de_modu9d161les//eappium/node_lemoment &amp#27;[39m&amp#27;[3du1mles/50babel-0&amp#27;[39mruntime/ &amp#27;[9re0m23 ms -ge 16nerator4&amp#27;[/runtime.js39m
&amp#27;[35m[HTT:10P]&amp#27;[39m &amp#27;[90m0:&amp#27;[39m
21&amp#27;[35)
&amp#27;[35m[MJSOm[NWP]&amp#27;[39m     aHTTP]t Gener&amp#27;[39atm orFunc&amp#27;[37tim-->onProtot&amp#27;[39m &amp#27;[37mPOype.invoke (/usr/locSTal&amp#27;[3/l9mib &amp#27;[37m/wd/node_m/huodules/appium/node_mob/dules/babel-runtime/regsession/enerator/ru6cntime.js:136:03353702)
-fd8&amp#27;[8-34722-8b5b-92e919495m[MJd1SON61/elemWPen]&amp#27;t&amp#27;[39m
[39m En&amp#27;[cou35m[HTTP]&amp#27;[nter39m &amp#27;ed internal error running com[9ma0mnd{"us: ing"NoSuchEle:"id"me,"value":ntErro"com.Slr:ack:id An /next_button_element courl_entry"}&amp#27;[39muld not be located 
[ondebug] &amp#27;[ the page using the35m[W3C gi]&amp#27;[39m Caven selliarch ng parameters.
&amp#27;[3Appium5m[MDriver.findElementJSON() WP]&amp#27;[39m     atwi Androith dUiautomator2Driveargs: ["id","com.Slack:id/nr.caextll_bee$0$0$ (utt/usr/local/lion_url_entry"b/node_modul,"es/appium/6cnode_modu03350les/a2-fppid88-4722-8b5b-92eum-919an49d161"]
[dedroibud-driver/lib/commands/find.js:75:11)
&amp#27;[g] &amp#27;35[35m[BaseDriver]&amp#27;[39m Valim[MJSONWP]&amp#27;[39m     at tryCad ltch (/usr/local/ocatolir stb/rategiesnode_mod for thules/apis piurequestm/no: xpath,de_ id, modules/clbabel-runtiasme/s name, aregeccessinerbiliatoty ir/rud,ntime.js:67:4 -android uiaut0)omator
[debug] &amp#27;[35m[
&amp#27;[35m[MJSONWP]&amp#27;BaseDriver]&amp#27;[39m Wa[39m   iting u  atp t Genero ato0 ms for crFondition
[unctionPdebug] &amp#27;[35m[JroSONWP Proxy]&amp#27;[39m Matchetod typ'/element' to command e.inamenvoke 'fi [as _invoke] (/usr/local/lib/node_modules/appium/node_modules/babel-runtime/regenerator/runtime.js:315:22)
&amp#27;[35m[MJSONWP]&amp#27;[39m     ndElemenat GeneratorFunctit'
[debug] &amp#27;[35m[JonPrototype.prototype.(anonymous function) [as throw] (/usr/local/lib/node_modules/appium/node_modules/babel-runtime/regenerator/runtime.js:100:21)
&amp#27;[35m[MJSONWP]&amp#27;[39m     at GeneratorFunctionPrototype.invoke (/usr/local/lib/node_modules/appium/node_modules/babel-runtime/regenerator/runtime.js:136:37)
&amp#27;[35m[MJSONWP]&amp#27;[39m Encountered internal error running command: NoSuchElementError: An element could notSONWP  be locateProxy]&amp#27;[d 39mon the page  Pusroxyiing theng [POST  given s/eearch parameterlement] to [POST hts.tp://l
&amp#27;[35m[ocMJSalhost:820ON1/wd/hWPub/se]&amp#27;[39ssion/5a27c767m     at-97 AndroidUi91automator2Dri-4ver75.ca1-872d-2ed61ll2cd606d/eee$0$lement0$ (] with bod/usr/locy: {"strataleg/lib/y":"inodd"e_mo,"selector":dul"ces/appiumom./node_moSlack:iddules//next_apbutton_urpium-al_entndrory","id-dricontextver/l":"","multiibple/c":fomalse}
[debmaug] &amp#27;[35m[MJSONWPnds/]&amp#27;[39m Matcfindhe.js:75d JSONWP e:1rror co1)
&amp#27;[3de 7 5m[MJSONWPto]&amp#27;[ NoSuchE39lementEm   rror
&amp#27;[35m[HT  TP]&amp#27;[39mat tryCat &amp#27;[37mch (/u<-- sr/local/POST /wd/lib/hubnode_/sessiomodules/apn/6cpiu033502m/no-fd88-4de_module722-8s/babel-runtimeb5b-92e91949d161/elemen/ret generato&amp#27;[r/runt39mim&amp#27;[31e.js:6m507:40&amp#27;[0)39m
&amp#27;[ &amp#27;[9035m[m32 ms -MJSON 1WP]&amp#27;64&amp#27;[3[39m9    m
&amp#27;[35m[HTTP] at GeneratorF&amp#27;[39m &amp#27;[unct90mionPro&amp#27;[totyp39m
&amp#27;[35m[He.iTTP]&amp#27;[nv39m &amp#27;[ok37m-->&amp#27;[39e m [a&amp#27;[s 37_imPOST&amp#27;[39m &amp#27;nvok[37m/wd/hube]/ses (/usr/sion/6c033502-fd88-4722-8blocal/li5b-92e919b/node_mod49uld1es/a61pp/elemiuenm/t&amp#27;node_m[39odm
&amp#27;[3ules/ba5mbe[Hl-ruTTP]&amp#27;[ntime/re39m &amp#27;[9gen0m{"erusing":"iatd",or"valu/re":untime.js:315:22)
"c&amp#27;[3om.5m[MJSlack:idSONWP/ne]&amp#27;[39m   xt_butt  on_uat rl_Genentry"}&amp#27;[39m
era[debug] &amp#27;[35m[W3C]&amp#27;torFunctionProto[39m type.proCalling Appitotype.(anonymous umDriver.fifunndElctioement(n) [) as throwith w] (/usargr/s: ["id","com.Sllocal/lib/nackode_modules/app:idiu/nexm/node_t_button_url_entry","6c033502-modfd88-4722-8b5b-92e919ul49d1es/babel-runtime/61reg"]
[debueng] era&amp#27;[3to5m[BaseDr/runriver]&amp#27;[39mti Vame.js:100lid :2locato1)
&amp#27;[35m[r MJSstONWP]&amp#27;ra[3te9m  gi  es a ft or thiGeneratorFuncs requtionPrest: ototyxpath, id,pe c.inlavoke ss(/us namr/local/e,li ab/nodccese_simobidules/appium/node_moduleslity id, /ba-andbel-roruntime/reid uiautomator
[debug] &amp#27;[35m[BaseDriveger]ne&amp#27;[ra39tor/runtime.js:1m 36Wa:3it7)ing
&amp#27;[35m u[Mp JStoON 0WP m]&amp#27;s [39m Encoforun contered internal errdior running command: NoSuchElementError: An element could not be located on the page using the given search parameters.
&amp#27;[35m[MJSONWP]&amp#27;[39mtion
     at Androi[ddUiautomaebtorug2D] ri&amp#27;[ver.callee$0$350$m[ (/uJSsrON/lWPoc Palro/lxyib/n]&amp#27;od[3e_9mmo Madutcles/heappiumd /n'/odelement' e_tomo cduomlemas/ndap npiamume -a'fndroidin-dridElemver/lib/encot'mm
[debug] &amp#27;[ands35m[/fJSinONWd.P Proxjs:y]75:11&amp#27;[3)
&amp#27;[9m 35Prm[oxMJyiSONng [POWP]&amp#27;ST /element] to [POST http://localhost:8201/wd/hub/session/5a27c767-9791-4751-872d-2ed612cd606d/element] with body: {"strategy":"id","selector":"com.Slack:id/next_button_url_entry","context":"","multiple":false}
[debug] &amp#27;[35m[MJSONWP]&amp#27;[39m Matched JSONWP error code 7 to NoSuchElementError
&amp#27;[35m[HTTP]&amp#27;[39m[39m      &amp#27;[3at t7m<ryCat--ch (/usr/lo POcaSTl/ /wlib/d/nohub/de_mosedules/assppium/node_moduion/6c033les/ba50bel-runt2-ime/regenerator/rufdntime.js:67:40)
&amp#27;88-4[3572m[MJ2-8bSO5bNWP]&amp#27;[39m   -92e91  at949d161/elemen Gt &amp#27;[en39eram&amp#27;[31mtorFu500&amp#27;[39m &amp#27;nctionPrototype[90m3.invoke [as 4 _invmsoke] (/u - 164&amp#27;[39m
&amp#27;sr/local[35/lib/node_modules/m[HTapTPpi]&amp#27;[39m &amp#27;[9um/node_m0module&amp#27;[s/ba39belm
&amp#27;[35m[HT-runTP]&amp#27;[39m time/r&amp#27;[3egenera7mtor/ru-->&amp#27;ntime.js:315:2[39m 2)
&amp#27;[35m[MJSONWP]&amp#27;[37&amp#27;[39mPOST&amp#27;[39m &amp#27;m  [37m/wd/hub/s  ession/6c03 a3502-fd88-4722-8t Genb5b-92erate91949d161/orFuelement&amp#27;[39mnctio
&amp#27;[35m[nPHTTPro]&amp#27;[39totym &amp#27;[90m{"usingpe.p":"id","vrotoalue":"com.Slack:itype.(anonymousd/next func_btiutton_uron) [as thrl_entrow]y" (/usr/lo}&amp#27;[39m
[dcal/ebliug] b/nod&amp#27;[35m[W3C]&amp#27;[39m Calle_moduleing Appis/umDriveappiur.m/nodfie_mndElement() wodulesith /baargs: ["id"bel-runt,"coime/rem.Slack:id/next_button_url_geneentry","6c0335ra02-fd88tor/runtim-4e.js722-8b5b-:100:2192e91)
&amp#27;[35m[MJSO949d161NWP]&amp#27;[39m "]
[    adebt ug] &amp#27;[Gen35m[BaseDriver]&amp#27;[39mer Valatid lorFunctiocatonPrototor strateype.gies invoke (fo/ur srthis request: xpath, /lid, ocal/lclaib/ss namnode, e_modulesaccessibil/appium/noitde_y id,modules/babel-runtime/regenerator/runtime.js:136:37)
&amp#27;[35m[MJSONWP]&amp#27;[39m Encountered internal error running command: NoSuchElementError: An element could not be located on the page using the given search parameters.
&amp#27;[ -android uia35m[MJSutomatorON
[deWPbug] &amp#27;[35m]&amp#27;[39m  [B   atas AndroidUiautomator2DeDrriviveer.r]call&amp#27;[39m Waiting ee$up to 0 ms for condition
[debug] &amp#27;[35m[JSONWP Proxy]&amp#27;[39m Matched '/element' to command name 'findElement'
[debug] &amp#27;[35m[JSONWP Proxy]&amp#27;[39m0$0$ P (/urosr/loxyingca [POSl/T /elemenlibt] to [P/nodOST e_mhttp://odules/alocalhost:8201/wd/hub/session/5a27c767-9791-4751-872d-2ed612cd606d/eleppiumme/nnt]ode_m woduith bles/apody: {"strpiumategy":-a"id","selndroectoid-driver/lir":"comb/.Slaccommak:id/nexndt_s/find.jsbutton_url:75_ent:11)
&amp#27;[ry"35,"com[ntexMJSOt"NW:"P]&amp#27;[39","mulm t  iple  at ":false}
[trdebuyCatg] &amp#27;ch[35m[MJSONWP]&amp#27;[39m Match (/usr/local/lied JSONWP b/nerrorode_mo cdulode 7 tes/ao NoSppium/nuchEodlementErroe_mr
&amp#27;[odules/babel-r35m[HTTP]&amp#27;untime/regenera[39mtor &amp#27;[/r37unm<time.js:67:-- POST /wd/hub/ses40)
&amp#27;si[35m[MJSONWP]&amp#27;[39m     at GeneratorFunctionPrototype.inon/6c03voke [as3502- _ifd88-4722-8b5b-9nvoke] (/u2e91949srd16/loca1/el/lib/node_modules/appium/node_modlementules &amp#27;[39m&amp#27;[3/babel-ru1m500&amp#27;[39m &amp#27;[90ntm27 ms - 164&amp#27;[39m
&amp#27;[35m[ime/reHTTgenerator/runtP]&amp#27;[39imem &amp#27;[90m&amp#27;[39m
&amp#27;[.js35m:3[HTTP15]&amp#27;[39:22)
&amp#27;[m 35m[M&amp#27;[3JSONW7m-P]->&amp#27;&amp#27;[39m [39m &amp#27;[37mP  OS  aT&amp#27;[39m &amp#27;[37m/wd/hub/session/6ct Generat033orFunctionPro502-totyfd88-472pe.prototype.(2-8b5b-92e9194anonymous f9dunction) [as th161/element&amp#27;row] [39m(/usr/local/
&amp#27;lib/node_module[35ms/appium[H/nodeTT_modulP]&amp#27;es/bab[39m &amp#27;[90el-m{"using":"id","runvalue"ti:"com.Smela/regeneck:id/next_buttorator/runn_url_entry"}&amp#27;[39m
[debtime.ug] &amp#27;[35mjs:100:2[W1)3C]&amp#27;[3
&amp#27;[35m[9m CallMJSOing AppiNWumDriveP]&amp#27;[39m     atr.findElement()  Generwith argsator: ["id","com.SlackFunctio:id/nenPrxtototype.invoke _button_u(/usrl_entry"r/lo,"6cal/lic03b/node_3502-fmodd88-4722-8b5bul-92e91es949d/a16ppi1"]
um/no[ddeeb_mug] odul&amp#27;[es35/bm[Baabel-seruntime/regenerDriver]at&amp#27;[39orm Va/runtimlide.j locs:at136:37)or
&amp#27;[3 s5m[MJtrategiesSONWP]&amp#27;[3 f9m Encounterored th iis requestnterna: xpl ath,er id,ro cr lass runnname,in accg escosibimmlitany d:id NoSuchE, -andlemerontError: An id ueliautomator
[debug] ement co&amp#27;[35m[BaseDriveuld not r]&amp#27;[39m Wabe locaitingte up td on the page usingo 0  tmshe given s for condition
[debugearc] h par&amp#27;[35m[JSONWamP Proxyeters.
&amp#27;[35m[M]&amp#27;[JS39m MatchONWP]ed&amp#27;[39m     '/ at Androidelement' tUiao utocommand name 'matorfin2Driver.cdalleEle$em0$0$ (ent'
[/usr/local/debulib/g] &amp#27;[35node_mom[JSONWP Proxdules/appium/ny]&amp#27;[39m Proxyodinge_modules [POST /element] to [P/appium-aOST httndrop:id-d//riverlocal/lihost:8201b//wcod/hmmands/findub/sess.jsion/5a27c767-9791-:7475:11)
&amp#27;51[35m[MJSONWP]&amp#27;[-872d-2ed6139m     2cd60at6d tryCatch (/usr/lo/ecalel/ment] lib/nodewith_mo body: {"strategy":"id","dulesels/apector":"copium/m.Slacnode_k:idmodules/n/bexabel-runtime/regt_button_url_entryenerator/r","cunonttime.ext":"","multijspl:67:e":f40)
alse}
[d&amp#27;[35m[MJSONWebug] &amp#27;[35P]m[MJSONWP]&amp#27;[39m Mat&amp#27;[39m  ched   at GeneratorF JSONWP erunctioror code 7 to NoSuchElemnProenttoError
type.inv&amp#27;[35moke [[HTTPas _in]&amp#27;[3voke] (/9musr/loca &amp#27;[37m<-- POl/lSTib/node /_modulewd/hub/sessis/on/appium/node_module6c0s/b335abe02-fd88-4l-runtim722-8be/5bregener-92e91949dator/161/element &amp#27;runti[3me.js:319m5:22)
&amp#27;[35m&amp#27;[[MJ31m500&amp#27;[39SONWP]&amp#27;[39m     at Generam torFun&amp#27;[90m26 ms - 164&amp#27;[39ctm
&amp#27;ion[35mPro[HTTP]&amp#27;[39totm &amp#27;[90m&amp#27;[39mype.prototype.(anonym
&amp#27;[ous 35function) m[HTT[as thP]&amp#27;[39m &amp#27;[row37m--] (/u>&amp#27;[sr/l39m ocal&amp#27;[/lib/n37mode_moPOSTdules/&amp#27;[39apm pium/no&amp#27;[3de7m/_modules/babel-wd/hub/runtime/session/6c033502regenerator/-frud88-4722-8ntime.b5b-92e91js949d1:100:261/element&amp#27;1)
&amp#27;[35m[39m
&amp#27;[35m[H[MJSONWPTTP]&amp#27;[39]&amp#27;[m &amp#27;[90m39{"using":"im    d","v aalue":"ct GeneratorFuom.nctionProtSlack:id/notypeex.invoke (/usrt_button_ur/local/l_entry"lib}&amp#27;/node[39m_module
[debus/apg] &amp#27;[35m[W3C]&amp#27;[39m Callpium/node_modules/babel-runtime/regeing AppiumDrivnerater.findEleor/runtime.js:136:37)ment() with args:
&amp#27;[35m[M ["id","coJSm.SlacONWP]&amp#27;[3k:9m id/nEncouext_nteredbutton_url_entry","6c033502-fd88-4722-8b5 internal error runnb-9ing comman2e919d: N49d161oS"]uchEleme
[debuntg]Er &amp#27;[35m[ror: An eleBaseDrmeiver]&amp#27;[39m nt coValulid locad not beto located r strategonie the pas ge usfor thinisg the re givenquest: xpa sthea, id,rc clh pasarametes rs.
&amp#27;[name, acces35sibm[MJSilityONWP]&amp#27;[3 id, -a9m     ndat AndroidUiautomator2Drroid uiautiver.comalatorlee$
[debug] &amp#27;[350$0$ (/m[BaseDrivuser]&amp#27;r/[39m Walocal/iting ulib/np ode_to 0 ms formodules cond/appiumit/noionde_mod
[debuuleg] &amp#27;[3s/appium-andr5m[JSONWP Poid-driver/libro/coxy]&amp#27;mman[39m Mds/atfind.js:75:11)
&amp#27;[35mch[MJSed 'ONW/eleP]&amp#27;[39m     at trment' to command nameyC 'fatch indEle(/usr/local/lib/node_modumelent's/appiu
[debug]m/no &amp#27;[35m[JSONWP Pde_roxmody]&amp#27;[39mules/babel-run Proxying [POST /eltime/reement]gener to [POSTat hor/runtime.js:ttp://67:40)
&amp#27;localh[35m[MJSONWPost:8201/wd/]&amp#27;[39m     at GenerathuorFb/session/5a27c767un-9791-475ctionPrototy1-pe.invoke [as 872d-2ed6_invo12cd60ke] (/usr/loc6d/elemeal/nt] lib/node_modulwith bes/ody:appium {"strat/negy":"ode_moduidles/babe","sel-runtlecime/regenertorat":"coor/runtimm.e.jSlack:is:d/n315:22ext_button_url_)
&amp#27;[entry",35m["cMJSOontext":"",NWP]&amp#27;[3"9mmu     altiplt Gee":falnerseatorFu}
[debug] &amp#27;[35m[MJSONWncP]&amp#27;[3tionPrototy9m Mpeatched JS.prototype.ONW(anP eronymous function) [ror cas throw]ode 7 to NoSuchE (/lementError
&amp#27;[35m[HTTP]&amp#27;[3us9m &amp#27;[r/37m<lo-- POST /wd/hub/session/6c033502-fdcal/88-4722-8b5lib/node_modules/appb-92eium/no91949de_d1modules/babel61/element-runtime &amp#27;[39/rem&amp#27;ge[3ne1m50rator/0&amp#27;[39m ru&amp#27;[90mntime.js:100:21)
&amp#27;[35m[26MJSONW ms - 164&amp#27;[39P]&amp#27;[39m    m
&amp#27;[35m[H at TTGenP]&amp#27;[39m &amp#27;[90eratorm&amp#27;[39m
&amp#27;Fu[35m[HTTP]&amp#27;[3nc9m &amp#27;tionPrototype.invok[37m-e (->&amp#27;[3/usr/lo9m &amp#27;ca[37mPOST&amp#27;[39m &amp#27;[l/lib/node_37modum/wd/hub/sessles/appium/node_modules/baion/6c03350bel-runtime/regener2-fator/runtime.js:136:37)
&amp#27;[35m[MJSOd88-4722-8b5b-92e91949d161/NWP]&amp#27;[el39m Enemcounteredent&amp#27;[39m
&amp#27;[35m[HTTP] i&amp#27;[3nternal error runni9mng command: NoSuchEl &amp#27;[90m{"usinementError: g":"id","value":"cAn elementom.Slac couk:ld not bid/next_butte located on_url_entry"}&amp#27;[on39m
[deb the pug] &amp#27;age using[35m th[We 3Cgi]&amp#27;[39mven se Carch parameters.
&amp#27;[35m[MalJSliONng AppiumDrivWP]&amp#27;[3er.findEle9m    ment() with  aart Angs: ["iddroidUiau",tom"coatorm.Sl2Driacver.callee$0$0$ (/k:id/next_usr/locabul/litton_url_entry","6c033502-fd88-4722-8b5b-92e9194b/9d1node_mod61"]ules
[d/apebpium/nodeug]_m &amp#27;[35modul[Bases/eDappiurivm-androer]&amp#27;[39m Valid loidca-drivetor/r slib/trategcoies mmands/for this request:find.j xs:75:11)path, id, c
&amp#27;[35mlass name, accessi[MJbiSONliWP]&amp#27;ty id, -android uiautomator
[[39m     at tryCatch (/usr/local/lideb/nobugde_module] &amp#27;[35ms/appi[BaseDrivum/er]&amp#27;[39m Waitnode_modulines/babeg up tol-runti 0 me/rems fgeneratoror c/runondtiitionme
[d.jebug] &amp#27;[35m[JSONWP Ps:67:40)
&amp#27;[ro35m[MJSxy]&amp#27;ONWP]&amp#27;[39m     [39atm  GenerMaatorFtched '/element' unctto coiommand name 'nPfindrototype.invElemokene t'
[d[as _invoebug] &amp#27;ke] ([3/u5m[srJSONWP Pro/local/lixy]&amp#27;[39b/nom de_modProxyules/appium/ninode_mog [dulPOST /element] tes/babo [POST http:/el-r/luntimeoc/regalhoenerast:8201/tor/runtime.js:315:2wd/h2)
ub/&amp#27;[35m[MJSONsessionWP]&amp#27;[39m     at Ge/5anerato27rFunctionPrc7ototype.prot67-otype9791-4.(751-8an72onymousd-2ed fun61ction)2c [as thd606d/erolemw] ent] wi(/th body:usr/ {"strategy":"idlocal/lib/n",ode_modul"selector":"com.Slack:id/nes/appexium/node_modult_button_url_eesntry"/ba,"cobentexl-runtime/regenerator/rut":"",ntime."multijsple:10":fal0:2se}
[debug] &amp#27;[1)35m[MJSON
&amp#27;[WP]&amp#27;[3935m m[MMatchJSONWPed JS]&amp#27;[39m ONWP err    aort  codeGeneratorFun 7ct tionPo roNoSuchElementotype.invotEke (/usr/localrro/lr
&amp#27;[35ib/node_modules/appm[HTium/node_mTPod]&amp#27;[39m &amp#27;ules/babel-runtime[37m/regenerator/<-- POSTru /wd/hntub/ime.sesjs:136sion:37)
&amp#27;[35m[MJSON/6c0335WP02-]&amp#27;fd[3988-472m 2-En8b5b-92coe919un49tered161d inte/elernment al&amp#27;[39m&amp#27; er[3ro1m50r runn0&amp#27;[3ing co9mmmand:  &amp#27;NoSuc[90m26 ms -hEl 1ementE64rro&amp#27;[r:39m
 An el&amp#27;[3eme5mnt [HTTcoP]uld &amp#27;[39mnot  &amp#27;[be locate90m&amp#27;[39m
&amp#27;[35m[HTTd on theP] p&amp#27;[3age using the gi9mve &amp#27;n search param[3eter7ms.
&amp#27;[35m[-->&amp#27;MJSONW[39m &amp#27;[3P]&amp#27;[7mP39OST&amp#27;[39mm    &amp#27;[37m/w  at Andrd/hoidUiautomator2Driver.callee$0$0$ (/usr/lub/sessioocal/lin/b/node_mod6c03350ules/appium/n2-fd88ode_mod-472ul2-8bes/app5biu-92e91m-androi94d-9ddriver/lib/command161/s/elfiement&amp#27;[39m
&amp#27;[35mnd.js:75[HTTP]:11)
&amp#27;[35m[&amp#27;[39m &amp#27;[9MJ0m{"using":"id",SONW"value":"com.SP]&amp#27;[39mlack:id/next_bu    tt at tron_uyCatchrl (_entry"}&amp#27;/usr[39m
/loca[del/lbug] &amp#27;ib/nod[3e_mo5m[duW3Cles/]&amp#27;[39m Calliappium/nng Apodep_miumDriver.fiodules/bndElemabel-runtime/regenerator/runtenimt() wie.js:th67: args40)
&amp#27;[35: m[M["JSOidNWP","co]&amp#27;[3m.Sla9m ck:id/next_butt    at onGeneratorFunctionP_urototyperl.invoke [a_entrs _iy","6c03nvoke]3502-fd (/usr/88-local/lib/node_modules/ap4722-8b5b-92pium/e91949d161"]
[node_modebug] dules&amp#27;[35m[Base/babel-runtime/reDrivergenera]&amp#27;to[39m Valid lr/runtime.js:315oca:22)
&amp#27;[35m[tor strategies for MJSOthisNWP request: xpath]&amp#27;, i[39m   d,  a classt G name,eneratorF accunctionProtessiotbilityype.prototy id, -anpe.dr(anooidnymo uusiau ftomaunctitoonr
[d) [as throweb] (/ugus] &amp#27;[r/35m[BaseDrivloer]&amp#27;ca[39m Waiting up to 0 ms l/for condition
[debug]li &amp#27;[3b/node_modu5mles/app[JSONWP Proxy]&amp#27;[ium/node39m Ma_modules/babel-runttched im'/ee/relegement' tone comratorman/runtid me.js:100:na21)
&amp#27;me '[35m[MfiJSONWP]&amp#27;[ndElemen39t'm 
[de  bug] &amp#27;[35m[JSONWP Proxy]&amp#27;[3  at GeneratorFunc9m Proxying [POST tionPro/elemtoent] to [POST htttype.inp://localhostvoke (/usr/l:8201/wd/ocahub/sl/lib/ession/5a27c767-9791node_modu-4751-les/app872d-2ed612cd606d/elium/node_modulemenes/t]bab witel-runtime/regenh body: {"streratoategyr/runtime":.js"id:1","36:37)
&amp#27;[35mselect[MJSONWP]&amp#27;[3or"9m E:"com.Slacnck:id/next_ounbuteredtton_url_entry" in,"cotentexrnal error running command: NoSut":"","chElementEmurrorlt: An elemeiplne":falst e}
[debug] could not be&amp#27;[ locate35d on tm[heMJ pagSONWP]&amp#27;[39e m Matched JSONWusing the givP eren search pararomer coters.
&amp#27;de[3 7 to No5mSu[MJSONWP]&amp#27;[39chm     aElement tEAndroidUrriautomator2Driveror
&amp#27;.callee[3$0$0$5m[HT (/usr/TP]loc&amp#27;[39alm /li&amp#27;[b/nod37e_mom<-- POST /wd/hub/sessiodules/n/6c03350ap2-pifd8um8-472/node_m2-8b5bodules/-92e919ap49dpi161/elemeumnt &amp#27;[39m&amp#27;-a[3ndr1moid-driv500&amp#27;er[3/lib/9m co&amp#27;[90mmman26 msds/f -in 1d.js:64&amp#27;[3975:11)
&amp#27;m
&amp#27;[35m[3[HTTP]5m&amp#27;[39m &amp#27;[90m&amp#27;[M[3JSONWP]&amp#27;[39m     at9m
&amp#27;[35m[HT tTP]&amp#27;[ryCatc39m &amp#27;[h (/usr/lo37calm-/lib/node_->&amp#27;[39mmodules/a &amp#27;[37mPOST&amp#27;[39m &amp#27;[37m/wd/huppib/session/6cum/node033_modul502-es/babfdel-runtime/r88egenerator/runtime.js-47:622-7:8b405b)
-92e91949d161&amp#27;[35m[MJSONWP]/elemen&amp#27;[39t&amp#27;[39m     at m
&amp#27;[35m[GenHTTP]&amp#27;[39merat &amp#27;[9or0mFunctionP{"roustotypeing.inv":ok"ie [ad"s _i,"vnvokalue":"com.Slack:ie]d/ne (/usr/xt_lobuttonca_urll/lib/no_edentry_m"}&amp#27;[39odm
[dules/appebiuug] &amp#27;[35m[W3C]&amp#27;[m/39m Canollide_mngod Aulppes/babiuel-rmDuntime/river.regenfindElemeernt(ator/ru) withnt args: ["id","cime.js:315:22)om
&amp#27;[35m[MJSONWP]&amp#27;[39m     at .Slack:idGeneratorFunctionPrototype.pr/nototypexe.(t_banoutton_url_entry","6c033502-fnymousd88-4722-8b5b- f92e91949d161"]
[debug] &amp#27;[unctio35m[Basn) [as threDow] (/usrriver]&amp#27;[39/lm Valocaidl/ llib/noocde_matorod sultres/aategies ppium/nfooder this _modules/barequest: xpath, id, cbel-runtime/regelasnerats name, or/accessibility id, -andruntime.js:1r00:2oid ui1)
&amp#27;[3automator
[debug] &amp#27;[35m[BaseDriver]&amp#27;[39m Wait5m[MingJSO up tNWP]&amp#27;[39o 0 ms fom r cond    at Generatitioon
[debug] &amp#27;[35m[JSONWP Proxy]&amp#27;[rFunctionPrototy39mpe Match.invokeed (/ '/elemusrent/local/lib/node_modu' leto commans/appium/noded _modulname es'fin/badElementbel-ru'
nti[debug] &amp#27;me[35m[/regJSONWP Proeneratorxy]&amp#27;[3/run9m Proxyintime.jsg [POST /elemen:136:37)t] to [POS
&amp#27;[35m[MJSONWP]&amp#27;[39m Encountered inT hternal ttp://error runnlocalhosint:8201/wd/hubg /sescommandsion/5a27c767-9791: NoS-475uchElementErr1-872d-2edor612cd606d: An element could no/elemet bent] wit lochate body: d on the page using{"str the gategy"iv:"enid s","searelecch tor"param:"com.Slaceterk:is.d/next
&amp#27;[35m_bu[MJSOttNWP]&amp#27;[39m     at AndronoidUi_urlautomat_eor2Drintver.callee$0$0$ (/usry","cr/lontextocal/lib/node_module":"","multiples/appiu":falm/se}no
[de_modules/appdebuig] &amp#27;um[35m[-andMJSroONid-driver/lib/commands/fWindP]&amp#27;.js:7[39m Matched JSONWP e5:1rror code 7 to NoSuchElement1)
Error&amp#27;[
&amp#27;[35m[HTTP]&amp#27;[35m[M39m &amp#27;JSONW[37m<-- POST /wd/hub/session/6c033502-fd88-4722-8b5b-92e91949d161/element &amp#27;[39m&amp#27;[31m500&amp#27;[39m &amp#27;[90m27 mP]&amp#27;[39m   s -  164&amp#27;[39m
&amp#27;[35m[H at tryCatch (TT/uP]&amp#27;[39msr/local/lib/node_modules/ap &amp#27;pium/node_mod[90mul&amp#27;[3es/babel-runtime/9m
&amp#27;[35m[HTTP]&amp#27;[39m regenera&amp#27;[3tor/r7m-->&amp#27;untime.j[39m &amp#27;[s:67:437mPO0)
&amp#27;[35m[MJSONSTWP]&amp#27;&amp#27;[[3939m m   &amp#27;[3  at7m Gener/wd/atorhuFunctionb/sPressiototon/6c0yp33502e.in-fvoke [d88-as _i47nvo22-8b5kb-92e91949d161/element&amp#27;[39m
&amp#27;[35m[HTTe] P]&amp#27;[39m &amp#27;[90m{"using(/u":sr/lo"id"ca,"valuel/":"cliom.Slab/ck:id/next_button_urnode_l_entry"}mod&amp#27;[ules39m
[deb/augppium/node_mod] &amp#27;[35m[W3C]&amp#27;[39ules/bam Callinbel-rg AppiumDruntivimeer.find/regenerEleatormen/runt() witime.js:315:22)th
&amp#27; a[35mrgs:[M [JSO"iNWP]&amp#27;[39d"m ,"com.Slack    a:id/t Genext_butnertoatorFunction_nPurl_entrotry"ot,"6ype.prc0335ototyp02e.(an-fonymd88-4ou722-s 8bfu5bnc-9ti2eon919) [as th49drow]16 (1"/usr/loca]
[dl/eblib/nougde] _m&amp#27;[odul35es/appium/node_modm[BaseulDriveres]&amp#27;[39m /babelValid l-runtime/regeocator stranertegieats orfor this request: /runtxpatime.js:1h00:2, id, clas1)
&amp#27;[35m[s name, aMccessJSONWP]&amp#27;[39m     aibt Generility id, at-android uiautomator
[dorFeunctionProtbug] &amp#27;[35m[BotypaseDriver]e.invoke&amp#27;[ (39m Waiting up /usr/local/to li0 b/noms fode_modulr condiestio/apn
[pidebuum/node_modug]les/b &amp#27;abel-r[35m[Juntime/regSONeneraWP Ptoroxyr/runtim]e&amp#27;[39m.j Ms:13atched '6:/element37' )
&amp#27;[35m[MJSOto NWP]&amp#27;[co39m mmandEnco nuntamered ie 'findElntement'
[dernal erebror runniug] &amp#27;[35ng command: m[JSONWP PNoroxy]&amp#27;Such[3Elem9m Proxyinentg [POErrorS: T An element/el could not be loemecated nt]on the  topa [POgSTe u httsing thep://localhost:8 giv20en search pa1/rawd/hub/smetersess.
&amp#27;[3ion/5a25m[MJS7c7ONW67-979P]&amp#27;[39m1-     4751-872dat A-2ed612cd606d/elemenndroidUiat] with body:utomator2 {"strateDriver.callee$0$0$ (/usgy":"r/locaid"l/lib/no,"selector":"com.Slacdek:id/next_but_modules/apton_pium/nodeu_modulrl_entry",es/appium-android-driver"cont/lib/commandext"s/fin:"",d.js:"mu75:11)
&amp#27;[35ltiple":falsem[MJ}
[SOdebug] &amp#27;[35m[MJSONWP]&amp#27;[NWP39m Mat]&amp#27;c[39m     at tryCatch (/usr/lohed cal/lib/nodJSONWP ere_mror cododules/appium/noe 7de to NoSuchElementErr_modor
ul&amp#27;[35m[es/babel-runtime/regeHTTP]nerator/runtime.js:67:40)
&amp#27;[35m[MJSO&amp#27;[39mNWP]&amp#27; &amp#27;[[39m37m<--     P at GeneraOST torFunctionProto/wd/hub/sesstype.iion/6c033502-fd88-4722-8b5nvoke [ab-92e9194s 9_invoke] (/usr/lod16ca1/eleml/lent ib/n&amp#27;[3ode9m_mo&amp#27;[31m50dules/app0ium&amp#27;[/n39odm &amp#27;[9e_m0m26odules m/bs - 164abel-&amp#27;[3run9m
&amp#27;time/regenera[35m[tor/runtime.jsHTTP]:315&amp#27;[39:22m &amp#27;[)
&amp#27;[35m90[Mm&amp#27;JS[3ON9mWP
&amp#27;]&amp#27;[39m     at [35m[HTGeneTP]&amp#27;ratorF[39m &amp#27;[37unm-->&amp#27;[39m &amp#27;[37mPctionProtoOSTtype&amp#27;[39m &amp#27;[.pr37m/otwd/otype.(hubano/senymous functiossionn)/6 [as thrc033502-ow] (fd88-4722-8b5b-/usr/local92/lib/node919e_mo49d1dules61/a/epplium/nemodent&amp#27;e_modul[3es/9m
&amp#27;[ba35bel-rm[Huntime/regeneratorTT/runtPi]&amp#27;[39m &amp#27;[90m{"ume.js:100:2si1)
ng":&amp#27;[35m[MJ"idSO",NWP]&amp#27;["va39mlue":"c  om   .Slaat ck:id/nGeneratext_button_orurl_enFunctionPtry"}&amp#27;[3rotot9m
[debug] &amp#27;[35m[Wype.invoke 3C(/]&amp#27;[39m Cusr/lalling AocppiumDriveal/lib/node_r.mofindElementdu() wiles/ath args:ppiu [m/no"id"de_,"com.moSlduaclek:s/id/nexbat_bubettl-runtimon_url_entry","6e/c03reg3502-fd88-4722-8b5b-92e91949d161e"]
[debneraugtor/ru] ntime&amp#27;.j[35m[Bas:136:37)
seDri&amp#27;[3ver]5m[MJSONWP]&amp#27;[39m &amp#27;[39mEn Vacountered liinternad locatorl error s rutratenngieing command: NoSuchElementEs for rror:this request:  Axpatn h,element could  inot d, be lclaocated onss the p name, accesage sibiliusity id, ng t-andrhe givenoid  suiearch parameautomatoter
[debug] &amp#27;rs.[35m[B
&amp#27;aseDri[35m[MJSONver]&amp#27;[39m WWP]&amp#27;aiting up to 0 ms fo[3r condi9m    ti aon
[t Adebug] &amp#27;[35ndrm[JoidUSOiautomator2DriNWP Pver.callee$0roxy]&amp#27;[39m $0$ (/usMar/loctcal/lib/nhed 'ode/element_mod' to commuleans/adpp name 'fiuinm/node_dElement'
mod[dulesebu/appium-ang] &amp#27;[35m[JSOdroNWP Prid-doxy]&amp#27;river[3/lib/command9m Proxys/fingin [POSTd /eleme.jnt] to [POST hs:75ttp://loc:1alhost:8201/wd/hu1)
&amp#27;[35m[MJSOb/seNWP]&amp#27;[39ssion/5a27c767-9791-4751-872d-2ed612cd606dm /element    ] wat itryCth boatch (dy/usr/loca: {"strategy":"id",l/l"seleibctor":"com.S/node_modules/aplack:id/pium/nodnexe_t_butmoduton_url_enles/try"babel-ru,"ntimeco/regenentexrator/runtimt"e.js:67:40)
&amp#27;[35m[MJSONWP]&amp#27;:"",[39m  "m  ulti at Generaple":falseto}
rF[debug] &amp#27;[35unctiom[MJSnPONWPro]&amp#27;[totype.in39voke [as _invoke] (/usr/local/lib/node_modules/appium/node_modules/babel-runtime/regenerator/runtime.js:315:22)
&amp#27;[35m[MJSONWP]&amp#27;[39m     at GeneratorFunctionPrototype.prototype.(anonymous function) [as throw] (/usr/local/lib/node_modules/appium/node_modules/babel-runtime/regenerator/runtime.js:100:21)
&amp#27;[35m[MJSONWP]&amp#27;[39m     at GeneratorFunctionPrototype.invoke (/usr/local/lib/node_modules/appium/node_modules/babel-runtime/regenerator/rm Matchuntime.js:1ed JSONWP error code 7 to NoSuchElementError
&amp#27;[35m[HTTP]&amp#27;[39m &amp#27;[37m<-- POS36:37)
&amp#27;[35m[MJSONWP]&amp#27;[39m Encountered internal error running command: NoSuchElementError: An element could not be located on the page using the given search parameters.
&amp#27;[35m[MJSONWP]&amp#27;[39m     at AndroidUiautT /wd/huomator2Driver.callee$0$0$ (/ub/session/6sr/localc03/li3502b/node_modules/appium/node_-fd88-4722-8b5b-92e91949d16modules/appium-android-driver/lib/commands/find.js:75:11)
&amp#27;[35m[MJSO1/element &amp#27;[39m&amp#27;[31m500&amp#27;[39NWP]&amp#27;[39m     at tryCatch (/um &amp#27;[90msr/loc24 ms - 164&amp#27;[39m
&amp#27;[35mal/lib/node_modules/appium/node_modules/babel-runtime/regenerator/runtime.js:67:40)
&amp#27;[35m[MJSONWP]&amp#27;[39m     at GeneratorFunctionPrototype.invoke [as _invoke] (/usr/local/lib/node_modules/appium/node_modules/babel-runtime/regenerator/runtime.js:315:22)
&amp#27;[35m[MJSONWP]&amp#27;[39m     at GeneratorFunctionPrototype.prototype.(anonymous function) [as throw] (/usr[HTTP]&amp#27;[39m &amp#27;[9/local/lib/node_modules/appium/node_modules/babel-runtime/regenerator/runtime.js:100:21)
&amp#27;[35m[MJSONWP]&amp#27;[39m     at GeneratorFunctionPrototype.invoke (/usr/local/lib/node_modules/appium/node_modules/babel-runtime/regenerator/runtime.js:136:37)
&amp#27;[35m[MJSONW0m&amp#27;[39m
&amp#27;[35m[HTTP]&amp#27;[39m &amp#27;[37m-->&amp#27;[39m &amp#27;[37mPOST&amp#27;[39m &amp#27;[37m/wd/hub/session/6c033502-fd88-4722-8b5b-92e91949d161/element&amp#27;[39m
&amp#27;[35m[HTTP]&amp#27;[39m &amp#27;[90m{"using":"id","value":"comP]&amp#27;[39m Encountered internal error.Slack: running command: NoSuchElementError: An element could not be lid/next_button_urocated on l_entry"}the page using&amp#27; [39m
[debug] &amp#27;[35m[W3C]&amp#27;[39m Calling Apthe given search parameters.
&amp#27;[35m[MJSpiONWP]&amp#27;umDriver.findE[39m     atlement() with  aAndroidUrgs: ["id"iautomator2,"com.SDrilack:id/next_button_uver.crlallee$0$0_entry"$ (/usr/,"6cloc0a335l/lib/node_m02odul-fd88-4722-es/8b5b-92e91949appiumd16/node_modules/appium1"-android-dr]
[deiver/bug] lib/commands/f&amp#27;[35m[ind.js:75:11)
&amp#27;[35m[MJSONWP]&amp#27;[39m   BaseDriver]  at tryCa&amp#27;[tc39m h (/usr/Valoclid localat/libor st/noder_modategiulees for ts/his rappium/nodequest: xe_mpaodth, id, ulclesa/babel-rssuntime/r name, accessibiliegenerattyor/runtime.js:67 i:40)
&amp#27;d, -[35andrm[oiMJSONWPd uiautomat]&amp#27;[39mor
[debug] &amp#27;  [35m   at G[eneratorFBaseunDriver]&amp#27;[39mctionPrototype.invok Waitie ng up[as  to 0 ms f_invor cookendi] (/ustion
[debug]r/ &amp#27;[35local/lim[JSONWb/node_modulesP Proxy/appi]&amp#27;[um/n39m Matchoded '/eleme_moent' to command name 'findElement'
dules/babel-r[udebuntime/regenerator/runtime.jsg] &amp#27;[35m[JSONWP Proxy]&amp#27;[39:315:m P22)roxying [POST 
&amp#27;[35m[MJSONW/elementP]&amp#27;] [39to [m POST     at Ghtenetratop://rFlocaunlhoctstio:8nPr20ototype.prototype.(1/wd/hanoub/senymssion/5a27c76ous function) [as7-9791-475 t1-8hrow] (/usr/l72d-oca2ed612cd606l/d/ellibeme/node_modnt] wules/aith body: {"ppium/nstraodetegy":"id_mod",ul"selector":"com.Slack:id/next_button_url_entry","es/babel-runtimecontext/r":eg"","enmulertipatoler/runtime.":fjsalse}
[debu:1g]00:21 &amp#27;[35)
m[&amp#27;[35m[MJSONMJSOWP]NWP]&amp#27;[3&amp#27;[39m    9m Match ated Gen JSOeratNWP error code 7 to NoSuchElorFuncemtionPrenototEtype.invoke rror
&amp#27;[35m[H(/usr/loTTP]&amp#27;[39m &amp#27;[3cal/li7m<-- b/noPOST /wd/hub/sessiode_modules/an/6c033502-fd88-4722-8bppium/node_mo5b-92e9194dules/babe9d161/elel-rumentntime/regenerator &amp#27;[39m&amp#27;[31m500&amp#27;[39m &amp#27;[90m25 m/runts -ime.js:136:37)
 164&amp#27;[39&amp#27;[35mm[MJ
&amp#27;[35SONWP]&amp#27;[m[HTTP]&amp#27;[39m &amp#27;[90m&amp#27;[39m
&amp#27;[35m[HTTP]39m E&amp#27;[39m &amp#27;[37m-->&amp#27;[3ncoun9mt &amp#27;[37mPOST&amp#27;[39m &amp#27;ere[37m/wd/hub/sessiond /6c03interna3502-fd88-4722l error -8rub5bnning c-92e91949dommand: 161/NoelSuement&amp#27;[39mchEl
&amp#27;em[3entEr5m[HTTP]&amp#27;[39m &amp#27;ror: An[90m{"using element c":"oulid","valud not e":"com.Sbe located on tlachek:id page u/next_bsing utton_thurl_ente given serya"}&amp#27;[3rch par9mameters.
&amp#27;[35m
[de[MbuJSONWP]&amp#27;[39m     g] &amp#27;[35m[W3Cat And]&amp#27;[39m Calling AppiumDriver.findroidUiElement() with args: automator["id"2Dr,"com.Slack:id/next_butiver.callton_url_entry","ee$0$0$ 6c033502-fd88-(/us4722-r/l8b5b-92e9oca1949d16l/lib/node_modules/appium/no1"]
[dede_modules/appium-andrbug]oid-driver/lib/co &amp#27;[3mmands/find.js:75:11)
&amp#27;[35m[MJSONWP]5m[&amp#27;[39m     at tBryCatch (/usr/local/lib/nodae_seDriver]&amp#27;[39m Vmoalid locator dules/astrategies for this requeppium/node_modules/bst:abel- xpath, id, clruntime/regenerass name,ator/runtim ace.cessibility ijs:67:40d, -android u)
&amp#27;[35iautomator
[debug] &amp#27;[35m[BaseDm[MJSOriveNWP]&amp#27;[39m r]&amp#27;[39 m W   at aiting up to 0 msGenerato for rFuconditioncn
[debutiog] &amp#27;[35m[nPrJSONWPoto Protype.xy]&amp#27;[39m Matcinhed '/voelemenket' [ toas comma _invoke] (/usnd r/local/name 'lib/node_mofindules/appdEium/lemenontde'
[debug_modules/] &amp#27;[35m[babel-rJSONWPun Proxy]&amp#27;[39m Proxying [POST /element] to [POST http://localhotime/regenest:8201/wd/hub/session/5rator/ra27c767-9791-4untime.js:315:22)
&amp#27;[35m[751MJSONWP]&amp#27;[39-872dm    -2ed612cd6 at GeneratorFunctio06d/elemennPrt] wotoith body: type{"strategy".prototype.:"id","selector":"com.Slack:id/next(anonymous function) [a_button_url_es throw] (/usr/local/ntry"li,"b/conontext":"","multiplde_e"modules/a:fppiumals/node_me}
[odules/babedebug] &amp#27;[35lm[MJSONWP]-run&amp#27;[3time/rege9mne Matchedrator/runtim Je.SONjs:1WP er00:21)
&amp#27;[3ror code 7 5m[MtoJSONWP]&amp#27; NoSu[39m chEl    at GeneratorFunctementError
&amp#27;[3ionPrototype5m.invo[HTTP]&amp#27;ke (/[39m &amp#27;[3usr7m</local/li--b/node_mo POST dul/wd/hes/ub/sessiapon/6pium/noc033502-fde_dmod88-4722-ule8b5b-92e91949d16s/babel-runtime/regenerator/r1/element unti&amp#27;[39m&amp#27;[31m500&amp#27;[me.js:136:37)39m &amp#27;[90m31 ms 
&amp#27;- 164[3&amp#27;[39m
&amp#27;[35m5m[MJSONW[HTTP]&amp#27;[P]&amp#27;3[39m Enco9m untere&amp#27;[90m&amp#27;[39m
&amp#27;[35md [HinterTTP]&amp#27;[39m &amp#27;[37m-nal err->&amp#27;[39m or ru&amp#27;[nning c37ommamPOSnd: NoSucT&amp#27;[3hElemen9mtEr &amp#27;[37m/rowd/hubr: /session/6c03350An elemen2-fd88-4722-8t couldb5b-9 not be2e9 loc1949dated on161/elemen thet&amp#27;[39m
&amp#27; page [35musing the giv[Hen search parameters.
&amp#27;[35m[MJSONWP]&amp#27;[39m     at AndroidUTTP]&amp#27;[39m &amp#27;[90m{iautomator2Driver."usingcallee$0$0$ (/usr/local/lib":"/id",node_modules/a"value":"com.Slack:id/neppiuxt_button_m/nourlde_modules/appium-and_eroid-drinvtry"}&amp#27;[39m
[der/lebug] &amp#27;[35m[W3C]&amp#27;[39m Callingib/ AcommandppiumDs/finriver.findEd.lement() with ajs:75:1rgs: ["1)
&amp#27;[3id","co5m[MJSONm.WP]&amp#27;[39m     Slack:id/at tryCatch (/nexusr/t_button_ulorcal/lib/node_ml_entodules/appium/node_modury","6cles/babel03350-runtime/r2-fd88-472ege2-nerat8b5b-or/ru92e91949ntimed16.j1"]
[ds:6ebug] &amp#27;[7:40)
35m[&amp#27;[35mBaseD[MJSONWP]&amp#27;[39mri     at GeneratorFunver]&amp#27;[39m ValictionPrototype.id lnvokeoc [asat _ior stnvoke] (/usr/locrategal/libie/node_modus foles/apr tpium/nodhis request: xpathe_modules/, babeid,l- clruntime/regeneratorass name/runti, accesmesibi.jsli:315:ty id,22)
 -a&amp#27;[35m[ndroMJSONWP]&amp#27;[id ui39autom   ma  tor
at G[deneratebug] &amp#27;[orFunctionPrototype.pro35m[BaseDritotver]ype.(anony&amp#27;[39m moWaiting up ust funo 0 ms foction)r con [asdi ttion
[dhrebug] &amp#27;[35ow] (/m[usr/local/libJSONW/nodeP Pr_mooxy]&amp#27;[dule39s/m appiumMatc/nhed ode'/ele_modment'ules/ tbabelo com-runtmaime/rend nageneratmeor '/rfindElement'
[untideme.jbug] &amp#27;[35m[JSONWP s:100Prox:21y]&amp#27;)
&amp#27;[35m[MJSO[39NWPm Prox]&amp#27;[yi39mng [  POST   / at GeneleeratormeFuncnt] totionProto [POStyT hpe.invoke (/ttp:usr/lo//loccalalhost:8201/lib/no/wde_d/hub/sessmoion/5a27cdules/appiu767-979m/n1-od475e_mo1-872d-2edud61le2cd60s/babel-6d/eruntime/rlement] wegeneratith orbod/runty: {"strategime.js:136:37)
&amp#27;[35m[MJSONyWP]&amp#27;[39m Encountered":"id","selector":"com. Slack:inid/nexternal ert_butroton_ur runrl_entry"n,"cing ontextcomm":an"","multipd: NoSucle":false}
[hElemedebug] &amp#27;[35m[ntErMJrorSONWP]&amp#27;[39m : AMan etclemehentd J coSONWulP erd ronot r cbe ode 7 to located on the page NoSuchEusing the givleen search menparameters.tEr
&amp#27;[35m[roMJSONWP]&amp#27;r
&amp#27;[3[39m   5m[HTTP]&amp#27;[39m &amp#27;[37  atm< An--droid PUiOST /autowd/hub/session/6mator2Driver.callee$0$0$c0 (3350/usr2-fd8/local/l8-4722-ib8b5b-92e/n91949d161/odelemene_mot &amp#27;[39dules/appiumm&amp#27;[31m500&amp#27;[3/n9m ode_modules/appi&amp#27;[90m33 mus - 1m64&amp#27;[39m
&amp#27;[35m[HTTP]&amp#27;[39m-an &amp#27;[90m&amp#27;[39m
&amp#27;dr[35m[HTTP]&amp#27;oid-driv[39mer/li b/commands/fi&amp#27;[37nd.jm-->s:&amp#27;[75:11)
&amp#27;[35m[M39m &amp#27;[JSO37mPONWP]&amp#27;[39ST&amp#27;[39m &amp#27;m     at tryCatch (/u[37m/wd/hsub/sr/local/lib/nesode_mosiodun/le6c033502-fd88-472s/appi2-um8b5/nb-92ode_moe91949d161dules/ba/ebel-lement&amp#27;[39m
&amp#27;[35m[HTTP]&amp#27;[39runtime/regem nerator/runtime.js:6&amp#27;[90m7:40)
{"&amp#27;[35m[usinMJg":"id","value":"coSONWm.SP]lack&amp#27;[39:id/nm   ex  at t_buttGeneratorFon_url_entry"un}&amp#27;[3ctionP9m
[rotodetypebug] &amp#27;[35m[W3C]&amp#27;[39m Calling AppiumDriver.findElement() with args: ["id","com.Slack:id/next_.invoke [as _invoke] (/usr/local/lib/node_modules/appiumbutton_url_entry","6c0/node_33502-modufd88-472les/babel-runtime/rege2-8b5b-92e919nerator/runtim49d161"]
[debug] &amp#27;[3e5m[Ba.js:se315:22Dr)
&amp#27;[ive3r5m[MJSONWP]&amp#27;[39m     a]&amp#27;t [39m ValGenid loceratorFuncator stionPtratrotegies footyr tpe.prohis requetotype.(stanonymous f: xpath,unc id,tion)  cl[as throw] ass(/usr/lo name, accal/lib/node_modules/appiumce/node_mossdules/babel-runtibility idim, e/regener-ator/runandroid uiautomtime.ator
js:100:21)
&amp#27;[35m[MJS[dONebugWP]&amp#27;[39m     at GeneratorFun] &amp#27;ctionPr[35m[BaseDotoriver]&amp#27;[39mtype. Winvokeaiti (/ng up to usr/local/0 ms for condition
li[db/noebug] &amp#27;[de_mo35m[JSOdules/appium/node_moduNWP Proxy]&amp#27;[39m Matchelesd /ba'/element' belto-runtime comman/rd name 'findElegement'
[debug] ener&amp#27;[3at5mor[JSON/runtime.js:136:37)
&amp#27;[35mWP[MJSONWP]&amp#27;[39m Encoun Proxy]&amp#27;[3te9red m Printeroxyinang [POSTl error r unning command: No/elemeSunt] chto [ElementError: AnPOST http:/ el/localhemeost:nt could 8201/wd/hub/sessionon/5a27c767-9791-4751-8t be72 ld-2ed6oca12cd60te6d/elemed on thent] with b page uody: {sing"strategy":"i the d"gi,"selecvetor"n s:"com.Slacearch parak:id/nextme_bters.utt
&amp#27;on_url_en[35m[MJSONWtry","contP]&amp#27;[ex39t"m:"","m  ul   at Atiplndroide"Ui:false}autom
[debug] &amp#27;[35m[MJator2DrSONWP]&amp#27;[iver.c39allee$m 0$0$ Matche(/usr/ld JocSONWalP error/lib/no deco_de 7 modules/appium/node_moduleto s/NoSuappichElementum-androiErd-driver/lib/commaronds/r
&amp#27;[3fi5m[Hnd.js:TTP]&amp#27;[75:1139m &amp#27;[3)
&amp#27;7m<-[35m[MJS- POSTONWP] /wd/&amp#27;[39m     at tryCatch (/usr/local/lib/node_modhuulb/session/6es/apc033502pium-f/nod88-4722-8b5b-92ede_modules/babel-runtime/regenera91949d161/eltor/emruntent &amp#27;ime.j[39ms:67:4&amp#27;[31m5000)&amp#27;[3
&amp#27;[359m &amp#27;[90m23 ms m[M- 1JS64&amp#27;[ONW3P]&amp#27;9m
[39m     at Gener&amp#27;[35m[HTTP]&amp#27;[39m &amp#27;[90m&amp#27;at[3orF9m
&amp#27;unctionPro[3tot5mype.inv[HTTP]oke [a&amp#27;[39ms _invoke] (/usr/lo &amp#27;[ca37m--l/>&amp#27;li[3b/node_modules/a9mppiu &amp#27;m/node_modules[37m/babePOSlT&amp#27;-runtim[39e/regenerator/runtimem .js:3&amp#27;[37m/wd/15:2hub/2)
&amp#27;[sessi35m[MJSONWP]&amp#27;[39m     at Gon/eneratorFunction6c03Pro3502-fd8totype.prototype8-4.(a722no-8bnymous5b f-92eun91ct94io9d1n)61/e [alement&amp#27;[39m
s throw&amp#27;[35] (/usr/m[HTTlocal/lib/node_P]&amp#27;[39m &amp#27;[90m{"using":"imodules/apd",pium/n"value"ode_modules:"co/babel-runm.Sltime/regenack:id/next_button_url_entry"}&amp#27;[39m
[debug] &amp#27;[35m[W3Cerator/]&amp#27;[39m Calling Appiumruntime.js:100:2Driver.find1)
&amp#27;[Ele35m[MJSONWmenP]&amp#27;[39m     at(t GeneratorFunctionPrototyp) with args: ["e.invoke (/usr/local/lib/id",node_modules/appium/node_mod"com.Slack:id/ules/banext_button_url_ebel-ntry","6c033502-fruntime/regened8rator/runtime.js:136:37)
&amp#27;[35m[MJSONWP]&amp#27;[39m Encountered8-4722-8b5b-92e9 int1949d161"]
[deernal erburorg] &amp#27;[35m[BaseDriver]&amp#27;[39m Valid locator strategies for this request: xpath, id, class name, accessibility id, -android uiaut running command: NoSuchElementError: An element could not be located on the page using the given search parameters.
&amp#27;[35m[MJSONWP]&amp#27;[39m     at AndroidUiautomator2Driver.callee$0$0$ (/usr/local/lib/node_modules/appium/node_modules/appium-android-driver/lib/commands/find.js:75:11)
&amp#27;[35m[MJSONWP]&amp#27;[39m     at tryCatch (/usr/local/lib/node_modules/aomator
[deppbug]ium/ &amp#27;[35mnode_m[BaseDriver]&amp#27;[39odulm Waes/babel-runtime/regeneiting up ratoto r/runtime.js:607: ms f40)
or conditio&amp#27;[35m[n
[debug] &amp#27;[3MJSONWP]5m[JSONWP Proxy]&amp#27;[&amp#27;[39m     a39m Matchedt Gener '/element' to command name atorFuncti'findElement'
[debonProugtotype.invoke [as _] &amp#27;invoke] (/[3usr/5m[JSONWloP Proxy]&amp#27;[cal/lib/node_mo39m Proxying [POdulesST /element] /appiuto [POST hm/nttp://localhost:8201/wd/huode_modules/babb/session/5a27c767-9791-4751-87el-runti2d-2me/ed612cd606d/elemeregeneratnt] with body: {"strategy":"id","selecor/toruntimer":"com.Slack.j:id/next_butts:315:on_url_entry","context":"","multiple":false}
[debug] &amp#27;[35m[MJSONWP]&amp#27;[39m Matched JSONWP error code 722)
 to NoSuchE&amp#27;[35m[MJSONWP]&amp#27;[39m    lementE atrror
&amp#27;[35m[H GeneTTratP]&amp#27;orFu[39m &amp#27;nct[37ionPrototype.prm<--otot POSTyp /wd/hub/e.(anonymous function)session [as throw/6c033502-] (/usr/local/lfd88-47ib/node_modules/appium/node_modules/ba22-8b5b-bel-runtime/reg92e91ene949d161/element &amp#27;rator/[39m&amp#27;[31m500&amp#27;[3runtime9m &amp#27;[90m21 ms - 164&amp#27;[39m
&amp#27;[35m[HTTP]&amp#27;[39m &amp#27;[90m&amp#27;[39m
&amp#27;[35m[HTTP]&amp#27;[39m &amp#27;[37.js:100:21)
&amp#27;m-->&amp#27;[39m[35m[MJSO &amp#27;[37mPOST&amp#27;[39m &amp#27;[37m/wd/hNWP]&amp#27;[39ubm     at GeneratorFunctionProt/session/6c033otyp502-fd88e.invoke (/-4usr/loca72l/li2-8b5b/node_mob-du92e919le49d1s/appiu61/element&amp#27;[39m
&amp#27;[35m[HTTP]&amp#27;[39m &amp#27;[90m{"usim/node_ng":mo"id"dules/bab,"valueel":"-runtime/regeconerm.Slack:id/next_button_url_enator/try"}&amp#27;[ru39m
[debug] &amp#27;nti[35m[W3C]&amp#27;[39m Calling AppiumDriver.findElement() with args: ["id","com.Slack:id/next_button_url_entry","6c033502-fd88-4722-8b5b-92e91949d161"]
[debug] &amp#27;[35m[BaseDriver]&amp#27;[39m Valid locator strategies for this request: xpath, id, class name, accessibility id, -android uiaume.js:136:37)
&amp#27;[35mtomator
[debug] &amp#27;[35m[B[MJSONWP]&amp#27;aseD[3river]&amp#27;[39m Waiting9m Enco up to 0 msuntered int for condition
[deerbug] &amp#27;[35m[Jnal error running command: NoSuchElemSONWP Proxy]&amp#27;[39m Matched '/element' toentError: An comm elemand ent couldname 'findElem not be located on the page using thent'
[debug] e given search para&amp#27;[35m[JSONWP meters.
&amp#27;[35m[MJSProxy]ON&amp#27;[39m Proxying [POST /element] toWP]&amp#27;[39m    [POST http  at AndroidUiautomator2Driv://localhost:8er.201/wd/hucalb/session/5a2lee$07c$0$ (/us767-9791-r/loca475l/1-8lib/72d-2ed612cd606d/element] with body:node {"_modstrateguly":"id"es/a,"selecppium/tor":"com.Slack:id/next_node_modbutton_url_entryules/appi","context"um-andr:"","moidultipl-de":river/falib/commands/find.js:7lse5:11)
&amp#27;[35}
[debug] m[MJSONWP]&amp#27;[39m     &amp#27;[35m[MJSONat tryCWP]&amp#27;[39m atch (/usr/local/lib/node_modules/appium/node_modules/babel-runtime/regenerator/runtime.js:67:40)
&amp#27;[35m[MJSONWP]&amp#27;[39m     Matched JSONWP error code 7 at Generatorto NoFunctiSuchElementError
&amp#27;[onPrototype.inv35moke [as[H _invoke] (/usr/locTTP]&amp#27;[39m &amp#27;[37m<-- POST /wal/lib/noded/_modules/appium/node_modules/babel-runtimehub/session/6c03350/reg2-enefd88-4722-8b5b-92e919rator/r49und161/etilement &amp#27;[39m&amp#27;[31mme.js:315:22)
&amp#27;[35m[MJSONWP]&amp#27;[39m     at Gen500&amp#27;[39m &amp#27;[9erat0morF22 ms - 164&amp#27;[39muncti
&amp#27;[onPro35tom[HtypeTTP]&amp#27;[39m.protot &amp#27;[90m&amp#27;[39m
&amp#27;[35m[HTTP]&amp#27;[39mype.(anonymous function) [as throw]  &amp#27;[37m(/u-->&amp#27;[3sr/local/lib/node9m &amp#27;[37_modules/appiumPm/nodOSTe_modules/babe&amp#27;[39m &amp#27;[37l-runtimm/e/regeneratowd/hub/session/r/runtim6c033e.js:100:21)
&amp#27;[35m[MJSONWP]&amp#27;[39m     at G502-fd88-4722-8b5b-92e91949d161/element&amp#27;[39m
&amp#27;[35m[HTTP]&amp#27;[39m &amp#27;[90m{"using":"id","value":"com.Slack:id/next_button_url_entry"}&amp#27;[39m
[debug] &amp#27;[35m[W3C]&amp#27;[39m Calling AppieneumDrratoriver.fFunctionPrototype.ininvoke dE(/usr/localement() wil/lib/nodth args: ["id","com.Slack:id/next_butte_modules/appium/node_modules/on_ubabel-runrl_enttime/regerynerat","6c033502-fd88or/ru-4722-8b5b-9ntime2e91.js:136:37)
&amp#27;[35m[MJSONWP]&amp#27;949d16[39m1" Enc]
[ounteredebug] &amp#27;[35m[BaseDriver]&amp#27;[39m Valid locator strategies for this requesd internal error runnit: xpath, id, class name, accessibility id, -android uiaung command: tomNoSuchator
Elemen[debtError: ug] &amp#27;[35m[BaseDriver]&amp#27;[39mAn e Waiting up to 0 ms for condition
[debug] &amp#27;[35m[Jlement SONWPcould not  Proxy]&amp#27;[39m Matched '/element' to command name 'findElement'
[debug] &amp#27;[35m[be JSONWlocaP Proxy]&amp#27;ted on the[39m Proxying  pag[POST /ee usinglement] to [POST http://loc the alhost:820given se1/wd/hub/sessiarchon/5a27 parameters.
&amp#27;[35mc7[MJSONWP]&amp#27;67-9[39m 79    at AndroidUiautomator2Driver.callee$0$0$ (/usr/local/lib/node_modules/appium/node_modules/appium-android-driver/lib/commands/find.js:75:1-4751-872d-11)
&amp#27;[32ed5m[612cd6MJSONWP]06d/element] with body: {"strategy":"id","selector":"com.Slack:id/next_button_url_entry","context":"","multiple":false}
[debug] &amp#27;[35&amp#27;[39m     at tryCatm[MJSOch (/usr/local/lib/node_mNWP]&amp#27;[39m Matchedodules/app JSONWP errium/nodeor code_modul 7 to Nes/babel-runtime/regenerator/runtimeoSuchElem.js:6entError
&amp#27;[7:435m[HTTP]&amp#27;[39m &amp#27;[37m<-- POST /wd/hub/session/6c033502-fd0)
&amp#27;[35m[MJSONWP]&amp#27;[39m88-4722-8b5b-92e9194     at Genera9d161/elemetorFunctnt &amp#27;[39m&amp#27;[31m500&amp#27;[39m &amp#27;[90m23ionPrototype. ms - 164invo&amp#27;[39m
&amp#27;[35m[HTTP]&amp#27;[39m &amp#27;[90mke [as _invoke] (/usr/lo&amp#27;[39m
&amp#27;[35m[HTTP]cal/lib&amp#27;[39m /node_modules/appi&amp#27;[3um/7mnode_mo-->&amp#27;[39m &amp#27;[37dules/babel-runtime/regeneratormPOST&amp#27;[39/runtime.js:315:22)
&amp#27;[3m &amp#27;5m[MJSONW[37m/wd/hubP]&amp#27;[/ses39m sion/6c033502   -fd88-4722-8b5b- a92et GeneratorFunc9194tion9d16Prot1/eotype.protlemeotypnt&amp#27;e.(an[3on9mymous functio
&amp#27;[35mn) [as throw] (/usr/local/l[HTTP]&amp#27;[39m &amp#27;[90m{"usib/noing":"id",de_modules/a"value":ppium/node_"com.Slack:id/next_bumodules/babel-runtime/regenerator/runtime.js:10tton0:21)_url_entry
&amp#27;[35m[MJSONW"}&amp#27;[39m
[debug] &amp#27;[35m[W3C]&amp#27;[P]&amp#27;[39m     at GeneratorFunctionPrototype.i39mnvoke (/usr/local/lib/node_modules/appium/node_m Calodling AppiumDriver.findElement()ules/ba wibel-rth aruntigme/rs: egen["iderator","com./runtime.js:136:37)
&amp#27;[35m[MJSONWP]&amp#27;[39mSlack:i Encoud/next_butntered internal error running ctonommand: NoSuchEl_uementError:rl An element coul_end not be located on the page using the given search partry","6c033502-fd88-4722-8b5b-92e9194ameters.
&amp#27;[359d161"]
[debug] &amp#27;[35m[BaseDriver]&amp#27;[39m Validm[MJS locator ONWP]&amp#27;[39m strategies for    at AndroidU this request:iautomator xpath, 2Driver.callee$0$0id, class n$ (/usr/local/lib/node_modules/appium/node_modules/appium-android-dame, ariver/lib/comccmands/find.essibilityjs:75:11)
&amp#27;[35m[MJ iSONWP]&amp#27;[3d, -android uia9mutomat     at tryCatch (/uor
[sr/local/lideb/node_mobug] &amp#27;[35m[BaseDriver]&amp#27;[39m duleWaits/appiumin/node_g up to 0 ms for conditiomon
[debugdules/babel-run] &amp#27;[time/regener35m[JSONWP Prator/ruoxy]&amp#27;[39m ntime.js:67:40)Mat
&amp#27;[35cm[MJSONWP]&amp#27;[39m     at Genehed '/elementratorFunctionPrototyp' to command name 'findElement'
[debue.ing] &amp#27;[35voke [ams _invoke][JSONWP Prox (/y]usr/local/lib&amp#27;[39m P/node_modules/aproxpium/node_ying modules/babel-runt[POimST /element]e/regener toato [POST http://localhost:8201/wd/hur/b/sesruntime.jssion/5a27:3c71567-9791-4751:22)-8
&amp#27;[372d-2ed612cd606d/element] with body: {"strategy":"id","selector":"com.Slack:id/next_button_url_ent5m[MJSONWP]&amp#27;ry[39m ","context":"","    amultipt GeneratorFunctionPrototype.prole":totfaype.lse}
[debu(anonymg] &amp#27;[35m[MJSONWP]&amp#27;[39m Matched JSONWP error code 7 to NoSuchElementError
&amp#27;[35m[HTTP]&amp#27;[39m &amp#27;[37m<-- POST /wd/hub/session/6c033502-fd88-4722-8b5b-92e91949d161/element &amp#27;[39m&amp#27;[31m500&amp#27;[39m &amp#27;[90m25 ms - 164&amp#27;[39m
&amp#27;[35m[HTTP]&amp#27;[39m &amp#27;[90m&amp#27;[39m
&amp#27;[35m[HTTP]&amp#27;[39m &amp#27;[37m-->&amp#27;[39m &amp#27;[37mPOST&amp#27;[39m &amp#27;[37m/wd/hub/session/6c033502-fd88-4722-8b5b-92e91949d161/element&amp#27;[39m
&amp#27;[35m[HTTP]&amp#27;[39m &amp#27;[90m{"using":"id","value":"com.Slack:id/next_button_url_entry"}&amp#27;[39m
[debug] &amp#27;[35m[W3C]&amp#27;[39m Calling AppiumDriver.findElement() with args: ["id","com.Slack:id/next_button_url_entry","6c033502-fd88-4722-8b5b-92e91949d161"]
[debug] &amp#27;[35m[BaseDriver]&amp#27;[39m Valid locator strategies for this request: xpathou, id,s function) [as throw] (/usr/l clocaassl/li name, b/naccesode_mosibility id, -android uiautomator
[debug] &amp#27;[35m[BaseDriver]&amp#27;[39m Waiting up to 0 ms for conddules/aitppioiumn
[debug] &amp#27;[35m[JSONWP P/nodroxy]&amp#27;[39m Matched '/element' to command name 'findElement'
[debug] &amp#27;[35m[JSONWP Proxy]&amp#27;[39m Proxying [POST /element] to [POST http://localhost:8201/wd/hub/sessioe_modules/babel-runn/5a27c767-9time/re791-475generator/runtime.js:101-80:2172d-2ed612cd606d/element] with body: {"strategy":"id","selector":"com.Slack:id/next_button_url_entry","context":"","multiple":false)
&amp#27;[35m[MJSONWP]&amp#27;[39m     at GeneratorFunctionPrototype.invoke (/usr/local/lib/node_modules/appium/node_modules/babel-runtime/regenerator/runtime.js:136:37)
&amp#27;[35m[MJSONWP]&amp#27;[39m Encountered internal error running command: NoSuch}
ElementErro[debugr: An element c] oul&amp#27;[35md [MJnoSONt be lWP]&amp#27;[39m Matocated on the pachge usied ng the given searJSch parameters.ONWP error c
&amp#27;ode[35m 7 to NoSuchElementError
&amp#27;[35m[MJSO[HTTP]&amp#27;[39m &amp#27;NWP][37m<-- POST&amp#27;[39m /wd/hub/session/6c0     33at A502-fd88-4722ndro-8b5b-92idUiautomator2Driver.callee$0$0$ (/usr/local/lib/node_mode9ules/appium/1949dno161/elemde_ent &amp#27;[39m&amp#27;[31m500&amp#27;[39m &amp#27;[90m26 ms - 164&amp#27;[39m
&amp#27;[35m[HTTP]&amp#27;[39m &amp#27;[90m&amp#27;[39m
&amp#27;[35m[HTTP]&amp#27;[39m modules&amp#27;[3/appium-android-driv7m-->&amp#27;[39m &amp#27;[37mPOST&amp#27;[39m &amp#27;[37m/wd/hub/session/6c033502-fd88-4722-8b5b-92e91949d161/element&amp#27;[39m
&amp#27;[35m[HTTP]&amp#27;[39m &amp#27;[90m{"using":"id","value":"com.Slack:id/next_button_url_entry"}&amp#27;[39m
[debug] &amp#27;[35m[W3C]&amp#27;[39m Calling AppiumDriver.findElemeer/lib/commands/find.js:75:11)
&amp#27;[35m[MJSONWP]&amp#27;[39m     at tryCatch (/usr/local/lib/node_modules/appium/node_modules/babel-runtime/regenerator/runtime.js:67:40)
&amp#27;[35m[MJSONWP]&amp#27;[39m     at GeneratorFunctionPrototype.invoke [as _invoke] (/usr/local/lib/node_modules/appium/node_modules/babel-runtime/regenerator/runtime.js:315:22)
&amp#27;[35m[MJSONWP]&amp#27;[39m     at GeneratorFunctionPrototype.prototype.(anonymous function) [as throw] (/usr/local/lib/node_modules/appium/node_modules/babel-runtime/regenerator/runtime.js:100:21)
&amp#27;[35m[MJSONWP]&amp#27;[39m     at GeneratorFunctionPrototype.invoke (/usr/local/lib/node_moduntles/appium/node_modules/babel-runtime/regenerator/runtime.js:136:37)
&amp#27;[35m[MJSONWP]&amp#27;[39m Encountered internal error running command: NoSuchElementError: An element could not be located on the page using the given search parameters.
&amp#27;[35m[MJSONWP]&amp#27;[39m   () with args: ["  at AndroidUiautomaid","cotor2Driver.callee$0$0$ (/usr/local/lib/node_modules/appium/node_modules/appium-androidm.Slack:id/next_button_url_en-driver/lib/commands/find.js:75try","6c033502-fd88-4722-8b5b-92e91949d161"]
[debug:11)
&amp#27;[35m[MJSON] &amp#27;[35m[BaseDriWP]&amp#27;[39m     at tryCatch (/usr/local/lib/node_modules/appium/node_modules/babelver]&amp#27;-runtime/regenerator/runtime.js:67:40)
&amp#27;[35m[MJSONWP]&amp#27;[39m     at Gen[39eratorFunctim ValonPrototype.invoke id [alocs _invator stroke] (/usr/localat/lib/noegies fde_or moduthiles rs/eqappium/node_modules/babel-runtiuestme: xpath, id, cl/regenerator/runastims e.jname, accessibility id, -android uiautomator
[debug] &amp#27;[35m[BaseDriver]&amp#27;[39m s:3Wait15:22)
ing up to 0&amp#27;[35 ms for cm[MJSONWP]&amp#27;[39m     at GeneratorFunctionPrototype.prototype.(anonymous function) [as throw] (/usr/local/lib/node_modules/appium/node_modules/babel-runtime/regenerator/runtime.js:100:21)
&amp#27;[35m[MJSONWP]&amp#27;[39m     at GeneratorFunctionPrototype.invoke (/usr/local/lib/node_modules/appium/node_modules/babel-runtime/regenerator/runtime.js:136:37)
&amp#27;[35mon[MJSONWP]&amp#27;[3dition
[debug] &amp#27;[35m[9m Encountered internal error running command: NoSuchElementError: An element could not be located on the page using the given search parameters.
&amp#27;[35m[MJSONWP]&amp#27;[39m     at AndroidUiautomator2Driver.calJSONWP Proxy]&amp#27;[39m Matched '/elementlee$0$0$ (/usr/local/lib/node_module' to command s/aname 'fppium/node_mindElemodules/appium-andrent'
[oid-debugdriver/lib/comman] &amp#27;[35m[Jds/fSONWP Proxind.js:75:11)
&amp#27;[35m[MJSONWP]&amp#27;[39m y]&amp#27;[39m     Proxat tryCatch (ying [PO/usrST /element] to [/local/lib/noPOST httpde://loc_modalhostules:82/ap01/wd/pium/node_modules/babel-runtimhub/session/5a27c7e/regener67-9ator/runtim791-4751-8e.js:67:40)
&amp#27;[35m[MJSONWP]&amp#27;[39m     at GeneratorFunctionPrototype.invoke [as _i72nvoke] (/usr/locd-2ed612cald6/l06ib/noded/_modules/appium/node_moelement]dules/ wbaith body: {"strategy"be:"id"l-ru,"sentlector":im"come/.Slack:id/next_button_url_regeentry",nera"cotontext"r/:"","mruntimultie.jple"s:315:22)
:f&amp#27;[35m[MJSONalse}
[dWPebug] &amp#27;[35m[MJSONWP]&amp#27;[39m Matched J]&amp#27;[39SONWP error cm  od  e  at Gene7 rato torFunctionProtNoSucotypehEleme.prototype.(anonymous funtError
nction) &amp#27;[[as throw] (/35usm[r/HTTP]local/&amp#27;[39m &amp#27;li[37b/m<-- PnoOST de/w_modd/hub/sules/aessionppium/node_modules//6c0babel-33ru502-ntfdim88e/re-4722-8bgenerator/5b-92eru91949d161/ntime.js:10elem0:21ent &amp#27;[)
&amp#27;39m&amp#27;[31m500&amp#27;[39[35m[MJm &amp#27;[90m27 ms SONWP]- &amp#27;[39m     at GeneratorFunction164&amp#27;[Prot39m
ot&amp#27;[yp35e.inm[HTTP]&amp#27;voke [39m &amp#27;[(/90m&amp#27;[39usm
r/local/l&amp#27;[ib35m[HT/noTP]&amp#27;[39mde_modules/ap &amp#27;pi[3um7m-/n->&amp#27;[od39me_modules/bab &amp#27;[el37-rumPOntimSTe/regen&amp#27;[3era9m &amp#27;[37m/wd/hub/session/6c033502-fd8tor/ru8-4722-ntime.js:18b5b-9236e91:37)949d161
&amp#27;[/eleme35m[MJSntONWP&amp#27;[39m
&amp#27;]&amp#27;[35m[[39mHTTP]&amp#27;[39 Encountered intem &amp#27;[90m{"using":"id"rnal error running com,"mandva: lue":"com.SlaNoSuchElemenck:itErd/nextror:_button_ An eleurl_entry"}&amp#27;[39m
ment cou[debug] ld n&amp#27;[35ot be lm[ocatW3edC]&amp#27;[39m Call oing Appiumn the Dripaver.fige undsingEl the emgivent() wien search parametersth args:.
 ["&amp#27;[id","co35m[MJSONWP]&amp#27;[39m     at AndroidUiautomator2Drm.Slaciver.cak:lleeid/next_button_url_entry","6c033502-fd88-4722-8b5b-92e91949d161"]
[debug] &amp#27;[35m[BaseDriver]&amp#27;[$0$39m Valid locator strategi0$ (/usr/es for thilos requecal/lst: xpib/athno, ide_modulesd, cla/ass namppiume, ac/nodcesse_mibilitody id,ul -aes/androppiid uiautomumator-android
[deb-dug] &amp#27;[35m[BriveraseDrive/lr]&amp#27;[ib/co39mmmands/find.j Was:75:11)
it&amp#27;[35m[MJSONWP]&amp#27;[in39m     g up toat t 0ryCatch (/ musr/ls for condocalition
[de/lbug] &amp#27;[35m[JSib/nONWP Prodoxe_mody]ules&amp#27;[/ap39m piuMatched '/m/node_modulelemeesnt' to/babel- comrumanntime/regenerd name 'atfiorndElem/runent'
time[debug.j] s:67:&amp#27;[35m[JS40)
ONWP Pro&amp#27;[35xym[MJ]&amp#27;SO[3NWP]9m Proxying&amp#27;[ [PO39m     at GeneratorFunctionPrototypSTe.in /elevoment]ke [ toas [POST _ http:/inv/locoke]alh (ost:8/usr/local/lib/node201/wd/_mhuodules/appium/node_modules/bab/bel-runtimeses/regsionenerator/r/5una2time.7c767-9791js:-4751-872d-2ed612cd606d/31eleme5:nt22)
&amp#27;[35m[M] withJS body: {ONW"strP]ategy":"i&amp#27;[3d"9m ,"sele    at Gctor":"com.SenlaeratorFunctionPckrototyp:id/nexte.prototy_butpe.(anonton_urymous funcl_enttiry"on,"context":"") ,"[asmul ttiple":falshrow]e}
[ (/usr/debulocal/lib/node_modulg] &amp#27;[es/appi35um/node_mom[MJduleSONWP]&amp#27;[s/ba39bel-runtimme/rege Matchnered JatoSOr/rNWunP tiermeror.j cods:e 100:7 to 21)
No&amp#27;[35m[MJSONSuchElWPementEr]&amp#27;ro[39r
&amp#27;[m   35m  at [HGeneratorTTP]Funct&amp#27;[ionPro39totype.invoke (m &amp#27;/usr/l[3oc7m<-- POalST /wd/hub/session/6c033502-fd88-/lib/node_module472s/a2-8b5b-9pp2e9iu1949d1m/61nod/element &amp#27;e_m[3od9mules/babel-r&amp#27;[31m5untime/rege00&amp#27;[39m &amp#27;[90m26 nerator/runtms ime.js- 164:136:3&amp#27;[39m
&amp#27;7)
&amp#27;[35m[MJ[35m[HTTP]&amp#27;[39m SONWP]&amp#27;[90m&amp#27;[&amp#27;[39m E39m
&amp#27;[ncountere35d internal error running commm[HTTP]&amp#27;[and: NoSuchEl39m &amp#27;[37m-->&amp#27;[39m &amp#27;[37mPOST&amp#27;[39m &amp#27;[37m/ementError: Anwd/hub/ses elesion/6c03350ment could not be 2-fd88-4722-8b5b-9locat2e91949d161/ed on theelem page usingen tt&amp#27;[3he given sear9mch para
&amp#27;[35metm[HTTP]&amp#27;[39m &amp#27;[90m{"usiersng":".
id"&amp#27;[,"value35m[MJ":SO"comNW.Slack:id/P]&amp#27;[39nem xt_button_  url_entry"}  at&amp#27;[39m
 AndroidUi[debugautomat] or2&amp#27;[3Driv5m[W3Cer.calle]&amp#27;[39e$m Ca0$0$ (/usr/local/liblli/nodng e_AppmoduleiumDrs/appiver.fiuinm/node_modules/appidElum-andrement(oid-d) wriitverh a/lrgsib/c: omman["ids/find","com.Slack:d.jsid/n:75:11)
ex&amp#27;[35m[t_MJSObuttNWP]&amp#27;[39mon_url_entry","6c     at 03tryC35at02-fd88ch -4722-8(/b5b-us92e9r/local/l19ib/n49ode_moduld161"]es/
[apdebug]pi &amp#27;[3um/no5m[BaseDde_mriveodur]le&amp#27;[39s/babel-runtime/regenerm Valid locatatoror str/runtategieime.js:67:40)
&amp#27;[3s f5m[MJSOor tNWP]&amp#27;[39him     as t Greqeneratuest: xpath, orFunctionProidtotype.invo, class nameke, a [ccesassibil _invoke]ity  (/usr/local/lib/nodid,e_modules/app -aium/nodndroid uiaute_modules/babel-runtime/reomgeneraattor/ruor
[debntime.jugs:31] &amp#27;[35m[Base5:Driver22)
&amp#27;[35m[MJSONWP]&amp#27;[39m     at GeneratorFunctionPrototype.prototype.(anonymous]&amp#27; functi[3on) 9m[a Ws aithtirongw] u (p /utosr 0 ms /lfoocr alco/lndition
ib/node_modu[debles/aug] &amp#27;[35m[JSONWP Pppiuroxy]m/no&amp#27;[de_m39odules/bm abeMal-runtimetched/regenerato 'r/runtime/e.js:100le:21)
&amp#27;[ment' to c35m[MJSONommand nWP]&amp#27;[39amm   e 'findElem  at Generatoent'
[debug] &amp#27;[35m[JSOrFunNWP ProctionPrxyototyp]&amp#27;[39e.im nvProxyoking [POST /element] e to [(/usr/local/liPOST b/htnodtp://locae_modlhost:82ules/appium/node_mod01/wdul/hub/sessioes/babel-n/5a27c767runt-9791-4751-ime/rege872d-2eneratod6r/ru12cntd606d/element] wimite.jsh :1body:36:37)
&amp#27; {"str[3ate5m[gy":"MJSONWP]&amp#27;[39m Eid","sncountereeld inteector":"com.Slrnalack error :irunning comd/mand: NoSuchElementErroner: An xtelement_button_url_e cntryould","con notet be locaxtted on": the"","mu pltiple":false}age u
[debug] &amp#27;[sing the given search p35m[MJSarameters.
ON&amp#27;[WP35]&amp#27;[m[MJSONWP39m ]&amp#27;Matched[39m   JS  ONWP err at Androor idUicodeautomator 7 to NoSu2DrivechEr.callementErlee$0ror
$0&amp#27;[35m[HTTP]&amp#27;[39m $ (/&amp#27;[37usr/local/lib/node_modm<-- POSTules/a /wppium/node_modules/appium-android-driver/lib/commands/find.js:7d/5:11)hub/session
&amp#27;[35m/6c033502-fd8[MJSONW8-472P]2-8b&amp#27;[39m   5b-9  at 2e9194tryC9d16atc1/element &amp#27;h (/usr/local/lib/no[3de_mod9m&amp#27;[ul31m500&amp#27;[39m es/appium/node_mo&amp#27;[90dules/babelm26 ms - 164&amp#27;-[39runtm
ime/&amp#27;[35mregenerator/r[HTTP]&amp#27;[3un9mti &amp#27;[90m&amp#27;[39mme.
&amp#27;js:67[35m[HTTP]&amp#27;:40)
&amp#27;[39m &amp#27;[35[3m[MJSON7mWP-->&amp#27;[]&amp#27;39m [39m&amp#27;[37    mPOS at T&amp#27;[Ge39neratm orFunctio&amp#27;[nPr37m/wd/huototype.invoke [as _invoke] (/usr/local/lib/node_modules/appium/node_modules/babel-runtime/regenerator/runtime.js:315:22)
&amp#27;[35m[MJSONWP]&amp#27;[39m b/ses  sion/6c033502-fd88-4722  a-8b5bt Gener-9at2eorFunctio91nPr94ototype9d161/.prototype.(anonymous functeleionme) nt&amp#27;[39m
&amp#27;[3[as thro5m[HTTP]w] (/&amp#27;[39m &amp#27;[9usr/local/0m{"lib/usinode_modng":ul"id"es/a,"valppiuue":"com.m/nodeSl_moduack:id/next_button_leurl_ens/babel-runtrtiy"}&amp#27;[39m
[debme/regeneratoug] &amp#27;[r/35m[W3runtimeC]&amp#27;[.js:100:21)
&amp#27;[35m[MJSONWP]&amp#27;[39m39m Calling Ap    pi atumD Generriver.findEatorleFunctionPrmenototype.invoke (/usr/local/lib/node_modules/appiumt(/node) w_modith args: [ule"id","com.s/babelSla-runtimeck:id/next_bu/regenerator/tton_url_enruntime.js:136:37try")
&amp#27;,"6c033502-fd88-47[3225m-8b[MJSO5b-92NWP]&amp#27;[e91949d139m Enco61"untered]
 inte[drnal eebrror runug]ning comman &amp#27;[d: 35mNoSu[BaseDrchEleiver]&amp#27;[39mment VEralid locator srortrategies for : An elthis ement could not be lorecatquest: xpedath, i od, class n name, atheccessib pilageity  usid, -inang droid uiauthe gitoven seamator
[rch parametedeburs.g] &amp#27;
&amp#27;[3[35m[5m[BaseDriver]&amp#27;[39m MJSONWP]&amp#27;[39m   Waiting up to 0  at A mndros idUiautomator2for conDrdition
[debug] &amp#27;[35m[JSONWP Proxy]&amp#27;[39m Matched '/element' to command name 'findElement'
[debug] &amp#27;[35m[JSONWP Proxy]&amp#27;[39m Proxying [POST /element] to [POST http://localhost:8201/wd/hub/iver.callee$0$0$ (/usr/local/lib/node_modules/appium/node_modules/appium-andsesroid-driver/lib/commands/find.js:75:11)
&amp#27;[35m[MJSONWP]&amp#27;[39m     at tryCatch (/usr/local/lib/node_modules/appium/node_modules/babel-runtime/regenerator/runtime.js:67:40)
&amp#27;[35m[MJSONWP]&amp#27;[39m     at GeneratorFunctionPrototype.invoke [as _invoke]sion/5a27 (/usr/local/lc767-9791-4751-8ib/node_modules/appium/nod72d-2ed612cd606d/element] with be_mody: od{"stules/ratbabelegy":"id","selecto-runtir":"com.Slameck:id/next_bu/regeneratotton_url_entry","contexr/t":""runtime.js:315:22)
&amp#27;[35m[MJSONWP]&amp#27;[39m     at Generato,"murFunctionPltiprototypele":.prototfaype.ls(anonymous fue}
[debug] &amp#27;[35m[MJSONWP]&amp#27;nctio[39mn) [ Matched JSOas NWthroP w] (/usr/local/lib/node_modulerror es/apcode pium/7 nodeto NoS_modulesuchElementError
&amp#27;/b[35abem[Hl-ruTTP]&amp#27;[39m &amp#27;[37m<-- POST /wd/hub/session/6c033502-fd88-4722-8b5b-92e91949d161/element &amp#27;[39m&amp#27;[31m500&amp#27;[39m &amp#27;[90m26 ms - 164&amp#27;[39m
&amp#27;[35m[HTTP]&amp#27;[39m &amp#27;[90m&amp#27;[39m
&amp#27;[35m[HTTP]&amp#27;[39m &amp#27;[37m-->&amp#27;[39m &amp#27;[37mPOST&amp#27;[39m &amp#27;[37m/wd/huntimeb/session/6c033502-fd88-472/regenera2-8b5btor-92e919/runtime.49d161/elejsment:100:2&amp#27;[39m
&amp#27;1)
&amp#27;[35m[MJSONWP]&amp#27;[39m [35m[HTTP]&amp#27;[39m &amp#27;[90m{"using":"id","value":"com.Slack:id/next_bu    tton_urat GeneratorFunctionPl_entrototry"}&amp#27;[39m
[debug] &amp#27;[35m[W3C]&amp#27;[39m Calling AppiumDriver.findElement() with args: ["id","cypom.Slae.ck:id/nexint_bvokutton_url_entry","6c033502-fd88e -4722-8b5b-92e91949d161"]
(/usr/[dlocaleb/lib/node_modules/appium/nougde_modules/babel-runtime/regenera] &amp#27;[tor/35m[Basruntime.js:136:37)
&amp#27;[35m[MJSONWP]&amp#27;[3eDr9m Encountered internal iverror runer]&amp#27;[39m Valning command: NoSuchElementError: An eleid locator ment strategies focould not be located on the page using the given search parameters.
&amp#27;[35m[MJSONWP]&amp#27;[39m     at AndroidUiautomator2Driver.callee$0$0$ (/usr/local/lib/node_modules/appium/node_modules/appium-android-driver/lib/r thcommands/fiisnd request: .js:7xpath, id, c5:11)
lass name, accessibility id, -android uiautomator
[debug] &amp#27;[35m[BaseDriver]&amp#27;[39m Waiting up to 0 ms for condition
[debug] &amp#27;[35m[JSONWP Proxy]&amp#27;[39m Matched '/element&amp#27;[35m[MJSO' to command nameNWP] 'fi&amp#27;[39m   ndEl  ateme trynt'
[debug] &amp#27;[35m[JSONWP Proxy]&amp#27;[39m Proxying [POST /element] to [POST http://localhost:8201/wd/hub/session/5a27c767-9791-4751-872d-2ed612cd606d/element] with body: {"stCatch (/usr/local/lib/node_modules/appium/node_modules/babel-runtime/regenerator/runtime.js:67:40)
&amp#27;[35m[MJSONWP]&amp#27;[39m     at GeneratorFunctionPrototype.invoke [as _invoke] (/usr/local/lib/node_modules/appium/node_modules/babel-runtime/regenerator/runtime.js:3rategy15":"id","s:22)
&amp#27;[elector35m":"[MJSONWP]&amp#27;[39m    com.Sla at GckeneratorFunctionPrototype:id/.prototype.(anonymous function) [as throw] (/usr/local/lib/node_modules/appium/node_modules/babel-runtime/regenerator/runtime.js:100:21)
&amp#27;[35m[MJSONWP]&amp#27;[39m     at GeneratorFunctionPrototype.invoke (/usr/local/lib/node_modules/appium/node_modules/babel-runtime/regenerator/runtime.js:136:37)
&amp#27;[35m[MJSONWP]&amp#27;[39m Encountered internal error running command: NoSuchElementError: An element could not be located on the page using the given search parameters.
&amp#27;[35m[MJSONWP]&amp#27;[39m    ne at AndroidUiaxt_button_uutomatrl_entry","context":"","multiporle":false}
[d2Drebug]iver.callee$0 &amp#27;[35m$0$ (/u[MJSONWP]&amp#27;[39msr/local/lib/node_modules/app Miumatched/node_modul JSes/aONWP ppium-android-driver/lib/commaerror codnds/find.je s:75:11)
&amp#27;7 t[3o NoSuc5m[MJSONWP]&amp#27;[39m     at hEletryCatch (/usr/local/lib/nmentode_moErduror
&amp#27;[35m[HTles/appiumTP]&amp#27;[39m &amp#27;[3/n7mode_modules/babel-ru<-- POSTntime/regenerator/runtime.js:67:40)
&amp#27;[35m[MJSONWP] /wd&amp#27;[/hub/session/6c033502-fd88-4722-8b5b-92e91949d161/element &amp#27;[39m&amp#27;[31m500&amp#27;[39m &amp#27;[90m27 ms - 164&amp#27;[39m
&amp#27;[35m[HTTP]&amp#27;[39m &amp#27;[90m&amp#27;[39m39m     at GeneratorFunctionPrototype.invoke [as _invoke] (/usr/local/lib/node_m
&amp#27;odu[3les/appium/node_modules/babel-runtime/regenerator/runtime.js:315:22)
&amp#27;[35m[MJS5m[HTTPONWP]&amp#27;[3]&amp#27;[39m &amp#27;[37m-->&amp#27;9m    [3 at9m &amp#27; Generato[37mrFunctionPrototype.prototype.(anonymous function) [as throw] (/usr/local/lib/node_modules/appium/node_modules/babel-runtime/regeneraPOST&amp#27;[39m &amp#27;[37mto/r/ruwdntime.js:100:/hub21)
&amp#27;/session[35m[MJSONWP]&amp#27;[39m     at Gen/6c0erator3350FunctionPr2-fd88-ototype.i4722-8nvokeb5 (/usr/local/lib/node_modules/appium/node_modules/babel-runtime/regenerator/runtime.js:136:37)
&amp#27;[35m[MJSONWP]&amp#27;[39m Encountered internal error running command: NoSuchElementError: An element could not be located on the page using the given search parameters.
&amp#27;[35m[MJSONWP]&amp#27;[39m     at AndroidUiautomator2Driver.callee$0$0$ (/usr/local/lib/node_modules/appium/node_bmodules/-92e91appium-android-drive949dr/lib/comma161nds/find.js:75:11)
&amp#27;[35m[MJSONWP]&amp#27;[39m     at tryCatch (/usr/local/lib/node_modules/appium/node_modules/babel-runtime/regenerator/runtime.js:67:40)
&amp#27;[35m[MJSONWP]&amp#27;[39m     at GeneratorFunctionPrototype.invoke [as _invoke] (/usr/local/lib/node_modules/appium/node_modules/babel-runtime/regenerator/runtime.js:315:22)
&amp#27;[35m[MJSONWP]&amp#27;[39m     at GeneratorFunctionPrototype.prototype.(anonymous function) [as throw] (/usr/local/lib/node_modules/appium/node_modules/babel-runtime/regenerator/runtime.js:100:21)
&amp#27;[35m[MJSONWP]&amp#27;[39m     at G/elementenera&amp#27;[3to9m
&amp#27;[3rFunctionPrototype.invoke (/usr/local/lib/node_modules/appium/node_modules/ba5m[Hbel-TTP]&amp#27;runtime/[39m &amp#27;[90m{"reusigenerator/runtimnge.j":s:136:37)
&amp#27;[35m[MJSO"idNW","value":"comP]&amp#27;[39m Enc.Slack:idounte/nextre_bd inutterntoal en_urror runningrl_ent command: Nory"}&amp#27;[39m
[debSuug] &amp#27;[35m[W3C]&amp#27;[39m CallichEleng AppiumDrivementError: An element could not be locr.findElement() with args: ["id","com.Slack:id/next_button_url_entry","6c033502-fd88-4722-8b5b-92e91ated94 on the p9d161"]
[age using thdebug] &amp#27;[35m[BaseDriver]&amp#27;[39m Valid locator strategies for this request: xpath, id, class name, accessibility id, -android uiautomator
[debug] &amp#27;[35m[BaseDriver]&amp#27;[39m Waitie ging upven to 0 ms f search paraor condition
[debugmeters.
&amp#27;[35m[MJSONWP]] &amp#27;[35&amp#27;[39m     at AndroidUim[Jautomator2Driver.callee$0$0$SONWP Proxy] (/usr/local/lib/node_modules/appium/node_modules/appium-android-driver/lib/commands/find.js:75:11)
&amp#27;[35m[MJSONWP]&amp#27;[39m     at tryCatch (/usr/lo&amp#27;[39m Matched '/element' to ccal/lib/node_modules/appium/node_ommand name 'findElement'
[debug] &amp#27;[35m[JSONWP Proxy]&amp#27;[39m Proxying [POST /element] to [POST http://localhost:8201/wd/hub/session/5a27c767-9791-4751-872d-2ed612cd606d/element] with body: {"strategy":"id","selectormodules/babel-runti":"cme/regenerom.Slack:id/nexator/rt_button_url_entryuntime.js:67:4","c0)
&amp#27;[35m[MJSONWP]&amp#27;[39m     at GeneratorFunctionPrototype.invoke [as _invoke] (/usr/local/lib/node_modules/apontext":"","multiple":pium/node_modules/babel-runtifalsmee}
[/redebugge] &amp#27;[35m[MJSOneraNWP]&amp#27;[39m Matctor/runtihedme.js:315:2 JSON2)
&amp#27;[3WP error code 7 to NoS5m[uchElementError
&amp#27;[35m[HTTMJSONWP]&amp#27;[P]&amp#27;[39m &amp#27;[37m<-- POST /wd/hub/session/6c033502-fd88-4722-8b5b-92e91949d161/element &amp#27;[39m&amp#27;[31m500&amp#27;39[39m m     at GeneratorFunctionPrototyp&amp#27;[90m30 ms - 164&amp#27;[39m
&amp#27;[35m[HTTP]&amp#27;[39m &amp#27;[90m&amp#27;[39m
&amp#27;[35m[HTTP]&amp#27;[39m &amp#27;[37m-->&amp#27;[39m &amp#27;[37mPOST&amp#27;[39m &amp#27;[37m/wd/hub/session/6c033502-fd88-4722-8b5b-92e91949d161/element&amp#27;[39m
&amp#27;[35m[HTTP]&amp#27;[39m &amp#27;[90m{"using":"id","value":"com.Slack:id/next_button_urle.pro_entry"}&amp#27;[39m
[debug] &amp#27;[35m[W3C]&amp#27;[39m Calling AppiumDriver.findElement() with args: ["id",toty"com.Slack:id/next_button_url_entry","6c033502-fd88-4722-8b5b-92e91949d161"]
[debug] &amp#27;[35m[BaseDriver]&amp#27;[39m Valid locator strategies for this request: xpath, id, class name, accessibility id, -android uiautomator
[dpe.(anonymous functiebug] &amp#27;[35m[BaseDriver]&amp#27;[3on) [as thro9m Waiting up to 0 ms for condition
[debug] &amp#27;[35m[JSONWP Proxyw] (/usr/local/]&amp#27;[lib/node_m39m Matched '/element' to command name 'findElodemules/appiument'
[debu/ng] &amp#27;[35m[JSONWP Proxy]&amp#27;[39m Proxying ode_[POST /element] to [POST http://localhmodulesost:8201/wd/hub//babel-runtime/regenerator/runtime.js:100:21)
&amp#27;[35m[MJSONWP]&amp#27;[39m     at GeneratorFunctionPrototype.invoke (/usr/local/lib/node_modules/appium/node_modules/babel-runtime/regenerator/runtime.js:136:37)
&amp#27;[35m[MJSONWP]&amp#27;[39m Encountered internal error running command: NoSuchElementError: An element could notsession/5a27c767-9791-4751-872d-2ed612cd606d/element] with body: {"strategy":"id","selector":"com.Slack:id/next_button_url_entry","context":"","multiple":false}
[debug] &amp#27;[35m[MJSONWP]&amp#27;[39m Matched JSONWP error code 7 to NoSuchElementError
 be l&amp#27;[35ocated om[HTTP]&amp#27;[3n th9m &amp#27;[37m<-- Pe page using the given search parameters.
&amp#27;[35m[MJSONWP]&amp#27;[39m     at AndroidUiautomator2Driver.callee$0$0$ (/usr/local/lib/node_modules/appium/node_modOST /wd/hub/sessules/appium-android-driver/lib/commands/find.js:75:11)
&amp#27;[35m[MJSONWP]&amp#27;[39m     at tion/6ryCatch (/usr/lc0335ocal/lib/node_m02-odulfd88-472es/appiu2-8m/node_modules/babel-rub5bntime/reg-9enera2e91949d161/element &amp#27;[39m&amp#27;[31m500&amp#27;[39m &amp#27;[90m23 ms - 164&amp#27;[39m
&amp#27;[35m[HTTP]&amp#27;[39m &amp#27;[90m&amp#27;[39m
&amp#27;[35m[HTTP]&amp#27;[39m &amp#27;[37m-->&amp#27;[39m &amp#27;[37mPOST&amp#27;[39m &amp#27;[37m/wd/hub/session/6c033502-fd88-4722-8b5b-92e91949d161/element&amp#27;[39m
&amp#27;[35m[HTTP]&amp#27;[39m &amp#27;[90m{"using":"id","value":"com.Slack:id/next_button_url_entry"}&amp#27;[39m
[debug] &amp#27;[35m[W3C]&amp#27;[39m Cator/runtime.js:67:40)
&amp#27;[35m[MJSONWP]&amp#27;[39m  lling    at GeAppiumDriver.findEneratorFunctionPrototype.invoke [as _invlementoke] () with args: (/usr/local["i/lib/node_d","moducom.Slack:id/next_buttolesn_/appium/node_modules/babel-runtime/regenerator/runtime.js:315:22)
&amp#27;[35m[MJSONWP]&amp#27;[39m     at GeneratorFunctionPrototype.prototype.(anonymous function) [as throw] (/usr/local/lib/node_modules/appium/nourlde_m_entry","6c033502-fd88odules/babel-runtime/regenerator/runtime.js:100:21)
&amp#27;[35m[MJSONWP]&amp#27;[39m     at Generato-47rFunctionProtot22-8b5b-92e91949d161"]
[ype.invdeoke (/ubug] &amp#27;[35m[BaseDriver]&amp#27;[sr/l39m ocal/lValib/node_modules/appium/node_modules/babel-runtime/regeneratoid locator strategiesr/runtime.js:136:37)
&amp#27;[35m[MJSONWP]&amp#27;[3 for9m Enc this request: xpath, id, class name, accessibility id, -android uiautomatoounter
[debured intg] er&amp#27;[35m[BaseDrinal errorve running r]&amp#27;[3comman9m Waitind: NoSuchElemeg ntErroup to 0 r: An ms for condition
[debug] &amp#27;[35m[JSONWP Proxy]&amp#27;[39m Matched '/eleelement' tmeno commant d name 'findElemecount'
[debug] &amp#27;[35m[JSONWld nP Proxy]&amp#27;[39m Proxyingo [POSt be lT /element] to [POST http://localhost:8201/ocawd/hub/sested osion n/5a27c767-9791the page -4us751-ing 872thd-e given s2edear612cd606d/element] with bodch parametery: {"strats.
egy":"id","&amp#27;[35sem[lector":"coMJSONWP]&amp#27;[m.Slac39m     at Ank:id/next_button_url_entry","condroidUtext":"","multiple":false}ia
[debug] ut&amp#27;[35m[MJSONWP]&amp#27;[om39ator2m MatcheDrd JSONWP error code 7 to NoSuchEliver.callee$0$0$ (/uementEsr/localrro/lib/nr
&amp#27;[35m[HodTTP]&amp#27;[39m e_mod&amp#27;[ules/appiu37mm/node_mo<-- POST dules/a/wd/hub/session/6c033ppium-a502-fd88-4722-8b5b-92e91949d161/element &amp#27;[39m&amp#27;[31m500&amp#27;[39m &amp#27;[90m22 ms - 164&amp#27;[39m
&amp#27;[35m[HTTP]&amp#27;[39m &amp#27;[90m&amp#27;[39m
&amp#27;[35m[HTTP]&amp#27;[39m &amp#27;[37m-->&amp#27;[39m &amp#27;[37mPOST&amp#27;[39m &amp#27;[37m/wd/hub/session/6c033502-fd88-4722-8b5b-92e91949d161/element&amp#27;[39m
&amp#27;[35m[HTTP]&amp#27;[39m &amp#27;[90m{"using":"id","value":"com.Slack:id/next_button_url_entry"}&amp#27;[39m
[debug] &amp#27;[35m[W3C]&amp#27;[39m Calling AppiumDriver.findElement() with args: ["id","com.Slack:id/next_button_url_entry","6c033502-fd88-4722-8b5bndr-92e91949d161"oid-driver/lib/comma]
nds/f[debug] &amp#27;[35m[BaseDriver]&amp#27;ind.j[39m Valis:75:d locator strategies for this request: xpath, id, class name, accessibility id, -android uiautomator
[debug] &amp#27;[35m[BaseDriver]&amp#27;[39m Waiting up to 0 ms for condition
[debug] &amp#27;[35m[JSON11)
&amp#27;[3WP P5m[Mroxy]JSONWP]&amp#27;[39m     at tryCatch (/usr/local/lib/node_modules/appium/node_modules/babel-runtime/regenerator/runtime.&amp#27;[39m Matched '/jselement' to:67 command:40)
 name 'findElement'
[debug] &amp#27;[&amp#27;[3535m[Mm[JJSONWSONWP PrP]oxy]&amp#27;[3&amp#27;[399m     m Pat Groxyening [POST erat/eorFulement] tncto [POST http://ionPrototypeloc.invoke [as _ialhost:8201nvoke] (/usr/wd/hub/ses/locasion/5a27c767-97l/lib/nod91-e_4751-872d-2ed612cd606d/emoledulemes/ant] with bodyppi: {"stratumegy":"/noid","selde_modules/babel-runector":"com.Slack:id/next_buttotime/regenerator/runtime.jn_url_entry"s:31,"conte5:22)
&amp#27;[35m[MJSONWP]&amp#27;[3xt":"","multi9m     at GeneratorFunple":false}
cti[debug] &amp#27;[35monPrototype[M.pJSroONWP]toty&amp#27;[39mpe.(anonymous Matched JSONWP error co function) [de as thr7 to NoSow] (/usr/local/lib/node_modules/appiucum/node_modules/babehElemenl-runtimetError
&amp#27;[35m[HTTP]&amp#27;[39m &amp#27;[37m<-- POST /wd/hub/session/6c033502-fd88-4722-8b5b-92e91949d161/element &amp#27;[39m&amp#27;[31m500&amp#27;[39m &amp#27;[90m26 ms - 164&amp#27;[39m
&amp#27;[35m[HTTP]&amp#27;[39m &amp#27;[90m&amp#27;[39m
&amp#27;[35m[HTTP]&amp#27;[39m &amp#27;[37m-->&amp#27;[39m &amp#27;[37mPOST&amp#27;[39m &amp#27;[37m/wd/hub/session/6c033502-fd88-4722-8b5b-92e91949d161/element&amp#27;[39m
&amp#27;[35m[HTTP]&amp#27;[39m &amp#27;[90m{"using":"id","value":"com.Slack:id/next_button_url_entry"}&amp#27;[39m
[debug] &amp#27;[35m[W3C]&amp#27;[39m Calling AppiumDriver.find/regenerator/runtime.js:100:21)
&amp#27;[35m[MJSONWP]&amp#27;[39m     at GeneratorFunctionPrototype.invoke (/usr/local/lib/node_modules/appium/node_modules/babel-runtime/regenerator/runtime.js:136:37)
&amp#27;[35m[MJSONWP]&amp#27;[39mElement() with args: ["id","com.Slack:id/next_button_url_entry","6c033502-fd88-4722-8b5b-92e91949d161"]
[debug] &amp#27;[35m[BaseDriver]&amp#27;[39m Valid locator strategies for this request: xp Encountered intath, id, class name, accessibility ernal id, -anderroid uiautoror running command: NoSuchElementError: An element could not be lmator
[debocated on the page using the given search parameters.
&amp#27;[35m[MJSONWP]&amp#27;[39m     at AndroidUiautomator2Driver.callee$0$0$ (/usr/localug]/lib/n &amp#27;[3ode_modules/appium/node_modules/appium-android-driver/lib/commands/find.js:75:11)
&amp#27;[35m[MJSONWP]&amp#27;[39m     at tryCatch (/usr/local/lib/node_modules/appium/node_modules/babel-runtime/regenerator/runtime.js:67:40)
&amp#27;[35m[MJSONWP]&amp#27;[39m     at Gen5m[BaseDriver]&amp#27;[39m Waiting up to 0 ms for condition
[debug] &amp#27;[35m[JSONWP Proxy]&amp#27;[39m Matched '/element' to command name 'findElement'
[debug] &amp#27;[35m[JSONWP Proxy]&amp#27;[39m Proxying [POST /element] to [POST http://localhost:8201/wd/hub/session/5a27c767-9791-4751-872d-2ed612cd606d/element] with body: {"strategy":"id","selector":"com.Slack:id/next_button_url_entry","context":"","multiple":false}
[debug] &amp#27;[35m[MJSONWP]&amp#27;[39m Matched JSONWP error code 7 to NoSuchElementError
&amp#27;[35m[HTTP]&amp#27;[39m &amp#27;[37m<-- POST /wd/hub/session/6c033502-fd88-4722-8b5b-92e91949d161/element &amp#27;[39m&amp#27;[31m500&amp#27;[39m &amp#27;[90m20 ms - 164&amp#27;[39m
&amp#27;[35m[HTTP]&amp#27;[39m &amp#27;[90m&amp#27;[39m
&amp#27;[35m[HTTP]&amp#27;[39m &amp#27;[37m-->&amp#27;[39m &amp#27;[37mPOST&amp#27;[39m &amp#27;[37m/wd/hub/session/6c033502-fd88-4722-8b5b-92e91949d161/element&amp#27;[39m
&amp#27;[35m[HTTP]&amp#27;[39m &amp#27;[90m{"using":"id","value":"com.Slack:id/next_button_url_entry"}&amp#27;[39m
[debug] &amp#27;[35m[W3C]&amp#27;[39m Calling AppiumDriver.findElement() with args: ["id","com.SleratorFunctionPrototype.invokacke [as _invoke] (/usr:id/next/l_button_url_entry"ocal,"6c033502-fd88-4722-8b5b-/lib92e91949d16/node_modules/a1"]
[debug] &amp#27;[35m[ppium/node_modules/babBaseDriver]&amp#27;[3el-runtime/regenerator/runti9m Vme.js:315:22)
&amp#27;[35m[MJSONWP]&amp#27;[39m     at alidGeneratorFunctionPrototy lpeoc.protoator typestrategies .(anofor this rnymous function) [as throw] (equest: x/upath, id, class name, accessibility id, -android uiautomator
[debug] &amp#27;[35m[BaseDriver]&amp#27;[39m Waiting up to 0 ms for condition
[debug] &amp#27;[35m[JSONWP Proxy]&amp#27;[39sr/local/lib/node_modules/appium/node_modules/babel-m Matched '/element' to comrumand name 'findElement'ntim
[debue/reg] &amp#27;[35gem[Jnerator/runtime.js:100:21)
&amp#27;[35m[MJSONWP]SONWP Proxy]&amp#27;&amp#27;[39m    [3 at 9m Proxying [POST /element] to [POST http://locGeneratorFualhonctionPrst:8201ototype.invoke (/usr/local/lib/nod/wde_mod/hub/ulsesses/aionppium/node_modules//5babela27c767-9791-runtime/regener-4751-872dator/runtime-2ed612cd606d/e.js:lement] w136:37)
&amp#27;[35m[MJSONWP]&amp#27;[39m Encountith body: ered{"strategy" internal error running :"id","command: NoselecSuchEltor":"com.Slacemek:idntError: An element could no/next_buttot be n_url_entry","context":""loca,"multipted le":false}
[debug] &amp#27;[35m[MJSONWP]&amp#27;[on the 39m Matched page usinJSg the given search parameters.
&amp#27;[35m[MONWP error JSONWP]&amp#27;[39m     at Andcode 7 toroidUiautomator2D NoSriver.callee$0$0$ (/usr/local/lib/node_moduluchEes/appium/node_modules/aplemenpiutError
&amp#27;[35m[HTTP]&amp#27;[39m &amp#27;[37m<-- POST /wd/hub/session/6c033502-fm-android-dd88-4722-8b5b-92e91river/lib/com94mands/9d1find61/element &amp#27;[39m&amp#27;[31m.js500&amp#27;[39m &amp#27;[90m:75:11)30 ms - 164&amp#27;[39m
&amp#27;[35m[HTTP]&amp#27;[39m &amp#27;[90m&amp#27;[39m
&amp#27;[35m[HTTP]&amp#27;[39m &amp#27;[37m-->&amp#27;[39m &amp#27;[37mPOST&amp#27;[39m &amp#27;[37m/wd/hub/session/
&amp#27;[35m6c033502-fd[MJSONWP]&amp#27;[39m    88-4 at tryCatch72 (/u2-8b5b-sr/loc92e91949d16al/lib/n1/element&amp#27;[od39e_m
modules/appi&amp#27;[3um/node_5m[HTTP]&amp#27;[39modulem &amp#27;[90m{"using":"id",s/babel-ru"valuntime":"e/regenerator/runtime.js:67:40)
&amp#27;[35m[MJSONWP]&amp#27;[39m     at GeneratorFunctionPrototype.invoke [as _icom.Slnvoke] ac(/usr/local/libk:id/next_button_/node_modurl_enules/appiutry"}&amp#27;m/node_mo[3dules/ba9mbel-run
[debug] &amp#27;[35m[W3C]time/regen&amp#27;[3era9m Ctor/ralliuntng ime.jAppiumDriver.findElement() with args: ["id",s:315:22"com.Slack:id/next_)
&amp#27;[35m[MJSONWP]&amp#27;[39m     at GeneratobuttonrFunctio_unPrl_rotentry","6c033502-fd88-4722-8otype.prototypbe.(anonymous5b-9 function)2e9 [as thr1949d161"]
[debug] &amp#27;[35m[BaseDriver]&amp#27;[39m Valid locator strategies for this request: xpath, id, class name, accessibility id, -anow] (/usr/local/lib/node_modules/appium/node_modules/badrobel-runtime/regenerator/runtime.js:100:21)
&amp#27;[35m[MJSONWP]&amp#27;[39m     at GeneratorFunctionPrototype.invoke (/usr/localid /libuiau/nodetomat_morod
[deulebugs/appium/node_modules/babel-runtime/rege] &amp#27;[35m[BaseDrneiver]&amp#27;rator[39m/runtime.js:136:37)
&amp#27;[35m[MJSONWP Wa]&amp#27;[it39m Encountered internal ing up erto 0 romsr running  for conditioncommand: NoSuchElementErr
[debug] &amp#27;or: [35m[JSOAn eNWP Proxy]&amp#27;[39m Matlemched '/elemenent could not bet' to located o con the page ummsinand nameg th 'e givenfindEle smentearch par'
[dameters.
&amp#27;[35m[MebJSONWP]&amp#27;[39m     at AndroidUiautomator2Driver.callee$0$0$ (/usr/local/lib/node_modules/appium/node_modules/appium-android-driver/libug]/commands/find.j &amp#27;[35m[JSONWPs:75 Proxy]&amp#27;[39m :11)
Proxy&amp#27;[35m[MJSONWP]&amp#27;[39m     at tryCatching  (/usr/l[POocal/lib/node_modules/appium/node_modules/babelST /-runtime/regeelement]nerator/runtime.js:67:40)
&amp#27;[35m[M to [JSONWPOP]&amp#27;[39m ST h    at Generatorttp:FunctionPr//localhostototype.in:8201/wvod/hub/ke [as _session/invo5a27cke] (76/usr/loc7-9791-4751-872d-2ed612cd606d/element] with body: {"strategy":"id"al/lib/node_modules/appium/node_modules/babel-runtime/regenerator/runti,"selector":"com.Slack:id/next_button_url_entry","context":"","multiple":false}
[debug] &amp#27;[35m[MJSONWP]&amp#27;[39m Matched JSONWP error code 7 to NoSuchElementError
&amp#27;[35m[HTTP]&amp#27;[39m &amp#27;[37m<-- POST /wd/hub/session/6c033502-fd88-4722-8b5b-92e91949d161/element &amp#27;[39m&amp#27;[31m500&amp#27;[39m &amp#27;[90m24 ms - 164&amp#27;[39m
&amp#27;[35m[HTTP]&amp#27;[39m &amp#27;[90m&amp#27;[39m
&amp#27;[35m[HTTP]&amp#27;[39m &amp#27;[37m-->&amp#27;[39m &amp#27;[37mPOST&amp#27;[39m &amp#27;[37m/wd/hub/session/6c033502-fd88-4722-8b5b-92e91949d161/element&amp#27;[39m
&amp#27;[35m[HTTP]&amp#27;[39m &amp#27;[90m{"using":"id","value":"com.Slack:id/next_button_url_entry"}&amp#27;[39m
[debug] &amp#27;[35m[W3C]&amp#27;[39m Calling AppiumDriverme.js:315:22)
&amp#27;[3.findElement() with args: ["id","com5m[MJSONWP]&amp#27;[39.Slack:id/next_button_url_em ntry"    at GeneratorFunctionPrototype.prototype.(anonymous function) [as,"6c033502-fd88- throw] (/u4722-8b5b-92e91949d161"]sr/local
[debug] &amp#27;[35m[BaseDriver]&amp#27;[39m/lib/node_modules/appium/node_modules/babel-runtime/regenerator/runtime.js:100:21)
&amp#27;[35m[MJSONWP]&amp#27;[39m     at GeneratorFunctionPrototype.invoke (/usr/local/lib/node_modules/appium/node_modules/babel-runtime/regenerator/runtime.js:136:37)
&amp#27;[35m[MJSONWP]&amp#27;[39m Encountered internal error running command: N Valid locator strategiesoSu forchElem this reqentEruestror: : An xpaelementh, id, ct could not be localass name, accessibilittey idd o, n the -apage ndrusing the giveoid n search puiautomator
[debug]ara &amp#27;[35m[BaseDriver]&amp#27;[39m Waiting up to 0 ms for conditimeters.
&amp#27;[35m[MJSONWP]&amp#27;[39m   on
[debug]  at Andro &amp#27;[idUi35automam[JSONtorWP Proxy2Driver.cal]&amp#27;[39m Matchedlee$0$0$ (/ '/element' to commanusr/ld namocal/lib/node_me 'findElement'
[debug] &amp#27;[35m[JSONWP Proxy]&amp#27;[39m Proxying [POST /element] to [POST http://localhost:8201/wd/hub/session/5a27c767-9791-4751-872d-2ed612cd606d/element] with body: {"strategy":"id","selector":"com.Slack:id/next_button_url_entry","context":"","multiple":false}
[debug] &amp#27;[35m[MJSONWP]&amp#27;[39m Matched JSONWP error code 7 to NoSuchElementError
&amp#27;[35m[HTTP]&amp#27;[39m &amp#27;[37m<-- POST /wd/hub/session/6c033502-fd88-4722odul-8b5es/appium/nob-92e91949d161/elemde_menodult es/&amp#27;[39m&amp#27;[31m50appium-android-driver0&amp#27;/li[39mb/ &amp#27;[90m22 commanmsds/find -.js:7 1645:11)
&amp#27;[39m&amp#27;[35m[M
&amp#27;[JS35m[HTTP]&amp#27;ONWP]&amp#27;[39m     at tryCatch (/u[39msr &amp#27;[90m&amp#27;[3/local/lib/node_modules/ap9mpium/node_modu
l&amp#27;[35es/babel-runtime/regenerm[HTTP]&amp#27;[39atm or/runtim&amp#27;[37m-e.->&amp#27;[39jsm &amp#27;[37mP:6OS7:40T&amp#27;[39m &amp#27;[37m/wd/hub/session/6c033502-fd88-4722-8b5b-92e91949d161/element&amp#27;[39m
&amp#27;[35m[HTTP]&amp#27;[39m &amp#27;[90m{"using":"id","value":"com.Slack:id/next_button_url_entry"}&amp#27;[39m
[debug] &amp#27;[35m[W3C]&amp#27;[39m Calling AppiumDriver.findElement() with args: ["id","com.Slack:id/next_button_url_entry","6c033502-fd88)
&amp#27;[35m[M-4722-8b5b-92e91949d16JS1"]
[debug] &amp#27;[35m[BaseDriver]&amp#27;[39m ValidONWP]&amp#27;[39m     at Gene locatoratorFunctior strategiesnPro for this reqtotype.invoke [auest:s _ xpath, invoke] (id/usr/lo, class name, accessibilityca id, -anl/droid uiautomliator
[b/node_modudebug]le &amp#27;[s/appium/no35m[BaseDriver]&amp#27;[39de_modulesm Wait/baing up tbel-ruo ntime/regenerator/run0 ms for condition
[debug] time.js:315:2&amp#27;2)
&amp#27;[35m[35m[JSO[MJSONWPNWP Pro]&amp#27;xy]&amp#27;[39m Matched [39m'/     at GeneratorFelement' to command name 'findElunement'ction
[debug] &amp#27;Pr[35m[JSotONotype.protWP Potype.(roanonymous funcxy]&amp#27;[3tio9mn) [as throw] (/usr P/loroxycal/lib/noinde_modug les/ap[POST /element] to [POST http://localhost:8201/wd/hub/session/5a27c767-9791-4751-872d-2ed612cd606d/element] with body: {"strategy":"pium/node_modulesid","sele/babctor":"cel-runtime/regenerator/om.Slack:ruid/nentime.jxt_s:100button_url_ent:21ry","conte)
&amp#27;[35m[MJSONWPxt"]&amp#27;[39m     at Generat:"","multiple":false}
[debug] &amp#27;[35m[MJSONWP]&amp#27;[3orFunctionPrototyp9m Matched JSONWP ee.invoke (/usr/local/lib/node_modules/appium/norror code 7 to NoSuchElemde_modentError
&amp#27;[35m[HTTP]&amp#27;[ules/babel39-runm &amp#27;[37m<-- time/regenerator/runtiPOme.ST js/wd/hu:136b/se:37)
&amp#27;[35m[MJSssionON/6WPc033]&amp#27;[39m Encountered502-fd8 internal error run8-ning command: NoSuchElement4722-8b5b-92e91949d161/element &amp#27;[39m&amp#27;[Err31m500&amp#27;[39m &amp#27;[90m2or: An2 ms - 164 el&amp#27;[em39m
&amp#27;[35m[ent could not be HTTP]&amp#27;[39m &amp#27;[90m&amp#27;located[39 onm
 the p&amp#27;[35m[HTTP]&amp#27;[39m age using&amp#27;[37m-->&amp#27;[39m &amp#27;[ the given se37mPOST&amp#27;[39m arch &amp#27;[37m/wd/hub/sparaesmeters.sion/6c0335
&amp#27;[302-fd88-4722-8b5b-92e9195m49d161/el[MJSONWP]&amp#27;[39emm ent&amp#27;[39 m
&amp#27;[3   at AndroidUiau5m[HTTP]&amp#27;[tomator2Drive39m &amp#27;[90m{"ur.calsilee$ng0$0$ ":(/usr/local/lib/node_modu"id","value":"com.Slack:id/next_button_url_entry"}&amp#27;[39mles/appium/node_modules/appiu
[debug] &amp#27;[35m[W3C]&amp#27;[39m Calling AppiumDriver.findElement() withm-androi ad-driverrgs: ["id","com.Slack:id/next_butto/n_url_entry","6c033502-fd88-4722lib/commands/find.j-8b5b-92e91949d1s:75:11)
61"]
[de&amp#27;[35m[MJSObug] &amp#27;[35m[BaseDriver]&amp#27;[39m Valid locator strategies for this request: xpath, id, class name, accessibility id, -android uiautomator
[debug] &amp#27;[35m[BaseDriver]&amp#27;[39m Waiting up to 0 ms for condition
[debug] &amp#27;[35m[JSONWP Proxy]&amp#27;[39m Matched '/element' to command name 'findElement'
[debug] &amp#27;[35m[JSONWP Proxy]&amp#27;[39m Proxying [POST /element] to [POST http://localhost:8201/wd/hub/session/5a27c767-9791-4751-872d-2ed612cd606d/element] with body: {"strategy":"id","selector":"com.Slack:id/next_button_url_entry","context":"","multiple":false}
[debug] &amp#27;[35m[MJSONWP]&amp#27;[39m Matched JSONWP error code 7 to NoSuchElementError
&amp#27;[35m[HTTP]&amp#27;[39m &amp#27;[37m<-- POST /wd/hub/session/6c033502-fd88-4722-8b5bNWP]-92e91949d&amp#27;[39161/m     aelementt tryCatch (/usr/local/lib/node_modul &amp#27;[39m&amp#27;[31m500&amp#27;[3es/appium/node_mo9m &amp#27;[90mdules/babel-23 ms - 164&amp#27;[39m
&amp#27;runt[35m[HTTimP]&amp#27;e/re[3generator/runt9m &amp#27;[ime.js:67:490m&amp#27;[39m
&amp#27;[35m[H0)
&amp#27;TT[35m[P]&amp#27;[39m MJSO&amp#27;[37NWP]&amp#27;[39m-->m    &amp#27;[ at39m  Gen&amp#27;[37eratomPOrFunctiST&amp#27;[39m &amp#27;onPrototype[3.invok7m/we d/[as _ihunvokb/e] (/usr/local/libsess/nioode_mon/6c033du502le-fd88s/a-472ppi2-8b5b-92eum91949d161//node_elmodules/babemel-runent&amp#27;tim[3e/re9m
&amp#27;[35m[HTTP]gen&amp#27;[39m &amp#27;[90m{"useraing":"itor/d",runti"valme.js:315:22)
&amp#27;ue":"com[3.Sla5m[MJSOckNWP]&amp#27;[3:i9m d/next_button_url_entry"}&amp#27;[39    at Gm
eneratorF[debug] &amp#27;[35m[W3C]&amp#27;[39m Caunctlliniog ApnPpiumDrirototype.prototype.(anver.findEonymous funcletion) [as throw] (/usr/lment() ocawil/lth ib/args: node_modul["ies/ad","cppiumom/n.Slackode:id/nex_modules/bt_buabettl-on_ururl_entntimrye/r",ege"6c0ne33ra50to2-fd88-4722-8b5b-92e91r/949dru16ntim1"]e.js:1
[00de:21)
bu&amp#27;[g] &amp#27;[35m[B35aseDm[river]&amp#27;[39m VaMJSONWP]li&amp#27;[d 39lom cat    at Geneor ratorFustnctirategieonPrototype.invokes for  (/uthsris re/lquestoc: xpal/lib/node_modules/appatium/h, inode_d,mo cdulales/ss nameba, acbecessibil-lity id, -androidru untiaimutome/atreorgene
[radetor/bug] &amp#27;run[35m[BatiseDme.river]js&amp#27;[39m Waiting up to 0 ms for :136:37)
&amp#27;[35m[MJSOcoNWP]&amp#27;nditi[39m Encounteron
[ed deinternbual eg] &amp#27;[3rror r5munni[Jng commaSONWP Proxy]&amp#27;[39m Matchend: NoSuchEd lemen'/eletEmerror: An elementnt' to command name 'findElement' co
[deulbugd not] &amp#27;[35 be located onm[JSO tNWhe pP Pragoxy]&amp#27;[3e usin9m Prg the giveoxyingn sea [POST /elemerch pnt] toaramet [POSTers. h
&amp#27;[35mttp://l[MocJSalONWP]&amp#27;[39m     at host:8201/wd/huAnb/sedroissdUiautomion/5aator2Drive27cr.callee$0$767-9791-4751-870$ (/2d-2used612r/local/lib/cd606dnode/ele_modules/meappintum/node_module] with body: {"stras/tegy":ap"id"pi,"um-anseldroid-driver/lib/commands/find.js:75:11)
&amp#27;[35m[MJSONWP]&amp#27;[39m     at tryCatch (/usr/local/libector":"c/nodom.Slack:e_moid/nexdules/appium/node_mt_buttonodule_us/rlba_ebelntry","co-rntext":"","multunipltime/ree":false}
[debug] ge&amp#27;[ne35m[MratoJSr/ONWP]&amp#27;[39m Maruntime.tched jsJS:6ON7:WP 40err)
&amp#27;[or35m[ codeMJSONW 7P]&amp#27;[ t39o Nm   oSuchElemen  tEat Gerror
&amp#27;ner[35atom[rFunctionPrototHTType.invoP]&amp#27;[39m &amp#27;[37m<-- ke [aPOST /wd/hus _b/session/6inc03350voke] (2-fd88-/usr/local/47lib/no22-8de_modub5b-92e919le49d1s/61/apelement piu&amp#27;[m/node_mo39mdules/&amp#27;[3babel-runtime1m/re500&amp#27;gen[39merat &amp#27;[90m22 ms - 164&amp#27;[39m
&amp#27;or/run[35m[HTtiTP]&amp#27;me.[39m &amp#27;[90m&amp#27;[js:339m
&amp#27;15:22)
[35m[HTTP]&amp#27;[3&amp#27;[39m &amp#27;[35m7m--[MJS>&amp#27;[39m &amp#27;[37mPOST&amp#27;[ON39m WP&amp#27;[37m/wd/hub/se]&amp#27;ssi[39m on/6c033502    -fat Ged8ne8-472rato2-8b5rFunb-9ctio2e9nPro19to49type.pd1roto61/elemtyentpe&amp#27;[39.(m
&amp#27;[35anom[HTTP]&amp#27;[nymo39usm  func&amp#27;[tion) [90as thm{"using"ro:"id","w] (value"/usr/:"com.Sllocal/lack:id/nextib/n_buttoode_n_urlmo_edulentry"}&amp#27;[39s/appim
um/node[d_mebug] &amp#27;odules/babel-runti[3me/regener5m[ator/ruW3ntimC]&amp#27;[3e.js:100:29m Call1)ing
&amp#27;[35 AppiumDrm[MiveJSr.findElemONent() wiWP]&amp#27;[39m  th   at a Grgens:erato [rFuncti"id"onProtot,"com.ype.invoke (/usr/Slalocal/ck:ilid/b/next_bnode_mutton_urodl_enulestr/ay"ppium,"/n6c03350ode_2-fd8mo8-4722-8b5b-92e919du49led161"]
[ds/baebug] &amp#27;[35m[BasebDriver]&amp#27;[el-39m Valrunid time/regenelocrator/rator stunrategies fotir thme.js:is 136:3re7)quest: x
&amp#27;[35m[MJSONWpatP]&amp#27;[39m Eh, id, class name,nc accessiountbiliered ity id, -nternal error andrunninrog coid uiaummatomand: NoSuchElemtor
[debueng] &amp#27;tError: An[3 eleme5m[Bant coseDrivulerd no]&amp#27;[39t be lom Waitcated on thing up to 0 ms fore  cpage onditionusing the given search pa
[ramedebug] &amp#27;[3ter5m[JSONWP Proxys.
&amp#27;[]&amp#27;35m[MJSONWP[39m Match]&amp#27;[39edm     ' at And/eroidUileaument' totoma ctor2Domriverman.cd nameallee$0$0$ ( 'fi/usrndElem/lenoct'
[aldeb/liugb/] &amp#27;no[35dem[JSONW_mP odProxules/appy]&amp#27;[39m Proxying ium/n[POST od/ee_molement] to [duPOSTle hts/appiumtp-an://lodroicalhd-driver/lib/coosmmant:82ds/01/wd/fihub/send.jsssio:75:11)
&amp#27;[n/5a27c767-9791-4751-35m[872d-MJ2eSONWP]&amp#27;[3d69m   12c  atd60 t6d/elemeryCatcnth (/usr/local/li] with bb/noodyde_modu: {"strles/aategy"ppium/node_modules:"/bid","selector":"coabem.Slal-runtimck:ide/regener/nexatot_bur/runtime.js:67:40)
&amp#27;[35tton_urlm[MJSONWP]_en&amp#27;[try",39m     at"cont GexeneratorFut":"nc","multiple":faltionPrototype.invoke [ases _invoke] }
(/u[dsr/loebcal/ug]li &amp#27;[3b/no5m[deMJ_modSONWulP]es&amp#27;[/app39m Matched JSONWP erriuor code 7 m/to nodNoSuchEle_ementmoErrodulesr
/babe&amp#27;[35m[HTTP]&amp#27;l-runtime/[39m &amp#27;[regenerator/runtim37m<-- POe.ST js:/wd/hub/31session5:/6c22)033502-fd88-4
&amp#27;[35m[722-8MJSOb5bNWP-92]&amp#27;[39me9194     at Gen9d161/eeratlement &amp#27;[39m&amp#27;[31m500&amp#27;[39m &amp#27;[90m23 ms - 164&amp#27;[39m
&amp#27;[35m[HTTorFunctionPrototype.prototP]&amp#27;[39ypm &amp#27;[e.(anonymous function) [as throw] (/usr/local90m&amp#27;/lib[39m
&amp#27;[/node_modules/appium/nod35e_modm[HTules/TP]&amp#27;[39m &amp#27;[37m-->&amp#27;[39babel-runtime/rem &amp#27;[37mPOST&amp#27;[39mgenerator/ru &amp#27;[ntime.j37s:100:21)
&amp#27;[35m[MJSONWP]&amp#27;[39m m/wd  /h  at Gub/session/6c033eneratorFunctionProt502-fdot88-ype.invoke (/usr/loc4722-8b5b-92e91949d161/elemental/lib/nod&amp#27;[39m
&amp#27;[35e_modules/appium/nodem[HTTP]&amp#27;[39m &amp#27;[90_modulesm{"/busing":"id","vabel-runtalueime/regener":"atorcom./runtime.js:13Sla6:37ck:i)
&amp#27;[35m[MJSONWP]&amp#27;[39m Encoud/next_bntutton_urlered internal error running co_emmntry"}and: No&amp#27;[SuchElementErro39m
[debugr: An element could not be loca] &amp#27;ted on t[3he p5m[W3C]&amp#27;[3age using the give9m Calling AppiumDriver.findEn selemarch pent(aram) witeteh args: ["id","com.rs.
Sla&amp#27;[ck:id/next_button_u35m[Mrl_entry","6c033502-fd88JSONWP]&amp#27;[39m     at AndroidUiautomator2Driver.cal-4722-8b5b-92e9lee$0$0$ (/usr/local/lib/node_modules/app19ium/49d1node_mo61"]
[debug] &amp#27;[35m[BaseDriver]&amp#27;[3dules/9m Valid locator straappium-android-dtegieriver/lib/coms for this reqmanueds/fst: ind.jxpath, id, class s:name75:11)
&amp#27;[35, accessibility m[MJSONWP]&amp#27;[39m     id, -android uiautat tryCatch omator
[debug] &amp#27;[35m[(/uBaseDriver]&amp#27;[39m Waiting up to 0 mssr for condition
[debug] &amp#27;[35/locam[JSONWP Proxy]&amp#27;[39m Matchel/d '/elemelintb/no' to command name 'findElemende_modules/t'appium/node_modules/ba
[debug] &amp#27;[35m[JSObelNW-rP Pruntime/oxy]&amp#27;[3regenerator/runti9m Proxying [POST /element]me.js:67:40 to)
&amp#27;[3 [POST http://l5m[MJSONWP]&amp#27;[3ocalhost:9m   8201  at GeneratorFunctionProt/wd/hub/session/5a27c767-979otype.invoke 1-4751-872d-2ed612cd606d/element] with body: {"strategy":"id","s[as elector":"co_invoke] (/usr/local/lib/node_modm.Slackule:id/ns/appium/ext_bnode_mouttondu_urles/babel-l_entry","contruntime/ext":"","remultiple":false}
[generator/runtime.js:315:debug] 22)
&amp#27;&amp#27;[35m[[35m[MJSONWMJSONWP]&amp#27;[39m Matched JSOP]&amp#27;[3NWP error code 7 to NoSuchEleme9mntError
&amp#27;[35m[HTTP]&amp#27;[   39m &amp#27;[37  at Generam<torF--unction POPrototypST /wd/he.prototub/session/6ypec033502-fd88-4722-8b5b-92e91949.(anonyd161/elmous fement &amp#27;[39m&amp#27;[31m500&amp#27;[39m &amp#27;[90unctm30ion) [a ms - 164&amp#27;[39m
&amp#27;[s throw] 35m[(/HTTP]&amp#27;usr/local/lib/[39m &amp#27;[90m&amp#27;node_modu[3les/9m
&amp#27;[35m[HTTP]&amp#27;[39m &amp#27;[37appim-->&amp#27;[39m &amp#27;[37mPOST&amp#27;[39um/node_modulm &amp#27;[37m/wd/es/babel-runtime/hub/sessionregenerator//6c033502-fd88-4722-8b5b-92runtimee9.js:19100:249d161/e1)lement&amp#27;[39m
&amp#27;[35m[HTTP]
&amp#27;[3&amp#27;[395m[Mm &amp#27;[90m{"usiJSONWP]&amp#27;[39m     at GenerangtorFunctionPrototype":"id","valu.ie":"com.Slack:nvoke (/usr/local/lib/id/next_bnouttdeon_url_en_motry"dules/appium}&amp#27;[39/nom
[debde_moug] &amp#27;[35dulem[W3C]&amp#27;[39s/babel-runtime/regm Caenerator/runtime.js:1lling 36Appi:37)
&amp#27;[35m[MJSONWP]&amp#27;[3umDriver.findElement() 9m Encountwith argered internal error running s:command: N [oSuchE"id","lemecontError: An elemm.enSlack:id/next_buttt could on_url_enotntry" b,"e 6c033502-fd88-located 4on the 722page -8b5b-9usin2e91949d161"]
[debug] &amp#27;[35m[Basg the given search paraeDriver]&amp#27;[39m Valmeid ters.
&amp#27;[35m[MlocaJSOtor strNWateP]gies for &amp#27;[39m     at Androthis request: xpaidUiautomator2Dth, irid, class name, accver.cessibility id, -android uiautomatallee$0$0$ (/usr/locor
al/[deblib/nug] &amp#27;[ode_35m[BamoseDrduliver]&amp#27;[39es/am Wappium/node_modules/appiiting umup to-andr 0 oid-driver/ms for lib/ccoomndmands/finition
[debd.jug]s: &amp#27;75:11)
&amp#27;[35m[[35m[JSONWP Proxy]&amp#27;[39m MatMJSONWP]&amp#27;[39m ched '/element' to command name 'findElement'
[debug] &amp#27;[35m[JSONWP Proxy]&amp#27;[39m Proxying [POST /element] to [POS  T http://l  at tryCatch (/usr/local/lib/ocnode_amodules/appium/node_modules/babel-runtlhost:8201/wd/hub/session/5a27c767-9791-4751-872d-2ed612cd606d/element] with body: {"strategy":"id",ime/r"selector":"coegenerator/runtime.js:m.Slack:id/nex67t_button_url_:4entr0)
&amp#27;[35m[MJSOy","cNWontext":""P]&amp#27;[39m,"multiple":     at GeneratorFunctionProtofalsetype.in}
[debugvoke [as _invoke] (/usr/local/lib/no] &amp#27;[de_modul35esm[MJSONWP]&amp#27;[39m Matched JSONWP e/apprrium/nor codeod_modules/babee 7 to NoSuchElementError
&amp#27;[35m[HTTP]&amp#27;[39m &amp#27;l-ru[3ntime/regenerator/runtime.js:315:7m<--22)
&amp#27;[3 POST /5m[MJSONWP]wd/hub/session/&amp#27;[39m     at GeneratorFunctionPrototype.prototype.(anonymou6cs 03funct3502-fd88-4722-8b5b-92e91949d161/element &amp#27;[39m&amp#27;[31m500&amp#27;[3ion) [as th9m &amp#27;[90m20 mrow]s - 164 (/u&amp#27;[39m
&amp#27;[35m[HTTP]&amp#27;sr/lo[39m &amp#27;[cal/lib/node_90m&amp#27;[39m
&amp#27;[35m[modules/appium/node_moduleHTTs/babel-runtime/regenerator/runP]&amp#27;[39m &amp#27;[time.js:100:37m-->&amp#27;[2139m &amp#27;[)
&amp#27;[35m[37mPMJSOOST&amp#27;[39m &amp#27;[37m/wd/hub/sNWession/6c0P]&amp#27;[3933502-fd88-472m 2-8b5b-92e91949d16    1/element&amp#27;[39mat
&amp#27;[35m[HTTP]&amp#27;[39m &amp#27;[90m{"us GeneratorFunctionPrototype.invoke (/usr/local/lib/node_modules/appium/node_modules/babel-runtime/regenerator/runting":"id","value":"com.Slack:id/next_button_url_entry"}&amp#27;[39m
[debug] &amp#27;[35m[W3C]&amp#27;[39m Calling AppiumDriver.findElement() with args: ["id","com.Slack:id/next_button_url_entry","6c033502-fime.js:136:3d887)
&amp#27;[35m[MJSONWP]&amp#27;[39m Encountered internal error running com-4722-8b5b-92e91949d161"]
[debug] &amp#27;[35m[BaseDriver]&amp#27;[39m Valid locator strategies for this request: xpath, id, class name, accessibility id, -android uiautomator
[debug] &amp#27;[35m[BaseDriver]&amp#27;[39m Waiting up to 0 ms for condition
[debug] &amp#27;[35m[JSONWP Proxy]&amp#27;[39m Matched '/element' to command name 'findElement'
[debug] &amp#27;[35m[JSONWP Proxy]&amp#27;[39m Proxying [POST /element] to [POST http://localhost:8201/wd/hub/session/5a27c767-9791-4751-872d-2ed612cd606d/element] with body: {"strategy":"id","selector":"com.Slack:id/next_button_url_entry","context":"","multiple":false}
[debug] &amp#27;[35m[MJSONWP]&amp#27;[39m Matched JSONWP error code 7 to NoSuchElementError
&amp#27;[35m[HTTP]&amp#27;[39m &amp#27;[37m<-- POST /wd/hub/session/6c033502-fd88-4722-8b5b-92e91949d161/element &amp#27;[39m&amp#27;[31m500&amp#27;[39m &amp#27;[90m20 ms - 164&amp#27;[39m
&amp#27;[35m[HTTP]&amp#27;[39m &amp#27;[90m&amp#27;[39m
&amp#27;[35m[HTTP]&amp#27;[39m &amp#27;[37m-->&amp#27;[39m &amp#27;[37mPOST&amp#27;[39m &amp#27;[37m/wd/hub/session/6c033502-fd88-4722-8b5b-92e91949d161/emand: NoSuchElementError: An element could not be located on the page using the given searlementch paramet&amp#27;[39m
&amp#27;[3ers.
&amp#27;5m[[35m[HTMJTP]&amp#27;[39m &amp#27;[90m{"using":"idSO","value":"com.Slack:id/next_button_url_entry"}&amp#27;[39m
[debNWP]&amp#27;[39m     at AndroidUiautomator2Driver.callee$0$0$ (/usr/local/lib/node_modules/appium/node_modules/apug]pium-a &amp#27;[35ndroid-drm[W3C]&amp#27;[39iver/lib/comm Cmaalling AppiumDrivernds.find/findElement() with args: .js:75:["id","11com.Slack:id/next)
&amp#27;_button_url_ent[35m[MJSONWP]&amp#27;[ry","6c033502-fd88-439m     at try722-8bCatch (/usr/5b-92e91949d161"]
[debug] &amp#27;loc[35m[BaseDral/lib/node_moduliver]&amp#27;[39m Valid locator strates/appium/nodeegies f_modules/babel-runtimeor this /regenerrequest: xpath, id, class name, accessibility id, -aatndroor/runtime.js:67:40)
&amp#27;[35m[MJSONWP]&amp#27;[39m     at GeneratorFunctionPrototype.invoke [as _invoke] (/usr/local/lib/node_modules/appium/noid ude_modules/babel-runtime/regenerator/runtime.js:315:22)
&amp#27;[35m[MJSONWP]&amp#27;[39m     at GeneratorFunctionPrototype.prototype.(anonymous function) [as throw] (/usr/liautomator
[debug] &amp#27;[35m[BaseDriver]&amp#27;[39m Waiting ocal/lib/noup tode_module 0 ms for condits/appium/node_modules/babel-runion
[debug] &amp#27;[35m[JSONWPtime/ Proregexy]&amp#27;[39m Manertched '/eleator/ment' runtimeto c.js:100:21)
&amp#27;[35ommand name m[M'findElemJSONWP]&amp#27;[39ent'
[dem     atbug] &amp#27;[35m[JS GeneratorFunctionPrototypeONWP Proxy]&amp#27;[39m Prox.invying [Poke OST /elemen(/usr/local/t] lib/node_modules/appium/node_modules/babel-runtime/regenerator/runtime.js:136:37)
&amp#27;[35m[MJSONWP]&amp#27;[39m Encountered internto [POST http:/al error running command: NoS/localhosuchElementError:t:8201/wd/hub/sess An elemenion/5a27t could not be c767-9791-475located on 1-872d-2ed612cd606the d/epage using the given search parameters.
&amp#27;[lement] with body: {"strategy":"id","selector":"com.Slack:id/next35m[_button_urMJSl_entry","contexONWt":"","mulP]&amp#27;[39tiple":m   false}  at 
[debuAndrg] &amp#27;[35m[MoidUiautomator2Driver.calJSONWPlee$0$0$ (/usr/loca]&amp#27;[39l/libm Mat/node_modules/appium/node_modulched JSONWP error code 7 to NoSuchEles/appium-andemenroid-driver/lib/commandstError
&amp#27;[35m[HTTP]&amp#27;[/fin39m &amp#27;[37m<-- POd.js:75ST /wd/hub/session/6c033502-fd8:118-)
&amp#27;[35m[MJSONWP]&amp#27;[39m     at tryCatch (/usr/local/lib/4722-8b5b-92e91949d161/element &amp#27;[39m&amp#27;[31m500&amp#27;[39m &amp#27;[90m20 ms - 164&amp#27;[39m
&amp#27;[35m[HTTP]&amp#27;[39m &amp#27;[90m&amp#27;[39m
&amp#27;[3no5m[HTTP]&amp#27;[39m &amp#27;[37m-->&amp#27;[39m &amp#27;[37mPOST&amp#27;[39m &amp#27;[37m/wd/hub/session/6c033502-fd88-4722-8b5b-92e91949d161/element&amp#27;[39m
&amp#27;[35m[HTTP]&amp#27;[3de_m9m &amp#27;[90m{"using":"id","value":"com.Slack:id/next_button_url_entry"}&amp#27;[39m
[debug] &amp#27;[35m[W3C]&amp#27;[39odm uleCalling AppiumDrivs/appiumer.f/node_mindElemoduent(les/babel-runt)im with argse/re: ["id","com.Slack:id/next_button_url_entry","6c033502-fd88-4722-8b5b-92e91949d161"]
[debug] &amp#27;[35m[BaseDriver]&amp#27;[39m Valid locator strategies for this request: xpath, id, class name, accessibility id, -android uiautomator
[debug] &amp#27;[35m[BaseDriver]&amp#27;[39m Wgeneaiting urap to to0 msr/runtime.js:67:40)
&amp#27;[35m[MJSONWP]&amp#27;[39m     at GeneratorFunctionPrototype.invoke [as _invoke] (/usr/local/lib/node_modules/appium/node_modules/babel-runtime/regenerator/runtime.js:315:22)
&amp#27;[35m[MJSONWP]&amp#27;[39m     at GeneratorFunctionPrototype.prototype.(anonymous func for contidition
[debug] &amp#27;[35m[JSONWP Proxy]&amp#27;[39m Matched on)'/element' to command name 'fin [as thrdElement'
[owdebug] &amp#27;[35] (/usr/m[JSONWP Proxy]&amp#27;[lo39m Proxyingcal/li [POST /elemenb/not] to de_modul[POSTes/ap httppi://loum/node_mocalhduostles/babel-runtime/re:820generator/r1/wd/hub/suntime.ession/5a27c76js:1007-9:21)791
&amp#27;[35m[MJS-4751-872d-2ed61ONWP]&amp#27;[392cd606d/elemem     at GeneratorFunctiont] with body: {"strategy":"id","selectonPrr":"otocomtype.Slack:id/next_bu.invoke tton_(/url_enustry","cr/ontlocal/extlib/no":"","multiple":false}
[debug] &amp#27;[35m[MJSONWP]&amp#27;[39m Matched JSONWP error code 7 de_modules/to Noappium/node_modules/babel-runtime/regenerator/runtime.js:136:37)SuchElementErr
&amp#27;[35m[or
&amp#27;[35m[HTTP]&amp#27;[39m &amp#27;[37m<-- POSTMJSON /WPwd/hub/sessi]&amp#27;[on/6c033502-fd88-4722-8b5b-92e91949d161/element &amp#27;[39m&amp#27;[31m500&amp#27;[39m &amp#27;[90m22 ms - 164&amp#27;[39m
&amp#27;[35m[HTTP]&amp#27;[39m &amp#27;[90m&amp#27;[39m
&amp#27;[35m[HTTP]&amp#27;[39m &amp#27;[37m-->&amp#27;[39m &amp#27;[37mPOST&amp#27;[39m &amp#27;[37m/wd/hub/session/6c0335039m Encoun2-fd88-4722-8b5b-92e91949d161/element&amp#27;[39m
&amp#27;[35m[HTTP]&amp#27;[39m &amp#27;[90m{"using":"id","value":"com.Slack:id/next_button_url_entry"}&amp#27;[39m
[debug] &amp#27;[35m[W3C]&amp#27;[39m Calling AppiumDriver.findElement() with args: ["id","com.Slack:id/netext_button_url_entry","6c033502-fd88-4722-8b5b-92e91949d161"]red
[debug] &amp#27;[35m[BaseDriver]&amp#27;[39m Valid locator strategies fo ir tnthis request: xpaternh,al error runni id, clang comss mand:na Nome, acSuchElemcessibilityent idEr, -androroir:d uiautoma Ator
n[debug] &amp#27;[ e35mlemen[BaseDriver]t co&amp#27;[39m Waiting up to 0 uld ms for not conbe dition
[dlocebug] &amp#27;[35m[JSONWP Proatexy]&amp#27;d on t[39m Mahe pagetc uhed '/elemsent' into comg thmane given seard nchame  para'fmeterins.
&amp#27;dEl[35m[MJSONWP]ement'
[debu&amp#27;[3g] 9m    &amp#27;[3 a5mt Andr[JSONWP ProioxydU]&amp#27;[iautom39atm Porroxyi2Dngri [POST /element] to [POSTver.c htalleetp://l$0$0$ocalhost:82 (/01/wusr/d/hloub/sescal/lsion/5a27c7ib/n67-9791-4ode_modu75le1-s/87appium/node_mo2d-2ed612cddul606d/element] wesith /appiubody: {"strategym-android-":"id",driver/l"ibsele/commands/find.js:75:11)
&amp#27;ctor":"com.Slack:id/next_button_url_entry","contex[35m[MJSONt":WP]&amp#27;[39m "","multiple":f    at tryCatch (/ualse}
[debug]sr/l &amp#27;[35m[MJSOocNWP]&amp#27;[39m al/lib/noMatcheded JSONW_modules/P eaprror cpiode um/7 tnode_o NoSumoduchElementError
&amp#27;[35m[HTTP]&amp#27;[39m &amp#27;[37m<-- POSles/baT /wd/hub/session/6c033502-fbel-runtime/red88-4722-8b5b-92e91949d161/element &amp#27;[39m&amp#27;[31m500&amp#27;[39m &amp#27;[90m21 ms - 164&amp#27;[39m
&amp#27;[35m[HTTP]&amp#27;[39m &amp#27;[90m&amp#27;[39m
&amp#27;[35m[HTTP]&amp#27;[39m &amp#27;[37m-->&amp#27;[39m &amp#27;[37mPOST&amp#27;[39m &amp#27;[37m/wd/hub/session/6c033502-fd88-4722-8b5b-92e91949d161/element&amp#27;[39m
&amp#27;[35m[HTTP]&amp#27;[39m &amp#27;[90m{"using":"id","value":"com.Slack:id/next_button_url_entry"}&amp#27;[39m
[debug] &amp#27;[35m[W3C]&amp#27;[39m Calling AppigeumDrivenerator.findElemer/rntuntime.js:67:40())
&amp#27;[3 with 5margs: ["id[MJSONWP","]&amp#27;[com.Sl39mack:id/n  ex   at t_GeneratorFunctbutton_iournPl_entry","6c033502-fd88-4722-8brototy5b-92pe.invokee91949 [d161"]as
[d _ebug] &amp#27;[35m[BainseDriver]&amp#27;[39m Valid locatorvoke s] tr(/usater/giesloca for l/lib/thinodes re_modules/appiumque/node_modules/babel-rustntime/rege: neratoxpr/runtime.js:315:22)
&amp#27;[35m[MJSONWP]&amp#27;[39m     at GeneratorFunctionPrototypate.protoh,type.(anonymous  id, clfuncastis on) [as name, accessibility id, -athndroidro uiautomator
[debugw] ] &amp#27;[35(/m[BaseDriver]&amp#27;[39usm Waitingr/local/li up to 0b/node_m modules/as for cppium/nodone_moduldities/babel-runtionme/r
[egenedeburator/runtime.js:100:21)
&amp#27;[35m[MJSONWP]&amp#27;[39m     at GeneratorFunctionPrototype.invoke (/usr/local/lib/ng]o &amp#27;de_modules/app[35ium/node_modulm[esJSON/babel-runtimWP Proxe/regenerator/runtime.js:136:37)
&amp#27;[35m[MJSONWP]&amp#27;[39m Encountered internal error running command: NoSuchElementError: An element could not be located on the page using the given search paramy]&amp#27;[eters.
&amp#27;[35m[M39m MatchJSedON 'WP]&amp#27;[/el39m     at Androement'idUia to command name 'fiutomndator2DrivElemer.caenllee$0$0$ (/usr/lt'
[debug]ocal/lib &amp#27;[35m[JSONWP /node_modules/appium/node_moPrduoxy]&amp#27;[39m Proxying [POST /element] to [POST http://localhost:8201/wd/hub/session/5a27c767-9791-4751-872d-2ed612cd606d/elemelent] s/with bappium-ody: {"straandroid-driver/lib/commands/tegy":find.j"is:d"75:11)
&amp#27;[35m[MJSONWP]&amp#27;[39m     at tryCatch (/u,"srselect/locaorl/l":ib"com/n.Sodlack:ie_d/nextmodu_button_url_entrley",s/"context":appium/"","multnoiple":fde_malsode}
[uldebug] &amp#27;[35m[Mes/JSbabel-rONWunP]&amp#27;[3time/9m Matchregeneraed Jtor/SONruntimWP ere.js:67:4ror 0)
&amp#27;[35mco[MJde 7SONWP to ]&amp#27;[39m     at NoSuchEleGeneratormeFunctionPntErorrtotyorpe
&amp#27;[.in35m[HTTP]&amp#27;[39m &amp#27;[vo37m<-- ke [aPOs _inSTvo /wd/hub/seske] (sion/6c03350/usr/local2-fd/lib88-4722-8b5b-/node_mod92eule91949s/appium/nodd1e_m61/elodulement es/ba&amp#27;[39belm&amp#27;[31m-ru50nti0&amp#27;[39m &amp#27;[me90m2/regenerat3 or/rumsntime.js -:315:22)
&amp#27; 16[35m[MJSONWP]&amp#27;[4&amp#27;39m [3    at G9men
&amp#27;er[3at5m[HorFTTP]unctionPr&amp#27;[39m &amp#27;[90m&amp#27;[39m
&amp#27;[35otom[HTTP]&amp#27;[39mtype.pro &amp#27;[37m--totype>&amp#27;[39m.(anonymou &amp#27;s fu[37mPOSnctionT&amp#27;[39) [am &amp#27;[37m/wd/hub/session/6c033502-fd88-4722-8s b5b-92e919th49rod1w] (/61us/er/lolecal/lib/node_modules/ment&amp#27;[39m
&amp#27;[3appium5m[H/noTTP]&amp#27;[3de_m9modul &amp#27;[90esm{"usi/babng":"iel-rund","value":"com.Slack:idtime//nexret_button_urlge_entnery"}ra&amp#27;[39m
[debug] &amp#27;[3to5mr/[W3ruC]&amp#27;[ntim39e.js:m 100:Calling App21)
&amp#27;[35m[iuMJSONWP]&amp#27;[39m    mD atriver.f GindEeneratolement() rFuwinctithonProt argots: ["id"ype.i,"com.nvSlacoke (/usr/lk:id/next_button_urlocal/l_enib/nodtre_y"mo,"6cdules/app03ium/35no02de-f_moduld8es/bab8-el-runtime/re4722-8genb5erb-92ator/rue9nt19im49d161"]
[debug] e.js:1&amp#27;[35m[BaseDriver]&amp#27;[39m Va36:37lid loc)
&amp#27;ator strateg[3ies for this 5mreque[MJSONWP]&amp#27;[st: 39m Encoxpunatterh, iedd, cl iass ntname, accernaless erroibilityr  id, running command: NoS-auchndroiElemd uientauErtomatoror: An er
le[debument could nog] &amp#27;[3t 5m[Babe seDriverlo]&amp#27;ca[39m Waited on the page utingsi ung the given search parp to 0 ms for conamediters.
tio&amp#27;[35n
[m[MJSONWdebP]&amp#27;[3ug9m ] &amp#27;[    35m[Jat AndroidUiaSONWP utPromoxyator2Driv]&amp#27;[er39.cam Mlleate$0$0ch$ ed(/u '/element'sr/local to co/libmmand /nnameode_mod 'findEules/applemeium/nodent_m'
[debug] &amp#27;[3odul5mes/appium-[JandroiSOd-drNWivP er/lPrib/commoxands/finy]&amp#27;[39d.m Prjs:75:11)ox
&amp#27;[35m[MJSying [POST ON/eWPle]&amp#27;me[3nt9m]   to   [POST http://local ahot tryCstatc:82h (/usr01/l/wd/hub/ocseal/ssliion/b/nod5a27c7e_modu67-9791-4751-87le2d-2ed612cd606d/els/appiuement] withm/ bnode_modody: {"straultees/bgy":"id"abel,"selector"-runti:"come/regm.Slack:idener/next_atorbutt/runtionme.js:_u67:40)rl_ent
&amp#27;ry","context[35m[":MJ"","SONWPmu]&amp#27;[3lt9miple":false}
[  debu  g] &amp#27;[35m[M aJSONWt GeP]&amp#27;[39m ManerattchedorFunc JSOtionNWPrototypeP error code 7 to NoSuchEleme.invntError
ok&amp#27;[35m[HTTPe []&amp#27;[39m &amp#27;[3as _in7m<-- POST vo/wke] d/hub(/u/sessisr/localon/li/6b/noc033de502-f_mod88-47dul22-8bes/ap5b-pium92/node_me9odules/b1949d161/elemabel-entrunti &amp#27;me[39m&amp#27;[31m500/regener&amp#27;[39ator/runm ti&amp#27;[9me0m.js:26315:2 m2)
&amp#27;[35s - m[164&amp#27;[39m
&amp#27;[MJ35m[HTSOTP]&amp#27;[3NWP]9m&amp#27;[ &amp#27;[90m39&amp#27;[39m
m &amp#27;[35m[HTTP]&amp#27;    [3at Ge9m &amp#27;[3ne7m-->ratorFunctionP&amp#27;[39m &amp#27;[37mPOST&amp#27;[39m &amp#27;[37m/wrototyd/hupeb/.prototype.(anonymous function) [as throw] (/usr/local/lib/node_modules/appium/node_modules/babel-runtime/regenerator/runtsessionim/6c0e.js3350:1002-:2fd1)
&amp#27;[35m[MJSONWP]&amp#27;[39m     at Gen88eratorFu-4ncti72onProt2-8b5otb-92e91949d161/eyplemene.invoket&amp#27; (/usr/local/lib/no[39dem
&amp#27;[35m[HTTP]_mod&amp#27;[ules39/appium/node_mm &amp#27;od[9ules/ba0mbel-runt{"using":"id",ime/regenerator/runtime.js:1"val36:37)ue":
&amp#27;[3"c5mom.[MJSONSlWP]&amp#27;[ac39m Encounk:tereid/next_button_urd l_entry"}&amp#27;[39m
[deinbug] &amp#27;[35ternal error runninm[W3C]g comman&amp#27;[39m Calling Appiumd: NDriver.findEoSlement() with ucargshE: ["iled","com.Slack:id/nextme_butnttoErrn_or: url_entryA","6n elc033em502ent cou-fld nod88t be located on the page using the given searc-4h paramet72er2-8b5b-s.
&amp#27;[3592e91949m[Md161"]JS
[ONdebug] WP&amp#27;[]&amp#27;35m[39m[BaseDriv     erat ]&amp#27;[And39mro VidaliUid locator stauratetomatogies r2foDriver.cr thisal rleequee$0$0$st: xp (/uathsr/loc, idal/l, ib/node_class name, accessibmodulility id, -androes/appiumid u/niautomator
[debug]ode_modules/appium- &amp#27;[35m[andrBaseDriver]&amp#27;[39m Waiting up toio 0 ms for conditd-ion
[drivdebug] &amp#27;[35m[JSerONWP /lib/commands/fProxy]ind.&amp#27;[39m Matched js:75:11)
&amp#27;'/[35m[MeleJSOmenNWP]&amp#27;[t'39m     at try to Catch (command name/usr/l 'findElement'
[debuocal/lg] ib/n&amp#27;[3ode_5mmo[JduSOles/appium/nodeNWP _mProduloxy]&amp#27;[39m es/bProxabel-runying time/re[POSgeneT /erator/runtime.jles:me67nt]:40)
&amp#27;[35m to[M [POST httpJSONWP]://&amp#27;[localhost:8201/wd39m/hub/session/5a27c767     at GeneratorF-9791u-4751-ncti872d-on2ed6Proto12cd6ty06dpe.invoke [as _invoke] (//elemenusrt] w/locaith body:l/ {"strategylib/n":"ode_moduleid","ss/elecappium/node_modules/babel-rtorunti":"com.Slack:me/regeneratidor/runtime.js:315:22)
&amp#27;[/n35m[MJSext_bONutton_urWP]&amp#27;[39m     at GeneratorFunctionPrl_entryoto","context":"type.pro","multiple":false}to
[debug] &amp#27;[35m[MJSONWP]&amp#27;ty[39pe.(anonm ymousMatc fheunction) [d JSasONWP  therror corow] (/usr/local/lib/de 7 nodeto No_modules/SuchElementError
appium/&amp#27;[35node_modum[HTTP]&amp#27;[39m &amp#27;les/babel[37m-runti<-- PmeOST /wd/hub/se/regssenion/6cer033502-fd8at8-or/r47unti22-me8b5b-92e91949d16.j1/element &amp#27;[s:39100:21)m&amp#27;[3
&amp#27;[35m[M1mJSONWP]50&amp#27;[39m     0&amp#27;[39m &amp#27;[90m25 at Genems rat- orFunctio164&amp#27;[39mnPro
&amp#27;[totype.invoke35 (/usm[r/locaHTTPl/lib]&amp#27;[39m &amp#27;[90m&amp#27;[/nod39m
e_modules/appium/n&amp#27;[od35m[e_modulHTTes/baP]&amp#27;[39m &amp#27;[37m-->&amp#27;[39bem &amp#27;l-[37mruPOSntime/regenerT&amp#27;[39m &amp#27;[37mat/wdor/runtime.j/hs:136:37)
&amp#27;[35m[MJSub/seONWP]&amp#27;[3ssion/69mc033502 E-fd88-4722-8b5b-9nc2e91949d1ounte61/elemerentd i&amp#27;[nte39m
&amp#27;[35m[HTTP]rnal&amp#27;[39m &amp#27;[90m{ err"usior running commandng":"i: d","value":"Nocom.SlackSuchE:id/next_buttleonmentErro_url_entry"}r: An &amp#27;[39m
[deleebug] &amp#27;[35m[Wment could 3Cnot be]&amp#27;[39 m Callilong Acated onpp the piumDriage veusir.ng thefindElement() g wiiven sthearch para args: me["id"ter,"cos.
&amp#27;[m.Sla35m[MckJSONW:iP]&amp#27;[39m     at AndroidUiautomd/next_atbuor2Drttiver.conallee$0_url_$0$ (/usr/locenal/lib/node_try","6cmodu033502-fd88-472le2-8b5s/appium/node_b-92e91949dmodule16s/1"ap]
[debug] &amp#27;[3pium-and5m[Broidas-driver/leDib/ricover]mm&amp#27;[an39m ds/fValid linocd.js:at75:11)or strat
&amp#27;[35m[MJegies for this requestSONWP]&amp#27;[3: xp9m     ath,at i td, crylassCat namch (/usre,/l accocal/lessibility ibid, -a/nodendroid u_miautomatodor
[deules/appium/node_modules/babbel-ruug] &amp#27;[35m[ntBaseimDriver]e/regene&amp#27;[3rato9mr/ Wruntime.js:67aiting up to 0 ms:40)
&amp#27;[35m[MJSO foNWr condition
[debuP]&amp#27;[39m g]    at GeneratorFunctionPro &amp#27;[35m[JSONWP Proxy]&amp#27;[39m Matchetotype.d '/invelement' toke [as o _icommanvond name ke] (/usr/'findElelomecalnt'
[/lib/node_modebugdules/app] &amp#27;[3ium/node_mo5m[JSONWPdules/babel-runtime/regene Proxy]&amp#27;[39m Proxyinrator/rg [POST /elemenunt] to [POST time.js:315http::22)
//l&amp#27;[35m[MJSONWP]oca&amp#27;[lhost:820139/wdm     at Gen/heratorFunctiub/session/onPr5aotot27ypec767-9791-.prot4751-87otype.(anonymous 2d-functi2eon) [as thrd6ow] (/usr/12cd606d/elemenlocal/t]lib with body: {"stra/node_modules/aptegy":"id","selector":"com.Spiulack:idm//nnode_moext_buttondu_ules/babel-rrl_untime/regenerator/enruntry","cotintemext":.js"":100:2,"mu1)ltipl
&amp#27;[35e":fm[alse}
[debugMJ] &amp#27;[3SO5mNWP]&amp#27;[39[MJSONm     at GenWPer]&amp#27;atorFunctionP[3rot9motype.i Matched JSONWP envrrooke (/ur codesr/local/li 7 tb/noo de_modulNoes/aSuppichElemumen/node_modtEules/rrbaorbe
&amp#27;[3l-runtime5m[H/rTTP]eg&amp#27;[39enerator/rum ntime.js:136:37&amp#27;[)
37m<&amp#27;[-- POST /wd/hub/session/356c033502-fd88-m[M47JSONWP]&amp#27;[39m22-8b5b-92e91949d161/element &amp#27;[39m En&amp#27;[31m500&amp#27;[39m &amp#27;[9co0m2untere2 d inmsternal erro - 164&amp#27;[3r 9m
&amp#27;[3ru5m[HnninTTP]&amp#27;[39mg comm &amp#27;and[90: NoSuchElementError: An em&amp#27;[39m
&amp#27;[35m[HTTP]&amp#27;[39ml &amp#27;[37mem-->&amp#27;[39m &amp#27;[37mPOST&amp#27;[39ment &amp#27; co[37m/wd/hub/uld notse be ssloiocated on the pan/ge using th6c0e g33502iven search par-fdameter88-4722-8b5bs.
&amp#27;[35-92em[MJSONWP]&amp#27;[3991m     at And94ro9didU161iaut/element&amp#27;[39m
&amp#27;om[3ato5m[r2Driver.calHTleTP]&amp#27;[39m e$0$&amp#27;[90$ (/us0m{"using":r/"id","value"local/lib/nod:"com.Slack:id/next_bute_mtoodules/apn_url_entry"}&amp#27;[39m
[debug] pium/&amp#27;[35m[W3C]node_module&amp#27;[3s/appiu9mm-androi Calling Apd-drivepiumDrr/iver.finlidElemenb/ct() with args: ommands["id"/f,"comind.js.S:75:la11)
&amp#27;[35m[ck:iMJSd/next_butONton_urWP]&amp#27;l_[39m     at entrtryCay"tch (/usr/local,"6c0/lib/node_modu3350les/appium/nod2-fe_modules/babed88-4722-8b5b-92l-e91949d161"]
[debug] &amp#27;[35m[Baseruntime/regeDrivenerr]ator/&amp#27;[39runtim Valid locatorme.js:67:40 s)
&amp#27;[35mtrategies [MJSONfor thWPis req]&amp#27;[39m     auest: xpat Generatoth, id, clasrFuns ctiname, aconProcesstotype.inibility id,voke  -androi[ad uis _iaunvoketom] (ato/usr/locar
[l/lib/node_modebug] &amp#27;[35m[BaseDrivedules/r]&amp#27;[39m Waiting up tappio 0um/nod ms fe_modules/babor el-rcondition
[debuntime/regeug] &amp#27;nerato[35m[r/runtiJSONWP Proxy]me.js:315:&amp#27;[39m Matched '/22)
el&amp#27;[35emm[enMJSONWP]&amp#27;t' to [3command n9m     ame 'findEat lemeGent'
[debug] &amp#27;[ner35m[JSONWP atoProxyrFunctio]&amp#27;[nP39m Prrooxtoying typ[POST /element] toe.prototype.(ano [POST http://lonycalhomous fust:8201/wd/hub/session/5a27c767nction) [as thr-9791-4751-872d-2edow61] (/2cd606d/eusr/lemelocalnt] /lib/nodwithe_ body:mo {"dules/appium/node_modustlesra/bategybel-ru":"ntime/regenerator/runtime.jsid:100:","selector":"com.S21)
&amp#27;[35m[Mlack:iJSd/next_ONbuttWP]on_&amp#27;[39m  url_en   at Getry","cneratoontext":"","rFunctionPromultiple":totype.invoke (/usr/local/lifalseb/}
[debug] &amp#27;[35m[MJSOnode_moNWP]&amp#27;[39dulm Matceshed JS/appiONWP error code 7 to NoSuchEleum/node_memodulentError
&amp#27;[35ms/[HTTP]&amp#27;[39m &amp#27;[37mba<-- POST /wd/hub/sebessl-rion/6c03350untime2-fd88-4722-8b5b-92e9194/regenerator/runt9dime.16js:136:37)
&amp#27;[1/el35m[MJSONWP]&amp#27;[39m Encoemenuntered internalt  error running command: NoSuc&amp#27;[hEle39mentErrom&amp#27;[31r: Am500&amp#27;[39n m &amp#27;[90m27 ms - 164&amp#27;[39m
&amp#27;[35m[HTelement coTP]&amp#27;uld not be located on the page[39 usinm &amp#27;[90m&amp#27;[39m
&amp#27;[35m[Hg thTTP]&amp#27;[3e giv9men s &amp#27;[ea37mrc-->&amp#27;[h pa39ramem &amp#27;[37ters.
mPOS&amp#27;[35m[MJSOT&amp#27;NWP]&amp#27;[39m     at AndroidUiautomator2Driver.callee$0$0$ (/usr/local/lib/node_modules/appium/node_modu[39m les/&amp#27;[3appium-7mandroid-driv/wer/lib/commands/find.js:75:11)
&amp#27;[35m[MJSONd/hWP]&amp#27;ub/sess[3io9m    n/6c033502- at tryfdCatch (/usr/local/l88ib/-4no722de_modul-8b5b-9es2e91949d161//appiumelemen/nt&amp#27;od[39m
&amp#27;[e_35mom[HTTPdules/ba]&amp#27;be[39l-runm &amp#27;[90m{time/rege"using":"neid","ravalue":"com.tor/rSluntiacme.k:id/next_button_url_js:6en7:40)
&amp#27;[35m[MJSONWP]&amp#27;[39trym     at GeneratorFu"}&amp#27;[39m
[nctionPrototype.invoke [as _invoke] (/usr/local/libdebug] /n&amp#27;[3od5m[e_modW3C]ules/&amp#27;[39m Calling Aappium/nodppiumDe_modules/brivabel-ruer.findElemenntt() wime/ith argsregenerat: or/runtime.["id","js:315:22)co
&amp#27;[35m[MJSm.SONlack:id/nexWP]t_button_url&amp#27;[_entr39m  y","6  c0335 at Generato02-fd88-472rFunc2-8tionPrb5b-9ot2e9otype.prototy1949d1pe61".(anony]
[debug] &amp#27;[35m[Basmous eDrivfuer]nction) [as throw] (/u&amp#27;[39m sr/local/lib/nValid lode_modocator strategies ules/fappium/nor thiode_modules/bs requabest: xpaelth-runtime/regen, id, eratorcl/rasus name, accessibility id, -androintime.js:100d ui:21auto)
&amp#27;[mator
[de35m[MJbuSONWg]P]&amp#27;[ &amp#27;[35m[BaseD39m riv  er  ]&amp#27;[at39 Genem raWaittorFunctionPinrototype.ing up to 0 ms vokefor (/u cosr/local/libndit/nion
ode_mo[dduleebus/appig] &amp#27;[35m[JumSO/nodeNW_modP Proxy]&amp#27;ul[39m Matchees/babel-rund '/time/regelement' toenerator/ commruntandime.js:136:37)
&amp#27;[35 name 'm[MfinJSONWP]&amp#27;[39m Encountered idElementernant'
l erro[debug] &amp#27;[3r running command: NoSuchElementError: A5m[JSONWP Proxy]&amp#27;[n element coul39m d not be loProxcyated on ting [POST /elehement] to [P page using the given search parameters.
&amp#27;[35m[MJSONWPOST http:]&amp#27;[39m     //locat alhosAnt:8201/wddroidU/hubiautoma/stoessr2ion/5a27c7Driver.cal67-9791lee$-4751-872d-2ed612cd60$06d0$ (/usr/loca/el/liblem/nent] wode_moduith les/apbody: {pium/node_mo"sdutraleste/appgy"ium-android:"id","s-drelector":"civerom/l.Sib/lacomckmands/f:iind/d.js:ne75xt_bu:11)tto
&amp#27;[35m[n_uMJSONWrl_eP]&amp#27;[ntry"39m ,"co    at ntext":""tr,"muyCatch (/ltipleusr/":locfalseal/lib/node}
[d_mebodules/appiuug] &amp#27;[35m[MJSOm/NWPnod]&amp#27;e_m[3odu9m Matcleheds/ba JSONWP eberrorl-runt code 7 to NoSuchElementimeError/r
&amp#27;[35m[HTTP]&amp#27;[3egen9m &amp#27;erator/runtime[37.js:67:40)
m<--&amp#27;[35m[MJS POST ONWP]&amp#27;[39m     at GeneratorFun/ctiwdonPro/hub/sesstotype.inion/6c03voke [as 3502_invoke]-fd88-4722-8b5b- (/u92e91sr949d/local/lib161/el/node_moemendules/appit um/node_modules/b&amp#27;[39m&amp#27;[31m50abel0&amp#27;-runtime/regenera[3tor/runt9m &amp#27;[90imm36e.js:3 ms -15:22 16)
&amp#27;[354&amp#27;[39m
&amp#27;[35m[m[MJSONHTTP]&amp#27;WP]&amp#27;[39m     [39m &amp#27;[90m&amp#27;[3at9m
&amp#27;[ Gen35m[HTTerP]&amp#27;[3atorFun9mct &amp#27;[37iom-->&amp#27;[39m &amp#27;[37mPOSTnPro&amp#27;[39m &amp#27;[37m/totype.pwd/hubrototype.(ano/sessnymous funcion/tion) 6c033[as 502-fthrow]d88-4722- (/us8b5br/local/lib/node_mo-92e9dules1949d161//appium/nelement&amp#27;[39m
&amp#27;[35m[HTTP]&amp#27;[39m &amp#27;[90m{"usinode_modulg"es/babe:"id"l-ru,"vntime/alue":"regenerator/runtime.js:100:21)
&amp#27;com[3.Slack:id/next5m_but[ton_url_entry"}&amp#27;[39m
MJS[debug] &amp#27;ON[3WP]&amp#27;[35m[W3C]&amp#27;[39m Calli9mng Ap  pium   Driver.fiat ndElGeneraementtorFunctio() nPrototywithpe.i args: ["id"nvoke," (/usrco/locam.Slack:id/next_buttonl/lib/n_urlod_ee_modules/appium/nodntrye_",mo"6c033502-fd88-dules4722-8b5b-92e91949d/babel-r161"]
[deuntime/regenerator/buruntime.js:13g] &amp#27;[6:335m[Ba7)
&amp#27;[35m[MJSseDrONWP]&amp#27;[iver]&amp#27;[39m Va39m Elid locator strategiencounters for thieds request:  ixpath, id, clanternal errorss name, a runninccessibilg command: NoSiuchEty lementid, -android Eruiautomatoror
[debug] r:&amp#27;[35m[B AaseDriver]&amp#27;[n e39lemem Wnt couaiting uldp to 0 ms for condit nioot n
[debe lobucated on the pag]ge using &amp#27;[35m[ theJSON gWP iven searchPr parametersoxy].
&amp#27;[3&amp#27;[39m Matc5m[MJShed 'ON/eWP]&amp#27;le[3me9m     at nt'AndroidUiaut tomo commandat namor2Drie 'findElver.ementcall'
[debee$0ug$0$ (] /u&amp#27;[35m[JSONWPsr/lo Proxy]&amp#27;[39mca Proxyl/libing [/nPOSTode_module /element] s/to [apPOST http://localpium/node_homost:8201/wddul/hub/seses/appium-andsiroid-don/5ariver/lib/comm27cands/76fin7-97d.js:75:91-4751-11)
872d-2e&amp#27;[35m[MJSONWd612P]cd606d&amp#27;[/element39] with bodm y: {"s  trateg  y"at try:"id",Catc"selh (/usr/loeccal/libtor":"com.Slack:/nidode/next__mbuttoodun_les/appiumurl_ent/node_modules/babel-runtime/regenerator/runtimry","context":"","multiple"e.:false}
js:67:40[debug] &amp#27;[35m[MJS)
ONWP&amp#27;[]&amp#27;[3539m Mm[atcMJSONheWPd JSONWP err]&amp#27;[or39m     co atde 7 t Genero NoSuchElemeatontError
&amp#27;[35m[HTTP]&amp#27;[39m &amp#27;[37m<-- POST /wd/hub/sessiorFunctn/6c03350ionPrototype.invoke [2-fdas _invok88-4722e] (/-8b5b-92usr/loe919cal/lib/49d161/element &amp#27;[no39m&amp#27;[31m500&amp#27;de_modul[3es/9mappiu &amp#27;[90m30 m/node_momsdules/ - 164&amp#27;[39m
&amp#27;[3ba5mbel[HTTP]-r&amp#27;[39m un&amp#27;[time/regenerator/r90m&amp#27;[unt39ime.js:m
&amp#27;[35m[315:22)
HT&amp#27;[35mTP[MJSONW]&amp#27;[39m &amp#27;P]&amp#27;[39m   [37m--  a>&amp#27;[39m &amp#27;[37mt GeneratorFunctioPOnPrototype.prototype.(anonymousST function) [as throw] (&amp#27;[/usr39m &amp#27;[37m/w/lod/hub/cal/libsessio/nn/6c0335ode_mod02ules-fd88-47/appium/22-node8b5b-92e_mo91949d1dules/babel-runtime/regenera61/elemtoenr/t&amp#27;[39m
&amp#27;[35m[HruntTTime.P]&amp#27;[39m &amp#27;[90m{"using":"id","value":js:100:21"com.Sl)
&amp#27;ack:id/next_bu[35m[MJSOtton_url_eNWntry"}&amp#27;P]&amp#27;[39m     at GeneratorFunctionPro[39m
[debug] &amp#27;[to35type.invoke (/usr/local/lib/nodm[W3Ce_modules/appi]&amp#27;[39m Caumllin/nodeg _mAppiumodulDriver.findElement(es) wit/babel-rh untime/regenerator/runtime.js:136:ar37gs:)
&amp#27;[35m[MJS ["id","coONm.Slack:id/next_button_uWP]&amp#27;rl_entry"[39m Encou,"nter6ced internal033502-fd8 error runn8-472ing command: N2-8b5boSuc-9hElementError:2e91 An 949delemen161"]
[debug] t c&amp#27;[35m[ouldBa not sebe loDriver]cated&amp#27;[ on39m the Val paidge l usiocng ator the givestran search pategieras for this metrequers.es
&amp#27;t: xpath[35m[MJSONWP, id]&amp#27;[39m     at Andr, class oiname, adUiaccesutosimabilitotyr2Driver id.callee$0$0$, -andro (/uid sr/local/lib/uinodaue_modules/appium/node_modules/aptopium-androimator
[debug] &amp#27;[d-driver35m[BaseDriv/lib/commands/finer]&amp#27;d.js:75:11)
[39m Wai&amp#27;[35m[MJSONWP]&amp#27;[39m     at tryCatting uch (/usr/p to loca0 ms l/for condlib/itnodioen
[d_mebug]odules &amp#27;[3/app5m[ium/noJSONWP Pde_morodulexy]s/babel-ru&amp#27;[ntime/regen39m Merator/ratched 'untim/ele.js:67:40ement')
 to &amp#27;[35m[McomJSmaONnd nWPame]&amp#27;[3 '9m  fin   at GeneratorFunctionPrototype.invoke [as _invoke] (/usrdEle/mloent'
cal[debug] &amp#27;/[3lib5m[JSONWP Proxy/node_]&amp#27;[39m Proxying mo[PduleOST /element] to [POST hs/appiuttp://m/nlocodalhose_t:8201/mowd/hub/session/dul5a27ces/babel-767-9791-47runtime/re5ge1nerato-872d-2r/runtime.js:315:22)
&amp#27;[35m[MJSONWP]&amp#27;[39m     at Gened612cd606d/element] with body: {"seratorFunctionPrototrattyegy":"id","selecpe.protottor":"coype.(anonymous function) [as throw] (/usr/m.Slack:id/next_button_url_entry","context":"","multloiple":cal/lib/nodfalse}
e_[debugmodules/ap] piu&amp#27;[m/node_mo35mdu[MJSOleNWP]&amp#27;[39m Ms/babel-ruatntime/ched JSONWP ererrorge codene 7 to Nrator/oSucrunhElemtientEmerro.jr
&amp#27;[35ms:100:21)[H
&amp#27;[35m[MJSONWTTP]&amp#27;P][39m &amp#27;[&amp#27;[3379m     at Gem<neratorF-- POST /wd/hub/session/6cunctio03nProtot3502-ype.fd88-472invoke (/u2-8b5b-sr/l92e91949doca161/element &amp#27;[3l/lib/no9mde_&amp#27;[3mo1m500dules/a&amp#27;[39m &amp#27;[90m2ppium/node_modul1 ms -es 164/babel-r&amp#27;[39m
unti&amp#27;[35m[HTme/regenerator/rTuntiP]&amp#27;[3me9m.j &amp#27;[90s:136:37m&amp#27;[39m
&amp#27;[35m[HTTP]&amp#27;[39m &amp#27;)
&amp#27;[35m[37m-->&amp#27;[M[39m &amp#27;[JSONWP]&amp#27;[39m37mPOST&amp#27;[ E39m &amp#27;[37m/ncountwd/huered internal b/session/6cerror r033502-fd88-4722-8b5b-unning comm92e919a49d161/element&amp#27;[39m
&amp#27;[35m[Hnd: NoSuchEleTTP]&amp#27;[39m me&amp#27;[90m{"using":"id","valuntErrore":"com.Slac: An element k:idcou/neld not bext_button_url_en located on thtre y"}page using the&amp#27;[39m
[de givbugen sear] &amp#27;[35m[W3Cch]&amp#27;[3 pa9mramete Crsallin.
g Appiu&amp#27;[3mDriver5m.findEle[MJSment()ONW wiP]t&amp#27;[3h args: ["id","com9m   .S  lack:iatd/next An_bdroidUiuttauon_url_entry",tomator2"6c03Dri350ver.callee2-fd88-4722-$0$0$ (/8bus5b-r/local/92elib/node9_modu1949d161"]les/appium/node_modules/app
[debug] &amp#27;[3iu5m[Basem-anDriver]&amp#27;[39m Valid drolocator strategies for this request: xpath, id, class name, acidcessibility -drid, -aivndroer/libid uia/cutommanomator
ds[debug]/find.js &amp#27;[3:75m[Ba5:11)
seD&amp#27;[35rim[MJSONWP]ver]&amp#27;[3&amp#27;[39m     at tr9m Waiting up to yCat0 ms for conchdition (/usr/l
[docal/lib/node_modebuleug] &amp#27;[35m[JSONWs/appium/node_modules/bP Proabel-xy]&amp#27;[39m Matchruntime/reedgenerato '/element' to r/corunmmand name 'fintime.dElementjs:67'
[:40)
&amp#27;[35m[MJSdebug] &amp#27;[35ONWP]&amp#27;[39m  m[JSONWP Pr  oxy]&amp#27;[39 am Proxyingt Gener [POatorST /Functelement] to [POST htiotpnPro://localhostotype.invoke [at:s _inv8201/wdoke] (/u/hsr/loubcal/lib//session/no5a27c767de_mo-97dule91-4751-87s/2dappi-2ed61um/no2cd60de_mod6dul/elemes/benabt] wiel-th runtimbody: e/rege{"neratostrategy":"id"r/,"selruntimeecto.jsr":3:"com15.Slack:22)
&amp#27;[3:id/next_button_url_en5m[MJSONtry","context"WP:""]&amp#27;,"mu[39m     ltat Geneipratle":false}orFu
[dencbutionPrototypg] &amp#27;[35em.p[MJSOrotoNWtype.(anonymouP]&amp#27;s function[39m Matched JSONWP er) [asro throw]r code 7 to NoSuch (Eleme/usr/localntEr/lror
&amp#27;[35m[HibTTP]&amp#27;/no[39m &amp#27;[37mde_modules/appium/n<-- POST /wd/hub/sesode_modsioules/banbel-run/time/6c033502-fd88-4regenerator/722-8b5b-92e91949d161/element runtime.js&amp#27;[39m&amp#27;[31m500&amp#27;[39m &amp#27;[90m21 ms:100:21)
&amp#27;[35m[MJSONWP]&amp#27;[39m     at Ge - 1neratorFunct64&amp#27;ionPro[39m
&amp#27;[35tom[Htype.TTP]&amp#27;invo[39m ke (/usr/local/lib/node&amp#27;[90m&amp#27;_mo[39m
&amp#27;dules/appium/node_modules[35m[H/babel-runtime/regenTTP]&amp#27;[39m &amp#27;[37m-->&amp#27;[39m &amp#27;erator/runtime.js:136:37)
&amp#27;[37mPOST[35m[MJS&amp#27;[39m &amp#27;[37m/wd/hONWP]&amp#27;[39m Enub/session/6c0countered internal 33502-error running cfd88-4722-8b5b-92ommand: e91NoSu94chE9d161/lemeelentEmentrror:&amp#27;[ A39n element couldm
&amp#27;[35m n[HTTPot be]&amp#27; l[39m &amp#27;[ocated on t90m{"usinghe pag":"id",e usi"value"ng:"c om.the gSlivacken:i search paramd/eters.
&amp#27;[35m[MJSONWP]&amp#27;[3next_button_url9m   _en  at AndroidUiautry"}&amp#27;[3tom9m
[debug] &amp#27;[35atorm[W3C]&amp#27;[2Dr39m iver.Cacallinllg ee$0$0$ Ap(/uspiur/local/lmDriver.findElement()ib/nod with are_modules/appium/node_mgs: ["id","com.Slack:id/nexodulet_bs/apupium-ttandroid-donriver/lib/c_url_entry","6c033ommands/fin502-fdd.js:7885-47:11)22-8
&amp#27;b5[35mb-[MJS92e91949d1ONWP]&amp#27;[39m     a61"]
[debt tryCug] &amp#27;[3atch (/usr/local/l5m[BaseDib/node_moriduver]&amp#27;[39m Valleid ls/appocator strategies fium/norod the_modules/babeis rel-questrunt:ime xpath, id, c/regelass nnerator/runtime.js:6ame, ac7:40)
cessibi&amp#27;[35m[MJlity id, -SONWP]&amp#27;[39m     at andrGoeneratoid rFuunctionPiautorototmype.invoke [as _invokator
[debug] &amp#27;[35m[e]BaseDriver]&amp#27;[ (/usr/l39m Waitinocal/lib/nodg e_moup tdules/appio 0 ms for um/conodndie_mtion
od[debug]ules/b &amp#27;[ab35m[elJS-ruONWPntime/regenerator/ Proxruntime.jy]&amp#27;[39ms:315 Ma:2tched2)
&amp#27;[35 '/element'm[MJSONWP]&amp#27; t[39mo      at GeneracommtorFunctionPrototype.protoand type.(name 'anonymofinusdEl funement'
[ctiodebn) [as thrugow] (/usr/local] &amp#27;/lib/n[35m[JSOode_NWmoduP Ples/aproxypium/node_]&amp#27;[39m Pmodulroxes/ying [babel-ruPOntimST /ee/reglement] to [POeneratorST h/runtttime.p:/js:/loc10alhost:820:201/w1)
&amp#27;[35m[Md/hub/sessiJSONWP]&amp#27;[39m  on  /5a27c767- at Generator9791-475Funct1-872d-2edion612cdPro606d/eltoemetypnte.invoke (/usr/local/lib/node_mo] withdules/app body: {ium/node_mo"strategy":dules/babel-runtime/regenerator"id/run","selectotimre":"com.Sl.jack:is:d/nex136:37t_)
&amp#27;butto[35m[MJSONWn_url_ePntry",]&amp#27;[39"contextm En":"","multiple":falscounte}
[debereug] &amp#27;d int[35m[MJSONWP]ernal error running command: NoSuchElementError: An element could not be located on the page using the given search parameters.
&amp#27;[35m[MJSONWP]&amp#27;[39m     at AndroidUiautomator2&amp#27;[3Driver.ca9m llee$0$0$ (Matched JSONWP e/usr/localrr/lib/nodeor _modules/appium/code 7 node_modules/appium-anto NoSuchEdrlementEoid-drror
&amp#27;[35m[HTTP]&amp#27;[39m &amp#27;[37m<-- POST /wd/hub/session/river/l6c033502-fd88-4722ib/commands/find.js:75:11)
&amp#27;[35m[MJSONWP]&amp#27;[39m     at tryCatch (/usr/local/lib-8b5/node_modulb-92e91949d161/elesement /&amp#27;[39appm&amp#27;[31m500&amp#27;[39miu &amp#27;[90m/node_modules/bam20 ms - bel-runtime/re164&amp#27;[39m
&amp#27;[35m[HTTP]&amp#27;[3generator/ru9m &amp#27;[nti90m&amp#27;[3me.9m
&amp#27;[3js:5m67:[H40)
&amp#27;[TTP]&amp#27;[39m &amp#27;[35m[MJSONWP37]&amp#27;[39m     at Genem--ratorFu>&amp#27;[nctio39nPrototype.invokem &amp#27;[37mPOST&amp#27;[39 [as _invoke] (/usr/localm /lib&amp#27;[37m/wd/hub//nosessde_moion/du6c033502-fd88-4722-8les/appb5b-92e91949d161/elium/nodeement&amp#27;[39m
_m&amp#27;[3odules5m[HTTP]/ba&amp#27;[39mbel-runt &amp#27;[90m{im"usie/regngenerator/run":"id","time.js:3va15:22lue":)
&amp#27;["com.Slack:id/n35ext_button_url_entry"}&amp#27;[39m
[debug] &amp#27;[35m[W3C]&amp#27;[39m Calling AppiumDriver.findElement() with args: ["id","com.Slacm[MJSONWP]&amp#27;[39m     at GeneratorFunctionPrototype.prototype.(anonk:id/next_buttymous functon_url_entry","ion) 6c[as throw]033502-fd88-4 (/usr/local/lib/node_modules/ap722-8bp5b-92ium/ne9ode_19m4odules/9d16bab1el-r"]
[debug] &amp#27;[35m[untime/regenBaerasetor/rDrivunerti]&amp#27;[me.js39m V:1al00:21)
&amp#27;id loc[35m[MJSatoONWP]&amp#27;[39mr strate     at giGeneesratorFunc ftionProorto this retype.quest:inv xokepa (/uth,sr/ id,lo ccallass name,/li acceb/nssiode_bimodullity id, -androides/appium/ uiautnoode_modules/bmaabel-rutor
[debug] &amp#27;[35m[BaseDriverntime/regenerator/runtime.js:136:37)
&amp#27;[35m[MJSONWP]&amp#27;][39&amp#27;[3m 9m Waiting up to 0Encountered intern ms for coal error nditiron
unni[dng command: NebugoSu] &amp#27;[35m[chElementError: An elemeJSOnt couNWP Prld noxy]&amp#27;ot be loc[39ated on them  pMatage uched 'sing/element' to command name 'findElement'
[debug] &amp#27;[35m[JSONWP Proxy]&amp#27;[39m Proxying [POST  the g/eiven lement] tseao rc[POSh pTaram ethtertps.://loc
&amp#27;[3alhost5m:8[MJSONWP]&amp#27;[39201/wd/hub/m session/5a27  c767  -9at 791-4Androi751-8dUiautomator72d-2ed6122Drivcd606er.callee$0$0$ (/usr/local/d/leleib/menode_mont] with bdulesody:/appium/n {"stratode_moduleseg/apy":"ipd",ium-androi"selector":d-driv"com.Slack:id/next_butteron_url_/lientry","contexb/t":"co","multiple":false}
[demmands/find.js:75:11)
&amp#27;[35m[MJSONbug] WP&amp#27;[]&amp#27;[39m   35m[MJS  at tryCatch (/usr/local/lib/nONWP]&amp#27;[39m Matcodhed JSONWP errore_mo coddulee 7 to NoSuchElements/aErppium/ror
&amp#27;[35m[HTTnoP]de_m&amp#27;[odules/b39abm &amp#27;[el-37m<-runti- POST /wd/hub/sesme/regeneratorsi/runtime.json/6c033502-f:67:40)
&amp#27;[35m[d88-47MJ22-SO8b5b-92NWP]e91949&amp#27;[39m     d1at61/ GeneratoelerFunment &amp#27;[39m&amp#27;[31ctm500&amp#27;ionPro[39totm &amp#27;[ype.90minvoke [as21 ms - 164&amp#27;[39m
&amp#27;[35m[HTTP]&amp#27;[39m &amp#27; _[90m&amp#27;[39m
&amp#27;[35minvoke[HTTP] (]&amp#27;/usr/[39m &amp#27;[37m-loc-al>/lib/&amp#27;[39m &amp#27;[37mPOST&amp#27;[39nodem_modules/appiu &amp#27;[37m/m/nowdde/h_mub/sodulesses/bioabel-rn/6c03350untime/2-regeneratofd88r/runt-4ime.js:315:22)
&amp#27;[35m[MJSON722-8b5b-92e91949dWP]&amp#27;[39m161/elemen  t&amp#27;   at Gener[39m
&amp#27;[at35m[HTTP]&amp#27;[3or9m &amp#27;[90m{Function"usinProtg":"otypid","value"e.:"com.protSlack:iotype.d/next_button_url_entry"}&amp#27;[39m
[debug] &amp#27;[35m[W3C](a&amp#27;[39m Callinng onymApous pifunctionumDri) [veasr.fin thrdEow] (/usr/llement() with argocal/s: ["idlib",/node_module"cos/m.Slaappium/node_modulck:id/next_bues/babel-runtime/regenerator/ttonrun_urtil_entryme.js:1","6c033502-fd88-4722-8b5b-00:21)
&amp#27;[92e3591949d161"]
[debm[MJug] &amp#27;[35m[SOBaseDriveNWP]&amp#27;[39m   r]&amp#27;[39m Valid locat  at Geneor strategies for tratorFunctihionPrototype.invoke (/usr/locas requesl/lib/node_modules/appium/not: de_modules/babel-runtime/regexpath, neratidor/, class naruntimeme, ac.js:cessibili136ty:37 id, )
&amp#27;[35m-and[MJroiSONWd uiP]automator
[&amp#27;[39dem Ebug]ncount &amp#27;ered inte[35m[BarnseDral eriveror rur]&amp#27;[39m Waitinnnig up tong command: NoSuchElementError: An element  0 ms for condcould not be located on titionhe page using 
[dtheebu given searcg] &amp#27;[35m[JSONWh parP Proxyameters.
&amp#27;[3]&amp#27;[395m[MJSONWm MaP]&amp#27;[39m  tc   at Androhed '/element' tidUiautomo ator2Driver.calcolemme$0$0$and  (/usr/local/lib/noname 'findElement'
[dde_moduleebug] &amp#27;[35m[JSONWP Ps/roxy]&amp#27;[39mappi Proxyingum [P/noOST /ede_modules/appium-andleroid-ment] to [drivePOSr/T lib/commands/find.jshttp::75://localhost:820111)/wd/hub/sessio
&amp#27;[n/5a2735m[MJSONWP]&amp#27;[39m     at tc767-9791-4ryC751at-872d-2ched (/612cd60us6d/elr/loemcal/lib/noende_modules/appium/t]node_modul with body:es {"st/rbabel-runtiategy":"id","selector":"com.Slack:id/next_button_urlme/regenerator/runt_entry","context":"","mulime.jstiple":false}
[debug] &amp#27;[:67:40)
&amp#27;[35m35m[MJSONWP]&amp#27;[39m Matc[MheJSONd JSONWPWP]&amp#27;[3 error code 7 to NoSuchElementError9m     at
&amp#27;[35m G[HeneratorFunctionProTTP]&amp#27;[39m tot&amp#27;[37ype.invoke [as _invoke] (/usr/local/lib/node_modules/apm<-pium/nod- POST /wd/hub/sesse_moion/6dules/babec0335l-ru02ntime/regen-fd88-4722-8erator/rub5b-92e91949d161/elntime.js:31ement &amp#27;[395:2m&amp#27;2)
&amp#27;[35m[MJSON[31m500&amp#27;[39m &amp#27;[90m21 mWP]&amp#27;[3s -9m     at  164&amp#27;[39m
&amp#27;[35m[HTTP]Ge&amp#27;[39m &amp#27;ner[90m&amp#27;at[39m
&amp#27;orFun[35m[HTTP]ct&amp#27;[ionPro39totm &amp#27;[37ype.pm-->&amp#27;rototy[39m &amp#27;pe[37.(anomPnymOSouT&amp#27;[3s function) [as throw] (/usr/lo9mca &amp#27;l/[37mli/wd/hubb/n/sessionod/6c033e_modul502es/appi-fd88-4um722-8/nb5b-92ode_me9odules/babel-runtime1949/rd161ege/eneratolement&amp#27;[r/ru39m
&amp#27;[ntime.js:100:2135m)
[&amp#27;HTTP]&amp#27;[39m [35m[MJSONWP]&amp#27;[90m{"using":"id","val&amp#27;[ue39":"com     at Gem.Slack:id/nexnerta_buttoton_urrFunctionProl_entry"}&amp#27;to[39m
[debtype.ug] &amp#27;invok[35e (/um[sr/loW3Cca]&amp#27;[39m Call/lib/node_mlingodu Apples/appium/niumDode_morivedules/babel-runtime/reger.findnerator/runtime.js:136:37)Eleme
&amp#27;[35m[MJSnt() wONWP]ith args: [&amp#27;[39m Encounte"id","com.Slared internalck:id/next_button_url_en etry","6rror runnc0ing 3350com2-mafdnd:88-4722- NoSuchElementEr8ror: An eleb5b-92e91949d16me1"]
nt[de could not bbuge located ] &amp#27;[35m[BaseDriver]&amp#27;on the p[age 39m Vausing the givenlid loc searcator strategies for th parameters.
his &amp#27;[35request: xpathm[MJSON, WP]&amp#27;id, c[3la9m     at AndroidssUiautomato nr2Driver.camallee$e,0$0$ ( a/usrcces/lsiocbial/llity idib/node, -android uiautoma_mtor
[odules/apdebug] &amp#27;[35m[BaseDriver]&amp#27;[39m Waiting up to 0 ms for conditionpium/node_modules/appium-android-driver/lib/commands/find.js:75:11)
&amp#27;[35m[MJSONWP]&amp#27;[39m     at tryCatch (/u
[debug] &amp#27;[35m[Jsr/local/libSONWP Proxy]&amp#27;[39m Matched '/element' to command name 'findEle/node_modules/ament'
[debugpp] &amp#27;ium[35m/node_mo[JSONWP dules/baProxybe]&amp#27;l-runtim[39m Pe/regenerator/roxying [Pruntime.js:67:OST /e40)
&amp#27;[35m[MJSONWleP]&amp#27;[me39nt]m   t   o [at GPOeneratorFST uncthttp:ionProto//localtyhostpe.:8201/invowd/huke [as _invoke] (/usrb/se/locassiol/lib/node_moduln/5a27es/c767-9791-4751-872d-2edap612cdpium/node_modules606d//belement]abel-runtime/ with bodregenerator/ruy: {ntime.j"strategy"s:31:"id","selector":"com.Slack:id/next_b5:22)
&amp#27;[35m[MJSONWP]&amp#27;[39m     at GeneratorFuttunctionPrototype.prototype.(anonymous function_url_enton) [as thrry","coow] (/usr/local/lib/node_modules/appium/node_modules/bantext":"","bel-runtime/regenerator/rmultiple":false}
[debug]untime.js:1 &amp#27;00:21)
[&amp#27;[35m[MJSO35m[MJNWP]&amp#27;[39m     at GeneratorFunctionProtoSONWP]&amp#27;[39m Matched JSONWP etype.invrror code oke (/7 to NoSuchElemeusr/local/lib/node_modules/ntError
&amp#27;[35m[HTTP]app&amp#27;[3i9m &amp#27;[37m<-- POST um/node_m/wdodules//hub/babel-runtime/regeneratsoer/runtime.js:136:37)
&amp#27;[35m[MJSONWP]&amp#27;[39mssion Enc/6c033502-fdountered88-472 intern2-8b5b-92eal error running comm91949d161/eand: NoSuchElementError: An elemenlement &amp#27;[39m&amp#27;[31m500&amp#27;[39m &amp#27;[9t could not be located on the0m25 ms - 164&amp#27;[39m
&amp#27;[35m[H TTP]&amp#27;[39page using the m &amp#27;[give90m&amp#27;[39n seamrch param
&amp#27;ete[35m[HTTP]&amp#27;[39m &amp#27;[rs.
37m-->&amp#27;&amp#27;[35m[MJSONWP]&amp#27;[39m     at AndroidUiauto[3mator2Driver.9m &amp#27;[37mPOST&amp#27;[39mcallee$0$0$ (/usr/local/lib/node_modules/ &amp#27;[37appium/node_modum/wles/appid/hum-andub/roisesd-drivesion/6c033502-fd88-47r/lib22-8b5b-92e91949d16/com1/elemmandent&amp#27;s/f[3in9m
&amp#27;[3d.js:75m[5:11)
&amp#27;[35m[MJSONWPHTTP]&amp#27;[39m &amp#27;[90m{"using":"id","va]&amp#27;[39m     at trlue":"com.Slack:id/next_buyCtton_atchurl_entry"}&amp#27;[39m
[de (/usr/lobug] ca&amp#27;[35m[W3C]&amp#27;[39m l/lib/node_modCallules/aing ppiAppiumumDriv/nodere_modules/bab.findElelement-runt() with args: ["id"ime/regenera,"com.tor/rSlacunk:id/timenext_but.js:67:40)
&amp#27;[35m[ton_url_MJSONWP]&amp#27;[39m     at GeneentryratorF","6unctionPrototc03ype.invoke [as _invoke] (/3502-fusr/lod88-4722-8cal/lib/nodb5b-92e_me9odu1949d161les/appium/node_modules/babel-runtime"]
[debug] &amp#27;[35m/regenerator/runt[BaseDrime.ivjs:315:22)
&amp#27;[er]&amp#27;[35m[39m ValiMJSONWP]d locato&amp#27;[39mr strategies   for   t at GeneratorFunctionPrhis request: xpath, ototype.prototype.(anonyid, clmous functiass nameon) [as thr, accessow] (/usr/local/lib/node_moduibililes/ty apidpium/, -annodroid uiadeutomator_modules/babel-r
[duntime/regebugene] rator/runtim&amp#27;[3e.js:100:21)
&amp#27;[35m[MJSON5m[BaseDWP]&amp#27;[39m    river]&amp#27;[39m Waiting up to 0 ms for con atdit Gion
[debug] &amp#27;[35m[JSONWP eneratProroxFunctionPrototype.invoyke (/usr/local/lib/]&amp#27;[node39m Mat_modules/appium/node_modulched '/eleement' to commas/nd name bab'findElement'
[debug] el&amp#27;[35m[JS-runtimeON/reWgeneratP Proxy]&amp#27;[39m Proxying or/runt[POST /eime.js:136:lement] 37)
&amp#27;to [POS[35m[MJT http://localhost:8201SON/wdWP/hub]&amp#27;[/session39m E/5a27ncounc767-ter97ed i91nt-4751-872d-2ed6ernal error runn12cd60ing co6d/mmand:elemen Nt] withoSuchEle body: {"mentErstrategy":ro"id","r: Aselecton r":"com.Slelemackent could not be located on the page usi:ingd/nex the t_butgiton_url_entry","contveext"n se:"","arcmultiplh e":parametersfalse}
[debug].
&amp#27; [3&amp#27;[5m35m[[MJSONWP]&amp#27;[39m     atMJSONWP And]&amp#27;[3roidUiautom9mator2Dri Maver.tccallheeed JS$0$0ONWP erro$r  (/ucode 7 to NoSucsr/local/lihElementErb/node_modulesror/app
&amp#27;[ium35/nm[HodeTT_modP]&amp#27;[39m &amp#27;[3ules/appi7m<um-and-- POST /roiwd/hub/sd-desrision/6c033ve502r/lib/-fdcomman88-472ds/f2-8b5b-92e9194in9dd.j161/s:el75:ement1 &amp#27;1)
&amp#27;[35m[[3MJSONWP]&amp#27;9m[3&amp#27;[31m500&amp#27;[39m9m &amp#27;[90m     27 ms at - 1tr64&amp#27;yCatch ([39m
&amp#27;[35m[/uHTsr/locaTPl/]&amp#27;li[39m &amp#27;[90m&amp#27;b/nod[39m
&amp#27;[35m[e_modules/aHTppium/nToP]de_modules/babel-runtim&amp#27;[39e/regenerator/runtime.js:67:40)
&amp#27;[35m[MJSONWm &amp#27;P]&amp#27;[39[37m-->m &amp#27;[39m &amp#27;[37m    at GeneratorFunctioPOST&amp#27;nPro[3totype.inv9m &amp#27;[oke [37m/wdas /hub/ses_invsion/6c033oke502-fd8]8- (/u4722-8b5b-92e91949sr/ld161/eocal/lib/node_modlement&amp#27;[ules/a39m
&amp#27;[ppium/node_m35m[HTTP]odules&amp#27;[39m /babe&amp#27;[l-runtime/regenerator/runtime90m{"u.js:315:22)sing":"i
&amp#27;[35md","value[MJ":"com.Slack:SONid/nextWP_butt]&amp#27;[39m     at Gon_url_entry"}&amp#27;[39m
en[debug] eratorFunc&amp#27;[35m[tionPrototW3ype.C]&amp#27;p[39m Calrototylingpe A.(anonymoupps fuiumDrivernc.findtiElementon) [as throw] (/us() with argsr/: ["id"loc,"al/libcom.Slack:id/node_modules/app/next_button_url_entriuy","m/node_m6c0odules/3350babel-r2-untifd88me-472/r2-8b5b-9egene2rate91949ord1/runtime.js:100:21)
&amp#27;61[35m[MJ"]
S[deONWbug]P]&amp#27;[ &amp#27;39m [35m[Base   Dr at GeneratoriveFuncr]&amp#27;tio[39mnP Valid lorototype.catoinvokre (/ strausr/tegiloescal/l for thibis r/node_eqmouedules/appium/st: xnode_mopath, duleid, clas/babelss-runtime/ name, reaccesgenesibrator/runiltiity imed, -.js:136:37)
&amp#27;[and35m[MJSONWP]&amp#27;[roi39md uiaut Encounteomatreor
[debug] &amp#27;[35m[d intBaseDrivernaer]&amp#27;[3l 9merr Waior ting urunning command: NoSuchElep to mentError: 0An ele ms ment coufor cold nndition
ot [debbe lougcated] &amp#27; on[35m the page [JSusiONWP Proxy]&amp#27;[39m Matngched '/element t' to cohemmand name 'findElem gent'iv
[debueg] &amp#27;[n sea3rc5m[Jh parameSONWPte Prrs.
oxy&amp#27;[35m[MJS]&amp#27;[39m Proxying [POSTONWP]&amp#27;[39m     at /ele ment] to [POST httpAndroidUiautoma://localhostor2Driver.callee$0$0$t:8201/w (/d/hub/usrse/lssion/5ocal/liba/node_modules/appium/node_modules/appium-android27c7-d67-9791-47ri51-8ve72d-2ed612cr/lib/comd6ma06d/elemennds/find.js:75:11)
&amp#27;[35m[MJt]SONWP] w&amp#27;[3ith body:9m  {  "strategy  at ":"trid","selecyCator":"cotch (/usm.Slar/ck:ilocal/lib/node_modud/next_buletton_us/rlappium/node_m_entodryul","contees/bxtabe":"l-runtime","multipl/e":false}
[debregenug] &amp#27;er[35mator[MJS/rONunWPtime]&amp#27;[3.j9m Mats:67:40)ch
&amp#27;ed JS[3ONWP5m[MJSONWP]&amp#27;[ error co39m de 7 t   o at NoS GeuchEneratorlementErFunroctir
&amp#27;[35m[HTTP]&amp#27;[39m &amp#27;on[37m<-Pr- POST /wd/houb/setotypessi.invokon/e [as6c033502-fd88-4722-8b5b-92e91949d161/element &amp#27;[39m&amp#27;[31m500&amp#27;[39m &amp#27;[ _i90nvomke24 ms] (/usr - 164&amp#27;/local[39m
&amp#27;[35m[HTT/lib/nodP]&amp#27;[39m &amp#27;e_modules/appium/node_modules/ba[b90m&amp#27;[39el-runtim
&amp#27;[35m[HTTP]&amp#27;[me/regen39erm &amp#27;[37m-->&amp#27;at[39m &amp#27;[3or/runtime7mPO.js:ST&amp#27;[31395:m &amp#27;[3722m/wd/h)
&amp#27;[35m[ub/sesMJSsionONWP/6c03]&amp#27;35[39m 02-fd8    at G8-4722-8b5b-92e91949d161/eeneratorFunctionPlementro&amp#27;[to39mtype.pr
&amp#27;[35ototm[Hype.(anoTTP]&amp#27;[ny39mous mfunction) [as t &amp#27;[90m{"ushringow] (/u":"id","vsr/localal/lue":"com.Slacibk:/node_modulides/a/neppium/node_xt_button_url_entrmoy"}dules/ba&amp#27;bel-runt[3im9m
[de/rebegeneratug]or/runti &amp#27;[35m[W3me.js:C]&amp#27;[39m100:2 Calling 1)
AppiumDriver&amp#27;[35m[MJSO.findNWElP]eme&amp#27;[39m   nt() with args: ["id  at Ge",nerat"coromFun.SlctacionPrk:id/nototexype.invoke (/t_ubutton_url_entsrry","6c0/lo335cal/02lib/-fnode_modules/appium/node_modules/babel-runtime/rd8egen8-er472ator/2r-8untime.b5js:1b-9362e91949d161":37)
&amp#27;[35m[MJSONWP]&amp#27;[39m ]
[dEnebcougunter] &amp#27;ed[3 i5m[nternBaseDrial error running command:ver]&amp#27; NoSuchE[3leme9mnt VError: An elemealid locatont r coustrategies for thld nois t be located on trehe paquestge u: sing the given search parametxers.pat
&amp#27;[35m[MJSONWh, idP], &amp#27;[cl39m     at AndroidUiautomator2Dasrivs namer.e, accessicability id, -allndroieed uiau$0$tom0$ (/usr/atloor
[debcaug] &amp#27;[3l5m[B/liaseDriver]b/node_modules/appiu&amp#27;[3m/nod9m Waie_modules/appium-andrtioid-ngdriv up to 0 ms fer/lib/commands/find.js:75:11)
&amp#27;or conditi[35m[MJSon
[debONug] &amp#27;[35mWP]&amp#27;[3[JSON9mWP Pro     atxy t]&amp#27;[39ryCatcm Matched h (/us'/r/local/element'lib t/node_modules/appio cum/nodeomm_moduland namese /babel-'findElemeruntnt'
[dimebue/regenerator/g] &amp#27;runtime.js:[367:40)5m[JSON
&amp#27;[3WP 5mProxy[MJS]&amp#27;[39m Proxying [POSONWPT /elem]&amp#27;[39m en    at t] to [POSTGene httprat:/orFuncti/localonPrototyhospet:8.invoke 201/wd[as /hub_i/sesnvoke] (/usr/local/lib/sinoon/5a27cde_modu767-le979s/a1-4751-ppiu872d-2edm/node61_m2codules/babel-rd6untime/06dregene/elerametont] wir/runtime.jsth body:3: {"15:st22)
&amp#27;[35rategy":"id","sem[MJSleONWPcto]&amp#27;[39r":"com.m   Slack:i  at Generatord/nFunctionPrototypext_button_url_entry","context":"","e.mulprottiple":false}otype.(
[debuanonymous fg] &amp#27;[3unct5m[ion) [as throw] (MJSONWP]&amp#27;[39/usr/locam Matched JSONWP l/lib/node_modules/apperror cium/nododee_m 7odules to NoS/babeluchEl-runementError
&amp#27;[35m[HTTP]&amp#27;[ti3me/reg9men &amp#27;[37m<erator/runt-- PimeOST /wd/hub/.js:10se0:ssion/6c21033)
502&amp#27;[35m[MJ-fSONd88-4722-8bWP]&amp#27;5b-92e91949d16[31/element &amp#27;[39m9m&amp#27;     [31m500&amp#27;at Gene[39m &amp#27;[9ra0mtorF23 ms - 164&amp#27;[unct39ionm
&amp#27;[Prot35otm[HTTPype.invok]&amp#27;[3e (/usr/l9m &amp#27;[ocal/90lib/node_modulem&amp#27;[3s9m/appium
&amp#27;/node_[35m[modules/babHTTP]el-&amp#27;[ru39m &amp#27;[37m-->&amp#27;[39m &amp#27;[37mPOST&amp#27;[39m &amp#27;[37m/wd/hunb/session/tim6c033502-e/refd88ge-472ne2-8brator/runtime.js:135b-6:3792e9)
&amp#27;[35m[MJSONW1P949d]&amp#27;16[31/9m Encelemenout&amp#27;[3ntered9m
&amp#27;[35m[HT inTP]&amp#27;[39m &amp#27;tern[90m{"al error ruusning":"id","vaning cluome":"command: N.Slack:id/next_button_uroSuchElel_entrmenty"}Error: A&amp#27;[39n elm
[debugeme] &amp#27;nt c[35m[ouW3C]&amp#27;[39m Callinldg Appi noumDrt be lociverated .findonEl thement(e page) w uising the given seath arcrgsh p: ["id","carameteom.Srs.
&amp#27;[3la5m[MJSONck:idWP]&amp#27;[39m    /nex at_button_urlt AndroidUiautomato_entrr2Driy","6c0ver.cal335lee$0$0$ (/02-fd88-us4722-8b5r/b-loca92e91949d16l/1"lib/nod]
e_[dmodulesebug]/a &amp#27;ppium/n[35m[odeBa_mseDrivoduleer]&amp#27;[39m Valid locs/appium-android-driver/lib/commaator strnds/find.js:ate75:11gi)
es for thi&amp#27;[35ms request[M: JSONWP]&amp#27;xpa[39mth,     id, cla at tryCatch (/usr/local/lib/node_modules/ass name, accessibppium/node_moility id, -android uiaduutomator
[debug] &amp#27;[les/babel-runtime/r35m[BaseDriver]&amp#27;[egen39m Waiting up to 0 ms erator/for runtime.jscondi:6ti7:4on0)
&amp#27;[35m[MJSO
[debNWP]&amp#27;[39m     at GeneratorFunctionPrototypug] &amp#27;[35m[eJSONWP Pro.invoke [as _invoke] (/usr/locxy]&amp#27;[al/lib/39m Matchnoded '/element' te_moduleso command name /appiu'findm/Element'
[debug] node_m&amp#27;[3odul5m[JSONWPes/babe Prol-runtime/regxy]&amp#27;[39m Proenxying [PeratorOS/runtime.jsT /:315:element] to [POST htt22)
p://loca&amp#27;[35m[lhMJSONWPos]&amp#27;t:82[301/wd/hub/9msession/5a27c76    7-9791 at GeneratorF-4751-872dunctionPrototype.prototype.(ano-2nymous funcedtion) [as thr612cd606dow]/el (ement] with body: {/usr/loca"sl/lib/node_motrategy"dules/appiu:"id","selectom/noder_modul":es/ba"com.Slack:id/next_butbetol-runtime/regenerator/run_url_ntime.js:10ent0:21)
&amp#27;[3ry","co5m[MJSONWntP]&amp#27;ex[3t":"9m  ","m   at Genultiple":erfalse}
[deatorbug] &amp#27;[3Func5m[MJSONWP]&amp#27;tionPrototype.i[39m nvokMatche (/ed JSOusrNW/local/P error code 7 tlio b/node_modNoSuculehEls/appiuemenm/node_tErmodules/babel-rror
unti&amp#27;[35mme/[HTTP]&amp#27;[39regm enerator/r&amp#27;[3untime.js:136:7m37)
&amp#27;[35<-- POSm[MJSONWP]&amp#27;[39mT /wd/ Encountehub/session/red 6c033intern5al error 02-runnfing d88command:-4722 No-8b5b-92Suce919hElement49Errd1or: A61/en lemenetle &amp#27;me[39mnt &amp#27;[31m500coul&amp#27;[d not be located on39 the page um &amp#27;[90m20 ms - 16sing the giv4&amp#27;en searc[39h parameters.
&amp#27;[35m[MJSONWPm
&amp#27;[35m[]&amp#27;[39mHTTP   ]&amp#27;[39m   at A&amp#27;[n90m&amp#27;[39mdroi
&amp#27;[3dUi5m[HTTPautomator2Driver.cal]&amp#27;[39m &amp#27;lee[37m-->&amp#27;[39$0$0$ (/m &amp#27;[37mPOST&amp#27;[39musr/local/lib/node_modu &amp#27;[les/appium/node_modules/appium-andr37m/wd/hub/sessioid-driver/lib/commands/find.js:75:11)
&amp#27;[35mon/6c0[MJSON33502W-P]&amp#27;fd8[398-4m     at722 tryCatch (/-8b5b-92e9194us9d1r/local61/lib/n/ode_moduellesement&amp#27;[/a39m
&amp#27;[35m[Hppium/node_TTP]&amp#27;[modules/babel39m &amp#27;-r[90muntime{"using":/r"id","value":egener"catorom/run.Slatimck:id/e.js:nex67:t_button_u40)
rl_en&amp#27;[try"}&amp#27;35m[MJ[SONWP]&amp#27;[339m
[de9m   bu  at Geg] &amp#27;[3nera5mtorFunction[W3C]&amp#27;[3Prototyp9me. Calling AppiuminvokeDriver.findElem [as _inent() wvoith keargs: [] (/"idusr","com.Slack:id/next_button_url_e/locantry","6l/lib/noc033502-fd88-4de_mo72dules/2-8appium/node_mb5b-92e91949d161"]
[debug] &amp#27;[35m[BaseDriver]&amp#27;[39m Valid loduocator les/babestrategiesl-run for thitime/regs enerator/runtimrequest: e.jsxpa:315:2th, 2)
&amp#27;[35mid, [MJSONWP]&amp#27;[39class nam     me, aat GeneratorFunccctionPrototypees.prsibiliototype.ty (anid, -anondroid uiaymouutomator
[debug] &amp#27;s funct[3io5m[BaseDrin) [as throw] (/usr/verloca]&amp#27;[39l/m Waitlib/noing upde_modules/ to 0app miums for cond/nitionod
[de_moebduleugs/bab] &amp#27;[35m[JSONel-ruWPntime/rege Prneraoxy]to&amp#27;[39m Mar/runtime.js:tch10ed '/elem0:21)
&amp#27;[35m[MJSONWP]&amp#27;[39m     aent Genert' to catoomrFunmand name 'fictionPrototype.invoke (/usr/local/lib/nndodEle_modementul'
[debug] &amp#27;[35es/appm[JSOiuNWP Proxym/n]&amp#27;[ode_mod39ules/babel-runtime/regenerator/runtime.js:1m Proxying3 [POST /element] to 6:37)[POST http://loca
&amp#27;[35m[lhost:82M01JSON/wd/hub/sessioWPn/5a27c767-9791-4751-872d]&amp#27;-2e[39d612cd606d/elemem Encountered internnt] wal eitrrohr  rbody: {"strategunniy":"ng commaid",nd: "seNoSuchElemlecentor":"tError: An ecolemm.Slacenk:t coulid/next_buttond not_url be_e lontcated onry the pa",ge "context":using the given search par"","multiple":false}
[damebug] &amp#27;[35m[Meters.
&amp#27;[35m[JSONMJSONWP]&amp#27;[39m     at WAnP]&amp#27;[39m Matched JSONWP error code 7 to NoSuchElemdroidUiautomentError
&amp#27;[35m[ator2Driver.callee$0$0$HTTP]&amp#27;[39m &amp#27;[37m<-- POST /w (/usr/local/lib/node_modud/hub/session/6c033502-fd88-4722-8b5b-92e91949d161/eles/appium/node_modlement &amp#27;[3u9ml&amp#27;[es/31m500&amp#27;[39m &amp#27;[90m2appium-android-driv1 mser/li - 164&amp#27;[39m
&amp#27;[35m[HTTP]&amp#27;[39m &amp#27;[90m&amp#27;[39m
&amp#27;[35m[Hb/comTTP]&amp#27;[39m &amp#27;[37m-mand->s/f&amp#27;[39ind.m &amp#27;js:[37mPO75ST&amp#27;[:139m &amp#27;[371)
&amp#27;[3m/5m[MJSONWP]&amp#27;[3wd9m/hub   /s  at tryCatcessioh (/usn/r/local6c/lib/no033502-fd88de_modul-47es/appi22-8b5b-92e919um/nod49d161/element&amp#27;[39m
e_modules&amp#27;[35m[HTTP]&amp#27;[39m &amp#27;[90m{"us/bingabel":"id","v-runaltimeue/r":"comegene.Slack:id/rator/runnexttime.j_bus:tton67:4_u0)
&amp#27;[rl35m_entry[M"}&amp#27;[39m
[JSdebug] &amp#27;[35m[W3C]&amp#27;[39mO Calling AppiumDriveNWP]&amp#27;[39m     at GeneratorFunctionPrototype.invr.fioke [as ndElement() with args: ["id","com.Slack:id/nex_intvoke] (/usr/local/lib/node_modules/app_button_url_entry","6c033502-fd88-4722-8b5b-92e91949d161"]
[debug] &amp#27;[35m[ium/node_modules/babel-rBaseDriver]&amp#27;[3untime/r9m Valid legeneratoocator sr/rtrategieunts fime.jor this:31s 5:22)
&amp#27;[3reque5m[MJSONWst: xpatP]h,&amp#27;[39m     at i Generd, atorclassFu name, accnessictbilitionPy id, -arototype.protondtyproid uiautoe.(mator
[debug]an &amp#27;[on35mymo[BaseusDr fiveunctir]&amp#27;[on)39m  [as Waiting up throw] (/usrto 0/lo ms for conditicaon
[l/deblib/nug] &amp#27;ode_mo[35m[JSONWP Proxy]&amp#27;[39m Matched '/dules/appielement' to coum/node_modulesmmand/ba name bel-r'funindEletime/regenerator/runtime.js:100:21)
&amp#27;[ment35m[MJSONWP]&amp#27;[39m    ' at
[debug]  Gen&amp#27;[35m[JSONeratorFunctionPrototype.invoke (/uWP Proxy]&amp#27;[39m Proxying [POST sr//eleloment] cal/ltib/o node_modules/appium/node_modules/[POST http://localhost:8201/wd/hub/session/5a27c767-9791-4751-872d-2ed612cd6ba06d/elementbel-runt] wime/reithgener bator/ruody: ntime.js:{"136:37)strategy":"id","
&amp#27;[3select5mor":"co[Mm.JSSlacONWP]&amp#27;[39m Encountek:idred i/next_button_url_enternal error running commandnt: Nory","Sucontext":"chE",lementE"multrror: iple":false}
[debug] &amp#27;An element coul[35m[MJSONWP]&amp#27;[39m d not bMae lotchcated on edthe JS pONWPage u error codesin 7g  tothe gi NoSuvenchE sleearmentErchror par
&amp#27;ame[35ters.
&amp#27;[m[35m[MJSONHTWP]TP&amp#27;[3]&amp#27;[39m 9m    &amp#27;[ at And37roidUiautm<-- POST /wdomator2Drive/hub/session/6c0335r.c02-fdall88-4722-8b5b-92e91949d161/elee$0$emen0$t &amp#27; (/usr/[39m&amp#27;local/lib/node_modules/ap[31m5pium00/node_module&amp#27;[s/ap39m &amp#27;[piu90m21 ms - 164&amp#27;[39mm-androi
&amp#27;[d-d35m[HTTP]&amp#27;[39m river/lib/comma&amp#27;[nds90m/find.js:75:11)
&amp#27;[3&amp#27;[39m
&amp#27;[355m[MJm[HTTP]&amp#27;[S3ONW9m &amp#27;P]&amp#27;[3[37m-->&amp#27;[39m9 m     at tryC&amp#27;[37mPOST&amp#27;atch (/usr/loca[3l/li9m &amp#27;[37m/wd/hub/sessib/node_on/modules/appi6c033502-fd88-4um/node_module72s/babel-runt2-8b5bime/reg-92e9194enerator/9runtime.d1js:67:40)
&amp#27;[361/5m[MJSONWP]&amp#27;[39m     at Generelatoement&amp#27;[39m
rF&amp#27;[35m[HTTP]un&amp#27;[39mcti &amp#27;[onPro90totype.invoke m{"us[as _iing":"id"n,"vavolue":"coke] (m./uSlacksr/lo:id/next_button_urlcal/li_entry"b/node_}&amp#27;[39m
[debmodules/aug] &amp#27;ppium/[35node_modulem[W3C]&amp#27;[39m Callis/babel-ng AppiumruntimeDrive/rr.finegendEerleatmentor/ru() wntith arimgse.js:: 31["i5:2d","c2)
&amp#27;[35m[MJSONWP]&amp#27;[39m     at Genom.Slacerak:torid/nFuexnctt_biouttnPon_urlrotot_eype.prototype.(antry",nony"6moc033us fu502-nction) fd88-4722[as throw] (/usr/local/lib/n-8b5b-92e91949d161"]ode_modules/
[debug] &amp#27;[appium35m[BaseDriver]&amp#27;[39m Valid locator str/node_modules/babel-ruategintime/regenerator/runtimees fo.js:100:21)
&amp#27;[35m[MJSONWP]r th&amp#27;[39m     at Genis eratorFunctionProrequest: totype.xpath, iinvoke (/usr/locad, class name, accessibl/lib/nilode_ity id, -moandules/appidroum/node_moiddules/ba uiautbeomatol-runtime/regener
rato[debugr/run] &amp#27;[35m[BaseDriver]&amp#27;[39m Waiting up to 0 ms for condition
[debug] &amp#27;[35time.js:136:37)
&amp#27;[3m[JSONWP Proxy]&amp#27;[39m Matched '/element' to comma5m[MJSOnd name NWP]&amp#27;[39m Enc'findElemountent'
[debereugd in] &amp#27;te[35m[rnJSalON eWP Proxrry]&amp#27;[3or9m P rroxyiunningng c [POommand: NoSuchElementEST /rroelement] tor: An [POST ht etp://lelocalment could honotst:8201 be /wd/hulocated on thb/sesse page uion/si5a27c7ng67- the 979gi1-47ven search51-872d-2ed p612cdar606d/eametelement] with body: {"strarsteg.
&amp#27;[35m[MJSONy":"id","seleWPcto]&amp#27;[3r":"9m com .Slack   at A:indroidUid/next_button_url_entry","conautext":"","tomatomur2ltiplDrivee":r.callee$false}0$0$
[ (/usr/local/lideb/nobug] de&amp#27;[35_modulesm[MJSONWP]&amp#27;[39m Match/appium/ned JSONWP error code 7 todo NoSuchElemene_modultEes/appium-arrornd
&amp#27;[roid-driver/lib/commands/find.js:3575:11)
&amp#27;[35m[MJSONm[HTWPTP]]&amp#27;[39m     at&amp#27;[39m &amp#27;[37m<-- POST /wd/hub/ses tryCatcsion/6ch (/usr/loc03al350/l2-fdib88/node-4_m722-8odb5b-92e919ul49de1s/appium/no61/elemde_modulesent/ba &amp#27;[bel-runtime39m&amp#27;[31/rm5egenerator00&amp#27;[/run39m &amp#27;[90mtime.js:36 ms - 167:40)
&amp#27;[35m[MJSONWP]&amp#27;[39m     64&amp#27;[39m
&amp#27;[35m[HTTP]&amp#27;at [39mGe &amp#27;[neratorFunc90m&amp#27;[39m
&amp#27;[tio35nPrototype.m[HTinTP]&amp#27;[3voke [as _invoke] (/usr/local/9m &amp#27;[37m-->&amp#27;[39lib/nm &amp#27;[3ode_7mPOST&amp#27;[3modu9m &amp#27;[l37m/wd/hub/sessies/apon/6pic033502-fd88um/node_m-4722-8b5b-92e91949d161/elodules/babel-ement&amp#27;[39m
run&amp#27;[35time/m[HTregeneratorTP/ru]&amp#27;ntime.js:3[39m15:22)
&amp#27;[35m[ &amp#27;[90mMJS{"ONWPusing":"]&amp#27;[3id","9mval     atue" G:"com.eneratorFSlackun:idctionP/nrototypexte.prototyp_buttone.(anony_url_entmous ry"fu}&amp#27;[39nctim
[debug] &amp#27;[35m[Won3C) [as throw] (/usr/local/lib/no]&amp#27;de_modul[3es/appium/9m Callnode_minodules/babel-rg Auntime/regppeneraiumDrivetor/rr.findElemuntimente.js:100:21)
&amp#27;[35m[MJSONWP]() w&amp#27;[39m     at GeneratoitrFh arunctionPgs: ["rototype.iid","nvokcom.Slack:ide /n(/usr/local/lib/node_moduexles/t_baputpitoum/node_mn_odurules/bl_entraby",el-runti"6c03me3502/regenerator-fd/runtime.js:136:37)88-
&amp#27;[35m[MJSONWP4722-]&amp#27;8b5b-[3992e9m E1949d161"ncountered int]
[ernal error rundeninbug comg] &amp#27;[mand: NoSuchElemen35m[tError: ABan seelemDriver]&amp#27;[39m Vaenlid locator stratt coegiuld es fonor t bethis located on  request: xpath, id, thecl paass name, accessibility id, -android uiaugeto usingmato the givr
[deen bug]search parameters.
&amp#27;[35m[MJS &amp#27;ON[WP]&amp#27;[39m     at Andro3idUiautom5m[ator2DriveBaseDriver]&amp#27;[r.cal39m Wailee$0$0$tin (/usr/local/lib/nodeg up_modules to 0 m/appium/node_modules/appium-android-driver/lib/commands/find.js:75:11)
&amp#27;[35m[MJSONWP]&amp#27;[39m     at tryCatch (/usr/locals for condition
[debug] /lib/node_modules/appi&amp#27;um/nod[35m[JSONe_moduWP Proxy]&amp#27;[les39m Matc/babel-rhed '/eleuntmentim' e/regto commaenernd name ato'findElemenr/runtime.js:67:40)
&amp#27;t'
[de[35m[MJSbug] &amp#27;[35m[ONWPJSONWP Pro]&amp#27;[3xy]&amp#27;9m     [39m Proxat Generatying [POST /orFunctionPrototype.invoke [asel _invement] to [POST hokettp:/] (/usr/localhost:8201/local/wd/hub/sessi/libon/5/na2ode_mo7cdu767-les/ap9791-4pium/node_modules751-872d-/babel-2ed612cd6runtime/06d/elemregenerent] with bodatoy: {r/"strategyrunti":"id","me.selecjs:315:22)
&amp#27;[35m[MJSONWP]&amp#27;[39m     at GeneratorFunctionPrototype.prototype.(anonymous functtor":"ion)com.Slack:id/next [as throw] (_butt/usonr/lo_url_ecantrl/ly","context"ib:"/nod",e_mo"multipldulee"s/appium:false}/n
[ode_mdebug] od&amp#27;[35m[MJSONWules/baP]&amp#27;[bel-run39tim Mame/tchreed generator/runtime.js:100:21)
&amp#27;JSO[35m[MJSONWP]&amp#27;[39m N    at GeneWP errorra code 7torFunctionProto to Ntype.invoke (/usr/local/lib/nodoSue_modules/appium/nchElementode_modulesErr/babor
&amp#27;el-ru[ntime/regenerator/r35m[HTTP]&amp#27;[39m &amp#27;[3un7m<-- PtimeOST /wd/hub/sessio.jn/6s:136:37)
&amp#27;[35c0m[MJSONWP]&amp#27;3350[39m2- Efd88-4722-ncountered8b5 intb-92ernae9l194 e9dr161/elemeror runnnting c &amp#27;[39mommand: NoSuchEleme&amp#27;[ntError:31m A500&amp#27;[39m &amp#27;[9n element could not be located on the page using the given search parameters.
&amp#27;[35m[MJSONWP]0m2&amp#27;[39m  4 ms - 1 6  at An4&amp#27;[39m
&amp#27;[3droidUi5m[HTTP]&amp#27;[39m &amp#27;[90m&amp#27;[3automator2Driver.callee$0$0$ (/usr/local/lib/nod9me_mo
&amp#27;[dules/a35m[ppium/node_modHTTP]&amp#27;ule[39m &amp#27;[37ms/appium-->&amp#27;[39m -android-driver/li&amp#27;[37mPOST&amp#27;[39m &amp#27;[37m/wd/hubb/command/session/6cs/find.js:75:11)
&amp#27;[35m[MJSONWP033502-fd88-472]&amp#27;[32-8b5b-92e91949d161/9m     atele tryCametch (/usr/locnt&amp#27;[39m
&amp#27;[35m[HTal/lib/nTP]&amp#27;[39m &amp#27;od[9e_0m{"usinmodules/appiumg":"i/node_modulesd","v/babel-runalue"ti:"me/regeneratocom.Slack:id/next_butr/runtotime.n_url_js:entry"}&amp#27;[67:40)
39m
[&amp#27;[35m[MJdeSONWbugP]&amp#27;[3] 9m&amp#27;[3     at 5m[W3CGen]&amp#27;[39m CaeralltorFunctionPrototinype.invoke [g AppiumDras _invokeive] (/usr/local/libr.find/noElede_modules/appimeumnt/no(de_modules/babel-runtime/regene) wrator/runittimh arge.jss::315:2 [2)
"id","com&amp#27;[35m[.Slack:id/nexMJt_button_urSONWP]&amp#27;l_e[39m     at Gntreny","6cer0335ato02-rFunctionfd88Pro-4to722-type.8b5bproto-92etype.91949d1(ano61"]
[debugnymous function) [as ] &amp#27;thro[35m[BaseDrw] (/usr/local/lib/node_iver]&amp#27;[39m Valid lomodulces/apator spitrateumgies fo/nor thide_s request: xpamodules/bth, id, abeclasl-runtis name, accessibme/regilenity id,erator -android/r uiuntime.js:100:21)
&amp#27;[automator
[de35m[MJSONWP]&amp#27;[39m     at GeneratorFunctionbug] &amp#27;[35Prom[BastotyeDripe.iver]&amp#27;[39nvoke (/usr/locm Waitaling/l uib/p to 0 ms fonode_r conmodules/appium/node_modidules/babtionel-runt
[debug] ime/rege&amp#27;[35m[JneraSONWP Proxy]&amp#27;tor/r[3unt9mime.js:1 Matched '36/e:37)
&amp#27;[3lem5m[MJent' to SONWcommand name P]'findEl&amp#27;[39m Encountereement'
[d internal error running command: NoSuchElementError: An element could not be located on the page usingdebug]  t&amp#27;[35he gm[JSONivWP Proen searxy]ch&amp#27;[39m pa Proxyinrag me[POST /elemtersent.
&amp#27;[35m] [MJSONWP]&amp#27;[39m     at toAndroidUiau [POST http://tomator2Driver.callelocae$0lho$0$st:8201/wd/ (/usr/lohubcal/s/lib/node_moduleses/appsion/5ium/node_moda2ule7c767-s/ap979pi1-47um51-8-a72d-2ed612cd60ndr6d/elemoientd-d] with briverody: {/lib/com"smandtrates/fingy"d.j:"id"s:75:11)
&amp#27;[,"select35mor":"c[MJSOom.SlacNWP]&amp#27;k:id/next_bu[39ttom   n_url  a_entry","context":"","multiple":false}
[debug] &amp#27;[35m[MJSONWP]&amp#27;[39m Matched JSONWP t tryCatch (/usr/loecral/ror code 7 tolib/node_m NoSuchElodulesement/appiErrum/node_mor
&amp#27;[35m[Hodules/babel-rTTP]&amp#27;[39m u&amp#27;[37m<nti-- POST /wd/hume/rb/egenerator/runtime.js:67:40)
&amp#27;[35m[MJSONWP]&amp#27;[39m     at GeneratorFsession/6c033502-fd88-4722-unctionPrototype.invoke [8b5bas-92e91949d161/element &amp#27;[39m&amp#27;[31m50 _invoke] (/usr0&amp#27;[3/local/9m &amp#27;[90m2lib/node_module1s/appium /nodms - 164&amp#27;[39m
&amp#27;[3e_m5modules[H/baTTP]&amp#27;[39mb &amp#27;[el-run90time/regenm&amp#27;[3erator/ru9m
&amp#27;[35m[ntHTTPime.js:315]&amp#27;[39:22)
&amp#27;[3m 5m&amp#27;[[MJS37ONm-->&amp#27;[39m WP]&amp#27;[&amp#27;[339m 7mPOST&amp#27;[3   9m &amp#27; a[37mt G/wd/hub/seseneratosirFunctionPron/6c033o502-ftod88-ty47pe22.pr-8b5b-92ototypee9194.(anony9d161/melement&amp#27;[39m
&amp#27;[35m[HTTPous]&amp#27;[3 f9m unction) [as throw] (/&amp#27;usr/l[90m{"usinocal/lig":"id","value":"com.Sb/node_modules/appilacum/node_modules/bk:id/abel-runtinext_button_url_entry"}&amp#27;[39m
[debug] &amp#27;[35m[W3C]&amp#27;[39m Calling AppiumDriver.findElement() with args: ["id","com.Slack:id/next_button_url_entry","6c033me/regener502-fd88-4722-8b5b-9ator/runtime.js:100:21)
2e&amp#27;[35m[MJSON91949d161"]
WP]&amp#27;[39m     a[debug] &amp#27;[35m[Baset DriGever]&amp#27;[39m neratorFunctioValid locatonPrototr stype.invoke (/uratesr/gieslo focalr /lib/nothde_modules/isappiu rm/eqnouest: xpatde_moh, iduld,es/ class nambae,bel- aruntccime/regeneressibility id, ator/runtime.js-andr:13oid uiautomator
[d6:ebu37)
&amp#27;[3g] &amp#27;[35m[B5mase[MJSONWPDriver]&amp#27;[39m Wa]&amp#27;[39m Encountered iitnternal error running command: NoSuchEling ementEup to 0 ms for conditrrorion
[deb: An element could noug]t  &amp#27;[35m[JSONWP Prbe locaoxyte]&amp#27;[39d om Mn the page usinatched '/elemeng tt'he given search parame toters.
&amp#27;[35m[MJSONW command name 'findElement'
[debug] &amp#27;[35m[JSONP]&amp#27;[WP Pr39m   oxy]&amp#27;[39m Pr  at Aoxying nd[POST r/eoidlemeUiautomatnt] or2Driver.calto [Plee$0OS$0$ T http(/usr://lo/lcaocal/llhib/node_mosodt:8201ules/wd//appiuhum/b/snode_moduessleion/5s/apa27pium-anc7dr67-9791oi-47d-d51-8ri72d-2ed612cdver/lib/comm606d/elemanentds/find.js] with body:75:11)
&amp#27;[35m[MJSO: NWP{"stra]&amp#27;tegy[3":"id"9m   ,"selector"  at:"com tryC.Satlach (/ck:iusr/locd/nexalt_bu/libtt/non_url_eode_montdules/appium/ry","contexnot"de_:module""s/bab,"muleltiple"-ru:falntise}
[debme/ug] &amp#27;[3regen5merat[MorJS/rONuntime.jWP]&amp#27;[39m Matcs:67hed JSONWP :4err0)or c
&amp#27;ode[3 75m[MJ to NoSONWP]&amp#27;[3SuchEleme9mntEr     rorat
&amp#27;[3 Gen5m[HTTPeratorFunction]&amp#27;[3Protot9m &amp#27;[37m<ype.in--voke  POST /wd/hub/s[aessios _invoken/6c03] 3502-fd88-4722-8b5b-(92e91949d/usr/local/16lib/1/elenode_mment &amp#27;[39m&amp#27;odules[31/appium500&amp#27;[39m &amp#27;m/node_mo[90m20 msdules/b -abel 1-runtime/rege64&amp#27;[39m
&amp#27;[35m[HTTPnerator/runtime.js:315:22)
&amp#27;[35m[]&amp#27;[39m &amp#27;[90m&amp#27;[39m
&amp#27;[35m[HTMJSONWP]&amp#27;TP]&amp#27;[3[39m 9m     a&amp#27;[37t GeneratorFm-->&amp#27;[u39m &amp#27;nc[37mtionPrototyPOST&amp#27;[39m &amp#27;[37m/wd/hubpe.pro/setotssiypon/6c033502-fd88-4e.72(a2-8b5b-92e91949d161/element&amp#27;[39mnonymous function) [as thro
&amp#27;[3w] (/usr/local/lib/node_modules/appium/nod5m[HTTe_P]&amp#27;[39m &amp#27;mod[90m{"uulsing":"id"es/bab,"vael-lueruntime/reg":"comenera.Storlac/runtime.jk:is:d/next100:2_button_u1)
&amp#27;rl_ent[3ry"}&amp#27;[39m
[5m[MJSONWP]&amp#27;[3deb9m     aug] &amp#27;[35m[Wt GeneratorFunctionPr3Cototype.i]&amp#27;[39m Callinvoke (/ng AppiumDrusiver/lr.fiocal/lib/nodndElement() with e_modules/appargs: [ium"id"/nod,"com.Se_lackmo:iddul/nexes/babel-rt_unbutton_url_entrtime/y"regen,"6eratorc0/r33502-fd88un-47tim22-8b5b-92ee.j91949d161s:136:37)
&amp#27;[35m[MJ"]SONWP]&amp#27;[39m
[ Endebug] &amp#27;[countered internal error35m[B running command: NoaseDrSuchElivemer]&amp#27;[39entErrom Valr: An id locatoelr ement could nostrt bate loegies forcated t on thehis  pagrequee usist:ng xpath, id, cl the given searaschs name,  parameteraccesss.
&amp#27;[35m[MJSibONWP]&amp#27;[39mility id, -android uiautomator
[debug]     at AndroidUiautoma &amp#27;[tor2Driver35m[BaseDriver]&amp#27;[39m .callee$0$0$ (/usr/local/lib/noWaitingde_modules/appium/no up tode 0_m ms for conditoduion
[dles/ebug] appium-androi&amp#27;[35m[JSOd-driver/NWP Prolibxy/commands/]&amp#27;[3find.js:9m75:1 M1)atc
&amp#27;[35m[Mhed JSO'/elNWP]&amp#27;eme[39m     antt' t tro yCatcommch (/usr/anlocal/lib/noded name _m'fiodules/apndpiuElemem/nnt'
ode_modules/b[dabelebug]-r &amp#27;[un35m[JStiONWP me/regenProxy]&amp#27;[erator/runtime.js39m:67:4 Proxyi0)
&amp#27;ng [PO[3ST /5m[MJSOelement] to [POST hNttp:/WP/loc]&amp#27;alhost[3:8201/wd/hub9m  /s   essioat n/5aGe27c76ne7-9791ratorFunctionProtot-4751-872d-2yped61e.2cd606d/inelement] vowike [th boasdy:  _invok{"strategy":"id",e] "selector":"com.S(/lackusr/lo:idca/nl/liext_buttb/node_mon_uodulesrl/a_entrppiuy"m/node,"c_modules/ontext":"","multbabipleel-":falsrue}ntime/regenera
[debutor/rug]ntime.j &amp#27;s:[35m[MJS315:22)
&amp#27;[3ON5mWP]&amp#27;[M[39m MaJStched JSONWP errONWP]&amp#27;[or code 39m     a7 to NoSt uchElemenGeneratError
&amp#27;[torFuncti35m[HTonPrototypeTP]&amp#27;[3.prototype.(anonymous fu9mnc &amp#27;tion) [as th[37m<-- roPOSTw] (/ /usr/wdlocal/lib/h/nodeu_modules/b/sessappiumion/6c033/n502od-fd88-e_modu4722-8leb5b-s/babel-runtime/regener92e91949d16ator/1/releuntime.jsment &amp#27;[39m&amp#27;:10[31m500:20&amp#27;[39m 1)
&amp#27;[3&amp#27;[5m[M90JSm2ONW9 msP]&amp#27;[ - 164&amp#27;[3399mm     
&amp#27;[3at5m[HTTP]&amp#27;[39m &amp#27;[90m&amp#27;[ Gene39m
&amp#27;ratorFun[35ctionPrototm[HyTTP]&amp#27;[pe.i39m nvoke &amp#27;[(/37m--usr>&amp#27;[39m/l &amp#27;[ocal/lib/node_modules/a37mPOppST&amp#27;[39m &amp#27;[ium/node_modules/babel-run37m/time/regwd/enerhuatb/session/6c0335or/r02-fd88-4722-8bun5btime.js-9:132e6:3917)
&amp#27;[35m[MJSONW949P]d161/e&amp#27;lem[3ent&amp#27;[39m
9m&amp#27;[35 Em[ncHTouTPnt]&amp#27;[39m &amp#27;ered int[9ernal error ru0m{"nning command: NusioSucnghEle":"imed"nt,"value":"Ercom.Slack:id/nexror: t_An buelement tton_urcould notl_entr by"e loc}&amp#27;ated[39m o
[den bug] &amp#27;the pag[35m[W3e usingC]&amp#27;[39m Callin thg Ae gippiuven smDearch parameterriver.fs.
indE&amp#27;[35m[MJleSONWP]&amp#27;[men39mt(     ) with argsat A: ndr["oidUidia","com.Slacutomatok:id/next_buttonr2_uDriver.rcalll_entry","6c033502ee$0$0$ (/-fusr/d88-4722-8b5local/lib/nodb-e_92e91949d161modules"]
/app[dium/noebug] &amp#27;[35dem[Ba_moseDriverdules/appium-android-driver/lib/commands/find.js:75:11)
]&amp#27;[39m V&amp#27;[]]></system-out>
    <system-err><![CDATA[Nov 13, 2018 2:56:45 AM io.appium.java_client.remote.AppiumCommandExecutor$1 lambda$0
INFO: Detected dialect: OSS
log4j:WARN No appenders could be found for logger (com.framework.core.Page).
log4j:WARN Please initialize the log4j system properly.
log4j:WARN See http://logging.apache.org/log4j/1.2/faq.html#noconfig for more info.
]]></system-err>
  </testcase>
</testsuite>