<?xml version="1.0" encoding="UTF-8"?>
<!-- Generated by org.testng.reporters.JUnitReportReporter -->
<testsuite skipped="0" hostname="XIPL9137.local" name="com.test.slack.test.TestSlack" tests="1" failures="0" timestamp="27 Nov 2018 19:38:34 GMT" time="53.398" errors="0">
  <testcase name="testLogin1" time="53.398" classname="com.test.slack.test.TestSlack"/>
</testsuite> <!-- com.test.slack.test.TestSlack -->
